[     429ms] [WARNING] document.domain mutation is ignored because the surrounding agent cluster is origin-keyed. @ https://ie2eds.cdnppb.net/resources/eds/bundle/app.d7d788e33.js:0
[     734ms] [ERROR] Access to XMLHttpRequest at 'https://movableink.betfair.com/p/wc?url=https%3A%2F%2Fwww.betfair.es%2Fexchange%2Fplus%2Fes%2Ff%25C3%25BAtbol-apuestas-1%2Finplay' from origin 'https://www.betfair.es' has been blocked by CORS policy: The 'Access-Control-Allow-Origin' header has a value 'https://betfair.com' that is not equal to the supplied origin. @ https://www.betfair.es/exchange/plus/es/f%C3%BAtbol-apuestas-1/inplay:0
[     734ms] [ERROR] Failed to load resource: net::ERR_FAILED @ https://movableink.betfair.com/p/wc?url=https%3A%2F%2Fwww.betfair.es%2Fexchange%2Fplus%2Fes%2Ff%25C3%25BAtbol-apuestas-1%2Finplay:0
[    1636ms] [ERROR] Access to XMLHttpRequest at 'https://movableink.betfair.com/p/wc?url=https%3A%2F%2Fwww.betfair.es%2Fexchange%2Fplus%2Fes%2Ff%25C3%25BAtbol-apuestas-1%2Finplay' from origin 'https://www.betfair.es' has been blocked by CORS policy: The 'Access-Control-Allow-Origin' header has a value 'https://betfair.com' that is not equal to the supplied origin. @ https://www.betfair.es/exchange/plus/es/f%C3%BAtbol-apuestas-1/inplay:0
[    1636ms] [ERROR] Failed to load resource: net::ERR_FAILED @ https://movableink.betfair.com/p/wc?url=https%3A%2F%2Fwww.betfair.es%2Fexchange%2Fplus%2Fes%2Ff%25C3%25BAtbol-apuestas-1%2Finplay:0
[    9207ms] [ERROR] Access to XMLHttpRequest at 'https://rum-ingest.eu0.signalfx.com/v1/rum?auth=daeNmSPycTtkXf7hcZUQXg' from origin 'https://www.betfair.es' has been blocked by CORS policy: No 'Access-Control-Allow-Origin' header is present on the requested resource. @ https://www.betfair.es/exchange/plus/es/f%C3%BAtbol-apuestas-1/inplay:0
[    9208ms] [ERROR] Failed to load resource: net::ERR_FAILED @ https://rum-ingest.eu0.signalfx.com/v1/rum?auth=daeNmSPycTtkXf7hcZUQXg:0
[   15715ms] [ERROR] Access to XMLHttpRequest at 'https://rum-ingest.eu0.signalfx.com/v1/rum?auth=daeNmSPycTtkXf7hcZUQXg' from origin 'https://www.betfair.es' has been blocked by CORS policy: No 'Access-Control-Allow-Origin' header is present on the requested resource. @ https://www.betfair.es/exchange/plus/es/f%C3%BAtbol-apuestas-1/inplay:0
[   15716ms] [ERROR] Failed to load resource: net::ERR_FAILED @ https://rum-ingest.eu0.signalfx.com/v1/rum?auth=daeNmSPycTtkXf7hcZUQXg:0
[   25808ms] [ERROR] Access to XMLHttpRequest at 'https://rum-ingest.eu0.signalfx.com/v1/rum?auth=daeNmSPycTtkXf7hcZUQXg' from origin 'https://www.betfair.es' has been blocked by CORS policy: No 'Access-Control-Allow-Origin' header is present on the requested resource. @ https://www.betfair.es/exchange/plus/es/f%C3%BAtbol-apuestas-1/inplay:0
[   25809ms] [ERROR] Failed to load resource: net::ERR_FAILED @ https://rum-ingest.eu0.signalfx.com/v1/rum?auth=daeNmSPycTtkXf7hcZUQXg:0
[   41766ms] [ERROR] Access to XMLHttpRequest at 'https://rum-ingest.eu0.signalfx.com/v1/rum?auth=daeNmSPycTtkXf7hcZUQXg' from origin 'https://www.betfair.es' has been blocked by CORS policy: No 'Access-Control-Allow-Origin' header is present on the requested resource. @ https://www.betfair.es/exchange/plus/es/f%C3%BAtbol-apuestas-1/inplay:0
[   41767ms] [ERROR] Failed to load resource: net::ERR_FAILED @ https://rum-ingest.eu0.signalfx.com/v1/rum?auth=daeNmSPycTtkXf7hcZUQXg:0
[   45972ms] [ERROR] Access to XMLHttpRequest at 'https://rum-ingest.eu0.signalfx.com/v1/rum?auth=daeNmSPycTtkXf7hcZUQXg' from origin 'https://www.betfair.es' has been blocked by CORS policy: No 'Access-Control-Allow-Origin' header is present on the requested resource. @ https://www.betfair.es/exchange/plus/es/f%C3%BAtbol-apuestas-1/inplay:0
[   45973ms] [ERROR] Failed to load resource: net::ERR_FAILED @ https://rum-ingest.eu0.signalfx.com/v1/rum?auth=daeNmSPycTtkXf7hcZUQXg:0
[   56048ms] [ERROR] Access to XMLHttpRequest at 'https://rum-ingest.eu0.signalfx.com/v1/rum?auth=daeNmSPycTtkXf7hcZUQXg' from origin 'https://www.betfair.es' has been blocked by CORS policy: No 'Access-Control-Allow-Origin' header is present on the requested resource. @ https://www.betfair.es/exchange/plus/es/f%C3%BAtbol-apuestas-1/inplay:0
[   56048ms] [ERROR] Failed to load resource: net::ERR_FAILED @ https://rum-ingest.eu0.signalfx.com/v1/rum?auth=daeNmSPycTtkXf7hcZUQXg:0
[   70237ms] [ERROR] Access to XMLHttpRequest at 'https://rum-ingest.eu0.signalfx.com/v1/rum?auth=daeNmSPycTtkXf7hcZUQXg' from origin 'https://www.betfair.es' has been blocked by CORS policy: No 'Access-Control-Allow-Origin' header is present on the requested resource. @ https://www.betfair.es/exchange/plus/es/f%C3%BAtbol-apuestas-1/inplay:0
[   70237ms] [ERROR] Failed to load resource: net::ERR_FAILED @ https://rum-ingest.eu0.signalfx.com/v1/rum?auth=daeNmSPycTtkXf7hcZUQXg:0
[   76250ms] [ERROR] Access to XMLHttpRequest at 'https://rum-ingest.eu0.signalfx.com/v1/rum?auth=daeNmSPycTtkXf7hcZUQXg' from origin 'https://www.betfair.es' has been blocked by CORS policy: No 'Access-Control-Allow-Origin' header is present on the requested resource. @ https://www.betfair.es/exchange/plus/es/f%C3%BAtbol-apuestas-1/inplay:0
[   76251ms] [ERROR] Failed to load resource: net::ERR_FAILED @ https://rum-ingest.eu0.signalfx.com/v1/rum?auth=daeNmSPycTtkXf7hcZUQXg:0
[   80552ms] [ERROR] Access to XMLHttpRequest at 'https://rum-ingest.eu0.signalfx.com/v1/rum?auth=daeNmSPycTtkXf7hcZUQXg' from origin 'https://www.betfair.es' has been blocked by CORS policy: No 'Access-Control-Allow-Origin' header is present on the requested resource. @ https://www.betfair.es/exchange/plus/es/f%C3%BAtbol-apuestas-1:0
[   80553ms] [ERROR] Failed to load resource: net::ERR_FAILED @ https://rum-ingest.eu0.signalfx.com/v1/rum?auth=daeNmSPycTtkXf7hcZUQXg:0
[   88992ms] [ERROR] Access to XMLHttpRequest at 'https://rum-ingest.eu0.signalfx.com/v1/rum?auth=daeNmSPycTtkXf7hcZUQXg' from origin 'https://www.betfair.es' has been blocked by CORS policy: No 'Access-Control-Allow-Origin' header is present on the requested resource. @ https://www.betfair.es/exchange/plus/es/f%C3%BAtbol-apuestas-1:0
[   88992ms] [ERROR] Failed to load resource: net::ERR_FAILED @ https://rum-ingest.eu0.signalfx.com/v1/rum?auth=daeNmSPycTtkXf7hcZUQXg:0
