[     216ms] [WARNING] document.domain mutation is ignored because the surrounding agent cluster is origin-keyed. @ https://ie2eds.cdnppb.net/resources/eds/bundle/app.d7d788e33.js:0
[    2305ms] [ERROR] Failed to load resource: net::ERR_NAME_NOT_RESOLVED @ https://service.maxymiser.net/api/eu/new_betfair.com/7bb08d/mmapi.js:0
[    2720ms] [WARNING] WebSocket connection to 'wss://player.performgroup.io/' failed: WebSocket is closed before the connection is established. @ https://player.performgroup.com/wab.kit.2.js:4
[   10106ms] [ERROR] Access to XMLHttpRequest at 'https://rum-ingest.eu0.signalfx.com/v1/rum?auth=daeNmSPycTtkXf7hcZUQXg' from origin 'https://www.betfair.es' has been blocked by CORS policy: No 'Access-Control-Allow-Origin' header is present on the requested resource. @ https://www.betfair.es/exchange/plus/es/f%C3%BAtbol/la-liga-espa%C3%B1ola/atl%C3%A9tico-de-madrid-betis-apuestas-35189119:0
[   10106ms] [ERROR] Failed to load resource: net::ERR_FAILED @ https://rum-ingest.eu0.signalfx.com/v1/rum?auth=daeNmSPycTtkXf7hcZUQXg:0
[   24482ms] [ERROR] Failed to load resource: net::ERR_NAME_NOT_RESOLVED @ https://service.maxymiser.net/api/eu/new_betfair.com/7bb08d/mmapi.js:0
[   24681ms] [WARNING] WebSocket connection to 'wss://player.performgroup.io/' failed: WebSocket is closed before the connection is established. @ https://player.performgroup.com/wab.kit.2.js:4
[   35386ms] [ERROR] Access to XMLHttpRequest at 'https://rum-ingest.eu0.signalfx.com/v1/rum?auth=daeNmSPycTtkXf7hcZUQXg' from origin 'https://www.betfair.es' has been blocked by CORS policy: No 'Access-Control-Allow-Origin' header is present on the requested resource. @ https://www.betfair.es/exchange/plus/es/f%C3%BAtbol/la-liga-espa%C3%B1ola/atl%C3%A9tico-de-madrid-betis-apuestas-35189119:0
[   35386ms] [ERROR] Failed to load resource: net::ERR_FAILED @ https://rum-ingest.eu0.signalfx.com/v1/rum?auth=daeNmSPycTtkXf7hcZUQXg:0
[   50482ms] [ERROR] Access to XMLHttpRequest at 'https://rum-ingest.eu0.signalfx.com/v1/rum?auth=daeNmSPycTtkXf7hcZUQXg' from origin 'https://www.betfair.es' has been blocked by CORS policy: No 'Access-Control-Allow-Origin' header is present on the requested resource. @ https://www.betfair.es/exchange/plus/es/f%C3%BAtbol/la-liga-espa%C3%B1ola/atl%C3%A9tico-de-madrid-betis-apuestas-35189119:0
[   50482ms] [ERROR] Failed to load resource: net::ERR_FAILED @ https://rum-ingest.eu0.signalfx.com/v1/rum?auth=daeNmSPycTtkXf7hcZUQXg:0
[   65546ms] [ERROR] Access to XMLHttpRequest at 'https://rum-ingest.eu0.signalfx.com/v1/rum?auth=daeNmSPycTtkXf7hcZUQXg' from origin 'https://www.betfair.es' has been blocked by CORS policy: No 'Access-Control-Allow-Origin' header is present on the requested resource. @ https://www.betfair.es/exchange/plus/es/f%C3%BAtbol/la-liga-espa%C3%B1ola/atl%C3%A9tico-de-madrid-betis-apuestas-35189119:0
[   65546ms] [ERROR] Failed to load resource: net::ERR_FAILED @ https://rum-ingest.eu0.signalfx.com/v1/rum?auth=daeNmSPycTtkXf7hcZUQXg:0
[   90865ms] [ERROR] Access to XMLHttpRequest at 'https://rum-ingest.eu0.signalfx.com/v1/rum?auth=daeNmSPycTtkXf7hcZUQXg' from origin 'https://www.betfair.es' has been blocked by CORS policy: No 'Access-Control-Allow-Origin' header is present on the requested resource. @ https://www.betfair.es/exchange/plus/es/f%C3%BAtbol/la-liga-espa%C3%B1ola/atl%C3%A9tico-de-madrid-betis-apuestas-35189119:0
[   90865ms] [ERROR] Failed to load resource: net::ERR_FAILED @ https://rum-ingest.eu0.signalfx.com/v1/rum?auth=daeNmSPycTtkXf7hcZUQXg:0
[   95726ms] [ERROR] Access to XMLHttpRequest at 'https://rum-ingest.eu0.signalfx.com/v1/rum?auth=daeNmSPycTtkXf7hcZUQXg' from origin 'https://www.betfair.es' has been blocked by CORS policy: No 'Access-Control-Allow-Origin' header is present on the requested resource. @ https://www.betfair.es/exchange/plus/es/f%C3%BAtbol/la-liga-espa%C3%B1ola/atl%C3%A9tico-de-madrid-betis-apuestas-35189119:0
[   95726ms] [ERROR] Failed to load resource: net::ERR_FAILED @ https://rum-ingest.eu0.signalfx.com/v1/rum?auth=daeNmSPycTtkXf7hcZUQXg:0
[  141055ms] [ERROR] Access to XMLHttpRequest at 'https://rum-ingest.eu0.signalfx.com/v1/rum?auth=daeNmSPycTtkXf7hcZUQXg' from origin 'https://www.betfair.es' has been blocked by CORS policy: No 'Access-Control-Allow-Origin' header is present on the requested resource. @ https://www.betfair.es/exchange/plus/es/f%C3%BAtbol/la-liga-espa%C3%B1ola/atl%C3%A9tico-de-madrid-betis-apuestas-35189119:0
[  141055ms] [ERROR] Failed to load resource: net::ERR_FAILED @ https://rum-ingest.eu0.signalfx.com/v1/rum?auth=daeNmSPycTtkXf7hcZUQXg:0
[  151886ms] [ERROR] Access to XMLHttpRequest at 'https://rum-ingest.eu0.signalfx.com/v1/rum?auth=daeNmSPycTtkXf7hcZUQXg' from origin 'https://www.betfair.es' has been blocked by CORS policy: No 'Access-Control-Allow-Origin' header is present on the requested resource. @ https://www.betfair.es/exchange/plus/es/f%C3%BAtbol/la-liga-espa%C3%B1ola/atl%C3%A9tico-de-madrid-betis-apuestas-35189119:0
[  151886ms] [ERROR] Failed to load resource: net::ERR_FAILED @ https://rum-ingest.eu0.signalfx.com/v1/rum?auth=daeNmSPycTtkXf7hcZUQXg:0
[  156162ms] [ERROR] Access to XMLHttpRequest at 'https://rum-ingest.eu0.signalfx.com/v1/rum?auth=daeNmSPycTtkXf7hcZUQXg' from origin 'https://www.betfair.es' has been blocked by CORS policy: No 'Access-Control-Allow-Origin' header is present on the requested resource. @ https://www.betfair.es/exchange/plus/es/f%C3%BAtbol/la-liga-espa%C3%B1ola/atl%C3%A9tico-de-madrid-betis-apuestas-35189119:0
[  156162ms] [ERROR] Failed to load resource: net::ERR_FAILED @ https://rum-ingest.eu0.signalfx.com/v1/rum?auth=daeNmSPycTtkXf7hcZUQXg:0
[  171227ms] [ERROR] Access to XMLHttpRequest at 'https://rum-ingest.eu0.signalfx.com/v1/rum?auth=daeNmSPycTtkXf7hcZUQXg' from origin 'https://www.betfair.es' has been blocked by CORS policy: No 'Access-Control-Allow-Origin' header is present on the requested resource. @ https://www.betfair.es/exchange/plus/es/f%C3%BAtbol/la-liga-espa%C3%B1ola/atl%C3%A9tico-de-madrid-betis-apuestas-35189119:0
[  171227ms] [ERROR] Failed to load resource: net::ERR_FAILED @ https://rum-ingest.eu0.signalfx.com/v1/rum?auth=daeNmSPycTtkXf7hcZUQXg:0
[  212897ms] [ERROR] Access to XMLHttpRequest at 'https://rum-ingest.eu0.signalfx.com/v1/rum?auth=daeNmSPycTtkXf7hcZUQXg' from origin 'https://www.betfair.es' has been blocked by CORS policy: No 'Access-Control-Allow-Origin' header is present on the requested resource. @ https://www.betfair.es/exchange/plus/es/f%C3%BAtbol/la-liga-espa%C3%B1ola/atl%C3%A9tico-de-madrid-betis-apuestas-35189119:0
[  212897ms] [ERROR] Failed to load resource: net::ERR_FAILED @ https://rum-ingest.eu0.signalfx.com/v1/rum?auth=daeNmSPycTtkXf7hcZUQXg:0
[  217420ms] [ERROR] Access to XMLHttpRequest at 'https://rum-ingest.eu0.signalfx.com/v1/rum?auth=daeNmSPycTtkXf7hcZUQXg' from origin 'https://www.betfair.es' has been blocked by CORS policy: No 'Access-Control-Allow-Origin' header is present on the requested resource. @ https://www.betfair.es/exchange/plus/es/f%C3%BAtbol/la-liga-espa%C3%B1ola/atl%C3%A9tico-de-madrid-betis-apuestas-35189119:0
[  217420ms] [ERROR] Failed to load resource: net::ERR_FAILED @ https://rum-ingest.eu0.signalfx.com/v1/rum?auth=daeNmSPycTtkXf7hcZUQXg:0
[  246750ms] [ERROR] Access to XMLHttpRequest at 'https://rum-ingest.eu0.signalfx.com/v1/rum?auth=daeNmSPycTtkXf7hcZUQXg' from origin 'https://www.betfair.es' has been blocked by CORS policy: No 'Access-Control-Allow-Origin' header is present on the requested resource. @ https://www.betfair.es/exchange/plus/es/f%C3%BAtbol/la-liga-espa%C3%B1ola/atl%C3%A9tico-de-madrid-betis-apuestas-35189119:0
[  246750ms] [ERROR] Failed to load resource: net::ERR_FAILED @ https://rum-ingest.eu0.signalfx.com/v1/rum?auth=daeNmSPycTtkXf7hcZUQXg:0
[  261836ms] [ERROR] Access to XMLHttpRequest at 'https://rum-ingest.eu0.signalfx.com/v1/rum?auth=daeNmSPycTtkXf7hcZUQXg' from origin 'https://www.betfair.es' has been blocked by CORS policy: No 'Access-Control-Allow-Origin' header is present on the requested resource. @ https://www.betfair.es/exchange/plus/es/f%C3%BAtbol/la-liga-espa%C3%B1ola/atl%C3%A9tico-de-madrid-betis-apuestas-35189119:0
[  261836ms] [ERROR] Failed to load resource: net::ERR_FAILED @ https://rum-ingest.eu0.signalfx.com/v1/rum?auth=daeNmSPycTtkXf7hcZUQXg:0
[  278686ms] [ERROR] Access to XMLHttpRequest at 'https://rum-ingest.eu0.signalfx.com/v1/rum?auth=daeNmSPycTtkXf7hcZUQXg' from origin 'https://www.betfair.es' has been blocked by CORS policy: No 'Access-Control-Allow-Origin' header is present on the requested resource. @ https://www.betfair.es/exchange/plus/es/f%C3%BAtbol/la-liga-espa%C3%B1ola/atl%C3%A9tico-de-madrid-betis-apuestas-35189119:0
[  278686ms] [ERROR] Failed to load resource: net::ERR_FAILED @ https://rum-ingest.eu0.signalfx.com/v1/rum?auth=daeNmSPycTtkXf7hcZUQXg:0
[  292027ms] [ERROR] Access to XMLHttpRequest at 'https://rum-ingest.eu0.signalfx.com/v1/rum?auth=daeNmSPycTtkXf7hcZUQXg' from origin 'https://www.betfair.es' has been blocked by CORS policy: No 'Access-Control-Allow-Origin' header is present on the requested resource. @ https://www.betfair.es/exchange/plus/es/f%C3%BAtbol/la-liga-espa%C3%B1ola/atl%C3%A9tico-de-madrid-betis-apuestas-35189119:0
[  292027ms] [ERROR] Failed to load resource: net::ERR_FAILED @ https://rum-ingest.eu0.signalfx.com/v1/rum?auth=daeNmSPycTtkXf7hcZUQXg:0
[  337308ms] [ERROR] Access to XMLHttpRequest at 'https://rum-ingest.eu0.signalfx.com/v1/rum?auth=daeNmSPycTtkXf7hcZUQXg' from origin 'https://www.betfair.es' has been blocked by CORS policy: No 'Access-Control-Allow-Origin' header is present on the requested resource. @ https://www.betfair.es/exchange/plus/es/f%C3%BAtbol/la-liga-espa%C3%B1ola/atl%C3%A9tico-de-madrid-betis-apuestas-35189119:0
[  337308ms] [ERROR] Failed to load resource: net::ERR_FAILED @ https://rum-ingest.eu0.signalfx.com/v1/rum?auth=daeNmSPycTtkXf7hcZUQXg:0
[  367533ms] [ERROR] Access to XMLHttpRequest at 'https://rum-ingest.eu0.signalfx.com/v1/rum?auth=daeNmSPycTtkXf7hcZUQXg' from origin 'https://www.betfair.es' has been blocked by CORS policy: No 'Access-Control-Allow-Origin' header is present on the requested resource. @ https://www.betfair.es/exchange/plus/es/f%C3%BAtbol/la-liga-espa%C3%B1ola/atl%C3%A9tico-de-madrid-betis-apuestas-35189119:0
[  367533ms] [ERROR] Failed to load resource: net::ERR_FAILED @ https://rum-ingest.eu0.signalfx.com/v1/rum?auth=daeNmSPycTtkXf7hcZUQXg:0
[  382626ms] [ERROR] Access to XMLHttpRequest at 'https://rum-ingest.eu0.signalfx.com/v1/rum?auth=daeNmSPycTtkXf7hcZUQXg' from origin 'https://www.betfair.es' has been blocked by CORS policy: No 'Access-Control-Allow-Origin' header is present on the requested resource. @ https://www.betfair.es/exchange/plus/es/f%C3%BAtbol/la-liga-espa%C3%B1ola/atl%C3%A9tico-de-madrid-betis-apuestas-35189119:0
[  382627ms] [ERROR] Failed to load resource: net::ERR_FAILED @ https://rum-ingest.eu0.signalfx.com/v1/rum?auth=daeNmSPycTtkXf7hcZUQXg:0
[  397727ms] [ERROR] Access to XMLHttpRequest at 'https://rum-ingest.eu0.signalfx.com/v1/rum?auth=daeNmSPycTtkXf7hcZUQXg' from origin 'https://www.betfair.es' has been blocked by CORS policy: No 'Access-Control-Allow-Origin' header is present on the requested resource. @ https://www.betfair.es/exchange/plus/es/f%C3%BAtbol/la-liga-espa%C3%B1ola/atl%C3%A9tico-de-madrid-betis-apuestas-35189119:0
[  397728ms] [ERROR] Failed to load resource: net::ERR_FAILED @ https://rum-ingest.eu0.signalfx.com/v1/rum?auth=daeNmSPycTtkXf7hcZUQXg:0
[  412846ms] [ERROR] Access to XMLHttpRequest at 'https://rum-ingest.eu0.signalfx.com/v1/rum?auth=daeNmSPycTtkXf7hcZUQXg' from origin 'https://www.betfair.es' has been blocked by CORS policy: No 'Access-Control-Allow-Origin' header is present on the requested resource. @ https://www.betfair.es/exchange/plus/es/f%C3%BAtbol/la-liga-espa%C3%B1ola/atl%C3%A9tico-de-madrid-betis-apuestas-35189119:0
[  412846ms] [ERROR] Failed to load resource: net::ERR_FAILED @ https://rum-ingest.eu0.signalfx.com/v1/rum?auth=daeNmSPycTtkXf7hcZUQXg:0
[  427962ms] [ERROR] Access to XMLHttpRequest at 'https://rum-ingest.eu0.signalfx.com/v1/rum?auth=daeNmSPycTtkXf7hcZUQXg' from origin 'https://www.betfair.es' has been blocked by CORS policy: No 'Access-Control-Allow-Origin' header is present on the requested resource. @ https://www.betfair.es/exchange/plus/es/f%C3%BAtbol/la-liga-espa%C3%B1ola/atl%C3%A9tico-de-madrid-betis-apuestas-35189119:0
[  427962ms] [ERROR] Failed to load resource: net::ERR_FAILED @ https://rum-ingest.eu0.signalfx.com/v1/rum?auth=daeNmSPycTtkXf7hcZUQXg:0
[  473248ms] [ERROR] Access to XMLHttpRequest at 'https://rum-ingest.eu0.signalfx.com/v1/rum?auth=daeNmSPycTtkXf7hcZUQXg' from origin 'https://www.betfair.es' has been blocked by CORS policy: No 'Access-Control-Allow-Origin' header is present on the requested resource. @ https://www.betfair.es/exchange/plus/es/f%C3%BAtbol/la-liga-espa%C3%B1ola/atl%C3%A9tico-de-madrid-betis-apuestas-35189119:0
[  473248ms] [ERROR] Failed to load resource: net::ERR_FAILED @ https://rum-ingest.eu0.signalfx.com/v1/rum?auth=daeNmSPycTtkXf7hcZUQXg:0
[  503446ms] [ERROR] Access to XMLHttpRequest at 'https://rum-ingest.eu0.signalfx.com/v1/rum?auth=daeNmSPycTtkXf7hcZUQXg' from origin 'https://www.betfair.es' has been blocked by CORS policy: No 'Access-Control-Allow-Origin' header is present on the requested resource. @ https://www.betfair.es/exchange/plus/es/f%C3%BAtbol/la-liga-espa%C3%B1ola/atl%C3%A9tico-de-madrid-betis-apuestas-35189119:0
[  503447ms] [ERROR] Failed to load resource: net::ERR_FAILED @ https://rum-ingest.eu0.signalfx.com/v1/rum?auth=daeNmSPycTtkXf7hcZUQXg:0
[  518560ms] [ERROR] Access to XMLHttpRequest at 'https://rum-ingest.eu0.signalfx.com/v1/rum?auth=daeNmSPycTtkXf7hcZUQXg' from origin 'https://www.betfair.es' has been blocked by CORS policy: No 'Access-Control-Allow-Origin' header is present on the requested resource. @ https://www.betfair.es/exchange/plus/es/f%C3%BAtbol/la-liga-espa%C3%B1ola/atl%C3%A9tico-de-madrid-betis-apuestas-35189119:0
[  518560ms] [ERROR] Failed to load resource: net::ERR_FAILED @ https://rum-ingest.eu0.signalfx.com/v1/rum?auth=daeNmSPycTtkXf7hcZUQXg:0
[  533667ms] [ERROR] Access to XMLHttpRequest at 'https://rum-ingest.eu0.signalfx.com/v1/rum?auth=daeNmSPycTtkXf7hcZUQXg' from origin 'https://www.betfair.es' has been blocked by CORS policy: No 'Access-Control-Allow-Origin' header is present on the requested resource. @ https://www.betfair.es/exchange/plus/es/f%C3%BAtbol/la-liga-espa%C3%B1ola/atl%C3%A9tico-de-madrid-betis-apuestas-35189119:0
[  533667ms] [ERROR] Failed to load resource: net::ERR_FAILED @ https://rum-ingest.eu0.signalfx.com/v1/rum?auth=daeNmSPycTtkXf7hcZUQXg:0
[  548689ms] [ERROR] Access to XMLHttpRequest at 'https://rum-ingest.eu0.signalfx.com/v1/rum?auth=daeNmSPycTtkXf7hcZUQXg' from origin 'https://www.betfair.es' has been blocked by CORS policy: No 'Access-Control-Allow-Origin' header is present on the requested resource. @ https://www.betfair.es/exchange/plus/es/f%C3%BAtbol/la-liga-espa%C3%B1ola/atl%C3%A9tico-de-madrid-betis-apuestas-35189119:0
[  548689ms] [ERROR] Failed to load resource: net::ERR_FAILED @ https://rum-ingest.eu0.signalfx.com/v1/rum?auth=daeNmSPycTtkXf7hcZUQXg:0
[  578828ms] [ERROR] Access to XMLHttpRequest at 'https://rum-ingest.eu0.signalfx.com/v1/rum?auth=daeNmSPycTtkXf7hcZUQXg' from origin 'https://www.betfair.es' has been blocked by CORS policy: No 'Access-Control-Allow-Origin' header is present on the requested resource. @ https://www.betfair.es/exchange/plus/es/f%C3%BAtbol/la-liga-espa%C3%B1ola/atl%C3%A9tico-de-madrid-betis-apuestas-35189119:0
[  578828ms] [ERROR] Failed to load resource: net::ERR_FAILED @ https://rum-ingest.eu0.signalfx.com/v1/rum?auth=daeNmSPycTtkXf7hcZUQXg:0
[  594090ms] [ERROR] Access to XMLHttpRequest at 'https://rum-ingest.eu0.signalfx.com/v1/rum?auth=daeNmSPycTtkXf7hcZUQXg' from origin 'https://www.betfair.es' has been blocked by CORS policy: No 'Access-Control-Allow-Origin' header is present on the requested resource. @ https://www.betfair.es/exchange/plus/es/f%C3%BAtbol/la-liga-espa%C3%B1ola/atl%C3%A9tico-de-madrid-betis-apuestas-35189119:0
[  594090ms] [ERROR] Failed to load resource: net::ERR_FAILED @ https://rum-ingest.eu0.signalfx.com/v1/rum?auth=daeNmSPycTtkXf7hcZUQXg:0
[  608942ms] [ERROR] Access to XMLHttpRequest at 'https://rum-ingest.eu0.signalfx.com/v1/rum?auth=daeNmSPycTtkXf7hcZUQXg' from origin 'https://www.betfair.es' has been blocked by CORS policy: No 'Access-Control-Allow-Origin' header is present on the requested resource. @ https://www.betfair.es/exchange/plus/es/f%C3%BAtbol/la-liga-espa%C3%B1ola/atl%C3%A9tico-de-madrid-betis-apuestas-35189119:0
[  608942ms] [ERROR] Failed to load resource: net::ERR_FAILED @ https://rum-ingest.eu0.signalfx.com/v1/rum?auth=daeNmSPycTtkXf7hcZUQXg:0
[  624337ms] [ERROR] Access to XMLHttpRequest at 'https://rum-ingest.eu0.signalfx.com/v1/rum?auth=daeNmSPycTtkXf7hcZUQXg' from origin 'https://www.betfair.es' has been blocked by CORS policy: No 'Access-Control-Allow-Origin' header is present on the requested resource. @ https://www.betfair.es/exchange/plus/es/f%C3%BAtbol/la-liga-espa%C3%B1ola/atl%C3%A9tico-de-madrid-betis-apuestas-35189119:0
[  624337ms] [ERROR] Failed to load resource: net::ERR_FAILED @ https://rum-ingest.eu0.signalfx.com/v1/rum?auth=daeNmSPycTtkXf7hcZUQXg:0
[  639060ms] [ERROR] Access to XMLHttpRequest at 'https://rum-ingest.eu0.signalfx.com/v1/rum?auth=daeNmSPycTtkXf7hcZUQXg' from origin 'https://www.betfair.es' has been blocked by CORS policy: No 'Access-Control-Allow-Origin' header is present on the requested resource. @ https://www.betfair.es/exchange/plus/es/f%C3%BAtbol/la-liga-espa%C3%B1ola/atl%C3%A9tico-de-madrid-betis-apuestas-35189119:0
[  639060ms] [ERROR] Failed to load resource: net::ERR_FAILED @ https://rum-ingest.eu0.signalfx.com/v1/rum?auth=daeNmSPycTtkXf7hcZUQXg:0
[  654505ms] [ERROR] Access to XMLHttpRequest at 'https://rum-ingest.eu0.signalfx.com/v1/rum?auth=daeNmSPycTtkXf7hcZUQXg' from origin 'https://www.betfair.es' has been blocked by CORS policy: No 'Access-Control-Allow-Origin' header is present on the requested resource. @ https://www.betfair.es/exchange/plus/es/f%C3%BAtbol/la-liga-espa%C3%B1ola/atl%C3%A9tico-de-madrid-betis-apuestas-35189119:0
[  654506ms] [ERROR] Failed to load resource: net::ERR_FAILED @ https://rum-ingest.eu0.signalfx.com/v1/rum?auth=daeNmSPycTtkXf7hcZUQXg:0
[  699247ms] [ERROR] Access to XMLHttpRequest at 'https://rum-ingest.eu0.signalfx.com/v1/rum?auth=daeNmSPycTtkXf7hcZUQXg' from origin 'https://www.betfair.es' has been blocked by CORS policy: No 'Access-Control-Allow-Origin' header is present on the requested resource. @ https://www.betfair.es/exchange/plus/es/f%C3%BAtbol/la-liga-espa%C3%B1ola/atl%C3%A9tico-de-madrid-betis-apuestas-35189119:0
[  699247ms] [ERROR] Failed to load resource: net::ERR_FAILED @ https://rum-ingest.eu0.signalfx.com/v1/rum?auth=daeNmSPycTtkXf7hcZUQXg:0
[  714892ms] [ERROR] Access to XMLHttpRequest at 'https://rum-ingest.eu0.signalfx.com/v1/rum?auth=daeNmSPycTtkXf7hcZUQXg' from origin 'https://www.betfair.es' has been blocked by CORS policy: No 'Access-Control-Allow-Origin' header is present on the requested resource. @ https://www.betfair.es/exchange/plus/es/f%C3%BAtbol/la-liga-espa%C3%B1ola/atl%C3%A9tico-de-madrid-betis-apuestas-35189119:0
[  714892ms] [ERROR] Failed to load resource: net::ERR_FAILED @ https://rum-ingest.eu0.signalfx.com/v1/rum?auth=daeNmSPycTtkXf7hcZUQXg:0
[  729442ms] [ERROR] Access to XMLHttpRequest at 'https://rum-ingest.eu0.signalfx.com/v1/rum?auth=daeNmSPycTtkXf7hcZUQXg' from origin 'https://www.betfair.es' has been blocked by CORS policy: No 'Access-Control-Allow-Origin' header is present on the requested resource. @ https://www.betfair.es/exchange/plus/es/f%C3%BAtbol/la-liga-espa%C3%B1ola/atl%C3%A9tico-de-madrid-betis-apuestas-35189119:0
[  729442ms] [ERROR] Failed to load resource: net::ERR_FAILED @ https://rum-ingest.eu0.signalfx.com/v1/rum?auth=daeNmSPycTtkXf7hcZUQXg:0
[  745085ms] [ERROR] Access to XMLHttpRequest at 'https://rum-ingest.eu0.signalfx.com/v1/rum?auth=daeNmSPycTtkXf7hcZUQXg' from origin 'https://www.betfair.es' has been blocked by CORS policy: No 'Access-Control-Allow-Origin' header is present on the requested resource. @ https://www.betfair.es/exchange/plus/es/f%C3%BAtbol/la-liga-espa%C3%B1ola/atl%C3%A9tico-de-madrid-betis-apuestas-35189119:0
[  745085ms] [ERROR] Failed to load resource: net::ERR_FAILED @ https://rum-ingest.eu0.signalfx.com/v1/rum?auth=daeNmSPycTtkXf7hcZUQXg:0
[  759508ms] [ERROR] Access to XMLHttpRequest at 'https://rum-ingest.eu0.signalfx.com/v1/rum?auth=daeNmSPycTtkXf7hcZUQXg' from origin 'https://www.betfair.es' has been blocked by CORS policy: No 'Access-Control-Allow-Origin' header is present on the requested resource. @ https://www.betfair.es/exchange/plus/es/f%C3%BAtbol/la-liga-espa%C3%B1ola/atl%C3%A9tico-de-madrid-betis-apuestas-35189119:0
[  759508ms] [ERROR] Failed to load resource: net::ERR_FAILED @ https://rum-ingest.eu0.signalfx.com/v1/rum?auth=daeNmSPycTtkXf7hcZUQXg:0
[  775275ms] [ERROR] Access to XMLHttpRequest at 'https://rum-ingest.eu0.signalfx.com/v1/rum?auth=daeNmSPycTtkXf7hcZUQXg' from origin 'https://www.betfair.es' has been blocked by CORS policy: No 'Access-Control-Allow-Origin' header is present on the requested resource. @ https://www.betfair.es/exchange/plus/es/f%C3%BAtbol/la-liga-espa%C3%B1ola/atl%C3%A9tico-de-madrid-betis-apuestas-35189119:0
[  775275ms] [ERROR] Failed to load resource: net::ERR_FAILED @ https://rum-ingest.eu0.signalfx.com/v1/rum?auth=daeNmSPycTtkXf7hcZUQXg:0
[  789624ms] [ERROR] Access to XMLHttpRequest at 'https://rum-ingest.eu0.signalfx.com/v1/rum?auth=daeNmSPycTtkXf7hcZUQXg' from origin 'https://www.betfair.es' has been blocked by CORS policy: No 'Access-Control-Allow-Origin' header is present on the requested resource. @ https://www.betfair.es/exchange/plus/es/f%C3%BAtbol/la-liga-espa%C3%B1ola/atl%C3%A9tico-de-madrid-betis-apuestas-35189119:0
[  789624ms] [ERROR] Failed to load resource: net::ERR_FAILED @ https://rum-ingest.eu0.signalfx.com/v1/rum?auth=daeNmSPycTtkXf7hcZUQXg:0
[  805476ms] [ERROR] Access to XMLHttpRequest at 'https://rum-ingest.eu0.signalfx.com/v1/rum?auth=daeNmSPycTtkXf7hcZUQXg' from origin 'https://www.betfair.es' has been blocked by CORS policy: No 'Access-Control-Allow-Origin' header is present on the requested resource. @ https://www.betfair.es/exchange/plus/es/f%C3%BAtbol/la-liga-espa%C3%B1ola/atl%C3%A9tico-de-madrid-betis-apuestas-35189119:0
[  805477ms] [ERROR] Failed to load resource: net::ERR_FAILED @ https://rum-ingest.eu0.signalfx.com/v1/rum?auth=daeNmSPycTtkXf7hcZUQXg:0
[  819722ms] [ERROR] Access to XMLHttpRequest at 'https://rum-ingest.eu0.signalfx.com/v1/rum?auth=daeNmSPycTtkXf7hcZUQXg' from origin 'https://www.betfair.es' has been blocked by CORS policy: No 'Access-Control-Allow-Origin' header is present on the requested resource. @ https://www.betfair.es/exchange/plus/es/f%C3%BAtbol/la-liga-espa%C3%B1ola/atl%C3%A9tico-de-madrid-betis-apuestas-35189119:0
[  819722ms] [ERROR] Failed to load resource: net::ERR_FAILED @ https://rum-ingest.eu0.signalfx.com/v1/rum?auth=daeNmSPycTtkXf7hcZUQXg:0
[  849808ms] [ERROR] Access to XMLHttpRequest at 'https://rum-ingest.eu0.signalfx.com/v1/rum?auth=daeNmSPycTtkXf7hcZUQXg' from origin 'https://www.betfair.es' has been blocked by CORS policy: No 'Access-Control-Allow-Origin' header is present on the requested resource. @ https://www.betfair.es/exchange/plus/es/f%C3%BAtbol/la-liga-espa%C3%B1ola/atl%C3%A9tico-de-madrid-betis-apuestas-35189119:0
[  849808ms] [ERROR] Failed to load resource: net::ERR_FAILED @ https://rum-ingest.eu0.signalfx.com/v1/rum?auth=daeNmSPycTtkXf7hcZUQXg:0
[  865827ms] [ERROR] Access to XMLHttpRequest at 'https://rum-ingest.eu0.signalfx.com/v1/rum?auth=daeNmSPycTtkXf7hcZUQXg' from origin 'https://www.betfair.es' has been blocked by CORS policy: No 'Access-Control-Allow-Origin' header is present on the requested resource. @ https://www.betfair.es/exchange/plus/es/f%C3%BAtbol/la-liga-espa%C3%B1ola/atl%C3%A9tico-de-madrid-betis-apuestas-35189119:0
[  865827ms] [ERROR] Failed to load resource: net::ERR_FAILED @ https://rum-ingest.eu0.signalfx.com/v1/rum?auth=daeNmSPycTtkXf7hcZUQXg:0
[  896006ms] [ERROR] Access to XMLHttpRequest at 'https://rum-ingest.eu0.signalfx.com/v1/rum?auth=daeNmSPycTtkXf7hcZUQXg' from origin 'https://www.betfair.es' has been blocked by CORS policy: No 'Access-Control-Allow-Origin' header is present on the requested resource. @ https://www.betfair.es/exchange/plus/es/f%C3%BAtbol/la-liga-espa%C3%B1ola/atl%C3%A9tico-de-madrid-betis-apuestas-35189119:0
[  896006ms] [ERROR] Failed to load resource: net::ERR_FAILED @ https://rum-ingest.eu0.signalfx.com/v1/rum?auth=daeNmSPycTtkXf7hcZUQXg:0
[  910046ms] [ERROR] Access to XMLHttpRequest at 'https://rum-ingest.eu0.signalfx.com/v1/rum?auth=daeNmSPycTtkXf7hcZUQXg' from origin 'https://www.betfair.es' has been blocked by CORS policy: No 'Access-Control-Allow-Origin' header is present on the requested resource. @ https://www.betfair.es/exchange/plus/es/f%C3%BAtbol/la-liga-espa%C3%B1ola/atl%C3%A9tico-de-madrid-betis-apuestas-35189119:0
[  910046ms] [ERROR] Failed to load resource: net::ERR_FAILED @ https://rum-ingest.eu0.signalfx.com/v1/rum?auth=daeNmSPycTtkXf7hcZUQXg:0
[  926226ms] [ERROR] Access to XMLHttpRequest at 'https://rum-ingest.eu0.signalfx.com/v1/rum?auth=daeNmSPycTtkXf7hcZUQXg' from origin 'https://www.betfair.es' has been blocked by CORS policy: No 'Access-Control-Allow-Origin' header is present on the requested resource. @ https://www.betfair.es/exchange/plus/es/f%C3%BAtbol/la-liga-espa%C3%B1ola/atl%C3%A9tico-de-madrid-betis-apuestas-35189119:0
[  926226ms] [ERROR] Failed to load resource: net::ERR_FAILED @ https://rum-ingest.eu0.signalfx.com/v1/rum?auth=daeNmSPycTtkXf7hcZUQXg:0
[  940168ms] [ERROR] Access to XMLHttpRequest at 'https://rum-ingest.eu0.signalfx.com/v1/rum?auth=daeNmSPycTtkXf7hcZUQXg' from origin 'https://www.betfair.es' has been blocked by CORS policy: No 'Access-Control-Allow-Origin' header is present on the requested resource. @ https://www.betfair.es/exchange/plus/es/f%C3%BAtbol/la-liga-espa%C3%B1ola/atl%C3%A9tico-de-madrid-betis-apuestas-35189119:0
[  940168ms] [ERROR] Failed to load resource: net::ERR_FAILED @ https://rum-ingest.eu0.signalfx.com/v1/rum?auth=daeNmSPycTtkXf7hcZUQXg:0
[  956447ms] [ERROR] Access to XMLHttpRequest at 'https://rum-ingest.eu0.signalfx.com/v1/rum?auth=daeNmSPycTtkXf7hcZUQXg' from origin 'https://www.betfair.es' has been blocked by CORS policy: No 'Access-Control-Allow-Origin' header is present on the requested resource. @ https://www.betfair.es/exchange/plus/es/f%C3%BAtbol/la-liga-espa%C3%B1ola/atl%C3%A9tico-de-madrid-betis-apuestas-35189119:0
[  956447ms] [ERROR] Failed to load resource: net::ERR_FAILED @ https://rum-ingest.eu0.signalfx.com/v1/rum?auth=daeNmSPycTtkXf7hcZUQXg:0
[  970290ms] [ERROR] Access to XMLHttpRequest at 'https://rum-ingest.eu0.signalfx.com/v1/rum?auth=daeNmSPycTtkXf7hcZUQXg' from origin 'https://www.betfair.es' has been blocked by CORS policy: No 'Access-Control-Allow-Origin' header is present on the requested resource. @ https://www.betfair.es/exchange/plus/es/f%C3%BAtbol/la-liga-espa%C3%B1ola/atl%C3%A9tico-de-madrid-betis-apuestas-35189119:0
[  970291ms] [ERROR] Failed to load resource: net::ERR_FAILED @ https://rum-ingest.eu0.signalfx.com/v1/rum?auth=daeNmSPycTtkXf7hcZUQXg:0
[  986626ms] [ERROR] Access to XMLHttpRequest at 'https://rum-ingest.eu0.signalfx.com/v1/rum?auth=daeNmSPycTtkXf7hcZUQXg' from origin 'https://www.betfair.es' has been blocked by CORS policy: No 'Access-Control-Allow-Origin' header is present on the requested resource. @ https://www.betfair.es/exchange/plus/es/f%C3%BAtbol/la-liga-espa%C3%B1ola/atl%C3%A9tico-de-madrid-betis-apuestas-35189119:0
[  986626ms] [ERROR] Failed to load resource: net::ERR_FAILED @ https://rum-ingest.eu0.signalfx.com/v1/rum?auth=daeNmSPycTtkXf7hcZUQXg:0
[ 1000388ms] [ERROR] Access to XMLHttpRequest at 'https://rum-ingest.eu0.signalfx.com/v1/rum?auth=daeNmSPycTtkXf7hcZUQXg' from origin 'https://www.betfair.es' has been blocked by CORS policy: No 'Access-Control-Allow-Origin' header is present on the requested resource. @ https://www.betfair.es/exchange/plus/es/f%C3%BAtbol/la-liga-espa%C3%B1ola/atl%C3%A9tico-de-madrid-betis-apuestas-35189119:0
[ 1000388ms] [ERROR] Failed to load resource: net::ERR_FAILED @ https://rum-ingest.eu0.signalfx.com/v1/rum?auth=daeNmSPycTtkXf7hcZUQXg:0
[ 1016814ms] [ERROR] Access to XMLHttpRequest at 'https://rum-ingest.eu0.signalfx.com/v1/rum?auth=daeNmSPycTtkXf7hcZUQXg' from origin 'https://www.betfair.es' has been blocked by CORS policy: No 'Access-Control-Allow-Origin' header is present on the requested resource. @ https://www.betfair.es/exchange/plus/es/f%C3%BAtbol/la-liga-espa%C3%B1ola/atl%C3%A9tico-de-madrid-betis-apuestas-35189119:0
[ 1016814ms] [ERROR] Failed to load resource: net::ERR_FAILED @ https://rum-ingest.eu0.signalfx.com/v1/rum?auth=daeNmSPycTtkXf7hcZUQXg:0
[ 1030499ms] [ERROR] Access to XMLHttpRequest at 'https://rum-ingest.eu0.signalfx.com/v1/rum?auth=daeNmSPycTtkXf7hcZUQXg' from origin 'https://www.betfair.es' has been blocked by CORS policy: No 'Access-Control-Allow-Origin' header is present on the requested resource. @ https://www.betfair.es/exchange/plus/es/f%C3%BAtbol/la-liga-espa%C3%B1ola/atl%C3%A9tico-de-madrid-betis-apuestas-35189119:0
[ 1030500ms] [ERROR] Failed to load resource: net::ERR_FAILED @ https://rum-ingest.eu0.signalfx.com/v1/rum?auth=daeNmSPycTtkXf7hcZUQXg:0
[ 1047006ms] [ERROR] Access to XMLHttpRequest at 'https://rum-ingest.eu0.signalfx.com/v1/rum?auth=daeNmSPycTtkXf7hcZUQXg' from origin 'https://www.betfair.es' has been blocked by CORS policy: No 'Access-Control-Allow-Origin' header is present on the requested resource. @ https://www.betfair.es/exchange/plus/es/f%C3%BAtbol/la-liga-espa%C3%B1ola/atl%C3%A9tico-de-madrid-betis-apuestas-35189119:0
[ 1047006ms] [ERROR] Failed to load resource: net::ERR_FAILED @ https://rum-ingest.eu0.signalfx.com/v1/rum?auth=daeNmSPycTtkXf7hcZUQXg:0
[ 1077186ms] [ERROR] Access to XMLHttpRequest at 'https://rum-ingest.eu0.signalfx.com/v1/rum?auth=daeNmSPycTtkXf7hcZUQXg' from origin 'https://www.betfair.es' has been blocked by CORS policy: No 'Access-Control-Allow-Origin' header is present on the requested resource. @ https://www.betfair.es/exchange/plus/es/f%C3%BAtbol/la-liga-espa%C3%B1ola/atl%C3%A9tico-de-madrid-betis-apuestas-35189119:0
[ 1077186ms] [ERROR] Failed to load resource: net::ERR_FAILED @ https://rum-ingest.eu0.signalfx.com/v1/rum?auth=daeNmSPycTtkXf7hcZUQXg:0
[ 1090749ms] [ERROR] Access to XMLHttpRequest at 'https://rum-ingest.eu0.signalfx.com/v1/rum?auth=daeNmSPycTtkXf7hcZUQXg' from origin 'https://www.betfair.es' has been blocked by CORS policy: No 'Access-Control-Allow-Origin' header is present on the requested resource. @ https://www.betfair.es/exchange/plus/es/f%C3%BAtbol/la-liga-espa%C3%B1ola/atl%C3%A9tico-de-madrid-betis-apuestas-35189119:0
[ 1090749ms] [ERROR] Failed to load resource: net::ERR_FAILED @ https://rum-ingest.eu0.signalfx.com/v1/rum?auth=daeNmSPycTtkXf7hcZUQXg:0
[ 1094766ms] [ERROR] Access to XMLHttpRequest at 'https://rum-ingest.eu0.signalfx.com/v1/rum?auth=daeNmSPycTtkXf7hcZUQXg' from origin 'https://www.betfair.es' has been blocked by CORS policy: No 'Access-Control-Allow-Origin' header is present on the requested resource. @ https://www.betfair.es/exchange/plus/es/f%C3%BAtbol/la-liga-espa%C3%B1ola/atl%C3%A9tico-de-madrid-betis-apuestas-35189119:0
[ 1094766ms] [ERROR] Failed to load resource: net::ERR_FAILED @ https://rum-ingest.eu0.signalfx.com/v1/rum?auth=daeNmSPycTtkXf7hcZUQXg:0
[ 1107425ms] [ERROR] Access to XMLHttpRequest at 'https://rum-ingest.eu0.signalfx.com/v1/rum?auth=daeNmSPycTtkXf7hcZUQXg' from origin 'https://www.betfair.es' has been blocked by CORS policy: No 'Access-Control-Allow-Origin' header is present on the requested resource. @ https://www.betfair.es/exchange/plus/es/f%C3%BAtbol/la-liga-espa%C3%B1ola/atl%C3%A9tico-de-madrid-betis-apuestas-35189119:0
[ 1107426ms] [ERROR] Failed to load resource: net::ERR_FAILED @ https://rum-ingest.eu0.signalfx.com/v1/rum?auth=daeNmSPycTtkXf7hcZUQXg:0
[ 1124946ms] [ERROR] Access to XMLHttpRequest at 'https://rum-ingest.eu0.signalfx.com/v1/rum?auth=daeNmSPycTtkXf7hcZUQXg' from origin 'https://www.betfair.es' has been blocked by CORS policy: No 'Access-Control-Allow-Origin' header is present on the requested resource. @ https://www.betfair.es/exchange/plus/es/f%C3%BAtbol/la-liga-espa%C3%B1ola/atl%C3%A9tico-de-madrid-betis-apuestas-35189119:0
[ 1124947ms] [ERROR] Failed to load resource: net::ERR_FAILED @ https://rum-ingest.eu0.signalfx.com/v1/rum?auth=daeNmSPycTtkXf7hcZUQXg:0
[ 1134567ms] [ERROR] Access to XMLHttpRequest at 'https://rum-ingest.eu0.signalfx.com/v1/rum?auth=daeNmSPycTtkXf7hcZUQXg' from origin 'https://www.betfair.es' has been blocked by CORS policy: No 'Access-Control-Allow-Origin' header is present on the requested resource. @ https://www.betfair.es/exchange/plus/es/f%C3%BAtbol/la-liga-espa%C3%B1ola/atl%C3%A9tico-de-madrid-betis-apuestas-35189119:0
[ 1134567ms] [ERROR] Failed to load resource: net::ERR_FAILED @ https://rum-ingest.eu0.signalfx.com/v1/rum?auth=daeNmSPycTtkXf7hcZUQXg:0
[ 1150148ms] [ERROR] Access to XMLHttpRequest at 'https://rum-ingest.eu0.signalfx.com/v1/rum?auth=daeNmSPycTtkXf7hcZUQXg' from origin 'https://www.betfair.es' has been blocked by CORS policy: No 'Access-Control-Allow-Origin' header is present on the requested resource. @ https://www.betfair.es/exchange/plus/es/f%C3%BAtbol/la-liga-espa%C3%B1ola/atl%C3%A9tico-de-madrid-betis-apuestas-35189119:0
[ 1150148ms] [ERROR] Failed to load resource: net::ERR_FAILED @ https://rum-ingest.eu0.signalfx.com/v1/rum?auth=daeNmSPycTtkXf7hcZUQXg:0
[ 1165248ms] [ERROR] Access to XMLHttpRequest at 'https://rum-ingest.eu0.signalfx.com/v1/rum?auth=daeNmSPycTtkXf7hcZUQXg' from origin 'https://www.betfair.es' has been blocked by CORS policy: No 'Access-Control-Allow-Origin' header is present on the requested resource. @ https://www.betfair.es/exchange/plus/es/f%C3%BAtbol/la-liga-espa%C3%B1ola/atl%C3%A9tico-de-madrid-betis-apuestas-35189119:0
[ 1165248ms] [ERROR] Failed to load resource: net::ERR_FAILED @ https://rum-ingest.eu0.signalfx.com/v1/rum?auth=daeNmSPycTtkXf7hcZUQXg:0
[ 1180388ms] [ERROR] Access to XMLHttpRequest at 'https://rum-ingest.eu0.signalfx.com/v1/rum?auth=daeNmSPycTtkXf7hcZUQXg' from origin 'https://www.betfair.es' has been blocked by CORS policy: No 'Access-Control-Allow-Origin' header is present on the requested resource. @ https://www.betfair.es/exchange/plus/es/f%C3%BAtbol/la-liga-espa%C3%B1ola/atl%C3%A9tico-de-madrid-betis-apuestas-35189119:0
[ 1180388ms] [ERROR] Failed to load resource: net::ERR_FAILED @ https://rum-ingest.eu0.signalfx.com/v1/rum?auth=daeNmSPycTtkXf7hcZUQXg:0
[ 1195505ms] [ERROR] Access to XMLHttpRequest at 'https://rum-ingest.eu0.signalfx.com/v1/rum?auth=daeNmSPycTtkXf7hcZUQXg' from origin 'https://www.betfair.es' has been blocked by CORS policy: No 'Access-Control-Allow-Origin' header is present on the requested resource. @ https://www.betfair.es/exchange/plus/es/f%C3%BAtbol/la-liga-espa%C3%B1ola/atl%C3%A9tico-de-madrid-betis-apuestas-35189119:0
[ 1195505ms] [ERROR] Failed to load resource: net::ERR_FAILED @ https://rum-ingest.eu0.signalfx.com/v1/rum?auth=daeNmSPycTtkXf7hcZUQXg:0
[ 1210567ms] [ERROR] Access to XMLHttpRequest at 'https://rum-ingest.eu0.signalfx.com/v1/rum?auth=daeNmSPycTtkXf7hcZUQXg' from origin 'https://www.betfair.es' has been blocked by CORS policy: No 'Access-Control-Allow-Origin' header is present on the requested resource. @ https://www.betfair.es/exchange/plus/es/f%C3%BAtbol/la-liga-espa%C3%B1ola/atl%C3%A9tico-de-madrid-betis-apuestas-35189119:0
[ 1210568ms] [ERROR] Failed to load resource: net::ERR_FAILED @ https://rum-ingest.eu0.signalfx.com/v1/rum?auth=daeNmSPycTtkXf7hcZUQXg:0
