[     166ms] [WARNING] document.domain mutation is ignored because the surrounding agent cluster is origin-keyed. @ https://ie2eds.cdnppb.net/resources/eds/bundle/app.d7d788e33.js:0
[     248ms] [WARNING] No event found switching to competition Empty response @ https://ie2eds.cdnppb.net/resources/eds/bundle/vendors~app.eff7c2f07.js:31
[     339ms] [WARNING] Error: Error while trying to fetch getNavigationContext: TypeError: Cannot read properties of undefined (reading 'eventTypeName')
    at t.project (https://ie2eds.cdnppb.net/resources/eds/bundle/app.d7d788e33.js:1:1037546)
    at t._next (https://ie2eds.cdnppb.net/resources/eds/bundle/vendors~app.eff7c2f07.js:16:150579)
    at t.next (https://ie2eds.cdnppb.net/resources/eds/bundle/vendors~app.eff7c2f07.js:16:2808)
    at t._next (https://ie2eds.cdnppb.net/resources/eds/bundle/vendors~app.eff7c2f07.js:65:239711)
    at t.next (https://ie2eds.cdnppb.net/resources/eds/bundle/vendors~app.eff7c2f07.js:16:2808)
    at t._next (https://ie2eds.cdnppb.net/resources/eds/bundle/vendors~app.eff7c2f07.js:65:220481)
    at t.next (https://ie2eds.cdnppb.net/resources/eds/bundle/vendors~app.eff7c2f07.js:16:2808)
    at t._next (https://ie2eds.cdnppb.net/resources/eds/bundle/vendors~app.eff7c2f07.js:65:219322)
    at t.next (https://ie2eds.cdnppb.net/resources/eds/bundle/vendors~app.eff7c2f07.js:16:2808)
    at t._next (https://ie2eds.cdnppb.net/resources/eds/bundle/vendors~app.eff7c2f07.js:16:150677) @ https://ie2eds.cdnppb.net/resources/eds/bundle/vendors~app.eff7c2f07.js:31
[     340ms] [WARNING] Error: Error while trying to fetch getNavigationContext: TypeError: Cannot read properties of undefined (reading 'eventTypeName')
    at t.project (https://ie2eds.cdnppb.net/resources/eds/bundle/app.d7d788e33.js:1:1037546)
    at t._next (https://ie2eds.cdnppb.net/resources/eds/bundle/vendors~app.eff7c2f07.js:16:150579)
    at t.next (https://ie2eds.cdnppb.net/resources/eds/bundle/vendors~app.eff7c2f07.js:16:2808)
    at t._next (https://ie2eds.cdnppb.net/resources/eds/bundle/vendors~app.eff7c2f07.js:65:239711)
    at t.next (https://ie2eds.cdnppb.net/resources/eds/bundle/vendors~app.eff7c2f07.js:16:2808)
    at t._next (https://ie2eds.cdnppb.net/resources/eds/bundle/vendors~app.eff7c2f07.js:65:220481)
    at t.next (https://ie2eds.cdnppb.net/resources/eds/bundle/vendors~app.eff7c2f07.js:16:2808)
    at t._next (https://ie2eds.cdnppb.net/resources/eds/bundle/vendors~app.eff7c2f07.js:65:219322)
    at t.next (https://ie2eds.cdnppb.net/resources/eds/bundle/vendors~app.eff7c2f07.js:16:2808)
    at t._next (https://ie2eds.cdnppb.net/resources/eds/bundle/vendors~app.eff7c2f07.js:16:150677) @ https://ie2eds.cdnppb.net/resources/eds/bundle/vendors~app.eff7c2f07.js:31
