[     289ms] [WARNING] document.domain mutation is ignored because the surrounding agent cluster is origin-keyed. @ https://ie1eds.cdnppb.net/resources/eds/bundle/app.d7d788e33.js:0
[    1271ms] [ERROR] Access to XMLHttpRequest at 'https://rum-ingest.eu0.signalfx.com/v1/rum?auth=daeNmSPycTtkXf7hcZUQXg' from origin 'https://www.betfair.es' has been blocked by CORS policy: No 'Access-Control-Allow-Origin' header is present on the requested resource. @ https://www.betfair.es/exchange/plus/es/f%C3%BAtbol/uefa-champions-league/galatasaray-juventus-apuestas-35207338:0
[    1272ms] [ERROR] Failed to load resource: net::ERR_FAILED @ https://rum-ingest.eu0.signalfx.com/v1/rum?auth=daeNmSPycTtkXf7hcZUQXg:0
[    3181ms] [ERROR] Failed to load resource: net::ERR_NAME_NOT_RESOLVED @ https://service.maxymiser.net/api/eu/new_betfair.com/7bb08d/mmapi.js:0
[    5381ms] [ERROR] Access to XMLHttpRequest at 'https://rum-ingest.eu0.signalfx.com/v1/rum?auth=daeNmSPycTtkXf7hcZUQXg' from origin 'https://www.betfair.es' has been blocked by CORS policy: No 'Access-Control-Allow-Origin' header is present on the requested resource. @ https://www.betfair.es/exchange/plus/es/f%C3%BAtbol/uefa-champions-league/galatasaray-juventus-apuestas-35207338:0
[    5382ms] [ERROR] Failed to load resource: net::ERR_FAILED @ https://rum-ingest.eu0.signalfx.com/v1/rum?auth=daeNmSPycTtkXf7hcZUQXg:0
[    9453ms] [ERROR] Access to XMLHttpRequest at 'https://rum-ingest.eu0.signalfx.com/v1/rum?auth=daeNmSPycTtkXf7hcZUQXg' from origin 'https://www.betfair.es' has been blocked by CORS policy: No 'Access-Control-Allow-Origin' header is present on the requested resource. @ https://www.betfair.es/exchange/plus/es/f%C3%BAtbol/uefa-champions-league/galatasaray-juventus-apuestas-35207338:0
[    9454ms] [ERROR] Failed to load resource: net::ERR_FAILED @ https://rum-ingest.eu0.signalfx.com/v1/rum?auth=daeNmSPycTtkXf7hcZUQXg:0
[   16224ms] [WARNING] Error while trying to get football data soccerEventStats response invalid @ https://ie1eds.cdnppb.net/resources/eds/bundle/vendors~app.eff7c2f07.js:31
[   20314ms] [ERROR] Access to XMLHttpRequest at 'https://rum-ingest.eu0.signalfx.com/v1/rum?auth=daeNmSPycTtkXf7hcZUQXg' from origin 'https://www.betfair.es' has been blocked by CORS policy: No 'Access-Control-Allow-Origin' header is present on the requested resource. @ https://www.betfair.es/exchange/plus/es/f%C3%BAtbol/uefa-champions-league/galatasaray-juventus-apuestas-35207338:0
[   20314ms] [ERROR] Failed to load resource: net::ERR_FAILED @ https://rum-ingest.eu0.signalfx.com/v1/rum?auth=daeNmSPycTtkXf7hcZUQXg:0
[   35413ms] [ERROR] Access to XMLHttpRequest at 'https://rum-ingest.eu0.signalfx.com/v1/rum?auth=daeNmSPycTtkXf7hcZUQXg' from origin 'https://www.betfair.es' has been blocked by CORS policy: No 'Access-Control-Allow-Origin' header is present on the requested resource. @ https://www.betfair.es/exchange/plus/es/f%C3%BAtbol/uefa-champions-league/galatasaray-juventus-apuestas-35207338:0
[   35413ms] [ERROR] Failed to load resource: net::ERR_FAILED @ https://rum-ingest.eu0.signalfx.com/v1/rum?auth=daeNmSPycTtkXf7hcZUQXg:0
[   50552ms] [ERROR] Access to XMLHttpRequest at 'https://rum-ingest.eu0.signalfx.com/v1/rum?auth=daeNmSPycTtkXf7hcZUQXg' from origin 'https://www.betfair.es' has been blocked by CORS policy: No 'Access-Control-Allow-Origin' header is present on the requested resource. @ https://www.betfair.es/exchange/plus/es/f%C3%BAtbol/uefa-champions-league/galatasaray-juventus-apuestas-35207338:0
[   50552ms] [ERROR] Failed to load resource: net::ERR_FAILED @ https://rum-ingest.eu0.signalfx.com/v1/rum?auth=daeNmSPycTtkXf7hcZUQXg:0
[   65623ms] [ERROR] Access to XMLHttpRequest at 'https://rum-ingest.eu0.signalfx.com/v1/rum?auth=daeNmSPycTtkXf7hcZUQXg' from origin 'https://www.betfair.es' has been blocked by CORS policy: No 'Access-Control-Allow-Origin' header is present on the requested resource. @ https://www.betfair.es/exchange/plus/es/f%C3%BAtbol/uefa-champions-league/galatasaray-juventus-apuestas-35207338:0
[   65624ms] [ERROR] Failed to load resource: net::ERR_FAILED @ https://rum-ingest.eu0.signalfx.com/v1/rum?auth=daeNmSPycTtkXf7hcZUQXg:0
[   80792ms] [ERROR] Access to XMLHttpRequest at 'https://rum-ingest.eu0.signalfx.com/v1/rum?auth=daeNmSPycTtkXf7hcZUQXg' from origin 'https://www.betfair.es' has been blocked by CORS policy: No 'Access-Control-Allow-Origin' header is present on the requested resource. @ https://www.betfair.es/exchange/plus/es/f%C3%BAtbol/uefa-champions-league/galatasaray-juventus-apuestas-35207338:0
[   80793ms] [ERROR] Failed to load resource: net::ERR_FAILED @ https://rum-ingest.eu0.signalfx.com/v1/rum?auth=daeNmSPycTtkXf7hcZUQXg:0
[   95897ms] [ERROR] Access to XMLHttpRequest at 'https://rum-ingest.eu0.signalfx.com/v1/rum?auth=daeNmSPycTtkXf7hcZUQXg' from origin 'https://www.betfair.es' has been blocked by CORS policy: No 'Access-Control-Allow-Origin' header is present on the requested resource. @ https://www.betfair.es/exchange/plus/es/f%C3%BAtbol/uefa-champions-league/galatasaray-juventus-apuestas-35207338:0
[   95897ms] [ERROR] Failed to load resource: net::ERR_FAILED @ https://rum-ingest.eu0.signalfx.com/v1/rum?auth=daeNmSPycTtkXf7hcZUQXg:0
[  141145ms] [ERROR] Access to XMLHttpRequest at 'https://rum-ingest.eu0.signalfx.com/v1/rum?auth=daeNmSPycTtkXf7hcZUQXg' from origin 'https://www.betfair.es' has been blocked by CORS policy: No 'Access-Control-Allow-Origin' header is present on the requested resource. @ https://www.betfair.es/exchange/plus/es/f%C3%BAtbol/uefa-champions-league/galatasaray-juventus-apuestas-35207338:0
[  141146ms] [ERROR] Failed to load resource: net::ERR_FAILED @ https://rum-ingest.eu0.signalfx.com/v1/rum?auth=daeNmSPycTtkXf7hcZUQXg:0
[  156101ms] [ERROR] Access to XMLHttpRequest at 'https://rum-ingest.eu0.signalfx.com/v1/rum?auth=daeNmSPycTtkXf7hcZUQXg' from origin 'https://www.betfair.es' has been blocked by CORS policy: No 'Access-Control-Allow-Origin' header is present on the requested resource. @ https://www.betfair.es/exchange/plus/es/f%C3%BAtbol/uefa-champions-league/galatasaray-juventus-apuestas-35207338:0
[  156102ms] [ERROR] Failed to load resource: net::ERR_FAILED @ https://rum-ingest.eu0.signalfx.com/v1/rum?auth=daeNmSPycTtkXf7hcZUQXg:0
[  201516ms] [ERROR] Access to XMLHttpRequest at 'https://rum-ingest.eu0.signalfx.com/v1/rum?auth=daeNmSPycTtkXf7hcZUQXg' from origin 'https://www.betfair.es' has been blocked by CORS policy: No 'Access-Control-Allow-Origin' header is present on the requested resource. @ https://www.betfair.es/exchange/plus/es/f%C3%BAtbol/uefa-champions-league/galatasaray-juventus-apuestas-35207338:0
[  201517ms] [ERROR] Failed to load resource: net::ERR_FAILED @ https://rum-ingest.eu0.signalfx.com/v1/rum?auth=daeNmSPycTtkXf7hcZUQXg:0
[  231717ms] [ERROR] Access to XMLHttpRequest at 'https://rum-ingest.eu0.signalfx.com/v1/rum?auth=daeNmSPycTtkXf7hcZUQXg' from origin 'https://www.betfair.es' has been blocked by CORS policy: No 'Access-Control-Allow-Origin' header is present on the requested resource. @ https://www.betfair.es/exchange/plus/es/f%C3%BAtbol/uefa-champions-league/galatasaray-juventus-apuestas-35207338:0
[  231717ms] [ERROR] Failed to load resource: net::ERR_FAILED @ https://rum-ingest.eu0.signalfx.com/v1/rum?auth=daeNmSPycTtkXf7hcZUQXg:0
[  276517ms] [ERROR] Access to XMLHttpRequest at 'https://rum-ingest.eu0.signalfx.com/v1/rum?auth=daeNmSPycTtkXf7hcZUQXg' from origin 'https://www.betfair.es' has been blocked by CORS policy: No 'Access-Control-Allow-Origin' header is present on the requested resource. @ https://www.betfair.es/exchange/plus/es/f%C3%BAtbol/uefa-champions-league/galatasaray-juventus-apuestas-35207338:0
[  276517ms] [ERROR] Failed to load resource: net::ERR_FAILED @ https://rum-ingest.eu0.signalfx.com/v1/rum?auth=daeNmSPycTtkXf7hcZUQXg:0
[  292122ms] [ERROR] Access to XMLHttpRequest at 'https://rum-ingest.eu0.signalfx.com/v1/rum?auth=daeNmSPycTtkXf7hcZUQXg' from origin 'https://www.betfair.es' has been blocked by CORS policy: No 'Access-Control-Allow-Origin' header is present on the requested resource. @ https://www.betfair.es/exchange/plus/es/f%C3%BAtbol/uefa-champions-league/galatasaray-juventus-apuestas-35207338:0
[  292123ms] [ERROR] Failed to load resource: net::ERR_FAILED @ https://rum-ingest.eu0.signalfx.com/v1/rum?auth=daeNmSPycTtkXf7hcZUQXg:0
[  306634ms] [ERROR] Access to XMLHttpRequest at 'https://rum-ingest.eu0.signalfx.com/v1/rum?auth=daeNmSPycTtkXf7hcZUQXg' from origin 'https://www.betfair.es' has been blocked by CORS policy: No 'Access-Control-Allow-Origin' header is present on the requested resource. @ https://www.betfair.es/exchange/plus/es/f%C3%BAtbol/uefa-champions-league/galatasaray-juventus-apuestas-35207338:0
[  306635ms] [ERROR] Failed to load resource: net::ERR_FAILED @ https://rum-ingest.eu0.signalfx.com/v1/rum?auth=daeNmSPycTtkXf7hcZUQXg:0
[  322299ms] [ERROR] Access to XMLHttpRequest at 'https://rum-ingest.eu0.signalfx.com/v1/rum?auth=daeNmSPycTtkXf7hcZUQXg' from origin 'https://www.betfair.es' has been blocked by CORS policy: No 'Access-Control-Allow-Origin' header is present on the requested resource. @ https://www.betfair.es/exchange/plus/es/f%C3%BAtbol/uefa-champions-league/galatasaray-juventus-apuestas-35207338:0
[  322299ms] [ERROR] Failed to load resource: net::ERR_FAILED @ https://rum-ingest.eu0.signalfx.com/v1/rum?auth=daeNmSPycTtkXf7hcZUQXg:0
[  352574ms] [ERROR] Access to XMLHttpRequest at 'https://rum-ingest.eu0.signalfx.com/v1/rum?auth=daeNmSPycTtkXf7hcZUQXg' from origin 'https://www.betfair.es' has been blocked by CORS policy: No 'Access-Control-Allow-Origin' header is present on the requested resource. @ https://www.betfair.es/exchange/plus/es/f%C3%BAtbol/uefa-champions-league/galatasaray-juventus-apuestas-35207338:0
[  352575ms] [ERROR] Failed to load resource: net::ERR_FAILED @ https://rum-ingest.eu0.signalfx.com/v1/rum?auth=daeNmSPycTtkXf7hcZUQXg:0
