[     282ms] [WARNING] document.domain mutation is ignored because the surrounding agent cluster is origin-keyed. @ https://ie2eds.cdnppb.net/resources/eds/bundle/app.d7d788e33.js:0
[     441ms] [ERROR] Access to XMLHttpRequest at 'https://movableink.betfair.com/p/wc?url=https%3A%2F%2Fwww.betfair.es%2Fexchange%2Fplus%2Fes%2Ff%25C3%25BAtbol%2Fchampions-league-asi%25C3%25A1tica%2Fal-ahli-uae-al-hilal-apuestas-35241998' from origin 'https://www.betfair.es' has been blocked by CORS policy: The 'Access-Control-Allow-Origin' header has a value 'https://betfair.com' that is not equal to the supplied origin. @ https://www.betfair.es/exchange/plus/es/f%C3%BAtbol/champions-league-asi%C3%A1tica/al-ahli-uae-al-hilal-apuestas-35241998:0
[     441ms] [ERROR] Failed to load resource: net::ERR_FAILED @ https://movableink.betfair.com/p/wc?url=https%3A%2F%2Fwww.betfair.es%2Fexchange%2Fplus%2Fes%2Ff%25C3%25BAtbol%2Fchampions-league-asi%25C3%25A1tica%2Fal-ahli-uae-al-hilal-apuestas-35241998:0
[     605ms] [ERROR] Access to XMLHttpRequest at 'https://movableink.betfair.com/p/wc?url=https%3A%2F%2Fwww.betfair.es%2Fexchange%2Fplus%2Fes%2Ff%25C3%25BAtbol%2Fchampions-league-asi%25C3%25A1tica%2Fal-ahli-uae-al-hilal-apuestas-35241998' from origin 'https://www.betfair.es' has been blocked by CORS policy: The 'Access-Control-Allow-Origin' header has a value 'https://betfair.com' that is not equal to the supplied origin. @ https://www.betfair.es/exchange/plus/es/f%C3%BAtbol/champions-league-asi%C3%A1tica/al-ahli-uae-al-hilal-apuestas-35241998:0
[     605ms] [ERROR] Failed to load resource: net::ERR_FAILED @ https://movableink.betfair.com/p/wc?url=https%3A%2F%2Fwww.betfair.es%2Fexchange%2Fplus%2Fes%2Ff%25C3%25BAtbol%2Fchampions-league-asi%25C3%25A1tica%2Fal-ahli-uae-al-hilal-apuestas-35241998:0
[    2460ms] [ERROR] Access to XMLHttpRequest at 'https://rum-ingest.eu0.signalfx.com/v1/rum?auth=daeNmSPycTtkXf7hcZUQXg' from origin 'https://www.betfair.es' has been blocked by CORS policy: No 'Access-Control-Allow-Origin' header is present on the requested resource. @ https://www.betfair.es/exchange/plus/es/f%C3%BAtbol/champions-league-asi%C3%A1tica/al-ahli-uae-al-hilal-apuestas-35241998:0
[    2460ms] [ERROR] Failed to load resource: net::ERR_FAILED @ https://rum-ingest.eu0.signalfx.com/v1/rum?auth=daeNmSPycTtkXf7hcZUQXg:0
[    5023ms] [ERROR] Access to XMLHttpRequest at 'https://rum-ingest.eu0.signalfx.com/v1/rum?auth=daeNmSPycTtkXf7hcZUQXg' from origin 'https://www.betfair.es' has been blocked by CORS policy: No 'Access-Control-Allow-Origin' header is present on the requested resource. @ https://www.betfair.es/exchange/plus/es/f%C3%BAtbol/champions-league-asi%C3%A1tica/al-ahli-uae-al-hilal-apuestas-35241998:0
[    5023ms] [ERROR] Failed to load resource: net::ERR_FAILED @ https://rum-ingest.eu0.signalfx.com/v1/rum?auth=daeNmSPycTtkXf7hcZUQXg:0
[   16340ms] [WARNING] Error while trying to get football data soccerEventStats response invalid @ https://ie2eds.cdnppb.net/resources/eds/bundle/vendors~app.eff7c2f07.js:31
[   20372ms] [ERROR] Access to XMLHttpRequest at 'https://rum-ingest.eu0.signalfx.com/v1/rum?auth=daeNmSPycTtkXf7hcZUQXg' from origin 'https://www.betfair.es' has been blocked by CORS policy: No 'Access-Control-Allow-Origin' header is present on the requested resource. @ https://www.betfair.es/exchange/plus/es/f%C3%BAtbol/champions-league-asi%C3%A1tica/al-ahli-uae-al-hilal-apuestas-35241998:0
[   20372ms] [ERROR] Failed to load resource: net::ERR_FAILED @ https://rum-ingest.eu0.signalfx.com/v1/rum?auth=daeNmSPycTtkXf7hcZUQXg:0
[   50541ms] [ERROR] Access to XMLHttpRequest at 'https://rum-ingest.eu0.signalfx.com/v1/rum?auth=daeNmSPycTtkXf7hcZUQXg' from origin 'https://www.betfair.es' has been blocked by CORS policy: No 'Access-Control-Allow-Origin' header is present on the requested resource. @ https://www.betfair.es/exchange/plus/es/f%C3%BAtbol/champions-league-asi%C3%A1tica/al-ahli-uae-al-hilal-apuestas-35241998:0
[   50541ms] [ERROR] Failed to load resource: net::ERR_FAILED @ https://rum-ingest.eu0.signalfx.com/v1/rum?auth=daeNmSPycTtkXf7hcZUQXg:0
[   65637ms] [ERROR] Access to XMLHttpRequest at 'https://rum-ingest.eu0.signalfx.com/v1/rum?auth=daeNmSPycTtkXf7hcZUQXg' from origin 'https://www.betfair.es' has been blocked by CORS policy: No 'Access-Control-Allow-Origin' header is present on the requested resource. @ https://www.betfair.es/exchange/plus/es/f%C3%BAtbol/champions-league-asi%C3%A1tica/al-ahli-uae-al-hilal-apuestas-35241998:0
[   65637ms] [ERROR] Failed to load resource: net::ERR_FAILED @ https://rum-ingest.eu0.signalfx.com/v1/rum?auth=daeNmSPycTtkXf7hcZUQXg:0
[  110865ms] [ERROR] Access to XMLHttpRequest at 'https://rum-ingest.eu0.signalfx.com/v1/rum?auth=daeNmSPycTtkXf7hcZUQXg' from origin 'https://www.betfair.es' has been blocked by CORS policy: No 'Access-Control-Allow-Origin' header is present on the requested resource. @ https://www.betfair.es/exchange/plus/es/f%C3%BAtbol/champions-league-asi%C3%A1tica/al-ahli-uae-al-hilal-apuestas-35241998:0
[  110865ms] [ERROR] Failed to load resource: net::ERR_FAILED @ https://rum-ingest.eu0.signalfx.com/v1/rum?auth=daeNmSPycTtkXf7hcZUQXg:0
[  216251ms] [ERROR] Access to XMLHttpRequest at 'https://rum-ingest.eu0.signalfx.com/v1/rum?auth=daeNmSPycTtkXf7hcZUQXg' from origin 'https://www.betfair.es' has been blocked by CORS policy: No 'Access-Control-Allow-Origin' header is present on the requested resource. @ https://www.betfair.es/exchange/plus/es/f%C3%BAtbol/champions-league-asi%C3%A1tica/al-ahli-uae-al-hilal-apuestas-35241998:0
[  216251ms] [ERROR] Failed to load resource: net::ERR_FAILED @ https://rum-ingest.eu0.signalfx.com/v1/rum?auth=daeNmSPycTtkXf7hcZUQXg:0
[  246368ms] [ERROR] Access to XMLHttpRequest at 'https://rum-ingest.eu0.signalfx.com/v1/rum?auth=daeNmSPycTtkXf7hcZUQXg' from origin 'https://www.betfair.es' has been blocked by CORS policy: No 'Access-Control-Allow-Origin' header is present on the requested resource. @ https://www.betfair.es/exchange/plus/es/f%C3%BAtbol/champions-league-asi%C3%A1tica/al-ahli-uae-al-hilal-apuestas-35241998:0
[  246368ms] [ERROR] Failed to load resource: net::ERR_FAILED @ https://rum-ingest.eu0.signalfx.com/v1/rum?auth=daeNmSPycTtkXf7hcZUQXg:0
[  261692ms] [ERROR] Access to XMLHttpRequest at 'https://rum-ingest.eu0.signalfx.com/v1/rum?auth=daeNmSPycTtkXf7hcZUQXg' from origin 'https://www.betfair.es' has been blocked by CORS policy: No 'Access-Control-Allow-Origin' header is present on the requested resource. @ https://www.betfair.es/exchange/plus/es/f%C3%BAtbol/champions-league-asi%C3%A1tica/al-ahli-uae-al-hilal-apuestas-35241998:0
[  261692ms] [ERROR] Failed to load resource: net::ERR_FAILED @ https://rum-ingest.eu0.signalfx.com/v1/rum?auth=daeNmSPycTtkXf7hcZUQXg:0
[  396892ms] [ERROR] Access to XMLHttpRequest at 'https://rum-ingest.eu0.signalfx.com/v1/rum?auth=daeNmSPycTtkXf7hcZUQXg' from origin 'https://www.betfair.es' has been blocked by CORS policy: No 'Access-Control-Allow-Origin' header is present on the requested resource. @ https://www.betfair.es/exchange/plus/es/f%C3%BAtbol/champions-league-asi%C3%A1tica/al-ahli-uae-al-hilal-apuestas-35241998:0
[  396892ms] [ERROR] Failed to load resource: net::ERR_FAILED @ https://rum-ingest.eu0.signalfx.com/v1/rum?auth=daeNmSPycTtkXf7hcZUQXg:0
[  412565ms] [ERROR] Access to XMLHttpRequest at 'https://rum-ingest.eu0.signalfx.com/v1/rum?auth=daeNmSPycTtkXf7hcZUQXg' from origin 'https://www.betfair.es' has been blocked by CORS policy: No 'Access-Control-Allow-Origin' header is present on the requested resource. @ https://www.betfair.es/exchange/plus/es/f%C3%BAtbol/champions-league-asi%C3%A1tica/al-ahli-uae-al-hilal-apuestas-35241998:0
[  412565ms] [ERROR] Failed to load resource: net::ERR_FAILED @ https://rum-ingest.eu0.signalfx.com/v1/rum?auth=daeNmSPycTtkXf7hcZUQXg:0
[  429824ms] [ERROR] Access to XMLHttpRequest at 'https://rum-ingest.eu0.signalfx.com/v1/rum?auth=daeNmSPycTtkXf7hcZUQXg' from origin 'https://www.betfair.es' has been blocked by CORS policy: No 'Access-Control-Allow-Origin' header is present on the requested resource. @ https://www.betfair.es/exchange/plus/inplay/all:0
[  429825ms] [ERROR] Failed to load resource: net::ERR_FAILED @ https://rum-ingest.eu0.signalfx.com/v1/rum?auth=daeNmSPycTtkXf7hcZUQXg:0
