[     244ms] [WARNING] document.domain mutation is ignored because the surrounding agent cluster is origin-keyed. @ https://ie1eds.cdnppb.net/resources/eds/bundle/app.d7d788e33.js:0
[    1449ms] [WARNING] Error while trying to fetch shouldShowCashout undefined @ https://ie1eds.cdnppb.net/resources/eds/bundle/vendors~app.eff7c2f07.js:31
[    1449ms] [WARNING] Error while trying to fetch shouldShowCashout undefined @ https://ie1eds.cdnppb.net/resources/eds/bundle/vendors~app.eff7c2f07.js:31
[    1449ms] [WARNING] Error while trying to fetch shouldShowCashout undefined @ https://ie1eds.cdnppb.net/resources/eds/bundle/vendors~app.eff7c2f07.js:31
[    1959ms] [ERROR] Access to XMLHttpRequest at 'https://rum-ingest.eu0.signalfx.com/v1/rum?auth=daeNmSPycTtkXf7hcZUQXg' from origin 'https://www.betfair.es' has been blocked by CORS policy: No 'Access-Control-Allow-Origin' header is present on the requested resource. @ https://www.betfair.es/exchange/plus/es/f%C3%BAtbol/uefa-champions-league/galatasaray-juventus-apuestas-35207338:0
[    1959ms] [ERROR] Failed to load resource: net::ERR_FAILED @ https://rum-ingest.eu0.signalfx.com/v1/rum?auth=daeNmSPycTtkXf7hcZUQXg:0
[    2067ms] [ERROR] Failed to load resource: net::ERR_NAME_NOT_RESOLVED @ https://service.maxymiser.net/api/eu/new_betfair.com/7bb08d/mmapi.js:0
[   10119ms] [ERROR] Access to XMLHttpRequest at 'https://rum-ingest.eu0.signalfx.com/v1/rum?auth=daeNmSPycTtkXf7hcZUQXg' from origin 'https://www.betfair.es' has been blocked by CORS policy: No 'Access-Control-Allow-Origin' header is present on the requested resource. @ https://www.betfair.es/exchange/plus/es/f%C3%BAtbol/uefa-champions-league/galatasaray-juventus-apuestas-35207338:0
[   10119ms] [ERROR] Failed to load resource: net::ERR_FAILED @ https://rum-ingest.eu0.signalfx.com/v1/rum?auth=daeNmSPycTtkXf7hcZUQXg:0
[   16083ms] [WARNING] Error while trying to get football data soccerEventStats response invalid @ https://ie1eds.cdnppb.net/resources/eds/bundle/vendors~app.eff7c2f07.js:31
[   20226ms] [ERROR] Access to XMLHttpRequest at 'https://rum-ingest.eu0.signalfx.com/v1/rum?auth=daeNmSPycTtkXf7hcZUQXg' from origin 'https://www.betfair.es' has been blocked by CORS policy: No 'Access-Control-Allow-Origin' header is present on the requested resource. @ https://www.betfair.es/exchange/plus/es/f%C3%BAtbol/uefa-champions-league/galatasaray-juventus-apuestas-35207338:0
[   20227ms] [ERROR] Failed to load resource: net::ERR_FAILED @ https://rum-ingest.eu0.signalfx.com/v1/rum?auth=daeNmSPycTtkXf7hcZUQXg:0
[   31509ms] [WARNING] Error while trying to fetch shouldShowCashout undefined @ https://ie1eds.cdnppb.net/resources/eds/bundle/vendors~app.eff7c2f07.js:31
[   31690ms] [WARNING] Error while trying to fetch shouldShowCashout undefined @ https://ie1eds.cdnppb.net/resources/eds/bundle/vendors~app.eff7c2f07.js:31
[   44650ms] [WARNING] Error while trying to fetch shouldShowCashout undefined @ https://ie1eds.cdnppb.net/resources/eds/bundle/vendors~app.eff7c2f07.js:31
[   44667ms] [ERROR] Access to XMLHttpRequest at 'https://ips.betfair.es/inplayservice/v1/eventTimeline?_ak=nzIFcwyWhrlwYMrh&alt=json&locale=es&productType=EXCHANGE&regionCode=UK' from origin 'https://www.betfair.es' has been blocked by CORS policy: No 'Access-Control-Allow-Origin' header is present on the requested resource. @ https://www.betfair.es/exchange/plus/football/market/1.253377458:0
[   44667ms] [ERROR] Failed to load resource: net::ERR_FAILED @ https://ips.betfair.es/inplayservice/v1/eventTimeline?_ak=nzIFcwyWhrlwYMrh&alt=json&locale=es&productType=EXCHANGE&regionCode=UK:0
[   44667ms] [ERROR] Failed to load resource: the server responded with a status of 400 () @ https://smd.betfair.es/SeoMetadata/v1/getMetadata?_ak=nzIFcwyWhrlwYMrh&alt=json:0
[   48337ms] [ERROR] Access to XMLHttpRequest at 'https://rum-ingest.eu0.signalfx.com/v1/rum?auth=daeNmSPycTtkXf7hcZUQXg' from origin 'https://www.betfair.es' has been blocked by CORS policy: No 'Access-Control-Allow-Origin' header is present on the requested resource. @ https://www.betfair.es/exchange/plus/football/market/1.253377458:0
[   48338ms] [ERROR] Failed to load resource: net::ERR_FAILED @ https://rum-ingest.eu0.signalfx.com/v1/rum?auth=daeNmSPycTtkXf7hcZUQXg:0
[   54769ms] [ERROR] Access to XMLHttpRequest at 'https://rum-ingest.eu0.signalfx.com/v1/rum?auth=daeNmSPycTtkXf7hcZUQXg' from origin 'https://www.betfair.es' has been blocked by CORS policy: No 'Access-Control-Allow-Origin' header is present on the requested resource. @ https://www.betfair.es/exchange/plus/football/market/1.253377458:0
[   54770ms] [ERROR] Failed to load resource: net::ERR_FAILED @ https://rum-ingest.eu0.signalfx.com/v1/rum?auth=daeNmSPycTtkXf7hcZUQXg:0
[   59810ms] [WARNING] Error while trying to fetch shouldShowCashout undefined @ https://ie1eds.cdnppb.net/resources/eds/bundle/vendors~app.eff7c2f07.js:31
[   64105ms] [ERROR] Access to XMLHttpRequest at 'https://rum-ingest.eu0.signalfx.com/v1/rum?auth=daeNmSPycTtkXf7hcZUQXg' from origin 'https://www.betfair.es' has been blocked by CORS policy: No 'Access-Control-Allow-Origin' header is present on the requested resource. @ https://www.betfair.es/exchange/plus/football/market/1.253377458:0
[   64106ms] [ERROR] Failed to load resource: net::ERR_FAILED @ https://rum-ingest.eu0.signalfx.com/v1/rum?auth=daeNmSPycTtkXf7hcZUQXg:0
[   74910ms] [ERROR] Access to XMLHttpRequest at 'https://ips.betfair.es/inplayservice/v1/eventTimeline?_ak=nzIFcwyWhrlwYMrh&alt=json&locale=es&productType=EXCHANGE&regionCode=UK' from origin 'https://www.betfair.es' has been blocked by CORS policy: No 'Access-Control-Allow-Origin' header is present on the requested resource. @ https://www.betfair.es/exchange/plus/football/market/1.253377458:0
[   74910ms] [ERROR] Failed to load resource: net::ERR_FAILED @ https://ips.betfair.es/inplayservice/v1/eventTimeline?_ak=nzIFcwyWhrlwYMrh&alt=json&locale=es&productType=EXCHANGE&regionCode=UK:0
[   94308ms] [ERROR] Access to XMLHttpRequest at 'https://rum-ingest.eu0.signalfx.com/v1/rum?auth=daeNmSPycTtkXf7hcZUQXg' from origin 'https://www.betfair.es' has been blocked by CORS policy: No 'Access-Control-Allow-Origin' header is present on the requested resource. @ https://www.betfair.es/exchange/plus/football/market/1.253377458:0
[   94309ms] [ERROR] Failed to load resource: net::ERR_FAILED @ https://rum-ingest.eu0.signalfx.com/v1/rum?auth=daeNmSPycTtkXf7hcZUQXg:0
[  105080ms] [ERROR] Access to XMLHttpRequest at 'https://ips.betfair.es/inplayservice/v1/eventTimeline?_ak=nzIFcwyWhrlwYMrh&alt=json&locale=es&productType=EXCHANGE&regionCode=UK' from origin 'https://www.betfair.es' has been blocked by CORS policy: No 'Access-Control-Allow-Origin' header is present on the requested resource. @ https://www.betfair.es/exchange/plus/football/market/1.253377458:0
[  105081ms] [ERROR] Failed to load resource: net::ERR_FAILED @ https://ips.betfair.es/inplayservice/v1/eventTimeline?_ak=nzIFcwyWhrlwYMrh&alt=json&locale=es&productType=EXCHANGE&regionCode=UK:0
[  109381ms] [ERROR] Access to XMLHttpRequest at 'https://rum-ingest.eu0.signalfx.com/v1/rum?auth=daeNmSPycTtkXf7hcZUQXg' from origin 'https://www.betfair.es' has been blocked by CORS policy: No 'Access-Control-Allow-Origin' header is present on the requested resource. @ https://www.betfair.es/exchange/plus/football/market/1.253377458:0
[  109381ms] [ERROR] Failed to load resource: net::ERR_FAILED @ https://rum-ingest.eu0.signalfx.com/v1/rum?auth=daeNmSPycTtkXf7hcZUQXg:0
[  120342ms] [WARNING] Error while fetching manageMarketOnBetEngine Error: bettingType betting type must be one of ODDS, ASIAN_HANDICAP_SINGLE_LINE, ASIAN_HANDICAP_DOUBLE_LINE, LINE. Current value is "undefined"
    at o (https://ie1eds.cdnppb.net/resources/eds/bundle/vendors~app.eff7c2f07.js:1:3147)
    at A (https://ie1eds.cdnppb.net/resources/eds/bundle/vendors~app.eff7c2f07.js:1:4707)
    at new <anonymous> (https://ie1eds.cdnppb.net/resources/eds/bundle/vendors~app.eff7c2f07.js:16:81341)
    at https://ie1eds.cdnppb.net/resources/eds/bundle/vendors~app.eff7c2f07.js:26:170458
    at Fe (https://ie1eds.cdnppb.net/resources/eds/bundle/vendors~app.eff7c2f07.js:26:170642)
    at https://ie1eds.cdnppb.net/resources/eds/bundle/vendors~app.eff7c2f07.js:26:172299
    at Qe.addMarket (https://ie1eds.cdnppb.net/resources/eds/bundle/vendors~app.eff7c2f07.js:26:175254)
    at https://ie1eds.cdnppb.net/resources/eds/bundle/app.d7d788e33.js:1:798530
    at https://ie1eds.cdnppb.net/resources/eds/bundle/app.d7d788e33.js:1:798591
    at Array.forEach (<anonymous>) @ https://ie1eds.cdnppb.net/resources/eds/bundle/vendors~app.eff7c2f07.js:31
[  135258ms] [ERROR] Access to XMLHttpRequest at 'https://ips.betfair.es/inplayservice/v1/eventTimeline?_ak=nzIFcwyWhrlwYMrh&alt=json&locale=es&productType=EXCHANGE&regionCode=UK' from origin 'https://www.betfair.es' has been blocked by CORS policy: No 'Access-Control-Allow-Origin' header is present on the requested resource. @ https://www.betfair.es/exchange/plus/football/market/1.253377458:0
[  135258ms] [ERROR] Failed to load resource: net::ERR_FAILED @ https://ips.betfair.es/inplayservice/v1/eventTimeline?_ak=nzIFcwyWhrlwYMrh&alt=json&locale=es&productType=EXCHANGE&regionCode=UK:0
[  139644ms] [ERROR] Access to XMLHttpRequest at 'https://rum-ingest.eu0.signalfx.com/v1/rum?auth=daeNmSPycTtkXf7hcZUQXg' from origin 'https://www.betfair.es' has been blocked by CORS policy: No 'Access-Control-Allow-Origin' header is present on the requested resource. @ https://www.betfair.es/exchange/plus/football/market/1.253377458:0
[  139645ms] [ERROR] Failed to load resource: net::ERR_FAILED @ https://rum-ingest.eu0.signalfx.com/v1/rum?auth=daeNmSPycTtkXf7hcZUQXg:0
[  154628ms] [ERROR] Access to XMLHttpRequest at 'https://rum-ingest.eu0.signalfx.com/v1/rum?auth=daeNmSPycTtkXf7hcZUQXg' from origin 'https://www.betfair.es' has been blocked by CORS policy: No 'Access-Control-Allow-Origin' header is present on the requested resource. @ https://www.betfair.es/exchange/plus/football/market/1.253377458:0
[  154629ms] [ERROR] Failed to load resource: net::ERR_FAILED @ https://rum-ingest.eu0.signalfx.com/v1/rum?auth=daeNmSPycTtkXf7hcZUQXg:0
[  165364ms] [ERROR] Access to XMLHttpRequest at 'https://ips.betfair.es/inplayservice/v1/eventTimeline?_ak=nzIFcwyWhrlwYMrh&alt=json&locale=es&productType=EXCHANGE&regionCode=UK' from origin 'https://www.betfair.es' has been blocked by CORS policy: No 'Access-Control-Allow-Origin' header is present on the requested resource. @ https://www.betfair.es/exchange/plus/football/market/1.253377458:0
[  165365ms] [ERROR] Failed to load resource: net::ERR_FAILED @ https://ips.betfair.es/inplayservice/v1/eventTimeline?_ak=nzIFcwyWhrlwYMrh&alt=json&locale=es&productType=EXCHANGE&regionCode=UK:0
[  184747ms] [ERROR] Access to XMLHttpRequest at 'https://rum-ingest.eu0.signalfx.com/v1/rum?auth=daeNmSPycTtkXf7hcZUQXg' from origin 'https://www.betfair.es' has been blocked by CORS policy: No 'Access-Control-Allow-Origin' header is present on the requested resource. @ https://www.betfair.es/exchange/plus/football/market/1.253377458:0
[  184748ms] [ERROR] Failed to load resource: net::ERR_FAILED @ https://rum-ingest.eu0.signalfx.com/v1/rum?auth=daeNmSPycTtkXf7hcZUQXg:0
[  195496ms] [ERROR] Access to XMLHttpRequest at 'https://ips.betfair.es/inplayservice/v1/eventTimeline?_ak=nzIFcwyWhrlwYMrh&alt=json&locale=es&productType=EXCHANGE&regionCode=UK' from origin 'https://www.betfair.es' has been blocked by CORS policy: No 'Access-Control-Allow-Origin' header is present on the requested resource. @ https://www.betfair.es/exchange/plus/football/market/1.253377458:0
[  195496ms] [ERROR] Failed to load resource: net::ERR_FAILED @ https://ips.betfair.es/inplayservice/v1/eventTimeline?_ak=nzIFcwyWhrlwYMrh&alt=json&locale=es&productType=EXCHANGE&regionCode=UK:0
[  199883ms] [ERROR] Access to XMLHttpRequest at 'https://rum-ingest.eu0.signalfx.com/v1/rum?auth=daeNmSPycTtkXf7hcZUQXg' from origin 'https://www.betfair.es' has been blocked by CORS policy: No 'Access-Control-Allow-Origin' header is present on the requested resource. @ https://www.betfair.es/exchange/plus/football/market/1.253377458:0
[  199883ms] [ERROR] Failed to load resource: net::ERR_FAILED @ https://rum-ingest.eu0.signalfx.com/v1/rum?auth=daeNmSPycTtkXf7hcZUQXg:0
