[     594ms] [ERROR] Failed to load resource: the server responded with a status of 401 () @ https://apieds.betfair.es/api/eds/user-context/v4?_ak=nzIFcwyWhrlwYMrh:0
[     696ms] [WARNING] document.domain mutation is ignored because the surrounding agent cluster is origin-keyed. @ https://ie1eds.cdnppb.net/resources/eds/bundle/app.d7d788e33.js:0
[    4935ms] [ERROR] Access to XMLHttpRequest at 'https://rum-ingest.eu0.signalfx.com/v1/rum?auth=daeNmSPycTtkXf7hcZUQXg' from origin 'https://www.betfair.es' has been blocked by CORS policy: No 'Access-Control-Allow-Origin' header is present on the requested resource. @ https://www.betfair.es/exchange/plus/es/f%C3%BAtbol/champions-league-asi%C3%A1tica/al-sadd-al-ittihad-apuestas-35273530:0
[    4935ms] [ERROR] Failed to load resource: net::ERR_FAILED @ https://rum-ingest.eu0.signalfx.com/v1/rum?auth=daeNmSPycTtkXf7hcZUQXg:0
[    8864ms] [WARNING] document.domain mutation is ignored because the surrounding agent cluster is origin-keyed. @ https://ie1eds.cdnppb.net/resources/eds/bundle/app.d7d788e33.js:0
[    9443ms] [ERROR] Access to XMLHttpRequest at 'https://rum-ingest.eu0.signalfx.com/v1/rum?auth=daeNmSPycTtkXf7hcZUQXg' from origin 'https://www.betfair.es' has been blocked by CORS policy: No 'Access-Control-Allow-Origin' header is present on the requested resource. @ https://www.betfair.es/exchange/plus/es/f%C3%BAtbol/champions-league-asi%C3%A1tica/al-sadd-al-ittihad-apuestas-35273530?loginStatus=SUCCESS&ott=7mHX7YoMCS8r9JbQpjfXv9gEN2TaRQi4vSL0LaZNNNiDAF2aaWIsSSILgN2aVTck:0
[    9443ms] [ERROR] Failed to load resource: net::ERR_FAILED @ https://rum-ingest.eu0.signalfx.com/v1/rum?auth=daeNmSPycTtkXf7hcZUQXg:0
[   12037ms] [ERROR] Failed to load resource: net::ERR_NAME_NOT_RESOLVED @ https://service.maxymiser.net/api/eu/new_betfair.com/7bb08d/mmapi.js:0
[   16021ms] [ERROR] Failed to load resource: the server responded with a status of 400 () @ https://smd.betfair.es/SeoMetadata/v1/getMetadata?_ak=nzIFcwyWhrlwYMrh&alt=json:0
[   16243ms] [ERROR] Access to XMLHttpRequest at 'https://ips.betfair.es/inplayservice/v1/eventTimeline?_ak=nzIFcwyWhrlwYMrh&alt=json&locale=es&productType=EXCHANGE&regionCode=UK' from origin 'https://www.betfair.es' has been blocked by CORS policy: No 'Access-Control-Allow-Origin' header is present on the requested resource. @ https://www.betfair.es/exchange/plus/football/market/1.254135041:0
[   16243ms] [ERROR] Failed to load resource: net::ERR_FAILED @ https://ips.betfair.es/inplayservice/v1/eventTimeline?_ak=nzIFcwyWhrlwYMrh&alt=json&locale=es&productType=EXCHANGE&regionCode=UK:0
[   16393ms] [WARNING] Error while trying to fetch shouldShowCashout undefined @ https://ie1eds.cdnppb.net/resources/eds/bundle/vendors~app.eff7c2f07.js:31
[   17470ms] [ERROR] Access to XMLHttpRequest at 'https://rum-ingest.eu0.signalfx.com/v1/rum?auth=daeNmSPycTtkXf7hcZUQXg' from origin 'https://www.betfair.es' has been blocked by CORS policy: No 'Access-Control-Allow-Origin' header is present on the requested resource. @ https://www.betfair.es/exchange/plus/football/market/1.254135041:0
[   17471ms] [ERROR] Failed to load resource: net::ERR_FAILED @ https://rum-ingest.eu0.signalfx.com/v1/rum?auth=daeNmSPycTtkXf7hcZUQXg:0
[   21530ms] [ERROR] Access to XMLHttpRequest at 'https://rum-ingest.eu0.signalfx.com/v1/rum?auth=daeNmSPycTtkXf7hcZUQXg' from origin 'https://www.betfair.es' has been blocked by CORS policy: No 'Access-Control-Allow-Origin' header is present on the requested resource. @ https://www.betfair.es/exchange/plus/football/market/1.254135041:0
[   21531ms] [ERROR] Failed to load resource: net::ERR_FAILED @ https://rum-ingest.eu0.signalfx.com/v1/rum?auth=daeNmSPycTtkXf7hcZUQXg:0
[   24277ms] [WARNING] document.domain mutation is ignored because the surrounding agent cluster is origin-keyed. @ https://ie1eds.cdnppb.net/resources/eds/bundle/app.d7d788e33.js:0
[   24583ms] [ERROR] Failed to load resource: the server responded with a status of 400 () @ https://smd.betfair.es/SeoMetadata/v1/getMetadata?_ak=nzIFcwyWhrlwYMrh&alt=json:0
[   24921ms] [ERROR] Access to XMLHttpRequest at 'https://ips.betfair.es/inplayservice/v1/eventTimeline?_ak=nzIFcwyWhrlwYMrh&alt=json&locale=es&productType=EXCHANGE&regionCode=UK' from origin 'https://www.betfair.es' has been blocked by CORS policy: No 'Access-Control-Allow-Origin' header is present on the requested resource. @ https://www.betfair.es/exchange/plus/football/market/1.254135041:0
[   24921ms] [ERROR] Failed to load resource: net::ERR_FAILED @ https://ips.betfair.es/inplayservice/v1/eventTimeline?_ak=nzIFcwyWhrlwYMrh&alt=json&locale=es&productType=EXCHANGE&regionCode=UK:0
[   24993ms] [WARNING] Error while trying to fetch shouldShowCashout undefined @ https://ie1eds.cdnppb.net/resources/eds/bundle/vendors~app.eff7c2f07.js:31
[   28809ms] [ERROR] Access to XMLHttpRequest at 'https://rum-ingest.eu0.signalfx.com/v1/rum?auth=daeNmSPycTtkXf7hcZUQXg' from origin 'https://www.betfair.es' has been blocked by CORS policy: No 'Access-Control-Allow-Origin' header is present on the requested resource. @ https://www.betfair.es/exchange/plus/football/market/1.254135041:0
[   28809ms] [ERROR] Failed to load resource: net::ERR_FAILED @ https://rum-ingest.eu0.signalfx.com/v1/rum?auth=daeNmSPycTtkXf7hcZUQXg:0
[   29769ms] [WARNING] Error while trying to get football data soccerEventStats response invalid @ https://ie1eds.cdnppb.net/resources/eds/bundle/vendors~app.eff7c2f07.js:31
[   30041ms] [ERROR] Failed to load resource: net::ERR_NAME_NOT_RESOLVED @ https://service.maxymiser.net/api/eu/new_betfair.com/7bb08d/mmapi.js:0
[   46530ms] [ERROR] Access to XMLHttpRequest at 'https://rum-ingest.eu0.signalfx.com/v1/rum?auth=daeNmSPycTtkXf7hcZUQXg' from origin 'https://www.betfair.es' has been blocked by CORS policy: No 'Access-Control-Allow-Origin' header is present on the requested resource. @ https://www.betfair.es/exchange/plus/es/f%C3%BAtbol/champions-league-asi%C3%A1tica/al-sadd-al-ittihad-apuestas-35273530?loginStatus=SUCCESS&ott=7mHX7YoMCS8r9JbQpjfXv9gEN2TaRQi4vSL0LaZNNNiDAF2aaWIsSSILgN2aVTck:0
[   46530ms] [ERROR] Failed to load resource: net::ERR_FAILED @ https://rum-ingest.eu0.signalfx.com/v1/rum?auth=daeNmSPycTtkXf7hcZUQXg:0
[   50867ms] [ERROR] Access to XMLHttpRequest at 'https://rum-ingest.eu0.signalfx.com/v1/rum?auth=daeNmSPycTtkXf7hcZUQXg' from origin 'https://www.betfair.es' has been blocked by CORS policy: No 'Access-Control-Allow-Origin' header is present on the requested resource. @ https://www.betfair.es/exchange/plus/es/f%C3%BAtbol/champions-league-asi%C3%A1tica/al-sadd-al-ittihad-apuestas-35273530?loginStatus=SUCCESS&ott=7mHX7YoMCS8r9JbQpjfXv9gEN2TaRQi4vSL0LaZNNNiDAF2aaWIsSSILgN2aVTck:0
[   50868ms] [ERROR] Failed to load resource: net::ERR_FAILED @ https://rum-ingest.eu0.signalfx.com/v1/rum?auth=daeNmSPycTtkXf7hcZUQXg:0
[   55266ms] [ERROR] Access to XMLHttpRequest at 'https://rum-ingest.eu0.signalfx.com/v1/rum?auth=daeNmSPycTtkXf7hcZUQXg' from origin 'https://www.betfair.es' has been blocked by CORS policy: No 'Access-Control-Allow-Origin' header is present on the requested resource. @ https://www.betfair.es/exchange/plus/es/f%C3%BAtbol/champions-league-asi%C3%A1tica/al-sadd-al-ittihad-apuestas-35273530?loginStatus=SUCCESS&ott=7mHX7YoMCS8r9JbQpjfXv9gEN2TaRQi4vSL0LaZNNNiDAF2aaWIsSSILgN2aVTck:0
[   55266ms] [ERROR] Failed to load resource: net::ERR_FAILED @ https://rum-ingest.eu0.signalfx.com/v1/rum?auth=daeNmSPycTtkXf7hcZUQXg:0
[   57055ms] [WARNING] document.domain mutation is ignored because the surrounding agent cluster is origin-keyed. @ https://ie1eds.cdnppb.net/resources/eds/bundle/app.d7d788e33.js:0
[   57644ms] [ERROR] Access to XMLHttpRequest at 'https://rum-ingest.eu0.signalfx.com/v1/rum?auth=daeNmSPycTtkXf7hcZUQXg' from origin 'https://www.betfair.es' has been blocked by CORS policy: No 'Access-Control-Allow-Origin' header is present on the requested resource. @ https://www.betfair.es/exchange/plus/es/f%C3%BAtbol/champions-league-asi%C3%A1tica/al-sadd-al-ittihad-apuestas-35273530?loginStatus=SUCCESS&ott=7mHX7YoMCS8r9JbQpjfXv9gEN2TaRQi4vSL0LaZNNNiDAF2aaWIsSSILgN2aVTck:0
[   57644ms] [ERROR] Failed to load resource: net::ERR_FAILED @ https://rum-ingest.eu0.signalfx.com/v1/rum?auth=daeNmSPycTtkXf7hcZUQXg:0
[   57728ms] [ERROR] Failed to load resource: net::ERR_NAME_NOT_RESOLVED @ https://service.maxymiser.net/api/eu/new_betfair.com/7bb08d/mmapi.js:0
[   60822ms] [ERROR] Failed to load resource: the server responded with a status of 400 () @ https://smd.betfair.es/SeoMetadata/v1/getMetadata?_ak=nzIFcwyWhrlwYMrh&alt=json:0
[   61033ms] [ERROR] Access to XMLHttpRequest at 'https://ips.betfair.es/inplayservice/v1/eventTimeline?_ak=nzIFcwyWhrlwYMrh&alt=json&locale=es&productType=EXCHANGE&regionCode=UK' from origin 'https://www.betfair.es' has been blocked by CORS policy: No 'Access-Control-Allow-Origin' header is present on the requested resource. @ https://www.betfair.es/exchange/plus/football/market/1.254135041:0
[   61033ms] [ERROR] Failed to load resource: net::ERR_FAILED @ https://ips.betfair.es/inplayservice/v1/eventTimeline?_ak=nzIFcwyWhrlwYMrh&alt=json&locale=es&productType=EXCHANGE&regionCode=UK:0
[   61193ms] [WARNING] Error while trying to fetch shouldShowCashout undefined @ https://ie1eds.cdnppb.net/resources/eds/bundle/vendors~app.eff7c2f07.js:31
[   64609ms] [ERROR] Access to XMLHttpRequest at 'https://rum-ingest.eu0.signalfx.com/v1/rum?auth=daeNmSPycTtkXf7hcZUQXg' from origin 'https://www.betfair.es' has been blocked by CORS policy: No 'Access-Control-Allow-Origin' header is present on the requested resource. @ https://www.betfair.es/exchange/plus/football/market/1.254135041:0
[   64610ms] [ERROR] Failed to load resource: net::ERR_FAILED @ https://rum-ingest.eu0.signalfx.com/v1/rum?auth=daeNmSPycTtkXf7hcZUQXg:0
[   66200ms] [WARNING] init timeout error {data: null, status: -1, headers: , config: Object, statusText: } @ https://ie1eds.cdnppb.net/resources/eds/bundle/vendors~app.eff7c2f07.js:31
[   66578ms] [ERROR] Failed to load resource: net::ERR_NAME_NOT_RESOLVED @ https://service.maxymiser.net/api/eu/new_betfair.com/7bb08d/mmapi.js:0
[   87443ms] [ERROR] Access to XMLHttpRequest at 'https://rum-ingest.eu0.signalfx.com/v1/rum?auth=daeNmSPycTtkXf7hcZUQXg' from origin 'https://www.betfair.es' has been blocked by CORS policy: No 'Access-Control-Allow-Origin' header is present on the requested resource. @ https://www.betfair.es/exchange/plus/es/f%C3%BAtbol/champions-league-asi%C3%A1tica/al-sadd-al-ittihad-apuestas-35273530?loginStatus=SUCCESS&ott=7mHX7YoMCS8r9JbQpjfXv9gEN2TaRQi4vSL0LaZNNNiDAF2aaWIsSSILgN2aVTck:0
[   87443ms] [ERROR] Failed to load resource: net::ERR_FAILED @ https://rum-ingest.eu0.signalfx.com/v1/rum?auth=daeNmSPycTtkXf7hcZUQXg:0
[   91795ms] [ERROR] Access to XMLHttpRequest at 'https://rum-ingest.eu0.signalfx.com/v1/rum?auth=daeNmSPycTtkXf7hcZUQXg' from origin 'https://www.betfair.es' has been blocked by CORS policy: No 'Access-Control-Allow-Origin' header is present on the requested resource. @ https://www.betfair.es/exchange/plus/es/f%C3%BAtbol/champions-league-asi%C3%A1tica/al-sadd-al-ittihad-apuestas-35273530?loginStatus=SUCCESS&ott=7mHX7YoMCS8r9JbQpjfXv9gEN2TaRQi4vSL0LaZNNNiDAF2aaWIsSSILgN2aVTck:0
[   91796ms] [ERROR] Failed to load resource: net::ERR_FAILED @ https://rum-ingest.eu0.signalfx.com/v1/rum?auth=daeNmSPycTtkXf7hcZUQXg:0
[   95291ms] [ERROR] Access to XMLHttpRequest at 'https://ips.betfair.es/inplayservice/v1/eventTimeline?_ak=nzIFcwyWhrlwYMrh&alt=json&locale=es&productType=EXCHANGE&regionCode=UK' from origin 'https://www.betfair.es' has been blocked by CORS policy: No 'Access-Control-Allow-Origin' header is present on the requested resource. @ https://www.betfair.es/exchange/plus/es/f%C3%BAtbol/champions-league-asi%C3%A1tica/al-sadd-al-ittihad-apuestas-35273530?loginStatus=SUCCESS&ott=7mHX7YoMCS8r9JbQpjfXv9gEN2TaRQi4vSL0LaZNNNiDAF2aaWIsSSILgN2aVTck:0
[   95291ms] [ERROR] Failed to load resource: net::ERR_FAILED @ https://ips.betfair.es/inplayservice/v1/eventTimeline?_ak=nzIFcwyWhrlwYMrh&alt=json&locale=es&productType=EXCHANGE&regionCode=UK:0
[  104938ms] [ERROR] Access to XMLHttpRequest at 'https://rum-ingest.eu0.signalfx.com/v1/rum?auth=daeNmSPycTtkXf7hcZUQXg' from origin 'https://www.betfair.es' has been blocked by CORS policy: No 'Access-Control-Allow-Origin' header is present on the requested resource. @ https://www.betfair.es/exchange/plus/es/f%C3%BAtbol/champions-league-asi%C3%A1tica/al-sadd-al-ittihad-apuestas-35273530?loginStatus=SUCCESS&ott=7mHX7YoMCS8r9JbQpjfXv9gEN2TaRQi4vSL0LaZNNNiDAF2aaWIsSSILgN2aVTck:0
[  104938ms] [ERROR] Failed to load resource: net::ERR_FAILED @ https://rum-ingest.eu0.signalfx.com/v1/rum?auth=daeNmSPycTtkXf7hcZUQXg:0
[  113678ms] [ERROR] Access to XMLHttpRequest at 'https://rum-ingest.eu0.signalfx.com/v1/rum?auth=daeNmSPycTtkXf7hcZUQXg' from origin 'https://www.betfair.es' has been blocked by CORS policy: No 'Access-Control-Allow-Origin' header is present on the requested resource. @ https://www.betfair.es/exchange/plus/es/f%C3%BAtbol/champions-league-asi%C3%A1tica/al-sadd-al-ittihad-apuestas-35273530?loginStatus=SUCCESS&ott=7mHX7YoMCS8r9JbQpjfXv9gEN2TaRQi4vSL0LaZNNNiDAF2aaWIsSSILgN2aVTck:0
[  113678ms] [ERROR] Failed to load resource: net::ERR_FAILED @ https://rum-ingest.eu0.signalfx.com/v1/rum?auth=daeNmSPycTtkXf7hcZUQXg:0
[  125387ms] [ERROR] Access to XMLHttpRequest at 'https://ips.betfair.es/inplayservice/v1/eventTimeline?_ak=nzIFcwyWhrlwYMrh&alt=json&locale=es&productType=EXCHANGE&regionCode=UK' from origin 'https://www.betfair.es' has been blocked by CORS policy: No 'Access-Control-Allow-Origin' header is present on the requested resource. @ https://www.betfair.es/exchange/plus/es/f%C3%BAtbol/champions-league-asi%C3%A1tica/al-sadd-al-ittihad-apuestas-35273530?loginStatus=SUCCESS&ott=7mHX7YoMCS8r9JbQpjfXv9gEN2TaRQi4vSL0LaZNNNiDAF2aaWIsSSILgN2aVTck:0
[  125388ms] [ERROR] Failed to load resource: net::ERR_FAILED @ https://ips.betfair.es/inplayservice/v1/eventTimeline?_ak=nzIFcwyWhrlwYMrh&alt=json&locale=es&productType=EXCHANGE&regionCode=UK:0
[  127581ms] [WARNING] document.domain mutation is ignored because the surrounding agent cluster is origin-keyed. @ https://ie2eds.cdnppb.net/resources/eds/bundle/app.d7d788e33.js:0
[  128242ms] [ERROR] Access to XMLHttpRequest at 'https://rum-ingest.eu0.signalfx.com/v1/rum?auth=daeNmSPycTtkXf7hcZUQXg' from origin 'https://www.betfair.es' has been blocked by CORS policy: No 'Access-Control-Allow-Origin' header is present on the requested resource. @ https://www.betfair.es/exchange/plus/es/f%C3%BAtbol/champions-league-asi%C3%A1tica/al-sadd-al-ittihad-apuestas-35273530?loginStatus=SUCCESS&ott=7mHX7YoMCS8r9JbQpjfXv9gEN2TaRQi4vSL0LaZNNNiDAF2aaWIsSSILgN2aVTck:0
[  128242ms] [ERROR] Failed to load resource: net::ERR_FAILED @ https://rum-ingest.eu0.signalfx.com/v1/rum?auth=daeNmSPycTtkXf7hcZUQXg:0
[  129757ms] [ERROR] Failed to load resource: net::ERR_NAME_NOT_RESOLVED @ https://service.maxymiser.net/api/eu/new_betfair.com/7bb08d/mmapi.js:0
[  132250ms] [ERROR] Access to XMLHttpRequest at 'https://rum-ingest.eu0.signalfx.com/v1/rum?auth=daeNmSPycTtkXf7hcZUQXg' from origin 'https://www.betfair.es' has been blocked by CORS policy: No 'Access-Control-Allow-Origin' header is present on the requested resource. @ https://www.betfair.es/exchange/plus/es/f%C3%BAtbol/champions-league-asi%C3%A1tica/al-sadd-al-ittihad-apuestas-35273530?loginStatus=SUCCESS&ott=7mHX7YoMCS8r9JbQpjfXv9gEN2TaRQi4vSL0LaZNNNiDAF2aaWIsSSILgN2aVTck:0
[  132250ms] [ERROR] Failed to load resource: net::ERR_FAILED @ https://rum-ingest.eu0.signalfx.com/v1/rum?auth=daeNmSPycTtkXf7hcZUQXg:0
[  141606ms] [ERROR] Access to XMLHttpRequest at 'https://rum-ingest.eu0.signalfx.com/v1/rum?auth=daeNmSPycTtkXf7hcZUQXg' from origin 'https://www.betfair.es' has been blocked by CORS policy: No 'Access-Control-Allow-Origin' header is present on the requested resource. @ https://www.betfair.es/exchange/plus/es/f%C3%BAtbol/champions-league-asi%C3%A1tica/al-sadd-al-ittihad-apuestas-35273530?loginStatus=SUCCESS&ott=7mHX7YoMCS8r9JbQpjfXv9gEN2TaRQi4vSL0LaZNNNiDAF2aaWIsSSILgN2aVTck:0
[  141606ms] [ERROR] Failed to load resource: net::ERR_FAILED @ https://rum-ingest.eu0.signalfx.com/v1/rum?auth=daeNmSPycTtkXf7hcZUQXg:0
[  159130ms] [ERROR] Failed to load resource: net::ERR_NAME_NOT_RESOLVED @ https://service.maxymiser.net/api/eu/new_betfair.com/7bb08d/mmapi.js:0
[  159207ms] [ERROR] Access to XMLHttpRequest at 'https://rum-ingest.eu0.signalfx.com/v1/rum?auth=daeNmSPycTtkXf7hcZUQXg' from origin 'https://www.betfair.es' has been blocked by CORS policy: No 'Access-Control-Allow-Origin' header is present on the requested resource. @ https://www.betfair.es/exchange/plus/football/market/1.254135037:0
[  159207ms] [ERROR] Failed to load resource: net::ERR_FAILED @ https://rum-ingest.eu0.signalfx.com/v1/rum?auth=daeNmSPycTtkXf7hcZUQXg:0
[  167890ms] [ERROR] Access to XMLHttpRequest at 'https://rum-ingest.eu0.signalfx.com/v1/rum?auth=daeNmSPycTtkXf7hcZUQXg' from origin 'https://www.betfair.es' has been blocked by CORS policy: No 'Access-Control-Allow-Origin' header is present on the requested resource. @ https://www.betfair.es/exchange/plus/football/market/1.254135039:0
[  167890ms] [ERROR] Failed to load resource: net::ERR_FAILED @ https://rum-ingest.eu0.signalfx.com/v1/rum?auth=daeNmSPycTtkXf7hcZUQXg:0
[  176661ms] [ERROR] Access to XMLHttpRequest at 'https://rum-ingest.eu0.signalfx.com/v1/rum?auth=daeNmSPycTtkXf7hcZUQXg' from origin 'https://www.betfair.es' has been blocked by CORS policy: No 'Access-Control-Allow-Origin' header is present on the requested resource. @ https://www.betfair.es/exchange/plus/football/market/1.254135039:0
[  176661ms] [ERROR] Failed to load resource: net::ERR_FAILED @ https://rum-ingest.eu0.signalfx.com/v1/rum?auth=daeNmSPycTtkXf7hcZUQXg:0
[  180989ms] [ERROR] Access to XMLHttpRequest at 'https://rum-ingest.eu0.signalfx.com/v1/rum?auth=daeNmSPycTtkXf7hcZUQXg' from origin 'https://www.betfair.es' has been blocked by CORS policy: No 'Access-Control-Allow-Origin' header is present on the requested resource. @ https://www.betfair.es/exchange/plus/football/market/1.254135039:0
[  180989ms] [ERROR] Failed to load resource: net::ERR_FAILED @ https://rum-ingest.eu0.signalfx.com/v1/rum?auth=daeNmSPycTtkXf7hcZUQXg:0
[  183461ms] [WARNING] document.domain mutation is ignored because the surrounding agent cluster is origin-keyed. @ https://ie1eds.cdnppb.net/resources/eds/bundle/app.d7d788e33.js:0
[  183942ms] [ERROR] Failed to load resource: net::ERR_NAME_NOT_RESOLVED @ https://service.maxymiser.net/api/eu/new_betfair.com/7bb08d/mmapi.js:0
[  184063ms] [ERROR] Access to XMLHttpRequest at 'https://rum-ingest.eu0.signalfx.com/v1/rum?auth=daeNmSPycTtkXf7hcZUQXg' from origin 'https://www.betfair.es' has been blocked by CORS policy: No 'Access-Control-Allow-Origin' header is present on the requested resource. @ https://www.betfair.es/exchange/plus/football/market/1.254135039:0
[  184064ms] [ERROR] Failed to load resource: net::ERR_FAILED @ https://rum-ingest.eu0.signalfx.com/v1/rum?auth=daeNmSPycTtkXf7hcZUQXg:0
[  192991ms] [ERROR] Access to XMLHttpRequest at 'https://rum-ingest.eu0.signalfx.com/v1/rum?auth=daeNmSPycTtkXf7hcZUQXg' from origin 'https://www.betfair.es' has been blocked by CORS policy: No 'Access-Control-Allow-Origin' header is present on the requested resource. @ https://www.betfair.es/exchange/plus/football/market/1.254135039:0
[  192992ms] [ERROR] Failed to load resource: net::ERR_FAILED @ https://rum-ingest.eu0.signalfx.com/v1/rum?auth=daeNmSPycTtkXf7hcZUQXg:0
[  201711ms] [ERROR] Access to XMLHttpRequest at 'https://rum-ingest.eu0.signalfx.com/v1/rum?auth=daeNmSPycTtkXf7hcZUQXg' from origin 'https://www.betfair.es' has been blocked by CORS policy: No 'Access-Control-Allow-Origin' header is present on the requested resource. @ https://www.betfair.es/exchange/plus/football/market/1.254135039:0
[  201712ms] [ERROR] Failed to load resource: net::ERR_FAILED @ https://rum-ingest.eu0.signalfx.com/v1/rum?auth=daeNmSPycTtkXf7hcZUQXg:0
[  214939ms] [ERROR] Access to XMLHttpRequest at 'https://rum-ingest.eu0.signalfx.com/v1/rum?auth=daeNmSPycTtkXf7hcZUQXg' from origin 'https://www.betfair.es' has been blocked by CORS policy: No 'Access-Control-Allow-Origin' header is present on the requested resource. @ https://www.betfair.es/exchange/plus/football/market/1.254135039:0
[  214940ms] [ERROR] Failed to load resource: net::ERR_FAILED @ https://rum-ingest.eu0.signalfx.com/v1/rum?auth=daeNmSPycTtkXf7hcZUQXg:0
[  232441ms] [ERROR] Access to XMLHttpRequest at 'https://rum-ingest.eu0.signalfx.com/v1/rum?auth=daeNmSPycTtkXf7hcZUQXg' from origin 'https://www.betfair.es' has been blocked by CORS policy: No 'Access-Control-Allow-Origin' header is present on the requested resource. @ https://www.betfair.es/exchange/plus/football/market/1.254135039:0
[  232441ms] [ERROR] Failed to load resource: net::ERR_FAILED @ https://rum-ingest.eu0.signalfx.com/v1/rum?auth=daeNmSPycTtkXf7hcZUQXg:0
[  249992ms] [ERROR] Access to XMLHttpRequest at 'https://rum-ingest.eu0.signalfx.com/v1/rum?auth=daeNmSPycTtkXf7hcZUQXg' from origin 'https://www.betfair.es' has been blocked by CORS policy: No 'Access-Control-Allow-Origin' header is present on the requested resource. @ https://www.betfair.es/exchange/plus/football/market/1.254135039:0
[  249992ms] [ERROR] Failed to load resource: net::ERR_FAILED @ https://rum-ingest.eu0.signalfx.com/v1/rum?auth=daeNmSPycTtkXf7hcZUQXg:0
[  257709ms] [WARNING] document.domain mutation is ignored because the surrounding agent cluster is origin-keyed. @ https://ie2eds.cdnppb.net/resources/eds/bundle/app.d7d788e33.js:0
[  258339ms] [ERROR] Access to XMLHttpRequest at 'https://rum-ingest.eu0.signalfx.com/v1/rum?auth=daeNmSPycTtkXf7hcZUQXg' from origin 'https://www.betfair.es' has been blocked by CORS policy: No 'Access-Control-Allow-Origin' header is present on the requested resource. @ https://www.betfair.es/exchange/plus/football/market/1.254135039:0
[  258339ms] [ERROR] Failed to load resource: net::ERR_FAILED @ https://rum-ingest.eu0.signalfx.com/v1/rum?auth=daeNmSPycTtkXf7hcZUQXg:0
[  261978ms] [ERROR] Access to XMLHttpRequest at 'https://rum-ingest.eu0.signalfx.com/v1/rum?auth=daeNmSPycTtkXf7hcZUQXg' from origin 'https://www.betfair.es' has been blocked by CORS policy: No 'Access-Control-Allow-Origin' header is present on the requested resource. @ https://www.betfair.es/exchange/plus/football/market/1.254135039:0
[  261978ms] [ERROR] Failed to load resource: net::ERR_FAILED @ https://rum-ingest.eu0.signalfx.com/v1/rum?auth=daeNmSPycTtkXf7hcZUQXg:0
[  263502ms] [ERROR] Failed to load resource: net::ERR_NAME_NOT_RESOLVED @ https://service.maxymiser.net/api/eu/new_betfair.com/7bb08d/mmapi.js:0
[  265983ms] [ERROR] Access to XMLHttpRequest at 'https://rum-ingest.eu0.signalfx.com/v1/rum?auth=daeNmSPycTtkXf7hcZUQXg' from origin 'https://www.betfair.es' has been blocked by CORS policy: No 'Access-Control-Allow-Origin' header is present on the requested resource. @ https://www.betfair.es/exchange/plus/football/market/1.254135039:0
[  265984ms] [ERROR] Failed to load resource: net::ERR_FAILED @ https://rum-ingest.eu0.signalfx.com/v1/rum?auth=daeNmSPycTtkXf7hcZUQXg:0
[  270424ms] [ERROR] Access to XMLHttpRequest at 'https://rum-ingest.eu0.signalfx.com/v1/rum?auth=daeNmSPycTtkXf7hcZUQXg' from origin 'https://www.betfair.es' has been blocked by CORS policy: No 'Access-Control-Allow-Origin' header is present on the requested resource. @ https://www.betfair.es/exchange/plus/football/market/1.254135039:0
[  270424ms] [ERROR] Failed to load resource: net::ERR_FAILED @ https://rum-ingest.eu0.signalfx.com/v1/rum?auth=daeNmSPycTtkXf7hcZUQXg:0
[  279244ms] [ERROR] Access to XMLHttpRequest at 'https://rum-ingest.eu0.signalfx.com/v1/rum?auth=daeNmSPycTtkXf7hcZUQXg' from origin 'https://www.betfair.es' has been blocked by CORS policy: No 'Access-Control-Allow-Origin' header is present on the requested resource. @ https://www.betfair.es/exchange/plus/football/market/1.254135039:0
[  279245ms] [ERROR] Failed to load resource: net::ERR_FAILED @ https://rum-ingest.eu0.signalfx.com/v1/rum?auth=daeNmSPycTtkXf7hcZUQXg:0
[  288003ms] [ERROR] Access to XMLHttpRequest at 'https://rum-ingest.eu0.signalfx.com/v1/rum?auth=daeNmSPycTtkXf7hcZUQXg' from origin 'https://www.betfair.es' has been blocked by CORS policy: No 'Access-Control-Allow-Origin' header is present on the requested resource. @ https://www.betfair.es/exchange/plus/football/market/1.254135039:0
[  288004ms] [ERROR] Failed to load resource: net::ERR_FAILED @ https://rum-ingest.eu0.signalfx.com/v1/rum?auth=daeNmSPycTtkXf7hcZUQXg:0
