[     323ms] [WARNING] document.domain mutation is ignored because the surrounding agent cluster is origin-keyed. @ https://ie1eds.cdnppb.net/resources/eds/bundle/app.d7d788e33.js:0
[     685ms] Uncaught TypeError: Cannot read properties of undefined (reading 'updateLoginLogoutReturnUrl')
    at updateLoginLogoutReturnUrl (https://ie1eds.cdnppb.net/resources/eds/bundle/app.d7d788e33.js:0:1229900)
    at <anonymous> (https://ie1eds.cdnppb.net/resources/eds/bundle/app.d7d788e33.js:0:1229075)
    at <anonymous> (https://ie1eds.cdnppb.net/resources/eds/bundle/vendors~app.eff7c2f07.js:64:193189)
    at t.__tryOrUnsub (https://ie1eds.cdnppb.net/resources/eds/bundle/vendors~app.eff7c2f07.js:15:4915)
    at t.next (https://ie1eds.cdnppb.net/resources/eds/bundle/vendors~app.eff7c2f07.js:15:4060)
    at t._next (https://ie1eds.cdnppb.net/resources/eds/bundle/vendors~app.eff7c2f07.js:15:3136)
    at t.next (https://ie1eds.cdnppb.net/resources/eds/bundle/vendors~app.eff7c2f07.js:15:2807)
    at t._next (https://ie1eds.cdnppb.net/resources/eds/bundle/vendors~app.eff7c2f07.js:15:3136)
    at t.next (https://ie1eds.cdnppb.net/resources/eds/bundle/vendors~app.eff7c2f07.js:15:2807)
    at t._next (https://ie1eds.cdnppb.net/resources/eds/bundle/vendors~app.eff7c2f07.js:64:229996)
    at t.next (https://ie1eds.cdnppb.net/resources/eds/bundle/vendors~app.eff7c2f07.js:15:2807)
    at t.next (https://ie1eds.cdnppb.net/resources/eds/bundle/vendors~app.eff7c2f07.js:15:178848)
    at t.nextInfiniteTimeWindow (https://ie1eds.cdnppb.net/resources/eds/bundle/vendors~app.eff7c2f07.js:64:234250)
    at next (https://ie1eds.cdnppb.net/resources/eds/bundle/vendors~app.eff7c2f07.js:64:235661)
    at t.__tryOrUnsub (https://ie1eds.cdnppb.net/resources/eds/bundle/vendors~app.eff7c2f07.js:15:4915)
    at t.next (https://ie1eds.cdnppb.net/resources/eds/bundle/vendors~app.eff7c2f07.js:15:4060)
    at t._next (https://ie1eds.cdnppb.net/resources/eds/bundle/vendors~app.eff7c2f07.js:15:3136)
    at t.next (https://ie1eds.cdnppb.net/resources/eds/bundle/vendors~app.eff7c2f07.js:15:2807)
    at t._next (https://ie1eds.cdnppb.net/resources/eds/bundle/vendors~app.eff7c2f07.js:64:219321)
    at t.next (https://ie1eds.cdnppb.net/resources/eds/bundle/vendors~app.eff7c2f07.js:15:2807)
    at t._next (https://ie1eds.cdnppb.net/resources/eds/bundle/vendors~app.eff7c2f07.js:64:220480)
    at t.next (https://ie1eds.cdnppb.net/resources/eds/bundle/vendors~app.eff7c2f07.js:15:2807)
    at t._next (https://ie1eds.cdnppb.net/resources/eds/bundle/vendors~app.eff7c2f07.js:64:219321)
    at t.next (https://ie1eds.cdnppb.net/resources/eds/bundle/vendors~app.eff7c2f07.js:15:2807)
    at t._next (https://ie1eds.cdnppb.net/resources/eds/bundle/vendors~app.eff7c2f07.js:15:150676)
    at t.next (https://ie1eds.cdnppb.net/resources/eds/bundle/vendors~app.eff7c2f07.js:15:2807)
    at n (https://ie1eds.cdnppb.net/resources/eds/bundle/vendors~app.eff7c2f07.js:64:190018)
    at p (https://ie1eds.cdnppb.net/resources/eds/bundle/vendors~app.eff7c2f07.js:64:189652)
    at <anonymous> (https://ie1eds.cdnppb.net/resources/eds/bundle/app.d7d788e33.js:0:849905)
    at <anonymous> (https://ie1eds.cdnppb.net/resources/eds/bundle/app.d7d788e33.js:0:867771)
    at <anonymous> (https://ie1eds.cdnppb.net/resources/eds/bundle/app.d7d788e33.js:0:838560)
    at dispatch (https://ie1eds.cdnppb.net/resources/eds/bundle/vendors~app.eff7c2f07.js:64:193771)
    at <anonymous> (https://ie1eds.cdnppb.net/resources/eds/bundle/app.d7d788e33.js:0:886039)
    at <anonymous> (https://ie1eds.cdnppb.net/resources/eds/bundle/vendors~app.eff7c2f07.js:31:95584)
    at <anonymous> (https://ie1eds.cdnppb.net/resources/eds/bundle/vendors~app.eff7c2f07.js:31:95722)
    at $digest (https://ie1eds.cdnppb.net/resources/eds/bundle/vendors~app.eff7c2f07.js:31:100891)
    at $apply (https://ie1eds.cdnppb.net/resources/eds/bundle/vendors~app.eff7c2f07.js:31:103070)
    at <anonymous> (https://ie1eds.cdnppb.net/resources/eds/bundle/vendors~app.eff7c2f07.js:31:103218)
    at Qr.completeTask (https://ie1eds.cdnppb.net/resources/eds/bundle/vendors~app.eff7c2f07.js:31:123751)
    at <anonymous> (https://ie1eds.cdnppb.net/resources/eds/bundle/vendors~app.eff7c2f07.js:31:34476)
[     685ms] Uncaught [object Object]
    at error (https://www.googletagmanager.com/gtm.js?id=GTM-P32JX6:211:503)
    at c.l.onerror (https://www.googletagmanager.com/gtm.js?id=GTM-P32JX6:220:160)
[     750ms] [ERROR] Access to XMLHttpRequest at 'https://movableink.betfair.com/p/wc?url=https%3A%2F%2Fwww.betfair.es%2Fexchange%2Fplus%2Fes%2Ff%25C3%25BAtbol-apuestas-1%2Finplay%2F3' from origin 'https://www.betfair.es' has been blocked by CORS policy: The 'Access-Control-Allow-Origin' header has a value 'https://betfair.com' that is not equal to the supplied origin. @ https://www.betfair.es/exchange/plus/es/f%C3%BAtbol-apuestas-1/inplay:0
[     750ms] [ERROR] Failed to load resource: net::ERR_FAILED @ https://movableink.betfair.com/p/wc?url=https%3A%2F%2Fwww.betfair.es%2Fexchange%2Fplus%2Fes%2Ff%25C3%25BAtbol-apuestas-1%2Finplay%2F3:0
[    1527ms] [ERROR] Access to XMLHttpRequest at 'https://movableink.betfair.com/p/wc?url=https%3A%2F%2Fwww.betfair.es%2Fexchange%2Fplus%2Fes%2Ff%25C3%25BAtbol-apuestas-1%2Finplay' from origin 'https://www.betfair.es' has been blocked by CORS policy: The 'Access-Control-Allow-Origin' header has a value 'https://betfair.com' that is not equal to the supplied origin. @ https://www.betfair.es/exchange/plus/es/f%C3%BAtbol-apuestas-1/inplay:0
[    1527ms] [ERROR] Failed to load resource: net::ERR_FAILED @ https://movableink.betfair.com/p/wc?url=https%3A%2F%2Fwww.betfair.es%2Fexchange%2Fplus%2Fes%2Ff%25C3%25BAtbol-apuestas-1%2Finplay:0
[    2448ms] [ERROR] Access to XMLHttpRequest at 'https://rum-ingest.eu0.signalfx.com/v1/rum?auth=daeNmSPycTtkXf7hcZUQXg' from origin 'https://www.betfair.es' has been blocked by CORS policy: No 'Access-Control-Allow-Origin' header is present on the requested resource. @ https://www.betfair.es/exchange/plus/es/f%C3%BAtbol-apuestas-1/inplay:0
[    2448ms] [ERROR] Failed to load resource: net::ERR_FAILED @ https://rum-ingest.eu0.signalfx.com/v1/rum?auth=daeNmSPycTtkXf7hcZUQXg:0
[    6565ms] [ERROR] Access to XMLHttpRequest at 'https://rum-ingest.eu0.signalfx.com/v1/rum?auth=daeNmSPycTtkXf7hcZUQXg' from origin 'https://www.betfair.es' has been blocked by CORS policy: No 'Access-Control-Allow-Origin' header is present on the requested resource. @ https://www.betfair.es/exchange/plus/es/f%C3%BAtbol-apuestas-1/inplay:0
[    6566ms] [ERROR] Failed to load resource: net::ERR_FAILED @ https://rum-ingest.eu0.signalfx.com/v1/rum?auth=daeNmSPycTtkXf7hcZUQXg:0
[   20546ms] [ERROR] Access to XMLHttpRequest at 'https://rum-ingest.eu0.signalfx.com/v1/rum?auth=daeNmSPycTtkXf7hcZUQXg' from origin 'https://www.betfair.es' has been blocked by CORS policy: No 'Access-Control-Allow-Origin' header is present on the requested resource. @ https://www.betfair.es/exchange/plus/es/f%C3%BAtbol-apuestas-1/inplay:0
[   20546ms] [ERROR] Failed to load resource: net::ERR_FAILED @ https://rum-ingest.eu0.signalfx.com/v1/rum?auth=daeNmSPycTtkXf7hcZUQXg:0
