[   12082ms] [WARNING] The width(-1) and height(-1) of chart should be greater than 0,
       please check the style of container, or the props width(100%) and height(100%),
       or add a minWidth(0) or minHeight(undefined) or use aspect(undefined) to control the
       height and width. @ http://localhost:5173/node_modules/.vite/deps/recharts.js?v=013764c5:9061
[   12082ms] [WARNING] The width(-1) and height(-1) of chart should be greater than 0,
       please check the style of container, or the props width(100%) and height(100%),
       or add a minWidth(0) or minHeight(undefined) or use aspect(undefined) to control the
       height and width. @ http://localhost:5173/node_modules/.vite/deps/recharts.js?v=013764c5:9061
[   12083ms] [WARNING] The width(-1) and height(-1) of chart should be greater than 0,
       please check the style of container, or the props width(100%) and height(100%),
       or add a minWidth(0) or minHeight(undefined) or use aspect(undefined) to control the
       height and width. @ http://localhost:5173/node_modules/.vite/deps/recharts.js?v=013764c5:9061
[   12083ms] [WARNING] The width(-1) and height(-1) of chart should be greater than 0,
       please check the style of container, or the props width(100%) and height(100%),
       or add a minWidth(0) or minHeight(undefined) or use aspect(undefined) to control the
       height and width. @ http://localhost:5173/node_modules/.vite/deps/recharts.js?v=013764c5:9061
[   12083ms] [WARNING] The width(-1) and height(-1) of chart should be greater than 0,
       please check the style of container, or the props width(100%) and height(100%),
       or add a minWidth(0) or minHeight(undefined) or use aspect(undefined) to control the
       height and width. @ http://localhost:5173/node_modules/.vite/deps/recharts.js?v=013764c5:9061
[   12083ms] [WARNING] The width(-1) and height(-1) of chart should be greater than 0,
       please check the style of container, or the props width(100%) and height(100%),
       or add a minWidth(0) or minHeight(undefined) or use aspect(undefined) to control the
       height and width. @ http://localhost:5173/node_modules/.vite/deps/recharts.js?v=013764c5:9061
[   98602ms] [ERROR] Failed to load resource: net::ERR_CONNECTION_RESET @ http://localhost:5173/api/matches:0
[  100084ms] [ERROR] Failed to load resource: net::ERR_CONNECTION_RESET @ http://localhost:5173/api/matches:0
[  100086ms] [ERROR] Failed to load resource: net::ERR_CONNECTION_RESET @ http://localhost:5173/api/matches:0
[  100086ms] [ERROR] Failed to load resource: net::ERR_CONNECTION_RESET @ http://localhost:5173/api/matches:0
[  100086ms] [ERROR] Failed to load resource: net::ERR_CONNECTION_RESET @ http://localhost:5173/api/matches:0
[  100086ms] [ERROR] Failed to load resource: net::ERR_CONNECTION_RESET @ http://localhost:5173/api/matches:0
[  100952ms] [ERROR] Failed to load resource: net::ERR_CONNECTION_REFUSED @ http://localhost:5173/api/system/status:0
[  100973ms] [ERROR] Failed to load resource: net::ERR_CONNECTION_REFUSED @ http://localhost:5173/api/system/status:0
[  100973ms] [ERROR] Failed to load resource: net::ERR_CONNECTION_REFUSED @ http://localhost:5173/api/matches:0
[  100973ms] [ERROR] Failed to load resource: net::ERR_CONNECTION_REFUSED @ http://localhost:5173/api/matches:0
[  103317ms] [ERROR] Failed to load resource: net::ERR_CONNECTION_REFUSED @ http://localhost:5173/api/system/status:0
[  103319ms] [ERROR] Failed to load resource: net::ERR_CONNECTION_REFUSED @ http://localhost:5173/api/matches:0
[  103578ms] [ERROR] Failed to load resource: net::ERR_CONNECTION_REFUSED @ http://localhost:5173/api/system/status:0
[ 2259494ms] [ERROR] Failed to load resource: net::ERR_CONNECTION_RESET @ http://localhost:5173/api/analytics/signals/betting-opportunities?draw=v2r&xg=base&drift=v1&clustering=v2&pressure=v1&momentum=v1&draw_min_dur=2&xg_min_dur=3&drift_min_dur=2&clustering_min_dur=4&pressure_min_dur=4:0
[ 2259494ms] [ERROR] Failed to load resource: net::ERR_CONNECTION_RESET @ http://localhost:5173/api/system/status:0
[ 2259494ms] [ERROR] Failed to load resource: net::ERR_CONNECTION_RESET @ http://localhost:5173/api/analytics/signals/betting-opportunities?draw=v2r&xg=base&drift=v1&clustering=v2&pressure=v1&momentum=v1&draw_min_dur=2&xg_min_dur=3&drift_min_dur=2&clustering_min_dur=4&pressure_min_dur=4:0
[ 2259494ms] [ERROR] Failed to load resource: net::ERR_CONNECTION_RESET @ http://localhost:5173/api/matches:0
[ 2259494ms] [ERROR] Failed to load resource: net::ERR_CONNECTION_RESET @ http://localhost:5173/api/matches:0
[ 2259494ms] [ERROR] Failed to load resource: net::ERR_CONNECTION_RESET @ http://localhost:5173/api/analytics/signals/watchlist?draw=v2r&xg=base&drift=v1&clustering=v2&pressure=v1&momentum=v1:0
[ 2261824ms] [ERROR] Failed to load resource: net::ERR_CONNECTION_REFUSED @ http://localhost:5173/api/matches:0
[ 2261839ms] [ERROR] Failed to load resource: net::ERR_CONNECTION_REFUSED @ http://localhost:5173/api/system/status:0
[ 2261839ms] [ERROR] Failed to load resource: net::ERR_CONNECTION_REFUSED @ http://localhost:5173/api/analytics/signals/betting-opportunities?draw=v2r&xg=base&drift=v1&clustering=v2&pressure=v1&momentum=v1&draw_min_dur=2&xg_min_dur=3&drift_min_dur=2&clustering_min_dur=4&pressure_min_dur=4:0
[ 2261839ms] [ERROR] Failed to load resource: net::ERR_CONNECTION_REFUSED @ http://localhost:5173/api/analytics/signals/watchlist?draw=v2r&xg=base&drift=v1&clustering=v2&pressure=v1&momentum=v1:0
[ 2261839ms] [ERROR] Failed to load resource: net::ERR_CONNECTION_REFUSED @ http://localhost:5173/api/matches:0
[ 2261839ms] [ERROR] Failed to load resource: net::ERR_CONNECTION_REFUSED @ http://localhost:5173/api/system/status:0
[ 2264178ms] [ERROR] Failed to load resource: net::ERR_CONNECTION_REFUSED @ http://localhost:5173/api/system/status:0
[ 2264178ms] [ERROR] Failed to load resource: net::ERR_CONNECTION_REFUSED @ http://localhost:5173/api/analytics/signals/betting-opportunities?draw=v2r&xg=base&drift=v1&clustering=v2&pressure=v1&momentum=v1&draw_min_dur=2&xg_min_dur=3&drift_min_dur=2&clustering_min_dur=4&pressure_min_dur=4:0
[ 2264193ms] [ERROR] Failed to load resource: net::ERR_CONNECTION_REFUSED @ http://localhost:5173/api/analytics/signals/watchlist?draw=v2r&xg=base&drift=v1&clustering=v2&pressure=v1&momentum=v1:0
[ 2264193ms] [ERROR] Failed to load resource: net::ERR_CONNECTION_REFUSED @ http://localhost:5173/api/matches:0
[ 2264209ms] [ERROR] Failed to load resource: net::ERR_CONNECTION_REFUSED @ http://localhost:5173/api/analytics/signals/betting-opportunities?draw=v2r&xg=base&drift=v1&clustering=v2&pressure=v1&momentum=v1&draw_min_dur=2&xg_min_dur=3&drift_min_dur=2&clustering_min_dur=4&pressure_min_dur=4:0
[ 2264209ms] [ERROR] Failed to load resource: net::ERR_CONNECTION_REFUSED @ http://localhost:5173/api/analytics/signals/watchlist?draw=v2r&xg=base&drift=v1&clustering=v2&pressure=v1&momentum=v1:0
[ 2266537ms] [ERROR] Failed to load resource: net::ERR_CONNECTION_REFUSED @ http://localhost:5173/api/matches:0
[ 2266537ms] [ERROR] Failed to load resource: net::ERR_CONNECTION_REFUSED @ http://localhost:5173/api/system/status:0
[ 2266551ms] [ERROR] Failed to load resource: net::ERR_CONNECTION_REFUSED @ http://localhost:5173/api/matches:0
[ 2266552ms] [ERROR] Failed to load resource: net::ERR_CONNECTION_REFUSED @ http://localhost:5173/api/analytics/signals/betting-opportunities?draw=v2r&xg=base&drift=v1&clustering=v2&pressure=v1&momentum=v1&draw_min_dur=2&xg_min_dur=3&drift_min_dur=2&clustering_min_dur=4&pressure_min_dur=4:0
[ 2266567ms] [ERROR] Failed to load resource: net::ERR_CONNECTION_REFUSED @ http://localhost:5173/api/analytics/signals/watchlist?draw=v2r&xg=base&drift=v1&clustering=v2&pressure=v1&momentum=v1:0
[ 2266570ms] [ERROR] Failed to load resource: net::ERR_CONNECTION_REFUSED @ http://localhost:5173/api/system/status:0
[ 2268891ms] [ERROR] Failed to load resource: net::ERR_CONNECTION_REFUSED @ http://localhost:5173/api/analytics/signals/betting-opportunities?draw=v2r&xg=base&drift=v1&clustering=v2&pressure=v1&momentum=v1&draw_min_dur=2&xg_min_dur=3&drift_min_dur=2&clustering_min_dur=4&pressure_min_dur=4:0
[ 2268892ms] [ERROR] Failed to load resource: net::ERR_CONNECTION_REFUSED @ http://localhost:5173/api/analytics/signals/watchlist?draw=v2r&xg=base&drift=v1&clustering=v2&pressure=v1&momentum=v1:0
[ 2268908ms] [ERROR] Failed to load resource: net::ERR_CONNECTION_REFUSED @ http://localhost:5173/api/matches:0
[ 2268908ms] [ERROR] Failed to load resource: net::ERR_CONNECTION_REFUSED @ http://localhost:5173/api/system/status:0
[ 2268923ms] [ERROR] Failed to load resource: net::ERR_CONNECTION_REFUSED @ http://localhost:5173/api/analytics/signals/betting-opportunities?draw=v2r&xg=base&drift=v1&clustering=v2&pressure=v1&momentum=v1&draw_min_dur=2&xg_min_dur=3&drift_min_dur=2&clustering_min_dur=4&pressure_min_dur=4:0
[ 2268923ms] [ERROR] Failed to load resource: net::ERR_CONNECTION_REFUSED @ http://localhost:5173/api/analytics/signals/watchlist?draw=v2r&xg=base&drift=v1&clustering=v2&pressure=v1&momentum=v1:0
[ 2271247ms] [ERROR] Failed to load resource: net::ERR_CONNECTION_REFUSED @ http://localhost:5173/api/matches:0
[ 2271248ms] [ERROR] Failed to load resource: net::ERR_CONNECTION_REFUSED @ http://localhost:5173/api/system/status:0
[ 2271263ms] [ERROR] Failed to load resource: net::ERR_CONNECTION_REFUSED @ http://localhost:5173/api/analytics/signals/betting-opportunities?draw=v2r&xg=base&drift=v1&clustering=v2&pressure=v1&momentum=v1&draw_min_dur=2&xg_min_dur=3&drift_min_dur=2&clustering_min_dur=4&pressure_min_dur=4:0
[ 2271280ms] [ERROR] Failed to load resource: net::ERR_CONNECTION_REFUSED @ http://localhost:5173/api/analytics/signals/watchlist?draw=v2r&xg=base&drift=v1&clustering=v2&pressure=v1&momentum=v1:0
[ 2271280ms] [ERROR] Failed to load resource: net::ERR_CONNECTION_REFUSED @ http://localhost:5173/api/matches:0
[ 2271295ms] [ERROR] Failed to load resource: net::ERR_CONNECTION_REFUSED @ http://localhost:5173/api/system/status:0
[ 2273599ms] [ERROR] Failed to load resource: net::ERR_CONNECTION_REFUSED @ http://localhost:5173/api/analytics/signals/betting-opportunities?draw=v2r&xg=base&drift=v1&clustering=v2&pressure=v1&momentum=v1&draw_min_dur=2&xg_min_dur=3&drift_min_dur=2&clustering_min_dur=4&pressure_min_dur=4:0
[ 2273615ms] [ERROR] Failed to load resource: net::ERR_CONNECTION_REFUSED @ http://localhost:5173/api/analytics/signals/watchlist?draw=v2r&xg=base&drift=v1&clustering=v2&pressure=v1&momentum=v1:0
[ 2273616ms] [ERROR] Failed to load resource: net::ERR_CONNECTION_REFUSED @ http://localhost:5173/api/matches:0
[ 2273630ms] [ERROR] Failed to load resource: net::ERR_CONNECTION_REFUSED @ http://localhost:5173/api/system/status:0
[ 2273646ms] [ERROR] Failed to load resource: net::ERR_CONNECTION_REFUSED @ http://localhost:5173/api/analytics/signals/betting-opportunities?draw=v2r&xg=base&drift=v1&clustering=v2&pressure=v1&momentum=v1&draw_min_dur=2&xg_min_dur=3&drift_min_dur=2&clustering_min_dur=4&pressure_min_dur=4:0
[ 2273661ms] [ERROR] Failed to load resource: net::ERR_CONNECTION_REFUSED @ http://localhost:5173/api/analytics/signals/watchlist?draw=v2r&xg=base&drift=v1&clustering=v2&pressure=v1&momentum=v1:0
[ 2275940ms] [ERROR] Failed to load resource: net::ERR_CONNECTION_REFUSED @ http://localhost:5173/api/matches:0
[ 2275970ms] [ERROR] Failed to load resource: net::ERR_CONNECTION_REFUSED @ http://localhost:5173/api/system/status:0
[ 2275970ms] [ERROR] Failed to load resource: net::ERR_CONNECTION_REFUSED @ http://localhost:5173/api/analytics/signals/betting-opportunities?draw=v2r&xg=base&drift=v1&clustering=v2&pressure=v1&momentum=v1&draw_min_dur=2&xg_min_dur=3&drift_min_dur=2&clustering_min_dur=4&pressure_min_dur=4:0
[ 2275985ms] [ERROR] Failed to load resource: net::ERR_CONNECTION_REFUSED @ http://localhost:5173/api/analytics/signals/watchlist?draw=v2r&xg=base&drift=v1&clustering=v2&pressure=v1&momentum=v1:0
[ 2275985ms] [ERROR] Failed to load resource: net::ERR_CONNECTION_REFUSED @ http://localhost:5173/api/matches:0
[ 2276032ms] [ERROR] Failed to load resource: net::ERR_CONNECTION_REFUSED @ http://localhost:5173/api/system/status:0
[ 2278283ms] [ERROR] Failed to load resource: net::ERR_CONNECTION_REFUSED @ http://localhost:5173/api/analytics/signals/betting-opportunities?draw=v2r&xg=base&drift=v1&clustering=v2&pressure=v1&momentum=v1&draw_min_dur=2&xg_min_dur=3&drift_min_dur=2&clustering_min_dur=4&pressure_min_dur=4:0
[ 2278315ms] [ERROR] Failed to load resource: net::ERR_CONNECTION_REFUSED @ http://localhost:5173/api/analytics/signals/watchlist?draw=v2r&xg=base&drift=v1&clustering=v2&pressure=v1&momentum=v1:0
[ 2278315ms] [ERROR] Failed to load resource: net::ERR_CONNECTION_REFUSED @ http://localhost:5173/api/matches:0
[ 2278330ms] [ERROR] Failed to load resource: net::ERR_CONNECTION_REFUSED @ http://localhost:5173/api/system/status:0
[ 2278331ms] [ERROR] Failed to load resource: net::ERR_CONNECTION_REFUSED @ http://localhost:5173/api/analytics/signals/watchlist?draw=v2r&xg=base&drift=v1&clustering=v2&pressure=v1&momentum=v1:0
[ 2278362ms] [ERROR] Failed to load resource: net::ERR_CONNECTION_REFUSED @ http://localhost:5173/api/analytics/signals/betting-opportunities?draw=v2r&xg=base&drift=v1&clustering=v2&pressure=v1&momentum=v1&draw_min_dur=2&xg_min_dur=3&drift_min_dur=2&clustering_min_dur=4&pressure_min_dur=4:0
[ 2280634ms] [ERROR] Failed to load resource: net::ERR_CONNECTION_REFUSED @ http://localhost:5173/api/system/status:0
[ 2280667ms] [ERROR] Failed to load resource: net::ERR_CONNECTION_REFUSED @ http://localhost:5173/api/matches:0
[ 2280667ms] [ERROR] Failed to load resource: net::ERR_CONNECTION_REFUSED @ http://localhost:5173/api/analytics/signals/betting-opportunities?draw=v2r&xg=base&drift=v1&clustering=v2&pressure=v1&momentum=v1&draw_min_dur=2&xg_min_dur=3&drift_min_dur=2&clustering_min_dur=4&pressure_min_dur=4:0
[ 2280682ms] [ERROR] Failed to load resource: net::ERR_CONNECTION_REFUSED @ http://localhost:5173/api/analytics/signals/watchlist?draw=v2r&xg=base&drift=v1&clustering=v2&pressure=v1&momentum=v1:0
[ 2280683ms] [ERROR] Failed to load resource: net::ERR_CONNECTION_REFUSED @ http://localhost:5173/api/matches:0
[ 2280712ms] [ERROR] Failed to load resource: net::ERR_CONNECTION_REFUSED @ http://localhost:5173/api/system/status:0
[ 2282995ms] [ERROR] Failed to load resource: net::ERR_CONNECTION_REFUSED @ http://localhost:5173/api/analytics/signals/watchlist?draw=v2r&xg=base&drift=v1&clustering=v2&pressure=v1&momentum=v1:0
[ 2283026ms] [ERROR] Failed to load resource: net::ERR_CONNECTION_REFUSED @ http://localhost:5173/api/analytics/signals/betting-opportunities?draw=v2r&xg=base&drift=v1&clustering=v2&pressure=v1&momentum=v1&draw_min_dur=2&xg_min_dur=3&drift_min_dur=2&clustering_min_dur=4&pressure_min_dur=4:0
[ 2283026ms] [ERROR] Failed to load resource: net::ERR_CONNECTION_REFUSED @ http://localhost:5173/api/system/status:0
[ 2283042ms] [ERROR] Failed to load resource: net::ERR_CONNECTION_REFUSED @ http://localhost:5173/api/matches:0
[ 2285342ms] [ERROR] Failed to load resource: net::ERR_CONNECTION_REFUSED @ http://localhost:5173/api/analytics/signals/watchlist?draw=v2r&xg=base&drift=v1&clustering=v2&pressure=v1&momentum=v1:0
[ 2285389ms] [ERROR] Failed to load resource: net::ERR_CONNECTION_REFUSED @ http://localhost:5173/api/analytics/signals/betting-opportunities?draw=v2r&xg=base&drift=v1&clustering=v2&pressure=v1&momentum=v1&draw_min_dur=2&xg_min_dur=3&drift_min_dur=2&clustering_min_dur=4&pressure_min_dur=4:0
[ 2285390ms] [ERROR] Failed to load resource: net::ERR_CONNECTION_REFUSED @ http://localhost:5173/api/system/status:0
[ 2285405ms] [ERROR] Failed to load resource: net::ERR_CONNECTION_REFUSED @ http://localhost:5173/api/matches:0
[ 2289029ms] [ERROR] Failed to load resource: net::ERR_CONNECTION_REFUSED @ http://localhost:5173/api/analytics/signals/betting-opportunities?draw=v2r&xg=base&drift=v1&clustering=v2&pressure=v1&momentum=v1&draw_min_dur=2&xg_min_dur=3&drift_min_dur=2&clustering_min_dur=4&pressure_min_dur=4:0
[ 2289029ms] [ERROR] Failed to load resource: net::ERR_CONNECTION_REFUSED @ http://localhost:5173/api/analytics/signals/watchlist?draw=v2r&xg=base&drift=v1&clustering=v2&pressure=v1&momentum=v1:0
[ 2289029ms] [ERROR] Failed to load resource: net::ERR_CONNECTION_REFUSED @ http://localhost:5173/api/matches:0
[ 2289029ms] [ERROR] Failed to load resource: net::ERR_CONNECTION_REFUSED @ http://localhost:5173/api/system/status:0
[ 2299028ms] [ERROR] Failed to load resource: net::ERR_CONNECTION_REFUSED @ http://localhost:5173/api/analytics/signals/betting-opportunities?draw=v2r&xg=base&drift=v1&clustering=v2&pressure=v1&momentum=v1&draw_min_dur=2&xg_min_dur=3&drift_min_dur=2&clustering_min_dur=4&pressure_min_dur=4:0
[ 2299029ms] [ERROR] Failed to load resource: net::ERR_CONNECTION_REFUSED @ http://localhost:5173/api/analytics/signals/watchlist?draw=v2r&xg=base&drift=v1&clustering=v2&pressure=v1&momentum=v1:0
[ 2299029ms] [ERROR] Failed to load resource: net::ERR_CONNECTION_REFUSED @ http://localhost:5173/api/matches:0
[ 2299029ms] [ERROR] Failed to load resource: net::ERR_CONNECTION_REFUSED @ http://localhost:5173/api/system/status:0
[ 2309010ms] [ERROR] Failed to load resource: net::ERR_CONNECTION_REFUSED @ http://localhost:5173/api/analytics/signals/betting-opportunities?draw=v2r&xg=base&drift=v1&clustering=v2&pressure=v1&momentum=v1&draw_min_dur=2&xg_min_dur=3&drift_min_dur=2&clustering_min_dur=4&pressure_min_dur=4:0
[ 2309010ms] [ERROR] Failed to load resource: net::ERR_CONNECTION_REFUSED @ http://localhost:5173/api/analytics/signals/watchlist?draw=v2r&xg=base&drift=v1&clustering=v2&pressure=v1&momentum=v1:0
[ 2309010ms] [ERROR] Failed to load resource: net::ERR_CONNECTION_REFUSED @ http://localhost:5173/api/matches:0
[ 2309026ms] [ERROR] Failed to load resource: net::ERR_CONNECTION_REFUSED @ http://localhost:5173/api/system/status:0
[ 2319005ms] [ERROR] Failed to load resource: net::ERR_CONNECTION_REFUSED @ http://localhost:5173/api/analytics/signals/betting-opportunities?draw=v2r&xg=base&drift=v1&clustering=v2&pressure=v1&momentum=v1&draw_min_dur=2&xg_min_dur=3&drift_min_dur=2&clustering_min_dur=4&pressure_min_dur=4:0
[ 2319005ms] [ERROR] Failed to load resource: net::ERR_CONNECTION_REFUSED @ http://localhost:5173/api/analytics/signals/watchlist?draw=v2r&xg=base&drift=v1&clustering=v2&pressure=v1&momentum=v1:0
[ 2319005ms] [ERROR] Failed to load resource: net::ERR_CONNECTION_REFUSED @ http://localhost:5173/api/matches:0
[ 2319005ms] [ERROR] Failed to load resource: net::ERR_CONNECTION_REFUSED @ http://localhost:5173/api/system/status:0
[ 2329007ms] [ERROR] Failed to load resource: net::ERR_CONNECTION_REFUSED @ http://localhost:5173/api/analytics/signals/betting-opportunities?draw=v2r&xg=base&drift=v1&clustering=v2&pressure=v1&momentum=v1&draw_min_dur=2&xg_min_dur=3&drift_min_dur=2&clustering_min_dur=4&pressure_min_dur=4:0
[ 2329007ms] [ERROR] Failed to load resource: net::ERR_CONNECTION_REFUSED @ http://localhost:5173/api/analytics/signals/watchlist?draw=v2r&xg=base&drift=v1&clustering=v2&pressure=v1&momentum=v1:0
[ 2329007ms] [ERROR] Failed to load resource: net::ERR_CONNECTION_REFUSED @ http://localhost:5173/api/matches:0
[ 2329008ms] [ERROR] Failed to load resource: net::ERR_CONNECTION_REFUSED @ http://localhost:5173/api/system/status:0
[ 2339019ms] [ERROR] Failed to load resource: net::ERR_CONNECTION_REFUSED @ http://localhost:5173/api/analytics/signals/betting-opportunities?draw=v2r&xg=base&drift=v1&clustering=v2&pressure=v1&momentum=v1&draw_min_dur=2&xg_min_dur=3&drift_min_dur=2&clustering_min_dur=4&pressure_min_dur=4:0
[ 2339019ms] [ERROR] Failed to load resource: net::ERR_CONNECTION_REFUSED @ http://localhost:5173/api/analytics/signals/watchlist?draw=v2r&xg=base&drift=v1&clustering=v2&pressure=v1&momentum=v1:0
[ 2339019ms] [ERROR] Failed to load resource: net::ERR_CONNECTION_REFUSED @ http://localhost:5173/api/matches:0
[ 2339019ms] [ERROR] Failed to load resource: net::ERR_CONNECTION_REFUSED @ http://localhost:5173/api/system/status:0
[ 2349042ms] [ERROR] Failed to load resource: net::ERR_CONNECTION_REFUSED @ http://localhost:5173/api/analytics/signals/betting-opportunities?draw=v2r&xg=base&drift=v1&clustering=v2&pressure=v1&momentum=v1&draw_min_dur=2&xg_min_dur=3&drift_min_dur=2&clustering_min_dur=4&pressure_min_dur=4:0
[ 2349042ms] [ERROR] Failed to load resource: net::ERR_CONNECTION_REFUSED @ http://localhost:5173/api/analytics/signals/watchlist?draw=v2r&xg=base&drift=v1&clustering=v2&pressure=v1&momentum=v1:0
[ 2349042ms] [ERROR] Failed to load resource: net::ERR_CONNECTION_REFUSED @ http://localhost:5173/api/matches:0
[ 2349043ms] [ERROR] Failed to load resource: net::ERR_CONNECTION_REFUSED @ http://localhost:5173/api/system/status:0
[ 2359019ms] [ERROR] Failed to load resource: net::ERR_CONNECTION_REFUSED @ http://localhost:5173/api/analytics/signals/betting-opportunities?draw=v2r&xg=base&drift=v1&clustering=v2&pressure=v1&momentum=v1&draw_min_dur=2&xg_min_dur=3&drift_min_dur=2&clustering_min_dur=4&pressure_min_dur=4:0
[ 2359019ms] [ERROR] Failed to load resource: net::ERR_CONNECTION_REFUSED @ http://localhost:5173/api/analytics/signals/watchlist?draw=v2r&xg=base&drift=v1&clustering=v2&pressure=v1&momentum=v1:0
[ 2359019ms] [ERROR] Failed to load resource: net::ERR_CONNECTION_REFUSED @ http://localhost:5173/api/matches:0
[ 2359019ms] [ERROR] Failed to load resource: net::ERR_CONNECTION_REFUSED @ http://localhost:5173/api/system/status:0
[ 2369028ms] [ERROR] Failed to load resource: net::ERR_CONNECTION_REFUSED @ http://localhost:5173/api/analytics/signals/betting-opportunities?draw=v2r&xg=base&drift=v1&clustering=v2&pressure=v1&momentum=v1&draw_min_dur=2&xg_min_dur=3&drift_min_dur=2&clustering_min_dur=4&pressure_min_dur=4:0
[ 2369029ms] [ERROR] Failed to load resource: net::ERR_CONNECTION_REFUSED @ http://localhost:5173/api/analytics/signals/watchlist?draw=v2r&xg=base&drift=v1&clustering=v2&pressure=v1&momentum=v1:0
[ 2369029ms] [ERROR] Failed to load resource: net::ERR_CONNECTION_REFUSED @ http://localhost:5173/api/matches:0
[ 2369029ms] [ERROR] Failed to load resource: net::ERR_CONNECTION_REFUSED @ http://localhost:5173/api/system/status:0
[ 2379023ms] [ERROR] Failed to load resource: net::ERR_CONNECTION_REFUSED @ http://localhost:5173/api/analytics/signals/betting-opportunities?draw=v2r&xg=base&drift=v1&clustering=v2&pressure=v1&momentum=v1&draw_min_dur=2&xg_min_dur=3&drift_min_dur=2&clustering_min_dur=4&pressure_min_dur=4:0
[ 2379023ms] [ERROR] Failed to load resource: net::ERR_CONNECTION_REFUSED @ http://localhost:5173/api/analytics/signals/watchlist?draw=v2r&xg=base&drift=v1&clustering=v2&pressure=v1&momentum=v1:0
[ 2379024ms] [ERROR] Failed to load resource: net::ERR_CONNECTION_REFUSED @ http://localhost:5173/api/matches:0
[ 2379039ms] [ERROR] Failed to load resource: net::ERR_CONNECTION_REFUSED @ http://localhost:5173/api/system/status:0
[ 2389027ms] [ERROR] Failed to load resource: net::ERR_CONNECTION_REFUSED @ http://localhost:5173/api/analytics/signals/betting-opportunities?draw=v2r&xg=base&drift=v1&clustering=v2&pressure=v1&momentum=v1&draw_min_dur=2&xg_min_dur=3&drift_min_dur=2&clustering_min_dur=4&pressure_min_dur=4:0
[ 2389027ms] [ERROR] Failed to load resource: net::ERR_CONNECTION_REFUSED @ http://localhost:5173/api/analytics/signals/watchlist?draw=v2r&xg=base&drift=v1&clustering=v2&pressure=v1&momentum=v1:0
[ 2389027ms] [ERROR] Failed to load resource: net::ERR_CONNECTION_REFUSED @ http://localhost:5173/api/matches:0
[ 2389027ms] [ERROR] Failed to load resource: net::ERR_CONNECTION_REFUSED @ http://localhost:5173/api/system/status:0
[ 2399012ms] [ERROR] Failed to load resource: net::ERR_CONNECTION_REFUSED @ http://localhost:5173/api/analytics/signals/betting-opportunities?draw=v2r&xg=base&drift=v1&clustering=v2&pressure=v1&momentum=v1&draw_min_dur=2&xg_min_dur=3&drift_min_dur=2&clustering_min_dur=4&pressure_min_dur=4:0
[ 2399012ms] [ERROR] Failed to load resource: net::ERR_CONNECTION_REFUSED @ http://localhost:5173/api/analytics/signals/watchlist?draw=v2r&xg=base&drift=v1&clustering=v2&pressure=v1&momentum=v1:0
[ 2399012ms] [ERROR] Failed to load resource: net::ERR_CONNECTION_REFUSED @ http://localhost:5173/api/matches:0
[ 2399012ms] [ERROR] Failed to load resource: net::ERR_CONNECTION_REFUSED @ http://localhost:5173/api/system/status:0
[ 2409001ms] [ERROR] Failed to load resource: net::ERR_CONNECTION_REFUSED @ http://localhost:5173/api/analytics/signals/betting-opportunities?draw=v2r&xg=base&drift=v1&clustering=v2&pressure=v1&momentum=v1&draw_min_dur=2&xg_min_dur=3&drift_min_dur=2&clustering_min_dur=4&pressure_min_dur=4:0
[ 2409002ms] [ERROR] Failed to load resource: net::ERR_CONNECTION_REFUSED @ http://localhost:5173/api/analytics/signals/watchlist?draw=v2r&xg=base&drift=v1&clustering=v2&pressure=v1&momentum=v1:0
[ 2409018ms] [ERROR] Failed to load resource: net::ERR_CONNECTION_REFUSED @ http://localhost:5173/api/matches:0
[ 2409018ms] [ERROR] Failed to load resource: net::ERR_CONNECTION_REFUSED @ http://localhost:5173/api/system/status:0
[ 2419013ms] [ERROR] Failed to load resource: net::ERR_CONNECTION_REFUSED @ http://localhost:5173/api/analytics/signals/betting-opportunities?draw=v2r&xg=base&drift=v1&clustering=v2&pressure=v1&momentum=v1&draw_min_dur=2&xg_min_dur=3&drift_min_dur=2&clustering_min_dur=4&pressure_min_dur=4:0
[ 2419013ms] [ERROR] Failed to load resource: net::ERR_CONNECTION_REFUSED @ http://localhost:5173/api/analytics/signals/watchlist?draw=v2r&xg=base&drift=v1&clustering=v2&pressure=v1&momentum=v1:0
[ 2419028ms] [ERROR] Failed to load resource: net::ERR_CONNECTION_REFUSED @ http://localhost:5173/api/matches:0
[ 2419028ms] [ERROR] Failed to load resource: net::ERR_CONNECTION_REFUSED @ http://localhost:5173/api/system/status:0
[ 2429012ms] [ERROR] Failed to load resource: net::ERR_CONNECTION_REFUSED @ http://localhost:5173/api/analytics/signals/betting-opportunities?draw=v2r&xg=base&drift=v1&clustering=v2&pressure=v1&momentum=v1&draw_min_dur=2&xg_min_dur=3&drift_min_dur=2&clustering_min_dur=4&pressure_min_dur=4:0
[ 2429012ms] [ERROR] Failed to load resource: net::ERR_CONNECTION_REFUSED @ http://localhost:5173/api/analytics/signals/watchlist?draw=v2r&xg=base&drift=v1&clustering=v2&pressure=v1&momentum=v1:0
[ 2429027ms] [ERROR] Failed to load resource: net::ERR_CONNECTION_REFUSED @ http://localhost:5173/api/matches:0
[ 2429027ms] [ERROR] Failed to load resource: net::ERR_CONNECTION_REFUSED @ http://localhost:5173/api/system/status:0
[ 2439010ms] [ERROR] Failed to load resource: net::ERR_CONNECTION_REFUSED @ http://localhost:5173/api/analytics/signals/betting-opportunities?draw=v2r&xg=base&drift=v1&clustering=v2&pressure=v1&momentum=v1&draw_min_dur=2&xg_min_dur=3&drift_min_dur=2&clustering_min_dur=4&pressure_min_dur=4:0
[ 2439011ms] [ERROR] Failed to load resource: net::ERR_CONNECTION_REFUSED @ http://localhost:5173/api/analytics/signals/watchlist?draw=v2r&xg=base&drift=v1&clustering=v2&pressure=v1&momentum=v1:0
[ 2439011ms] [ERROR] Failed to load resource: net::ERR_CONNECTION_REFUSED @ http://localhost:5173/api/matches:0
[ 2439011ms] [ERROR] Failed to load resource: net::ERR_CONNECTION_REFUSED @ http://localhost:5173/api/system/status:0
[ 2449026ms] [ERROR] Failed to load resource: net::ERR_CONNECTION_REFUSED @ http://localhost:5173/api/analytics/signals/betting-opportunities?draw=v2r&xg=base&drift=v1&clustering=v2&pressure=v1&momentum=v1&draw_min_dur=2&xg_min_dur=3&drift_min_dur=2&clustering_min_dur=4&pressure_min_dur=4:0
[ 2449026ms] [ERROR] Failed to load resource: net::ERR_CONNECTION_REFUSED @ http://localhost:5173/api/analytics/signals/watchlist?draw=v2r&xg=base&drift=v1&clustering=v2&pressure=v1&momentum=v1:0
[ 2449026ms] [ERROR] Failed to load resource: net::ERR_CONNECTION_REFUSED @ http://localhost:5173/api/matches:0
[ 2449026ms] [ERROR] Failed to load resource: net::ERR_CONNECTION_REFUSED @ http://localhost:5173/api/system/status:0
[ 2459011ms] [ERROR] Failed to load resource: net::ERR_CONNECTION_REFUSED @ http://localhost:5173/api/analytics/signals/betting-opportunities?draw=v2r&xg=base&drift=v1&clustering=v2&pressure=v1&momentum=v1&draw_min_dur=2&xg_min_dur=3&drift_min_dur=2&clustering_min_dur=4&pressure_min_dur=4:0
[ 2459011ms] [ERROR] Failed to load resource: net::ERR_CONNECTION_REFUSED @ http://localhost:5173/api/analytics/signals/watchlist?draw=v2r&xg=base&drift=v1&clustering=v2&pressure=v1&momentum=v1:0
[ 2459011ms] [ERROR] Failed to load resource: net::ERR_CONNECTION_REFUSED @ http://localhost:5173/api/matches:0
[ 2459028ms] [ERROR] Failed to load resource: net::ERR_CONNECTION_REFUSED @ http://localhost:5173/api/system/status:0
[ 2469014ms] [ERROR] Failed to load resource: net::ERR_CONNECTION_REFUSED @ http://localhost:5173/api/analytics/signals/betting-opportunities?draw=v2r&xg=base&drift=v1&clustering=v2&pressure=v1&momentum=v1&draw_min_dur=2&xg_min_dur=3&drift_min_dur=2&clustering_min_dur=4&pressure_min_dur=4:0
[ 2469031ms] [ERROR] Failed to load resource: net::ERR_CONNECTION_REFUSED @ http://localhost:5173/api/analytics/signals/watchlist?draw=v2r&xg=base&drift=v1&clustering=v2&pressure=v1&momentum=v1:0
[ 2469045ms] [ERROR] Failed to load resource: net::ERR_CONNECTION_REFUSED @ http://localhost:5173/api/matches:0
[ 2469045ms] [ERROR] Failed to load resource: net::ERR_CONNECTION_REFUSED @ http://localhost:5173/api/system/status:0
[ 2479001ms] [ERROR] Failed to load resource: net::ERR_CONNECTION_REFUSED @ http://localhost:5173/api/analytics/signals/betting-opportunities?draw=v2r&xg=base&drift=v1&clustering=v2&pressure=v1&momentum=v1&draw_min_dur=2&xg_min_dur=3&drift_min_dur=2&clustering_min_dur=4&pressure_min_dur=4:0
[ 2479002ms] [ERROR] Failed to load resource: net::ERR_CONNECTION_REFUSED @ http://localhost:5173/api/analytics/signals/watchlist?draw=v2r&xg=base&drift=v1&clustering=v2&pressure=v1&momentum=v1:0
[ 2479017ms] [ERROR] Failed to load resource: net::ERR_CONNECTION_REFUSED @ http://localhost:5173/api/matches:0
[ 2479017ms] [ERROR] Failed to load resource: net::ERR_CONNECTION_REFUSED @ http://localhost:5173/api/system/status:0
[ 2489011ms] [ERROR] Failed to load resource: net::ERR_CONNECTION_REFUSED @ http://localhost:5173/api/analytics/signals/betting-opportunities?draw=v2r&xg=base&drift=v1&clustering=v2&pressure=v1&momentum=v1&draw_min_dur=2&xg_min_dur=3&drift_min_dur=2&clustering_min_dur=4&pressure_min_dur=4:0
[ 2489011ms] [ERROR] Failed to load resource: net::ERR_CONNECTION_REFUSED @ http://localhost:5173/api/analytics/signals/watchlist?draw=v2r&xg=base&drift=v1&clustering=v2&pressure=v1&momentum=v1:0
[ 2489011ms] [ERROR] Failed to load resource: net::ERR_CONNECTION_REFUSED @ http://localhost:5173/api/matches:0
[ 2489011ms] [ERROR] Failed to load resource: net::ERR_CONNECTION_REFUSED @ http://localhost:5173/api/system/status:0
[ 2499018ms] [ERROR] Failed to load resource: net::ERR_CONNECTION_REFUSED @ http://localhost:5173/api/analytics/signals/betting-opportunities?draw=v2r&xg=base&drift=v1&clustering=v2&pressure=v1&momentum=v1&draw_min_dur=2&xg_min_dur=3&drift_min_dur=2&clustering_min_dur=4&pressure_min_dur=4:0
[ 2499018ms] [ERROR] Failed to load resource: net::ERR_CONNECTION_REFUSED @ http://localhost:5173/api/analytics/signals/watchlist?draw=v2r&xg=base&drift=v1&clustering=v2&pressure=v1&momentum=v1:0
[ 2499018ms] [ERROR] Failed to load resource: net::ERR_CONNECTION_REFUSED @ http://localhost:5173/api/matches:0
[ 2499018ms] [ERROR] Failed to load resource: net::ERR_CONNECTION_REFUSED @ http://localhost:5173/api/system/status:0
[ 2509006ms] [ERROR] Failed to load resource: net::ERR_CONNECTION_REFUSED @ http://localhost:5173/api/analytics/signals/betting-opportunities?draw=v2r&xg=base&drift=v1&clustering=v2&pressure=v1&momentum=v1&draw_min_dur=2&xg_min_dur=3&drift_min_dur=2&clustering_min_dur=4&pressure_min_dur=4:0
[ 2509022ms] [ERROR] Failed to load resource: net::ERR_CONNECTION_REFUSED @ http://localhost:5173/api/analytics/signals/watchlist?draw=v2r&xg=base&drift=v1&clustering=v2&pressure=v1&momentum=v1:0
[ 2509023ms] [ERROR] Failed to load resource: net::ERR_CONNECTION_REFUSED @ http://localhost:5173/api/matches:0
[ 2509023ms] [ERROR] Failed to load resource: net::ERR_CONNECTION_REFUSED @ http://localhost:5173/api/system/status:0
[ 2519007ms] [ERROR] Failed to load resource: net::ERR_CONNECTION_REFUSED @ http://localhost:5173/api/analytics/signals/betting-opportunities?draw=v2r&xg=base&drift=v1&clustering=v2&pressure=v1&momentum=v1&draw_min_dur=2&xg_min_dur=3&drift_min_dur=2&clustering_min_dur=4&pressure_min_dur=4:0
[ 2519007ms] [ERROR] Failed to load resource: net::ERR_CONNECTION_REFUSED @ http://localhost:5173/api/analytics/signals/watchlist?draw=v2r&xg=base&drift=v1&clustering=v2&pressure=v1&momentum=v1:0
[ 2519008ms] [ERROR] Failed to load resource: net::ERR_CONNECTION_REFUSED @ http://localhost:5173/api/matches:0
[ 2519022ms] [ERROR] Failed to load resource: net::ERR_CONNECTION_REFUSED @ http://localhost:5173/api/system/status:0
[ 2529015ms] [ERROR] Failed to load resource: net::ERR_CONNECTION_REFUSED @ http://localhost:5173/api/analytics/signals/betting-opportunities?draw=v2r&xg=base&drift=v1&clustering=v2&pressure=v1&momentum=v1&draw_min_dur=2&xg_min_dur=3&drift_min_dur=2&clustering_min_dur=4&pressure_min_dur=4:0
[ 2529031ms] [ERROR] Failed to load resource: net::ERR_CONNECTION_REFUSED @ http://localhost:5173/api/analytics/signals/watchlist?draw=v2r&xg=base&drift=v1&clustering=v2&pressure=v1&momentum=v1:0
[ 2529031ms] [ERROR] Failed to load resource: net::ERR_CONNECTION_REFUSED @ http://localhost:5173/api/matches:0
[ 2529031ms] [ERROR] Failed to load resource: net::ERR_CONNECTION_REFUSED @ http://localhost:5173/api/system/status:0
[ 2538988ms] [ERROR] Failed to load resource: net::ERR_CONNECTION_REFUSED @ http://localhost:5173/api/analytics/signals/betting-opportunities?draw=v2r&xg=base&drift=v1&clustering=v2&pressure=v1&momentum=v1&draw_min_dur=2&xg_min_dur=3&drift_min_dur=2&clustering_min_dur=4&pressure_min_dur=4:0
[ 2538988ms] [ERROR] Failed to load resource: net::ERR_CONNECTION_REFUSED @ http://localhost:5173/api/analytics/signals/watchlist?draw=v2r&xg=base&drift=v1&clustering=v2&pressure=v1&momentum=v1:0
[ 2539004ms] [ERROR] Failed to load resource: net::ERR_CONNECTION_REFUSED @ http://localhost:5173/api/matches:0
[ 2539004ms] [ERROR] Failed to load resource: net::ERR_CONNECTION_REFUSED @ http://localhost:5173/api/system/status:0
[ 2549039ms] [ERROR] Failed to load resource: net::ERR_CONNECTION_REFUSED @ http://localhost:5173/api/analytics/signals/betting-opportunities?draw=v2r&xg=base&drift=v1&clustering=v2&pressure=v1&momentum=v1&draw_min_dur=2&xg_min_dur=3&drift_min_dur=2&clustering_min_dur=4&pressure_min_dur=4:0
[ 2549039ms] [ERROR] Failed to load resource: net::ERR_CONNECTION_REFUSED @ http://localhost:5173/api/analytics/signals/watchlist?draw=v2r&xg=base&drift=v1&clustering=v2&pressure=v1&momentum=v1:0
[ 2549039ms] [ERROR] Failed to load resource: net::ERR_CONNECTION_REFUSED @ http://localhost:5173/api/matches:0
[ 2549044ms] [ERROR] Failed to load resource: net::ERR_CONNECTION_REFUSED @ http://localhost:5173/api/system/status:0
[ 2559015ms] [ERROR] Failed to load resource: net::ERR_CONNECTION_REFUSED @ http://localhost:5173/api/analytics/signals/betting-opportunities?draw=v2r&xg=base&drift=v1&clustering=v2&pressure=v1&momentum=v1&draw_min_dur=2&xg_min_dur=3&drift_min_dur=2&clustering_min_dur=4&pressure_min_dur=4:0
[ 2559030ms] [ERROR] Failed to load resource: net::ERR_CONNECTION_REFUSED @ http://localhost:5173/api/analytics/signals/watchlist?draw=v2r&xg=base&drift=v1&clustering=v2&pressure=v1&momentum=v1:0
[ 2559030ms] [ERROR] Failed to load resource: net::ERR_CONNECTION_REFUSED @ http://localhost:5173/api/matches:0
[ 2559031ms] [ERROR] Failed to load resource: net::ERR_CONNECTION_REFUSED @ http://localhost:5173/api/system/status:0
[ 2569042ms] [ERROR] Failed to load resource: net::ERR_CONNECTION_REFUSED @ http://localhost:5173/api/analytics/signals/betting-opportunities?draw=v2r&xg=base&drift=v1&clustering=v2&pressure=v1&momentum=v1&draw_min_dur=2&xg_min_dur=3&drift_min_dur=2&clustering_min_dur=4&pressure_min_dur=4:0
[ 2569042ms] [ERROR] Failed to load resource: net::ERR_CONNECTION_REFUSED @ http://localhost:5173/api/analytics/signals/watchlist?draw=v2r&xg=base&drift=v1&clustering=v2&pressure=v1&momentum=v1:0
[ 2569042ms] [ERROR] Failed to load resource: net::ERR_CONNECTION_REFUSED @ http://localhost:5173/api/matches:0
[ 2569044ms] [ERROR] Failed to load resource: net::ERR_CONNECTION_REFUSED @ http://localhost:5173/api/system/status:0
[ 2579006ms] [ERROR] Failed to load resource: net::ERR_CONNECTION_REFUSED @ http://localhost:5173/api/analytics/signals/betting-opportunities?draw=v2r&xg=base&drift=v1&clustering=v2&pressure=v1&momentum=v1&draw_min_dur=2&xg_min_dur=3&drift_min_dur=2&clustering_min_dur=4&pressure_min_dur=4:0
[ 2579006ms] [ERROR] Failed to load resource: net::ERR_CONNECTION_REFUSED @ http://localhost:5173/api/analytics/signals/watchlist?draw=v2r&xg=base&drift=v1&clustering=v2&pressure=v1&momentum=v1:0
[ 2579006ms] [ERROR] Failed to load resource: net::ERR_CONNECTION_REFUSED @ http://localhost:5173/api/matches:0
[ 2579022ms] [ERROR] Failed to load resource: net::ERR_CONNECTION_REFUSED @ http://localhost:5173/api/system/status:0
[ 2589046ms] [ERROR] Failed to load resource: net::ERR_CONNECTION_REFUSED @ http://localhost:5173/api/analytics/signals/betting-opportunities?draw=v2r&xg=base&drift=v1&clustering=v2&pressure=v1&momentum=v1&draw_min_dur=2&xg_min_dur=3&drift_min_dur=2&clustering_min_dur=4&pressure_min_dur=4:0
[ 2589046ms] [ERROR] Failed to load resource: net::ERR_CONNECTION_REFUSED @ http://localhost:5173/api/analytics/signals/watchlist?draw=v2r&xg=base&drift=v1&clustering=v2&pressure=v1&momentum=v1:0
[ 2589046ms] [ERROR] Failed to load resource: net::ERR_CONNECTION_REFUSED @ http://localhost:5173/api/matches:0
[ 2589046ms] [ERROR] Failed to load resource: net::ERR_CONNECTION_REFUSED @ http://localhost:5173/api/system/status:0
[ 2599006ms] [ERROR] Failed to load resource: net::ERR_CONNECTION_REFUSED @ http://localhost:5173/api/analytics/signals/betting-opportunities?draw=v2r&xg=base&drift=v1&clustering=v2&pressure=v1&momentum=v1&draw_min_dur=2&xg_min_dur=3&drift_min_dur=2&clustering_min_dur=4&pressure_min_dur=4:0
[ 2599022ms] [ERROR] Failed to load resource: net::ERR_CONNECTION_REFUSED @ http://localhost:5173/api/analytics/signals/watchlist?draw=v2r&xg=base&drift=v1&clustering=v2&pressure=v1&momentum=v1:0
[ 2599022ms] [ERROR] Failed to load resource: net::ERR_CONNECTION_REFUSED @ http://localhost:5173/api/matches:0
[ 2599022ms] [ERROR] Failed to load resource: net::ERR_CONNECTION_REFUSED @ http://localhost:5173/api/system/status:0
[ 2609005ms] [ERROR] Failed to load resource: net::ERR_CONNECTION_REFUSED @ http://localhost:5173/api/analytics/signals/betting-opportunities?draw=v2r&xg=base&drift=v1&clustering=v2&pressure=v1&momentum=v1&draw_min_dur=2&xg_min_dur=3&drift_min_dur=2&clustering_min_dur=4&pressure_min_dur=4:0
[ 2609005ms] [ERROR] Failed to load resource: net::ERR_CONNECTION_REFUSED @ http://localhost:5173/api/analytics/signals/watchlist?draw=v2r&xg=base&drift=v1&clustering=v2&pressure=v1&momentum=v1:0
[ 2609021ms] [ERROR] Failed to load resource: net::ERR_CONNECTION_REFUSED @ http://localhost:5173/api/matches:0
[ 2609021ms] [ERROR] Failed to load resource: net::ERR_CONNECTION_REFUSED @ http://localhost:5173/api/system/status:0
[ 2619008ms] [ERROR] Failed to load resource: net::ERR_CONNECTION_REFUSED @ http://localhost:5173/api/analytics/signals/betting-opportunities?draw=v2r&xg=base&drift=v1&clustering=v2&pressure=v1&momentum=v1&draw_min_dur=2&xg_min_dur=3&drift_min_dur=2&clustering_min_dur=4&pressure_min_dur=4:0
[ 2619023ms] [ERROR] Failed to load resource: net::ERR_CONNECTION_REFUSED @ http://localhost:5173/api/analytics/signals/watchlist?draw=v2r&xg=base&drift=v1&clustering=v2&pressure=v1&momentum=v1:0
[ 2619023ms] [ERROR] Failed to load resource: net::ERR_CONNECTION_REFUSED @ http://localhost:5173/api/matches:0
[ 2619023ms] [ERROR] Failed to load resource: net::ERR_CONNECTION_REFUSED @ http://localhost:5173/api/system/status:0
[ 2629028ms] [ERROR] Failed to load resource: net::ERR_CONNECTION_REFUSED @ http://localhost:5173/api/analytics/signals/betting-opportunities?draw=v2r&xg=base&drift=v1&clustering=v2&pressure=v1&momentum=v1&draw_min_dur=2&xg_min_dur=3&drift_min_dur=2&clustering_min_dur=4&pressure_min_dur=4:0
[ 2629029ms] [ERROR] Failed to load resource: net::ERR_CONNECTION_REFUSED @ http://localhost:5173/api/analytics/signals/watchlist?draw=v2r&xg=base&drift=v1&clustering=v2&pressure=v1&momentum=v1:0
[ 2629029ms] [ERROR] Failed to load resource: net::ERR_CONNECTION_REFUSED @ http://localhost:5173/api/matches:0
[ 2629029ms] [ERROR] Failed to load resource: net::ERR_CONNECTION_REFUSED @ http://localhost:5173/api/system/status:0
[ 2639034ms] [ERROR] Failed to load resource: net::ERR_CONNECTION_REFUSED @ http://localhost:5173/api/analytics/signals/betting-opportunities?draw=v2r&xg=base&drift=v1&clustering=v2&pressure=v1&momentum=v1&draw_min_dur=2&xg_min_dur=3&drift_min_dur=2&clustering_min_dur=4&pressure_min_dur=4:0
[ 2639034ms] [ERROR] Failed to load resource: net::ERR_CONNECTION_REFUSED @ http://localhost:5173/api/analytics/signals/watchlist?draw=v2r&xg=base&drift=v1&clustering=v2&pressure=v1&momentum=v1:0
[ 2639034ms] [ERROR] Failed to load resource: net::ERR_CONNECTION_REFUSED @ http://localhost:5173/api/matches:0
[ 2639034ms] [ERROR] Failed to load resource: net::ERR_CONNECTION_REFUSED @ http://localhost:5173/api/system/status:0
