[     101ms] [WARNING] document.domain mutation is ignored because the surrounding agent cluster is origin-keyed. @ https://ie2eds.cdnppb.net/resources/eds/bundle/app.d7d788e33.js:0
[    2242ms] [ERROR] Access to XMLHttpRequest at 'https://movableink.betfair.com/p/wc?url=https%3A%2F%2Fwww.betfair.es%2Fexchange%2Fplus%2Fes%2Ff%25C3%25BAtbol%2Finglaterra-sky-bet-league-1%2Fburton-albion-rotherham-apuestas-35253017' from origin 'https://www.betfair.es' has been blocked by CORS policy: The 'Access-Control-Allow-Origin' header has a value 'https://betfair.com' that is not equal to the supplied origin. @ https://www.betfair.es/exchange/plus/es/f%C3%BAtbol/inglaterra-sky-bet-league-1/burton-albion-rotherham-apuestas-35253017:0
[    2242ms] [ERROR] Failed to load resource: net::ERR_FAILED @ https://movableink.betfair.com/p/wc?url=https%3A%2F%2Fwww.betfair.es%2Fexchange%2Fplus%2Fes%2Ff%25C3%25BAtbol%2Finglaterra-sky-bet-league-1%2Fburton-albion-rotherham-apuestas-35253017:0
[    2477ms] [ERROR] Access to XMLHttpRequest at 'https://movableink.betfair.com/p/wc?url=https%3A%2F%2Fwww.betfair.es%2Fexchange%2Fplus%2Fes%2Ff%25C3%25BAtbol%2Finglaterra-sky-bet-league-1%2Fburton-albion-rotherham-apuestas-35253017' from origin 'https://www.betfair.es' has been blocked by CORS policy: The 'Access-Control-Allow-Origin' header has a value 'https://betfair.com' that is not equal to the supplied origin. @ https://www.betfair.es/exchange/plus/es/f%C3%BAtbol/inglaterra-sky-bet-league-1/burton-albion-rotherham-apuestas-35253017:0
[    2477ms] [ERROR] Failed to load resource: net::ERR_FAILED @ https://movableink.betfair.com/p/wc?url=https%3A%2F%2Fwww.betfair.es%2Fexchange%2Fplus%2Fes%2Ff%25C3%25BAtbol%2Finglaterra-sky-bet-league-1%2Fburton-albion-rotherham-apuestas-35253017:0
[    4357ms] [ERROR] Failed to load resource: the server responded with a status of 404 () @ https://videoplayer.betfair.es/GetPlayer.do?tr=1&eID=35253017&width=334&height=190&allowPopup=true&contentType=viz&statsToggle=hide&contentOnly=true:0
[    5889ms] [ERROR] Failed to load resource: net::ERR_NAME_NOT_RESOLVED @ https://service.maxymiser.net/api/eu/new_betfair.com/7bb08d/mmapi.js:0
[    6258ms] [ERROR] Access to XMLHttpRequest at 'https://movableink.betfair.com/p/wc?url=https%3A%2F%2Fvideoplayer.betfair.es%2FGetPlayer.do%3Ftr%3D1%26eID%3D35253017%26width%3D334%26height%3D190%26allowPopup%3Dtrue%26contentType%3Dviz%26statsToggle%3Dhide%26contentOnly%3Dtrue' from origin 'https://videoplayer.betfair.es' has been blocked by CORS policy: The 'Access-Control-Allow-Origin' header has a value 'https://betfair.com' that is not equal to the supplied origin. @ https://videoplayer.betfair.es/GetPlayer.do?tr=1&eID=35253017&width=334&height=190&allowPopup=true&contentType=viz&statsToggle=hide&contentOnly=true:0
[    6258ms] [ERROR] Failed to load resource: net::ERR_FAILED @ https://movableink.betfair.com/p/wc?url=https%3A%2F%2Fvideoplayer.betfair.es%2FGetPlayer.do%3Ftr%3D1%26eID%3D35253017%26width%3D334%26height%3D190%26allowPopup%3Dtrue%26contentType%3Dviz%26statsToggle%3Dhide%26contentOnly%3Dtrue:0
[ 2320724ms] [WARNING] Error while fetching manageMarketOnBetEngine Error: bettingType betting type must be one of ODDS, ASIAN_HANDICAP_SINGLE_LINE, ASIAN_HANDICAP_DOUBLE_LINE, LINE. Current value is "undefined"
    at o (https://ie2eds.cdnppb.net/resources/eds/bundle/vendors~app.eff7c2f07.js:1:3147)
    at A (https://ie2eds.cdnppb.net/resources/eds/bundle/vendors~app.eff7c2f07.js:1:4707)
    at new t.default (https://ie2eds.cdnppb.net/resources/eds/bundle/vendors~app.eff7c2f07.js:16:81341)
    at https://ie2eds.cdnppb.net/resources/eds/bundle/vendors~app.eff7c2f07.js:26:170458
    at Fe (https://ie2eds.cdnppb.net/resources/eds/bundle/vendors~app.eff7c2f07.js:26:170642)
    at Ge.add (https://ie2eds.cdnppb.net/resources/eds/bundle/vendors~app.eff7c2f07.js:26:172299)
    at Qe.addMarket (https://ie2eds.cdnppb.net/resources/eds/bundle/vendors~app.eff7c2f07.js:26:175254)
    at https://ie2eds.cdnppb.net/resources/eds/bundle/app.d7d788e33.js:1:798530
    at https://ie2eds.cdnppb.net/resources/eds/bundle/app.d7d788e33.js:1:798591
    at Array.forEach (<anonymous>) @ https://ie2eds.cdnppb.net/resources/eds/bundle/vendors~app.eff7c2f07.js:31
