[ 3707222ms] ReferenceError: DiscoveryCard is not defined
    at http://localhost:5173/src/components/ExplorerView.tsx?t=1771510092361:402:44
    at Array.map (<anonymous>)
    at ExplorerView (http://localhost:5173/src/components/ExplorerView.tsx?t=1771510092361:401:108)
    at Object.react_stack_bottom_frame (http://localhost:5173/node_modules/.vite/deps/react-dom_client.js?v=b13bc61a:18509:20)
    at renderWithHooks (http://localhost:5173/node_modules/.vite/deps/react-dom_client.js?v=b13bc61a:5654:24)
    at updateFunctionComponent (http://localhost:5173/node_modules/.vite/deps/react-dom_client.js?v=b13bc61a:7475:21)
    at beginWork (http://localhost:5173/node_modules/.vite/deps/react-dom_client.js?v=b13bc61a:8525:20)
    at runWithFiberInDEV (http://localhost:5173/node_modules/.vite/deps/react-dom_client.js?v=b13bc61a:997:72)
    at performUnitOfWork (http://localhost:5173/node_modules/.vite/deps/react-dom_client.js?v=b13bc61a:12561:98)
    at workLoopSync (http://localhost:5173/node_modules/.vite/deps/react-dom_client.js?v=b13bc61a:12424:43)
[ 3707222ms] [WARNING] %s

%s
 An error occurred in the <ExplorerView> component. Consider adding an error boundary to your tree to customize error handling behavior.
Visit https://react.dev/link/error-boundaries to learn more about error boundaries. @ http://localhost:5173/node_modules/.vite/deps/react-dom_client.js?v=b13bc61a:6965
[ 9979952ms] [ERROR] Failed to load resource: net::ERR_CONNECTION_RESET @ http://localhost:5173/api/matches:0
[10017659ms] [ERROR] Failed to load resource: net::ERR_CONNECTION_RESET @ http://localhost:5173/api/system/status:0
[10017666ms] [ERROR] Failed to load resource: net::ERR_CONNECTION_RESET @ http://localhost:5173/api/matches:0
[10020030ms] [ERROR] Failed to load resource: net::ERR_CONNECTION_REFUSED @ http://localhost:5173/api/system/status:0
[10020031ms] [ERROR] Failed to load resource: net::ERR_CONNECTION_REFUSED @ http://localhost:5173/api/matches:0
[10183360ms] [ERROR] Failed to load resource: the server responded with a status of 500 (Internal Server Error) @ http://localhost:5173/src/components/Dashboard.tsx?t=1771516568613:0
[10183360ms] [ERROR] [vite] Failed to reload /src/components/Dashboard.tsx. This could be due to syntax errors or importing non-existent modules. (see errors above) @ http://localhost:5173/@vite/client:808
[11826409ms] [ERROR] Failed to load resource: net::ERR_CONNECTION_RESET @ http://localhost:5173/api/matches:0
[11826409ms] [ERROR] Failed to load resource: net::ERR_CONNECTION_RESET @ http://localhost:5173/api/system/status:0
[12740987ms] [ERROR] Failed to load resource: the server responded with a status of 500 (Internal Server Error) @ http://localhost:5173/api/system/status:0
[12871293ms] [ERROR] Failed to load resource: the server responded with a status of 500 (Internal Server Error) @ http://localhost:5173/api/analytics/signals/watchlist?draw=v2r&xg=base&drift=v1&clustering=v2&pressure=v1&momentum=v1:0
[12871296ms] [ERROR] Failed to load resource: the server responded with a status of 500 (Internal Server Error) @ http://localhost:5173/api/analytics/signals/betting-opportunities?draw=v2r&xg=base&drift=v1&clustering=v2&pressure=v1&momentum=v1&draw_min_dur=1&xg_min_dur=2&drift_min_dur=2&clustering_min_dur=1&pressure_min_dur=4:0
[12871296ms] [ERROR] Failed to load resource: the server responded with a status of 500 (Internal Server Error) @ http://localhost:5173/api/matches:0
[12871296ms] [ERROR] Failed to load resource: the server responded with a status of 500 (Internal Server Error) @ http://localhost:5173/api/system/status:0
[17629150ms] [ERROR] Failed to load resource: the server responded with a status of 500 (Internal Server Error) @ http://localhost:5173/api/analytics/signals/betting-opportunities?draw=v2r&xg=base&drift=v1&clustering=v2&pressure=v1&momentum=v1&draw_min_dur=1&xg_min_dur=2&drift_min_dur=2&clustering_min_dur=1&pressure_min_dur=4:0
[17629151ms] [ERROR] Failed to load resource: the server responded with a status of 500 (Internal Server Error) @ http://localhost:5173/api/analytics/signals/watchlist?draw=v2r&xg=base&drift=v1&clustering=v2&pressure=v1&momentum=v1:0
[17629153ms] [ERROR] Failed to load resource: the server responded with a status of 500 (Internal Server Error) @ http://localhost:5173/api/matches:0
[17629153ms] [ERROR] Failed to load resource: the server responded with a status of 500 (Internal Server Error) @ http://localhost:5173/api/system/status:0
[18541280ms] [ERROR] Failed to load resource: the server responded with a status of 500 (Internal Server Error) @ http://localhost:5173/api/analytics/signals/watchlist?draw=v2r&xg=base&drift=v1&clustering=v2&pressure=v1&momentum=v1:0
[18541282ms] [ERROR] Failed to load resource: the server responded with a status of 500 (Internal Server Error) @ http://localhost:5173/api/matches:0
[18541283ms] [ERROR] Failed to load resource: the server responded with a status of 500 (Internal Server Error) @ http://localhost:5173/api/analytics/signals/betting-opportunities?draw=v2r&xg=base&drift=v1&clustering=v2&pressure=v1&momentum=v1&draw_min_dur=1&xg_min_dur=2&drift_min_dur=2&clustering_min_dur=1&pressure_min_dur=4:0
[18541285ms] [ERROR] Failed to load resource: the server responded with a status of 500 (Internal Server Error) @ http://localhost:5173/api/system/status:0
[18557522ms] [ERROR] Failed to load resource: the server responded with a status of 500 (Internal Server Error) @ http://localhost:5173/api/analytics/signals/betting-opportunities?draw=v2r&xg=base&drift=v1&clustering=v2&pressure=v1&momentum=v1&draw_min_dur=1&xg_min_dur=2&drift_min_dur=2&clustering_min_dur=1&pressure_min_dur=4:0
[18557525ms] [ERROR] Failed to load resource: the server responded with a status of 500 (Internal Server Error) @ http://localhost:5173/api/analytics/signals/watchlist?draw=v2r&xg=base&drift=v1&clustering=v2&pressure=v1&momentum=v1:0
[18557525ms] [ERROR] Failed to load resource: the server responded with a status of 500 (Internal Server Error) @ http://localhost:5173/api/system/status:0
[18557527ms] [ERROR] Failed to load resource: the server responded with a status of 500 (Internal Server Error) @ http://localhost:5173/api/matches:0
[18574613ms] [ERROR] Failed to load resource: net::ERR_CONNECTION_RESET @ http://localhost:5173/api/matches:0
[18600798ms] [ERROR] Failed to load resource: the server responded with a status of 500 (Internal Server Error) @ http://localhost:5173/api/analytics/signals/betting-opportunities?draw=v2r&xg=base&drift=v1&clustering=v2&pressure=v1&momentum=v1&draw_min_dur=1&xg_min_dur=2&drift_min_dur=2&clustering_min_dur=1&pressure_min_dur=4:0
[18600800ms] [ERROR] Failed to load resource: the server responded with a status of 500 (Internal Server Error) @ http://localhost:5173/api/analytics/signals/watchlist?draw=v2r&xg=base&drift=v1&clustering=v2&pressure=v1&momentum=v1:0
[18600803ms] [ERROR] Failed to load resource: the server responded with a status of 500 (Internal Server Error) @ http://localhost:5173/api/analytics/signals/betting-opportunities?draw=v2r&xg=base&drift=v1&clustering=v2&pressure=v1&momentum=off&draw_min_dur=1&xg_min_dur=2&drift_min_dur=2&clustering_min_dur=4&pressure_min_dur=2:0
[18600803ms] [ERROR] Failed to load resource: the server responded with a status of 500 (Internal Server Error) @ http://localhost:5173/api/analytics/signals/watchlist?draw=v2r&xg=base&drift=v1&clustering=v2&pressure=v1&momentum=off:0
[18600803ms] [ERROR] Failed to load resource: the server responded with a status of 500 (Internal Server Error) @ http://localhost:5173/api/analytics/signals/betting-opportunities?draw=v2r&xg=base&drift=v1&clustering=v2&pressure=v1&momentum=off&draw_min_dur=1&xg_min_dur=2&drift_min_dur=2&clustering_min_dur=4&pressure_min_dur=2:0
[18600803ms] [ERROR] Failed to load resource: the server responded with a status of 500 (Internal Server Error) @ http://localhost:5173/api/analytics/signals/watchlist?draw=v2r&xg=base&drift=v1&clustering=v2&pressure=v1&momentum=off:0
[18600814ms] [ERROR] Failed to load resource: the server responded with a status of 500 (Internal Server Error) @ http://localhost:5173/api/analytics/signals/betting-opportunities?draw=v2r&xg=base&drift=v1&clustering=v2&pressure=v1&momentum=off&draw_min_dur=1&xg_min_dur=2&drift_min_dur=2&clustering_min_dur=4&pressure_min_dur=2:0
[18600814ms] [ERROR] Failed to load resource: the server responded with a status of 500 (Internal Server Error) @ http://localhost:5173/api/analytics/signals/watchlist?draw=v2r&xg=base&drift=v1&clustering=v2&pressure=v1&momentum=off:0
[18600814ms] [ERROR] Failed to load resource: the server responded with a status of 500 (Internal Server Error) @ http://localhost:5173/api/matches:0
[18600817ms] [ERROR] Failed to load resource: the server responded with a status of 500 (Internal Server Error) @ http://localhost:5173/api/system/status:0
[18600817ms] [ERROR] Failed to load resource: the server responded with a status of 500 (Internal Server Error) @ http://localhost:5173/api/system/status:0
[18600822ms] [ERROR] Failed to load resource: the server responded with a status of 500 (Internal Server Error) @ http://localhost:5173/api/matches:0
[18600832ms] [ERROR] Failed to load resource: the server responded with a status of 500 (Internal Server Error) @ http://localhost:5173/api/analytics/signals/betting-opportunities?draw=v2r&xg=base&drift=v1&clustering=v2&pressure=v1&momentum=v1&draw_min_dur=1&xg_min_dur=2&drift_min_dur=2&clustering_min_dur=1&pressure_min_dur=4:0
[18600832ms] [ERROR] Failed to load resource: the server responded with a status of 500 (Internal Server Error) @ http://localhost:5173/api/analytics/signals/watchlist?draw=v2r&xg=base&drift=v1&clustering=v2&pressure=v1&momentum=v1:0
[18600833ms] [ERROR] Failed to load resource: the server responded with a status of 500 (Internal Server Error) @ http://localhost:5173/api/system/status:0
[18600834ms] [ERROR] Failed to load resource: the server responded with a status of 500 (Internal Server Error) @ http://localhost:5173/api/matches:0
[18600835ms] [ERROR] Failed to load resource: the server responded with a status of 500 (Internal Server Error) @ http://localhost:5173/api/analytics/signals/betting-opportunities?draw=v2r&xg=base&drift=v1&clustering=v2&pressure=v1&momentum=v1&draw_min_dur=1&xg_min_dur=2&drift_min_dur=2&clustering_min_dur=1&pressure_min_dur=4:0
[18600835ms] [ERROR] Failed to load resource: the server responded with a status of 500 (Internal Server Error) @ http://localhost:5173/api/analytics/signals/watchlist?draw=v2r&xg=base&drift=v1&clustering=v2&pressure=v1&momentum=v1:0
[18600841ms] [ERROR] Failed to load resource: the server responded with a status of 500 (Internal Server Error) @ http://localhost:5173/api/matches:0
[18600842ms] [ERROR] Failed to load resource: the server responded with a status of 500 (Internal Server Error) @ http://localhost:5173/api/system/status:0
[18600843ms] [ERROR] Failed to load resource: the server responded with a status of 500 (Internal Server Error) @ http://localhost:5173/api/analytics/signals/betting-opportunities?draw=v2r&xg=base&drift=v1&clustering=v2&pressure=v1&momentum=v1&draw_min_dur=1&xg_min_dur=2&drift_min_dur=2&clustering_min_dur=1&pressure_min_dur=4:0
[18600844ms] [ERROR] Failed to load resource: the server responded with a status of 500 (Internal Server Error) @ http://localhost:5173/api/analytics/signals/watchlist?draw=v2r&xg=base&drift=v1&clustering=v2&pressure=v1&momentum=v1:0
[18999103ms] [ERROR] Failed to load resource: the server responded with a status of 500 (Internal Server Error) @ http://localhost:5173/api/analytics/signals/betting-opportunities?draw=v2r&xg=base&drift=v1&clustering=v2&pressure=v1&momentum=v1&draw_min_dur=1&xg_min_dur=2&drift_min_dur=2&clustering_min_dur=1&pressure_min_dur=4:0
[18999106ms] [ERROR] Failed to load resource: the server responded with a status of 500 (Internal Server Error) @ http://localhost:5173/api/analytics/signals/watchlist?draw=v2r&xg=base&drift=v1&clustering=v2&pressure=v1&momentum=v1:0
[18999106ms] [ERROR] Failed to load resource: the server responded with a status of 500 (Internal Server Error) @ http://localhost:5173/api/matches:0
[18999106ms] [ERROR] Failed to load resource: the server responded with a status of 500 (Internal Server Error) @ http://localhost:5173/api/system/status:0
[19071752ms] [ERROR] Failed to load resource: the server responded with a status of 500 (Internal Server Error) @ http://localhost:5173/api/matches:0
[19071771ms] [ERROR] Failed to load resource: the server responded with a status of 500 (Internal Server Error) @ http://localhost:5173/api/analytics/signals/watchlist?draw=v2r&xg=base&drift=v1&clustering=v2&pressure=v1&momentum=v1:0
[19071772ms] [ERROR] Failed to load resource: the server responded with a status of 500 (Internal Server Error) @ http://localhost:5173/api/analytics/signals/betting-opportunities?draw=v2r&xg=base&drift=v1&clustering=v2&pressure=v1&momentum=v1&draw_min_dur=1&xg_min_dur=2&drift_min_dur=2&clustering_min_dur=1&pressure_min_dur=4:0
[19071772ms] [ERROR] Failed to load resource: the server responded with a status of 500 (Internal Server Error) @ http://localhost:5173/api/system/status:0
[19071772ms] [ERROR] Failed to load resource: the server responded with a status of 500 (Internal Server Error) @ http://localhost:5173/api/matches:0
[19071772ms] [ERROR] Failed to load resource: the server responded with a status of 500 (Internal Server Error) @ http://localhost:5173/api/system/status:0
[19088963ms] [ERROR] Failed to load resource: the server responded with a status of 500 (Internal Server Error) @ http://localhost:5173/api/analytics/signals/watchlist?draw=v2r&xg=base&drift=v1&clustering=v2&pressure=v1&momentum=v1:0
[19090062ms] [ERROR] Failed to load resource: the server responded with a status of 500 (Internal Server Error) @ http://localhost:5173/api/analytics/signals/betting-opportunities?draw=v2r&xg=base&drift=v1&clustering=v2&pressure=v1&momentum=v1&draw_min_dur=1&xg_min_dur=2&drift_min_dur=2&clustering_min_dur=1&pressure_min_dur=4:0
[19090064ms] [ERROR] Failed to load resource: the server responded with a status of 500 (Internal Server Error) @ http://localhost:5173/api/system/status:0
[19090064ms] [ERROR] Failed to load resource: the server responded with a status of 500 (Internal Server Error) @ http://localhost:5173/api/system/status:0
[19090068ms] [ERROR] Failed to load resource: the server responded with a status of 500 (Internal Server Error) @ http://localhost:5173/api/matches:0
[19090068ms] [ERROR] Failed to load resource: the server responded with a status of 500 (Internal Server Error) @ http://localhost:5173/api/matches:0
[19090068ms] [ERROR] Failed to load resource: the server responded with a status of 500 (Internal Server Error) @ http://localhost:5173/api/analytics/signals/watchlist?draw=v2r&xg=base&drift=v1&clustering=v2&pressure=v1&momentum=v1:0
[19090231ms] [ERROR] Failed to load resource: the server responded with a status of 500 (Internal Server Error) @ http://localhost:5173/api/analytics/signals/betting-opportunities?draw=v2r&xg=base&drift=v1&clustering=v2&pressure=v1&momentum=v1&draw_min_dur=1&xg_min_dur=2&drift_min_dur=2&clustering_min_dur=1&pressure_min_dur=4:0
[19090231ms] [ERROR] Failed to load resource: the server responded with a status of 500 (Internal Server Error) @ http://localhost:5173/api/system/status:0
[19090233ms] [ERROR] Failed to load resource: the server responded with a status of 500 (Internal Server Error) @ http://localhost:5173/api/matches:0
[19090233ms] [ERROR] Failed to load resource: the server responded with a status of 500 (Internal Server Error) @ http://localhost:5173/api/analytics/signals/watchlist?draw=v2r&xg=base&drift=v1&clustering=v2&pressure=v1&momentum=v1:0
[19091863ms] [ERROR] Failed to load resource: the server responded with a status of 500 (Internal Server Error) @ http://localhost:5173/api/analytics/signals/betting-opportunities?draw=v2r&xg=base&drift=v1&clustering=v2&pressure=v1&momentum=v1&draw_min_dur=1&xg_min_dur=2&drift_min_dur=2&clustering_min_dur=1&pressure_min_dur=4:0
[19091863ms] [ERROR] Failed to load resource: the server responded with a status of 500 (Internal Server Error) @ http://localhost:5173/api/analytics/signals/watchlist?draw=v2r&xg=base&drift=v1&clustering=v2&pressure=v1&momentum=v1:0
[19091863ms] [ERROR] Failed to load resource: the server responded with a status of 500 (Internal Server Error) @ http://localhost:5173/api/matches:0
[19091863ms] [ERROR] Failed to load resource: the server responded with a status of 500 (Internal Server Error) @ http://localhost:5173/api/system/status:0
[19097992ms] [ERROR] Failed to load resource: net::ERR_CONNECTION_REFUSED @ http://localhost:5173/api/matches:0
[19097992ms] [ERROR] Failed to load resource: net::ERR_CONNECTION_REFUSED @ http://localhost:5173/api/analytics/signals/watchlist?draw=v2r&xg=base&drift=v1&clustering=v2&pressure=v1&momentum=v1:0
[19098006ms] [ERROR] Failed to load resource: net::ERR_CONNECTION_REFUSED @ http://localhost:5173/api/system/status:0
[19098007ms] [ERROR] Failed to load resource: net::ERR_CONNECTION_REFUSED @ http://localhost:5173/api/analytics/signals/betting-opportunities?draw=v2r&xg=base&drift=v1&clustering=v2&pressure=v1&momentum=v1&draw_min_dur=1&xg_min_dur=2&drift_min_dur=2&clustering_min_dur=1&pressure_min_dur=4:0
