[11637220ms] [ERROR] Failed to load resource: the server responded with a status of 404 (Not Found) @ http://localhost:5173/api/analytics/strategies/xg-underperformance:0
[11637220ms] [ERROR] Failed to load insights: Error: API error: 404
    at get (http://localhost:5173/src/lib/api.ts?t=1771179451902:4:22)
    at async Promise.all (index 7)
    at async load (http://localhost:5173/src/components/InsightsView.tsx?t=1771179696211:49:61) @ http://localhost:5173/src/components/InsightsView.tsx?t=1771179696211:77
[11637221ms] [ERROR] Failed to load resource: the server responded with a status of 404 (Not Found) @ http://localhost:5173/api/analytics/strategies/cartera:0
[11637959ms] [ERROR] Failed to load resource: the server responded with a status of 404 (Not Found) @ http://localhost:5173/api/analytics/strategies/xg-underperformance:0
[11637959ms] [ERROR] Failed to load insights: Error: API error: 404
    at get (http://localhost:5173/src/lib/api.ts?t=1771179451902:4:22)
    at async Promise.all (index 7)
    at async load (http://localhost:5173/src/components/InsightsView.tsx?t=1771179696211:49:61) @ http://localhost:5173/src/components/InsightsView.tsx?t=1771179696211:77
[11639902ms] [ERROR] Failed to load resource: the server responded with a status of 404 (Not Found) @ http://localhost:5173/api/analytics/strategies/cartera:0
[11650575ms] [ERROR] Failed to load resource: the server responded with a status of 500 (Internal Server Error) @ http://localhost:5173/api/matches:0
[11650583ms] [ERROR] Failed to load resource: the server responded with a status of 500 (Internal Server Error) @ http://localhost:5173/api/matches:0
[11650583ms] [ERROR] Failed to load resource: the server responded with a status of 500 (Internal Server Error) @ http://localhost:5173/api/matches:0
[11650584ms] [ERROR] Failed to load resource: the server responded with a status of 500 (Internal Server Error) @ http://localhost:5173/api/matches:0
[11650584ms] [ERROR] Failed to load resource: the server responded with a status of 500 (Internal Server Error) @ http://localhost:5173/api/system/status:0
[11651099ms] [ERROR] Failed to load resource: the server responded with a status of 500 (Internal Server Error) @ http://localhost:5173/api/matches:0
[11651105ms] [ERROR] Failed to load resource: the server responded with a status of 500 (Internal Server Error) @ http://localhost:5173/api/matches:0
[11652387ms] [ERROR] Failed to load resource: the server responded with a status of 500 (Internal Server Error) @ http://localhost:5173/api/matches:0
[11652389ms] [ERROR] Failed to load resource: the server responded with a status of 500 (Internal Server Error) @ http://localhost:5173/api/system/status:0
[12124113ms] ReferenceError: CARTERA_STRATEGIES is not defined
    at CarteraTab (http://localhost:5173/src/components/InsightsView.tsx?t=1771180273525:2511:84)
    at Object.react_stack_bottom_frame (http://localhost:5173/node_modules/.vite/deps/react-dom_client.js?v=b13bc61a:18509:20)
    at renderWithHooks (http://localhost:5173/node_modules/.vite/deps/react-dom_client.js?v=b13bc61a:5654:24)
    at updateFunctionComponent (http://localhost:5173/node_modules/.vite/deps/react-dom_client.js?v=b13bc61a:7475:21)
    at beginWork (http://localhost:5173/node_modules/.vite/deps/react-dom_client.js?v=b13bc61a:8525:20)
    at runWithFiberInDEV (http://localhost:5173/node_modules/.vite/deps/react-dom_client.js?v=b13bc61a:997:72)
    at performUnitOfWork (http://localhost:5173/node_modules/.vite/deps/react-dom_client.js?v=b13bc61a:12561:98)
    at workLoopSync (http://localhost:5173/node_modules/.vite/deps/react-dom_client.js?v=b13bc61a:12424:43)
    at renderRootSync (http://localhost:5173/node_modules/.vite/deps/react-dom_client.js?v=b13bc61a:12408:13)
    at performWorkOnRoot (http://localhost:5173/node_modules/.vite/deps/react-dom_client.js?v=b13bc61a:11827:37)
[12124113ms] [WARNING] %s

%s
 An error occurred in the <CarteraTab> component. Consider adding an error boundary to your tree to customize error handling behavior.
Visit https://react.dev/link/error-boundaries to learn more about error boundaries. @ http://localhost:5173/node_modules/.vite/deps/react-dom_client.js?v=b13bc61a:6965
[12673855ms] [ERROR] Failed to load resource: the server responded with a status of 500 (Internal Server Error) @ http://localhost:5173/api/matches:0
[12673893ms] [ERROR] Failed to load resource: the server responded with a status of 500 (Internal Server Error) @ http://localhost:5173/api/system/status:0
[12725186ms] [ERROR] Failed to load resource: the server responded with a status of 500 (Internal Server Error) @ http://localhost:5173/api/matches:0
[12725186ms] [ERROR] Failed to load resource: the server responded with a status of 500 (Internal Server Error) @ http://localhost:5173/api/system/status:0
[12725187ms] [ERROR] Failed to load resource: the server responded with a status of 500 (Internal Server Error) @ http://localhost:5173/api/matches:0
[12725188ms] [ERROR] Failed to load resource: the server responded with a status of 500 (Internal Server Error) @ http://localhost:5173/api/system/status:0
[12725189ms] [ERROR] Failed to load resource: the server responded with a status of 500 (Internal Server Error) @ http://localhost:5173/api/matches:0
[12725190ms] [ERROR] Failed to load resource: the server responded with a status of 500 (Internal Server Error) @ http://localhost:5173/api/system/status:0
[13099839ms] [ERROR] Failed to load resource: the server responded with a status of 500 (Internal Server Error) @ http://localhost:5173/src/components/InsightsView.tsx?t=1771181249321:0
[13099844ms] [ERROR] [vite] Failed to reload /src/components/InsightsView.tsx. This could be due to syntax errors or importing non-existent modules. (see errors above) @ http://localhost:5173/@vite/client:808
[13138932ms] [ERROR] Failed to load resource: the server responded with a status of 500 (Internal Server Error) @ http://localhost:5173/src/components/InsightsView.tsx?t=1771181249321:0
[13142355ms] [ERROR] Failed to load resource: the server responded with a status of 500 (Internal Server Error) @ http://localhost:5173/src/components/InsightsView.tsx?t=1771181249321:0
[13167012ms] [ERROR] Failed to load resource: the server responded with a status of 500 (Internal Server Error) @ http://localhost:5173/src/components/InsightsView.tsx?t=1771181316440:0
[13171590ms] [ERROR] Failed to load resource: the server responded with a status of 500 (Internal Server Error) @ http://localhost:5173/src/components/InsightsView.tsx?t=1771181320946:0
