[      17ms] [ERROR] Failed to load insights: TypeError: Failed to fetch
    at get (http://localhost:5173/src/lib/api.ts?t=1771166986977:3:21)
    at Object.getMatches (http://localhost:5173/src/lib/api.ts?t=1771166986977:18:21)
    at load (http://localhost:5173/src/components/InsightsView.tsx?t=1771167103379:51:17)
    at http://localhost:5173/src/components/InsightsView.tsx?t=1771167103379:74:5
    at Object.react_stack_bottom_frame (http://localhost:5173/node_modules/.vite/deps/react-dom_client.js?v=b13bc61a:18567:20)
    at runWithFiberInDEV (http://localhost:5173/node_modules/.vite/deps/react-dom_client.js?v=b13bc61a:997:72)
    at commitHookEffectListMount (http://localhost:5173/node_modules/.vite/deps/react-dom_client.js?v=b13bc61a:9411:163)
    at commitHookPassiveMountEffects (http://localhost:5173/node_modules/.vite/deps/react-dom_client.js?v=b13bc61a:9465:60)
    at commitPassiveMountOnFiber (http://localhost:5173/node_modules/.vite/deps/react-dom_client.js?v=b13bc61a:11040:29)
    at recursivelyTraversePassiveMountEffects (http://localhost:5173/node_modules/.vite/deps/react-dom_client.js?v=b13bc61a:11010:13) @ http://localhost:5173/src/components/InsightsView.tsx?t=1771167103379:68
[      18ms] [ERROR] Failed to load insights: TypeError: Failed to fetch
    at get (http://localhost:5173/src/lib/api.ts?t=1771166986977:3:21)
    at Object.getMatches (http://localhost:5173/src/lib/api.ts?t=1771166986977:18:21)
    at load (http://localhost:5173/src/components/InsightsView.tsx?t=1771167103379:51:17)
    at http://localhost:5173/src/components/InsightsView.tsx?t=1771167103379:74:5
    at Object.react_stack_bottom_frame (http://localhost:5173/node_modules/.vite/deps/react-dom_client.js?v=b13bc61a:18567:20)
    at runWithFiberInDEV (http://localhost:5173/node_modules/.vite/deps/react-dom_client.js?v=b13bc61a:997:72)
    at commitHookEffectListMount (http://localhost:5173/node_modules/.vite/deps/react-dom_client.js?v=b13bc61a:9411:163)
    at commitHookPassiveMountEffects (http://localhost:5173/node_modules/.vite/deps/react-dom_client.js?v=b13bc61a:9465:60)
    at reconnectPassiveEffects (http://localhost:5173/node_modules/.vite/deps/react-dom_client.js?v=b13bc61a:11273:13)
    at doubleInvokeEffectsOnFiber (http://localhost:5173/node_modules/.vite/deps/react-dom_client.js?v=b13bc61a:13339:135) @ http://localhost:5173/src/components/InsightsView.tsx?t=1771167103379:68
