[     819ms] [WARNING] document.domain mutation is ignored because the surrounding agent cluster is origin-keyed. @ https://ie2eds.cdnppb.net/resources/eds/bundle/app.d7d788e33.js:0
[    1510ms] [ERROR] Access to XMLHttpRequest at 'https://rum-ingest.eu0.signalfx.com/v1/rum?auth=daeNmSPycTtkXf7hcZUQXg' from origin 'https://www.betfair.es' has been blocked by CORS policy: No 'Access-Control-Allow-Origin' header is present on the requested resource. @ https://www.betfair.es/exchange/plus/football/market/1.253377454:0
[    1511ms] [ERROR] Failed to load resource: net::ERR_FAILED @ https://rum-ingest.eu0.signalfx.com/v1/rum?auth=daeNmSPycTtkXf7hcZUQXg:0
[    3403ms] [ERROR] Failed to load resource: net::ERR_NAME_NOT_RESOLVED @ https://service.maxymiser.net/api/eu/new_betfair.com/7bb08d/mmapi.js:0
[    9772ms] [ERROR] Access to XMLHttpRequest at 'https://rum-ingest.eu0.signalfx.com/v1/rum?auth=daeNmSPycTtkXf7hcZUQXg' from origin 'https://www.betfair.es' has been blocked by CORS policy: No 'Access-Control-Allow-Origin' header is present on the requested resource. @ https://www.betfair.es/exchange/plus/football/market/1.253377454:0
[    9773ms] [ERROR] Failed to load resource: net::ERR_FAILED @ https://rum-ingest.eu0.signalfx.com/v1/rum?auth=daeNmSPycTtkXf7hcZUQXg:0
[   16316ms] [WARNING] Error while trying to get football data soccerEventStats response invalid @ https://ie2eds.cdnppb.net/resources/eds/bundle/vendors~app.eff7c2f07.js:31
[   50752ms] [ERROR] Access to XMLHttpRequest at 'https://rum-ingest.eu0.signalfx.com/v1/rum?auth=daeNmSPycTtkXf7hcZUQXg' from origin 'https://www.betfair.es' has been blocked by CORS policy: No 'Access-Control-Allow-Origin' header is present on the requested resource. @ https://www.betfair.es/exchange/plus/football/market/1.253377454:0
[   50753ms] [ERROR] Failed to load resource: net::ERR_FAILED @ https://rum-ingest.eu0.signalfx.com/v1/rum?auth=daeNmSPycTtkXf7hcZUQXg:0
[   80937ms] [ERROR] Access to XMLHttpRequest at 'https://rum-ingest.eu0.signalfx.com/v1/rum?auth=daeNmSPycTtkXf7hcZUQXg' from origin 'https://www.betfair.es' has been blocked by CORS policy: No 'Access-Control-Allow-Origin' header is present on the requested resource. @ https://www.betfair.es/exchange/plus/football/market/1.253377454:0
[   80937ms] [ERROR] Failed to load resource: net::ERR_FAILED @ https://rum-ingest.eu0.signalfx.com/v1/rum?auth=daeNmSPycTtkXf7hcZUQXg:0
[  156176ms] [ERROR] Access to XMLHttpRequest at 'https://rum-ingest.eu0.signalfx.com/v1/rum?auth=daeNmSPycTtkXf7hcZUQXg' from origin 'https://www.betfair.es' has been blocked by CORS policy: No 'Access-Control-Allow-Origin' header is present on the requested resource. @ https://www.betfair.es/exchange/plus/football/market/1.253377454:0
[  156177ms] [ERROR] Failed to load resource: net::ERR_FAILED @ https://rum-ingest.eu0.signalfx.com/v1/rum?auth=daeNmSPycTtkXf7hcZUQXg:0
[  186273ms] [ERROR] Access to XMLHttpRequest at 'https://rum-ingest.eu0.signalfx.com/v1/rum?auth=daeNmSPycTtkXf7hcZUQXg' from origin 'https://www.betfair.es' has been blocked by CORS policy: No 'Access-Control-Allow-Origin' header is present on the requested resource. @ https://www.betfair.es/exchange/plus/football/market/1.253377454:0
[  186273ms] [ERROR] Failed to load resource: net::ERR_FAILED @ https://rum-ingest.eu0.signalfx.com/v1/rum?auth=daeNmSPycTtkXf7hcZUQXg:0
[  201675ms] [ERROR] Access to XMLHttpRequest at 'https://rum-ingest.eu0.signalfx.com/v1/rum?auth=daeNmSPycTtkXf7hcZUQXg' from origin 'https://www.betfair.es' has been blocked by CORS policy: No 'Access-Control-Allow-Origin' header is present on the requested resource. @ https://www.betfair.es/exchange/plus/football/market/1.253377454:0
[  201675ms] [ERROR] Failed to load resource: net::ERR_FAILED @ https://rum-ingest.eu0.signalfx.com/v1/rum?auth=daeNmSPycTtkXf7hcZUQXg:0
[  216355ms] [ERROR] Access to XMLHttpRequest at 'https://rum-ingest.eu0.signalfx.com/v1/rum?auth=daeNmSPycTtkXf7hcZUQXg' from origin 'https://www.betfair.es' has been blocked by CORS policy: No 'Access-Control-Allow-Origin' header is present on the requested resource. @ https://www.betfair.es/exchange/plus/football/market/1.253377454:0
[  216355ms] [ERROR] Failed to load resource: net::ERR_FAILED @ https://rum-ingest.eu0.signalfx.com/v1/rum?auth=daeNmSPycTtkXf7hcZUQXg:0
[  246472ms] [ERROR] Access to XMLHttpRequest at 'https://rum-ingest.eu0.signalfx.com/v1/rum?auth=daeNmSPycTtkXf7hcZUQXg' from origin 'https://www.betfair.es' has been blocked by CORS policy: No 'Access-Control-Allow-Origin' header is present on the requested resource. @ https://www.betfair.es/exchange/plus/football/market/1.253377454:0
[  246472ms] [ERROR] Failed to load resource: net::ERR_FAILED @ https://rum-ingest.eu0.signalfx.com/v1/rum?auth=daeNmSPycTtkXf7hcZUQXg:0
[  273088ms] [WARNING] Error while fetching manageMarketOnBetEngine Error: bettingType betting type must be one of ODDS, ASIAN_HANDICAP_SINGLE_LINE, ASIAN_HANDICAP_DOUBLE_LINE, LINE. Current value is "undefined"
    at o (https://ie2eds.cdnppb.net/resources/eds/bundle/vendors~app.eff7c2f07.js:1:3147)
    at A (https://ie2eds.cdnppb.net/resources/eds/bundle/vendors~app.eff7c2f07.js:1:4707)
    at new <anonymous> (https://ie2eds.cdnppb.net/resources/eds/bundle/vendors~app.eff7c2f07.js:16:81341)
    at https://ie2eds.cdnppb.net/resources/eds/bundle/vendors~app.eff7c2f07.js:26:170458
    at Fe (https://ie2eds.cdnppb.net/resources/eds/bundle/vendors~app.eff7c2f07.js:26:170642)
    at https://ie2eds.cdnppb.net/resources/eds/bundle/vendors~app.eff7c2f07.js:26:172299
    at Qe.addMarket (https://ie2eds.cdnppb.net/resources/eds/bundle/vendors~app.eff7c2f07.js:26:175254)
    at https://ie2eds.cdnppb.net/resources/eds/bundle/app.d7d788e33.js:1:798530
    at https://ie2eds.cdnppb.net/resources/eds/bundle/app.d7d788e33.js:1:798591
    at Array.forEach (<anonymous>) @ https://ie2eds.cdnppb.net/resources/eds/bundle/vendors~app.eff7c2f07.js:31
[  276592ms] [ERROR] Access to XMLHttpRequest at 'https://rum-ingest.eu0.signalfx.com/v1/rum?auth=daeNmSPycTtkXf7hcZUQXg' from origin 'https://www.betfair.es' has been blocked by CORS policy: No 'Access-Control-Allow-Origin' header is present on the requested resource. @ https://www.betfair.es/exchange/plus/football/market/1.253377454:0
[  276593ms] [ERROR] Failed to load resource: net::ERR_FAILED @ https://rum-ingest.eu0.signalfx.com/v1/rum?auth=daeNmSPycTtkXf7hcZUQXg:0
[  306352ms] [ERROR] Access to XMLHttpRequest at 'https://rum-ingest.eu0.signalfx.com/v1/rum?auth=daeNmSPycTtkXf7hcZUQXg' from origin 'https://www.betfair.es' has been blocked by CORS policy: No 'Access-Control-Allow-Origin' header is present on the requested resource. @ https://www.betfair.es/exchange/plus/football/market/1.253377454:0
[  306352ms] [ERROR] Failed to load resource: net::ERR_FAILED @ https://rum-ingest.eu0.signalfx.com/v1/rum?auth=daeNmSPycTtkXf7hcZUQXg:0
[  336784ms] [ERROR] Access to XMLHttpRequest at 'https://rum-ingest.eu0.signalfx.com/v1/rum?auth=daeNmSPycTtkXf7hcZUQXg' from origin 'https://www.betfair.es' has been blocked by CORS policy: No 'Access-Control-Allow-Origin' header is present on the requested resource. @ https://www.betfair.es/exchange/plus/football/market/1.253377454:0
[  336784ms] [ERROR] Failed to load resource: net::ERR_FAILED @ https://rum-ingest.eu0.signalfx.com/v1/rum?auth=daeNmSPycTtkXf7hcZUQXg:0
[  352558ms] [ERROR] Access to XMLHttpRequest at 'https://rum-ingest.eu0.signalfx.com/v1/rum?auth=daeNmSPycTtkXf7hcZUQXg' from origin 'https://www.betfair.es' has been blocked by CORS policy: No 'Access-Control-Allow-Origin' header is present on the requested resource. @ https://www.betfair.es/exchange/plus/football/market/1.253377454:0
[  352558ms] [ERROR] Failed to load resource: net::ERR_FAILED @ https://rum-ingest.eu0.signalfx.com/v1/rum?auth=daeNmSPycTtkXf7hcZUQXg:0
[  382758ms] [ERROR] Access to XMLHttpRequest at 'https://rum-ingest.eu0.signalfx.com/v1/rum?auth=daeNmSPycTtkXf7hcZUQXg' from origin 'https://www.betfair.es' has been blocked by CORS policy: No 'Access-Control-Allow-Origin' header is present on the requested resource. @ https://www.betfair.es/exchange/plus/football/market/1.253377454:0
[  382758ms] [ERROR] Failed to load resource: net::ERR_FAILED @ https://rum-ingest.eu0.signalfx.com/v1/rum?auth=daeNmSPycTtkXf7hcZUQXg:0
[  396978ms] [ERROR] Access to XMLHttpRequest at 'https://rum-ingest.eu0.signalfx.com/v1/rum?auth=daeNmSPycTtkXf7hcZUQXg' from origin 'https://www.betfair.es' has been blocked by CORS policy: No 'Access-Control-Allow-Origin' header is present on the requested resource. @ https://www.betfair.es/exchange/plus/football/market/1.253377454:0
[  396978ms] [ERROR] Failed to load resource: net::ERR_FAILED @ https://rum-ingest.eu0.signalfx.com/v1/rum?auth=daeNmSPycTtkXf7hcZUQXg:0
[  412932ms] [ERROR] Access to XMLHttpRequest at 'https://rum-ingest.eu0.signalfx.com/v1/rum?auth=daeNmSPycTtkXf7hcZUQXg' from origin 'https://www.betfair.es' has been blocked by CORS policy: No 'Access-Control-Allow-Origin' header is present on the requested resource. @ https://www.betfair.es/exchange/plus/football/market/1.253377454:0
[  412933ms] [ERROR] Failed to load resource: net::ERR_FAILED @ https://rum-ingest.eu0.signalfx.com/v1/rum?auth=daeNmSPycTtkXf7hcZUQXg:0
[  427055ms] [ERROR] Access to XMLHttpRequest at 'https://rum-ingest.eu0.signalfx.com/v1/rum?auth=daeNmSPycTtkXf7hcZUQXg' from origin 'https://www.betfair.es' has been blocked by CORS policy: No 'Access-Control-Allow-Origin' header is present on the requested resource. @ https://www.betfair.es/exchange/plus/football/market/1.253377454:0
[  427055ms] [ERROR] Failed to load resource: net::ERR_FAILED @ https://rum-ingest.eu0.signalfx.com/v1/rum?auth=daeNmSPycTtkXf7hcZUQXg:0
[  443093ms] [ERROR] Access to XMLHttpRequest at 'https://rum-ingest.eu0.signalfx.com/v1/rum?auth=daeNmSPycTtkXf7hcZUQXg' from origin 'https://www.betfair.es' has been blocked by CORS policy: No 'Access-Control-Allow-Origin' header is present on the requested resource. @ https://www.betfair.es/exchange/plus/football/market/1.253377454:0
[  443093ms] [ERROR] Failed to load resource: net::ERR_FAILED @ https://rum-ingest.eu0.signalfx.com/v1/rum?auth=daeNmSPycTtkXf7hcZUQXg:0
[  473276ms] [ERROR] Access to XMLHttpRequest at 'https://rum-ingest.eu0.signalfx.com/v1/rum?auth=daeNmSPycTtkXf7hcZUQXg' from origin 'https://www.betfair.es' has been blocked by CORS policy: No 'Access-Control-Allow-Origin' header is present on the requested resource. @ https://www.betfair.es/exchange/plus/football/market/1.253377454:0
[  473277ms] [ERROR] Failed to load resource: net::ERR_FAILED @ https://rum-ingest.eu0.signalfx.com/v1/rum?auth=daeNmSPycTtkXf7hcZUQXg:0
[  487281ms] [ERROR] Access to XMLHttpRequest at 'https://rum-ingest.eu0.signalfx.com/v1/rum?auth=daeNmSPycTtkXf7hcZUQXg' from origin 'https://www.betfair.es' has been blocked by CORS policy: No 'Access-Control-Allow-Origin' header is present on the requested resource. @ https://www.betfair.es/exchange/plus/football/market/1.253377454:0
[  487282ms] [ERROR] Failed to load resource: net::ERR_FAILED @ https://rum-ingest.eu0.signalfx.com/v1/rum?auth=daeNmSPycTtkXf7hcZUQXg:0
[  503443ms] [ERROR] Access to XMLHttpRequest at 'https://rum-ingest.eu0.signalfx.com/v1/rum?auth=daeNmSPycTtkXf7hcZUQXg' from origin 'https://www.betfair.es' has been blocked by CORS policy: No 'Access-Control-Allow-Origin' header is present on the requested resource. @ https://www.betfair.es/exchange/plus/football/market/1.253377454:0
[  503443ms] [ERROR] Failed to load resource: net::ERR_FAILED @ https://rum-ingest.eu0.signalfx.com/v1/rum?auth=daeNmSPycTtkXf7hcZUQXg:0
[  517400ms] [ERROR] Access to XMLHttpRequest at 'https://rum-ingest.eu0.signalfx.com/v1/rum?auth=daeNmSPycTtkXf7hcZUQXg' from origin 'https://www.betfair.es' has been blocked by CORS policy: No 'Access-Control-Allow-Origin' header is present on the requested resource. @ https://www.betfair.es/exchange/plus/football/market/1.253377454:0
[  517400ms] [ERROR] Failed to load resource: net::ERR_FAILED @ https://rum-ingest.eu0.signalfx.com/v1/rum?auth=daeNmSPycTtkXf7hcZUQXg:0
[  533625ms] [ERROR] Access to XMLHttpRequest at 'https://rum-ingest.eu0.signalfx.com/v1/rum?auth=daeNmSPycTtkXf7hcZUQXg' from origin 'https://www.betfair.es' has been blocked by CORS policy: No 'Access-Control-Allow-Origin' header is present on the requested resource. @ https://www.betfair.es/exchange/plus/football/market/1.253377454:0
[  533626ms] [ERROR] Failed to load resource: net::ERR_FAILED @ https://rum-ingest.eu0.signalfx.com/v1/rum?auth=daeNmSPycTtkXf7hcZUQXg:0
[  547494ms] [ERROR] Access to XMLHttpRequest at 'https://rum-ingest.eu0.signalfx.com/v1/rum?auth=daeNmSPycTtkXf7hcZUQXg' from origin 'https://www.betfair.es' has been blocked by CORS policy: No 'Access-Control-Allow-Origin' header is present on the requested resource. @ https://www.betfair.es/exchange/plus/football/market/1.253377454:0
[  547494ms] [ERROR] Failed to load resource: net::ERR_FAILED @ https://rum-ingest.eu0.signalfx.com/v1/rum?auth=daeNmSPycTtkXf7hcZUQXg:0
[  577653ms] [ERROR] Access to XMLHttpRequest at 'https://rum-ingest.eu0.signalfx.com/v1/rum?auth=daeNmSPycTtkXf7hcZUQXg' from origin 'https://www.betfair.es' has been blocked by CORS policy: No 'Access-Control-Allow-Origin' header is present on the requested resource. @ https://www.betfair.es/exchange/plus/football/market/1.253377454:0
[  577654ms] [ERROR] Failed to load resource: net::ERR_FAILED @ https://rum-ingest.eu0.signalfx.com/v1/rum?auth=daeNmSPycTtkXf7hcZUQXg:0
[  593971ms] [ERROR] Access to XMLHttpRequest at 'https://rum-ingest.eu0.signalfx.com/v1/rum?auth=daeNmSPycTtkXf7hcZUQXg' from origin 'https://www.betfair.es' has been blocked by CORS policy: No 'Access-Control-Allow-Origin' header is present on the requested resource. @ https://www.betfair.es/exchange/plus/football/market/1.253377454:0
[  593972ms] [ERROR] Failed to load resource: net::ERR_FAILED @ https://rum-ingest.eu0.signalfx.com/v1/rum?auth=daeNmSPycTtkXf7hcZUQXg:0
[  607759ms] [ERROR] Access to XMLHttpRequest at 'https://rum-ingest.eu0.signalfx.com/v1/rum?auth=daeNmSPycTtkXf7hcZUQXg' from origin 'https://www.betfair.es' has been blocked by CORS policy: No 'Access-Control-Allow-Origin' header is present on the requested resource. @ https://www.betfair.es/exchange/plus/football/market/1.253377454:0
[  607759ms] [ERROR] Failed to load resource: net::ERR_FAILED @ https://rum-ingest.eu0.signalfx.com/v1/rum?auth=daeNmSPycTtkXf7hcZUQXg:0
[  624202ms] [ERROR] Access to XMLHttpRequest at 'https://rum-ingest.eu0.signalfx.com/v1/rum?auth=daeNmSPycTtkXf7hcZUQXg' from origin 'https://www.betfair.es' has been blocked by CORS policy: No 'Access-Control-Allow-Origin' header is present on the requested resource. @ https://www.betfair.es/exchange/plus/football/market/1.253377454:0
[  624202ms] [ERROR] Failed to load resource: net::ERR_FAILED @ https://rum-ingest.eu0.signalfx.com/v1/rum?auth=daeNmSPycTtkXf7hcZUQXg:0
[  654391ms] [ERROR] Access to XMLHttpRequest at 'https://rum-ingest.eu0.signalfx.com/v1/rum?auth=daeNmSPycTtkXf7hcZUQXg' from origin 'https://www.betfair.es' has been blocked by CORS policy: No 'Access-Control-Allow-Origin' header is present on the requested resource. @ https://www.betfair.es/exchange/plus/football/market/1.253377454:0
[  654392ms] [ERROR] Failed to load resource: net::ERR_FAILED @ https://rum-ingest.eu0.signalfx.com/v1/rum?auth=daeNmSPycTtkXf7hcZUQXg:0
[  668006ms] [ERROR] Access to XMLHttpRequest at 'https://rum-ingest.eu0.signalfx.com/v1/rum?auth=daeNmSPycTtkXf7hcZUQXg' from origin 'https://www.betfair.es' has been blocked by CORS policy: No 'Access-Control-Allow-Origin' header is present on the requested resource. @ https://www.betfair.es/exchange/plus/football/market/1.253377454:0
[  668006ms] [ERROR] Failed to load resource: net::ERR_FAILED @ https://rum-ingest.eu0.signalfx.com/v1/rum?auth=daeNmSPycTtkXf7hcZUQXg:0
[  684576ms] [ERROR] Access to XMLHttpRequest at 'https://rum-ingest.eu0.signalfx.com/v1/rum?auth=daeNmSPycTtkXf7hcZUQXg' from origin 'https://www.betfair.es' has been blocked by CORS policy: No 'Access-Control-Allow-Origin' header is present on the requested resource. @ https://www.betfair.es/exchange/plus/football/market/1.253377454:0
[  684576ms] [ERROR] Failed to load resource: net::ERR_FAILED @ https://rum-ingest.eu0.signalfx.com/v1/rum?auth=daeNmSPycTtkXf7hcZUQXg:0
[  714796ms] [ERROR] Access to XMLHttpRequest at 'https://rum-ingest.eu0.signalfx.com/v1/rum?auth=daeNmSPycTtkXf7hcZUQXg' from origin 'https://www.betfair.es' has been blocked by CORS policy: No 'Access-Control-Allow-Origin' header is present on the requested resource. @ https://www.betfair.es/exchange/plus/football/market/1.253377454:0
[  714797ms] [ERROR] Failed to load resource: net::ERR_FAILED @ https://rum-ingest.eu0.signalfx.com/v1/rum?auth=daeNmSPycTtkXf7hcZUQXg:0
[  728217ms] [ERROR] Access to XMLHttpRequest at 'https://rum-ingest.eu0.signalfx.com/v1/rum?auth=daeNmSPycTtkXf7hcZUQXg' from origin 'https://www.betfair.es' has been blocked by CORS policy: No 'Access-Control-Allow-Origin' header is present on the requested resource. @ https://www.betfair.es/exchange/plus/football/market/1.253377454:0
[  728218ms] [ERROR] Failed to load resource: net::ERR_FAILED @ https://rum-ingest.eu0.signalfx.com/v1/rum?auth=daeNmSPycTtkXf7hcZUQXg:0
[  758325ms] [ERROR] Access to XMLHttpRequest at 'https://rum-ingest.eu0.signalfx.com/v1/rum?auth=daeNmSPycTtkXf7hcZUQXg' from origin 'https://www.betfair.es' has been blocked by CORS policy: No 'Access-Control-Allow-Origin' header is present on the requested resource. @ https://www.betfair.es/exchange/plus/football/market/1.253377454:0
[  758325ms] [ERROR] Failed to load resource: net::ERR_FAILED @ https://rum-ingest.eu0.signalfx.com/v1/rum?auth=daeNmSPycTtkXf7hcZUQXg:0
[  775140ms] [ERROR] Access to XMLHttpRequest at 'https://rum-ingest.eu0.signalfx.com/v1/rum?auth=daeNmSPycTtkXf7hcZUQXg' from origin 'https://www.betfair.es' has been blocked by CORS policy: No 'Access-Control-Allow-Origin' header is present on the requested resource. @ https://www.betfair.es/exchange/plus/football/market/1.253377454:0
[  775141ms] [ERROR] Failed to load resource: net::ERR_FAILED @ https://rum-ingest.eu0.signalfx.com/v1/rum?auth=daeNmSPycTtkXf7hcZUQXg:0
[  805406ms] [ERROR] Access to XMLHttpRequest at 'https://rum-ingest.eu0.signalfx.com/v1/rum?auth=daeNmSPycTtkXf7hcZUQXg' from origin 'https://www.betfair.es' has been blocked by CORS policy: No 'Access-Control-Allow-Origin' header is present on the requested resource. @ https://www.betfair.es/exchange/plus/football/market/1.253377454:0
[  805406ms] [ERROR] Failed to load resource: net::ERR_FAILED @ https://rum-ingest.eu0.signalfx.com/v1/rum?auth=daeNmSPycTtkXf7hcZUQXg:0
[  835589ms] [ERROR] Access to XMLHttpRequest at 'https://rum-ingest.eu0.signalfx.com/v1/rum?auth=daeNmSPycTtkXf7hcZUQXg' from origin 'https://www.betfair.es' has been blocked by CORS policy: No 'Access-Control-Allow-Origin' header is present on the requested resource. @ https://www.betfair.es/exchange/plus/football/market/1.253377454:0
[  835589ms] [ERROR] Failed to load resource: net::ERR_FAILED @ https://rum-ingest.eu0.signalfx.com/v1/rum?auth=daeNmSPycTtkXf7hcZUQXg:0
[  865782ms] [ERROR] Access to XMLHttpRequest at 'https://rum-ingest.eu0.signalfx.com/v1/rum?auth=daeNmSPycTtkXf7hcZUQXg' from origin 'https://www.betfair.es' has been blocked by CORS policy: No 'Access-Control-Allow-Origin' header is present on the requested resource. @ https://www.betfair.es/exchange/plus/football/market/1.253377454:0
[  865783ms] [ERROR] Failed to load resource: net::ERR_FAILED @ https://rum-ingest.eu0.signalfx.com/v1/rum?auth=daeNmSPycTtkXf7hcZUQXg:0
[  896074ms] [ERROR] Access to XMLHttpRequest at 'https://rum-ingest.eu0.signalfx.com/v1/rum?auth=daeNmSPycTtkXf7hcZUQXg' from origin 'https://www.betfair.es' has been blocked by CORS policy: No 'Access-Control-Allow-Origin' header is present on the requested resource. @ https://www.betfair.es/exchange/plus/football/market/1.253377454:0
[  896075ms] [ERROR] Failed to load resource: net::ERR_FAILED @ https://rum-ingest.eu0.signalfx.com/v1/rum?auth=daeNmSPycTtkXf7hcZUQXg:0
[  926265ms] [ERROR] Access to XMLHttpRequest at 'https://rum-ingest.eu0.signalfx.com/v1/rum?auth=daeNmSPycTtkXf7hcZUQXg' from origin 'https://www.betfair.es' has been blocked by CORS policy: No 'Access-Control-Allow-Origin' header is present on the requested resource. @ https://www.betfair.es/exchange/plus/football/market/1.253377454:0
[  926266ms] [ERROR] Failed to load resource: net::ERR_FAILED @ https://rum-ingest.eu0.signalfx.com/v1/rum?auth=daeNmSPycTtkXf7hcZUQXg:0
[  939139ms] [ERROR] Access to XMLHttpRequest at 'https://rum-ingest.eu0.signalfx.com/v1/rum?auth=daeNmSPycTtkXf7hcZUQXg' from origin 'https://www.betfair.es' has been blocked by CORS policy: No 'Access-Control-Allow-Origin' header is present on the requested resource. @ https://www.betfair.es/exchange/plus/football/market/1.253377454:0
[  939140ms] [ERROR] Failed to load resource: net::ERR_FAILED @ https://rum-ingest.eu0.signalfx.com/v1/rum?auth=daeNmSPycTtkXf7hcZUQXg:0
[  956460ms] [ERROR] Access to XMLHttpRequest at 'https://rum-ingest.eu0.signalfx.com/v1/rum?auth=daeNmSPycTtkXf7hcZUQXg' from origin 'https://www.betfair.es' has been blocked by CORS policy: No 'Access-Control-Allow-Origin' header is present on the requested resource. @ https://www.betfair.es/exchange/plus/football/market/1.253377454:0
[  956461ms] [ERROR] Failed to load resource: net::ERR_FAILED @ https://rum-ingest.eu0.signalfx.com/v1/rum?auth=daeNmSPycTtkXf7hcZUQXg:0
[  969245ms] [ERROR] Access to XMLHttpRequest at 'https://rum-ingest.eu0.signalfx.com/v1/rum?auth=daeNmSPycTtkXf7hcZUQXg' from origin 'https://www.betfair.es' has been blocked by CORS policy: No 'Access-Control-Allow-Origin' header is present on the requested resource. @ https://www.betfair.es/exchange/plus/football/market/1.253377454:0
[  969245ms] [ERROR] Failed to load resource: net::ERR_FAILED @ https://rum-ingest.eu0.signalfx.com/v1/rum?auth=daeNmSPycTtkXf7hcZUQXg:0
[  999361ms] [ERROR] Access to XMLHttpRequest at 'https://rum-ingest.eu0.signalfx.com/v1/rum?auth=daeNmSPycTtkXf7hcZUQXg' from origin 'https://www.betfair.es' has been blocked by CORS policy: No 'Access-Control-Allow-Origin' header is present on the requested resource. @ https://www.betfair.es/exchange/plus/football/market/1.253377454:0
[  999361ms] [ERROR] Failed to load resource: net::ERR_FAILED @ https://rum-ingest.eu0.signalfx.com/v1/rum?auth=daeNmSPycTtkXf7hcZUQXg:0
[ 1029484ms] [ERROR] Access to XMLHttpRequest at 'https://rum-ingest.eu0.signalfx.com/v1/rum?auth=daeNmSPycTtkXf7hcZUQXg' from origin 'https://www.betfair.es' has been blocked by CORS policy: No 'Access-Control-Allow-Origin' header is present on the requested resource. @ https://www.betfair.es/exchange/plus/football/market/1.253377454:0
[ 1029485ms] [ERROR] Failed to load resource: net::ERR_FAILED @ https://rum-ingest.eu0.signalfx.com/v1/rum?auth=daeNmSPycTtkXf7hcZUQXg:0
[ 1047133ms] [ERROR] Access to XMLHttpRequest at 'https://rum-ingest.eu0.signalfx.com/v1/rum?auth=daeNmSPycTtkXf7hcZUQXg' from origin 'https://www.betfair.es' has been blocked by CORS policy: No 'Access-Control-Allow-Origin' header is present on the requested resource. @ https://www.betfair.es/exchange/plus/football/market/1.253377454:0
[ 1047134ms] [ERROR] Failed to load resource: net::ERR_FAILED @ https://rum-ingest.eu0.signalfx.com/v1/rum?auth=daeNmSPycTtkXf7hcZUQXg:0
[ 1059639ms] [ERROR] Access to XMLHttpRequest at 'https://rum-ingest.eu0.signalfx.com/v1/rum?auth=daeNmSPycTtkXf7hcZUQXg' from origin 'https://www.betfair.es' has been blocked by CORS policy: No 'Access-Control-Allow-Origin' header is present on the requested resource. @ https://www.betfair.es/exchange/plus/football/market/1.253377454:0
[ 1059639ms] [ERROR] Failed to load resource: net::ERR_FAILED @ https://rum-ingest.eu0.signalfx.com/v1/rum?auth=daeNmSPycTtkXf7hcZUQXg:0
[ 1077362ms] [ERROR] Access to XMLHttpRequest at 'https://rum-ingest.eu0.signalfx.com/v1/rum?auth=daeNmSPycTtkXf7hcZUQXg' from origin 'https://www.betfair.es' has been blocked by CORS policy: No 'Access-Control-Allow-Origin' header is present on the requested resource. @ https://www.betfair.es/exchange/plus/football/market/1.253377454:0
[ 1077363ms] [ERROR] Failed to load resource: net::ERR_FAILED @ https://rum-ingest.eu0.signalfx.com/v1/rum?auth=daeNmSPycTtkXf7hcZUQXg:0
[ 1089739ms] [ERROR] Access to XMLHttpRequest at 'https://rum-ingest.eu0.signalfx.com/v1/rum?auth=daeNmSPycTtkXf7hcZUQXg' from origin 'https://www.betfair.es' has been blocked by CORS policy: No 'Access-Control-Allow-Origin' header is present on the requested resource. @ https://www.betfair.es/exchange/plus/football/market/1.253377454:0
[ 1089739ms] [ERROR] Failed to load resource: net::ERR_FAILED @ https://rum-ingest.eu0.signalfx.com/v1/rum?auth=daeNmSPycTtkXf7hcZUQXg:0
[ 1107526ms] [ERROR] Access to XMLHttpRequest at 'https://rum-ingest.eu0.signalfx.com/v1/rum?auth=daeNmSPycTtkXf7hcZUQXg' from origin 'https://www.betfair.es' has been blocked by CORS policy: No 'Access-Control-Allow-Origin' header is present on the requested resource. @ https://www.betfair.es/exchange/plus/football/market/1.253377454:0
[ 1107526ms] [ERROR] Failed to load resource: net::ERR_FAILED @ https://rum-ingest.eu0.signalfx.com/v1/rum?auth=daeNmSPycTtkXf7hcZUQXg:0
[ 1137726ms] [ERROR] Access to XMLHttpRequest at 'https://rum-ingest.eu0.signalfx.com/v1/rum?auth=daeNmSPycTtkXf7hcZUQXg' from origin 'https://www.betfair.es' has been blocked by CORS policy: No 'Access-Control-Allow-Origin' header is present on the requested resource. @ https://www.betfair.es/exchange/plus/football/market/1.253377454:0
[ 1137726ms] [ERROR] Failed to load resource: net::ERR_FAILED @ https://rum-ingest.eu0.signalfx.com/v1/rum?auth=daeNmSPycTtkXf7hcZUQXg:0
[ 1149993ms] [ERROR] Access to XMLHttpRequest at 'https://rum-ingest.eu0.signalfx.com/v1/rum?auth=daeNmSPycTtkXf7hcZUQXg' from origin 'https://www.betfair.es' has been blocked by CORS policy: No 'Access-Control-Allow-Origin' header is present on the requested resource. @ https://www.betfair.es/exchange/plus/football/market/1.253377454:0
[ 1149994ms] [ERROR] Failed to load resource: net::ERR_FAILED @ https://rum-ingest.eu0.signalfx.com/v1/rum?auth=daeNmSPycTtkXf7hcZUQXg:0
[ 1167995ms] [ERROR] Access to XMLHttpRequest at 'https://rum-ingest.eu0.signalfx.com/v1/rum?auth=daeNmSPycTtkXf7hcZUQXg' from origin 'https://www.betfair.es' has been blocked by CORS policy: No 'Access-Control-Allow-Origin' header is present on the requested resource. @ https://www.betfair.es/exchange/plus/football/market/1.253377454:0
[ 1167996ms] [ERROR] Failed to load resource: net::ERR_FAILED @ https://rum-ingest.eu0.signalfx.com/v1/rum?auth=daeNmSPycTtkXf7hcZUQXg:0
[ 1180105ms] [ERROR] Access to XMLHttpRequest at 'https://rum-ingest.eu0.signalfx.com/v1/rum?auth=daeNmSPycTtkXf7hcZUQXg' from origin 'https://www.betfair.es' has been blocked by CORS policy: No 'Access-Control-Allow-Origin' header is present on the requested resource. @ https://www.betfair.es/exchange/plus/football/market/1.253377454:0
[ 1180106ms] [ERROR] Failed to load resource: net::ERR_FAILED @ https://rum-ingest.eu0.signalfx.com/v1/rum?auth=daeNmSPycTtkXf7hcZUQXg:0
[ 1198163ms] [ERROR] Access to XMLHttpRequest at 'https://rum-ingest.eu0.signalfx.com/v1/rum?auth=daeNmSPycTtkXf7hcZUQXg' from origin 'https://www.betfair.es' has been blocked by CORS policy: No 'Access-Control-Allow-Origin' header is present on the requested resource. @ https://www.betfair.es/exchange/plus/football/market/1.253377454:0
[ 1198163ms] [ERROR] Failed to load resource: net::ERR_FAILED @ https://rum-ingest.eu0.signalfx.com/v1/rum?auth=daeNmSPycTtkXf7hcZUQXg:0
[ 1210225ms] [ERROR] Access to XMLHttpRequest at 'https://rum-ingest.eu0.signalfx.com/v1/rum?auth=daeNmSPycTtkXf7hcZUQXg' from origin 'https://www.betfair.es' has been blocked by CORS policy: No 'Access-Control-Allow-Origin' header is present on the requested resource. @ https://www.betfair.es/exchange/plus/football/market/1.253377454:0
[ 1210226ms] [ERROR] Failed to load resource: net::ERR_FAILED @ https://rum-ingest.eu0.signalfx.com/v1/rum?auth=daeNmSPycTtkXf7hcZUQXg:0
[ 1240356ms] [ERROR] Access to XMLHttpRequest at 'https://rum-ingest.eu0.signalfx.com/v1/rum?auth=daeNmSPycTtkXf7hcZUQXg' from origin 'https://www.betfair.es' has been blocked by CORS policy: No 'Access-Control-Allow-Origin' header is present on the requested resource. @ https://www.betfair.es/exchange/plus/football/market/1.253377454:0
[ 1240357ms] [ERROR] Failed to load resource: net::ERR_FAILED @ https://rum-ingest.eu0.signalfx.com/v1/rum?auth=daeNmSPycTtkXf7hcZUQXg:0
[ 1270455ms] [ERROR] Access to XMLHttpRequest at 'https://rum-ingest.eu0.signalfx.com/v1/rum?auth=daeNmSPycTtkXf7hcZUQXg' from origin 'https://www.betfair.es' has been blocked by CORS policy: No 'Access-Control-Allow-Origin' header is present on the requested resource. @ https://www.betfair.es/exchange/plus/football/market/1.253377454:0
[ 1270456ms] [ERROR] Failed to load resource: net::ERR_FAILED @ https://rum-ingest.eu0.signalfx.com/v1/rum?auth=daeNmSPycTtkXf7hcZUQXg:0
[ 1288866ms] [ERROR] Access to XMLHttpRequest at 'https://rum-ingest.eu0.signalfx.com/v1/rum?auth=daeNmSPycTtkXf7hcZUQXg' from origin 'https://www.betfair.es' has been blocked by CORS policy: No 'Access-Control-Allow-Origin' header is present on the requested resource. @ https://www.betfair.es/exchange/plus/football/market/1.253377454:0
[ 1288866ms] [ERROR] Failed to load resource: net::ERR_FAILED @ https://rum-ingest.eu0.signalfx.com/v1/rum?auth=daeNmSPycTtkXf7hcZUQXg:0
[ 1330764ms] [ERROR] Access to XMLHttpRequest at 'https://rum-ingest.eu0.signalfx.com/v1/rum?auth=daeNmSPycTtkXf7hcZUQXg' from origin 'https://www.betfair.es' has been blocked by CORS policy: No 'Access-Control-Allow-Origin' header is present on the requested resource. @ https://www.betfair.es/exchange/plus/football/market/1.253377454:0
[ 1330764ms] [ERROR] Failed to load resource: net::ERR_FAILED @ https://rum-ingest.eu0.signalfx.com/v1/rum?auth=daeNmSPycTtkXf7hcZUQXg:0
[ 1360927ms] [ERROR] Access to XMLHttpRequest at 'https://rum-ingest.eu0.signalfx.com/v1/rum?auth=daeNmSPycTtkXf7hcZUQXg' from origin 'https://www.betfair.es' has been blocked by CORS policy: No 'Access-Control-Allow-Origin' header is present on the requested resource. @ https://www.betfair.es/exchange/plus/football/market/1.253377454:0
[ 1360927ms] [ERROR] Failed to load resource: net::ERR_FAILED @ https://rum-ingest.eu0.signalfx.com/v1/rum?auth=daeNmSPycTtkXf7hcZUQXg:0
[ 1379466ms] [ERROR] Access to XMLHttpRequest at 'https://rum-ingest.eu0.signalfx.com/v1/rum?auth=daeNmSPycTtkXf7hcZUQXg' from origin 'https://www.betfair.es' has been blocked by CORS policy: No 'Access-Control-Allow-Origin' header is present on the requested resource. @ https://www.betfair.es/exchange/plus/football/market/1.253377454:0
[ 1379466ms] [ERROR] Failed to load resource: net::ERR_FAILED @ https://rum-ingest.eu0.signalfx.com/v1/rum?auth=daeNmSPycTtkXf7hcZUQXg:0
[ 1391000ms] [ERROR] Access to XMLHttpRequest at 'https://rum-ingest.eu0.signalfx.com/v1/rum?auth=daeNmSPycTtkXf7hcZUQXg' from origin 'https://www.betfair.es' has been blocked by CORS policy: No 'Access-Control-Allow-Origin' header is present on the requested resource. @ https://www.betfair.es/exchange/plus/football/market/1.253377454:0
[ 1391000ms] [ERROR] Failed to load resource: net::ERR_FAILED @ https://rum-ingest.eu0.signalfx.com/v1/rum?auth=daeNmSPycTtkXf7hcZUQXg:0
[ 1439925ms] [ERROR] Access to XMLHttpRequest at 'https://rum-ingest.eu0.signalfx.com/v1/rum?auth=daeNmSPycTtkXf7hcZUQXg' from origin 'https://www.betfair.es' has been blocked by CORS policy: No 'Access-Control-Allow-Origin' header is present on the requested resource. @ https://www.betfair.es/exchange/plus/football/market/1.253377454:0
[ 1439925ms] [ERROR] Failed to load resource: net::ERR_FAILED @ https://rum-ingest.eu0.signalfx.com/v1/rum?auth=daeNmSPycTtkXf7hcZUQXg:0
[ 1451279ms] [ERROR] Access to XMLHttpRequest at 'https://rum-ingest.eu0.signalfx.com/v1/rum?auth=daeNmSPycTtkXf7hcZUQXg' from origin 'https://www.betfair.es' has been blocked by CORS policy: No 'Access-Control-Allow-Origin' header is present on the requested resource. @ https://www.betfair.es/exchange/plus/football/market/1.253377454:0
[ 1451279ms] [ERROR] Failed to load resource: net::ERR_FAILED @ https://rum-ingest.eu0.signalfx.com/v1/rum?auth=daeNmSPycTtkXf7hcZUQXg:0
[ 1470078ms] [ERROR] Access to XMLHttpRequest at 'https://rum-ingest.eu0.signalfx.com/v1/rum?auth=daeNmSPycTtkXf7hcZUQXg' from origin 'https://www.betfair.es' has been blocked by CORS policy: No 'Access-Control-Allow-Origin' header is present on the requested resource. @ https://www.betfair.es/exchange/plus/football/market/1.253377454:0
[ 1470078ms] [ERROR] Failed to load resource: net::ERR_FAILED @ https://rum-ingest.eu0.signalfx.com/v1/rum?auth=daeNmSPycTtkXf7hcZUQXg:0
[ 1500340ms] [ERROR] Access to XMLHttpRequest at 'https://rum-ingest.eu0.signalfx.com/v1/rum?auth=daeNmSPycTtkXf7hcZUQXg' from origin 'https://www.betfair.es' has been blocked by CORS policy: No 'Access-Control-Allow-Origin' header is present on the requested resource. @ https://www.betfair.es/exchange/plus/football/market/1.253377454:0
[ 1500341ms] [ERROR] Failed to load resource: net::ERR_FAILED @ https://rum-ingest.eu0.signalfx.com/v1/rum?auth=daeNmSPycTtkXf7hcZUQXg:0
[ 1515682ms] [ERROR] Access to XMLHttpRequest at 'https://rum-ingest.eu0.signalfx.com/v1/rum?auth=daeNmSPycTtkXf7hcZUQXg' from origin 'https://www.betfair.es' has been blocked by CORS policy: No 'Access-Control-Allow-Origin' header is present on the requested resource. @ https://www.betfair.es/exchange/plus/football/market/1.253377454:0
[ 1515683ms] [ERROR] Failed to load resource: net::ERR_FAILED @ https://rum-ingest.eu0.signalfx.com/v1/rum?auth=daeNmSPycTtkXf7hcZUQXg:0
[ 1560726ms] [ERROR] Access to XMLHttpRequest at 'https://rum-ingest.eu0.signalfx.com/v1/rum?auth=daeNmSPycTtkXf7hcZUQXg' from origin 'https://www.betfair.es' has been blocked by CORS policy: No 'Access-Control-Allow-Origin' header is present on the requested resource. @ https://www.betfair.es/exchange/plus/football/market/1.253377454:0
[ 1560727ms] [ERROR] Failed to load resource: net::ERR_FAILED @ https://rum-ingest.eu0.signalfx.com/v1/rum?auth=daeNmSPycTtkXf7hcZUQXg:0
[ 1571732ms] [ERROR] Access to XMLHttpRequest at 'https://rum-ingest.eu0.signalfx.com/v1/rum?auth=daeNmSPycTtkXf7hcZUQXg' from origin 'https://www.betfair.es' has been blocked by CORS policy: No 'Access-Control-Allow-Origin' header is present on the requested resource. @ https://www.betfair.es/exchange/plus/football/market/1.253377454:0
[ 1571732ms] [ERROR] Failed to load resource: net::ERR_FAILED @ https://rum-ingest.eu0.signalfx.com/v1/rum?auth=daeNmSPycTtkXf7hcZUQXg:0
[ 1575809ms] [ERROR] Access to XMLHttpRequest at 'https://rum-ingest.eu0.signalfx.com/v1/rum?auth=daeNmSPycTtkXf7hcZUQXg' from origin 'https://www.betfair.es' has been blocked by CORS policy: No 'Access-Control-Allow-Origin' header is present on the requested resource. @ https://www.betfair.es/exchange/plus/football/market/1.253377454:0
[ 1575810ms] [ERROR] Failed to load resource: net::ERR_FAILED @ https://rum-ingest.eu0.signalfx.com/v1/rum?auth=daeNmSPycTtkXf7hcZUQXg:0
[ 1590931ms] [ERROR] Access to XMLHttpRequest at 'https://rum-ingest.eu0.signalfx.com/v1/rum?auth=daeNmSPycTtkXf7hcZUQXg' from origin 'https://www.betfair.es' has been blocked by CORS policy: No 'Access-Control-Allow-Origin' header is present on the requested resource. @ https://www.betfair.es/exchange/plus/football/market/1.253377454:0
[ 1590932ms] [ERROR] Failed to load resource: net::ERR_FAILED @ https://rum-ingest.eu0.signalfx.com/v1/rum?auth=daeNmSPycTtkXf7hcZUQXg:0
[ 1606021ms] [ERROR] Access to XMLHttpRequest at 'https://rum-ingest.eu0.signalfx.com/v1/rum?auth=daeNmSPycTtkXf7hcZUQXg' from origin 'https://www.betfair.es' has been blocked by CORS policy: No 'Access-Control-Allow-Origin' header is present on the requested resource. @ https://www.betfair.es/exchange/plus/football/market/1.253377454:0
[ 1606021ms] [ERROR] Failed to load resource: net::ERR_FAILED @ https://rum-ingest.eu0.signalfx.com/v1/rum?auth=daeNmSPycTtkXf7hcZUQXg:0
[ 1621111ms] [ERROR] Access to XMLHttpRequest at 'https://rum-ingest.eu0.signalfx.com/v1/rum?auth=daeNmSPycTtkXf7hcZUQXg' from origin 'https://www.betfair.es' has been blocked by CORS policy: No 'Access-Control-Allow-Origin' header is present on the requested resource. @ https://www.betfair.es/exchange/plus/football/market/1.253377454:0
[ 1621112ms] [ERROR] Failed to load resource: net::ERR_FAILED @ https://rum-ingest.eu0.signalfx.com/v1/rum?auth=daeNmSPycTtkXf7hcZUQXg:0
[ 1631983ms] [ERROR] Access to XMLHttpRequest at 'https://rum-ingest.eu0.signalfx.com/v1/rum?auth=daeNmSPycTtkXf7hcZUQXg' from origin 'https://www.betfair.es' has been blocked by CORS policy: No 'Access-Control-Allow-Origin' header is present on the requested resource. @ https://www.betfair.es/exchange/plus/football/market/1.253377454:0
[ 1631983ms] [ERROR] Failed to load resource: net::ERR_FAILED @ https://rum-ingest.eu0.signalfx.com/v1/rum?auth=daeNmSPycTtkXf7hcZUQXg:0
[ 1636207ms] [ERROR] Access to XMLHttpRequest at 'https://rum-ingest.eu0.signalfx.com/v1/rum?auth=daeNmSPycTtkXf7hcZUQXg' from origin 'https://www.betfair.es' has been blocked by CORS policy: No 'Access-Control-Allow-Origin' header is present on the requested resource. @ https://www.betfair.es/exchange/plus/football/market/1.253377454:0
[ 1636208ms] [ERROR] Failed to load resource: net::ERR_FAILED @ https://rum-ingest.eu0.signalfx.com/v1/rum?auth=daeNmSPycTtkXf7hcZUQXg:0
[ 1651408ms] [ERROR] Access to XMLHttpRequest at 'https://rum-ingest.eu0.signalfx.com/v1/rum?auth=daeNmSPycTtkXf7hcZUQXg' from origin 'https://www.betfair.es' has been blocked by CORS policy: No 'Access-Control-Allow-Origin' header is present on the requested resource. @ https://www.betfair.es/exchange/plus/football/market/1.253377454:0
[ 1651408ms] [ERROR] Failed to load resource: net::ERR_FAILED @ https://rum-ingest.eu0.signalfx.com/v1/rum?auth=daeNmSPycTtkXf7hcZUQXg:0
[ 1662117ms] [ERROR] Access to XMLHttpRequest at 'https://rum-ingest.eu0.signalfx.com/v1/rum?auth=daeNmSPycTtkXf7hcZUQXg' from origin 'https://www.betfair.es' has been blocked by CORS policy: No 'Access-Control-Allow-Origin' header is present on the requested resource. @ https://www.betfair.es/exchange/plus/football/market/1.253377454:0
[ 1662118ms] [ERROR] Failed to load resource: net::ERR_FAILED @ https://rum-ingest.eu0.signalfx.com/v1/rum?auth=daeNmSPycTtkXf7hcZUQXg:0
[ 1681620ms] [ERROR] Access to XMLHttpRequest at 'https://rum-ingest.eu0.signalfx.com/v1/rum?auth=daeNmSPycTtkXf7hcZUQXg' from origin 'https://www.betfair.es' has been blocked by CORS policy: No 'Access-Control-Allow-Origin' header is present on the requested resource. @ https://www.betfair.es/exchange/plus/football/market/1.253377454:0
[ 1681621ms] [ERROR] Failed to load resource: net::ERR_FAILED @ https://rum-ingest.eu0.signalfx.com/v1/rum?auth=daeNmSPycTtkXf7hcZUQXg:0
[ 1692232ms] [ERROR] Access to XMLHttpRequest at 'https://rum-ingest.eu0.signalfx.com/v1/rum?auth=daeNmSPycTtkXf7hcZUQXg' from origin 'https://www.betfair.es' has been blocked by CORS policy: No 'Access-Control-Allow-Origin' header is present on the requested resource. @ https://www.betfair.es/exchange/plus/football/market/1.253377454:0
[ 1692232ms] [ERROR] Failed to load resource: net::ERR_FAILED @ https://rum-ingest.eu0.signalfx.com/v1/rum?auth=daeNmSPycTtkXf7hcZUQXg:0
[ 1711840ms] [ERROR] Access to XMLHttpRequest at 'https://rum-ingest.eu0.signalfx.com/v1/rum?auth=daeNmSPycTtkXf7hcZUQXg' from origin 'https://www.betfair.es' has been blocked by CORS policy: No 'Access-Control-Allow-Origin' header is present on the requested resource. @ https://www.betfair.es/exchange/plus/football/market/1.253377454:0
[ 1711841ms] [ERROR] Failed to load resource: net::ERR_FAILED @ https://rum-ingest.eu0.signalfx.com/v1/rum?auth=daeNmSPycTtkXf7hcZUQXg:0
[ 1722303ms] [ERROR] Access to XMLHttpRequest at 'https://rum-ingest.eu0.signalfx.com/v1/rum?auth=daeNmSPycTtkXf7hcZUQXg' from origin 'https://www.betfair.es' has been blocked by CORS policy: No 'Access-Control-Allow-Origin' header is present on the requested resource. @ https://www.betfair.es/exchange/plus/football/market/1.253377454:0
[ 1722304ms] [ERROR] Failed to load resource: net::ERR_FAILED @ https://rum-ingest.eu0.signalfx.com/v1/rum?auth=daeNmSPycTtkXf7hcZUQXg:0
[ 1742029ms] [ERROR] Access to XMLHttpRequest at 'https://rum-ingest.eu0.signalfx.com/v1/rum?auth=daeNmSPycTtkXf7hcZUQXg' from origin 'https://www.betfair.es' has been blocked by CORS policy: No 'Access-Control-Allow-Origin' header is present on the requested resource. @ https://www.betfair.es/exchange/plus/football/market/1.253377454:0
[ 1742029ms] [ERROR] Failed to load resource: net::ERR_FAILED @ https://rum-ingest.eu0.signalfx.com/v1/rum?auth=daeNmSPycTtkXf7hcZUQXg:0
[ 1757150ms] [ERROR] Access to XMLHttpRequest at 'https://rum-ingest.eu0.signalfx.com/v1/rum?auth=daeNmSPycTtkXf7hcZUQXg' from origin 'https://www.betfair.es' has been blocked by CORS policy: No 'Access-Control-Allow-Origin' header is present on the requested resource. @ https://www.betfair.es/exchange/plus/football/market/1.253377454:0
[ 1757150ms] [ERROR] Failed to load resource: net::ERR_FAILED @ https://rum-ingest.eu0.signalfx.com/v1/rum?auth=daeNmSPycTtkXf7hcZUQXg:0
[ 1772241ms] [ERROR] Access to XMLHttpRequest at 'https://rum-ingest.eu0.signalfx.com/v1/rum?auth=daeNmSPycTtkXf7hcZUQXg' from origin 'https://www.betfair.es' has been blocked by CORS policy: No 'Access-Control-Allow-Origin' header is present on the requested resource. @ https://www.betfair.es/exchange/plus/football/market/1.253377454:0
[ 1772242ms] [ERROR] Failed to load resource: net::ERR_FAILED @ https://rum-ingest.eu0.signalfx.com/v1/rum?auth=daeNmSPycTtkXf7hcZUQXg:0
[ 1782566ms] [ERROR] Access to XMLHttpRequest at 'https://rum-ingest.eu0.signalfx.com/v1/rum?auth=daeNmSPycTtkXf7hcZUQXg' from origin 'https://www.betfair.es' has been blocked by CORS policy: No 'Access-Control-Allow-Origin' header is present on the requested resource. @ https://www.betfair.es/exchange/plus/football/market/1.253377454:0
[ 1782566ms] [ERROR] Failed to load resource: net::ERR_FAILED @ https://rum-ingest.eu0.signalfx.com/v1/rum?auth=daeNmSPycTtkXf7hcZUQXg:0
[ 1802446ms] [ERROR] Access to XMLHttpRequest at 'https://rum-ingest.eu0.signalfx.com/v1/rum?auth=daeNmSPycTtkXf7hcZUQXg' from origin 'https://www.betfair.es' has been blocked by CORS policy: No 'Access-Control-Allow-Origin' header is present on the requested resource. @ https://www.betfair.es/exchange/plus/football/market/1.253377454:0
[ 1802446ms] [ERROR] Failed to load resource: net::ERR_FAILED @ https://rum-ingest.eu0.signalfx.com/v1/rum?auth=daeNmSPycTtkXf7hcZUQXg:0
[ 1812658ms] [ERROR] Access to XMLHttpRequest at 'https://rum-ingest.eu0.signalfx.com/v1/rum?auth=daeNmSPycTtkXf7hcZUQXg' from origin 'https://www.betfair.es' has been blocked by CORS policy: No 'Access-Control-Allow-Origin' header is present on the requested resource. @ https://www.betfair.es/exchange/plus/football/market/1.253377454:0
[ 1812659ms] [ERROR] Failed to load resource: net::ERR_FAILED @ https://rum-ingest.eu0.signalfx.com/v1/rum?auth=daeNmSPycTtkXf7hcZUQXg:0
