[     229ms] [WARNING] document.domain mutation is ignored because the surrounding agent cluster is origin-keyed. @ https://ie2eds.cdnppb.net/resources/eds/bundle/app.d7d788e33.js:0
[     351ms] [ERROR] Access to XMLHttpRequest at 'https://movableink.betfair.com/p/wc?url=https%3A%2F%2Fwww.betfair.es%2Fexchange%2Fplus%2Fes%2Ff%25C3%25BAtbol%2Fen-juego-apuestas-10068362' from origin 'https://www.betfair.es' has been blocked by CORS policy: The 'Access-Control-Allow-Origin' header has a value 'https://betfair.com' that is not equal to the supplied origin. @ https://www.betfair.es/exchange/plus/es/f%C3%BAtbol/en-juego-apuestas-10068362:0
[     351ms] [ERROR] Failed to load resource: net::ERR_FAILED @ https://movableink.betfair.com/p/wc?url=https%3A%2F%2Fwww.betfair.es%2Fexchange%2Fplus%2Fes%2Ff%25C3%25BAtbol%2Fen-juego-apuestas-10068362:0
[     403ms] [WARNING] No event found switching to competition Empty response @ https://ie2eds.cdnppb.net/resources/eds/bundle/vendors~app.eff7c2f07.js:31
[     497ms] [WARNING] Error: Error while trying to fetch getNavigationContext: TypeError: Cannot read properties of undefined (reading 'eventTypeName')
    at t.project (https://ie2eds.cdnppb.net/resources/eds/bundle/app.d7d788e33.js:1:1037546)
    at t._next (https://ie2eds.cdnppb.net/resources/eds/bundle/vendors~app.eff7c2f07.js:16:150579)
    at t.next (https://ie2eds.cdnppb.net/resources/eds/bundle/vendors~app.eff7c2f07.js:16:2808)
    at t._next (https://ie2eds.cdnppb.net/resources/eds/bundle/vendors~app.eff7c2f07.js:65:239711)
    at t.next (https://ie2eds.cdnppb.net/resources/eds/bundle/vendors~app.eff7c2f07.js:16:2808)
    at t._next (https://ie2eds.cdnppb.net/resources/eds/bundle/vendors~app.eff7c2f07.js:65:220481)
    at t.next (https://ie2eds.cdnppb.net/resources/eds/bundle/vendors~app.eff7c2f07.js:16:2808)
    at t._next (https://ie2eds.cdnppb.net/resources/eds/bundle/vendors~app.eff7c2f07.js:65:219322)
    at t.next (https://ie2eds.cdnppb.net/resources/eds/bundle/vendors~app.eff7c2f07.js:16:2808)
    at t._next (https://ie2eds.cdnppb.net/resources/eds/bundle/vendors~app.eff7c2f07.js:16:150677) @ https://ie2eds.cdnppb.net/resources/eds/bundle/vendors~app.eff7c2f07.js:31
[     498ms] [WARNING] Error: Error while trying to fetch getNavigationContext: TypeError: Cannot read properties of undefined (reading 'eventTypeName')
    at t.project (https://ie2eds.cdnppb.net/resources/eds/bundle/app.d7d788e33.js:1:1037546)
    at t._next (https://ie2eds.cdnppb.net/resources/eds/bundle/vendors~app.eff7c2f07.js:16:150579)
    at t.next (https://ie2eds.cdnppb.net/resources/eds/bundle/vendors~app.eff7c2f07.js:16:2808)
    at t._next (https://ie2eds.cdnppb.net/resources/eds/bundle/vendors~app.eff7c2f07.js:65:239711)
    at t.next (https://ie2eds.cdnppb.net/resources/eds/bundle/vendors~app.eff7c2f07.js:16:2808)
    at t._next (https://ie2eds.cdnppb.net/resources/eds/bundle/vendors~app.eff7c2f07.js:65:220481)
    at t.next (https://ie2eds.cdnppb.net/resources/eds/bundle/vendors~app.eff7c2f07.js:16:2808)
    at t._next (https://ie2eds.cdnppb.net/resources/eds/bundle/vendors~app.eff7c2f07.js:65:219322)
    at t.next (https://ie2eds.cdnppb.net/resources/eds/bundle/vendors~app.eff7c2f07.js:16:2808)
    at t._next (https://ie2eds.cdnppb.net/resources/eds/bundle/vendors~app.eff7c2f07.js:16:150677) @ https://ie2eds.cdnppb.net/resources/eds/bundle/vendors~app.eff7c2f07.js:31
[     965ms] [ERROR] Access to XMLHttpRequest at 'https://movableink.betfair.com/p/wc?url=https%3A%2F%2Fwww.betfair.es%2Fexchange%2Fplus%2Fes%2Ff%25C3%25BAtbol%2Fen-juego-apuestas-10068362' from origin 'https://www.betfair.es' has been blocked by CORS policy: The 'Access-Control-Allow-Origin' header has a value 'https://betfair.com' that is not equal to the supplied origin. @ https://www.betfair.es/exchange/plus/es/f%C3%BAtbol/en-juego-apuestas-10068362:0
[     965ms] [ERROR] Failed to load resource: net::ERR_FAILED @ https://movableink.betfair.com/p/wc?url=https%3A%2F%2Fwww.betfair.es%2Fexchange%2Fplus%2Fes%2Ff%25C3%25BAtbol%2Fen-juego-apuestas-10068362:0
[   16410ms] Uncaught Error: multiple calls to tags.js
    at <anonymous> (https://regstat.betfair.com/fp/tags.js?org_id=9ghwyvdk&session_id=b067c415-f926-4690-8f3b-c41a43b53dbf&pageid=1:0:107)
    at <anonymous> (https://regstat.betfair.com/fp/tags.js?org_id=9ghwyvdk&session_id=b067c415-f926-4690-8f3b-c41a43b53dbf&pageid=1:178:79)
[   31781ms] [WARNING] Error fetching nodes {canceled: true} @ https://ie2eds.cdnppb.net/resources/eds/bundle/vendors~app.eff7c2f07.js:31
[   31781ms] [WARNING] Error fetching sections {canceled: true} @ https://ie2eds.cdnppb.net/resources/eds/bundle/vendors~app.eff7c2f07.js:31
