13:52:56 [INFO] 📝 Log guardándose en: logs/scraper_20260218_135256.log
13:52:56 [INFO] Cargados 0 partidos desde games.csv
13:52:56 [INFO] Usando URLs desde config.MATCH_URLS (sin scheduling)
13:52:56 [INFO] 
Iniciando observador con 1 partidos.
13:52:56 [INFO] Ciclo: 30s | Output: data/
13:52:56 [INFO] 🔄 Recarga dinámica: Revisando games.csv cada 5 ciclos (detección de cambios)
13:52:56 [INFO] 🧹 Limpiando ventanas Betfair antiguas...
13:52:56 [WARNING] Script de limpieza no encontrado: C:\Users\agonz\OneDrive\Documents\Proyectos\Furbo\betfair_scraper\close_betfair_windows.ps1
13:52:57 [INFO] Cargados 0 partidos desde games.csv
13:52:57 [INFO] 
🚀 Iniciando 1 drivers Chrome (partidos en vivo o próximos)...
13:52:57 [INFO] 🔧 Creando driver de login: utrecht-feyenoord-apuestas-35189654
13:52:57 [INFO] 🔧 Creando driver para: utrecht-feyenoord-apuestas-35189654
13:53:02 [INFO] ✓ Cookies aceptadas automáticamente
13:53:03 [INFO] ✓ Driver listo: utrecht-feyenoord-apuestas-35189654
13:53:03 [INFO] ============================================================
13:53:03 [INFO] HAZ LOGIN MANUAL en Betfair.es ahora.
13:53:03 [INFO] Tienes 0 segundos...
13:53:03 [INFO] El scraper comenzará automáticamente después.
13:53:03 [INFO] ============================================================
13:53:03 [INFO] ✓ 1 drivers creados exitosamente
13:53:03 [INFO] ============================================================
13:53:03 [INFO] CAPTURA INICIADA - Presiona Ctrl+C para detener
13:53:03 [INFO] ============================================================
13:53:03 [INFO] 
--- Ciclo #1 ---
13:53:03 [INFO] 📸 Capturando 1 partidos en paralelo...
13:53:11 [DEBUG] [utrecht-feyenoord-apuestas-35189654] → Extrayendo información del partido...
13:53:29 [DEBUG] [utrecht-feyenoord-apuestas-35189654] → Extrayendo cuotas Match Odds...
13:53:30 [WARNING] ⟳ [utrecht-feyenoord-apuestas-35189654] Match Odds incompletos (0/3), refrescando...
13:53:58 [DEBUG] No se encontró banner de cookies (puede que ya esté aceptado)
13:54:18 [DEBUG] [utrecht-feyenoord-apuestas-35189654] → Extrayendo cuotas Over/Under...
13:54:19 [DEBUG] [utrecht-feyenoord-apuestas-35189654] O/U escasos (0), intentando via mercado individual...
13:54:19 [DEBUG] No se encontraron links de mercados O/U en sidebar
13:54:23 [DEBUG] [utrecht-feyenoord-apuestas-35189654] → Extrayendo cuotas Resultado Correcto...
13:54:24 [DEBUG] [utrecht-feyenoord-apuestas-35189654] → Extrayendo estadísticas del partido...
13:54:24 [DEBUG]   → Extrayendo eventId del HTML...
13:54:24 [DEBUG] Betfair event ID extraído de la URL: 35189654
13:54:24 [DEBUG] Consultando videoplayer: https://videoplayer.betfair.es/GetPlayer.do?eID=35189654&contentType=viz&contentView=mstats
13:54:24 [ERROR] Error consultando videoplayer endpoint: 404 Client Error:  for url: https://videoplayer.betfair.es/GetPlayer.do?eID=35189654&contentType=viz&contentView=mstats
13:54:24 [WARNING]   × No se pudo extraer eventId - partido sin estadísticas Opta
13:54:24 [INFO]   → Extrayendo stats del iframe (fallback): eID=35189654
13:54:41 [WARNING]   × Timeout esperando estadísticas básicas
13:54:41 [DEBUG]   → Extrayendo todas las estadísticas del iframe...
13:54:42 [DEBUG]     × 'Shots on target' no encontrado en DOM
13:54:43 [DEBUG]     × 'Shots off target' no encontrado en DOM
13:54:44 [DEBUG]     × 'Shots blocked' no encontrado en DOM
13:54:45 [DEBUG]     × 'Corner kicks' no encontrado en DOM
13:54:48 [DEBUG]     × 'Dangerous Attack' no encontrado en DOM
13:54:49 [DEBUG]     × 'Free kicks' no encontrado en DOM
13:54:50 [DEBUG]     × 'Offsides' no encontrado en DOM
13:54:51 [DEBUG]     × 'Goal kicks' no encontrado en DOM
13:54:52 [DEBUG]     × 'Saves' no encontrado en DOM
13:54:53 [DEBUG]     × 'Throw-ins' no encontrado en DOM
13:54:54 [DEBUG]     × 'Substitutions' no encontrado en DOM
13:54:55 [DEBUG]     × 'Injuries' no encontrado en DOM
13:54:56 [DEBUG]     × 'Fouls' no encontrado en DOM
13:54:56 [WARNING]   × Fallback iframe no encontró estadísticas
13:54:57 [DEBUG] [utrecht-feyenoord-apuestas-35189654] → Extrayendo volumen matched...
13:55:10 [DEBUG] [utrecht-feyenoord-apuestas-35189654] → Extrayendo momentum (fallback visual)...
13:55:10 [DEBUG]   → Buscando URL del iframe de stats para Momentum...
13:55:16 [DEBUG]   × No se encontró URL del iframe de stats
13:55:16 [INFO] ✓ [utrecht-feyenoord-apuestas-35189654] Captura exitosa: pre_partido, min , -
13:55:16 [INFO] ✓ Captura paralela completada en 133.4s (1/1 exitosos)
13:55:16 [WARNING] Ciclo tardó 133.4s (> 30s). Iniciando siguiente ciclo inmediatamente.
13:55:16 [INFO] 
--- Ciclo #2 ---
13:55:16 [INFO] 📸 Capturando 1 partidos en paralelo...
13:55:24 [DEBUG] [utrecht-feyenoord-apuestas-35189654] → Extrayendo información del partido...
13:55:42 [DEBUG] [utrecht-feyenoord-apuestas-35189654] → Extrayendo cuotas Match Odds...
13:55:43 [WARNING] ⟳ [utrecht-feyenoord-apuestas-35189654] Match Odds incompletos (0/3), refrescando...
13:56:12 [DEBUG] No se encontró banner de cookies (puede que ya esté aceptado)
13:56:32 [DEBUG] [utrecht-feyenoord-apuestas-35189654] → Extrayendo cuotas Over/Under...
13:56:33 [DEBUG] [utrecht-feyenoord-apuestas-35189654] O/U escasos (0), intentando via mercado individual...
13:56:33 [DEBUG] No se encontraron links de mercados O/U en sidebar
13:56:36 [DEBUG] [utrecht-feyenoord-apuestas-35189654] → Extrayendo cuotas Resultado Correcto...
13:56:37 [DEBUG] [utrecht-feyenoord-apuestas-35189654] → Extrayendo estadísticas del partido...
13:56:37 [DEBUG]   → Extrayendo eventId del HTML...
13:56:37 [DEBUG] Betfair event ID extraído de la URL: 35189654
13:56:37 [DEBUG] Consultando videoplayer: https://videoplayer.betfair.es/GetPlayer.do?eID=35189654&contentType=viz&contentView=mstats
13:56:38 [ERROR] Error consultando videoplayer endpoint: 404 Client Error:  for url: https://videoplayer.betfair.es/GetPlayer.do?eID=35189654&contentType=viz&contentView=mstats
13:56:38 [WARNING]   × No se pudo extraer eventId - partido sin estadísticas Opta
13:56:38 [INFO]   → Extrayendo stats del iframe (fallback): eID=35189654
13:56:53 [WARNING]   × Timeout esperando estadísticas básicas
13:56:53 [DEBUG]   → Extrayendo todas las estadísticas del iframe...
13:56:54 [DEBUG]     × 'Shots on target' no encontrado en DOM
13:56:55 [DEBUG]     × 'Shots off target' no encontrado en DOM
13:56:56 [DEBUG]     × 'Shots blocked' no encontrado en DOM
13:56:57 [DEBUG]     × 'Corner kicks' no encontrado en DOM
13:57:00 [DEBUG]     × 'Dangerous Attack' no encontrado en DOM
13:57:01 [DEBUG]     × 'Free kicks' no encontrado en DOM
13:57:02 [DEBUG]     × 'Offsides' no encontrado en DOM
13:57:03 [DEBUG]     × 'Goal kicks' no encontrado en DOM
13:57:04 [DEBUG]     × 'Saves' no encontrado en DOM
13:57:06 [DEBUG]     × 'Throw-ins' no encontrado en DOM
13:57:07 [DEBUG]     × 'Substitutions' no encontrado en DOM
13:57:08 [DEBUG]     × 'Injuries' no encontrado en DOM
13:57:09 [DEBUG]     × 'Fouls' no encontrado en DOM
13:57:09 [WARNING]   × Fallback iframe no encontró estadísticas
13:57:09 [DEBUG] [utrecht-feyenoord-apuestas-35189654] → Extrayendo volumen matched...
13:57:22 [DEBUG] [utrecht-feyenoord-apuestas-35189654] → Extrayendo momentum (fallback visual)...
13:57:22 [DEBUG]   → Buscando URL del iframe de stats para Momentum...
13:57:28 [DEBUG]   × No se encontró URL del iframe de stats
13:57:28 [INFO] ✓ [utrecht-feyenoord-apuestas-35189654] Captura exitosa: pre_partido, min , -
13:57:28 [INFO] ✓ Captura paralela completada en 132.4s (1/1 exitosos)
13:57:28 [WARNING] Ciclo tardó 132.4s (> 30s). Iniciando siguiente ciclo inmediatamente.
13:57:28 [INFO] 
--- Ciclo #3 ---
13:57:28 [INFO] 📸 Capturando 1 partidos en paralelo...
13:57:37 [DEBUG] [utrecht-feyenoord-apuestas-35189654] → Extrayendo información del partido...
13:57:55 [DEBUG] [utrecht-feyenoord-apuestas-35189654] → Extrayendo cuotas Match Odds...
13:57:56 [WARNING] ⟳ [utrecht-feyenoord-apuestas-35189654] Match Odds incompletos (0/3), refrescando...
13:58:24 [DEBUG] No se encontró banner de cookies (puede que ya esté aceptado)
13:58:44 [DEBUG] [utrecht-feyenoord-apuestas-35189654] → Extrayendo cuotas Over/Under...
13:58:45 [DEBUG] [utrecht-feyenoord-apuestas-35189654] O/U escasos (0), intentando via mercado individual...
13:58:45 [DEBUG] No se encontraron links de mercados O/U en sidebar
13:58:52 [DEBUG] [utrecht-feyenoord-apuestas-35189654] → Extrayendo cuotas Resultado Correcto...
13:58:52 [DEBUG] [utrecht-feyenoord-apuestas-35189654] → Extrayendo estadísticas del partido...
13:58:52 [DEBUG]   → Extrayendo eventId del HTML...
13:58:52 [DEBUG] Betfair event ID extraído de la URL: 35189654
13:58:52 [DEBUG] Consultando videoplayer: https://videoplayer.betfair.es/GetPlayer.do?eID=35189654&contentType=viz&contentView=mstats
13:58:52 [ERROR] Error consultando videoplayer endpoint: 404 Client Error:  for url: https://videoplayer.betfair.es/GetPlayer.do?eID=35189654&contentType=viz&contentView=mstats
13:58:52 [WARNING]   × No se pudo extraer eventId - partido sin estadísticas Opta
13:58:52 [INFO]   → Extrayendo stats del iframe (fallback): eID=35189654
13:59:10 [WARNING]   × Timeout esperando estadísticas básicas
13:59:10 [DEBUG]   → Extrayendo todas las estadísticas del iframe...
13:59:11 [DEBUG]     × 'Shots on target' no encontrado en DOM
13:59:12 [DEBUG]     × 'Shots off target' no encontrado en DOM
13:59:13 [DEBUG]     × 'Shots blocked' no encontrado en DOM
13:59:14 [DEBUG]     × 'Corner kicks' no encontrado en DOM
13:59:17 [DEBUG]     × 'Dangerous Attack' no encontrado en DOM
13:59:18 [DEBUG]     × 'Free kicks' no encontrado en DOM
13:59:19 [DEBUG]     × 'Offsides' no encontrado en DOM
13:59:20 [DEBUG]     × 'Goal kicks' no encontrado en DOM
13:59:21 [DEBUG]     × 'Saves' no encontrado en DOM
13:59:22 [DEBUG]     × 'Throw-ins' no encontrado en DOM
13:59:23 [DEBUG]     × 'Substitutions' no encontrado en DOM
13:59:24 [DEBUG]     × 'Injuries' no encontrado en DOM
13:59:25 [DEBUG]     × 'Fouls' no encontrado en DOM
13:59:25 [WARNING]   × Fallback iframe no encontró estadísticas
13:59:26 [DEBUG] [utrecht-feyenoord-apuestas-35189654] → Extrayendo volumen matched...
13:59:39 [DEBUG] [utrecht-feyenoord-apuestas-35189654] → Extrayendo momentum (fallback visual)...
13:59:39 [DEBUG]   → Buscando URL del iframe de stats para Momentum...
13:59:45 [DEBUG]   × No se encontró URL del iframe de stats
13:59:45 [INFO] ✓ [utrecht-feyenoord-apuestas-35189654] Captura exitosa: pre_partido, min , -
13:59:45 [INFO] ✓ Captura paralela completada en 136.6s (1/1 exitosos)
13:59:45 [WARNING] Ciclo tardó 136.6s (> 30s). Iniciando siguiente ciclo inmediatamente.
13:59:45 [INFO] 
--- Ciclo #4 ---
13:59:45 [INFO] 📸 Capturando 1 partidos en paralelo...
13:59:53 [DEBUG] [utrecht-feyenoord-apuestas-35189654] → Extrayendo información del partido...
14:00:11 [DEBUG] [utrecht-feyenoord-apuestas-35189654] → Extrayendo cuotas Match Odds...
14:00:12 [WARNING] ⟳ [utrecht-feyenoord-apuestas-35189654] Match Odds incompletos (0/3), refrescando...
14:00:48 [DEBUG] No se encontró banner de cookies (puede que ya esté aceptado)
14:01:08 [DEBUG] [utrecht-feyenoord-apuestas-35189654] → Extrayendo cuotas Over/Under...
14:01:09 [DEBUG] [utrecht-feyenoord-apuestas-35189654] O/U escasos (0), intentando via mercado individual...
14:01:09 [DEBUG] No se encontraron links de mercados O/U en sidebar
14:01:12 [DEBUG] [utrecht-feyenoord-apuestas-35189654] → Extrayendo cuotas Resultado Correcto...
14:01:13 [DEBUG] [utrecht-feyenoord-apuestas-35189654] → Extrayendo estadísticas del partido...
14:01:13 [DEBUG]   → Extrayendo eventId del HTML...
14:01:13 [DEBUG] Betfair event ID extraído de la URL: 35189654
14:01:13 [DEBUG] Consultando videoplayer: https://videoplayer.betfair.es/GetPlayer.do?eID=35189654&contentType=viz&contentView=mstats
14:01:14 [ERROR] Error consultando videoplayer endpoint: 404 Client Error:  for url: https://videoplayer.betfair.es/GetPlayer.do?eID=35189654&contentType=viz&contentView=mstats
14:01:14 [WARNING]   × No se pudo extraer eventId - partido sin estadísticas Opta
14:01:14 [INFO]   → Extrayendo stats del iframe (fallback): eID=35189654
14:01:28 [WARNING]   × Timeout esperando estadísticas básicas
14:01:28 [DEBUG]   → Extrayendo todas las estadísticas del iframe...
14:01:29 [DEBUG]     × 'Shots on target' no encontrado en DOM
14:01:30 [DEBUG]     × 'Shots off target' no encontrado en DOM
14:01:31 [DEBUG]     × 'Shots blocked' no encontrado en DOM
14:01:32 [DEBUG]     × 'Corner kicks' no encontrado en DOM
14:01:35 [DEBUG]     × 'Dangerous Attack' no encontrado en DOM
14:01:36 [DEBUG]     × 'Free kicks' no encontrado en DOM
14:01:38 [DEBUG]     × 'Offsides' no encontrado en DOM
14:01:39 [DEBUG]     × 'Goal kicks' no encontrado en DOM
14:01:40 [DEBUG]     × 'Saves' no encontrado en DOM
14:01:41 [DEBUG]     × 'Throw-ins' no encontrado en DOM
14:01:42 [DEBUG]     × 'Substitutions' no encontrado en DOM
14:01:43 [DEBUG]     × 'Injuries' no encontrado en DOM
14:01:44 [DEBUG]     × 'Fouls' no encontrado en DOM
14:01:44 [WARNING]   × Fallback iframe no encontró estadísticas
14:01:44 [DEBUG] [utrecht-feyenoord-apuestas-35189654] → Extrayendo volumen matched...
14:01:57 [DEBUG] [utrecht-feyenoord-apuestas-35189654] → Extrayendo momentum (fallback visual)...
14:01:57 [DEBUG]   → Buscando URL del iframe de stats para Momentum...
14:02:04 [DEBUG]   × No se encontró URL del iframe de stats
14:02:04 [INFO] ✓ [utrecht-feyenoord-apuestas-35189654] Captura exitosa: pre_partido, min , -
14:02:04 [INFO] ✓ Captura paralela completada en 138.5s (1/1 exitosos)
14:02:04 [WARNING] Ciclo tardó 138.5s (> 30s). Iniciando siguiente ciclo inmediatamente.
14:02:04 [INFO] 
--- Ciclo #5 ---
14:02:04 [INFO] 📸 Capturando 1 partidos en paralelo...
14:02:12 [DEBUG] [utrecht-feyenoord-apuestas-35189654] → Extrayendo información del partido...
14:02:30 [DEBUG] [utrecht-feyenoord-apuestas-35189654] → Extrayendo cuotas Match Odds...
14:02:31 [WARNING] ⟳ [utrecht-feyenoord-apuestas-35189654] Match Odds incompletos (0/3), refrescando...
14:02:59 [DEBUG] No se encontró banner de cookies (puede que ya esté aceptado)
14:03:19 [DEBUG] [utrecht-feyenoord-apuestas-35189654] → Extrayendo cuotas Over/Under...
14:03:20 [DEBUG] [utrecht-feyenoord-apuestas-35189654] O/U escasos (0), intentando via mercado individual...
14:03:20 [DEBUG] No se encontraron links de mercados O/U en sidebar
14:03:23 [DEBUG] [utrecht-feyenoord-apuestas-35189654] → Extrayendo cuotas Resultado Correcto...
14:03:24 [DEBUG] [utrecht-feyenoord-apuestas-35189654] → Extrayendo estadísticas del partido...
14:03:24 [DEBUG]   → Extrayendo eventId del HTML...
14:03:24 [DEBUG] Betfair event ID extraído de la URL: 35189654
14:03:24 [DEBUG] Consultando videoplayer: https://videoplayer.betfair.es/GetPlayer.do?eID=35189654&contentType=viz&contentView=mstats
14:03:25 [ERROR] Error consultando videoplayer endpoint: 404 Client Error:  for url: https://videoplayer.betfair.es/GetPlayer.do?eID=35189654&contentType=viz&contentView=mstats
14:03:25 [WARNING]   × No se pudo extraer eventId - partido sin estadísticas Opta
14:03:25 [INFO]   → Extrayendo stats del iframe (fallback): eID=35189654
14:03:41 [WARNING]   × Timeout esperando estadísticas básicas
14:03:41 [DEBUG]   → Extrayendo todas las estadísticas del iframe...
14:03:42 [DEBUG]     × 'Shots on target' no encontrado en DOM
14:03:43 [DEBUG]     × 'Shots off target' no encontrado en DOM
14:03:44 [DEBUG]     × 'Shots blocked' no encontrado en DOM
14:03:45 [DEBUG]     × 'Corner kicks' no encontrado en DOM
14:03:49 [DEBUG]     × 'Dangerous Attack' no encontrado en DOM
14:03:50 [DEBUG]     × 'Free kicks' no encontrado en DOM
14:03:51 [DEBUG]     × 'Offsides' no encontrado en DOM
14:03:52 [DEBUG]     × 'Goal kicks' no encontrado en DOM
14:03:53 [DEBUG]     × 'Saves' no encontrado en DOM
14:03:54 [DEBUG]     × 'Throw-ins' no encontrado en DOM
14:03:55 [DEBUG]     × 'Substitutions' no encontrado en DOM
14:03:56 [DEBUG]     × 'Injuries' no encontrado en DOM
14:03:57 [DEBUG]     × 'Fouls' no encontrado en DOM
14:03:57 [WARNING]   × Fallback iframe no encontró estadísticas
14:03:57 [DEBUG] [utrecht-feyenoord-apuestas-35189654] → Extrayendo volumen matched...
14:04:10 [DEBUG] [utrecht-feyenoord-apuestas-35189654] → Extrayendo momentum (fallback visual)...
14:04:10 [DEBUG]   → Buscando URL del iframe de stats para Momentum...
14:04:17 [DEBUG]   × No se encontró URL del iframe de stats
14:04:17 [INFO] ✓ [utrecht-feyenoord-apuestas-35189654] Captura exitosa: pre_partido, min , -
14:04:17 [INFO] ✓ Captura paralela completada en 133.0s (1/1 exitosos)
14:04:17 [INFO] 🔄 Revisando games.csv para detectar cambios...
14:04:17 [INFO] Cargados 0 partidos desde games.csv
14:04:17 [WARNING] Ciclo tardó 133.0s (> 30s). Iniciando siguiente ciclo inmediatamente.
14:04:17 [INFO] 
--- Ciclo #6 ---
14:04:17 [INFO] 📸 Capturando 1 partidos en paralelo...
14:04:25 [DEBUG] [utrecht-feyenoord-apuestas-35189654] → Extrayendo información del partido...
14:04:43 [DEBUG] [utrecht-feyenoord-apuestas-35189654] → Extrayendo cuotas Match Odds...
14:04:44 [WARNING] ⟳ [utrecht-feyenoord-apuestas-35189654] Match Odds incompletos (0/3), refrescando...
14:05:12 [DEBUG] No se encontró banner de cookies (puede que ya esté aceptado)
14:05:32 [DEBUG] [utrecht-feyenoord-apuestas-35189654] → Extrayendo cuotas Over/Under...
14:05:33 [DEBUG] [utrecht-feyenoord-apuestas-35189654] O/U escasos (0), intentando via mercado individual...
14:05:33 [DEBUG] No se encontraron links de mercados O/U en sidebar
14:05:37 [DEBUG] [utrecht-feyenoord-apuestas-35189654] → Extrayendo cuotas Resultado Correcto...
14:05:38 [DEBUG] [utrecht-feyenoord-apuestas-35189654] → Extrayendo estadísticas del partido...
14:05:38 [DEBUG]   → Extrayendo eventId del HTML...
14:05:38 [DEBUG] Betfair event ID extraído de la URL: 35189654
14:05:38 [DEBUG] Consultando videoplayer: https://videoplayer.betfair.es/GetPlayer.do?eID=35189654&contentType=viz&contentView=mstats
14:05:38 [ERROR] Error consultando videoplayer endpoint: 404 Client Error:  for url: https://videoplayer.betfair.es/GetPlayer.do?eID=35189654&contentType=viz&contentView=mstats
14:05:38 [WARNING]   × No se pudo extraer eventId - partido sin estadísticas Opta
14:05:38 [INFO]   → Extrayendo stats del iframe (fallback): eID=35189654
14:05:53 [WARNING]   × Timeout esperando estadísticas básicas
14:05:53 [DEBUG]   → Extrayendo todas las estadísticas del iframe...
14:05:55 [DEBUG]     × 'Shots on target' no encontrado en DOM
14:05:56 [DEBUG]     × 'Shots off target' no encontrado en DOM
14:05:57 [DEBUG]     × 'Shots blocked' no encontrado en DOM
14:05:58 [DEBUG]     × 'Corner kicks' no encontrado en DOM
14:06:01 [DEBUG]     × 'Dangerous Attack' no encontrado en DOM
14:06:02 [DEBUG]     × 'Free kicks' no encontrado en DOM
14:06:03 [DEBUG]     × 'Offsides' no encontrado en DOM
14:06:04 [DEBUG]     × 'Goal kicks' no encontrado en DOM
14:06:05 [DEBUG]     × 'Saves' no encontrado en DOM
14:06:06 [DEBUG]     × 'Throw-ins' no encontrado en DOM
14:06:07 [DEBUG]     × 'Substitutions' no encontrado en DOM
14:06:08 [DEBUG]     × 'Injuries' no encontrado en DOM
14:06:09 [DEBUG]     × 'Fouls' no encontrado en DOM
14:06:09 [WARNING]   × Fallback iframe no encontró estadísticas
14:06:10 [DEBUG] [utrecht-feyenoord-apuestas-35189654] → Extrayendo volumen matched...
14:06:22 [DEBUG] [utrecht-feyenoord-apuestas-35189654] → Extrayendo momentum (fallback visual)...
14:06:22 [DEBUG]   → Buscando URL del iframe de stats para Momentum...
14:06:29 [DEBUG]   × No se encontró URL del iframe de stats
14:06:29 [INFO] ✓ [utrecht-feyenoord-apuestas-35189654] Captura exitosa: pre_partido, min , -
14:06:29 [INFO] ✓ Captura paralela completada en 132.1s (1/1 exitosos)
14:06:29 [WARNING] Ciclo tardó 132.1s (> 30s). Iniciando siguiente ciclo inmediatamente.
14:06:29 [INFO] 
--- Ciclo #7 ---
14:06:29 [INFO] 📸 Capturando 1 partidos en paralelo...
14:06:37 [DEBUG] [utrecht-feyenoord-apuestas-35189654] → Extrayendo información del partido...
14:06:55 [DEBUG] [utrecht-feyenoord-apuestas-35189654] → Extrayendo cuotas Match Odds...
14:06:56 [WARNING] ⟳ [utrecht-feyenoord-apuestas-35189654] Match Odds incompletos (0/3), refrescando...
14:07:24 [DEBUG] No se encontró banner de cookies (puede que ya esté aceptado)
14:07:44 [DEBUG] [utrecht-feyenoord-apuestas-35189654] → Extrayendo cuotas Over/Under...
14:07:45 [DEBUG] [utrecht-feyenoord-apuestas-35189654] O/U escasos (0), intentando via mercado individual...
14:07:45 [DEBUG] No se encontraron links de mercados O/U en sidebar
14:07:49 [DEBUG] [utrecht-feyenoord-apuestas-35189654] → Extrayendo cuotas Resultado Correcto...
14:07:50 [DEBUG] [utrecht-feyenoord-apuestas-35189654] → Extrayendo estadísticas del partido...
14:07:50 [DEBUG]   → Extrayendo eventId del HTML...
14:07:50 [DEBUG] Betfair event ID extraído de la URL: 35189654
14:07:50 [DEBUG] Consultando videoplayer: https://videoplayer.betfair.es/GetPlayer.do?eID=35189654&contentType=viz&contentView=mstats
14:07:50 [ERROR] Error consultando videoplayer endpoint: 404 Client Error:  for url: https://videoplayer.betfair.es/GetPlayer.do?eID=35189654&contentType=viz&contentView=mstats
14:07:50 [WARNING]   × No se pudo extraer eventId - partido sin estadísticas Opta
14:07:50 [INFO]   → Extrayendo stats del iframe (fallback): eID=35189654
