23:27:22 [INFO] 📝 Log guardándose en: logs/scraper_20260214_232722.log
23:27:22 [INFO] Cargados 22 partidos desde games.csv
23:27:22 [INFO] 📅 MODO SCHEDULING ACTIVADO
23:27:22 [INFO]    Ventana tracking: 10 min antes → 150 min después
23:27:22 [INFO]    Total en CSV: 22 partidos
23:27:22 [INFO]    ✓ Partidos activos ahora: 22
23:27:22 [INFO]    ⏰ Partidos futuros: 0
23:27:22 [INFO]    ✅ Partidos finalizados: 0
23:27:22 [INFO] 🚀 Sistema multi-driver: Creando 22 drivers independientes (sin límite de tabs)
23:27:22 [INFO] 
Iniciando observador con 22 partidos.
23:27:22 [INFO] Ciclo: 30s | Output: data/
23:27:22 [INFO] 🔄 Recarga dinámica: Revisando games.csv cada 5 ciclos (scheduling)
23:27:22 [INFO] 🧹 Limpiando ventanas Betfair antiguas...
23:27:22 [WARNING] Script de limpieza no encontrado: C:\Users\agonz\OneDrive\Documents\Proyectos\Furbo\betfair_scraper\close_betfair_windows.ps1
23:27:22 [INFO] Cargados 22 partidos desde games.csv
23:27:22 [INFO] 
🚀 Iniciando 22 drivers Chrome (sistema multi-driver paralelo)...
23:27:22 [INFO] 🔧 Creando driver de login: Girona - FC Barcelona
23:27:22 [INFO] 🔧 Creando driver para: Girona - FC Barcelona
23:27:28 [INFO] ✓ Cookies aceptadas automáticamente
23:27:29 [INFO] ✓ Driver listo: girona-fc-barcelona-apuestas-35216932
23:27:29 [INFO] ============================================================
23:27:29 [INFO] HAZ LOGIN MANUAL en Betfair.es ahora.
23:27:29 [INFO] Tienes 0 segundos...
23:27:29 [INFO] El scraper comenzará automáticamente después.
23:27:29 [INFO] ============================================================
23:27:29 [INFO] 🔧 Creando 21 drivers adicionales en paralelo...
23:27:29 [INFO] 🔧 Creando driver para: Levante - Villarreal
23:27:29 [INFO] 🔧 Creando driver para: Athletic de Bilbao - Elche
23:27:29 [INFO] 🔧 Creando driver para: Real Sociedad - Oviedo
23:27:29 [INFO] 🔧 Creando driver para: Osasuna - Real Madrid
23:27:29 [INFO] 🔧 Creando driver para: Cagliari - Lecce
23:27:29 [INFO] 🔧 Creando driver para: Sassuolo - Verona
23:27:29 [INFO] 🔧 Creando driver para: Juventus - Como
23:27:29 [INFO] 🔧 Creando driver para: Lecce - Inter
23:27:41 [INFO] ✓ Cookies aceptadas automáticamente
23:27:41 [INFO] ✓ Cookies aceptadas automáticamente
23:27:41 [INFO] ✓ Cookies aceptadas automáticamente
23:27:42 [INFO] ✓ Cookies aceptadas automáticamente
23:27:42 [INFO] ✓ Driver listo: athletic-de-bilbao-elche-apuestas-35245234
23:27:42 [INFO] 🔧 Creando driver para: Macclesfield - Brentford
23:27:42 [INFO] ✓ Driver listo: cagliari-lecce-apuestas-35216885
23:27:42 [INFO] 🔧 Creando driver para: Sociedad B - Málaga
23:27:42 [INFO] ✓ Driver listo: juventus-como-apuestas-35243177
23:27:42 [INFO] 🔧 Creando driver para: Mainz - Hamburgo
23:27:43 [INFO] ✓ Driver listo: osasuna-real-madrid-apuestas-35244726
23:27:43 [INFO] 🔧 Creando driver para: Unión Berlín - Leverkusen
23:27:48 [INFO] ✓ Cookies aceptadas automáticamente
23:27:49 [INFO] ✓ Driver listo: lecce-inter-apuestas-35243175
23:27:49 [INFO] 🔧 Creando driver para: Bayern Múnich - Eintracht Frankfurt
23:27:54 [INFO] ✓ Cookies aceptadas automáticamente
23:27:54 [INFO] ✓ Cookies aceptadas automáticamente
23:27:55 [INFO] ✓ Cookies aceptadas automáticamente
23:27:55 [INFO] ✓ Driver listo: real-sociedad-oviedo-apuestas-35244721
23:27:55 [INFO] 🔧 Creando driver para: Colonia - Hoffenheim
23:27:55 [INFO] ✓ Driver listo: sassuolo-verona-apuestas-35245328
23:27:55 [INFO] 🔧 Creando driver para: Wolfsburgo - Augsburgo
23:27:56 [INFO] ✓ Driver listo: levante-villarreal-apuestas-35242977
23:27:56 [INFO] 🔧 Creando driver para: RB Leipzig - Borussia Dortmund
23:28:09 [INFO] ✓ Cookies aceptadas automáticamente
23:28:10 [INFO] ✓ Driver listo: macclesfield-brentford-apuestas-35172764
23:28:10 [INFO] 🔧 Creando driver para: Friburgo - B Mönchengladbach
23:28:10 [INFO] ✓ Cookies aceptadas automáticamente
23:28:11 [INFO] ✓ Driver listo: bayern-m%C3%BAnich-eintracht-frankfurt-apuestas-35
23:28:11 [INFO] 🔧 Creando driver para: St Pauli - Werder Bremen
23:28:12 [INFO] ✓ Cookies aceptadas automáticamente
23:28:13 [INFO] ✓ Driver listo: sociedad-b-m%C3%A1laga-apuestas-35248844
23:28:13 [INFO] 🔧 Creando driver para: Inter - Juventus
23:28:15 [INFO] ✓ Cookies aceptadas automáticamente
23:28:16 [INFO] ✓ Cookies aceptadas automáticamente
23:28:16 [INFO] ✓ Driver listo: colonia-hoffenheim-apuestas-35244049
23:28:16 [INFO] 🔧 Creando driver para: Cagliari - Lazio
23:28:17 [INFO] ✓ Cookies aceptadas automáticamente
23:28:17 [INFO] ✓ Driver listo: uni%C3%B3n-berl%C3%ADn-leverkusen-apuestas-3524414
23:28:17 [INFO] 🔧 Creando driver para: Atlético de Madrid - Espanyol
23:28:18 [INFO] ✓ Driver listo: mainz-hamburgo-apuestas-35244047
23:28:38 [INFO] ✓ Cookies aceptadas automáticamente
23:28:38 [DEBUG] No se encontró banner de cookies (puede que ya esté aceptado)
23:28:38 [INFO] ✓ Driver listo: wolfsburgo-augsburgo-apuestas-35244044
23:28:39 [INFO] ✓ Driver listo: inter-juventus-apuestas-35215842
23:28:42 [INFO] ✓ Cookies aceptadas automáticamente
23:28:43 [INFO] ✓ Cookies aceptadas automáticamente
23:28:43 [INFO] ✓ Driver listo: friburgo-b-m%C3%B6nchengladbach-apuestas-35244108
23:28:43 [INFO] ✓ Cookies aceptadas automáticamente
23:28:44 [INFO] ✓ Driver listo: st-pauli-werder-bremen-apuestas-35244116
23:28:44 [INFO] ✓ Driver listo: cagliari-lazio-apuestas-35243857
23:28:57 [INFO] ✓ Cookies aceptadas automáticamente
23:28:58 [INFO] ✓ Driver listo: atl%C3%A9tico-de-madrid-espanyol-apuestas-35244577
