20:39:19 [INFO] 📝 Log guardándose en: logs/scraper_20260212_203919.log
20:39:19 [INFO] Cargados 10 partidos desde games.csv
20:39:19 [INFO] 📅 MODO SCHEDULING ACTIVADO
20:39:19 [INFO]    Ventana tracking: 10 min antes → 150 min después
20:39:19 [INFO]    Total en CSV: 10 partidos
20:39:19 [INFO]    ✓ Partidos activos ahora: 5
20:39:19 [INFO]    ⏰ Partidos futuros: 5
20:39:19 [INFO]    ✅ Partidos finalizados: 0
20:39:19 [INFO] 
📋 Próximos partidos a trackear:
20:39:19 [INFO]       Atlético de Madrid Femenino - Manchester United Fe (en 21 min)
20:39:19 [INFO]       Atlético de Madrid - FC Barcelona (en 21 min)
20:39:19 [INFO]       Brentford - Arsenal (en 21 min)
20:39:19 [INFO]       Athletico-PR - Santos (en 141 min)
20:39:19 [INFO]       Tigre - Aldosivi (en 141 min)
20:39:19 [INFO] 🚀 Sistema multi-driver: Creando 5 drivers independientes (sin límite de tabs)
20:39:19 [INFO] 
Iniciando observador con 5 partidos.
20:39:19 [INFO] Ciclo: 30s | Output: data/
20:39:19 [INFO] 🔄 Recarga dinámica: Revisando games.csv cada 5 ciclos (scheduling)
20:39:19 [INFO] 🧹 Limpiando ventanas Betfair antiguas...
20:39:19 [WARNING] Script de limpieza no encontrado: C:\Users\agonz\OneDrive\Documents\Proyectos\Furbo\betfair_scraper\close_betfair_windows.ps1
20:39:19 [INFO] Cargados 10 partidos desde games.csv
20:39:19 [INFO] 
🚀 Iniciando 5 drivers Chrome (sistema multi-driver paralelo)...
20:39:19 [INFO] 🔧 Creando driver de login: Al-Hazm (KSA) - Al-Akhdoud
20:39:19 [INFO] 🔧 Creando driver para: Al-Hazm (KSA) - Al-Akhdoud
20:39:25 [INFO] ✓ Cookies aceptadas automáticamente
20:39:26 [INFO] ✓ Driver listo: al-hazm-ksa-al-akhdoud-apuestas-35232966
20:39:26 [INFO] ============================================================
20:39:26 [INFO] HAZ LOGIN MANUAL en Betfair.es ahora.
20:39:26 [INFO] Tienes 0 segundos...
20:39:26 [INFO] El scraper comenzará automáticamente después.
20:39:26 [INFO] ============================================================
20:39:26 [INFO] 🔧 Creando 4 drivers adicionales en paralelo...
20:39:26 [INFO] 🔧 Creando driver para: Al-Quadisiya (KSA) - NEOM Sports Club
20:39:26 [INFO] 🔧 Creando driver para: Wolfsburgo Femenino - Juventus FC Femenino
20:39:26 [INFO] 🔧 Creando driver para: Sion - FC Basel
20:39:26 [INFO] 🔧 Creando driver para: Thun - Lausanne
20:39:32 [INFO] ✓ Cookies aceptadas automáticamente
20:39:33 [INFO] ✓ Driver listo: wolfsburgo-femenino-juventus-fc-w-apuestas-3510554
20:39:34 [INFO] ✓ Cookies aceptadas automáticamente
20:39:35 [INFO] ✓ Driver listo: sion-fc-basel-apuestas-35234028
20:39:35 [INFO] ✓ Cookies aceptadas automáticamente
20:39:36 [INFO] ✓ Driver listo: thun-lausanne-apuestas-35244305
20:39:41 [INFO] ✓ Cookies aceptadas automáticamente
20:39:42 [INFO] ✓ Driver listo: al-quadisiya-ksa-neom-sports-club-apuestas-3524103
20:39:42 [INFO] ✓ 5 drivers creados exitosamente
20:39:42 [INFO] ============================================================
20:39:42 [INFO] CAPTURA INICIADA - Presiona Ctrl+C para detener
20:39:42 [INFO] ============================================================
20:39:42 [INFO] 
--- Ciclo #1 ---
20:39:42 [INFO] 📸 Capturando 5 partidos en paralelo...
20:39:42 [DEBUG] ✓ Actualizar clickeado: sion-fc-basel-apuestas-35234028
20:39:42 [DEBUG] ✓ Actualizar clickeado: thun-lausanne-apuestas-35244305
20:39:42 [DEBUG] [sion-fc-basel-apuestas-35234028] → Extrayendo información del partido...
20:39:43 [DEBUG] [thun-lausanne-apuestas-35244305] → Extrayendo información del partido...
20:39:50 [DEBUG] [wolfsburgo-femenino-juventus-fc-w-apuestas-3510554] → Extrayendo información del partido...
20:39:50 [DEBUG] [al-quadisiya-ksa-neom-sports-club-apuestas-3524103] → Extrayendo información del partido...
20:39:50 [DEBUG] [al-hazm-ksa-al-akhdoud-apuestas-35232966] → Extrayendo información del partido...
20:39:51 [DEBUG] [sion-fc-basel-apuestas-35234028] → Extrayendo cuotas Match Odds...
20:39:51 [DEBUG] [thun-lausanne-apuestas-35244305] → Extrayendo cuotas Match Odds...
20:39:53 [DEBUG] [sion-fc-basel-apuestas-35234028] → Extrayendo cuotas Over/Under...
20:39:53 [DEBUG] [thun-lausanne-apuestas-35244305] → Extrayendo cuotas Over/Under...
20:39:56 [DEBUG] [sion-fc-basel-apuestas-35234028] → Extrayendo cuotas Resultado Correcto...
20:39:56 [DEBUG] [thun-lausanne-apuestas-35244305] → Extrayendo cuotas Resultado Correcto...
20:39:59 [DEBUG] [sion-fc-basel-apuestas-35234028] → Extrayendo estadísticas del partido...
20:39:59 [DEBUG]   → Extrayendo eventId del HTML...
20:39:59 [DEBUG] Betfair event ID extraído del HTML: 35234028
20:39:59 [DEBUG] Consultando videoplayer: https://videoplayer.betfair.es/GetPlayer.do?eID=35234028&contentType=viz&contentView=mstats
20:39:59 [DEBUG] [thun-lausanne-apuestas-35244305] → Extrayendo estadísticas del partido...
20:39:59 [DEBUG]   → Extrayendo eventId del HTML...
20:39:59 [DEBUG] Betfair event ID extraído del HTML: 35244305
20:39:59 [DEBUG] Consultando videoplayer: https://videoplayer.betfair.es/GetPlayer.do?eID=35244305&contentType=viz&contentView=mstats
20:40:00 [INFO] EventId de Opta extraído: bomuidcdl673b8rje49cbj40k
20:40:00 [DEBUG]   ✓ EventId extraído: bomuidcdl673b8rje49cbj40k
20:40:00 [DEBUG]   → Obteniendo estadísticas de la API...
20:40:00 [INFO] 📊 Obteniendo todas las estadísticas para eventId: bomuidcdl673b8rje49cbj40k
20:40:00 [INFO] EventId de Opta extraído: bp7jffdb5v1x5ksth1cngff2s
20:40:00 [DEBUG]   ✓ EventId extraído: bp7jffdb5v1x5ksth1cngff2s
20:40:00 [DEBUG]   → Obteniendo estadísticas de la API...
20:40:00 [INFO] 📊 Obteniendo todas las estadísticas para eventId: bp7jffdb5v1x5ksth1cngff2s
20:40:01 [DEBUG] ✅ Summary stats obtenidas para bomuidcdl673b8rje49cbj40k
20:40:01 [DEBUG] ✅ Summary stats obtenidas para bp7jffdb5v1x5ksth1cngff2s
20:40:02 [DEBUG] No se encontró datos de momentum
20:40:02 [DEBUG] No se encontró datos de momentum
20:40:03 [DEBUG] No se encontró teamStatsAttackingLv
20:40:03 [DEBUG] No se encontró teamStatsAttackingLv
20:40:04 [DEBUG] No se encontró teamStatsDefenceLv
20:40:04 [DEBUG] No se encontró teamStatsDefenceLv
20:40:04 [DEBUG] No se encontró teamStatsXgLv ni xgData
20:40:04 [INFO] ✅ Estadísticas obtenidas: 1/5 endpoints
20:40:04 [DEBUG]   → Mapeando estadísticas...
20:40:04 [INFO]   ✓ Estadísticas capturadas vía API: 28/66 campos
20:40:04 [DEBUG]     → xG: 0.0285-0.0151, Corners: 1-0
20:40:04 [DEBUG] [thun-lausanne-apuestas-35244305] → Extrayendo volumen matched...
20:40:05 [DEBUG] No se encontró teamStatsXgLv ni xgData
20:40:05 [INFO] ✅ Estadísticas obtenidas: 1/5 endpoints
20:40:05 [DEBUG]   → Mapeando estadísticas...
20:40:05 [INFO]   ✓ Estadísticas capturadas vía API: 28/66 campos
20:40:05 [DEBUG]     → xG: 0.0825-0.0499, Corners: 0-0
20:40:05 [DEBUG] [sion-fc-basel-apuestas-35234028] → Extrayendo volumen matched...
20:40:07 [DEBUG] [al-quadisiya-ksa-neom-sports-club-apuestas-3524103] → Extrayendo cuotas Match Odds...
20:40:07 [DEBUG] [wolfsburgo-femenino-juventus-fc-w-apuestas-3510554] → Extrayendo cuotas Match Odds...
20:40:07 [DEBUG] [al-hazm-ksa-al-akhdoud-apuestas-35232966] → Extrayendo cuotas Match Odds...
20:40:08 [WARNING] ⟳ [al-quadisiya-ksa-neom-sports-club-apuestas-3524103] Match Odds incompletos (0/3), refrescando...
20:40:08 [WARNING] ⟳ [al-hazm-ksa-al-akhdoud-apuestas-35232966] Match Odds incompletos (0/3), refrescando...
20:40:17 [DEBUG] [thun-lausanne-apuestas-35244305] → Extrayendo momentum...
20:40:17 [DEBUG]   → Buscando URL del iframe de stats para Momentum...
20:40:17 [DEBUG] [sion-fc-basel-apuestas-35234028] → Extrayendo momentum...
20:40:17 [DEBUG]   → Buscando URL del iframe de stats para Momentum...
20:40:24 [DEBUG]   × No se encontró URL del iframe de stats
20:40:24 [INFO] ✓ [thun-lausanne-apuestas-35244305] Captura exitosa: en_juego, min 8, 0-0
20:40:24 [DEBUG]   × No se encontró URL del iframe de stats
20:40:24 [INFO] ✓ [sion-fc-basel-apuestas-35234028] Captura exitosa: en_juego, min 8, 0-0
20:40:29 [WARNING] ⟳ [wolfsburgo-femenino-juventus-fc-w-apuestas-3510554] Match Odds incompletos (0/3), refrescando...
20:40:37 [DEBUG] No se encontró banner de cookies (puede que ya esté aceptado)
20:40:37 [DEBUG] No se encontró banner de cookies (puede que ya esté aceptado)
20:40:56 [DEBUG] [al-quadisiya-ksa-neom-sports-club-apuestas-3524103] → Extrayendo cuotas Over/Under...
20:40:56 [DEBUG] [al-hazm-ksa-al-akhdoud-apuestas-35232966] → Extrayendo cuotas Over/Under...
20:40:57 [DEBUG] [al-quadisiya-ksa-neom-sports-club-apuestas-3524103] → Extrayendo cuotas Resultado Correcto...
20:40:57 [DEBUG] [al-hazm-ksa-al-akhdoud-apuestas-35232966] → Extrayendo cuotas Resultado Correcto...
20:40:57 [DEBUG] No se encontró banner de cookies (puede que ya esté aceptado)
20:40:58 [DEBUG] [al-quadisiya-ksa-neom-sports-club-apuestas-3524103] → Extrayendo estadísticas del partido...
20:40:58 [DEBUG]   → Extrayendo eventId del HTML...
20:40:58 [DEBUG] Betfair event ID extraído de la URL: 35241036
20:40:58 [DEBUG] Consultando videoplayer: https://videoplayer.betfair.es/GetPlayer.do?eID=35241036&contentType=viz&contentView=mstats
20:40:58 [DEBUG] [al-hazm-ksa-al-akhdoud-apuestas-35232966] → Extrayendo estadísticas del partido...
20:40:58 [DEBUG]   → Extrayendo eventId del HTML...
20:40:58 [DEBUG] Betfair event ID extraído de la URL: 35232966
20:40:58 [DEBUG] Consultando videoplayer: https://videoplayer.betfair.es/GetPlayer.do?eID=35232966&contentType=viz&contentView=mstats
20:40:58 [ERROR] Error consultando videoplayer endpoint: 404 Client Error:  for url: https://videoplayer.betfair.es/GetPlayer.do?eID=35241036&contentType=viz&contentView=mstats
20:40:58 [WARNING]   × No se pudo extraer eventId - partido sin estadísticas Opta
20:40:58 [INFO]   → Extrayendo stats del iframe (fallback): eID=35241036
20:40:59 [WARNING] No se encontró eventId de Opta en la respuesta del videoplayer
20:40:59 [WARNING]   × No se pudo extraer eventId - partido sin estadísticas Opta
20:40:59 [INFO]   → Extrayendo stats del iframe (fallback): eID=35232966
20:41:01 [INFO]   ✓ Fallback iframe exitoso: 10 campos capturados
20:41:01 [DEBUG]   → Iframe stats capturados: {'tiros_puerta_local': '10', 'tiros_puerta_visitante': '3', 'corners_local': '12', 'corners_visitante': '5', 'shots_off_target_local': '6', 'shots_off_target_visitante': '0', 'blocked_shots_local': '1', 'blocked_shots_visitante': '5', 'tiros_local': '17', 'tiros_visitante': '8'}
20:41:01 [DEBUG]   → Total stats en dict tras merge: 10
20:41:01 [DEBUG] [al-hazm-ksa-al-akhdoud-apuestas-35232966] → Extrayendo volumen matched...
20:41:13 [DEBUG] [al-hazm-ksa-al-akhdoud-apuestas-35232966] → Extrayendo momentum...
20:41:13 [DEBUG]   → Buscando URL del iframe de stats para Momentum...
20:41:15 [WARNING]   × Fallback iframe no encontró estadísticas
20:41:15 [DEBUG] [al-quadisiya-ksa-neom-sports-club-apuestas-3524103] → Extrayendo volumen matched...
20:41:17 [DEBUG] [wolfsburgo-femenino-juventus-fc-w-apuestas-3510554] → Extrayendo cuotas Over/Under...
20:41:18 [DEBUG] [wolfsburgo-femenino-juventus-fc-w-apuestas-3510554] → Extrayendo cuotas Resultado Correcto...
20:41:19 [DEBUG] [wolfsburgo-femenino-juventus-fc-w-apuestas-3510554] → Extrayendo estadísticas del partido...
20:41:19 [DEBUG]   → Extrayendo eventId del HTML...
20:41:19 [DEBUG] Betfair event ID extraído de la URL: 35105544
20:41:19 [DEBUG] Consultando videoplayer: https://videoplayer.betfair.es/GetPlayer.do?eID=35105544&contentType=viz&contentView=mstats
20:41:19 [ERROR] Error consultando videoplayer endpoint: 404 Client Error:  for url: https://videoplayer.betfair.es/GetPlayer.do?eID=35105544&contentType=viz&contentView=mstats
20:41:19 [WARNING]   × No se pudo extraer eventId - partido sin estadísticas Opta
20:41:19 [INFO]   → Extrayendo stats del iframe (fallback): eID=35105544
20:41:20 [DEBUG]   × No se encontró URL del iframe de stats
20:41:20 [INFO] ✓ [al-hazm-ksa-al-akhdoud-apuestas-35232966] Captura exitosa: pre_partido, min , -
20:41:28 [DEBUG] [al-quadisiya-ksa-neom-sports-club-apuestas-3524103] → Extrayendo momentum...
20:41:28 [DEBUG]   → Buscando URL del iframe de stats para Momentum...
20:41:34 [DEBUG]   × No se encontró URL del iframe de stats
20:41:34 [INFO] ✓ [al-quadisiya-ksa-neom-sports-club-apuestas-3524103] Captura exitosa: pre_partido, min , -
20:41:36 [WARNING]   × Fallback iframe no encontró estadísticas
20:41:36 [DEBUG] [wolfsburgo-femenino-juventus-fc-w-apuestas-3510554] → Extrayendo volumen matched...
20:41:49 [DEBUG] [wolfsburgo-femenino-juventus-fc-w-apuestas-3510554] → Extrayendo momentum...
20:41:49 [DEBUG]   → Buscando URL del iframe de stats para Momentum...
20:41:55 [DEBUG]   × No se encontró URL del iframe de stats
20:41:55 [INFO] ✓ [wolfsburgo-femenino-juventus-fc-w-apuestas-3510554] Captura exitosa: pre_partido, min , -
20:41:55 [INFO] ✓ Captura paralela completada en 133.4s (5/5 exitosos)
20:41:55 [WARNING] Ciclo tardó 133.4s (> 30s). Iniciando siguiente ciclo inmediatamente.
20:41:55 [INFO] 
--- Ciclo #2 ---
20:41:55 [INFO] 📸 Capturando 5 partidos en paralelo...
20:41:56 [DEBUG] ✓ Actualizar clickeado: sion-fc-basel-apuestas-35234028
20:41:56 [DEBUG] ✓ Actualizar clickeado: thun-lausanne-apuestas-35244305
20:41:56 [DEBUG] [sion-fc-basel-apuestas-35234028] → Extrayendo información del partido...
20:41:56 [DEBUG] [thun-lausanne-apuestas-35244305] → Extrayendo información del partido...
20:42:03 [DEBUG] [al-hazm-ksa-al-akhdoud-apuestas-35232966] → Extrayendo información del partido...
20:42:03 [DEBUG] [al-quadisiya-ksa-neom-sports-club-apuestas-3524103] → Extrayendo información del partido...
20:42:03 [DEBUG] [wolfsburgo-femenino-juventus-fc-w-apuestas-3510554] → Extrayendo información del partido...
20:42:04 [DEBUG] [sion-fc-basel-apuestas-35234028] → Extrayendo cuotas Match Odds...
20:42:04 [DEBUG] [thun-lausanne-apuestas-35244305] → Extrayendo cuotas Match Odds...
