00:30:58 [INFO] 📝 Log guardándose en: logs/scraper_20260210_003058.log
00:30:58 [INFO] Cargadas 1 URLs desde games.csv
00:30:58 [INFO] Iniciando observador con 1 partidos.
00:30:58 [INFO] Ciclo: 30s | Output: data/
00:30:58 [INFO] 🔄 Recarga dinámica: Revisando games.csv cada 5 ciclos
00:30:58 [INFO] Iniciando Chrome...
00:31:07 [INFO] ✓ Cookies aceptadas automáticamente
00:31:08 [INFO] Pestaña 0: lan%C3%BAs-talleres-apuestas-35208217 -> https://www.betfair.es/exchange/plus/es/f%C3%BAtbol/argentina-primera-divisi%C3%...
00:31:09 [INFO] ============================================================
00:31:09 [INFO] HAZ LOGIN MANUAL en Betfair.es ahora.
00:31:09 [INFO] Tienes 0 segundos...
00:31:09 [INFO] El scraper comenzará automáticamente después.
00:31:09 [INFO] ============================================================
00:31:09 [INFO] ============================================================
00:31:09 [INFO] CAPTURA INICIADA - Presiona Ctrl+C para detener
00:31:09 [INFO] ============================================================
00:31:09 [INFO] 
--- Ciclo #1 ---
00:31:09 [DEBUG] ✓ Clic en botón 'Actualizar' con selector: //button[contains(text(), 'Act
00:31:09 [INFO] [Tab 0] → Extrayendo información del partido...
00:31:45 [INFO] [Tab 0] → Extrayendo cuotas Match Odds...
00:31:47 [INFO] [Tab 0]   ✓ Match Odds: Home=2.98/3 | Draw=1.91/1.94 | Away=5.1/5.2
00:31:47 [INFO] [Tab 0] → Extrayendo cuotas Over/Under...
00:31:50 [INFO] [Tab 0]   ✓ Over/Under: 12/20 valores capturados
00:31:50 [INFO] [Tab 0] → Extrayendo cuotas Resultado Correcto...
00:31:53 [INFO] [Tab 0]   ✓ Resultado Correcto: 20/30 valores capturados
00:31:53 [INFO] [Tab 0] → Extrayendo estadísticas del partido...
00:31:53 [DEBUG]   → Buscando pestaña 'Estadísticas del partido'...
00:31:53 [DEBUG]   ✓ Clic en pestaña 'Estadísticas del partido' (JS click)
00:31:54 [DEBUG]   → Total iframes encontrados: 7
00:31:54 [DEBUG]   → Iframe #1: accediendo...
00:31:54 [DEBUG]     → Encontrados 4 iframes anidados, revisando...
00:31:54 [DEBUG]       → Iframe anidado #1: accediendo...
00:31:55 [DEBUG]         × Sin párrafos
00:31:55 [DEBUG]       → Iframe anidado #2: accediendo...
00:31:56 [DEBUG]         × Sin párrafos
00:31:56 [DEBUG]       → Iframe anidado #3: accediendo...
00:31:57 [DEBUG]         × Sin párrafos
00:31:57 [DEBUG]   × Error general extrayendo estadísticas: cannot access local variable 'paragraphs' where it is not associated with a value
00:31:57 [INFO] [Tab 0]   ✓ Estadísticas: 0/54 valores capturados
00:31:57 [INFO] [Tab 0]     - Summary: xG / | Opta / | Posesión /
00:31:57 [INFO] [Tab 0] → Extrayendo volumen matched...
00:32:10 [INFO] [Tab 0]   ✓ Volumen: No capturado
00:32:10 [INFO] [Tab 0] → Extrayendo momentum...
00:32:10 [DEBUG]   → Buscando URL del iframe de stats para Momentum...
00:32:14 [DEBUG]   × No se encontró URL del iframe de stats
00:32:14 [INFO] [Tab 0]   ✓ Momentum: 0/2 valores capturados
00:32:14 [INFO] [Tab 0] ⚽ lan%C3%BAs-talleres-apuestas-35208217 | EN_JUEGO | Min:57 | 0-0 | BH:2.98 LH:3
00:32:14 [WARNING] Ciclo tardó 65.3s (> 30s). Iniciando siguiente ciclo inmediatamente.
00:32:14 [INFO] 
--- Ciclo #2 ---
00:32:14 [DEBUG] ✓ Clic en botón 'Actualizar' con selector: //button[contains(text(), 'Act
00:32:15 [INFO] [Tab 0] → Extrayendo información del partido...
00:32:50 [INFO] [Tab 0] → Extrayendo cuotas Match Odds...
00:32:53 [INFO] [Tab 0]   ✓ Match Odds: Home=3.05/3.1 | Draw=1.85/1.87 | Away=5.5/5.6
00:32:53 [INFO] [Tab 0] → Extrayendo cuotas Over/Under...
00:32:55 [INFO] [Tab 0]   ✓ Over/Under: 12/20 valores capturados
00:32:55 [INFO] [Tab 0] → Extrayendo cuotas Resultado Correcto...
00:32:58 [INFO] [Tab 0]   ✓ Resultado Correcto: 24/30 valores capturados
00:32:58 [INFO] [Tab 0] → Extrayendo estadísticas del partido...
00:32:58 [DEBUG]   → Buscando pestaña 'Estadísticas del partido'...
00:32:58 [DEBUG]   ✓ Clic en pestaña 'Estadísticas del partido' (JS click)
00:32:59 [DEBUG]   → Total iframes encontrados: 7
00:32:59 [DEBUG]   → Iframe #1: accediendo...
00:32:59 [DEBUG]     → Encontrados 4 iframes anidados, revisando...
00:32:59 [DEBUG]       → Iframe anidado #1: accediendo...
00:33:00 [DEBUG]         × Sin párrafos
00:33:00 [DEBUG]       → Iframe anidado #2: accediendo...
00:33:01 [DEBUG]         × Sin párrafos
00:33:01 [DEBUG]       → Iframe anidado #3: accediendo...
00:33:02 [DEBUG]         × Sin párrafos
00:33:02 [DEBUG]   × Error general extrayendo estadísticas: cannot access local variable 'paragraphs' where it is not associated with a value
00:33:02 [INFO] [Tab 0]   ✓ Estadísticas: 0/54 valores capturados
00:33:02 [INFO] [Tab 0]     - Summary: xG / | Opta / | Posesión /
00:33:02 [INFO] [Tab 0] → Extrayendo volumen matched...
00:33:15 [INFO] [Tab 0]   ✓ Volumen: No capturado
00:33:15 [INFO] [Tab 0] → Extrayendo momentum...
00:33:15 [DEBUG]   → Buscando URL del iframe de stats para Momentum...
00:33:19 [DEBUG]   × No se encontró URL del iframe de stats
00:33:19 [INFO] [Tab 0]   ✓ Momentum: 0/2 valores capturados
00:33:19 [INFO] [Tab 0] ⚽ lan%C3%BAs-talleres-apuestas-35208217 | EN_JUEGO | Min:58 | 0-0 | BH:3.05 LH:3.1
00:33:19 [WARNING] Ciclo tardó 65.3s (> 30s). Iniciando siguiente ciclo inmediatamente.
00:33:19 [INFO] 
--- Ciclo #3 ---
00:33:20 [DEBUG] ✓ Clic en botón 'Actualizar' con selector: //button[contains(text(), 'Act
00:33:20 [INFO] [Tab 0] → Extrayendo información del partido...
00:33:55 [INFO] [Tab 0] → Extrayendo cuotas Match Odds...
00:33:58 [INFO] [Tab 0]   ✓ Match Odds: Home=3.1/3.15 | Draw=1.87/1.91 | Away=3.55/5.1
00:33:58 [INFO] [Tab 0] → Extrayendo cuotas Over/Under...
00:34:00 [INFO] [Tab 0]   ✓ Over/Under: 12/20 valores capturados
00:34:00 [INFO] [Tab 0] → Extrayendo cuotas Resultado Correcto...
00:34:03 [INFO] [Tab 0]   ✓ Resultado Correcto: 24/30 valores capturados
00:34:03 [INFO] [Tab 0] → Extrayendo estadísticas del partido...
00:34:03 [DEBUG]   → Buscando pestaña 'Estadísticas del partido'...
00:34:03 [DEBUG]   ✓ Clic en pestaña 'Estadísticas del partido' (JS click)
00:34:04 [DEBUG]   → Total iframes encontrados: 7
00:34:04 [DEBUG]   → Iframe #1: accediendo...
00:34:04 [DEBUG]     → Encontrados 4 iframes anidados, revisando...
00:34:04 [DEBUG]       → Iframe anidado #1: accediendo...
00:34:05 [DEBUG]         × Sin párrafos
00:34:05 [DEBUG]       → Iframe anidado #2: accediendo...
00:34:06 [DEBUG]         × Sin párrafos
00:34:06 [DEBUG]       → Iframe anidado #3: accediendo...
00:34:07 [DEBUG]         × Sin párrafos
00:34:07 [DEBUG]   × Error general extrayendo estadísticas: cannot access local variable 'paragraphs' where it is not associated with a value
00:34:07 [INFO] [Tab 0]   ✓ Estadísticas: 0/54 valores capturados
00:34:07 [INFO] [Tab 0]     - Summary: xG / | Opta / | Posesión /
00:34:07 [INFO] [Tab 0] → Extrayendo volumen matched...
00:34:20 [INFO] [Tab 0]   ✓ Volumen: No capturado
00:34:20 [INFO] [Tab 0] → Extrayendo momentum...
00:34:20 [DEBUG]   → Buscando URL del iframe de stats para Momentum...
00:34:24 [DEBUG]   × No se encontró URL del iframe de stats
00:34:24 [INFO] [Tab 0]   ✓ Momentum: 0/2 valores capturados
00:34:24 [INFO] [Tab 0] ⚽ lan%C3%BAs-talleres-apuestas-35208217 | EN_JUEGO | Min:59 | 0-0 | BH:3.1 LH:3.15
00:34:24 [WARNING] Ciclo tardó 65.2s (> 30s). Iniciando siguiente ciclo inmediatamente.
00:34:24 [INFO] 
--- Ciclo #4 ---
00:34:25 [DEBUG] ✓ Clic en botón 'Actualizar' con selector: //button[contains(text(), 'Act
00:34:25 [INFO] [Tab 0] → Extrayendo información del partido...
00:35:01 [INFO] [Tab 0] → Extrayendo cuotas Match Odds...
00:35:03 [INFO] [Tab 0]   ✓ Match Odds: Home=3.3/3.35 | Draw=1.84/1.86 | Away=4.1/4.3
00:35:03 [INFO] [Tab 0] → Extrayendo cuotas Over/Under...
00:35:05 [INFO] [Tab 0]   ✓ Over/Under: 12/20 valores capturados
00:35:05 [INFO] [Tab 0] → Extrayendo cuotas Resultado Correcto...
00:35:08 [INFO] [Tab 0]   ✓ Resultado Correcto: 24/30 valores capturados
00:35:08 [INFO] [Tab 0] → Extrayendo estadísticas del partido...
00:35:08 [DEBUG]   → Buscando pestaña 'Estadísticas del partido'...
00:35:08 [DEBUG]   ✓ Clic en pestaña 'Estadísticas del partido' (JS click)
00:35:09 [DEBUG]   → Total iframes encontrados: 7
00:35:09 [DEBUG]   → Iframe #1: accediendo...
00:35:09 [DEBUG]     → Encontrados 4 iframes anidados, revisando...
00:35:09 [DEBUG]       → Iframe anidado #1: accediendo...
00:35:10 [DEBUG]         × Sin párrafos
00:35:10 [DEBUG]       → Iframe anidado #2: accediendo...
00:35:11 [DEBUG]         × Sin párrafos
00:35:11 [DEBUG]       → Iframe anidado #3: accediendo...
00:35:12 [DEBUG]         × Sin párrafos
00:35:12 [DEBUG]   × Error general extrayendo estadísticas: cannot access local variable 'paragraphs' where it is not associated with a value
00:35:12 [INFO] [Tab 0]   ✓ Estadísticas: 0/54 valores capturados
00:35:12 [INFO] [Tab 0]     - Summary: xG / | Opta / | Posesión /
00:35:12 [INFO] [Tab 0] → Extrayendo volumen matched...
00:35:25 [INFO] [Tab 0]   ✓ Volumen: No capturado
00:35:25 [INFO] [Tab 0] → Extrayendo momentum...
00:35:25 [DEBUG]   → Buscando URL del iframe de stats para Momentum...
00:35:29 [DEBUG]   × No se encontró URL del iframe de stats
00:35:29 [INFO] [Tab 0]   ✓ Momentum: 0/2 valores capturados
00:35:29 [INFO] [Tab 0] ⚽ lan%C3%BAs-talleres-apuestas-35208217 | EN_JUEGO | Min:60 | 0-0 | BH:3.3 LH:3.35
00:35:29 [WARNING] Ciclo tardó 64.9s (> 30s). Iniciando siguiente ciclo inmediatamente.
00:35:29 [INFO] 
--- Ciclo #5 ---
00:35:30 [DEBUG] ✓ Clic en botón 'Actualizar' con selector: //button[contains(text(), 'Act
00:35:30 [INFO] [Tab 0] → Extrayendo información del partido...
00:36:05 [INFO] [Tab 0] → Extrayendo cuotas Match Odds...
00:36:07 [DEBUG] Error extrayendo Match Odds: Message: stale element reference: stale element not found
  (Session info: chrome=144.0.7559.133); For documentation on this error, please visit: https://www.selenium.dev/documentation/webdriver/troubleshooting/errors#staleelementreferenceexception
Stacktrace:
Symbols not available. Dumping unresolved backtrace:
	0x375093
	0x3750d4
	0x16b490
	0x17d3a2
	0x17c46c
	0x172a19
	0x170e32
	0x17439f
	0x174438
	0x1b5350
	0x1b5b7b
	0x1ab421
	0x1d8204
	0x1aaf34
	0x1d8384
	0x1f5341
	0x1d7f56
	0x1a96c9
	0x1aa484
	0x5c7e34
	0x5c30c9
	0x5e0add
	0x38db38
	0x3958ad
	0x37d848
	0x37da12
	0x3675fa
	0x75db5d49
	0x779ad5db
	0x779ad561
	(nil)

00:36:07 [INFO] [Tab 0]   ✓ Match Odds: Home=/ | Draw=/ | Away=/
00:36:07 [WARNING] ⟳ Match Odds incompletos (0/3), refrescando pestaña...
00:36:35 [DEBUG] No se encontró banner de cookies (puede que ya esté aceptado)
00:37:14 [INFO] ✓ Refresco exitoso: 3/3 cuotas capturadas
00:37:14 [INFO] [Tab 0] → Extrayendo cuotas Over/Under...
00:37:16 [INFO] [Tab 0]   ✓ Over/Under: 0/20 valores capturados
00:37:16 [INFO] [Tab 0] → Extrayendo cuotas Resultado Correcto...
00:37:18 [INFO] [Tab 0]   ✓ Resultado Correcto: 0/30 valores capturados
00:37:18 [INFO] [Tab 0] → Extrayendo estadísticas del partido...
00:37:18 [DEBUG]   → Buscando pestaña 'Estadísticas del partido'...
00:37:18 [DEBUG]   ✓ Clic en pestaña 'Estadísticas del partido' (JS click)
00:37:19 [DEBUG]   → Total iframes encontrados: 8
00:37:19 [DEBUG]   → Iframe #1: accediendo...
00:37:19 [DEBUG]     → Encontrados 4 iframes anidados, revisando...
00:37:19 [DEBUG]       → Iframe anidado #1: accediendo...
00:37:20 [DEBUG]         × Sin párrafos
00:37:20 [DEBUG]       → Iframe anidado #2: accediendo...
00:37:21 [DEBUG]         × Sin párrafos
00:37:21 [DEBUG]       → Iframe anidado #3: accediendo...
00:37:22 [DEBUG]         × Sin párrafos
00:37:22 [DEBUG]   × Error general extrayendo estadísticas: cannot access local variable 'paragraphs' where it is not associated with a value
00:37:22 [INFO] [Tab 0]   ✓ Estadísticas: 0/54 valores capturados
00:37:22 [INFO] [Tab 0]     - Summary: xG / | Opta / | Posesión /
00:37:22 [INFO] [Tab 0] → Extrayendo volumen matched...
00:37:35 [INFO] [Tab 0]   ✓ Volumen: No capturado
00:37:35 [INFO] [Tab 0] → Extrayendo momentum...
00:37:35 [DEBUG]   → Buscando URL del iframe de stats para Momentum...
00:37:41 [DEBUG]   × No se encontró URL del iframe de stats
00:37:41 [INFO] [Tab 0]   ✓ Momentum: 0/2 valores capturados
00:37:41 [INFO] [Tab 0] ⚽ lan%C3%BAs-talleres-apuestas-35208217 | EN_JUEGO | Min:62 | 0-0 | BH:3.4 LH:3.45
00:37:41 [INFO] 🔄 Revisando games.csv para detectar cambios...
00:37:41 [INFO] Cargadas 1 URLs desde games.csv
00:37:41 [WARNING] Ciclo tardó 131.2s (> 30s). Iniciando siguiente ciclo inmediatamente.
00:37:41 [INFO] 
--- Ciclo #6 ---
00:37:41 [DEBUG] ✓ Clic en botón 'Actualizar' con selector: //button[contains(text(), 'Act
00:37:41 [INFO] [Tab 0] → Extrayendo información del partido...
00:38:16 [INFO] [Tab 0] → Extrayendo cuotas Match Odds...
00:38:19 [INFO] [Tab 0]   ✓ Match Odds: Home=3.8/3.85 | Draw=1.73/1.76 | Away=3.4/3.95
00:38:19 [INFO] [Tab 0] → Extrayendo cuotas Over/Under...
00:38:21 [INFO] [Tab 0]   ✓ Over/Under: 0/20 valores capturados
00:38:21 [INFO] [Tab 0] → Extrayendo cuotas Resultado Correcto...
00:38:23 [INFO] [Tab 0]   ✓ Resultado Correcto: 0/30 valores capturados
00:38:23 [INFO] [Tab 0] → Extrayendo estadísticas del partido...
00:38:23 [DEBUG]   → Buscando pestaña 'Estadísticas del partido'...
00:38:23 [DEBUG]   ✓ Clic en pestaña 'Estadísticas del partido' (JS click)
00:38:24 [DEBUG]   → Total iframes encontrados: 8
00:38:24 [DEBUG]   → Iframe #1: accediendo...
00:38:24 [DEBUG]     → Encontrados 4 iframes anidados, revisando...
00:38:24 [DEBUG]       → Iframe anidado #1: accediendo...
00:38:25 [DEBUG]         × Sin párrafos
00:38:25 [DEBUG]       → Iframe anidado #2: accediendo...
00:38:26 [DEBUG]         × Sin párrafos
00:38:26 [DEBUG]       → Iframe anidado #3: accediendo...
00:38:27 [DEBUG]         × Sin párrafos
00:38:27 [DEBUG]   × Error general extrayendo estadísticas: cannot access local variable 'paragraphs' where it is not associated with a value
00:38:27 [INFO] [Tab 0]   ✓ Estadísticas: 0/54 valores capturados
00:38:27 [INFO] [Tab 0]     - Summary: xG / | Opta / | Posesión /
00:38:27 [INFO] [Tab 0] → Extrayendo volumen matched...
00:38:40 [INFO] [Tab 0]   ✓ Volumen: No capturado
00:38:40 [INFO] [Tab 0] → Extrayendo momentum...
00:38:40 [DEBUG]   → Buscando URL del iframe de stats para Momentum...
00:38:45 [DEBUG]   × No se encontró URL del iframe de stats
00:38:45 [INFO] [Tab 0]   ✓ Momentum: 0/2 valores capturados
00:38:45 [INFO] [Tab 0] ⚽ lan%C3%BAs-talleres-apuestas-35208217 | EN_JUEGO | Min:64 | 0-0 | BH:3.8 LH:3.85
00:38:45 [WARNING] Ciclo tardó 64.9s (> 30s). Iniciando siguiente ciclo inmediatamente.
00:38:45 [INFO] 
--- Ciclo #7 ---
00:38:46 [DEBUG] ✓ Clic en botón 'Actualizar' con selector: //button[contains(text(), 'Act
00:38:46 [INFO] [Tab 0] → Extrayendo información del partido...
00:39:22 [INFO] [Tab 0] → Extrayendo cuotas Match Odds...
00:39:24 [INFO] [Tab 0]   ✓ Match Odds: Home=3.75/3.8 | Draw=1.7/1.73 | Away=5.2/5.3
00:39:24 [INFO] [Tab 0] → Extrayendo cuotas Over/Under...
00:39:26 [INFO] [Tab 0]   ✓ Over/Under: 0/20 valores capturados
00:39:26 [INFO] [Tab 0] → Extrayendo cuotas Resultado Correcto...
00:39:28 [INFO] [Tab 0]   ✓ Resultado Correcto: 0/30 valores capturados
00:39:28 [INFO] [Tab 0] → Extrayendo estadísticas del partido...
00:39:28 [DEBUG]   → Buscando pestaña 'Estadísticas del partido'...
00:39:28 [DEBUG]   ✓ Clic en pestaña 'Estadísticas del partido' (JS click)
00:39:29 [DEBUG]   → Total iframes encontrados: 8
00:39:29 [DEBUG]   → Iframe #1: accediendo...
00:39:29 [DEBUG]     → Encontrados 4 iframes anidados, revisando...
00:39:29 [DEBUG]       → Iframe anidado #1: accediendo...
00:39:30 [DEBUG]         × Sin párrafos
00:39:30 [DEBUG]       → Iframe anidado #2: accediendo...
00:39:31 [DEBUG]         × Sin párrafos
00:39:31 [DEBUG]       → Iframe anidado #3: accediendo...
00:39:32 [DEBUG]         × Sin párrafos
00:39:32 [DEBUG]   × Error general extrayendo estadísticas: cannot access local variable 'paragraphs' where it is not associated with a value
00:39:32 [INFO] [Tab 0]   ✓ Estadísticas: 0/54 valores capturados
00:39:32 [INFO] [Tab 0]     - Summary: xG / | Opta / | Posesión /
00:39:32 [INFO] [Tab 0] → Extrayendo volumen matched...
00:39:45 [INFO] [Tab 0]   ✓ Volumen: No capturado
00:39:45 [INFO] [Tab 0] → Extrayendo momentum...
00:39:45 [DEBUG]   → Buscando URL del iframe de stats para Momentum...
00:39:51 [DEBUG]   × No se encontró URL del iframe de stats
00:39:51 [INFO] [Tab 0]   ✓ Momentum: 0/2 valores capturados
00:39:51 [INFO] [Tab 0] ⚽ lan%C3%BAs-talleres-apuestas-35208217 | EN_JUEGO | Min:65 | 0-0 | BH:3.75 LH:3.8
00:39:51 [WARNING] Ciclo tardó 65.1s (> 30s). Iniciando siguiente ciclo inmediatamente.
00:39:51 [INFO] 
--- Ciclo #8 ---
00:39:51 [DEBUG] ✓ Clic en botón 'Actualizar' con selector: //button[contains(text(), 'Act
00:39:51 [INFO] [Tab 0] → Extrayendo información del partido...
00:40:26 [INFO] [Tab 0] → Extrayendo cuotas Match Odds...
00:40:29 [INFO] [Tab 0]   ✓ Match Odds: Home=3.8/3.85 | Draw=1.53/1.68 | Away=3.75/5.6
00:40:29 [INFO] [Tab 0] → Extrayendo cuotas Over/Under...
00:40:31 [INFO] [Tab 0]   ✓ Over/Under: 0/20 valores capturados
00:40:31 [INFO] [Tab 0] → Extrayendo cuotas Resultado Correcto...
00:40:33 [INFO] [Tab 0]   ✓ Resultado Correcto: 0/30 valores capturados
00:40:33 [INFO] [Tab 0] → Extrayendo estadísticas del partido...
00:40:33 [DEBUG]   → Buscando pestaña 'Estadísticas del partido'...
00:40:33 [DEBUG]   ✓ Clic en pestaña 'Estadísticas del partido' (JS click)
00:40:34 [DEBUG]   → Total iframes encontrados: 8
00:40:34 [DEBUG]   → Iframe #1: accediendo...
00:40:34 [DEBUG]     → Encontrados 4 iframes anidados, revisando...
00:40:34 [DEBUG]       → Iframe anidado #1: accediendo...
00:40:35 [DEBUG]         × Sin párrafos
00:40:35 [DEBUG]       → Iframe anidado #2: accediendo...
00:40:36 [DEBUG]         × Sin párrafos
00:40:36 [DEBUG]       → Iframe anidado #3: accediendo...
00:40:37 [DEBUG]         × Sin párrafos
00:40:37 [DEBUG]   × Error general extrayendo estadísticas: cannot access local variable 'paragraphs' where it is not associated with a value
00:40:37 [INFO] [Tab 0]   ✓ Estadísticas: 0/54 valores capturados
00:40:37 [INFO] [Tab 0]     - Summary: xG / | Opta / | Posesión /
00:40:37 [INFO] [Tab 0] → Extrayendo volumen matched...
00:40:50 [INFO] [Tab 0]   ✓ Volumen: No capturado
00:40:50 [INFO] [Tab 0] → Extrayendo momentum...
00:40:50 [DEBUG]   → Buscando URL del iframe de stats para Momentum...
00:40:56 [DEBUG]   × No se encontró URL del iframe de stats
00:40:56 [INFO] [Tab 0]   ✓ Momentum: 0/2 valores capturados
00:40:56 [INFO] [Tab 0] ⚽ lan%C3%BAs-talleres-apuestas-35208217 | EN_JUEGO | Min:65 | 0-0 | BH:3.8 LH:3.85
00:40:56 [WARNING] Ciclo tardó 64.9s (> 30s). Iniciando siguiente ciclo inmediatamente.
00:40:56 [INFO] 
--- Ciclo #9 ---
00:40:56 [DEBUG] ✓ Clic en botón 'Actualizar' con selector: //button[contains(text(), 'Act
00:40:56 [INFO] [Tab 0] → Extrayendo información del partido...
00:41:32 [INFO] [Tab 0] → Extrayendo cuotas Match Odds...
00:41:34 [INFO] [Tab 0]   ✓ Match Odds: Home=2.88/3.35 | Draw=1.67/1.68 | Away=5.6/5.7
00:41:34 [INFO] [Tab 0] → Extrayendo cuotas Over/Under...
00:41:36 [INFO] [Tab 0]   ✓ Over/Under: 0/20 valores capturados
00:41:36 [INFO] [Tab 0] → Extrayendo cuotas Resultado Correcto...
00:41:38 [INFO] [Tab 0]   ✓ Resultado Correcto: 0/30 valores capturados
00:41:38 [INFO] [Tab 0] → Extrayendo estadísticas del partido...
00:41:38 [DEBUG]   → Buscando pestaña 'Estadísticas del partido'...
00:41:38 [DEBUG]   ✓ Clic en pestaña 'Estadísticas del partido' (JS click)
00:41:39 [DEBUG]   → Total iframes encontrados: 8
00:41:39 [DEBUG]   → Iframe #1: accediendo...
00:41:39 [DEBUG]     → Encontrados 4 iframes anidados, revisando...
00:41:39 [DEBUG]       → Iframe anidado #1: accediendo...
00:41:40 [DEBUG]         × Sin párrafos
00:41:40 [DEBUG]       → Iframe anidado #2: accediendo...
00:41:41 [DEBUG]         × Sin párrafos
00:41:41 [DEBUG]       → Iframe anidado #3: accediendo...
00:41:42 [DEBUG]         × Sin párrafos
00:41:42 [DEBUG]   × Error general extrayendo estadísticas: cannot access local variable 'paragraphs' where it is not associated with a value
00:41:42 [INFO] [Tab 0]   ✓ Estadísticas: 0/54 valores capturados
00:41:42 [INFO] [Tab 0]     - Summary: xG / | Opta / | Posesión /
00:41:42 [INFO] [Tab 0] → Extrayendo volumen matched...
00:41:55 [INFO] [Tab 0]   ✓ Volumen: No capturado
00:41:55 [INFO] [Tab 0] → Extrayendo momentum...
00:41:55 [DEBUG]   → Buscando URL del iframe de stats para Momentum...
00:42:01 [DEBUG]   × No se encontró URL del iframe de stats
00:42:01 [INFO] [Tab 0]   ✓ Momentum: 0/2 valores capturados
00:42:01 [INFO] [Tab 0] ⚽ lan%C3%BAs-talleres-apuestas-35208217 | EN_JUEGO | Min:66 | 0-0 | BH:2.88 LH:3.35
00:42:01 [WARNING] Ciclo tardó 65.2s (> 30s). Iniciando siguiente ciclo inmediatamente.
00:42:01 [INFO] 
--- Ciclo #10 ---
00:42:01 [DEBUG] ✓ Clic en botón 'Actualizar' con selector: //button[contains(text(), 'Act
00:42:01 [INFO] [Tab 0] → Extrayendo información del partido...
00:42:37 [INFO] [Tab 0] → Extrayendo cuotas Match Odds...
00:42:39 [INFO] [Tab 0]   ✓ Match Odds: Home=3.85/3.9 | Draw=1.61/1.63 | Away=5.9/6
00:42:39 [INFO] [Tab 0] → Extrayendo cuotas Over/Under...
00:42:41 [INFO] [Tab 0]   ✓ Over/Under: 0/20 valores capturados
00:42:41 [INFO] [Tab 0] → Extrayendo cuotas Resultado Correcto...
00:42:44 [INFO] [Tab 0]   ✓ Resultado Correcto: 0/30 valores capturados
00:42:44 [INFO] [Tab 0] → Extrayendo estadísticas del partido...
00:42:44 [DEBUG]   → Buscando pestaña 'Estadísticas del partido'...
00:42:44 [DEBUG]   ✓ Clic en pestaña 'Estadísticas del partido' (JS click)
00:42:45 [DEBUG]   → Total iframes encontrados: 8
00:42:45 [DEBUG]   → Iframe #1: accediendo...
00:42:45 [DEBUG]     → Encontrados 4 iframes anidados, revisando...
00:42:45 [DEBUG]       → Iframe anidado #1: accediendo...
00:42:46 [DEBUG]         × Sin párrafos
00:42:46 [DEBUG]       → Iframe anidado #2: accediendo...
00:42:47 [DEBUG]         × Sin párrafos
00:42:47 [DEBUG]       → Iframe anidado #3: accediendo...
00:42:48 [DEBUG]         × Sin párrafos
00:42:48 [DEBUG]   × Error general extrayendo estadísticas: cannot access local variable 'paragraphs' where it is not associated with a value
00:42:48 [INFO] [Tab 0]   ✓ Estadísticas: 0/54 valores capturados
00:42:48 [INFO] [Tab 0]     - Summary: xG / | Opta / | Posesión /
00:42:48 [INFO] [Tab 0] → Extrayendo volumen matched...
00:43:01 [INFO] [Tab 0]   ✓ Volumen: No capturado
00:43:01 [INFO] [Tab 0] → Extrayendo momentum...
00:43:01 [DEBUG]   → Buscando URL del iframe de stats para Momentum...
00:43:06 [DEBUG]   × No se encontró URL del iframe de stats
00:43:06 [INFO] [Tab 0]   ✓ Momentum: 0/2 valores capturados
00:43:06 [INFO] [Tab 0] ⚽ lan%C3%BAs-talleres-apuestas-35208217 | EN_JUEGO | Min:68 | 0-0 | BH:3.85 LH:3.9
00:43:06 [INFO] 🔄 Revisando games.csv para detectar cambios...
00:43:06 [INFO] Cargadas 1 URLs desde games.csv
00:43:06 [WARNING] Ciclo tardó 65.5s (> 30s). Iniciando siguiente ciclo inmediatamente.
00:43:06 [INFO] 
--- Ciclo #11 ---
00:43:07 [DEBUG] ✓ Clic en botón 'Actualizar' con selector: //button[contains(text(), 'Act
00:43:07 [INFO] [Tab 0] → Extrayendo información del partido...
00:43:42 [INFO] [Tab 0] → Extrayendo cuotas Match Odds...
00:43:45 [INFO] [Tab 0]   ✓ Match Odds: Home=3.9/3.95 | Draw=1.63/1.64 | Away=5.8/5.9
00:43:45 [INFO] [Tab 0] → Extrayendo cuotas Over/Under...
00:43:47 [INFO] [Tab 0]   ✓ Over/Under: 0/20 valores capturados
00:43:47 [INFO] [Tab 0] → Extrayendo cuotas Resultado Correcto...
00:43:49 [INFO] [Tab 0]   ✓ Resultado Correcto: 0/30 valores capturados
00:43:49 [INFO] [Tab 0] → Extrayendo estadísticas del partido...
00:43:49 [DEBUG]   → Buscando pestaña 'Estadísticas del partido'...
00:43:49 [DEBUG]   ✓ Clic en pestaña 'Estadísticas del partido' (JS click)
00:43:50 [DEBUG]   → Total iframes encontrados: 8
00:43:50 [DEBUG]   → Iframe #1: accediendo...
00:43:50 [DEBUG]     → Encontrados 4 iframes anidados, revisando...
00:43:50 [DEBUG]       → Iframe anidado #1: accediendo...
00:43:51 [DEBUG]         × Sin párrafos
00:43:51 [DEBUG]       → Iframe anidado #2: accediendo...
00:43:52 [DEBUG]         × Sin párrafos
00:43:52 [DEBUG]       → Iframe anidado #3: accediendo...
00:43:53 [DEBUG]         × Sin párrafos
00:43:53 [DEBUG]   × Error general extrayendo estadísticas: cannot access local variable 'paragraphs' where it is not associated with a value
00:43:53 [INFO] [Tab 0]   ✓ Estadísticas: 0/54 valores capturados
00:43:53 [INFO] [Tab 0]     - Summary: xG / | Opta / | Posesión /
00:43:53 [INFO] [Tab 0] → Extrayendo volumen matched...
00:44:06 [INFO] [Tab 0]   ✓ Volumen: No capturado
00:44:06 [INFO] [Tab 0] → Extrayendo momentum...
00:44:06 [DEBUG]   → Buscando URL del iframe de stats para Momentum...
00:44:11 [DEBUG]   × No se encontró URL del iframe de stats
00:44:11 [INFO] [Tab 0]   ✓ Momentum: 0/2 valores capturados
00:44:11 [INFO] [Tab 0] ⚽ lan%C3%BAs-talleres-apuestas-35208217 | EN_JUEGO | Min:69 | 0-0 | BH:3.9 LH:3.95
00:44:11 [WARNING] Ciclo tardó 65.3s (> 30s). Iniciando siguiente ciclo inmediatamente.
00:44:11 [INFO] 
--- Ciclo #12 ---
00:44:12 [DEBUG] ✓ Clic en botón 'Actualizar' con selector: //button[contains(text(), 'Act
00:44:12 [INFO] [Tab 0] → Extrayendo información del partido...
00:44:48 [INFO] [Tab 0] → Extrayendo cuotas Match Odds...
00:44:50 [INFO] [Tab 0]   ✓ Match Odds: Home=4/4.1 | Draw=1.56/1.59 | Away=5.9/6
00:44:50 [INFO] [Tab 0] → Extrayendo cuotas Over/Under...
00:44:52 [INFO] [Tab 0]   ✓ Over/Under: 0/20 valores capturados
00:44:52 [INFO] [Tab 0] → Extrayendo cuotas Resultado Correcto...
00:44:54 [INFO] [Tab 0]   ✓ Resultado Correcto: 0/30 valores capturados
00:44:54 [INFO] [Tab 0] → Extrayendo estadísticas del partido...
00:44:54 [DEBUG]   → Buscando pestaña 'Estadísticas del partido'...
00:44:54 [DEBUG]   ✓ Clic en pestaña 'Estadísticas del partido' (JS click)
00:44:55 [DEBUG]   → Total iframes encontrados: 8
00:44:55 [DEBUG]   → Iframe #1: accediendo...
00:44:55 [DEBUG]     → Encontrados 4 iframes anidados, revisando...
00:44:55 [DEBUG]       → Iframe anidado #1: accediendo...
00:44:56 [DEBUG]         × Sin párrafos
00:44:56 [DEBUG]       → Iframe anidado #2: accediendo...
00:44:57 [DEBUG]         × Sin párrafos
00:44:57 [DEBUG]       → Iframe anidado #3: accediendo...
00:44:59 [DEBUG]         × Sin párrafos
00:44:59 [DEBUG]   × Error general extrayendo estadísticas: cannot access local variable 'paragraphs' where it is not associated with a value
00:44:59 [INFO] [Tab 0]   ✓ Estadísticas: 0/54 valores capturados
00:44:59 [INFO] [Tab 0]     - Summary: xG / | Opta / | Posesión /
00:44:59 [INFO] [Tab 0] → Extrayendo volumen matched...
00:45:11 [INFO] [Tab 0]   ✓ Volumen: No capturado
00:45:11 [INFO] [Tab 0] → Extrayendo momentum...
00:45:11 [DEBUG]   → Buscando URL del iframe de stats para Momentum...
00:45:17 [DEBUG]   × No se encontró URL del iframe de stats
00:45:17 [INFO] [Tab 0]   ✓ Momentum: 0/2 valores capturados
00:45:17 [INFO] [Tab 0] ⚽ lan%C3%BAs-talleres-apuestas-35208217 | EN_JUEGO | Min:70 | 0-0 | BH:4 LH:4.1
00:45:17 [WARNING] Ciclo tardó 65.3s (> 30s). Iniciando siguiente ciclo inmediatamente.
00:45:17 [INFO] 
--- Ciclo #13 ---
00:45:17 [DEBUG] ✓ Clic en botón 'Actualizar' con selector: //button[contains(text(), 'Act
00:45:17 [INFO] [Tab 0] → Extrayendo información del partido...
00:45:53 [INFO] [Tab 0] → Extrayendo cuotas Match Odds...
00:45:56 [INFO] [Tab 0]   ✓ Match Odds: Home=4.4/4.5 | Draw=1.51/1.52 | Away=4.5/5.9
00:45:56 [INFO] [Tab 0] → Extrayendo cuotas Over/Under...
00:45:58 [INFO] [Tab 0]   ✓ Over/Under: 0/20 valores capturados
00:45:58 [INFO] [Tab 0] → Extrayendo cuotas Resultado Correcto...
00:46:00 [INFO] [Tab 0]   ✓ Resultado Correcto: 0/30 valores capturados
00:46:00 [INFO] [Tab 0] → Extrayendo estadísticas del partido...
00:46:00 [DEBUG]   → Buscando pestaña 'Estadísticas del partido'...
00:46:00 [DEBUG]   ✓ Clic en pestaña 'Estadísticas del partido' (JS click)
00:46:01 [DEBUG]   → Total iframes encontrados: 8
00:46:01 [DEBUG]   → Iframe #1: accediendo...
00:46:01 [DEBUG]     → Encontrados 4 iframes anidados, revisando...
00:46:01 [DEBUG]       → Iframe anidado #1: accediendo...
00:46:02 [DEBUG]         × Sin párrafos
00:46:02 [DEBUG]       → Iframe anidado #2: accediendo...
00:46:03 [DEBUG]         × Sin párrafos
00:46:03 [DEBUG]       → Iframe anidado #3: accediendo...
00:46:04 [DEBUG]         × Sin párrafos
00:46:04 [DEBUG]   × Error general extrayendo estadísticas: cannot access local variable 'paragraphs' where it is not associated with a value
00:46:04 [INFO] [Tab 0]   ✓ Estadísticas: 0/54 valores capturados
00:46:04 [INFO] [Tab 0]     - Summary: xG / | Opta / | Posesión /
00:46:04 [INFO] [Tab 0] → Extrayendo volumen matched...
00:46:17 [INFO] [Tab 0]   ✓ Volumen: No capturado
00:46:17 [INFO] [Tab 0] → Extrayendo momentum...
00:46:17 [DEBUG]   → Buscando URL del iframe de stats para Momentum...
00:46:22 [DEBUG]   × No se encontró URL del iframe de stats
00:46:22 [INFO] [Tab 0]   ✓ Momentum: 0/2 valores capturados
00:46:22 [INFO] [Tab 0] ⚽ lan%C3%BAs-talleres-apuestas-35208217 | EN_JUEGO | Min:71 | 0-0 | BH:4.4 LH:4.5
00:46:22 [WARNING] Ciclo tardó 65.6s (> 30s). Iniciando siguiente ciclo inmediatamente.
00:46:22 [INFO] 
--- Ciclo #14 ---
00:46:23 [DEBUG] ✓ Clic en botón 'Actualizar' con selector: //button[contains(text(), 'Act
00:46:23 [INFO] [Tab 0] → Extrayendo información del partido...
00:46:59 [INFO] [Tab 0] → Extrayendo cuotas Match Odds...
00:47:01 [INFO] [Tab 0]   ✓ Match Odds: Home=4.1/4.2 | Draw=1.53/1.54 | Away=6.2/6.4
00:47:01 [INFO] [Tab 0] → Extrayendo cuotas Over/Under...
00:47:03 [INFO] [Tab 0]   ✓ Over/Under: 0/20 valores capturados
00:47:03 [INFO] [Tab 0] → Extrayendo cuotas Resultado Correcto...
00:47:05 [INFO] [Tab 0]   ✓ Resultado Correcto: 0/30 valores capturados
00:47:05 [INFO] [Tab 0] → Extrayendo estadísticas del partido...
00:47:05 [DEBUG]   → Buscando pestaña 'Estadísticas del partido'...
00:47:05 [DEBUG]   ✓ Clic en pestaña 'Estadísticas del partido' (JS click)
00:47:06 [DEBUG]   → Total iframes encontrados: 8
00:47:06 [DEBUG]   → Iframe #1: accediendo...
00:47:06 [DEBUG]     → Encontrados 4 iframes anidados, revisando...
00:47:06 [DEBUG]       → Iframe anidado #1: accediendo...
00:47:07 [DEBUG]         × Sin párrafos
00:47:07 [DEBUG]       → Iframe anidado #2: accediendo...
00:47:08 [DEBUG]         × Sin párrafos
00:47:08 [DEBUG]       → Iframe anidado #3: accediendo...
00:47:09 [DEBUG]         × Sin párrafos
00:47:09 [DEBUG]   × Error general extrayendo estadísticas: cannot access local variable 'paragraphs' where it is not associated with a value
00:47:09 [INFO] [Tab 0]   ✓ Estadísticas: 0/54 valores capturados
00:47:09 [INFO] [Tab 0]     - Summary: xG / | Opta / | Posesión /
00:47:09 [INFO] [Tab 0] → Extrayendo volumen matched...
00:47:22 [INFO] [Tab 0]   ✓ Volumen: No capturado
00:47:22 [INFO] [Tab 0] → Extrayendo momentum...
00:47:22 [DEBUG]   → Buscando URL del iframe de stats para Momentum...
00:47:28 [DEBUG]   × No se encontró URL del iframe de stats
00:47:28 [INFO] [Tab 0]   ✓ Momentum: 0/2 valores capturados
00:47:28 [INFO] [Tab 0] ⚽ lan%C3%BAs-talleres-apuestas-35208217 | EN_JUEGO | Min:72 | 0-0 | BH:4.1 LH:4.2
00:47:28 [WARNING] Ciclo tardó 65.2s (> 30s). Iniciando siguiente ciclo inmediatamente.
00:47:28 [INFO] 
--- Ciclo #15 ---
00:47:28 [DEBUG] ✓ Clic en botón 'Actualizar' con selector: //button[contains(text(), 'Act
00:47:28 [INFO] [Tab 0] → Extrayendo información del partido...
00:48:04 [INFO] [Tab 0] → Extrayendo cuotas Match Odds...
00:48:06 [INFO] [Tab 0]   ✓ Match Odds: Home=4.6/4.7 | Draw=1.47/1.49 | Away=6.6/6.8
00:48:06 [INFO] [Tab 0] → Extrayendo cuotas Over/Under...
00:48:08 [INFO] [Tab 0]   ✓ Over/Under: 0/20 valores capturados
00:48:08 [INFO] [Tab 0] → Extrayendo cuotas Resultado Correcto...
00:48:10 [INFO] [Tab 0]   ✓ Resultado Correcto: 0/30 valores capturados
00:48:10 [INFO] [Tab 0] → Extrayendo estadísticas del partido...
00:48:10 [DEBUG]   → Buscando pestaña 'Estadísticas del partido'...
00:48:10 [DEBUG]   ✓ Clic en pestaña 'Estadísticas del partido' (JS click)
00:48:11 [DEBUG]   → Total iframes encontrados: 8
00:48:11 [DEBUG]   → Iframe #1: accediendo...
00:48:11 [DEBUG]     → Encontrados 4 iframes anidados, revisando...
00:48:11 [DEBUG]       → Iframe anidado #1: accediendo...
00:48:12 [DEBUG]         × Sin párrafos
00:48:12 [DEBUG]       → Iframe anidado #2: accediendo...
00:48:14 [DEBUG]         × Sin párrafos
00:48:14 [DEBUG]       → Iframe anidado #3: accediendo...
00:48:15 [DEBUG]         × Sin párrafos
00:48:15 [DEBUG]   × Error general extrayendo estadísticas: cannot access local variable 'paragraphs' where it is not associated with a value
00:48:15 [INFO] [Tab 0]   ✓ Estadísticas: 0/54 valores capturados
00:48:15 [INFO] [Tab 0]     - Summary: xG / | Opta / | Posesión /
00:48:15 [INFO] [Tab 0] → Extrayendo volumen matched...
00:48:28 [INFO] [Tab 0]   ✓ Volumen: No capturado
00:48:28 [INFO] [Tab 0] → Extrayendo momentum...
00:48:28 [DEBUG]   → Buscando URL del iframe de stats para Momentum...
00:48:33 [DEBUG]   × No se encontró URL del iframe de stats
00:48:33 [INFO] [Tab 0]   ✓ Momentum: 0/2 valores capturados
00:48:33 [INFO] [Tab 0] ⚽ lan%C3%BAs-talleres-apuestas-35208217 | EN_JUEGO | Min:73 | 0-0 | BH:4.6 LH:4.7
00:48:33 [INFO] 🔄 Revisando games.csv para detectar cambios...
00:48:33 [INFO] Cargadas 1 URLs desde games.csv
00:48:33 [WARNING] Ciclo tardó 65.4s (> 30s). Iniciando siguiente ciclo inmediatamente.
00:48:33 [INFO] 
--- Ciclo #16 ---
00:48:33 [DEBUG] ✓ Clic en botón 'Actualizar' con selector: //button[contains(text(), 'Act
00:48:34 [INFO] [Tab 0] → Extrayendo información del partido...
00:49:09 [INFO] [Tab 0] → Extrayendo cuotas Match Odds...
00:49:11 [INFO] [Tab 0]   ✓ Match Odds: Home=4.6/4.7 | Draw=1.45/1.46 | Away=6.6/6.8
00:49:11 [INFO] [Tab 0] → Extrayendo cuotas Over/Under...
00:49:13 [INFO] [Tab 0]   ✓ Over/Under: 0/20 valores capturados
00:49:13 [INFO] [Tab 0] → Extrayendo cuotas Resultado Correcto...
00:49:16 [INFO] [Tab 0]   ✓ Resultado Correcto: 0/30 valores capturados
00:49:16 [INFO] [Tab 0] → Extrayendo estadísticas del partido...
00:49:16 [DEBUG]   → Buscando pestaña 'Estadísticas del partido'...
00:49:16 [DEBUG]   ✓ Clic en pestaña 'Estadísticas del partido' (JS click)
00:49:17 [DEBUG]   → Total iframes encontrados: 8
00:49:17 [DEBUG]   → Iframe #1: accediendo...
00:49:17 [DEBUG]     → Encontrados 4 iframes anidados, revisando...
00:49:17 [DEBUG]       → Iframe anidado #1: accediendo...
00:49:18 [DEBUG]         × Sin párrafos
00:49:18 [DEBUG]       → Iframe anidado #2: accediendo...
00:49:19 [DEBUG]         × Sin párrafos
00:49:19 [DEBUG]       → Iframe anidado #3: accediendo...
00:49:20 [DEBUG]         × Sin párrafos
00:49:20 [DEBUG]   × Error general extrayendo estadísticas: cannot access local variable 'paragraphs' where it is not associated with a value
00:49:20 [INFO] [Tab 0]   ✓ Estadísticas: 0/54 valores capturados
00:49:20 [INFO] [Tab 0]     - Summary: xG / | Opta / | Posesión /
00:49:20 [INFO] [Tab 0] → Extrayendo volumen matched...
00:49:33 [INFO] [Tab 0]   ✓ Volumen: No capturado
00:49:33 [INFO] [Tab 0] → Extrayendo momentum...
00:49:33 [DEBUG]   → Buscando URL del iframe de stats para Momentum...
00:49:38 [DEBUG]   × No se encontró URL del iframe de stats
00:49:38 [INFO] [Tab 0]   ✓ Momentum: 0/2 valores capturados
00:49:38 [INFO] [Tab 0] ⚽ lan%C3%BAs-talleres-apuestas-35208217 | EN_JUEGO | Min:74 | 0-0 | BH:4.6 LH:4.7
00:49:38 [WARNING] Ciclo tardó 65.1s (> 30s). Iniciando siguiente ciclo inmediatamente.
00:49:38 [INFO] 
--- Ciclo #17 ---
00:49:38 [DEBUG] ✓ Clic en botón 'Actualizar' con selector: //button[contains(text(), 'Act
00:49:39 [INFO] [Tab 0] → Extrayendo información del partido...
00:50:14 [INFO] [Tab 0] → Extrayendo cuotas Match Odds...
00:50:16 [INFO] [Tab 0]   ✓ Match Odds: Home=4.6/4.7 | Draw=1.47/1.49 | Away=4/6.6
00:50:16 [INFO] [Tab 0] → Extrayendo cuotas Over/Under...
00:50:18 [INFO] [Tab 0]   ✓ Over/Under: 0/20 valores capturados
00:50:18 [INFO] [Tab 0] → Extrayendo cuotas Resultado Correcto...
00:50:21 [INFO] [Tab 0]   ✓ Resultado Correcto: 0/30 valores capturados
00:50:21 [INFO] [Tab 0] → Extrayendo estadísticas del partido...
00:50:21 [DEBUG]   → Buscando pestaña 'Estadísticas del partido'...
00:50:21 [DEBUG]   ✓ Clic en pestaña 'Estadísticas del partido' (JS click)
00:50:22 [DEBUG]   → Total iframes encontrados: 8
00:50:22 [DEBUG]   → Iframe #1: accediendo...
00:50:22 [DEBUG]     → Encontrados 4 iframes anidados, revisando...
00:50:22 [DEBUG]       → Iframe anidado #1: accediendo...
00:50:23 [DEBUG]         × Sin párrafos
00:50:23 [DEBUG]       → Iframe anidado #2: accediendo...
00:50:24 [DEBUG]         × Sin párrafos
00:50:24 [DEBUG]       → Iframe anidado #3: accediendo...
00:50:25 [DEBUG]         × Sin párrafos
00:50:25 [DEBUG]   × Error general extrayendo estadísticas: cannot access local variable 'paragraphs' where it is not associated with a value
00:50:25 [INFO] [Tab 0]   ✓ Estadísticas: 0/54 valores capturados
00:50:25 [INFO] [Tab 0]     - Summary: xG / | Opta / | Posesión /
00:50:25 [INFO] [Tab 0] → Extrayendo volumen matched...
00:50:38 [INFO] [Tab 0]   ✓ Volumen: No capturado
00:50:38 [INFO] [Tab 0] → Extrayendo momentum...
00:50:38 [DEBUG]   → Buscando URL del iframe de stats para Momentum...
00:50:43 [DEBUG]   × No se encontró URL del iframe de stats
00:50:43 [INFO] [Tab 0]   ✓ Momentum: 0/2 valores capturados
00:50:43 [INFO] [Tab 0] ⚽ lan%C3%BAs-talleres-apuestas-35208217 | EN_JUEGO | Min:76 | 0-0 | BH:4.6 LH:4.7
00:50:43 [WARNING] Ciclo tardó 64.9s (> 30s). Iniciando siguiente ciclo inmediatamente.
00:50:43 [INFO] 
--- Ciclo #18 ---
00:50:43 [DEBUG] ✓ Clic en botón 'Actualizar' con selector: //button[contains(text(), 'Act
00:50:44 [INFO] [Tab 0] → Extrayendo información del partido...
00:51:19 [INFO] [Tab 0] → Extrayendo cuotas Match Odds...
00:51:21 [INFO] [Tab 0]   ✓ Match Odds: Home=4.5/4.6 | Draw=1.45/1.46 | Away=7/7.2
00:51:21 [INFO] [Tab 0] → Extrayendo cuotas Over/Under...
00:51:23 [INFO] [Tab 0]   ✓ Over/Under: 0/20 valores capturados
00:51:23 [INFO] [Tab 0] → Extrayendo cuotas Resultado Correcto...
00:51:25 [INFO] [Tab 0]   ✓ Resultado Correcto: 0/30 valores capturados
00:51:25 [INFO] [Tab 0] → Extrayendo estadísticas del partido...
00:51:25 [DEBUG]   → Buscando pestaña 'Estadísticas del partido'...
00:51:25 [DEBUG]   ✓ Clic en pestaña 'Estadísticas del partido' (JS click)
00:51:26 [DEBUG]   → Total iframes encontrados: 8
00:51:26 [DEBUG]   → Iframe #1: accediendo...
00:51:26 [DEBUG]     → Encontrados 4 iframes anidados, revisando...
00:51:27 [DEBUG]       → Iframe anidado #1: accediendo...
00:51:28 [DEBUG]         × Sin párrafos
00:51:28 [DEBUG]       → Iframe anidado #2: accediendo...
00:51:29 [DEBUG]         × Sin párrafos
00:51:29 [DEBUG]       → Iframe anidado #3: accediendo...
00:51:30 [DEBUG]         × Sin párrafos
00:51:30 [DEBUG]   × Error general extrayendo estadísticas: cannot access local variable 'paragraphs' where it is not associated with a value
00:51:30 [INFO] [Tab 0]   ✓ Estadísticas: 0/54 valores capturados
00:51:30 [INFO] [Tab 0]     - Summary: xG / | Opta / | Posesión /
00:51:30 [INFO] [Tab 0] → Extrayendo volumen matched...
00:51:42 [INFO] [Tab 0]   ✓ Volumen: No capturado
00:51:42 [INFO] [Tab 0] → Extrayendo momentum...
00:51:42 [DEBUG]   → Buscando URL del iframe de stats para Momentum...
00:51:48 [DEBUG]   × No se encontró URL del iframe de stats
00:51:48 [INFO] [Tab 0]   ✓ Momentum: 0/2 valores capturados
00:51:48 [INFO] [Tab 0] ⚽ lan%C3%BAs-talleres-apuestas-35208217 | EN_JUEGO | Min:77 | 0-0 | BH:4.5 LH:4.6
00:51:48 [WARNING] Ciclo tardó 64.8s (> 30s). Iniciando siguiente ciclo inmediatamente.
00:51:48 [INFO] 
--- Ciclo #19 ---
00:51:48 [DEBUG] ✓ Clic en botón 'Actualizar' con selector: //button[contains(text(), 'Act
00:51:48 [INFO] [Tab 0] → Extrayendo información del partido...
00:52:23 [INFO] [Tab 0] → Extrayendo cuotas Match Odds...
00:52:26 [INFO] [Tab 0]   ✓ Match Odds: Home=5.1/5.2 | Draw=1.38/1.39 | Away=7.8/8
00:52:26 [INFO] [Tab 0] → Extrayendo cuotas Over/Under...
00:52:28 [INFO] [Tab 0]   ✓ Over/Under: 0/20 valores capturados
00:52:28 [INFO] [Tab 0] → Extrayendo cuotas Resultado Correcto...
00:52:30 [INFO] [Tab 0]   ✓ Resultado Correcto: 0/30 valores capturados
00:52:30 [INFO] [Tab 0] → Extrayendo estadísticas del partido...
00:52:30 [DEBUG]   → Buscando pestaña 'Estadísticas del partido'...
00:52:30 [DEBUG]   ✓ Clic en pestaña 'Estadísticas del partido' (JS click)
00:52:31 [DEBUG]   → Total iframes encontrados: 8
00:52:31 [DEBUG]   → Iframe #1: accediendo...
00:52:31 [DEBUG]     → Encontrados 4 iframes anidados, revisando...
00:52:31 [DEBUG]       → Iframe anidado #1: accediendo...
00:52:32 [DEBUG]         × Sin párrafos
00:52:32 [DEBUG]       → Iframe anidado #2: accediendo...
00:52:33 [DEBUG]         × Sin párrafos
00:52:33 [DEBUG]       → Iframe anidado #3: accediendo...
00:52:34 [DEBUG]         × Sin párrafos
00:52:34 [DEBUG]   × Error general extrayendo estadísticas: cannot access local variable 'paragraphs' where it is not associated with a value
00:52:34 [INFO] [Tab 0]   ✓ Estadísticas: 0/54 valores capturados
00:52:34 [INFO] [Tab 0]     - Summary: xG / | Opta / | Posesión /
00:52:34 [INFO] [Tab 0] → Extrayendo volumen matched...
00:52:47 [INFO] [Tab 0]   ✓ Volumen: No capturado
00:52:47 [INFO] [Tab 0] → Extrayendo momentum...
00:52:47 [DEBUG]   → Buscando URL del iframe de stats para Momentum...
00:52:52 [DEBUG]   × No se encontró URL del iframe de stats
00:52:52 [INFO] [Tab 0]   ✓ Momentum: 0/2 valores capturados
00:52:52 [INFO] [Tab 0] ⚽ lan%C3%BAs-talleres-apuestas-35208217 | EN_JUEGO | Min:77 | 0-0 | BH:5.1 LH:5.2
00:52:52 [WARNING] Ciclo tardó 64.6s (> 30s). Iniciando siguiente ciclo inmediatamente.
00:52:52 [INFO] 
--- Ciclo #20 ---
00:52:53 [DEBUG] ✓ Clic en botón 'Actualizar' con selector: //button[contains(text(), 'Act
00:52:53 [INFO] [Tab 0] → Extrayendo información del partido...
00:53:28 [INFO] [Tab 0] → Extrayendo cuotas Match Odds...
00:53:31 [INFO] [Tab 0]   ✓ Match Odds: Home=5.3/5.4 | Draw=1.35/1.36 | Away=8.4/8.6
00:53:31 [INFO] [Tab 0] → Extrayendo cuotas Over/Under...
00:53:33 [INFO] [Tab 0]   ✓ Over/Under: 0/20 valores capturados
00:53:33 [INFO] [Tab 0] → Extrayendo cuotas Resultado Correcto...
00:53:35 [INFO] [Tab 0]   ✓ Resultado Correcto: 0/30 valores capturados
00:53:35 [INFO] [Tab 0] → Extrayendo estadísticas del partido...
00:53:35 [DEBUG]   → Buscando pestaña 'Estadísticas del partido'...
00:53:35 [DEBUG]   ✓ Clic en pestaña 'Estadísticas del partido' (JS click)
00:53:36 [DEBUG]   → Total iframes encontrados: 8
00:53:36 [DEBUG]   → Iframe #1: accediendo...
00:53:36 [DEBUG]     → Encontrados 4 iframes anidados, revisando...
00:53:36 [DEBUG]       → Iframe anidado #1: accediendo...
00:53:37 [DEBUG]         × Sin párrafos
00:53:37 [DEBUG]       → Iframe anidado #2: accediendo...
00:53:38 [DEBUG]         × Sin párrafos
00:53:38 [DEBUG]       → Iframe anidado #3: accediendo...
00:53:39 [DEBUG]         × Sin párrafos
00:53:39 [DEBUG]   × Error general extrayendo estadísticas: cannot access local variable 'paragraphs' where it is not associated with a value
00:53:39 [INFO] [Tab 0]   ✓ Estadísticas: 0/54 valores capturados
00:53:39 [INFO] [Tab 0]     - Summary: xG / | Opta / | Posesión /
00:53:39 [INFO] [Tab 0] → Extrayendo volumen matched...
00:53:52 [INFO] [Tab 0]   ✓ Volumen: No capturado
00:53:52 [INFO] [Tab 0] → Extrayendo momentum...
00:53:52 [DEBUG]   → Buscando URL del iframe de stats para Momentum...
00:53:57 [DEBUG]   × No se encontró URL del iframe de stats
00:53:57 [INFO] [Tab 0]   ✓ Momentum: 0/2 valores capturados
00:53:57 [INFO] [Tab 0] ⚽ lan%C3%BAs-talleres-apuestas-35208217 | EN_JUEGO | Min:79 | 0-0 | BH:5.3 LH:5.4
00:53:57 [INFO] 🔄 Revisando games.csv para detectar cambios...
00:53:57 [INFO] Cargadas 1 URLs desde games.csv
00:53:57 [WARNING] Ciclo tardó 65.0s (> 30s). Iniciando siguiente ciclo inmediatamente.
00:53:57 [INFO] 
--- Ciclo #21 ---
00:53:58 [DEBUG] ✓ Clic en botón 'Actualizar' con selector: //button[contains(text(), 'Act
00:53:58 [INFO] [Tab 0] → Extrayendo información del partido...
00:54:14 [INFO] Señal de parada recibida. Finalizando ciclo actual...
00:54:14 [ERROR] Error fatal: ('Connection aborted.', ConnectionResetError(10054, 'Se ha forzado la interrupción de una conexión existente por el host remoto', None, 10054, None))
Traceback (most recent call last):
  File "C:\Users\agonz\miniconda3\Lib\site-packages\urllib3\connectionpool.py", line 787, in urlopen
    response = self._make_request(
        conn,
    ...<10 lines>...
        **response_kw,
    )
  File "C:\Users\agonz\miniconda3\Lib\site-packages\urllib3\connectionpool.py", line 534, in _make_request
    response = conn.getresponse()
  File "C:\Users\agonz\miniconda3\Lib\site-packages\urllib3\connection.py", line 571, in getresponse
    httplib_response = super().getresponse()
  File "C:\Users\agonz\miniconda3\Lib\http\client.py", line 1450, in getresponse
    response.begin()
    ~~~~~~~~~~~~~~^^
  File "C:\Users\agonz\miniconda3\Lib\http\client.py", line 336, in begin
    version, status, reason = self._read_status()
                              ~~~~~~~~~~~~~~~~~^^
  File "C:\Users\agonz\miniconda3\Lib\http\client.py", line 297, in _read_status
    line = str(self.fp.readline(_MAXLINE + 1), "iso-8859-1")
               ~~~~~~~~~~~~~~~~^^^^^^^^^^^^^^
  File "C:\Users\agonz\miniconda3\Lib\socket.py", line 719, in readinto
    return self._sock.recv_into(b)
           ~~~~~~~~~~~~~~~~~~~~^^^
ConnectionResetError: [WinError 10054] Se ha forzado la interrupción de una conexión existente por el host remoto

During handling of the above exception, another exception occurred:

Traceback (most recent call last):
  File "C:\Users\agonz\OneDrive\Documents\Proyectos\Furbo\betfair_scraper\main.py", line 2205, in main
    log.info(f"\n--- Ciclo #{ciclo_num} ---")
    ^^^^^^^^^^^^^^^^^^^^^^^^^^^^^^^^^^^
  File "C:\Users\agonz\OneDrive\Documents\Proyectos\Furbo\betfair_scraper\main.py", line 2042, in ciclo_captura
  File "C:\Users\agonz\OneDrive\Documents\Proyectos\Furbo\betfair_scraper\main.py", line 1787, in capturar_pestaña
    log.info(f"[Tab {tab_info['index']}] → Extrayendo información del partido...")
           ^^^^^^^^^^^^^^^^^^^^^^^^^^^^
  File "C:\Users\agonz\OneDrive\Documents\Proyectos\Furbo\betfair_scraper\main.py", line 531, in extraer_info_partido
    info["evento"] = buscar_elemento_texto(driver, SELECTORES["event_name"], timeout=3)
                     ~~~~~~~~~~~~~~~~~~~~~^^^^^^^^^^^^^^^^^^^^^^^^^^^^^^^^^^^^^^^^^^^^^
  File "C:\Users\agonz\OneDrive\Documents\Proyectos\Furbo\betfair_scraper\main.py", line 298, in buscar_elemento_texto
    elem = WebDriverWait(driver, timeout).until(
        EC.presence_of_element_located((By.CSS_SELECTOR, selector))
    )
  File "C:\Users\agonz\miniconda3\Lib\site-packages\selenium\webdriver\support\wait.py", line 112, in until
    value = method(self._driver)
  File "C:\Users\agonz\miniconda3\Lib\site-packages\selenium\webdriver\support\expected_conditions.py", line 92, in _predicate
    return driver.find_element(*locator)
           ~~~~~~~~~~~~~~~~~~~^^^^^^^^^^
  File "C:\Users\agonz\miniconda3\Lib\site-packages\selenium\webdriver\remote\webdriver.py", line 802, in find_element
    return self.execute(Command.FIND_ELEMENT, {"using": by, "value": value})["value"]
           ~~~~~~~~~~~~^^^^^^^^^^^^^^^^^^^^^^^^^^^^^^^^^^^^^^^^^^^^^^^^^^^^^
  File "C:\Users\agonz\miniconda3\Lib\site-packages\selenium\webdriver\remote\webdriver.py", line 429, in execute
    response = cast(RemoteConnection, self.command_executor).execute(driver_command, params)
  File "C:\Users\agonz\miniconda3\Lib\site-packages\selenium\webdriver\remote\remote_connection.py", line 406, in execute
    return self._request(command_info[0], url, body=data)
           ~~~~~~~~~~~~~^^^^^^^^^^^^^^^^^^^^^^^^^^^^^^^^^
  File "C:\Users\agonz\miniconda3\Lib\site-packages\selenium\webdriver\remote\remote_connection.py", line 430, in _request
    response = self._conn.request(method, url, body=body, headers=headers, timeout=self._client_config.timeout)
  File "C:\Users\agonz\miniconda3\Lib\site-packages\urllib3\_request_methods.py", line 143, in request
    return self.request_encode_body(
           ~~~~~~~~~~~~~~~~~~~~~~~~^
        method, url, fields=fields, headers=headers, **urlopen_kw
        ^^^^^^^^^^^^^^^^^^^^^^^^^^^^^^^^^^^^^^^^^^^^^^^^^^^^^^^^^
    )
    ^
  File "C:\Users\agonz\miniconda3\Lib\site-packages\urllib3\_request_methods.py", line 278, in request_encode_body
    return self.urlopen(method, url, **extra_kw)
           ~~~~~~~~~~~~^^^^^^^^^^^^^^^^^^^^^^^^^
  File "C:\Users\agonz\miniconda3\Lib\site-packages\urllib3\poolmanager.py", line 457, in urlopen
    response = conn.urlopen(method, u.request_uri, **kw)
  File "C:\Users\agonz\miniconda3\Lib\site-packages\urllib3\connectionpool.py", line 841, in urlopen
    retries = retries.increment(
        method, url, error=new_e, _pool=self, _stacktrace=sys.exc_info()[2]
    )
  File "C:\Users\agonz\miniconda3\Lib\site-packages\urllib3\util\retry.py", line 490, in increment
    raise reraise(type(error), error, _stacktrace)
          ~~~~~~~^^^^^^^^^^^^^^^^^^^^^^^^^^^^^^^^^
  File "C:\Users\agonz\miniconda3\Lib\site-packages\urllib3\util\util.py", line 38, in reraise
    raise value.with_traceback(tb)
  File "C:\Users\agonz\miniconda3\Lib\site-packages\urllib3\connectionpool.py", line 787, in urlopen
    response = self._make_request(
        conn,
    ...<10 lines>...
        **response_kw,
    )
  File "C:\Users\agonz\miniconda3\Lib\site-packages\urllib3\connectionpool.py", line 534, in _make_request
    response = conn.getresponse()
  File "C:\Users\agonz\miniconda3\Lib\site-packages\urllib3\connection.py", line 571, in getresponse
    httplib_response = super().getresponse()
  File "C:\Users\agonz\miniconda3\Lib\http\client.py", line 1450, in getresponse
    response.begin()
    ~~~~~~~~~~~~~~^^
  File "C:\Users\agonz\miniconda3\Lib\http\client.py", line 336, in begin
    version, status, reason = self._read_status()
                              ~~~~~~~~~~~~~~~~~^^
  File "C:\Users\agonz\miniconda3\Lib\http\client.py", line 297, in _read_status
    line = str(self.fp.readline(_MAXLINE + 1), "iso-8859-1")
               ~~~~~~~~~~~~~~~~^^^^^^^^^^^^^^
  File "C:\Users\agonz\miniconda3\Lib\socket.py", line 719, in readinto
    return self._sock.recv_into(b)
           ~~~~~~~~~~~~~~~~~~~~^^^
urllib3.exceptions.ProtocolError: ('Connection aborted.', ConnectionResetError(10054, 'Se ha forzado la interrupción de una conexión existente por el host remoto', None, 10054, None))
00:54:14 [INFO] Cerrando...
00:54:14 [INFO] Archivos CSV cerrados correctamente.
00:54:31 [INFO] Observador finalizado. Revisa los CSV en la carpeta de salida.
