21:05:17 [INFO] 📝 Log guardándose en: logs/scraper_20260212_210517.log
21:05:17 [INFO] Cargados 10 partidos desde games.csv
21:05:17 [INFO] 📅 MODO SCHEDULING ACTIVADO
21:05:17 [INFO]    Ventana tracking: 10 min antes → 150 min después
21:05:17 [INFO]    Total en CSV: 10 partidos
21:05:17 [INFO]    ✓ Partidos activos ahora: 6
21:05:17 [INFO]    ⏰ Partidos futuros: 2
21:05:17 [INFO]    ✅ Partidos finalizados: 2
21:05:17 [INFO] 
📋 Próximos partidos a trackear:
21:05:17 [INFO]       Athletico-PR - Santos (en 115 min)
21:05:17 [INFO]       Tigre - Aldosivi (en 115 min)
21:05:17 [INFO] 🚀 Sistema multi-driver: Creando 6 drivers independientes (sin límite de tabs)
21:05:17 [INFO] 
Iniciando observador con 6 partidos.
21:05:17 [INFO] Ciclo: 30s | Output: data/
21:05:17 [INFO] 🔄 Recarga dinámica: Revisando games.csv cada 5 ciclos (scheduling)
21:05:17 [INFO] 🧹 Limpiando ventanas Betfair antiguas...
21:05:17 [WARNING] Script de limpieza no encontrado: C:\Users\agonz\OneDrive\Documents\Proyectos\Furbo\betfair_scraper\close_betfair_windows.ps1
21:05:17 [INFO] Cargados 10 partidos desde games.csv
21:05:17 [INFO] 
🚀 Iniciando 6 drivers Chrome (sistema multi-driver paralelo)...
21:05:17 [INFO] 🔧 Creando driver de login: Wolfsburgo Femenino - Juventus FC Femenino
21:05:17 [INFO] 🔧 Creando driver para: Wolfsburgo Femenino - Juventus FC Femenino
21:05:23 [INFO] ✓ Cookies aceptadas automáticamente
21:05:24 [INFO] ✓ Driver listo: wolfsburgo-femenino-juventus-fc-w-apuestas-3510554
21:05:24 [INFO] ============================================================
21:05:24 [INFO] HAZ LOGIN MANUAL en Betfair.es ahora.
21:05:24 [INFO] Tienes 0 segundos...
21:05:24 [INFO] El scraper comenzará automáticamente después.
21:05:24 [INFO] ============================================================
21:05:24 [INFO] 🔧 Creando 5 drivers adicionales en paralelo...
21:05:24 [INFO] 🔧 Creando driver para: Sion - FC Basel
21:05:24 [INFO] 🔧 Creando driver para: Thun - Lausanne
21:05:24 [INFO] 🔧 Creando driver para: Atlético de Madrid Femenino - Manchester United Fe
21:05:24 [INFO] 🔧 Creando driver para: Atlético de Madrid - FC Barcelona
21:05:24 [INFO] 🔧 Creando driver para: Brentford - Arsenal
21:05:33 [INFO] ✓ Cookies aceptadas automáticamente
21:05:33 [INFO] ✓ Cookies aceptadas automáticamente
21:05:33 [INFO] ✓ Cookies aceptadas automáticamente
21:05:33 [INFO] ✓ Cookies aceptadas automáticamente
21:05:34 [INFO] ✓ Driver listo: sion-fc-basel-apuestas-35234028
21:05:34 [INFO] ✓ Cookies aceptadas automáticamente
21:05:34 [INFO] ✓ Driver listo: atl%C3%A9tico-de-madrid-femenino-manchester-united
21:05:34 [INFO] ✓ Driver listo: atl%C3%A9tico-de-madrid-fc-barcelona-apuestas-3523
21:05:34 [INFO] ✓ Driver listo: thun-lausanne-apuestas-35244305
21:05:35 [INFO] ✓ Driver listo: brentford-arsenal-apuestas-35212180
21:05:35 [INFO] ✓ 6 drivers creados exitosamente
21:05:35 [INFO] ============================================================
21:05:35 [INFO] CAPTURA INICIADA - Presiona Ctrl+C para detener
21:05:35 [INFO] ============================================================
21:05:35 [INFO] 
--- Ciclo #1 ---
21:05:35 [INFO] 📸 Capturando 6 partidos en paralelo...
21:05:35 [DEBUG] ✓ Actualizar clickeado: thun-lausanne-apuestas-35244305
21:05:35 [DEBUG] ✓ Actualizar clickeado: atl%C3%A9tico-de-madrid-femenino-manchester-united
21:05:35 [DEBUG] ✓ Actualizar clickeado: sion-fc-basel-apuestas-35234028
21:05:35 [DEBUG] ✓ Actualizar clickeado: atl%C3%A9tico-de-madrid-fc-barcelona-apuestas-3523
21:05:36 [DEBUG] [thun-lausanne-apuestas-35244305] → Extrayendo información del partido...
21:05:36 [DEBUG] [atl%C3%A9tico-de-madrid-femenino-manchester-united] → Extrayendo información del partido...
21:05:36 [DEBUG] [sion-fc-basel-apuestas-35234028] → Extrayendo información del partido...
21:05:36 [DEBUG] [atl%C3%A9tico-de-madrid-fc-barcelona-apuestas-3523] → Extrayendo información del partido...
21:05:36 [DEBUG] ✓ Actualizar clickeado: brentford-arsenal-apuestas-35212180
21:05:36 [DEBUG] [brentford-arsenal-apuestas-35212180] → Extrayendo información del partido...
21:05:43 [DEBUG] [wolfsburgo-femenino-juventus-fc-w-apuestas-3510554] → Extrayendo información del partido...
21:05:44 [DEBUG] [sion-fc-basel-apuestas-35234028] → Extrayendo cuotas Match Odds...
21:05:44 [DEBUG] [atl%C3%A9tico-de-madrid-femenino-manchester-united] → Extrayendo cuotas Match Odds...
21:05:44 [DEBUG] [atl%C3%A9tico-de-madrid-fc-barcelona-apuestas-3523] → Extrayendo cuotas Match Odds...
21:05:45 [DEBUG] [brentford-arsenal-apuestas-35212180] → Extrayendo cuotas Match Odds...
21:05:45 [DEBUG] [thun-lausanne-apuestas-35244305] → Extrayendo cuotas Match Odds...
21:05:46 [DEBUG] [sion-fc-basel-apuestas-35234028] → Extrayendo cuotas Over/Under...
21:05:46 [DEBUG] [atl%C3%A9tico-de-madrid-femenino-manchester-united] → Extrayendo cuotas Over/Under...
21:05:46 [DEBUG] [atl%C3%A9tico-de-madrid-fc-barcelona-apuestas-3523] → Extrayendo cuotas Over/Under...
21:05:47 [DEBUG] [brentford-arsenal-apuestas-35212180] → Extrayendo cuotas Over/Under...
21:05:47 [DEBUG] [thun-lausanne-apuestas-35244305] → Extrayendo cuotas Over/Under...
21:05:49 [DEBUG] [sion-fc-basel-apuestas-35234028] → Extrayendo cuotas Resultado Correcto...
21:05:49 [DEBUG] [atl%C3%A9tico-de-madrid-femenino-manchester-united] → Extrayendo cuotas Resultado Correcto...
21:05:49 [DEBUG] [atl%C3%A9tico-de-madrid-fc-barcelona-apuestas-3523] → Extrayendo cuotas Resultado Correcto...
21:05:50 [DEBUG] [thun-lausanne-apuestas-35244305] → Extrayendo cuotas Resultado Correcto...
21:05:50 [DEBUG] [brentford-arsenal-apuestas-35212180] → Extrayendo cuotas Resultado Correcto...
21:05:53 [DEBUG] [atl%C3%A9tico-de-madrid-femenino-manchester-united] → Extrayendo estadísticas del partido...
21:05:53 [DEBUG]   → Extrayendo eventId del HTML...
21:05:53 [DEBUG] Betfair event ID extraído del HTML: 35105541
21:05:53 [DEBUG] Consultando videoplayer: https://videoplayer.betfair.es/GetPlayer.do?eID=35105541&contentType=viz&contentView=mstats
21:05:53 [DEBUG] [atl%C3%A9tico-de-madrid-fc-barcelona-apuestas-3523] → Extrayendo estadísticas del partido...
21:05:53 [DEBUG]   → Extrayendo eventId del HTML...
21:05:53 [DEBUG] [sion-fc-basel-apuestas-35234028] → Extrayendo estadísticas del partido...
21:05:53 [DEBUG]   → Extrayendo eventId del HTML...
21:05:53 [DEBUG] Betfair event ID extraído del HTML: 35238124
21:05:53 [DEBUG] Consultando videoplayer: https://videoplayer.betfair.es/GetPlayer.do?eID=35238124&contentType=viz&contentView=mstats
21:05:53 [DEBUG] Betfair event ID extraído del HTML: 35234028
21:05:53 [DEBUG] Consultando videoplayer: https://videoplayer.betfair.es/GetPlayer.do?eID=35234028&contentType=viz&contentView=mstats
21:05:53 [DEBUG] [thun-lausanne-apuestas-35244305] → Extrayendo estadísticas del partido...
21:05:53 [DEBUG]   → Extrayendo eventId del HTML...
21:05:53 [DEBUG] Betfair event ID extraído del HTML: 35244305
21:05:53 [DEBUG] Consultando videoplayer: https://videoplayer.betfair.es/GetPlayer.do?eID=35244305&contentType=viz&contentView=mstats
21:05:53 [ERROR] Error consultando videoplayer endpoint: 404 Client Error:  for url: https://videoplayer.betfair.es/GetPlayer.do?eID=35105541&contentType=viz&contentView=mstats
21:05:53 [WARNING]   × No se pudo extraer eventId - partido sin estadísticas Opta
21:05:53 [INFO]   → Extrayendo stats del iframe (fallback): eID=35105541
21:05:53 [DEBUG] [brentford-arsenal-apuestas-35212180] → Extrayendo estadísticas del partido...
21:05:53 [DEBUG]   → Extrayendo eventId del HTML...
21:05:54 [DEBUG] Betfair event ID extraído del HTML: 35212180
21:05:54 [DEBUG] Consultando videoplayer: https://videoplayer.betfair.es/GetPlayer.do?eID=35212180&contentType=viz&contentView=mstats
21:05:54 [INFO] EventId de Opta extraído: 1z8gknoiuoiuh7z1mto3je9ec
21:05:54 [DEBUG]   ✓ EventId extraído: 1z8gknoiuoiuh7z1mto3je9ec
21:05:54 [DEBUG]   → Obteniendo estadísticas de la API...
21:05:54 [INFO] 📊 Obteniendo todas las estadísticas para eventId: 1z8gknoiuoiuh7z1mto3je9ec
21:05:54 [INFO] EventId de Opta extraído: bomuidcdl673b8rje49cbj40k
21:05:54 [DEBUG]   ✓ EventId extraído: bomuidcdl673b8rje49cbj40k
21:05:54 [DEBUG]   → Obteniendo estadísticas de la API...
21:05:54 [INFO] 📊 Obteniendo todas las estadísticas para eventId: bomuidcdl673b8rje49cbj40k
21:05:54 [INFO] EventId de Opta extraído: bp7jffdb5v1x5ksth1cngff2s
21:05:54 [DEBUG]   ✓ EventId extraído: bp7jffdb5v1x5ksth1cngff2s
21:05:54 [DEBUG]   → Obteniendo estadísticas de la API...
21:05:54 [INFO] 📊 Obteniendo todas las estadísticas para eventId: bp7jffdb5v1x5ksth1cngff2s
21:05:54 [INFO] EventId de Opta extraído: 3ta3lmi2yhygyqebvoqytbf2s
21:05:54 [DEBUG]   ✓ EventId extraído: 3ta3lmi2yhygyqebvoqytbf2s
21:05:54 [DEBUG]   → Obteniendo estadísticas de la API...
21:05:54 [INFO] 📊 Obteniendo todas las estadísticas para eventId: 3ta3lmi2yhygyqebvoqytbf2s
21:05:55 [DEBUG] ✅ Summary stats obtenidas para 1z8gknoiuoiuh7z1mto3je9ec
21:05:55 [DEBUG] ✅ Summary stats obtenidas para bomuidcdl673b8rje49cbj40k
21:05:55 [DEBUG] ✅ Summary stats obtenidas para bp7jffdb5v1x5ksth1cngff2s
21:05:55 [DEBUG] ✅ Summary stats obtenidas para 3ta3lmi2yhygyqebvoqytbf2s
21:05:56 [DEBUG] No se encontró datos de momentum
21:05:56 [DEBUG] No se encontró datos de momentum
21:05:56 [DEBUG] No se encontró datos de momentum
21:05:56 [DEBUG] No se encontró datos de momentum
21:05:57 [DEBUG] No se encontró teamStatsAttackingLv
21:05:57 [DEBUG] No se encontró teamStatsAttackingLv
21:05:57 [DEBUG] No se encontró teamStatsAttackingLv
21:05:57 [DEBUG] No se encontró teamStatsAttackingLv
21:05:57 [DEBUG] No se encontró teamStatsDefenceLv
21:05:58 [DEBUG] No se encontró teamStatsDefenceLv
21:05:58 [DEBUG] No se encontró teamStatsDefenceLv
21:05:58 [DEBUG] No se encontró teamStatsDefenceLv
21:05:58 [DEBUG] No se encontró teamStatsXgLv ni xgData
21:05:58 [INFO] ✅ Estadísticas obtenidas: 1/5 endpoints
21:05:58 [DEBUG]   → Mapeando estadísticas...
21:05:58 [INFO]   ✓ Estadísticas capturadas vía API: 28/66 campos
21:05:58 [DEBUG]     → xG: 0.5154-0.0, Corners: 1-0
21:05:58 [DEBUG] [atl%C3%A9tico-de-madrid-fc-barcelona-apuestas-3523] → Extrayendo volumen matched...
21:05:59 [DEBUG] No se encontró teamStatsXgLv ni xgData
21:05:59 [INFO] ✅ Estadísticas obtenidas: 1/5 endpoints
21:05:59 [DEBUG]   → Mapeando estadísticas...
21:05:59 [INFO]   ✓ Estadísticas capturadas vía API: 28/66 campos
21:05:59 [DEBUG]     → xG: 0.7004-0.2047, Corners: 1-1
21:05:59 [DEBUG] [sion-fc-basel-apuestas-35234028] → Extrayendo volumen matched...
21:05:59 [DEBUG] No se encontró teamStatsXgLv ni xgData
21:05:59 [INFO] ✅ Estadísticas obtenidas: 1/5 endpoints
21:05:59 [DEBUG]   → Mapeando estadísticas...
21:05:59 [INFO]   ✓ Estadísticas capturadas vía API: 28/66 campos
21:05:59 [DEBUG]     → xG: 0.0-0.0, Corners: 1-0
21:05:59 [DEBUG] [brentford-arsenal-apuestas-35212180] → Extrayendo volumen matched...
21:05:59 [DEBUG] No se encontró teamStatsXgLv ni xgData
21:05:59 [INFO] ✅ Estadísticas obtenidas: 1/5 endpoints
21:05:59 [DEBUG]   → Mapeando estadísticas...
21:05:59 [INFO]   ✓ Estadísticas capturadas vía API: 28/66 campos
21:05:59 [DEBUG]     → xG: 0.9449-0.5298, Corners: 1-1
21:05:59 [DEBUG] [thun-lausanne-apuestas-35244305] → Extrayendo volumen matched...
21:06:00 [DEBUG] [wolfsburgo-femenino-juventus-fc-w-apuestas-3510554] → Extrayendo cuotas Match Odds...
21:06:01 [WARNING] ⟳ [wolfsburgo-femenino-juventus-fc-w-apuestas-3510554] Match Odds incompletos (0/3), refrescando...
21:06:07 [WARNING]   × Timeout esperando estadísticas básicas
21:06:07 [DEBUG]   → Extrayendo todas las estadísticas del iframe...
21:06:08 [DEBUG]     × 'Shots on target' no encontrado en DOM
21:06:09 [DEBUG]     × 'Shots off target' no encontrado en DOM
21:06:10 [DEBUG]     × 'Shots blocked' no encontrado en DOM
21:06:11 [DEBUG] [atl%C3%A9tico-de-madrid-fc-barcelona-apuestas-3523] → Extrayendo momentum...
21:06:11 [DEBUG]   → Buscando URL del iframe de stats para Momentum...
21:06:11 [DEBUG]     × 'Corner kicks' no encontrado en DOM
21:06:12 [DEBUG] [brentford-arsenal-apuestas-35212180] → Extrayendo momentum...
21:06:12 [DEBUG]   → Buscando URL del iframe de stats para Momentum...
21:06:12 [DEBUG] [sion-fc-basel-apuestas-35234028] → Extrayendo momentum...
21:06:12 [DEBUG]   → Buscando URL del iframe de stats para Momentum...
21:06:12 [DEBUG] [thun-lausanne-apuestas-35244305] → Extrayendo momentum...
21:06:12 [DEBUG]   → Buscando URL del iframe de stats para Momentum...
21:06:14 [DEBUG]     × 'Dangerous Attack' no encontrado en DOM
21:06:15 [DEBUG]     × 'Free kicks' no encontrado en DOM
21:06:16 [DEBUG]     × 'Offsides' no encontrado en DOM
21:06:17 [DEBUG]   × No se encontró URL del iframe de stats
21:06:17 [INFO] ✓ [atl%C3%A9tico-de-madrid-fc-barcelona-apuestas-3523] Captura exitosa: en_juego, min 4, 0-0
21:06:17 [DEBUG]   × No se encontró URL del iframe de stats
21:06:17 [INFO] ✓ [thun-lausanne-apuestas-35244305] Captura exitosa: en_juego, min 33, 2-0
21:06:17 [DEBUG]     × 'Goal kicks' no encontrado en DOM
21:06:18 [DEBUG]   × No se encontró URL del iframe de stats
21:06:18 [INFO] ✓ [brentford-arsenal-apuestas-35212180] Captura exitosa: en_juego, min 5, 0-0
21:06:18 [DEBUG]   × No se encontró URL del iframe de stats
21:06:18 [INFO] ✓ [sion-fc-basel-apuestas-35234028] Captura exitosa: en_juego, min 35, 0-0
21:06:18 [DEBUG]     × 'Saves' no encontrado en DOM
21:06:19 [DEBUG]     × 'Throw-ins' no encontrado en DOM
21:06:20 [DEBUG]     × 'Substitutions' no encontrado en DOM
21:06:21 [DEBUG]     × 'Injuries' no encontrado en DOM
21:06:22 [DEBUG]     × 'Fouls' no encontrado en DOM
21:06:22 [WARNING]   × Fallback iframe no encontró estadísticas
21:06:23 [DEBUG] [atl%C3%A9tico-de-madrid-femenino-manchester-united] → Extrayendo volumen matched...
21:06:30 [DEBUG] No se encontró banner de cookies (puede que ya esté aceptado)
21:06:36 [DEBUG] [atl%C3%A9tico-de-madrid-femenino-manchester-united] → Extrayendo momentum...
21:06:36 [DEBUG]   → Buscando URL del iframe de stats para Momentum...
21:06:38 [DEBUG]   × No se encontró URL del iframe de stats
21:06:38 [INFO] ✓ [atl%C3%A9tico-de-madrid-femenino-manchester-united] Captura exitosa: en_juego, min 4, 0-1
21:06:49 [DEBUG] [wolfsburgo-femenino-juventus-fc-w-apuestas-3510554] → Extrayendo cuotas Over/Under...
21:06:51 [DEBUG] [wolfsburgo-femenino-juventus-fc-w-apuestas-3510554] → Extrayendo cuotas Resultado Correcto...
21:06:52 [DEBUG] [wolfsburgo-femenino-juventus-fc-w-apuestas-3510554] → Extrayendo estadísticas del partido...
21:06:52 [DEBUG]   → Extrayendo eventId del HTML...
21:06:52 [DEBUG] Betfair event ID extraído de la URL: 35105544
21:06:52 [DEBUG] Consultando videoplayer: https://videoplayer.betfair.es/GetPlayer.do?eID=35105544&contentType=viz&contentView=mstats
21:06:52 [ERROR] Error consultando videoplayer endpoint: 404 Client Error:  for url: https://videoplayer.betfair.es/GetPlayer.do?eID=35105544&contentType=viz&contentView=mstats
21:06:52 [WARNING]   × No se pudo extraer eventId - partido sin estadísticas Opta
21:06:52 [INFO]   → Extrayendo stats del iframe (fallback): eID=35105544
21:07:07 [WARNING]   × Timeout esperando estadísticas básicas
21:07:07 [DEBUG]   → Extrayendo todas las estadísticas del iframe...
21:07:08 [DEBUG]     × 'Shots on target' no encontrado en DOM
21:07:09 [DEBUG]     × 'Shots off target' no encontrado en DOM
21:07:10 [DEBUG]     × 'Shots blocked' no encontrado en DOM
21:07:11 [DEBUG]     × 'Corner kicks' no encontrado en DOM
21:07:14 [DEBUG]     × 'Dangerous Attack' no encontrado en DOM
21:07:15 [DEBUG]     × 'Free kicks' no encontrado en DOM
21:07:16 [DEBUG]     × 'Offsides' no encontrado en DOM
21:07:17 [DEBUG]     × 'Goal kicks' no encontrado en DOM
21:07:18 [DEBUG]     × 'Saves' no encontrado en DOM
21:07:19 [DEBUG]     × 'Throw-ins' no encontrado en DOM
21:07:20 [DEBUG]     × 'Substitutions' no encontrado en DOM
21:07:21 [DEBUG]     × 'Injuries' no encontrado en DOM
21:07:22 [DEBUG]     × 'Fouls' no encontrado en DOM
21:07:22 [WARNING]   × Fallback iframe no encontró estadísticas
21:07:22 [DEBUG] [wolfsburgo-femenino-juventus-fc-w-apuestas-3510554] → Extrayendo volumen matched...
21:07:35 [DEBUG] [wolfsburgo-femenino-juventus-fc-w-apuestas-3510554] → Extrayendo momentum...
21:07:35 [DEBUG]   → Buscando URL del iframe de stats para Momentum...
21:07:42 [DEBUG]   × No se encontró URL del iframe de stats
21:07:42 [INFO] ✓ [wolfsburgo-femenino-juventus-fc-w-apuestas-3510554] Captura exitosa: pre_partido, min , -
21:07:42 [INFO] ✓ Captura paralela completada en 126.9s (6/6 exitosos)
21:07:42 [WARNING] Ciclo tardó 126.9s (> 30s). Iniciando siguiente ciclo inmediatamente.
21:07:42 [INFO] 
--- Ciclo #2 ---
21:07:42 [INFO] 📸 Capturando 6 partidos en paralelo...
21:07:42 [DEBUG] ✓ Actualizar clickeado: atl%C3%A9tico-de-madrid-femenino-manchester-united
21:07:42 [DEBUG] ✓ Actualizar clickeado: atl%C3%A9tico-de-madrid-fc-barcelona-apuestas-3523
21:07:42 [DEBUG] ✓ Actualizar clickeado: thun-lausanne-apuestas-35244305
21:07:42 [DEBUG] ✓ Actualizar clickeado: sion-fc-basel-apuestas-35234028
21:07:42 [DEBUG] ✓ Actualizar clickeado: brentford-arsenal-apuestas-35212180
21:07:42 [DEBUG] [atl%C3%A9tico-de-madrid-femenino-manchester-united] → Extrayendo información del partido...
21:07:42 [DEBUG] [atl%C3%A9tico-de-madrid-fc-barcelona-apuestas-3523] → Extrayendo información del partido...
21:07:42 [DEBUG] [sion-fc-basel-apuestas-35234028] → Extrayendo información del partido...
21:07:42 [DEBUG] [thun-lausanne-apuestas-35244305] → Extrayendo información del partido...
21:07:42 [DEBUG] [brentford-arsenal-apuestas-35212180] → Extrayendo información del partido...
21:07:50 [DEBUG] [wolfsburgo-femenino-juventus-fc-w-apuestas-3510554] → Extrayendo información del partido...
21:07:51 [DEBUG] [brentford-arsenal-apuestas-35212180] → Extrayendo cuotas Match Odds...
21:07:51 [DEBUG] [atl%C3%A9tico-de-madrid-fc-barcelona-apuestas-3523] → Extrayendo cuotas Match Odds...
21:07:51 [DEBUG] [sion-fc-basel-apuestas-35234028] → Extrayendo cuotas Match Odds...
21:07:51 [DEBUG] [thun-lausanne-apuestas-35244305] → Extrayendo cuotas Match Odds...
21:07:51 [DEBUG] [atl%C3%A9tico-de-madrid-femenino-manchester-united] → Extrayendo cuotas Match Odds...
21:07:53 [DEBUG] [brentford-arsenal-apuestas-35212180] → Extrayendo cuotas Over/Under...
21:07:53 [DEBUG] [sion-fc-basel-apuestas-35234028] → Extrayendo cuotas Over/Under...
21:07:53 [DEBUG] [thun-lausanne-apuestas-35244305] → Extrayendo cuotas Over/Under...
21:07:53 [DEBUG] [atl%C3%A9tico-de-madrid-fc-barcelona-apuestas-3523] → Extrayendo cuotas Over/Under...
21:07:53 [DEBUG] [atl%C3%A9tico-de-madrid-femenino-manchester-united] → Extrayendo cuotas Over/Under...
21:07:55 [DEBUG] [atl%C3%A9tico-de-madrid-femenino-manchester-united] → Extrayendo cuotas Resultado Correcto...
21:07:56 [DEBUG] [thun-lausanne-apuestas-35244305] → Extrayendo cuotas Resultado Correcto...
21:07:56 [DEBUG] [sion-fc-basel-apuestas-35234028] → Extrayendo cuotas Resultado Correcto...
21:07:56 [DEBUG] [atl%C3%A9tico-de-madrid-fc-barcelona-apuestas-3523] → Extrayendo cuotas Resultado Correcto...
21:07:56 [DEBUG] [brentford-arsenal-apuestas-35212180] → Extrayendo cuotas Resultado Correcto...
21:07:57 [DEBUG] [atl%C3%A9tico-de-madrid-femenino-manchester-united] → Extrayendo estadísticas del partido...
21:07:57 [DEBUG]   → Extrayendo eventId del HTML...
21:07:57 [DEBUG] Betfair event ID extraído del HTML: 35105541
21:07:57 [DEBUG] Consultando videoplayer: https://videoplayer.betfair.es/GetPlayer.do?eID=35105541&contentType=viz&contentView=mstats
21:07:58 [ERROR] Error consultando videoplayer endpoint: 404 Client Error:  for url: https://videoplayer.betfair.es/GetPlayer.do?eID=35105541&contentType=viz&contentView=mstats
21:07:58 [WARNING]   × No se pudo extraer eventId - partido sin estadísticas Opta
21:07:58 [INFO]   → Extrayendo stats del iframe (fallback): eID=35105541
21:07:59 [DEBUG] [thun-lausanne-apuestas-35244305] → Extrayendo estadísticas del partido...
21:07:59 [DEBUG]   → Extrayendo eventId del HTML...
21:07:59 [DEBUG] Betfair event ID extraído del HTML: 35244305
21:07:59 [DEBUG] Consultando videoplayer: https://videoplayer.betfair.es/GetPlayer.do?eID=35244305&contentType=viz&contentView=mstats
21:07:59 [DEBUG] [atl%C3%A9tico-de-madrid-fc-barcelona-apuestas-3523] → Extrayendo estadísticas del partido...
21:07:59 [DEBUG]   → Extrayendo eventId del HTML...
21:07:59 [DEBUG] Betfair event ID extraído del HTML: 35238124
21:07:59 [DEBUG] Consultando videoplayer: https://videoplayer.betfair.es/GetPlayer.do?eID=35238124&contentType=viz&contentView=mstats
21:07:59 [DEBUG] [sion-fc-basel-apuestas-35234028] → Extrayendo estadísticas del partido...
21:07:59 [DEBUG]   → Extrayendo eventId del HTML...
21:07:59 [DEBUG] Betfair event ID extraído del HTML: 35234028
21:07:59 [DEBUG] Consultando videoplayer: https://videoplayer.betfair.es/GetPlayer.do?eID=35234028&contentType=viz&contentView=mstats
21:07:59 [DEBUG] [brentford-arsenal-apuestas-35212180] → Extrayendo estadísticas del partido...
21:07:59 [DEBUG]   → Extrayendo eventId del HTML...
21:07:59 [DEBUG] Betfair event ID extraído del HTML: 35212180
21:07:59 [DEBUG] Consultando videoplayer: https://videoplayer.betfair.es/GetPlayer.do?eID=35212180&contentType=viz&contentView=mstats
21:07:59 [INFO] EventId de Opta extraído: bp7jffdb5v1x5ksth1cngff2s
21:07:59 [DEBUG]   ✓ EventId extraído: bp7jffdb5v1x5ksth1cngff2s
21:07:59 [DEBUG]   → Obteniendo estadísticas de la API...
21:07:59 [INFO] 📊 Obteniendo todas las estadísticas para eventId: bp7jffdb5v1x5ksth1cngff2s
21:07:59 [INFO] EventId de Opta extraído: 1z8gknoiuoiuh7z1mto3je9ec
21:07:59 [DEBUG]   ✓ EventId extraído: 1z8gknoiuoiuh7z1mto3je9ec
21:07:59 [DEBUG]   → Obteniendo estadísticas de la API...
21:07:59 [INFO] 📊 Obteniendo todas las estadísticas para eventId: 1z8gknoiuoiuh7z1mto3je9ec
21:07:59 [INFO] EventId de Opta extraído: bomuidcdl673b8rje49cbj40k
21:07:59 [DEBUG]   ✓ EventId extraído: bomuidcdl673b8rje49cbj40k
21:07:59 [DEBUG]   → Obteniendo estadísticas de la API...
21:07:59 [INFO] 📊 Obteniendo todas las estadísticas para eventId: bomuidcdl673b8rje49cbj40k
21:08:00 [INFO] EventId de Opta extraído: 3ta3lmi2yhygyqebvoqytbf2s
21:08:00 [DEBUG]   ✓ EventId extraído: 3ta3lmi2yhygyqebvoqytbf2s
21:08:00 [DEBUG]   → Obteniendo estadísticas de la API...
21:08:00 [INFO] 📊 Obteniendo todas las estadísticas para eventId: 3ta3lmi2yhygyqebvoqytbf2s
21:08:00 [DEBUG] ✅ Summary stats obtenidas para bp7jffdb5v1x5ksth1cngff2s
21:08:00 [DEBUG] ✅ Summary stats obtenidas para 1z8gknoiuoiuh7z1mto3je9ec
21:08:00 [DEBUG] ✅ Summary stats obtenidas para bomuidcdl673b8rje49cbj40k
21:08:00 [DEBUG] ✅ Summary stats obtenidas para 3ta3lmi2yhygyqebvoqytbf2s
21:08:01 [DEBUG] No se encontró datos de momentum
21:08:01 [DEBUG] No se encontró datos de momentum
21:08:01 [DEBUG] No se encontró datos de momentum
21:08:02 [DEBUG] No se encontró datos de momentum
21:08:02 [DEBUG] No se encontró teamStatsAttackingLv
21:08:02 [DEBUG] No se encontró teamStatsAttackingLv
21:08:03 [DEBUG] No se encontró teamStatsAttackingLv
21:08:03 [DEBUG] No se encontró teamStatsAttackingLv
21:08:03 [DEBUG] No se encontró teamStatsDefenceLv
21:08:03 [DEBUG] No se encontró teamStatsDefenceLv
21:08:03 [DEBUG] No se encontró teamStatsDefenceLv
21:08:04 [DEBUG] No se encontró teamStatsDefenceLv
21:08:04 [DEBUG] No se encontró teamStatsXgLv ni xgData
21:08:04 [INFO] ✅ Estadísticas obtenidas: 1/5 endpoints
21:08:04 [DEBUG]   → Mapeando estadísticas...
21:08:04 [INFO]   ✓ Estadísticas capturadas vía API: 28/66 campos
21:08:04 [DEBUG]     → xG: 0.9449-0.5771, Corners: 1-2
21:08:04 [DEBUG] [thun-lausanne-apuestas-35244305] → Extrayendo volumen matched...
21:08:04 [DEBUG] No se encontró teamStatsXgLv ni xgData
21:08:04 [INFO] ✅ Estadísticas obtenidas: 1/5 endpoints
21:08:04 [DEBUG]   → Mapeando estadísticas...
21:08:04 [INFO]   ✓ Estadísticas capturadas vía API: 28/66 campos
21:08:04 [DEBUG]     → xG: 0.5154-0.0, Corners: 1-0
21:08:04 [DEBUG] [atl%C3%A9tico-de-madrid-fc-barcelona-apuestas-3523] → Extrayendo volumen matched...
21:08:04 [DEBUG] No se encontró teamStatsXgLv ni xgData
21:08:04 [INFO] ✅ Estadísticas obtenidas: 1/5 endpoints
21:08:04 [DEBUG]   → Mapeando estadísticas...
21:08:04 [INFO]   ✓ Estadísticas capturadas vía API: 28/66 campos
21:08:04 [DEBUG]     → xG: 0.0-0.0, Corners: 1-0
21:08:04 [DEBUG] [brentford-arsenal-apuestas-35212180] → Extrayendo volumen matched...
21:08:04 [DEBUG] No se encontró teamStatsXgLv ni xgData
21:08:04 [INFO] ✅ Estadísticas obtenidas: 1/5 endpoints
21:08:04 [DEBUG]   → Mapeando estadísticas...
21:08:04 [INFO]   ✓ Estadísticas capturadas vía API: 28/66 campos
21:08:04 [DEBUG]     → xG: 0.7004-0.2047, Corners: 1-1
21:08:04 [DEBUG] [sion-fc-basel-apuestas-35234028] → Extrayendo volumen matched...
21:08:07 [DEBUG] [wolfsburgo-femenino-juventus-fc-w-apuestas-3510554] → Extrayendo cuotas Match Odds...
21:08:08 [WARNING] ⟳ [wolfsburgo-femenino-juventus-fc-w-apuestas-3510554] Match Odds incompletos (0/3), refrescando...
21:08:11 [WARNING]   × Timeout esperando estadísticas básicas
21:08:11 [DEBUG]   → Extrayendo todas las estadísticas del iframe...
21:08:12 [DEBUG]     × 'Shots on target' no encontrado en DOM
21:08:13 [DEBUG]     × 'Shots off target' no encontrado en DOM
21:08:14 [DEBUG]     × 'Shots blocked' no encontrado en DOM
21:08:15 [DEBUG]     × 'Corner kicks' no encontrado en DOM
21:08:17 [DEBUG] [thun-lausanne-apuestas-35244305] → Extrayendo momentum...
21:08:17 [DEBUG]   → Buscando URL del iframe de stats para Momentum...
21:08:17 [DEBUG] [brentford-arsenal-apuestas-35212180] → Extrayendo momentum...
21:08:17 [DEBUG]   → Buscando URL del iframe de stats para Momentum...
21:08:17 [DEBUG] [sion-fc-basel-apuestas-35234028] → Extrayendo momentum...
21:08:17 [DEBUG] [atl%C3%A9tico-de-madrid-fc-barcelona-apuestas-3523] → Extrayendo momentum...
21:08:17 [DEBUG]   → Buscando URL del iframe de stats para Momentum...
21:08:17 [DEBUG]   → Buscando URL del iframe de stats para Momentum...
21:08:18 [DEBUG]     × 'Dangerous Attack' no encontrado en DOM
21:08:19 [DEBUG]     × 'Free kicks' no encontrado en DOM
21:08:20 [DEBUG]     × 'Offsides' no encontrado en DOM
21:08:21 [DEBUG]     × 'Goal kicks' no encontrado en DOM
21:08:22 [DEBUG]     × 'Saves' no encontrado en DOM
21:08:22 [DEBUG]   × No se encontró URL del iframe de stats
21:08:22 [INFO] ✓ [thun-lausanne-apuestas-35244305] Captura exitosa: en_juego, min 36, 2-0
21:08:23 [DEBUG]   × No se encontró URL del iframe de stats
21:08:23 [INFO] ✓ [atl%C3%A9tico-de-madrid-fc-barcelona-apuestas-3523] Captura exitosa: en_juego, min 6, 1-0
21:08:23 [DEBUG]     × 'Throw-ins' no encontrado en DOM
21:08:24 [DEBUG]   × No se encontró URL del iframe de stats
21:08:24 [INFO] ✓ [brentford-arsenal-apuestas-35212180] Captura exitosa: en_juego, min 7, 0-0
21:08:24 [DEBUG]   × No se encontró URL del iframe de stats
21:08:24 [INFO] ✓ [sion-fc-basel-apuestas-35234028] Captura exitosa: en_juego, min 36, 0-0
21:08:24 [DEBUG]     × 'Substitutions' no encontrado en DOM
21:08:25 [DEBUG]     × 'Injuries' no encontrado en DOM
21:08:26 [DEBUG]     × 'Fouls' no encontrado en DOM
21:08:26 [WARNING]   × Fallback iframe no encontró estadísticas
21:08:27 [DEBUG] [atl%C3%A9tico-de-madrid-femenino-manchester-united] → Extrayendo volumen matched...
21:08:36 [DEBUG] No se encontró banner de cookies (puede que ya esté aceptado)
21:08:40 [DEBUG] [atl%C3%A9tico-de-madrid-femenino-manchester-united] → Extrayendo momentum...
21:08:40 [DEBUG]   → Buscando URL del iframe de stats para Momentum...
21:08:42 [DEBUG]   × No se encontró URL del iframe de stats
21:08:42 [INFO] ✓ [atl%C3%A9tico-de-madrid-femenino-manchester-united] Captura exitosa: en_juego, min 6, 0-1
21:08:56 [DEBUG] [wolfsburgo-femenino-juventus-fc-w-apuestas-3510554] → Extrayendo cuotas Over/Under...
21:08:57 [DEBUG] [wolfsburgo-femenino-juventus-fc-w-apuestas-3510554] → Extrayendo cuotas Resultado Correcto...
21:08:58 [DEBUG] [wolfsburgo-femenino-juventus-fc-w-apuestas-3510554] → Extrayendo estadísticas del partido...
21:08:58 [DEBUG]   → Extrayendo eventId del HTML...
21:08:58 [DEBUG] Betfair event ID extraído de la URL: 35105544
21:08:58 [DEBUG] Consultando videoplayer: https://videoplayer.betfair.es/GetPlayer.do?eID=35105544&contentType=viz&contentView=mstats
21:08:58 [ERROR] Error consultando videoplayer endpoint: 404 Client Error:  for url: https://videoplayer.betfair.es/GetPlayer.do?eID=35105544&contentType=viz&contentView=mstats
21:08:58 [WARNING]   × No se pudo extraer eventId - partido sin estadísticas Opta
21:08:58 [INFO]   → Extrayendo stats del iframe (fallback): eID=35105544
21:09:12 [WARNING]   × Timeout esperando estadísticas básicas
21:09:12 [DEBUG]   → Extrayendo todas las estadísticas del iframe...
21:09:13 [DEBUG]     × 'Shots on target' no encontrado en DOM
21:09:14 [DEBUG]     × 'Shots off target' no encontrado en DOM
21:09:15 [DEBUG]     × 'Shots blocked' no encontrado en DOM
21:09:16 [DEBUG]     × 'Corner kicks' no encontrado en DOM
21:09:19 [DEBUG]     × 'Dangerous Attack' no encontrado en DOM
21:09:20 [DEBUG]     × 'Free kicks' no encontrado en DOM
21:09:21 [DEBUG]     × 'Offsides' no encontrado en DOM
21:09:23 [DEBUG]     × 'Goal kicks' no encontrado en DOM
21:09:24 [DEBUG]     × 'Saves' no encontrado en DOM
21:09:25 [DEBUG]     × 'Throw-ins' no encontrado en DOM
21:09:26 [DEBUG]     × 'Substitutions' no encontrado en DOM
21:09:27 [DEBUG]     × 'Injuries' no encontrado en DOM
21:09:28 [DEBUG]     × 'Fouls' no encontrado en DOM
21:09:28 [WARNING]   × Fallback iframe no encontró estadísticas
21:09:28 [DEBUG] [wolfsburgo-femenino-juventus-fc-w-apuestas-3510554] → Extrayendo volumen matched...
21:09:41 [DEBUG] [wolfsburgo-femenino-juventus-fc-w-apuestas-3510554] → Extrayendo momentum...
21:09:41 [DEBUG]   → Buscando URL del iframe de stats para Momentum...
21:09:47 [DEBUG]   × No se encontró URL del iframe de stats
21:09:47 [INFO] ✓ [wolfsburgo-femenino-juventus-fc-w-apuestas-3510554] Captura exitosa: pre_partido, min , -
21:09:47 [INFO] ✓ Captura paralela completada en 125.5s (6/6 exitosos)
21:09:47 [WARNING] Ciclo tardó 125.5s (> 30s). Iniciando siguiente ciclo inmediatamente.
21:09:47 [INFO] 
--- Ciclo #3 ---
21:09:47 [INFO] 📸 Capturando 6 partidos en paralelo...
21:09:48 [DEBUG] ✓ Actualizar clickeado: atl%C3%A9tico-de-madrid-femenino-manchester-united
21:09:48 [DEBUG] ✓ Actualizar clickeado: atl%C3%A9tico-de-madrid-fc-barcelona-apuestas-3523
21:09:48 [DEBUG] ✓ Actualizar clickeado: sion-fc-basel-apuestas-35234028
21:09:48 [DEBUG] ✓ Actualizar clickeado: brentford-arsenal-apuestas-35212180
21:09:48 [DEBUG] ✓ Actualizar clickeado: thun-lausanne-apuestas-35244305
21:09:48 [DEBUG] [atl%C3%A9tico-de-madrid-femenino-manchester-united] → Extrayendo información del partido...
21:09:48 [DEBUG] [atl%C3%A9tico-de-madrid-fc-barcelona-apuestas-3523] → Extrayendo información del partido...
21:09:48 [DEBUG] [sion-fc-basel-apuestas-35234028] → Extrayendo información del partido...
21:09:48 [DEBUG] [thun-lausanne-apuestas-35244305] → Extrayendo información del partido...
21:09:48 [DEBUG] [brentford-arsenal-apuestas-35212180] → Extrayendo información del partido...
21:09:55 [DEBUG] [wolfsburgo-femenino-juventus-fc-w-apuestas-3510554] → Extrayendo información del partido...
21:09:56 [DEBUG] [atl%C3%A9tico-de-madrid-femenino-manchester-united] → Extrayendo cuotas Match Odds...
21:09:56 [DEBUG] [atl%C3%A9tico-de-madrid-fc-barcelona-apuestas-3523] → Extrayendo cuotas Match Odds...
21:09:56 [DEBUG] [brentford-arsenal-apuestas-35212180] → Extrayendo cuotas Match Odds...
21:09:56 [DEBUG] [sion-fc-basel-apuestas-35234028] → Extrayendo cuotas Match Odds...
21:09:56 [DEBUG] [thun-lausanne-apuestas-35244305] → Extrayendo cuotas Match Odds...
21:09:59 [WARNING] ⟳ [atl%C3%A9tico-de-madrid-femenino-manchester-united] Match Odds incompletos (0/3), refrescando...
21:09:59 [DEBUG] [atl%C3%A9tico-de-madrid-fc-barcelona-apuestas-3523] → Extrayendo cuotas Over/Under...
21:09:59 [DEBUG] [brentford-arsenal-apuestas-35212180] → Extrayendo cuotas Over/Under...
21:09:59 [DEBUG] [sion-fc-basel-apuestas-35234028] → Extrayendo cuotas Over/Under...
21:09:59 [DEBUG] [thun-lausanne-apuestas-35244305] → Extrayendo cuotas Over/Under...
21:10:01 [DEBUG] [thun-lausanne-apuestas-35244305] → Extrayendo cuotas Resultado Correcto...
21:10:02 [DEBUG] [atl%C3%A9tico-de-madrid-fc-barcelona-apuestas-3523] → Extrayendo cuotas Resultado Correcto...
21:10:02 [DEBUG] [sion-fc-basel-apuestas-35234028] → Extrayendo cuotas Resultado Correcto...
21:10:02 [DEBUG] [brentford-arsenal-apuestas-35212180] → Extrayendo cuotas Resultado Correcto...
21:10:04 [DEBUG] [atl%C3%A9tico-de-madrid-fc-barcelona-apuestas-3523] → Extrayendo estadísticas del partido...
21:10:04 [DEBUG]   → Extrayendo eventId del HTML...
21:10:04 [DEBUG] [thun-lausanne-apuestas-35244305] → Extrayendo estadísticas del partido...
21:10:04 [DEBUG]   → Extrayendo eventId del HTML...
21:10:04 [DEBUG] Betfair event ID extraído del HTML: 35238124
21:10:04 [DEBUG] Consultando videoplayer: https://videoplayer.betfair.es/GetPlayer.do?eID=35238124&contentType=viz&contentView=mstats
21:10:04 [DEBUG] Betfair event ID extraído del HTML: 35244305
21:10:04 [DEBUG] Consultando videoplayer: https://videoplayer.betfair.es/GetPlayer.do?eID=35244305&contentType=viz&contentView=mstats
21:10:05 [DEBUG] [sion-fc-basel-apuestas-35234028] → Extrayendo estadísticas del partido...
21:10:05 [DEBUG]   → Extrayendo eventId del HTML...
21:10:05 [DEBUG] Betfair event ID extraído del HTML: 35234028
21:10:05 [DEBUG] Consultando videoplayer: https://videoplayer.betfair.es/GetPlayer.do?eID=35234028&contentType=viz&contentView=mstats
21:10:05 [DEBUG] [brentford-arsenal-apuestas-35212180] → Extrayendo estadísticas del partido...
21:10:05 [DEBUG]   → Extrayendo eventId del HTML...
21:10:05 [DEBUG] Betfair event ID extraído del HTML: 35212180
21:10:05 [DEBUG] Consultando videoplayer: https://videoplayer.betfair.es/GetPlayer.do?eID=35212180&contentType=viz&contentView=mstats
21:10:05 [INFO] EventId de Opta extraído: 1z8gknoiuoiuh7z1mto3je9ec
21:10:05 [DEBUG]   ✓ EventId extraído: 1z8gknoiuoiuh7z1mto3je9ec
21:10:05 [DEBUG]   → Obteniendo estadísticas de la API...
21:10:05 [INFO] 📊 Obteniendo todas las estadísticas para eventId: 1z8gknoiuoiuh7z1mto3je9ec
21:10:05 [INFO] EventId de Opta extraído: bp7jffdb5v1x5ksth1cngff2s
21:10:05 [DEBUG]   ✓ EventId extraído: bp7jffdb5v1x5ksth1cngff2s
21:10:05 [DEBUG]   → Obteniendo estadísticas de la API...
21:10:05 [INFO] 📊 Obteniendo todas las estadísticas para eventId: bp7jffdb5v1x5ksth1cngff2s
21:10:05 [INFO] EventId de Opta extraído: bomuidcdl673b8rje49cbj40k
21:10:05 [DEBUG]   ✓ EventId extraído: bomuidcdl673b8rje49cbj40k
21:10:05 [DEBUG]   → Obteniendo estadísticas de la API...
21:10:05 [INFO] 📊 Obteniendo todas las estadísticas para eventId: bomuidcdl673b8rje49cbj40k
21:10:05 [INFO] EventId de Opta extraído: 3ta3lmi2yhygyqebvoqytbf2s
21:10:05 [DEBUG]   ✓ EventId extraído: 3ta3lmi2yhygyqebvoqytbf2s
21:10:05 [DEBUG]   → Obteniendo estadísticas de la API...
21:10:05 [INFO] 📊 Obteniendo todas las estadísticas para eventId: 3ta3lmi2yhygyqebvoqytbf2s
21:10:06 [DEBUG] ✅ Summary stats obtenidas para bp7jffdb5v1x5ksth1cngff2s
21:10:06 [DEBUG] ✅ Summary stats obtenidas para 1z8gknoiuoiuh7z1mto3je9ec
21:10:06 [DEBUG] ✅ Summary stats obtenidas para bomuidcdl673b8rje49cbj40k
21:10:06 [DEBUG] ✅ Summary stats obtenidas para 3ta3lmi2yhygyqebvoqytbf2s
21:10:07 [DEBUG] No se encontró datos de momentum
21:10:07 [DEBUG] No se encontró datos de momentum
21:10:07 [DEBUG] No se encontró datos de momentum
21:10:07 [DEBUG] No se encontró datos de momentum
21:10:08 [DEBUG] No se encontró teamStatsAttackingLv
21:10:08 [DEBUG] No se encontró teamStatsAttackingLv
21:10:08 [DEBUG] No se encontró teamStatsAttackingLv
21:10:08 [DEBUG] No se encontró teamStatsAttackingLv
21:10:09 [DEBUG] No se encontró teamStatsDefenceLv
21:10:09 [DEBUG] No se encontró teamStatsDefenceLv
21:10:09 [DEBUG] No se encontró teamStatsDefenceLv
21:10:09 [DEBUG] No se encontró teamStatsDefenceLv
21:10:10 [DEBUG] No se encontró teamStatsXgLv ni xgData
21:10:10 [INFO] ✅ Estadísticas obtenidas: 1/5 endpoints
21:10:10 [DEBUG]   → Mapeando estadísticas...
21:10:10 [INFO]   ✓ Estadísticas capturadas vía API: 28/66 campos
21:10:10 [DEBUG]     → xG: 0.5154-0.0, Corners: 1-0
21:10:10 [DEBUG] [atl%C3%A9tico-de-madrid-fc-barcelona-apuestas-3523] → Extrayendo volumen matched...
21:10:10 [DEBUG] No se encontró teamStatsXgLv ni xgData
21:10:10 [INFO] ✅ Estadísticas obtenidas: 1/5 endpoints
21:10:10 [DEBUG]   → Mapeando estadísticas...
21:10:10 [INFO]   ✓ Estadísticas capturadas vía API: 28/66 campos
21:10:10 [DEBUG]     → xG: 1.0642-0.5771, Corners: 3-2
21:10:10 [DEBUG] [thun-lausanne-apuestas-35244305] → Extrayendo volumen matched...
21:10:10 [DEBUG] No se encontró teamStatsXgLv ni xgData
21:10:10 [INFO] ✅ Estadísticas obtenidas: 1/5 endpoints
21:10:10 [DEBUG]   → Mapeando estadísticas...
21:10:10 [INFO]   ✓ Estadísticas capturadas vía API: 28/66 campos
21:10:10 [DEBUG]     → xG: 0.7004-0.2047, Corners: 2-1
21:10:10 [DEBUG] [sion-fc-basel-apuestas-35234028] → Extrayendo volumen matched...
21:10:10 [DEBUG] No se encontró teamStatsXgLv ni xgData
21:10:10 [INFO] ✅ Estadísticas obtenidas: 1/5 endpoints
21:10:10 [DEBUG]   → Mapeando estadísticas...
21:10:10 [INFO]   ✓ Estadísticas capturadas vía API: 28/66 campos
21:10:10 [DEBUG]     → xG: 0.0-0.0, Corners: 1-1
21:10:10 [DEBUG] [brentford-arsenal-apuestas-35212180] → Extrayendo volumen matched...
21:10:13 [DEBUG] [wolfsburgo-femenino-juventus-fc-w-apuestas-3510554] → Extrayendo cuotas Match Odds...
21:10:14 [WARNING] ⟳ [wolfsburgo-femenino-juventus-fc-w-apuestas-3510554] Match Odds incompletos (0/3), refrescando...
21:10:23 [DEBUG] [atl%C3%A9tico-de-madrid-fc-barcelona-apuestas-3523] → Extrayendo momentum...
21:10:23 [DEBUG]   → Buscando URL del iframe de stats para Momentum...
21:10:23 [DEBUG] [thun-lausanne-apuestas-35244305] → Extrayendo momentum...
21:10:23 [DEBUG]   → Buscando URL del iframe de stats para Momentum...
21:10:23 [DEBUG] [sion-fc-basel-apuestas-35234028] → Extrayendo momentum...
21:10:23 [DEBUG]   → Buscando URL del iframe de stats para Momentum...
21:10:23 [DEBUG] [brentford-arsenal-apuestas-35212180] → Extrayendo momentum...
21:10:23 [DEBUG]   → Buscando URL del iframe de stats para Momentum...
21:10:27 [DEBUG] No se encontró banner de cookies (puede que ya esté aceptado)
21:10:28 [DEBUG]   × No se encontró URL del iframe de stats
21:10:28 [INFO] ✓ [atl%C3%A9tico-de-madrid-fc-barcelona-apuestas-3523] Captura exitosa: en_juego, min 8, 1-0
21:10:28 [DEBUG]   × No se encontró URL del iframe de stats
21:10:28 [INFO] ✓ [thun-lausanne-apuestas-35244305] Captura exitosa: en_juego, min 37, 2-0
21:10:30 [DEBUG]   × No se encontró URL del iframe de stats
21:10:30 [INFO] ✓ [sion-fc-basel-apuestas-35234028] Captura exitosa: en_juego, min 38, 0-0
21:10:30 [DEBUG]   × No se encontró URL del iframe de stats
21:10:30 [INFO] ✓ [brentford-arsenal-apuestas-35212180] Captura exitosa: en_juego, min 8, 0-0
21:10:39 [DEBUG] [atl%C3%A9tico-de-madrid-femenino-manchester-united] → Extrayendo cuotas Over/Under...
21:10:41 [DEBUG] [atl%C3%A9tico-de-madrid-femenino-manchester-united] → Extrayendo cuotas Resultado Correcto...
21:10:43 [DEBUG] No se encontró banner de cookies (puede que ya esté aceptado)
21:10:43 [DEBUG] [atl%C3%A9tico-de-madrid-femenino-manchester-united] → Extrayendo estadísticas del partido...
21:10:43 [DEBUG]   → Extrayendo eventId del HTML...
21:10:43 [DEBUG] Betfair event ID extraído del HTML: 35105541
21:10:43 [DEBUG] Consultando videoplayer: https://videoplayer.betfair.es/GetPlayer.do?eID=35105541&contentType=viz&contentView=mstats
21:10:44 [ERROR] Error consultando videoplayer endpoint: 404 Client Error:  for url: https://videoplayer.betfair.es/GetPlayer.do?eID=35105541&contentType=viz&contentView=mstats
21:10:44 [WARNING]   × No se pudo extraer eventId - partido sin estadísticas Opta
21:10:44 [INFO]   → Extrayendo stats del iframe (fallback): eID=35105541
21:10:57 [WARNING]   × Timeout esperando estadísticas básicas
21:10:57 [DEBUG]   → Extrayendo todas las estadísticas del iframe...
21:10:58 [DEBUG]     × 'Shots on target' no encontrado en DOM
21:10:59 [DEBUG]     × 'Shots off target' no encontrado en DOM
21:11:00 [DEBUG]     × 'Shots blocked' no encontrado en DOM
21:11:01 [DEBUG]     × 'Corner kicks' no encontrado en DOM
21:11:02 [DEBUG] [wolfsburgo-femenino-juventus-fc-w-apuestas-3510554] → Extrayendo cuotas Over/Under...
21:11:03 [DEBUG] [wolfsburgo-femenino-juventus-fc-w-apuestas-3510554] → Extrayendo cuotas Resultado Correcto...
21:11:04 [DEBUG] [wolfsburgo-femenino-juventus-fc-w-apuestas-3510554] → Extrayendo estadísticas del partido...
21:11:04 [DEBUG]   → Extrayendo eventId del HTML...
21:11:04 [DEBUG] Betfair event ID extraído de la URL: 35105544
21:11:04 [DEBUG] Consultando videoplayer: https://videoplayer.betfair.es/GetPlayer.do?eID=35105544&contentType=viz&contentView=mstats
21:11:04 [DEBUG]     × 'Dangerous Attack' no encontrado en DOM
21:11:05 [ERROR] Error consultando videoplayer endpoint: 404 Client Error:  for url: https://videoplayer.betfair.es/GetPlayer.do?eID=35105544&contentType=viz&contentView=mstats
21:11:05 [WARNING]   × No se pudo extraer eventId - partido sin estadísticas Opta
21:11:05 [INFO]   → Extrayendo stats del iframe (fallback): eID=35105544
21:11:05 [DEBUG]     × 'Free kicks' no encontrado en DOM
21:11:06 [DEBUG]     × 'Offsides' no encontrado en DOM
21:11:07 [DEBUG]     × 'Goal kicks' no encontrado en DOM
21:11:08 [DEBUG]     × 'Saves' no encontrado en DOM
21:11:09 [DEBUG]     × 'Throw-ins' no encontrado en DOM
21:11:10 [DEBUG]     × 'Substitutions' no encontrado en DOM
21:11:11 [DEBUG]     × 'Injuries' no encontrado en DOM
21:11:12 [DEBUG]     × 'Fouls' no encontrado en DOM
21:11:12 [WARNING]   × Fallback iframe no encontró estadísticas
21:11:13 [DEBUG] [atl%C3%A9tico-de-madrid-femenino-manchester-united] → Extrayendo volumen matched...
21:11:19 [WARNING]   × Timeout esperando estadísticas básicas
21:11:19 [DEBUG]   → Extrayendo todas las estadísticas del iframe...
21:11:20 [DEBUG]     × 'Shots on target' no encontrado en DOM
21:11:21 [DEBUG]     × 'Shots off target' no encontrado en DOM
21:11:22 [DEBUG]     × 'Shots blocked' no encontrado en DOM
21:11:23 [DEBUG]     × 'Corner kicks' no encontrado en DOM
21:11:25 [DEBUG] [atl%C3%A9tico-de-madrid-femenino-manchester-united] → Extrayendo momentum...
21:11:25 [DEBUG]   → Buscando URL del iframe de stats para Momentum...
21:11:26 [DEBUG]     × 'Dangerous Attack' no encontrado en DOM
21:11:27 [DEBUG]     × 'Free kicks' no encontrado en DOM
21:11:27 [DEBUG]   × No se encontró URL del iframe de stats
21:11:27 [INFO] ✓ [atl%C3%A9tico-de-madrid-femenino-manchester-united] Captura exitosa: en_juego, min 9, 0-1
21:11:28 [DEBUG]     × 'Offsides' no encontrado en DOM
21:11:29 [DEBUG]     × 'Goal kicks' no encontrado en DOM
21:11:30 [DEBUG]     × 'Saves' no encontrado en DOM
21:11:31 [DEBUG]     × 'Throw-ins' no encontrado en DOM
21:11:32 [DEBUG]     × 'Substitutions' no encontrado en DOM
21:11:33 [DEBUG]     × 'Injuries' no encontrado en DOM
21:11:34 [DEBUG]     × 'Fouls' no encontrado en DOM
21:11:34 [WARNING]   × Fallback iframe no encontró estadísticas
21:11:35 [DEBUG] [wolfsburgo-femenino-juventus-fc-w-apuestas-3510554] → Extrayendo volumen matched...
21:11:47 [DEBUG] [wolfsburgo-femenino-juventus-fc-w-apuestas-3510554] → Extrayendo momentum...
21:11:47 [DEBUG]   → Buscando URL del iframe de stats para Momentum...
21:11:54 [DEBUG]   × No se encontró URL del iframe de stats
21:11:54 [INFO] ✓ [wolfsburgo-femenino-juventus-fc-w-apuestas-3510554] Captura exitosa: pre_partido, min , -
21:11:54 [INFO] ✓ Captura paralela completada en 126.6s (6/6 exitosos)
21:11:54 [WARNING] Ciclo tardó 126.6s (> 30s). Iniciando siguiente ciclo inmediatamente.
21:11:54 [INFO] 
--- Ciclo #4 ---
21:11:54 [INFO] 📸 Capturando 6 partidos en paralelo...
21:11:54 [DEBUG] ✓ Actualizar clickeado: atl%C3%A9tico-de-madrid-femenino-manchester-united
21:11:54 [DEBUG] ✓ Actualizar clickeado: sion-fc-basel-apuestas-35234028
21:11:54 [DEBUG] ✓ Actualizar clickeado: atl%C3%A9tico-de-madrid-fc-barcelona-apuestas-3523
21:11:54 [DEBUG] ✓ Actualizar clickeado: brentford-arsenal-apuestas-35212180
21:11:54 [DEBUG] ✓ Actualizar clickeado: thun-lausanne-apuestas-35244305
21:11:54 [DEBUG] [atl%C3%A9tico-de-madrid-femenino-manchester-united] → Extrayendo información del partido...
21:11:55 [DEBUG] [sion-fc-basel-apuestas-35234028] → Extrayendo información del partido...
21:11:55 [DEBUG] [atl%C3%A9tico-de-madrid-fc-barcelona-apuestas-3523] → Extrayendo información del partido...
21:11:55 [DEBUG] [brentford-arsenal-apuestas-35212180] → Extrayendo información del partido...
21:11:55 [DEBUG] [thun-lausanne-apuestas-35244305] → Extrayendo información del partido...
21:12:02 [DEBUG] [wolfsburgo-femenino-juventus-fc-w-apuestas-3510554] → Extrayendo información del partido...
21:12:03 [DEBUG] [atl%C3%A9tico-de-madrid-fc-barcelona-apuestas-3523] → Extrayendo cuotas Match Odds...
21:12:03 [DEBUG] [sion-fc-basel-apuestas-35234028] → Extrayendo cuotas Match Odds...
21:12:03 [DEBUG] [brentford-arsenal-apuestas-35212180] → Extrayendo cuotas Match Odds...
21:12:03 [DEBUG] [atl%C3%A9tico-de-madrid-femenino-manchester-united] → Extrayendo cuotas Match Odds...
21:12:03 [DEBUG] [thun-lausanne-apuestas-35244305] → Extrayendo cuotas Match Odds...
21:12:05 [DEBUG] [atl%C3%A9tico-de-madrid-fc-barcelona-apuestas-3523] → Extrayendo cuotas Over/Under...
21:12:05 [DEBUG] [sion-fc-basel-apuestas-35234028] → Extrayendo cuotas Over/Under...
21:12:05 [WARNING] ⟳ [atl%C3%A9tico-de-madrid-femenino-manchester-united] Match Odds incompletos (0/3), refrescando...
21:12:05 [DEBUG] [brentford-arsenal-apuestas-35212180] → Extrayendo cuotas Over/Under...
21:12:05 [DEBUG] [thun-lausanne-apuestas-35244305] → Extrayendo cuotas Over/Under...
21:12:08 [DEBUG] [sion-fc-basel-apuestas-35234028] → Extrayendo cuotas Resultado Correcto...
21:12:08 [DEBUG] [thun-lausanne-apuestas-35244305] → Extrayendo cuotas Resultado Correcto...
21:12:08 [DEBUG] [atl%C3%A9tico-de-madrid-fc-barcelona-apuestas-3523] → Extrayendo cuotas Resultado Correcto...
21:12:09 [DEBUG] [brentford-arsenal-apuestas-35212180] → Extrayendo cuotas Resultado Correcto...
21:12:12 [DEBUG] [sion-fc-basel-apuestas-35234028] → Extrayendo estadísticas del partido...
21:12:12 [DEBUG]   → Extrayendo eventId del HTML...
21:12:12 [DEBUG] Betfair event ID extraído del HTML: 35234028
21:12:12 [DEBUG] Consultando videoplayer: https://videoplayer.betfair.es/GetPlayer.do?eID=35234028&contentType=viz&contentView=mstats
21:12:12 [DEBUG] [thun-lausanne-apuestas-35244305] → Extrayendo estadísticas del partido...
21:12:12 [DEBUG]   → Extrayendo eventId del HTML...
21:12:12 [DEBUG] Betfair event ID extraído del HTML: 35244305
21:12:12 [DEBUG] Consultando videoplayer: https://videoplayer.betfair.es/GetPlayer.do?eID=35244305&contentType=viz&contentView=mstats
21:12:12 [DEBUG] [atl%C3%A9tico-de-madrid-fc-barcelona-apuestas-3523] → Extrayendo estadísticas del partido...
21:12:12 [DEBUG]   → Extrayendo eventId del HTML...
21:12:12 [DEBUG] Betfair event ID extraído del HTML: 35238124
21:12:12 [DEBUG] Consultando videoplayer: https://videoplayer.betfair.es/GetPlayer.do?eID=35238124&contentType=viz&contentView=mstats
21:12:12 [DEBUG] [brentford-arsenal-apuestas-35212180] → Extrayendo estadísticas del partido...
21:12:12 [DEBUG]   → Extrayendo eventId del HTML...
21:12:12 [DEBUG] Betfair event ID extraído del HTML: 35212180
21:12:12 [DEBUG] Consultando videoplayer: https://videoplayer.betfair.es/GetPlayer.do?eID=35212180&contentType=viz&contentView=mstats
21:12:13 [INFO] EventId de Opta extraído: bomuidcdl673b8rje49cbj40k
21:12:13 [DEBUG]   ✓ EventId extraído: bomuidcdl673b8rje49cbj40k
21:12:13 [DEBUG]   → Obteniendo estadísticas de la API...
21:12:13 [INFO] 📊 Obteniendo todas las estadísticas para eventId: bomuidcdl673b8rje49cbj40k
21:12:13 [INFO] EventId de Opta extraído: bp7jffdb5v1x5ksth1cngff2s
21:12:13 [DEBUG]   ✓ EventId extraído: bp7jffdb5v1x5ksth1cngff2s
21:12:13 [DEBUG]   → Obteniendo estadísticas de la API...
21:12:13 [INFO] 📊 Obteniendo todas las estadísticas para eventId: bp7jffdb5v1x5ksth1cngff2s
21:12:13 [INFO] EventId de Opta extraído: 1z8gknoiuoiuh7z1mto3je9ec
21:12:13 [DEBUG]   ✓ EventId extraído: 1z8gknoiuoiuh7z1mto3je9ec
21:12:13 [DEBUG]   → Obteniendo estadísticas de la API...
21:12:13 [INFO] 📊 Obteniendo todas las estadísticas para eventId: 1z8gknoiuoiuh7z1mto3je9ec
21:12:13 [INFO] EventId de Opta extraído: 3ta3lmi2yhygyqebvoqytbf2s
21:12:13 [DEBUG]   ✓ EventId extraído: 3ta3lmi2yhygyqebvoqytbf2s
21:12:13 [DEBUG]   → Obteniendo estadísticas de la API...
21:12:13 [INFO] 📊 Obteniendo todas las estadísticas para eventId: 3ta3lmi2yhygyqebvoqytbf2s
21:12:14 [DEBUG] ✅ Summary stats obtenidas para bomuidcdl673b8rje49cbj40k
21:12:14 [DEBUG] ✅ Summary stats obtenidas para bp7jffdb5v1x5ksth1cngff2s
21:12:14 [DEBUG] ✅ Summary stats obtenidas para 1z8gknoiuoiuh7z1mto3je9ec
21:12:14 [DEBUG] ✅ Summary stats obtenidas para 3ta3lmi2yhygyqebvoqytbf2s
21:12:15 [DEBUG] No se encontró datos de momentum
21:12:15 [DEBUG] No se encontró datos de momentum
21:12:15 [DEBUG] No se encontró datos de momentum
21:12:16 [DEBUG] No se encontró datos de momentum
21:12:17 [DEBUG] No se encontró teamStatsAttackingLv
21:12:17 [DEBUG] No se encontró teamStatsAttackingLv
21:12:17 [DEBUG] No se encontró teamStatsAttackingLv
21:12:17 [DEBUG] No se encontró teamStatsAttackingLv
21:12:18 [DEBUG] No se encontró teamStatsDefenceLv
21:12:18 [DEBUG] No se encontró teamStatsDefenceLv
21:12:18 [DEBUG] No se encontró teamStatsDefenceLv
21:12:18 [DEBUG] No se encontró teamStatsDefenceLv
21:12:19 [DEBUG] [wolfsburgo-femenino-juventus-fc-w-apuestas-3510554] → Extrayendo cuotas Match Odds...
21:12:19 [DEBUG] No se encontró teamStatsXgLv ni xgData
21:12:19 [INFO] ✅ Estadísticas obtenidas: 1/5 endpoints
21:12:19 [DEBUG]   → Mapeando estadísticas...
21:12:19 [INFO]   ✓ Estadísticas capturadas vía API: 28/66 campos
21:12:19 [DEBUG]     → xG: 1.1378-0.5771, Corners: 3-2
21:12:19 [DEBUG] [thun-lausanne-apuestas-35244305] → Extrayendo volumen matched...
21:12:19 [DEBUG] No se encontró teamStatsXgLv ni xgData
21:12:19 [INFO] ✅ Estadísticas obtenidas: 1/5 endpoints
21:12:19 [DEBUG] No se encontró teamStatsXgLv ni xgData
21:12:19 [DEBUG]   → Mapeando estadísticas...
21:12:19 [INFO] ✅ Estadísticas obtenidas: 1/5 endpoints
21:12:19 [INFO]   ✓ Estadísticas capturadas vía API: 28/66 campos
21:12:19 [DEBUG]   → Mapeando estadísticas...
21:12:19 [DEBUG]     → xG: 0.7004-0.2878, Corners: 2-1
21:12:19 [INFO]   ✓ Estadísticas capturadas vía API: 28/66 campos
21:12:19 [DEBUG] [sion-fc-basel-apuestas-35234028] → Extrayendo volumen matched...
21:12:19 [DEBUG]     → xG: 0.5154-0.0, Corners: 1-1
21:12:19 [DEBUG] [atl%C3%A9tico-de-madrid-fc-barcelona-apuestas-3523] → Extrayendo volumen matched...
21:12:19 [DEBUG] No se encontró teamStatsXgLv ni xgData
21:12:19 [INFO] ✅ Estadísticas obtenidas: 1/5 endpoints
21:12:19 [DEBUG]   → Mapeando estadísticas...
21:12:19 [INFO]   ✓ Estadísticas capturadas vía API: 28/66 campos
21:12:19 [DEBUG]     → xG: 0.0-0.1182, Corners: 1-2
21:12:19 [DEBUG] [brentford-arsenal-apuestas-35212180] → Extrayendo volumen matched...
21:12:20 [WARNING] ⟳ [wolfsburgo-femenino-juventus-fc-w-apuestas-3510554] Match Odds incompletos (0/3), refrescando...
21:12:32 [DEBUG] [thun-lausanne-apuestas-35244305] → Extrayendo momentum...
21:12:32 [DEBUG]   → Buscando URL del iframe de stats para Momentum...
21:12:32 [DEBUG] [sion-fc-basel-apuestas-35234028] → Extrayendo momentum...
21:12:32 [DEBUG] [atl%C3%A9tico-de-madrid-fc-barcelona-apuestas-3523] → Extrayendo momentum...
21:12:32 [DEBUG]   → Buscando URL del iframe de stats para Momentum...
21:12:32 [DEBUG]   → Buscando URL del iframe de stats para Momentum...
21:12:32 [DEBUG] [brentford-arsenal-apuestas-35212180] → Extrayendo momentum...
21:12:32 [DEBUG]   → Buscando URL del iframe de stats para Momentum...
21:12:34 [DEBUG] No se encontró banner de cookies (puede que ya esté aceptado)
21:12:38 [DEBUG]   × No se encontró URL del iframe de stats
21:12:38 [INFO] ✓ [thun-lausanne-apuestas-35244305] Captura exitosa: en_juego, min 39, 2-0
21:12:38 [DEBUG]   × No se encontró URL del iframe de stats
21:12:38 [INFO] ✓ [atl%C3%A9tico-de-madrid-fc-barcelona-apuestas-3523] Captura exitosa: en_juego, min 10, 1-0
21:12:39 [DEBUG]   × No se encontró URL del iframe de stats
21:12:39 [INFO] ✓ [sion-fc-basel-apuestas-35234028] Captura exitosa: en_juego, min 41, 0-0
21:12:39 [DEBUG]   × No se encontró URL del iframe de stats
21:12:39 [INFO] ✓ [brentford-arsenal-apuestas-35212180] Captura exitosa: en_juego, min 11, 0-0
21:12:46 [DEBUG] [atl%C3%A9tico-de-madrid-femenino-manchester-united] → Extrayendo cuotas Over/Under...
21:12:48 [DEBUG] [atl%C3%A9tico-de-madrid-femenino-manchester-united] → Extrayendo cuotas Resultado Correcto...
21:12:49 [DEBUG] No se encontró banner de cookies (puede que ya esté aceptado)
21:12:50 [DEBUG] [atl%C3%A9tico-de-madrid-femenino-manchester-united] → Extrayendo estadísticas del partido...
21:12:50 [DEBUG]   → Extrayendo eventId del HTML...
21:12:50 [DEBUG] Betfair event ID extraído del HTML: 35105541
21:12:50 [DEBUG] Consultando videoplayer: https://videoplayer.betfair.es/GetPlayer.do?eID=35105541&contentType=viz&contentView=mstats
21:12:50 [ERROR] Error consultando videoplayer endpoint: 404 Client Error:  for url: https://videoplayer.betfair.es/GetPlayer.do?eID=35105541&contentType=viz&contentView=mstats
21:12:50 [WARNING]   × No se pudo extraer eventId - partido sin estadísticas Opta
21:12:50 [INFO]   → Extrayendo stats del iframe (fallback): eID=35105541
21:13:04 [WARNING]   × Timeout esperando estadísticas básicas
21:13:04 [DEBUG]   → Extrayendo todas las estadísticas del iframe...
21:13:05 [DEBUG]     × 'Shots on target' no encontrado en DOM
21:13:06 [DEBUG]     × 'Shots off target' no encontrado en DOM
21:13:07 [DEBUG]     × 'Shots blocked' no encontrado en DOM
21:13:08 [DEBUG]     × 'Corner kicks' no encontrado en DOM
21:13:09 [DEBUG] [wolfsburgo-femenino-juventus-fc-w-apuestas-3510554] → Extrayendo cuotas Over/Under...
21:13:10 [DEBUG] [wolfsburgo-femenino-juventus-fc-w-apuestas-3510554] → Extrayendo cuotas Resultado Correcto...
21:13:11 [DEBUG]     × 'Dangerous Attack' no encontrado en DOM
21:13:11 [DEBUG] [wolfsburgo-femenino-juventus-fc-w-apuestas-3510554] → Extrayendo estadísticas del partido...
21:13:11 [DEBUG]   → Extrayendo eventId del HTML...
21:13:11 [DEBUG] Betfair event ID extraído de la URL: 35105544
21:13:11 [DEBUG] Consultando videoplayer: https://videoplayer.betfair.es/GetPlayer.do?eID=35105544&contentType=viz&contentView=mstats
21:13:12 [ERROR] Error consultando videoplayer endpoint: 404 Client Error:  for url: https://videoplayer.betfair.es/GetPlayer.do?eID=35105544&contentType=viz&contentView=mstats
21:13:12 [WARNING]   × No se pudo extraer eventId - partido sin estadísticas Opta
21:13:12 [INFO]   → Extrayendo stats del iframe (fallback): eID=35105544
21:13:12 [DEBUG]     × 'Free kicks' no encontrado en DOM
21:13:13 [DEBUG]     × 'Offsides' no encontrado en DOM
21:13:14 [DEBUG]     × 'Goal kicks' no encontrado en DOM
21:13:15 [DEBUG]     × 'Saves' no encontrado en DOM
21:13:16 [DEBUG]     × 'Throw-ins' no encontrado en DOM
21:13:17 [DEBUG]     × 'Substitutions' no encontrado en DOM
21:13:18 [DEBUG]     × 'Injuries' no encontrado en DOM
21:13:19 [DEBUG]     × 'Fouls' no encontrado en DOM
21:13:19 [WARNING]   × Fallback iframe no encontró estadísticas
21:13:19 [DEBUG] [atl%C3%A9tico-de-madrid-femenino-manchester-united] → Extrayendo volumen matched...
21:13:26 [WARNING]   × Timeout esperando estadísticas básicas
21:13:26 [DEBUG]   → Extrayendo todas las estadísticas del iframe...
21:13:27 [DEBUG]     × 'Shots on target' no encontrado en DOM
21:13:28 [DEBUG]     × 'Shots off target' no encontrado en DOM
21:13:29 [DEBUG]     × 'Shots blocked' no encontrado en DOM
21:13:30 [DEBUG]     × 'Corner kicks' no encontrado en DOM
21:13:32 [DEBUG] [atl%C3%A9tico-de-madrid-femenino-manchester-united] → Extrayendo momentum...
21:13:32 [DEBUG]   → Buscando URL del iframe de stats para Momentum...
21:13:33 [DEBUG]     × 'Dangerous Attack' no encontrado en DOM
21:13:34 [DEBUG]     × 'Free kicks' no encontrado en DOM
21:13:34 [DEBUG]   × No se encontró URL del iframe de stats
21:13:34 [INFO] ✓ [atl%C3%A9tico-de-madrid-femenino-manchester-united] Captura exitosa: en_juego, min 11, 0-1
21:13:35 [DEBUG]     × 'Offsides' no encontrado en DOM
21:13:36 [DEBUG]     × 'Goal kicks' no encontrado en DOM
21:13:37 [DEBUG]     × 'Saves' no encontrado en DOM
21:13:38 [DEBUG]     × 'Throw-ins' no encontrado en DOM
21:13:39 [DEBUG]     × 'Substitutions' no encontrado en DOM
21:13:40 [DEBUG]     × 'Injuries' no encontrado en DOM
21:13:41 [DEBUG]     × 'Fouls' no encontrado en DOM
21:13:41 [WARNING]   × Fallback iframe no encontró estadísticas
21:13:41 [DEBUG] [wolfsburgo-femenino-juventus-fc-w-apuestas-3510554] → Extrayendo volumen matched...
21:13:54 [DEBUG] [wolfsburgo-femenino-juventus-fc-w-apuestas-3510554] → Extrayendo momentum...
21:13:54 [DEBUG]   → Buscando URL del iframe de stats para Momentum...
21:14:00 [DEBUG]   × No se encontró URL del iframe de stats
21:14:00 [INFO] ✓ [wolfsburgo-femenino-juventus-fc-w-apuestas-3510554] Captura exitosa: pre_partido, min , -
21:14:00 [INFO] ✓ Captura paralela completada en 126.6s (6/6 exitosos)
21:14:00 [WARNING] Ciclo tardó 126.6s (> 30s). Iniciando siguiente ciclo inmediatamente.
21:14:00 [INFO] 
--- Ciclo #5 ---
21:14:00 [INFO] 📸 Capturando 6 partidos en paralelo...
21:14:01 [DEBUG] ✓ Actualizar clickeado: atl%C3%A9tico-de-madrid-femenino-manchester-united
21:14:01 [DEBUG] ✓ Actualizar clickeado: atl%C3%A9tico-de-madrid-fc-barcelona-apuestas-3523
21:14:01 [DEBUG] ✓ Actualizar clickeado: thun-lausanne-apuestas-35244305
21:14:01 [DEBUG] ✓ Actualizar clickeado: sion-fc-basel-apuestas-35234028
21:14:01 [DEBUG] ✓ Actualizar clickeado: brentford-arsenal-apuestas-35212180
21:14:01 [DEBUG] [atl%C3%A9tico-de-madrid-femenino-manchester-united] → Extrayendo información del partido...
21:14:01 [DEBUG] [atl%C3%A9tico-de-madrid-fc-barcelona-apuestas-3523] → Extrayendo información del partido...
21:14:01 [DEBUG] [thun-lausanne-apuestas-35244305] → Extrayendo información del partido...
21:14:01 [DEBUG] [sion-fc-basel-apuestas-35234028] → Extrayendo información del partido...
21:14:01 [DEBUG] [brentford-arsenal-apuestas-35212180] → Extrayendo información del partido...
21:14:08 [DEBUG] [wolfsburgo-femenino-juventus-fc-w-apuestas-3510554] → Extrayendo información del partido...
21:14:09 [DEBUG] [thun-lausanne-apuestas-35244305] → Extrayendo cuotas Match Odds...
21:14:09 [DEBUG] [atl%C3%A9tico-de-madrid-femenino-manchester-united] → Extrayendo cuotas Match Odds...
21:14:09 [DEBUG] [brentford-arsenal-apuestas-35212180] → Extrayendo cuotas Match Odds...
21:14:09 [DEBUG] [sion-fc-basel-apuestas-35234028] → Extrayendo cuotas Match Odds...
21:14:09 [DEBUG] [atl%C3%A9tico-de-madrid-fc-barcelona-apuestas-3523] → Extrayendo cuotas Match Odds...
21:14:12 [DEBUG] [atl%C3%A9tico-de-madrid-femenino-manchester-united] → Extrayendo cuotas Over/Under...
21:14:12 [DEBUG] [brentford-arsenal-apuestas-35212180] → Extrayendo cuotas Over/Under...
21:14:12 [DEBUG] [thun-lausanne-apuestas-35244305] → Extrayendo cuotas Over/Under...
21:14:12 [DEBUG] [sion-fc-basel-apuestas-35234028] → Extrayendo cuotas Over/Under...
21:14:12 [DEBUG] [atl%C3%A9tico-de-madrid-fc-barcelona-apuestas-3523] → Extrayendo cuotas Over/Under...
21:14:14 [DEBUG] [atl%C3%A9tico-de-madrid-femenino-manchester-united] → Extrayendo cuotas Resultado Correcto...
21:14:15 [DEBUG] [thun-lausanne-apuestas-35244305] → Extrayendo cuotas Resultado Correcto...
21:14:15 [DEBUG] [sion-fc-basel-apuestas-35234028] → Extrayendo cuotas Resultado Correcto...
21:14:15 [DEBUG] [brentford-arsenal-apuestas-35212180] → Extrayendo cuotas Resultado Correcto...
21:14:15 [DEBUG] [atl%C3%A9tico-de-madrid-fc-barcelona-apuestas-3523] → Extrayendo cuotas Resultado Correcto...
21:14:16 [DEBUG] [atl%C3%A9tico-de-madrid-femenino-manchester-united] → Extrayendo estadísticas del partido...
21:14:16 [DEBUG]   → Extrayendo eventId del HTML...
21:14:16 [DEBUG] Betfair event ID extraído del HTML: 35105541
21:14:16 [DEBUG] Consultando videoplayer: https://videoplayer.betfair.es/GetPlayer.do?eID=35105541&contentType=viz&contentView=mstats
21:14:17 [ERROR] Error consultando videoplayer endpoint: 404 Client Error:  for url: https://videoplayer.betfair.es/GetPlayer.do?eID=35105541&contentType=viz&contentView=mstats
21:14:17 [WARNING]   × No se pudo extraer eventId - partido sin estadísticas Opta
21:14:17 [INFO]   → Extrayendo stats del iframe (fallback): eID=35105541
21:14:18 [DEBUG] [thun-lausanne-apuestas-35244305] → Extrayendo estadísticas del partido...
21:14:18 [DEBUG]   → Extrayendo eventId del HTML...
21:14:18 [DEBUG] Betfair event ID extraído del HTML: 35244305
21:14:18 [DEBUG] Consultando videoplayer: https://videoplayer.betfair.es/GetPlayer.do?eID=35244305&contentType=viz&contentView=mstats
21:14:18 [DEBUG] [sion-fc-basel-apuestas-35234028] → Extrayendo estadísticas del partido...
21:14:18 [DEBUG]   → Extrayendo eventId del HTML...
21:14:18 [DEBUG] [atl%C3%A9tico-de-madrid-fc-barcelona-apuestas-3523] → Extrayendo estadísticas del partido...
21:14:18 [DEBUG]   → Extrayendo eventId del HTML...
21:14:18 [DEBUG] Betfair event ID extraído del HTML: 35234028
21:14:18 [DEBUG] Consultando videoplayer: https://videoplayer.betfair.es/GetPlayer.do?eID=35234028&contentType=viz&contentView=mstats
21:14:19 [DEBUG] Betfair event ID extraído del HTML: 35238124
21:14:19 [DEBUG] Consultando videoplayer: https://videoplayer.betfair.es/GetPlayer.do?eID=35238124&contentType=viz&contentView=mstats
21:14:19 [DEBUG] [brentford-arsenal-apuestas-35212180] → Extrayendo estadísticas del partido...
21:14:19 [DEBUG]   → Extrayendo eventId del HTML...
21:14:19 [DEBUG] Betfair event ID extraído del HTML: 35212180
21:14:19 [DEBUG] Consultando videoplayer: https://videoplayer.betfair.es/GetPlayer.do?eID=35212180&contentType=viz&contentView=mstats
21:14:19 [INFO] EventId de Opta extraído: bp7jffdb5v1x5ksth1cngff2s
21:14:19 [DEBUG]   ✓ EventId extraído: bp7jffdb5v1x5ksth1cngff2s
21:14:19 [DEBUG]   → Obteniendo estadísticas de la API...
21:14:19 [INFO] 📊 Obteniendo todas las estadísticas para eventId: bp7jffdb5v1x5ksth1cngff2s
21:14:19 [INFO] EventId de Opta extraído: 1z8gknoiuoiuh7z1mto3je9ec
21:14:19 [DEBUG]   ✓ EventId extraído: 1z8gknoiuoiuh7z1mto3je9ec
21:14:19 [DEBUG]   → Obteniendo estadísticas de la API...
21:14:19 [INFO] 📊 Obteniendo todas las estadísticas para eventId: 1z8gknoiuoiuh7z1mto3je9ec
21:14:19 [INFO] EventId de Opta extraído: bomuidcdl673b8rje49cbj40k
21:14:19 [DEBUG]   ✓ EventId extraído: bomuidcdl673b8rje49cbj40k
21:14:19 [DEBUG]   → Obteniendo estadísticas de la API...
21:14:19 [INFO] 📊 Obteniendo todas las estadísticas para eventId: bomuidcdl673b8rje49cbj40k
21:14:19 [INFO] EventId de Opta extraído: 3ta3lmi2yhygyqebvoqytbf2s
21:14:19 [DEBUG]   ✓ EventId extraído: 3ta3lmi2yhygyqebvoqytbf2s
21:14:19 [DEBUG]   → Obteniendo estadísticas de la API...
21:14:19 [INFO] 📊 Obteniendo todas las estadísticas para eventId: 3ta3lmi2yhygyqebvoqytbf2s
21:14:20 [DEBUG] ✅ Summary stats obtenidas para bp7jffdb5v1x5ksth1cngff2s
21:14:20 [DEBUG] ✅ Summary stats obtenidas para 1z8gknoiuoiuh7z1mto3je9ec
21:14:20 [DEBUG] ✅ Summary stats obtenidas para bomuidcdl673b8rje49cbj40k
21:14:20 [DEBUG] ✅ Summary stats obtenidas para 3ta3lmi2yhygyqebvoqytbf2s
21:14:21 [DEBUG] No se encontró datos de momentum
21:14:21 [DEBUG] No se encontró datos de momentum
21:14:21 [DEBUG] No se encontró datos de momentum
21:14:22 [DEBUG] No se encontró datos de momentum
21:14:22 [DEBUG] No se encontró teamStatsAttackingLv
21:14:23 [DEBUG] No se encontró teamStatsAttackingLv
21:14:23 [DEBUG] No se encontró teamStatsAttackingLv
21:14:23 [DEBUG] No se encontró teamStatsAttackingLv
21:14:23 [DEBUG] No se encontró teamStatsDefenceLv
21:14:24 [DEBUG] No se encontró teamStatsDefenceLv
21:14:24 [DEBUG] No se encontró teamStatsDefenceLv
21:14:24 [DEBUG] No se encontró teamStatsDefenceLv
21:14:25 [DEBUG] No se encontró teamStatsXgLv ni xgData
21:14:25 [INFO] ✅ Estadísticas obtenidas: 1/5 endpoints
21:14:25 [DEBUG]   → Mapeando estadísticas...
21:14:25 [INFO]   ✓ Estadísticas capturadas vía API: 28/66 campos
21:14:25 [DEBUG]     → xG: 1.1378-0.6018, Corners: 3-2
21:14:25 [DEBUG] [thun-lausanne-apuestas-35244305] → Extrayendo volumen matched...
21:14:25 [DEBUG] No se encontró teamStatsXgLv ni xgData
21:14:25 [INFO] ✅ Estadísticas obtenidas: 1/5 endpoints
21:14:25 [DEBUG]   → Mapeando estadísticas...
21:14:25 [INFO]   ✓ Estadísticas capturadas vía API: 28/66 campos
21:14:25 [DEBUG]     → xG: 0.0-0.1182, Corners: 1-2
21:14:25 [DEBUG] [brentford-arsenal-apuestas-35212180] → Extrayendo volumen matched...
21:14:25 [DEBUG] No se encontró teamStatsXgLv ni xgData
21:14:25 [INFO] ✅ Estadísticas obtenidas: 1/5 endpoints
21:14:25 [DEBUG]   → Mapeando estadísticas...
21:14:25 [INFO]   ✓ Estadísticas capturadas vía API: 28/66 campos
21:14:25 [DEBUG]     → xG: 0.7004-0.2878, Corners: 2-1
21:14:25 [DEBUG] [sion-fc-basel-apuestas-35234028] → Extrayendo volumen matched...
21:14:25 [DEBUG] No se encontró teamStatsXgLv ni xgData
21:14:25 [INFO] ✅ Estadísticas obtenidas: 1/5 endpoints
21:14:25 [DEBUG]   → Mapeando estadísticas...
21:14:25 [INFO]   ✓ Estadísticas capturadas vía API: 28/66 campos
21:14:25 [DEBUG]     → xG: 0.5154-0.0, Corners: 1-1
21:14:25 [DEBUG] [atl%C3%A9tico-de-madrid-fc-barcelona-apuestas-3523] → Extrayendo volumen matched...
21:14:26 [DEBUG] [wolfsburgo-femenino-juventus-fc-w-apuestas-3510554] → Extrayendo cuotas Match Odds...
21:14:27 [WARNING] ⟳ [wolfsburgo-femenino-juventus-fc-w-apuestas-3510554] Match Odds incompletos (0/3), refrescando...
21:14:30 [WARNING]   × Timeout esperando estadísticas básicas
21:14:30 [DEBUG]   → Extrayendo todas las estadísticas del iframe...
21:14:31 [DEBUG]     × 'Shots on target' no encontrado en DOM
21:14:32 [DEBUG]     × 'Shots off target' no encontrado en DOM
21:14:33 [DEBUG]     × 'Shots blocked' no encontrado en DOM
21:14:34 [DEBUG]     × 'Corner kicks' no encontrado en DOM
21:14:37 [DEBUG]     × 'Dangerous Attack' no encontrado en DOM
21:14:37 [DEBUG] [thun-lausanne-apuestas-35244305] → Extrayendo momentum...
21:14:37 [DEBUG]   → Buscando URL del iframe de stats para Momentum...
21:14:38 [DEBUG] [brentford-arsenal-apuestas-35212180] → Extrayendo momentum...
21:14:38 [DEBUG]   → Buscando URL del iframe de stats para Momentum...
21:14:38 [DEBUG] [sion-fc-basel-apuestas-35234028] → Extrayendo momentum...
21:14:38 [DEBUG]   → Buscando URL del iframe de stats para Momentum...
21:14:38 [DEBUG] [atl%C3%A9tico-de-madrid-fc-barcelona-apuestas-3523] → Extrayendo momentum...
21:14:38 [DEBUG]   → Buscando URL del iframe de stats para Momentum...
21:14:38 [DEBUG]     × 'Free kicks' no encontrado en DOM
21:14:39 [DEBUG]     × 'Offsides' no encontrado en DOM
21:14:40 [DEBUG]     × 'Goal kicks' no encontrado en DOM
21:14:41 [DEBUG]     × 'Saves' no encontrado en DOM
21:14:42 [DEBUG]     × 'Throw-ins' no encontrado en DOM
21:14:43 [DEBUG]   × No se encontró URL del iframe de stats
21:14:43 [INFO] ✓ [thun-lausanne-apuestas-35244305] Captura exitosa: en_juego, min 41, 2-0
21:14:43 [DEBUG]   × No se encontró URL del iframe de stats
21:14:43 [INFO] ✓ [atl%C3%A9tico-de-madrid-fc-barcelona-apuestas-3523] Captura exitosa: en_juego, min 13, 1-0
21:14:43 [DEBUG]     × 'Substitutions' no encontrado en DOM
21:14:44 [DEBUG]   × No se encontró URL del iframe de stats
21:14:44 [INFO] ✓ [brentford-arsenal-apuestas-35212180] Captura exitosa: en_juego, min 13, 0-0
21:14:44 [DEBUG]     × 'Injuries' no encontrado en DOM
21:14:45 [DEBUG]   × No se encontró URL del iframe de stats
21:14:45 [INFO] ✓ [sion-fc-basel-apuestas-35234028] Captura exitosa: en_juego, min 43, 1-0
21:14:46 [DEBUG]     × 'Fouls' no encontrado en DOM
21:14:46 [WARNING]   × Fallback iframe no encontró estadísticas
21:14:46 [DEBUG] [atl%C3%A9tico-de-madrid-femenino-manchester-united] → Extrayendo volumen matched...
21:14:55 [DEBUG] No se encontró banner de cookies (puede que ya esté aceptado)
21:14:59 [DEBUG] [atl%C3%A9tico-de-madrid-femenino-manchester-united] → Extrayendo momentum...
21:14:59 [DEBUG]   → Buscando URL del iframe de stats para Momentum...
21:15:01 [DEBUG]   × No se encontró URL del iframe de stats
21:15:01 [INFO] ✓ [atl%C3%A9tico-de-madrid-femenino-manchester-united] Captura exitosa: en_juego, min 12, 0-1
21:15:15 [DEBUG] [wolfsburgo-femenino-juventus-fc-w-apuestas-3510554] → Extrayendo cuotas Over/Under...
21:15:16 [DEBUG] [wolfsburgo-femenino-juventus-fc-w-apuestas-3510554] → Extrayendo cuotas Resultado Correcto...
21:15:17 [DEBUG] [wolfsburgo-femenino-juventus-fc-w-apuestas-3510554] → Extrayendo estadísticas del partido...
21:15:17 [DEBUG]   → Extrayendo eventId del HTML...
21:15:17 [DEBUG] Betfair event ID extraído de la URL: 35105544
21:15:17 [DEBUG] Consultando videoplayer: https://videoplayer.betfair.es/GetPlayer.do?eID=35105544&contentType=viz&contentView=mstats
21:15:18 [ERROR] Error consultando videoplayer endpoint: 404 Client Error:  for url: https://videoplayer.betfair.es/GetPlayer.do?eID=35105544&contentType=viz&contentView=mstats
21:15:18 [WARNING]   × No se pudo extraer eventId - partido sin estadísticas Opta
21:15:18 [INFO]   → Extrayendo stats del iframe (fallback): eID=35105544
21:15:32 [WARNING]   × Timeout esperando estadísticas básicas
21:15:32 [DEBUG]   → Extrayendo todas las estadísticas del iframe...
21:15:33 [DEBUG]     × 'Shots on target' no encontrado en DOM
21:15:34 [DEBUG]     × 'Shots off target' no encontrado en DOM
21:15:35 [DEBUG]     × 'Shots blocked' no encontrado en DOM
21:15:36 [DEBUG]     × 'Corner kicks' no encontrado en DOM
21:15:40 [DEBUG]     × 'Dangerous Attack' no encontrado en DOM
21:15:41 [DEBUG]     × 'Free kicks' no encontrado en DOM
21:15:42 [DEBUG]     × 'Offsides' no encontrado en DOM
21:15:43 [DEBUG]     × 'Goal kicks' no encontrado en DOM
21:15:44 [DEBUG]     × 'Saves' no encontrado en DOM
21:15:45 [DEBUG]     × 'Throw-ins' no encontrado en DOM
21:15:46 [DEBUG]     × 'Substitutions' no encontrado en DOM
21:15:47 [DEBUG]     × 'Injuries' no encontrado en DOM
21:15:48 [DEBUG]     × 'Fouls' no encontrado en DOM
21:15:48 [WARNING]   × Fallback iframe no encontró estadísticas
21:15:48 [DEBUG] [wolfsburgo-femenino-juventus-fc-w-apuestas-3510554] → Extrayendo volumen matched...
21:16:01 [DEBUG] [wolfsburgo-femenino-juventus-fc-w-apuestas-3510554] → Extrayendo momentum...
21:16:01 [DEBUG]   → Buscando URL del iframe de stats para Momentum...
21:16:08 [DEBUG]   × No se encontró URL del iframe de stats
21:16:08 [INFO] ✓ [wolfsburgo-femenino-juventus-fc-w-apuestas-3510554] Captura exitosa: pre_partido, min , -
21:16:08 [INFO] ✓ Captura paralela completada en 127.1s (6/6 exitosos)
21:16:08 [INFO] 🔄 Revisando games.csv para detectar cambios...
21:16:08 [INFO] Cargados 10 partidos desde games.csv
21:16:08 [INFO] 🗑️  Cerrando 1 drivers de partidos finalizados...
21:16:10 [DEBUG] ✓ Driver cerrado: wolfsburgo-femenino-juventus-fc-w-apuestas-3510554
21:16:10 [DEBUG]    - Cerrado: wolfsburgo-femenino-juventus-fc-w-apuestas-3510554
21:16:10 [INFO] ✓ Drivers actualizados: 5 partidos activos
21:16:10 [WARNING] Ciclo tardó 129.6s (> 30s). Iniciando siguiente ciclo inmediatamente.
21:16:10 [INFO] 
--- Ciclo #6 ---
21:16:10 [INFO] 📸 Capturando 5 partidos en paralelo...
21:16:10 [DEBUG] ✓ Actualizar clickeado: atl%C3%A9tico-de-madrid-femenino-manchester-united
21:16:10 [DEBUG] ✓ Actualizar clickeado: brentford-arsenal-apuestas-35212180
21:16:10 [DEBUG] ✓ Actualizar clickeado: sion-fc-basel-apuestas-35234028
21:16:10 [DEBUG] ✓ Actualizar clickeado: thun-lausanne-apuestas-35244305
21:16:10 [DEBUG] ✓ Actualizar clickeado: atl%C3%A9tico-de-madrid-fc-barcelona-apuestas-3523
21:16:11 [DEBUG] [atl%C3%A9tico-de-madrid-femenino-manchester-united] → Extrayendo información del partido...
21:16:11 [DEBUG] [sion-fc-basel-apuestas-35234028] → Extrayendo información del partido...
21:16:11 [DEBUG] [brentford-arsenal-apuestas-35212180] → Extrayendo información del partido...
21:16:11 [DEBUG] [thun-lausanne-apuestas-35244305] → Extrayendo información del partido...
21:16:11 [DEBUG] [atl%C3%A9tico-de-madrid-fc-barcelona-apuestas-3523] → Extrayendo información del partido...
21:16:19 [DEBUG] [thun-lausanne-apuestas-35244305] → Extrayendo cuotas Match Odds...
21:16:19 [DEBUG] [atl%C3%A9tico-de-madrid-fc-barcelona-apuestas-3523] → Extrayendo cuotas Match Odds...
21:16:19 [DEBUG] [atl%C3%A9tico-de-madrid-femenino-manchester-united] → Extrayendo cuotas Match Odds...
21:16:19 [DEBUG] [sion-fc-basel-apuestas-35234028] → Extrayendo cuotas Match Odds...
21:16:19 [DEBUG] [brentford-arsenal-apuestas-35212180] → Extrayendo cuotas Match Odds...
21:16:21 [DEBUG] [thun-lausanne-apuestas-35244305] → Extrayendo cuotas Over/Under...
21:16:21 [DEBUG] [atl%C3%A9tico-de-madrid-fc-barcelona-apuestas-3523] → Extrayendo cuotas Over/Under...
21:16:21 [DEBUG] [atl%C3%A9tico-de-madrid-femenino-manchester-united] → Extrayendo cuotas Over/Under...
21:16:21 [DEBUG] [sion-fc-basel-apuestas-35234028] → Extrayendo cuotas Over/Under...
21:16:21 [DEBUG] [brentford-arsenal-apuestas-35212180] → Extrayendo cuotas Over/Under...
21:16:24 [DEBUG] [atl%C3%A9tico-de-madrid-femenino-manchester-united] → Extrayendo cuotas Resultado Correcto...
21:16:24 [DEBUG] [thun-lausanne-apuestas-35244305] → Extrayendo cuotas Resultado Correcto...
21:16:24 [DEBUG] [sion-fc-basel-apuestas-35234028] → Extrayendo cuotas Resultado Correcto...
21:16:24 [DEBUG] [brentford-arsenal-apuestas-35212180] → Extrayendo cuotas Resultado Correcto...
21:16:24 [DEBUG] [atl%C3%A9tico-de-madrid-fc-barcelona-apuestas-3523] → Extrayendo cuotas Resultado Correcto...
21:16:26 [DEBUG] [atl%C3%A9tico-de-madrid-femenino-manchester-united] → Extrayendo estadísticas del partido...
21:16:26 [DEBUG]   → Extrayendo eventId del HTML...
21:16:26 [DEBUG] Betfair event ID extraído del HTML: 35105541
21:16:26 [DEBUG] Consultando videoplayer: https://videoplayer.betfair.es/GetPlayer.do?eID=35105541&contentType=viz&contentView=mstats
21:16:26 [ERROR] Error consultando videoplayer endpoint: 404 Client Error:  for url: https://videoplayer.betfair.es/GetPlayer.do?eID=35105541&contentType=viz&contentView=mstats
21:16:26 [WARNING]   × No se pudo extraer eventId - partido sin estadísticas Opta
21:16:26 [INFO]   → Extrayendo stats del iframe (fallback): eID=35105541
21:16:27 [DEBUG] [thun-lausanne-apuestas-35244305] → Extrayendo estadísticas del partido...
21:16:27 [DEBUG]   → Extrayendo eventId del HTML...
21:16:27 [DEBUG] Betfair event ID extraído del HTML: 35244305
21:16:27 [DEBUG] Consultando videoplayer: https://videoplayer.betfair.es/GetPlayer.do?eID=35244305&contentType=viz&contentView=mstats
21:16:27 [DEBUG] [sion-fc-basel-apuestas-35234028] → Extrayendo estadísticas del partido...
21:16:27 [DEBUG]   → Extrayendo eventId del HTML...
21:16:27 [DEBUG] Betfair event ID extraído del HTML: 35234028
21:16:27 [DEBUG] Consultando videoplayer: https://videoplayer.betfair.es/GetPlayer.do?eID=35234028&contentType=viz&contentView=mstats
21:16:27 [DEBUG] [atl%C3%A9tico-de-madrid-fc-barcelona-apuestas-3523] → Extrayendo estadísticas del partido...
21:16:27 [DEBUG]   → Extrayendo eventId del HTML...
21:16:27 [DEBUG] Betfair event ID extraído del HTML: 35238124
21:16:27 [DEBUG] Consultando videoplayer: https://videoplayer.betfair.es/GetPlayer.do?eID=35238124&contentType=viz&contentView=mstats
21:16:27 [DEBUG] [brentford-arsenal-apuestas-35212180] → Extrayendo estadísticas del partido...
21:16:27 [DEBUG]   → Extrayendo eventId del HTML...
21:16:27 [DEBUG] Betfair event ID extraído del HTML: 35212180
21:16:27 [DEBUG] Consultando videoplayer: https://videoplayer.betfair.es/GetPlayer.do?eID=35212180&contentType=viz&contentView=mstats
21:16:27 [INFO] EventId de Opta extraído: bp7jffdb5v1x5ksth1cngff2s
21:16:27 [DEBUG]   ✓ EventId extraído: bp7jffdb5v1x5ksth1cngff2s
21:16:27 [DEBUG]   → Obteniendo estadísticas de la API...
21:16:27 [INFO] 📊 Obteniendo todas las estadísticas para eventId: bp7jffdb5v1x5ksth1cngff2s
21:16:28 [INFO] EventId de Opta extraído: bomuidcdl673b8rje49cbj40k
21:16:28 [DEBUG]   ✓ EventId extraído: bomuidcdl673b8rje49cbj40k
21:16:28 [DEBUG]   → Obteniendo estadísticas de la API...
21:16:28 [INFO] 📊 Obteniendo todas las estadísticas para eventId: bomuidcdl673b8rje49cbj40k
21:16:28 [INFO] EventId de Opta extraído: 1z8gknoiuoiuh7z1mto3je9ec
21:16:28 [DEBUG]   ✓ EventId extraído: 1z8gknoiuoiuh7z1mto3je9ec
21:16:28 [DEBUG]   → Obteniendo estadísticas de la API...
21:16:28 [INFO] 📊 Obteniendo todas las estadísticas para eventId: 1z8gknoiuoiuh7z1mto3je9ec
21:16:28 [INFO] EventId de Opta extraído: 3ta3lmi2yhygyqebvoqytbf2s
21:16:28 [DEBUG]   ✓ EventId extraído: 3ta3lmi2yhygyqebvoqytbf2s
21:16:28 [DEBUG]   → Obteniendo estadísticas de la API...
21:16:28 [INFO] 📊 Obteniendo todas las estadísticas para eventId: 3ta3lmi2yhygyqebvoqytbf2s
21:16:28 [DEBUG] ✅ Summary stats obtenidas para bp7jffdb5v1x5ksth1cngff2s
21:16:29 [DEBUG] ✅ Summary stats obtenidas para bomuidcdl673b8rje49cbj40k
21:16:29 [DEBUG] ✅ Summary stats obtenidas para 1z8gknoiuoiuh7z1mto3je9ec
21:16:29 [DEBUG] ✅ Summary stats obtenidas para 3ta3lmi2yhygyqebvoqytbf2s
21:16:29 [DEBUG] No se encontró datos de momentum
21:16:30 [DEBUG] No se encontró datos de momentum
21:16:30 [DEBUG] No se encontró datos de momentum
21:16:30 [DEBUG] No se encontró datos de momentum
21:16:30 [DEBUG] No se encontró teamStatsAttackingLv
21:16:30 [DEBUG] No se encontró teamStatsAttackingLv
21:16:31 [DEBUG] No se encontró teamStatsAttackingLv
21:16:31 [DEBUG] No se encontró teamStatsAttackingLv
21:16:31 [DEBUG] No se encontró teamStatsDefenceLv
21:16:31 [DEBUG] No se encontró teamStatsDefenceLv
21:16:31 [DEBUG] No se encontró teamStatsDefenceLv
21:16:32 [DEBUG] No se encontró teamStatsDefenceLv
21:16:32 [DEBUG] No se encontró teamStatsXgLv ni xgData
21:16:32 [INFO] ✅ Estadísticas obtenidas: 1/5 endpoints
21:16:32 [DEBUG]   → Mapeando estadísticas...
21:16:32 [INFO]   ✓ Estadísticas capturadas vía API: 28/66 campos
21:16:32 [DEBUG]     → xG: 1.1378-0.6201, Corners: 3-2
21:16:32 [DEBUG] [thun-lausanne-apuestas-35244305] → Extrayendo volumen matched...
21:16:32 [DEBUG] No se encontró teamStatsXgLv ni xgData
21:16:32 [INFO] ✅ Estadísticas obtenidas: 1/5 endpoints
21:16:32 [DEBUG]   → Mapeando estadísticas...
21:16:32 [INFO]   ✓ Estadísticas capturadas vía API: 28/66 campos
21:16:32 [DEBUG]     → xG: 0.8133-0.2878, Corners: 3-2
21:16:32 [DEBUG] [sion-fc-basel-apuestas-35234028] → Extrayendo volumen matched...
21:16:32 [DEBUG] No se encontró teamStatsXgLv ni xgData
21:16:32 [INFO] ✅ Estadísticas obtenidas: 1/5 endpoints
21:16:32 [DEBUG]   → Mapeando estadísticas...
21:16:32 [INFO]   ✓ Estadísticas capturadas vía API: 28/66 campos
21:16:32 [DEBUG]     → xG: 0.5154-0.0, Corners: 1-2
21:16:32 [DEBUG] [atl%C3%A9tico-de-madrid-fc-barcelona-apuestas-3523] → Extrayendo volumen matched...
21:16:32 [DEBUG] No se encontró teamStatsXgLv ni xgData
21:16:32 [INFO] ✅ Estadísticas obtenidas: 1/5 endpoints
21:16:32 [DEBUG]   → Mapeando estadísticas...
21:16:32 [INFO]   ✓ Estadísticas capturadas vía API: 28/66 campos
21:16:32 [DEBUG]     → xG: 0.0-0.1182, Corners: 1-2
21:16:32 [DEBUG] [brentford-arsenal-apuestas-35212180] → Extrayendo volumen matched...
