19:25:21 [INFO] 📝 Log guardándose en: logs/scraper_20260212_192521.log
19:25:21 [INFO] Cargados 10 partidos desde games.csv
19:25:21 [INFO] 📅 MODO SCHEDULING ACTIVADO
19:25:21 [INFO]    Ventana tracking: 10 min antes → 150 min después
19:25:21 [INFO]    Total en CSV: 10 partidos
19:25:21 [INFO]    ✓ Partidos activos ahora: 3
19:25:21 [INFO]    ⏰ Partidos futuros: 7
19:25:21 [INFO]    ✅ Partidos finalizados: 0
19:25:21 [INFO] 
📋 Próximos partidos a trackear:
19:25:21 [INFO]       Sion - FC Basel (en 65 min)
19:25:21 [INFO]       Thun - Lausanne (en 65 min)
19:25:21 [INFO]       Atlético de Madrid Femenino - Manchester United Fe (en 95 min)
19:25:21 [INFO]       Atlético de Madrid - FC Barcelona (en 95 min)
19:25:21 [INFO]       Brentford - Arsenal (en 95 min)
19:25:21 [INFO] 🚀 Sistema multi-driver: Creando 3 drivers independientes (sin límite de tabs)
19:25:21 [INFO] 
Iniciando observador con 3 partidos.
19:25:21 [INFO] Ciclo: 30s | Output: data/
19:25:21 [INFO] 🔄 Recarga dinámica: Revisando games.csv cada 5 ciclos (scheduling)
19:25:21 [INFO] 🧹 Limpiando ventanas Betfair antiguas...
19:25:21 [WARNING] Script de limpieza no encontrado: C:\Users\agonz\OneDrive\Documents\Proyectos\Furbo\betfair_scraper\close_betfair_windows.ps1
19:25:21 [INFO] Cargados 10 partidos desde games.csv
19:25:21 [INFO] 
🚀 Iniciando 3 drivers Chrome (sistema multi-driver paralelo)...
19:25:21 [INFO] 🔧 Creando driver de login: Al-Hazm (KSA) - Al-Akhdoud
19:25:21 [INFO] 🔧 Creando driver para: Al-Hazm (KSA) - Al-Akhdoud
19:25:28 [INFO] ✓ Cookies aceptadas automáticamente
19:25:29 [INFO] ✓ Driver listo: al-hazm-ksa-al-akhdoud-apuestas-35232966
19:25:29 [INFO] ============================================================
19:25:29 [INFO] HAZ LOGIN MANUAL en Betfair.es ahora.
19:25:29 [INFO] Tienes 0 segundos...
19:25:29 [INFO] El scraper comenzará automáticamente después.
19:25:29 [INFO] ============================================================
19:25:29 [INFO] 🔧 Creando 2 drivers adicionales en paralelo...
19:25:29 [INFO] 🔧 Creando driver para: Al-Quadisiya (KSA) - NEOM Sports Club
19:25:29 [INFO] 🔧 Creando driver para: Wolfsburgo Femenino - Juventus FC Femenino
19:25:34 [INFO] ✓ Cookies aceptadas automáticamente
19:25:35 [INFO] ✓ Cookies aceptadas automáticamente
19:25:35 [INFO] ✓ Driver listo: al-quadisiya-ksa-neom-sports-club-apuestas-3524103
19:25:36 [INFO] ✓ Driver listo: wolfsburgo-femenino-juventus-fc-w-apuestas-3510554
19:25:36 [INFO] ✓ 3 drivers creados exitosamente
19:25:36 [INFO] ============================================================
19:25:36 [INFO] CAPTURA INICIADA - Presiona Ctrl+C para detener
19:25:36 [INFO] ============================================================
19:25:36 [INFO] 
--- Ciclo #1 ---
19:25:36 [INFO] 📸 Capturando 3 partidos en paralelo...
19:25:36 [DEBUG] ✓ Actualizar clickeado: al-hazm-ksa-al-akhdoud-apuestas-35232966
19:25:36 [DEBUG] ✓ Actualizar clickeado: wolfsburgo-femenino-juventus-fc-w-apuestas-3510554
19:25:37 [DEBUG] [al-hazm-ksa-al-akhdoud-apuestas-35232966] → Extrayendo información del partido...
19:25:37 [DEBUG] [wolfsburgo-femenino-juventus-fc-w-apuestas-3510554] → Extrayendo información del partido...
19:25:37 [DEBUG] ✓ Actualizar clickeado: al-quadisiya-ksa-neom-sports-club-apuestas-3524103
19:25:37 [DEBUG] [al-quadisiya-ksa-neom-sports-club-apuestas-3524103] → Extrayendo información del partido...
19:25:44 [DEBUG]   ✓ Estado detectado: DESCANSO (CSS: 'Descanso')
19:25:44 [DEBUG] [al-hazm-ksa-al-akhdoud-apuestas-35232966] → Extrayendo cuotas Match Odds...
19:25:44 [DEBUG]   ✓ Estado detectado: DESCANSO (CSS: 'Descanso')
19:25:44 [DEBUG] [al-quadisiya-ksa-neom-sports-club-apuestas-3524103] → Extrayendo cuotas Match Odds...
19:25:45 [DEBUG] [wolfsburgo-femenino-juventus-fc-w-apuestas-3510554] → Extrayendo cuotas Match Odds...
19:25:46 [DEBUG] [al-hazm-ksa-al-akhdoud-apuestas-35232966] → Extrayendo cuotas Over/Under...
19:25:47 [DEBUG] [al-quadisiya-ksa-neom-sports-club-apuestas-3524103] → Extrayendo cuotas Over/Under...
19:25:48 [DEBUG] [wolfsburgo-femenino-juventus-fc-w-apuestas-3510554] → Extrayendo cuotas Over/Under...
19:25:49 [DEBUG] [al-hazm-ksa-al-akhdoud-apuestas-35232966] → Extrayendo cuotas Resultado Correcto...
19:25:50 [DEBUG] [al-quadisiya-ksa-neom-sports-club-apuestas-3524103] → Extrayendo cuotas Resultado Correcto...
19:25:50 [DEBUG] [wolfsburgo-femenino-juventus-fc-w-apuestas-3510554] → Extrayendo cuotas Resultado Correcto...
19:25:52 [DEBUG] [al-hazm-ksa-al-akhdoud-apuestas-35232966] → Extrayendo estadísticas del partido...
19:25:52 [DEBUG]   → Extrayendo eventId del HTML...
19:25:52 [DEBUG] Betfair event ID extraído del HTML: 35232966
19:25:52 [DEBUG] Consultando videoplayer: https://videoplayer.betfair.es/GetPlayer.do?eID=35232966&contentType=viz&contentView=mstats
19:25:53 [WARNING] No se encontró eventId de Opta en la respuesta del videoplayer
19:25:53 [WARNING]   × No se pudo extraer eventId - partido sin estadísticas Opta
19:25:53 [INFO]   → Intentando fallback: extracción desde iframe de visualización...
19:25:53 [DEBUG]   → Extrayendo stats del iframe: https://videoplayer.betfair.es/GetPlayer.do?eID=35232966&contentType=viz&contentView=mstats&statsToggle=hide&contentOnly=true
19:25:53 [DEBUG] [al-quadisiya-ksa-neom-sports-club-apuestas-3524103] → Extrayendo estadísticas del partido...
19:25:53 [DEBUG]   → Extrayendo eventId del HTML...
19:25:53 [DEBUG] Betfair event ID extraído del HTML: 35241036
19:25:53 [DEBUG] Consultando videoplayer: https://videoplayer.betfair.es/GetPlayer.do?eID=35241036&contentType=viz&contentView=mstats
19:25:54 [DEBUG] [wolfsburgo-femenino-juventus-fc-w-apuestas-3510554] → Extrayendo estadísticas del partido...
19:25:54 [DEBUG]   → Extrayendo eventId del HTML...
19:25:54 [ERROR] Error consultando videoplayer endpoint: 404 Client Error:  for url: https://videoplayer.betfair.es/GetPlayer.do?eID=35241036&contentType=viz&contentView=mstats
19:25:54 [WARNING]   × No se pudo extraer eventId - partido sin estadísticas Opta
19:25:54 [INFO]   → Intentando fallback: extracción desde iframe de visualización...
19:25:54 [DEBUG]   → Extrayendo stats del iframe: https://videoplayer.betfair.es/GetPlayer.do?eID=35241036&contentType=viz&contentView=mstats&statsToggle=hide&contentOnly=true
19:25:54 [DEBUG] Betfair event ID extraído del HTML: 35105544
19:25:54 [DEBUG] Consultando videoplayer: https://videoplayer.betfair.es/GetPlayer.do?eID=35105544&contentType=viz&contentView=mstats
19:25:54 [ERROR] Error consultando videoplayer endpoint: 404 Client Error:  for url: https://videoplayer.betfair.es/GetPlayer.do?eID=35105544&contentType=viz&contentView=mstats
19:25:54 [WARNING]   × No se pudo extraer eventId - partido sin estadísticas Opta
19:25:54 [INFO]   → Intentando fallback: extracción desde iframe de visualización...
19:25:54 [DEBUG]   → Extrayendo stats del iframe: https://videoplayer.betfair.es/GetPlayer.do?eID=35105544&contentType=viz&contentView=mstats&statsToggle=hide&contentOnly=true
19:26:03 [INFO]   ✓ Estadísticas del iframe capturadas: 6 campos
19:26:03 [INFO]   ✓ Fallback exitoso: 6 campos capturados desde iframe
19:26:03 [DEBUG] [al-hazm-ksa-al-akhdoud-apuestas-35232966] → Extrayendo volumen matched...
19:26:04 [WARNING]   × Timeout esperando estadísticas del iframe
19:26:04 [WARNING]   × Fallback del iframe no capturó estadísticas
19:26:04 [DEBUG] [al-quadisiya-ksa-neom-sports-club-apuestas-3524103] → Extrayendo volumen matched...
19:26:05 [WARNING]   × Timeout esperando estadísticas del iframe
19:26:05 [WARNING]   × Fallback del iframe no capturó estadísticas
19:26:05 [DEBUG] [wolfsburgo-femenino-juventus-fc-w-apuestas-3510554] → Extrayendo volumen matched...
19:26:15 [DEBUG] [al-hazm-ksa-al-akhdoud-apuestas-35232966] → Extrayendo momentum...
19:26:15 [DEBUG]   → Buscando URL del iframe de stats para Momentum...
19:26:17 [DEBUG] [al-quadisiya-ksa-neom-sports-club-apuestas-3524103] → Extrayendo momentum...
19:26:17 [DEBUG]   → Buscando URL del iframe de stats para Momentum...
19:26:17 [DEBUG] [wolfsburgo-femenino-juventus-fc-w-apuestas-3510554] → Extrayendo momentum...
19:26:17 [DEBUG]   → Buscando URL del iframe de stats para Momentum...
19:26:21 [DEBUG]   × No se encontró URL del iframe de stats
19:26:21 [INFO] ✓ [al-hazm-ksa-al-akhdoud-apuestas-35232966] Captura exitosa: descanso, min , 1-1
19:26:22 [DEBUG]   × No se encontró URL del iframe de stats
19:26:22 [INFO] ✓ [al-quadisiya-ksa-neom-sports-club-apuestas-3524103] Captura exitosa: descanso, min , 0-0
19:26:23 [DEBUG]   × No se encontró URL del iframe de stats
19:26:23 [INFO] ✓ [wolfsburgo-femenino-juventus-fc-w-apuestas-3510554] Captura exitosa: en_juego, min 39, 0-1
19:26:23 [INFO] ✓ Captura paralela completada en 46.9s (3/3 exitosos)
19:26:23 [WARNING] Ciclo tardó 46.9s (> 30s). Iniciando siguiente ciclo inmediatamente.
19:26:23 [INFO] 
--- Ciclo #2 ---
19:26:23 [INFO] 📸 Capturando 3 partidos en paralelo...
19:26:23 [DEBUG] ✓ Actualizar clickeado: al-quadisiya-ksa-neom-sports-club-apuestas-3524103
19:26:23 [DEBUG] ✓ Actualizar clickeado: al-hazm-ksa-al-akhdoud-apuestas-35232966
19:26:23 [DEBUG] ✓ Actualizar clickeado: wolfsburgo-femenino-juventus-fc-w-apuestas-3510554
19:26:24 [DEBUG] [al-quadisiya-ksa-neom-sports-club-apuestas-3524103] → Extrayendo información del partido...
19:26:24 [DEBUG] [al-hazm-ksa-al-akhdoud-apuestas-35232966] → Extrayendo información del partido...
19:26:24 [DEBUG] [wolfsburgo-femenino-juventus-fc-w-apuestas-3510554] → Extrayendo información del partido...
19:26:31 [DEBUG]   ✓ Estado detectado: DESCANSO (CSS: 'Descanso')
19:26:31 [DEBUG] [al-quadisiya-ksa-neom-sports-club-apuestas-3524103] → Extrayendo cuotas Match Odds...
19:26:31 [DEBUG]   ✓ Estado detectado: DESCANSO (CSS: 'Descanso')
19:26:31 [DEBUG] [al-hazm-ksa-al-akhdoud-apuestas-35232966] → Extrayendo cuotas Match Odds...
19:26:32 [DEBUG] [wolfsburgo-femenino-juventus-fc-w-apuestas-3510554] → Extrayendo cuotas Match Odds...
19:26:33 [DEBUG] [al-quadisiya-ksa-neom-sports-club-apuestas-3524103] → Extrayendo cuotas Over/Under...
19:26:33 [DEBUG] [al-hazm-ksa-al-akhdoud-apuestas-35232966] → Extrayendo cuotas Over/Under...
19:26:34 [DEBUG] [wolfsburgo-femenino-juventus-fc-w-apuestas-3510554] → Extrayendo cuotas Over/Under...
19:26:36 [DEBUG] [al-hazm-ksa-al-akhdoud-apuestas-35232966] → Extrayendo cuotas Resultado Correcto...
19:26:36 [DEBUG] [al-quadisiya-ksa-neom-sports-club-apuestas-3524103] → Extrayendo cuotas Resultado Correcto...
19:26:37 [DEBUG] [wolfsburgo-femenino-juventus-fc-w-apuestas-3510554] → Extrayendo cuotas Resultado Correcto...
19:26:39 [DEBUG] [al-hazm-ksa-al-akhdoud-apuestas-35232966] → Extrayendo estadísticas del partido...
19:26:39 [DEBUG]   → Extrayendo eventId del HTML...
19:26:40 [DEBUG] Betfair event ID extraído del HTML: 35232966
19:26:40 [DEBUG] Consultando videoplayer: https://videoplayer.betfair.es/GetPlayer.do?eID=35232966&contentType=viz&contentView=mstats
19:26:40 [DEBUG] [al-quadisiya-ksa-neom-sports-club-apuestas-3524103] → Extrayendo estadísticas del partido...
19:26:40 [DEBUG]   → Extrayendo eventId del HTML...
19:26:40 [DEBUG] Betfair event ID extraído del HTML: 35241036
19:26:40 [DEBUG] Consultando videoplayer: https://videoplayer.betfair.es/GetPlayer.do?eID=35241036&contentType=viz&contentView=mstats
19:26:40 [WARNING] No se encontró eventId de Opta en la respuesta del videoplayer
19:26:40 [WARNING]   × No se pudo extraer eventId - partido sin estadísticas Opta
19:26:40 [INFO]   → Intentando fallback: extracción desde iframe de visualización...
19:26:40 [DEBUG]   → Extrayendo stats del iframe: https://videoplayer.betfair.es/GetPlayer.do?eID=35232966&contentType=viz&contentView=mstats&statsToggle=hide&contentOnly=true
19:26:40 [ERROR] Error consultando videoplayer endpoint: 404 Client Error:  for url: https://videoplayer.betfair.es/GetPlayer.do?eID=35241036&contentType=viz&contentView=mstats
19:26:40 [WARNING]   × No se pudo extraer eventId - partido sin estadísticas Opta
19:26:40 [INFO]   → Intentando fallback: extracción desde iframe de visualización...
19:26:40 [DEBUG]   → Extrayendo stats del iframe: https://videoplayer.betfair.es/GetPlayer.do?eID=35241036&contentType=viz&contentView=mstats&statsToggle=hide&contentOnly=true
19:26:41 [DEBUG] [wolfsburgo-femenino-juventus-fc-w-apuestas-3510554] → Extrayendo estadísticas del partido...
19:26:41 [DEBUG]   → Extrayendo eventId del HTML...
19:26:41 [DEBUG] Betfair event ID extraído del HTML: 35105544
19:26:41 [DEBUG] Consultando videoplayer: https://videoplayer.betfair.es/GetPlayer.do?eID=35105544&contentType=viz&contentView=mstats
19:26:42 [ERROR] Error consultando videoplayer endpoint: 404 Client Error:  for url: https://videoplayer.betfair.es/GetPlayer.do?eID=35105544&contentType=viz&contentView=mstats
19:26:42 [WARNING]   × No se pudo extraer eventId - partido sin estadísticas Opta
19:26:42 [INFO]   → Intentando fallback: extracción desde iframe de visualización...
19:26:42 [DEBUG]   → Extrayendo stats del iframe: https://videoplayer.betfair.es/GetPlayer.do?eID=35105544&contentType=viz&contentView=mstats&statsToggle=hide&contentOnly=true
19:26:50 [INFO]   ✓ Estadísticas del iframe capturadas: 6 campos
19:26:50 [INFO]   ✓ Fallback exitoso: 6 campos capturados desde iframe
19:26:50 [DEBUG] [al-hazm-ksa-al-akhdoud-apuestas-35232966] → Extrayendo volumen matched...
19:26:51 [WARNING]   × Timeout esperando estadísticas del iframe
19:26:51 [WARNING]   × Fallback del iframe no capturó estadísticas
19:26:51 [DEBUG] [al-quadisiya-ksa-neom-sports-club-apuestas-3524103] → Extrayendo volumen matched...
19:26:52 [WARNING]   × Timeout esperando estadísticas del iframe
19:26:52 [WARNING]   × Fallback del iframe no capturó estadísticas
19:26:52 [DEBUG] [wolfsburgo-femenino-juventus-fc-w-apuestas-3510554] → Extrayendo volumen matched...
19:27:03 [DEBUG] [al-hazm-ksa-al-akhdoud-apuestas-35232966] → Extrayendo momentum...
19:27:03 [DEBUG]   → Buscando URL del iframe de stats para Momentum...
19:27:03 [DEBUG] [al-quadisiya-ksa-neom-sports-club-apuestas-3524103] → Extrayendo momentum...
19:27:03 [DEBUG]   → Buscando URL del iframe de stats para Momentum...
19:27:05 [DEBUG] [wolfsburgo-femenino-juventus-fc-w-apuestas-3510554] → Extrayendo momentum...
19:27:05 [DEBUG]   → Buscando URL del iframe de stats para Momentum...
19:27:08 [DEBUG]   × No se encontró URL del iframe de stats
19:27:08 [INFO] ✓ [al-hazm-ksa-al-akhdoud-apuestas-35232966] Captura exitosa: descanso, min , 1-1
19:27:09 [DEBUG]   × No se encontró URL del iframe de stats
19:27:09 [INFO] ✓ [al-quadisiya-ksa-neom-sports-club-apuestas-3524103] Captura exitosa: descanso, min , 0-0
19:27:10 [DEBUG]   × No se encontró URL del iframe de stats
19:27:10 [INFO] ✓ [wolfsburgo-femenino-juventus-fc-w-apuestas-3510554] Captura exitosa: en_juego, min 40, 0-1
19:27:10 [INFO] ✓ Captura paralela completada en 47.5s (3/3 exitosos)
19:27:10 [WARNING] Ciclo tardó 47.5s (> 30s). Iniciando siguiente ciclo inmediatamente.
19:27:10 [INFO] 
--- Ciclo #3 ---
19:27:10 [INFO] 📸 Capturando 3 partidos en paralelo...
19:27:11 [DEBUG] ✓ Actualizar clickeado: al-hazm-ksa-al-akhdoud-apuestas-35232966
19:27:11 [DEBUG] ✓ Actualizar clickeado: wolfsburgo-femenino-juventus-fc-w-apuestas-3510554
19:27:11 [DEBUG] ✓ Actualizar clickeado: al-quadisiya-ksa-neom-sports-club-apuestas-3524103
19:27:11 [DEBUG] [al-hazm-ksa-al-akhdoud-apuestas-35232966] → Extrayendo información del partido...
19:27:11 [DEBUG] [al-quadisiya-ksa-neom-sports-club-apuestas-3524103] → Extrayendo información del partido...
19:27:11 [DEBUG] [wolfsburgo-femenino-juventus-fc-w-apuestas-3510554] → Extrayendo información del partido...
19:27:18 [DEBUG]   ✓ Estado detectado: DESCANSO (CSS: 'Descanso')
19:27:18 [DEBUG]   ✓ Estado detectado: DESCANSO (CSS: 'Descanso')
19:27:18 [DEBUG] [al-hazm-ksa-al-akhdoud-apuestas-35232966] → Extrayendo cuotas Match Odds...
19:27:18 [DEBUG] [al-quadisiya-ksa-neom-sports-club-apuestas-3524103] → Extrayendo cuotas Match Odds...
19:27:19 [DEBUG] [wolfsburgo-femenino-juventus-fc-w-apuestas-3510554] → Extrayendo cuotas Match Odds...
19:27:21 [DEBUG] [al-hazm-ksa-al-akhdoud-apuestas-35232966] → Extrayendo cuotas Over/Under...
19:27:21 [DEBUG] [al-quadisiya-ksa-neom-sports-club-apuestas-3524103] → Extrayendo cuotas Over/Under...
19:27:22 [DEBUG] [wolfsburgo-femenino-juventus-fc-w-apuestas-3510554] → Extrayendo cuotas Over/Under...
19:27:23 [DEBUG] [al-hazm-ksa-al-akhdoud-apuestas-35232966] → Extrayendo cuotas Resultado Correcto...
19:27:24 [DEBUG] [al-quadisiya-ksa-neom-sports-club-apuestas-3524103] → Extrayendo cuotas Resultado Correcto...
19:27:25 [DEBUG] [wolfsburgo-femenino-juventus-fc-w-apuestas-3510554] → Extrayendo cuotas Resultado Correcto...
19:27:27 [DEBUG] [al-hazm-ksa-al-akhdoud-apuestas-35232966] → Extrayendo estadísticas del partido...
19:27:27 [DEBUG]   → Extrayendo eventId del HTML...
19:27:27 [DEBUG] Betfair event ID extraído del HTML: 35232966
19:27:27 [DEBUG] Consultando videoplayer: https://videoplayer.betfair.es/GetPlayer.do?eID=35232966&contentType=viz&contentView=mstats
19:27:27 [DEBUG] [al-quadisiya-ksa-neom-sports-club-apuestas-3524103] → Extrayendo estadísticas del partido...
19:27:27 [DEBUG]   → Extrayendo eventId del HTML...
19:27:27 [DEBUG] Betfair event ID extraído del HTML: 35241036
19:27:27 [DEBUG] Consultando videoplayer: https://videoplayer.betfair.es/GetPlayer.do?eID=35241036&contentType=viz&contentView=mstats
19:27:27 [WARNING] No se encontró eventId de Opta en la respuesta del videoplayer
19:27:27 [WARNING]   × No se pudo extraer eventId - partido sin estadísticas Opta
19:27:27 [INFO]   → Intentando fallback: extracción desde iframe de visualización...
19:27:27 [DEBUG]   → Extrayendo stats del iframe: https://videoplayer.betfair.es/GetPlayer.do?eID=35232966&contentType=viz&contentView=mstats&statsToggle=hide&contentOnly=true
19:27:28 [ERROR] Error consultando videoplayer endpoint: 404 Client Error:  for url: https://videoplayer.betfair.es/GetPlayer.do?eID=35241036&contentType=viz&contentView=mstats
19:27:28 [WARNING]   × No se pudo extraer eventId - partido sin estadísticas Opta
19:27:28 [INFO]   → Intentando fallback: extracción desde iframe de visualización...
19:27:28 [DEBUG]   → Extrayendo stats del iframe: https://videoplayer.betfair.es/GetPlayer.do?eID=35241036&contentType=viz&contentView=mstats&statsToggle=hide&contentOnly=true
19:27:28 [DEBUG] [wolfsburgo-femenino-juventus-fc-w-apuestas-3510554] → Extrayendo estadísticas del partido...
19:27:28 [DEBUG]   → Extrayendo eventId del HTML...
19:27:29 [DEBUG] Betfair event ID extraído del HTML: 35105544
19:27:29 [DEBUG] Consultando videoplayer: https://videoplayer.betfair.es/GetPlayer.do?eID=35105544&contentType=viz&contentView=mstats
19:27:29 [ERROR] Error consultando videoplayer endpoint: 404 Client Error:  for url: https://videoplayer.betfair.es/GetPlayer.do?eID=35105544&contentType=viz&contentView=mstats
19:27:29 [WARNING]   × No se pudo extraer eventId - partido sin estadísticas Opta
19:27:29 [INFO]   → Intentando fallback: extracción desde iframe de visualización...
19:27:29 [DEBUG]   → Extrayendo stats del iframe: https://videoplayer.betfair.es/GetPlayer.do?eID=35105544&contentType=viz&contentView=mstats&statsToggle=hide&contentOnly=true
19:27:37 [INFO]   ✓ Estadísticas del iframe capturadas: 6 campos
19:27:37 [INFO]   ✓ Fallback exitoso: 6 campos capturados desde iframe
19:27:37 [DEBUG] [al-hazm-ksa-al-akhdoud-apuestas-35232966] → Extrayendo volumen matched...
19:27:38 [WARNING]   × Timeout esperando estadísticas del iframe
19:27:38 [WARNING]   × Fallback del iframe no capturó estadísticas
19:27:38 [DEBUG] [al-quadisiya-ksa-neom-sports-club-apuestas-3524103] → Extrayendo volumen matched...
19:27:39 [WARNING]   × Timeout esperando estadísticas del iframe
19:27:39 [WARNING]   × Fallback del iframe no capturó estadísticas
19:27:39 [DEBUG] [wolfsburgo-femenino-juventus-fc-w-apuestas-3510554] → Extrayendo volumen matched...
19:27:50 [DEBUG] [al-hazm-ksa-al-akhdoud-apuestas-35232966] → Extrayendo momentum...
19:27:50 [DEBUG]   → Buscando URL del iframe de stats para Momentum...
19:27:51 [DEBUG] [al-quadisiya-ksa-neom-sports-club-apuestas-3524103] → Extrayendo momentum...
19:27:51 [DEBUG]   → Buscando URL del iframe de stats para Momentum...
19:27:52 [DEBUG] [wolfsburgo-femenino-juventus-fc-w-apuestas-3510554] → Extrayendo momentum...
19:27:52 [DEBUG]   → Buscando URL del iframe de stats para Momentum...
19:27:55 [DEBUG]   × No se encontró URL del iframe de stats
19:27:55 [INFO] ✓ [al-hazm-ksa-al-akhdoud-apuestas-35232966] Captura exitosa: descanso, min , 1-1
19:27:56 [DEBUG]   × No se encontró URL del iframe de stats
19:27:56 [INFO] ✓ [al-quadisiya-ksa-neom-sports-club-apuestas-3524103] Captura exitosa: descanso, min , 0-0
19:27:57 [DEBUG]   × No se encontró URL del iframe de stats
19:27:58 [INFO] ✓ [wolfsburgo-femenino-juventus-fc-w-apuestas-3510554] Captura exitosa: en_juego, min 41, 0-1
19:27:58 [INFO] ✓ Captura paralela completada en 47.3s (3/3 exitosos)
19:27:58 [WARNING] Ciclo tardó 47.3s (> 30s). Iniciando siguiente ciclo inmediatamente.
19:27:58 [INFO] 
--- Ciclo #4 ---
19:27:58 [INFO] 📸 Capturando 3 partidos en paralelo...
19:27:58 [DEBUG] ✓ Actualizar clickeado: al-hazm-ksa-al-akhdoud-apuestas-35232966
19:27:58 [DEBUG] ✓ Actualizar clickeado: wolfsburgo-femenino-juventus-fc-w-apuestas-3510554
19:27:58 [DEBUG] ✓ Actualizar clickeado: al-quadisiya-ksa-neom-sports-club-apuestas-3524103
19:27:58 [DEBUG] [al-hazm-ksa-al-akhdoud-apuestas-35232966] → Extrayendo información del partido...
19:27:58 [DEBUG] [wolfsburgo-femenino-juventus-fc-w-apuestas-3510554] → Extrayendo información del partido...
19:27:58 [DEBUG] [al-quadisiya-ksa-neom-sports-club-apuestas-3524103] → Extrayendo información del partido...
19:28:05 [DEBUG]   ✓ Estado detectado: DESCANSO (CSS: 'Descanso')
19:28:05 [DEBUG]   ✓ Estado detectado: DESCANSO (CSS: 'Descanso')
19:28:06 [DEBUG] [al-hazm-ksa-al-akhdoud-apuestas-35232966] → Extrayendo cuotas Match Odds...
19:28:06 [DEBUG] [al-quadisiya-ksa-neom-sports-club-apuestas-3524103] → Extrayendo cuotas Match Odds...
19:28:07 [DEBUG] [wolfsburgo-femenino-juventus-fc-w-apuestas-3510554] → Extrayendo cuotas Match Odds...
19:28:08 [DEBUG] [al-hazm-ksa-al-akhdoud-apuestas-35232966] → Extrayendo cuotas Over/Under...
19:28:08 [DEBUG] [al-quadisiya-ksa-neom-sports-club-apuestas-3524103] → Extrayendo cuotas Over/Under...
19:28:09 [DEBUG] [wolfsburgo-femenino-juventus-fc-w-apuestas-3510554] → Extrayendo cuotas Over/Under...
19:28:11 [DEBUG] [al-hazm-ksa-al-akhdoud-apuestas-35232966] → Extrayendo cuotas Resultado Correcto...
19:28:11 [DEBUG] [al-quadisiya-ksa-neom-sports-club-apuestas-3524103] → Extrayendo cuotas Resultado Correcto...
19:28:12 [DEBUG] [wolfsburgo-femenino-juventus-fc-w-apuestas-3510554] → Extrayendo cuotas Resultado Correcto...
19:28:14 [DEBUG] [al-hazm-ksa-al-akhdoud-apuestas-35232966] → Extrayendo estadísticas del partido...
19:28:14 [DEBUG]   → Extrayendo eventId del HTML...
19:28:14 [DEBUG] Betfair event ID extraído del HTML: 35232966
19:28:14 [DEBUG] Consultando videoplayer: https://videoplayer.betfair.es/GetPlayer.do?eID=35232966&contentType=viz&contentView=mstats
19:28:14 [DEBUG] [al-quadisiya-ksa-neom-sports-club-apuestas-3524103] → Extrayendo estadísticas del partido...
19:28:14 [DEBUG]   → Extrayendo eventId del HTML...
19:28:14 [WARNING] No se encontró eventId de Opta en la respuesta del videoplayer
19:28:14 [WARNING]   × No se pudo extraer eventId - partido sin estadísticas Opta
19:28:14 [INFO]   → Intentando fallback: extracción desde iframe de visualización...
19:28:14 [DEBUG]   → Extrayendo stats del iframe: https://videoplayer.betfair.es/GetPlayer.do?eID=35232966&contentType=viz&contentView=mstats&statsToggle=hide&contentOnly=true
19:28:14 [DEBUG] Betfair event ID extraído del HTML: 35241036
19:28:14 [DEBUG] Consultando videoplayer: https://videoplayer.betfair.es/GetPlayer.do?eID=35241036&contentType=viz&contentView=mstats
19:28:15 [ERROR] Error consultando videoplayer endpoint: 404 Client Error:  for url: https://videoplayer.betfair.es/GetPlayer.do?eID=35241036&contentType=viz&contentView=mstats
19:28:15 [WARNING]   × No se pudo extraer eventId - partido sin estadísticas Opta
19:28:15 [INFO]   → Intentando fallback: extracción desde iframe de visualización...
19:28:15 [DEBUG]   → Extrayendo stats del iframe: https://videoplayer.betfair.es/GetPlayer.do?eID=35241036&contentType=viz&contentView=mstats&statsToggle=hide&contentOnly=true
19:28:15 [DEBUG] [wolfsburgo-femenino-juventus-fc-w-apuestas-3510554] → Extrayendo estadísticas del partido...
19:28:15 [DEBUG]   → Extrayendo eventId del HTML...
19:28:15 [DEBUG] Betfair event ID extraído del HTML: 35105544
19:28:15 [DEBUG] Consultando videoplayer: https://videoplayer.betfair.es/GetPlayer.do?eID=35105544&contentType=viz&contentView=mstats
19:28:16 [ERROR] Error consultando videoplayer endpoint: 404 Client Error:  for url: https://videoplayer.betfair.es/GetPlayer.do?eID=35105544&contentType=viz&contentView=mstats
19:28:16 [WARNING]   × No se pudo extraer eventId - partido sin estadísticas Opta
19:28:16 [INFO]   → Intentando fallback: extracción desde iframe de visualización...
19:28:16 [DEBUG]   → Extrayendo stats del iframe: https://videoplayer.betfair.es/GetPlayer.do?eID=35105544&contentType=viz&contentView=mstats&statsToggle=hide&contentOnly=true
19:28:24 [INFO]   ✓ Estadísticas del iframe capturadas: 6 campos
19:28:24 [INFO]   ✓ Fallback exitoso: 6 campos capturados desde iframe
19:28:24 [DEBUG] [al-hazm-ksa-al-akhdoud-apuestas-35232966] → Extrayendo volumen matched...
19:28:25 [WARNING]   × Timeout esperando estadísticas del iframe
19:28:25 [WARNING]   × Fallback del iframe no capturó estadísticas
19:28:25 [DEBUG] [al-quadisiya-ksa-neom-sports-club-apuestas-3524103] → Extrayendo volumen matched...
19:28:26 [WARNING]   × Timeout esperando estadísticas del iframe
19:28:26 [WARNING]   × Fallback del iframe no capturó estadísticas
19:28:26 [DEBUG] [wolfsburgo-femenino-juventus-fc-w-apuestas-3510554] → Extrayendo volumen matched...
19:28:37 [DEBUG] [al-hazm-ksa-al-akhdoud-apuestas-35232966] → Extrayendo momentum...
19:28:37 [DEBUG]   → Buscando URL del iframe de stats para Momentum...
19:28:38 [DEBUG] [al-quadisiya-ksa-neom-sports-club-apuestas-3524103] → Extrayendo momentum...
19:28:38 [DEBUG]   → Buscando URL del iframe de stats para Momentum...
19:28:39 [DEBUG] [wolfsburgo-femenino-juventus-fc-w-apuestas-3510554] → Extrayendo momentum...
19:28:39 [DEBUG]   → Buscando URL del iframe de stats para Momentum...
19:28:42 [DEBUG]   × No se encontró URL del iframe de stats
19:28:42 [INFO] ✓ [al-hazm-ksa-al-akhdoud-apuestas-35232966] Captura exitosa: descanso, min , 1-1
19:28:43 [DEBUG]   × No se encontró URL del iframe de stats
19:28:43 [INFO] ✓ [al-quadisiya-ksa-neom-sports-club-apuestas-3524103] Captura exitosa: descanso, min , 0-0
19:28:44 [DEBUG]   × No se encontró URL del iframe de stats
19:28:44 [INFO] ✓ [wolfsburgo-femenino-juventus-fc-w-apuestas-3510554] Captura exitosa: en_juego, min 42, 0-1
19:28:44 [INFO] ✓ Captura paralela completada en 46.8s (3/3 exitosos)
19:28:44 [WARNING] Ciclo tardó 46.8s (> 30s). Iniciando siguiente ciclo inmediatamente.
19:28:44 [INFO] 
--- Ciclo #5 ---
19:28:44 [INFO] 📸 Capturando 3 partidos en paralelo...
19:28:45 [DEBUG] ✓ Actualizar clickeado: al-hazm-ksa-al-akhdoud-apuestas-35232966
19:28:45 [DEBUG] ✓ Actualizar clickeado: wolfsburgo-femenino-juventus-fc-w-apuestas-3510554
19:28:45 [DEBUG] ✓ Actualizar clickeado: al-quadisiya-ksa-neom-sports-club-apuestas-3524103
19:28:45 [DEBUG] [al-hazm-ksa-al-akhdoud-apuestas-35232966] → Extrayendo información del partido...
19:28:45 [DEBUG] [wolfsburgo-femenino-juventus-fc-w-apuestas-3510554] → Extrayendo información del partido...
19:28:45 [DEBUG] [al-quadisiya-ksa-neom-sports-club-apuestas-3524103] → Extrayendo información del partido...
19:28:52 [DEBUG]   ✓ Estado detectado: DESCANSO (CSS: 'Descanso')
19:28:52 [DEBUG] [al-quadisiya-ksa-neom-sports-club-apuestas-3524103] → Extrayendo cuotas Match Odds...
19:28:52 [DEBUG]   ✓ Estado detectado: DESCANSO (CSS: 'Descanso')
19:28:52 [DEBUG] [al-hazm-ksa-al-akhdoud-apuestas-35232966] → Extrayendo cuotas Match Odds...
19:28:53 [DEBUG] [wolfsburgo-femenino-juventus-fc-w-apuestas-3510554] → Extrayendo cuotas Match Odds...
19:28:55 [DEBUG] [al-quadisiya-ksa-neom-sports-club-apuestas-3524103] → Extrayendo cuotas Over/Under...
19:28:55 [DEBUG] [al-hazm-ksa-al-akhdoud-apuestas-35232966] → Extrayendo cuotas Over/Under...
19:28:56 [DEBUG] [wolfsburgo-femenino-juventus-fc-w-apuestas-3510554] → Extrayendo cuotas Over/Under...
19:28:57 [DEBUG] [al-hazm-ksa-al-akhdoud-apuestas-35232966] → Extrayendo cuotas Resultado Correcto...
19:28:57 [DEBUG] [al-quadisiya-ksa-neom-sports-club-apuestas-3524103] → Extrayendo cuotas Resultado Correcto...
19:28:59 [DEBUG] [wolfsburgo-femenino-juventus-fc-w-apuestas-3510554] → Extrayendo cuotas Resultado Correcto...
19:29:01 [DEBUG] [al-hazm-ksa-al-akhdoud-apuestas-35232966] → Extrayendo estadísticas del partido...
19:29:01 [DEBUG]   → Extrayendo eventId del HTML...
19:29:01 [DEBUG] Betfair event ID extraído del HTML: 35232966
19:29:01 [DEBUG] Consultando videoplayer: https://videoplayer.betfair.es/GetPlayer.do?eID=35232966&contentType=viz&contentView=mstats
19:29:01 [DEBUG] [al-quadisiya-ksa-neom-sports-club-apuestas-3524103] → Extrayendo estadísticas del partido...
19:29:01 [DEBUG]   → Extrayendo eventId del HTML...
19:29:01 [DEBUG] Betfair event ID extraído del HTML: 35241036
19:29:01 [DEBUG] Consultando videoplayer: https://videoplayer.betfair.es/GetPlayer.do?eID=35241036&contentType=viz&contentView=mstats
19:29:01 [WARNING] No se encontró eventId de Opta en la respuesta del videoplayer
19:29:01 [WARNING]   × No se pudo extraer eventId - partido sin estadísticas Opta
19:29:01 [INFO]   → Intentando fallback: extracción desde iframe de visualización...
19:29:01 [DEBUG]   → Extrayendo stats del iframe: https://videoplayer.betfair.es/GetPlayer.do?eID=35232966&contentType=viz&contentView=mstats&statsToggle=hide&contentOnly=true
19:29:01 [ERROR] Error consultando videoplayer endpoint: 404 Client Error:  for url: https://videoplayer.betfair.es/GetPlayer.do?eID=35241036&contentType=viz&contentView=mstats
19:29:01 [WARNING]   × No se pudo extraer eventId - partido sin estadísticas Opta
19:29:01 [INFO]   → Intentando fallback: extracción desde iframe de visualización...
19:29:01 [DEBUG]   → Extrayendo stats del iframe: https://videoplayer.betfair.es/GetPlayer.do?eID=35241036&contentType=viz&contentView=mstats&statsToggle=hide&contentOnly=true
19:29:02 [DEBUG] [wolfsburgo-femenino-juventus-fc-w-apuestas-3510554] → Extrayendo estadísticas del partido...
19:29:02 [DEBUG]   → Extrayendo eventId del HTML...
19:29:02 [DEBUG] Betfair event ID extraído del HTML: 35105544
19:29:02 [DEBUG] Consultando videoplayer: https://videoplayer.betfair.es/GetPlayer.do?eID=35105544&contentType=viz&contentView=mstats
19:29:02 [ERROR] Error consultando videoplayer endpoint: 404 Client Error:  for url: https://videoplayer.betfair.es/GetPlayer.do?eID=35105544&contentType=viz&contentView=mstats
19:29:02 [WARNING]   × No se pudo extraer eventId - partido sin estadísticas Opta
19:29:02 [INFO]   → Intentando fallback: extracción desde iframe de visualización...
19:29:02 [DEBUG]   → Extrayendo stats del iframe: https://videoplayer.betfair.es/GetPlayer.do?eID=35105544&contentType=viz&contentView=mstats&statsToggle=hide&contentOnly=true
19:29:11 [INFO]   ✓ Estadísticas del iframe capturadas: 6 campos
19:29:11 [INFO]   ✓ Fallback exitoso: 6 campos capturados desde iframe
19:29:11 [DEBUG] [al-hazm-ksa-al-akhdoud-apuestas-35232966] → Extrayendo volumen matched...
19:29:12 [WARNING]   × Timeout esperando estadísticas del iframe
19:29:12 [WARNING]   × Fallback del iframe no capturó estadísticas
19:29:12 [DEBUG] [al-quadisiya-ksa-neom-sports-club-apuestas-3524103] → Extrayendo volumen matched...
19:29:13 [WARNING]   × Timeout esperando estadísticas del iframe
19:29:13 [WARNING]   × Fallback del iframe no capturó estadísticas
19:29:13 [DEBUG] [wolfsburgo-femenino-juventus-fc-w-apuestas-3510554] → Extrayendo volumen matched...
19:29:23 [DEBUG] [al-hazm-ksa-al-akhdoud-apuestas-35232966] → Extrayendo momentum...
19:29:23 [DEBUG]   → Buscando URL del iframe de stats para Momentum...
19:29:25 [DEBUG] [al-quadisiya-ksa-neom-sports-club-apuestas-3524103] → Extrayendo momentum...
19:29:25 [DEBUG]   → Buscando URL del iframe de stats para Momentum...
19:29:25 [DEBUG] [wolfsburgo-femenino-juventus-fc-w-apuestas-3510554] → Extrayendo momentum...
19:29:25 [DEBUG]   → Buscando URL del iframe de stats para Momentum...
19:29:29 [DEBUG]   × No se encontró URL del iframe de stats
19:29:29 [INFO] ✓ [al-hazm-ksa-al-akhdoud-apuestas-35232966] Captura exitosa: descanso, min , 1-1
19:29:30 [DEBUG]   × No se encontró URL del iframe de stats
19:29:30 [INFO] ✓ [al-quadisiya-ksa-neom-sports-club-apuestas-3524103] Captura exitosa: descanso, min , 0-0
19:29:31 [DEBUG]   × No se encontró URL del iframe de stats
19:29:31 [INFO] ✓ [wolfsburgo-femenino-juventus-fc-w-apuestas-3510554] Captura exitosa: en_juego, min 42, 0-1
19:29:31 [INFO] ✓ Captura paralela completada en 46.5s (3/3 exitosos)
19:29:31 [INFO] 🔄 Revisando games.csv para detectar cambios...
19:29:31 [INFO] Cargados 10 partidos desde games.csv
19:29:31 [WARNING] Ciclo tardó 46.5s (> 30s). Iniciando siguiente ciclo inmediatamente.
19:29:31 [INFO] 
--- Ciclo #6 ---
19:29:31 [INFO] 📸 Capturando 3 partidos en paralelo...
19:29:31 [DEBUG] ✓ Actualizar clickeado: al-hazm-ksa-al-akhdoud-apuestas-35232966
19:29:31 [DEBUG] ✓ Actualizar clickeado: al-quadisiya-ksa-neom-sports-club-apuestas-3524103
19:29:31 [DEBUG] ✓ Actualizar clickeado: wolfsburgo-femenino-juventus-fc-w-apuestas-3510554
19:29:32 [DEBUG] [al-hazm-ksa-al-akhdoud-apuestas-35232966] → Extrayendo información del partido...
19:29:32 [DEBUG] [al-quadisiya-ksa-neom-sports-club-apuestas-3524103] → Extrayendo información del partido...
19:29:32 [DEBUG] [wolfsburgo-femenino-juventus-fc-w-apuestas-3510554] → Extrayendo información del partido...
19:29:39 [DEBUG]   ✓ Estado detectado: DESCANSO (CSS: 'Descanso')
19:29:39 [DEBUG]   ✓ Estado detectado: DESCANSO (CSS: 'Descanso')
19:29:39 [DEBUG] [al-hazm-ksa-al-akhdoud-apuestas-35232966] → Extrayendo cuotas Match Odds...
19:29:39 [DEBUG] [al-quadisiya-ksa-neom-sports-club-apuestas-3524103] → Extrayendo cuotas Match Odds...
19:29:40 [DEBUG] [wolfsburgo-femenino-juventus-fc-w-apuestas-3510554] → Extrayendo cuotas Match Odds...
19:29:41 [DEBUG] [al-hazm-ksa-al-akhdoud-apuestas-35232966] → Extrayendo cuotas Over/Under...
19:29:41 [DEBUG] [al-quadisiya-ksa-neom-sports-club-apuestas-3524103] → Extrayendo cuotas Over/Under...
19:29:42 [DEBUG] [wolfsburgo-femenino-juventus-fc-w-apuestas-3510554] → Extrayendo cuotas Over/Under...
19:29:44 [DEBUG] [al-hazm-ksa-al-akhdoud-apuestas-35232966] → Extrayendo cuotas Resultado Correcto...
19:29:44 [DEBUG] [al-quadisiya-ksa-neom-sports-club-apuestas-3524103] → Extrayendo cuotas Resultado Correcto...
19:29:45 [DEBUG] [wolfsburgo-femenino-juventus-fc-w-apuestas-3510554] → Extrayendo cuotas Resultado Correcto...
19:29:47 [DEBUG] [al-hazm-ksa-al-akhdoud-apuestas-35232966] → Extrayendo estadísticas del partido...
19:29:47 [DEBUG]   → Extrayendo eventId del HTML...
19:29:47 [DEBUG] Betfair event ID extraído del HTML: 35232966
19:29:47 [DEBUG] Consultando videoplayer: https://videoplayer.betfair.es/GetPlayer.do?eID=35232966&contentType=viz&contentView=mstats
19:29:48 [DEBUG] [al-quadisiya-ksa-neom-sports-club-apuestas-3524103] → Extrayendo estadísticas del partido...
19:29:48 [DEBUG]   → Extrayendo eventId del HTML...
19:29:48 [DEBUG] Betfair event ID extraído del HTML: 35241036
19:29:48 [DEBUG] Consultando videoplayer: https://videoplayer.betfair.es/GetPlayer.do?eID=35241036&contentType=viz&contentView=mstats
19:29:48 [WARNING] No se encontró eventId de Opta en la respuesta del videoplayer
19:29:48 [WARNING]   × No se pudo extraer eventId - partido sin estadísticas Opta
19:29:48 [INFO]   → Intentando fallback: extracción desde iframe de visualización...
19:29:48 [DEBUG]   → Extrayendo stats del iframe: https://videoplayer.betfair.es/GetPlayer.do?eID=35232966&contentType=viz&contentView=mstats&statsToggle=hide&contentOnly=true
19:29:48 [ERROR] Error consultando videoplayer endpoint: 404 Client Error:  for url: https://videoplayer.betfair.es/GetPlayer.do?eID=35241036&contentType=viz&contentView=mstats
19:29:48 [WARNING]   × No se pudo extraer eventId - partido sin estadísticas Opta
19:29:48 [INFO]   → Intentando fallback: extracción desde iframe de visualización...
19:29:48 [DEBUG]   → Extrayendo stats del iframe: https://videoplayer.betfair.es/GetPlayer.do?eID=35241036&contentType=viz&contentView=mstats&statsToggle=hide&contentOnly=true
19:29:49 [DEBUG] [wolfsburgo-femenino-juventus-fc-w-apuestas-3510554] → Extrayendo estadísticas del partido...
19:29:49 [DEBUG]   → Extrayendo eventId del HTML...
19:29:49 [DEBUG] Betfair event ID extraído del HTML: 35105544
19:29:49 [DEBUG] Consultando videoplayer: https://videoplayer.betfair.es/GetPlayer.do?eID=35105544&contentType=viz&contentView=mstats
19:29:49 [ERROR] Error consultando videoplayer endpoint: 404 Client Error:  for url: https://videoplayer.betfair.es/GetPlayer.do?eID=35105544&contentType=viz&contentView=mstats
19:29:49 [WARNING]   × No se pudo extraer eventId - partido sin estadísticas Opta
19:29:49 [INFO]   → Intentando fallback: extracción desde iframe de visualización...
19:29:49 [DEBUG]   → Extrayendo stats del iframe: https://videoplayer.betfair.es/GetPlayer.do?eID=35105544&contentType=viz&contentView=mstats&statsToggle=hide&contentOnly=true
19:29:57 [INFO]   ✓ Estadísticas del iframe capturadas: 6 campos
19:29:57 [INFO]   ✓ Fallback exitoso: 6 campos capturados desde iframe
19:29:57 [DEBUG] [al-hazm-ksa-al-akhdoud-apuestas-35232966] → Extrayendo volumen matched...
19:29:58 [WARNING]   × Timeout esperando estadísticas del iframe
19:29:58 [WARNING]   × Fallback del iframe no capturó estadísticas
19:29:58 [DEBUG] [al-quadisiya-ksa-neom-sports-club-apuestas-3524103] → Extrayendo volumen matched...
19:29:59 [WARNING]   × Timeout esperando estadísticas del iframe
19:29:59 [WARNING]   × Fallback del iframe no capturó estadísticas
19:29:59 [DEBUG] [wolfsburgo-femenino-juventus-fc-w-apuestas-3510554] → Extrayendo volumen matched...
19:30:10 [DEBUG] [al-hazm-ksa-al-akhdoud-apuestas-35232966] → Extrayendo momentum...
19:30:10 [DEBUG]   → Buscando URL del iframe de stats para Momentum...
19:30:11 [DEBUG] [al-quadisiya-ksa-neom-sports-club-apuestas-3524103] → Extrayendo momentum...
19:30:11 [DEBUG]   → Buscando URL del iframe de stats para Momentum...
19:30:12 [DEBUG] [wolfsburgo-femenino-juventus-fc-w-apuestas-3510554] → Extrayendo momentum...
19:30:12 [DEBUG]   → Buscando URL del iframe de stats para Momentum...
19:30:15 [DEBUG]   × No se encontró URL del iframe de stats
19:30:15 [INFO] ✓ [al-hazm-ksa-al-akhdoud-apuestas-35232966] Captura exitosa: descanso, min , 1-1
19:30:16 [DEBUG]   × No se encontró URL del iframe de stats
19:30:16 [INFO] ✓ [al-quadisiya-ksa-neom-sports-club-apuestas-3524103] Captura exitosa: descanso, min , 0-0
19:30:17 [DEBUG]   × No se encontró URL del iframe de stats
19:30:17 [INFO] ✓ [wolfsburgo-femenino-juventus-fc-w-apuestas-3510554] Captura exitosa: en_juego, min 43, 0-1
19:30:17 [INFO] ✓ Captura paralela completada en 46.5s (3/3 exitosos)
19:30:17 [WARNING] Ciclo tardó 46.5s (> 30s). Iniciando siguiente ciclo inmediatamente.
19:30:17 [INFO] 
--- Ciclo #7 ---
19:30:17 [INFO] 📸 Capturando 3 partidos en paralelo...
19:30:18 [DEBUG] ✓ Actualizar clickeado: al-hazm-ksa-al-akhdoud-apuestas-35232966
19:30:18 [DEBUG] ✓ Actualizar clickeado: wolfsburgo-femenino-juventus-fc-w-apuestas-3510554
19:30:18 [DEBUG] ✓ Actualizar clickeado: al-quadisiya-ksa-neom-sports-club-apuestas-3524103
19:30:18 [DEBUG] [al-hazm-ksa-al-akhdoud-apuestas-35232966] → Extrayendo información del partido...
19:30:18 [DEBUG] [wolfsburgo-femenino-juventus-fc-w-apuestas-3510554] → Extrayendo información del partido...
19:30:18 [DEBUG] [al-quadisiya-ksa-neom-sports-club-apuestas-3524103] → Extrayendo información del partido...
19:30:25 [DEBUG]   ✓ Estado detectado: DESCANSO (CSS: 'Descanso')
19:30:25 [DEBUG] [al-quadisiya-ksa-neom-sports-club-apuestas-3524103] → Extrayendo cuotas Match Odds...
19:30:25 [DEBUG]   ✓ Estado detectado: DESCANSO (CSS: 'Descanso')
19:30:25 [DEBUG] [al-hazm-ksa-al-akhdoud-apuestas-35232966] → Extrayendo cuotas Match Odds...
19:30:26 [DEBUG] [wolfsburgo-femenino-juventus-fc-w-apuestas-3510554] → Extrayendo cuotas Match Odds...
19:30:28 [DEBUG] [al-quadisiya-ksa-neom-sports-club-apuestas-3524103] → Extrayendo cuotas Over/Under...
19:30:28 [DEBUG] [al-hazm-ksa-al-akhdoud-apuestas-35232966] → Extrayendo cuotas Over/Under...
19:30:29 [DEBUG] [wolfsburgo-femenino-juventus-fc-w-apuestas-3510554] → Extrayendo cuotas Over/Under...
19:30:31 [DEBUG] [al-hazm-ksa-al-akhdoud-apuestas-35232966] → Extrayendo cuotas Resultado Correcto...
19:30:31 [DEBUG] [al-quadisiya-ksa-neom-sports-club-apuestas-3524103] → Extrayendo cuotas Resultado Correcto...
19:30:32 [DEBUG] [wolfsburgo-femenino-juventus-fc-w-apuestas-3510554] → Extrayendo cuotas Resultado Correcto...
19:30:34 [DEBUG] [al-hazm-ksa-al-akhdoud-apuestas-35232966] → Extrayendo estadísticas del partido...
19:30:34 [DEBUG]   → Extrayendo eventId del HTML...
19:30:34 [DEBUG] Betfair event ID extraído del HTML: 35232966
19:30:34 [DEBUG] Consultando videoplayer: https://videoplayer.betfair.es/GetPlayer.do?eID=35232966&contentType=viz&contentView=mstats
19:30:34 [DEBUG] [al-quadisiya-ksa-neom-sports-club-apuestas-3524103] → Extrayendo estadísticas del partido...
19:30:34 [DEBUG]   → Extrayendo eventId del HTML...
19:30:34 [DEBUG] Betfair event ID extraído del HTML: 35241036
19:30:34 [DEBUG] Consultando videoplayer: https://videoplayer.betfair.es/GetPlayer.do?eID=35241036&contentType=viz&contentView=mstats
19:30:34 [WARNING] No se encontró eventId de Opta en la respuesta del videoplayer
19:30:34 [WARNING]   × No se pudo extraer eventId - partido sin estadísticas Opta
19:30:34 [INFO]   → Intentando fallback: extracción desde iframe de visualización...
19:30:34 [DEBUG]   → Extrayendo stats del iframe: https://videoplayer.betfair.es/GetPlayer.do?eID=35232966&contentType=viz&contentView=mstats&statsToggle=hide&contentOnly=true
19:30:35 [ERROR] Error consultando videoplayer endpoint: 404 Client Error:  for url: https://videoplayer.betfair.es/GetPlayer.do?eID=35241036&contentType=viz&contentView=mstats
19:30:35 [WARNING]   × No se pudo extraer eventId - partido sin estadísticas Opta
19:30:35 [INFO]   → Intentando fallback: extracción desde iframe de visualización...
19:30:35 [DEBUG]   → Extrayendo stats del iframe: https://videoplayer.betfair.es/GetPlayer.do?eID=35241036&contentType=viz&contentView=mstats&statsToggle=hide&contentOnly=true
19:30:35 [DEBUG] [wolfsburgo-femenino-juventus-fc-w-apuestas-3510554] → Extrayendo estadísticas del partido...
19:30:35 [DEBUG]   → Extrayendo eventId del HTML...
19:30:35 [DEBUG] Betfair event ID extraído del HTML: 35105544
19:30:35 [DEBUG] Consultando videoplayer: https://videoplayer.betfair.es/GetPlayer.do?eID=35105544&contentType=viz&contentView=mstats
19:30:36 [ERROR] Error consultando videoplayer endpoint: 404 Client Error:  for url: https://videoplayer.betfair.es/GetPlayer.do?eID=35105544&contentType=viz&contentView=mstats
19:30:36 [WARNING]   × No se pudo extraer eventId - partido sin estadísticas Opta
19:30:36 [INFO]   → Intentando fallback: extracción desde iframe de visualización...
19:30:36 [DEBUG]   → Extrayendo stats del iframe: https://videoplayer.betfair.es/GetPlayer.do?eID=35105544&contentType=viz&contentView=mstats&statsToggle=hide&contentOnly=true
19:30:44 [INFO]   ✓ Estadísticas del iframe capturadas: 6 campos
19:30:44 [INFO]   ✓ Fallback exitoso: 6 campos capturados desde iframe
19:30:44 [DEBUG] [al-hazm-ksa-al-akhdoud-apuestas-35232966] → Extrayendo volumen matched...
19:30:45 [WARNING]   × Timeout esperando estadísticas del iframe
19:30:45 [WARNING]   × Fallback del iframe no capturó estadísticas
19:30:45 [DEBUG] [al-quadisiya-ksa-neom-sports-club-apuestas-3524103] → Extrayendo volumen matched...
19:30:46 [WARNING]   × Timeout esperando estadísticas del iframe
19:30:46 [WARNING]   × Fallback del iframe no capturó estadísticas
19:30:46 [DEBUG] [wolfsburgo-femenino-juventus-fc-w-apuestas-3510554] → Extrayendo volumen matched...
19:30:57 [DEBUG] [al-hazm-ksa-al-akhdoud-apuestas-35232966] → Extrayendo momentum...
19:30:57 [DEBUG]   → Buscando URL del iframe de stats para Momentum...
19:30:58 [DEBUG] [al-quadisiya-ksa-neom-sports-club-apuestas-3524103] → Extrayendo momentum...
19:30:58 [DEBUG]   → Buscando URL del iframe de stats para Momentum...
19:30:59 [DEBUG] [wolfsburgo-femenino-juventus-fc-w-apuestas-3510554] → Extrayendo momentum...
19:30:59 [DEBUG]   → Buscando URL del iframe de stats para Momentum...
19:31:02 [DEBUG]   × No se encontró URL del iframe de stats
19:31:02 [INFO] ✓ [al-hazm-ksa-al-akhdoud-apuestas-35232966] Captura exitosa: descanso, min , 1-1
19:31:03 [DEBUG]   × No se encontró URL del iframe de stats
19:31:03 [INFO] ✓ [al-quadisiya-ksa-neom-sports-club-apuestas-3524103] Captura exitosa: descanso, min , 0-0
19:31:05 [DEBUG]   × No se encontró URL del iframe de stats
19:31:05 [INFO] ✓ [wolfsburgo-femenino-juventus-fc-w-apuestas-3510554] Captura exitosa: en_juego, min 44, 0-1
19:31:05 [INFO] ✓ Captura paralela completada en 47.3s (3/3 exitosos)
19:31:05 [WARNING] Ciclo tardó 47.3s (> 30s). Iniciando siguiente ciclo inmediatamente.
19:31:05 [INFO] 
--- Ciclo #8 ---
19:31:05 [INFO] 📸 Capturando 3 partidos en paralelo...
19:31:05 [DEBUG] ✓ Actualizar clickeado: al-hazm-ksa-al-akhdoud-apuestas-35232966
19:31:05 [DEBUG] ✓ Actualizar clickeado: wolfsburgo-femenino-juventus-fc-w-apuestas-3510554
19:31:05 [DEBUG] ✓ Actualizar clickeado: al-quadisiya-ksa-neom-sports-club-apuestas-3524103
19:31:05 [DEBUG] [al-hazm-ksa-al-akhdoud-apuestas-35232966] → Extrayendo información del partido...
19:31:05 [DEBUG] [wolfsburgo-femenino-juventus-fc-w-apuestas-3510554] → Extrayendo información del partido...
19:31:05 [DEBUG] [al-quadisiya-ksa-neom-sports-club-apuestas-3524103] → Extrayendo información del partido...
19:31:13 [DEBUG]   ✓ Estado detectado: DESCANSO (CSS: 'Descanso')
19:31:13 [DEBUG]   ✓ Estado detectado: DESCANSO (CSS: 'Descanso')
19:31:13 [DEBUG] [al-hazm-ksa-al-akhdoud-apuestas-35232966] → Extrayendo cuotas Match Odds...
19:31:13 [DEBUG] [al-quadisiya-ksa-neom-sports-club-apuestas-3524103] → Extrayendo cuotas Match Odds...
19:31:14 [DEBUG] [wolfsburgo-femenino-juventus-fc-w-apuestas-3510554] → Extrayendo cuotas Match Odds...
19:31:15 [DEBUG] [al-hazm-ksa-al-akhdoud-apuestas-35232966] → Extrayendo cuotas Over/Under...
19:31:15 [DEBUG] [al-quadisiya-ksa-neom-sports-club-apuestas-3524103] → Extrayendo cuotas Over/Under...
19:31:16 [DEBUG] [wolfsburgo-femenino-juventus-fc-w-apuestas-3510554] → Extrayendo cuotas Over/Under...
19:31:18 [DEBUG] [al-hazm-ksa-al-akhdoud-apuestas-35232966] → Extrayendo cuotas Resultado Correcto...
19:31:18 [DEBUG] [al-quadisiya-ksa-neom-sports-club-apuestas-3524103] → Extrayendo cuotas Resultado Correcto...
19:31:19 [DEBUG] [wolfsburgo-femenino-juventus-fc-w-apuestas-3510554] → Extrayendo cuotas Resultado Correcto...
19:31:21 [DEBUG] [al-hazm-ksa-al-akhdoud-apuestas-35232966] → Extrayendo estadísticas del partido...
19:31:21 [DEBUG]   → Extrayendo eventId del HTML...
19:31:21 [DEBUG] Betfair event ID extraído del HTML: 35232966
19:31:21 [DEBUG] Consultando videoplayer: https://videoplayer.betfair.es/GetPlayer.do?eID=35232966&contentType=viz&contentView=mstats
19:31:22 [DEBUG] [al-quadisiya-ksa-neom-sports-club-apuestas-3524103] → Extrayendo estadísticas del partido...
19:31:22 [DEBUG]   → Extrayendo eventId del HTML...
19:31:22 [DEBUG] Betfair event ID extraído del HTML: 35241036
19:31:22 [DEBUG] Consultando videoplayer: https://videoplayer.betfair.es/GetPlayer.do?eID=35241036&contentType=viz&contentView=mstats
19:31:22 [WARNING] No se encontró eventId de Opta en la respuesta del videoplayer
19:31:22 [WARNING]   × No se pudo extraer eventId - partido sin estadísticas Opta
19:31:22 [INFO]   → Intentando fallback: extracción desde iframe de visualización...
19:31:22 [DEBUG]   → Extrayendo stats del iframe: https://videoplayer.betfair.es/GetPlayer.do?eID=35232966&contentType=viz&contentView=mstats&statsToggle=hide&contentOnly=true
19:31:22 [ERROR] Error consultando videoplayer endpoint: 404 Client Error:  for url: https://videoplayer.betfair.es/GetPlayer.do?eID=35241036&contentType=viz&contentView=mstats
19:31:22 [WARNING]   × No se pudo extraer eventId - partido sin estadísticas Opta
19:31:22 [INFO]   → Intentando fallback: extracción desde iframe de visualización...
19:31:22 [DEBUG]   → Extrayendo stats del iframe: https://videoplayer.betfair.es/GetPlayer.do?eID=35241036&contentType=viz&contentView=mstats&statsToggle=hide&contentOnly=true
19:31:23 [DEBUG] [wolfsburgo-femenino-juventus-fc-w-apuestas-3510554] → Extrayendo estadísticas del partido...
19:31:23 [DEBUG]   → Extrayendo eventId del HTML...
19:31:23 [DEBUG] Betfair event ID extraído del HTML: 35105544
19:31:23 [DEBUG] Consultando videoplayer: https://videoplayer.betfair.es/GetPlayer.do?eID=35105544&contentType=viz&contentView=mstats
19:31:23 [ERROR] Error consultando videoplayer endpoint: 404 Client Error:  for url: https://videoplayer.betfair.es/GetPlayer.do?eID=35105544&contentType=viz&contentView=mstats
19:31:23 [WARNING]   × No se pudo extraer eventId - partido sin estadísticas Opta
19:31:23 [INFO]   → Intentando fallback: extracción desde iframe de visualización...
19:31:23 [DEBUG]   → Extrayendo stats del iframe: https://videoplayer.betfair.es/GetPlayer.do?eID=35105544&contentType=viz&contentView=mstats&statsToggle=hide&contentOnly=true
19:31:31 [INFO]   ✓ Estadísticas del iframe capturadas: 6 campos
19:31:31 [INFO]   ✓ Fallback exitoso: 6 campos capturados desde iframe
19:31:31 [DEBUG] [al-hazm-ksa-al-akhdoud-apuestas-35232966] → Extrayendo volumen matched...
19:31:33 [WARNING]   × Timeout esperando estadísticas del iframe
19:31:33 [WARNING]   × Fallback del iframe no capturó estadísticas
19:31:33 [DEBUG] [al-quadisiya-ksa-neom-sports-club-apuestas-3524103] → Extrayendo volumen matched...
19:31:34 [WARNING]   × Timeout esperando estadísticas del iframe
19:31:34 [WARNING]   × Fallback del iframe no capturó estadísticas
19:31:34 [DEBUG] [wolfsburgo-femenino-juventus-fc-w-apuestas-3510554] → Extrayendo volumen matched...
19:31:44 [DEBUG] [al-hazm-ksa-al-akhdoud-apuestas-35232966] → Extrayendo momentum...
19:31:44 [DEBUG]   → Buscando URL del iframe de stats para Momentum...
19:31:45 [DEBUG] [al-quadisiya-ksa-neom-sports-club-apuestas-3524103] → Extrayendo momentum...
19:31:45 [DEBUG]   → Buscando URL del iframe de stats para Momentum...
19:31:46 [DEBUG] [wolfsburgo-femenino-juventus-fc-w-apuestas-3510554] → Extrayendo momentum...
19:31:46 [DEBUG]   → Buscando URL del iframe de stats para Momentum...
19:31:49 [DEBUG]   × No se encontró URL del iframe de stats
19:31:49 [INFO] ✓ [al-hazm-ksa-al-akhdoud-apuestas-35232966] Captura exitosa: descanso, min , 1-1
19:31:51 [DEBUG]   × No se encontró URL del iframe de stats
19:31:51 [INFO] ✓ [al-quadisiya-ksa-neom-sports-club-apuestas-3524103] Captura exitosa: descanso, min , 0-0
19:31:52 [DEBUG]   × No se encontró URL del iframe de stats
19:31:52 [INFO] ✓ [wolfsburgo-femenino-juventus-fc-w-apuestas-3510554] Captura exitosa: en_juego, min 45, 0-1
19:31:52 [INFO] ✓ Captura paralela completada en 47.1s (3/3 exitosos)
19:31:52 [WARNING] Ciclo tardó 47.1s (> 30s). Iniciando siguiente ciclo inmediatamente.
19:31:52 [INFO] 
--- Ciclo #9 ---
19:31:52 [INFO] 📸 Capturando 3 partidos en paralelo...
19:31:52 [DEBUG] ✓ Actualizar clickeado: al-hazm-ksa-al-akhdoud-apuestas-35232966
19:31:52 [DEBUG] ✓ Actualizar clickeado: al-quadisiya-ksa-neom-sports-club-apuestas-3524103
19:31:52 [DEBUG] ✓ Actualizar clickeado: wolfsburgo-femenino-juventus-fc-w-apuestas-3510554
19:31:53 [DEBUG] [al-hazm-ksa-al-akhdoud-apuestas-35232966] → Extrayendo información del partido...
19:31:53 [DEBUG] [al-quadisiya-ksa-neom-sports-club-apuestas-3524103] → Extrayendo información del partido...
19:31:53 [DEBUG] [wolfsburgo-femenino-juventus-fc-w-apuestas-3510554] → Extrayendo información del partido...
19:32:00 [DEBUG]   ✓ Estado detectado: DESCANSO (CSS: 'Descanso')
19:32:00 [DEBUG]   ✓ Estado detectado: DESCANSO (CSS: 'Descanso')
19:32:00 [DEBUG] [al-hazm-ksa-al-akhdoud-apuestas-35232966] → Extrayendo cuotas Match Odds...
19:32:00 [DEBUG] [al-quadisiya-ksa-neom-sports-club-apuestas-3524103] → Extrayendo cuotas Match Odds...
19:32:01 [DEBUG] [wolfsburgo-femenino-juventus-fc-w-apuestas-3510554] → Extrayendo cuotas Match Odds...
19:32:02 [DEBUG] [al-hazm-ksa-al-akhdoud-apuestas-35232966] → Extrayendo cuotas Over/Under...
19:32:02 [DEBUG] [al-quadisiya-ksa-neom-sports-club-apuestas-3524103] → Extrayendo cuotas Over/Under...
19:32:03 [DEBUG] [wolfsburgo-femenino-juventus-fc-w-apuestas-3510554] → Extrayendo cuotas Over/Under...
19:32:05 [DEBUG] [al-hazm-ksa-al-akhdoud-apuestas-35232966] → Extrayendo cuotas Resultado Correcto...
19:32:05 [DEBUG] [al-quadisiya-ksa-neom-sports-club-apuestas-3524103] → Extrayendo cuotas Resultado Correcto...
19:32:07 [DEBUG] [wolfsburgo-femenino-juventus-fc-w-apuestas-3510554] → Extrayendo cuotas Resultado Correcto...
19:32:09 [DEBUG] [al-hazm-ksa-al-akhdoud-apuestas-35232966] → Extrayendo estadísticas del partido...
19:32:09 [DEBUG]   → Extrayendo eventId del HTML...
19:32:09 [DEBUG] Betfair event ID extraído del HTML: 35232966
19:32:09 [DEBUG] Consultando videoplayer: https://videoplayer.betfair.es/GetPlayer.do?eID=35232966&contentType=viz&contentView=mstats
19:32:09 [DEBUG] [al-quadisiya-ksa-neom-sports-club-apuestas-3524103] → Extrayendo estadísticas del partido...
19:32:09 [DEBUG]   → Extrayendo eventId del HTML...
19:32:09 [DEBUG] Betfair event ID extraído del HTML: 35241036
19:32:09 [DEBUG] Consultando videoplayer: https://videoplayer.betfair.es/GetPlayer.do?eID=35241036&contentType=viz&contentView=mstats
19:32:10 [WARNING] No se encontró eventId de Opta en la respuesta del videoplayer
19:32:10 [WARNING]   × No se pudo extraer eventId - partido sin estadísticas Opta
19:32:10 [INFO]   → Intentando fallback: extracción desde iframe de visualización...
19:32:10 [DEBUG]   → Extrayendo stats del iframe: https://videoplayer.betfair.es/GetPlayer.do?eID=35232966&contentType=viz&contentView=mstats&statsToggle=hide&contentOnly=true
19:32:10 [ERROR] Error consultando videoplayer endpoint: 404 Client Error:  for url: https://videoplayer.betfair.es/GetPlayer.do?eID=35241036&contentType=viz&contentView=mstats
19:32:10 [WARNING]   × No se pudo extraer eventId - partido sin estadísticas Opta
19:32:10 [INFO]   → Intentando fallback: extracción desde iframe de visualización...
19:32:10 [DEBUG]   → Extrayendo stats del iframe: https://videoplayer.betfair.es/GetPlayer.do?eID=35241036&contentType=viz&contentView=mstats&statsToggle=hide&contentOnly=true
19:32:10 [DEBUG] [wolfsburgo-femenino-juventus-fc-w-apuestas-3510554] → Extrayendo estadísticas del partido...
19:32:10 [DEBUG]   → Extrayendo eventId del HTML...
19:32:10 [DEBUG] Betfair event ID extraído del HTML: 35105544
19:32:10 [DEBUG] Consultando videoplayer: https://videoplayer.betfair.es/GetPlayer.do?eID=35105544&contentType=viz&contentView=mstats
19:32:11 [ERROR] Error consultando videoplayer endpoint: 404 Client Error:  for url: https://videoplayer.betfair.es/GetPlayer.do?eID=35105544&contentType=viz&contentView=mstats
19:32:11 [WARNING]   × No se pudo extraer eventId - partido sin estadísticas Opta
19:32:11 [INFO]   → Intentando fallback: extracción desde iframe de visualización...
19:32:11 [DEBUG]   → Extrayendo stats del iframe: https://videoplayer.betfair.es/GetPlayer.do?eID=35105544&contentType=viz&contentView=mstats&statsToggle=hide&contentOnly=true
19:32:19 [INFO]   ✓ Estadísticas del iframe capturadas: 6 campos
19:32:19 [INFO]   ✓ Fallback exitoso: 6 campos capturados desde iframe
19:32:19 [DEBUG] [al-hazm-ksa-al-akhdoud-apuestas-35232966] → Extrayendo volumen matched...
19:32:20 [WARNING]   × Timeout esperando estadísticas del iframe
19:32:20 [WARNING]   × Fallback del iframe no capturó estadísticas
19:32:20 [DEBUG] [al-quadisiya-ksa-neom-sports-club-apuestas-3524103] → Extrayendo volumen matched...
19:32:21 [WARNING]   × Timeout esperando estadísticas del iframe
19:32:21 [WARNING]   × Fallback del iframe no capturó estadísticas
19:32:21 [DEBUG] [wolfsburgo-femenino-juventus-fc-w-apuestas-3510554] → Extrayendo volumen matched...
19:32:32 [DEBUG] [al-hazm-ksa-al-akhdoud-apuestas-35232966] → Extrayendo momentum...
19:32:32 [DEBUG]   → Buscando URL del iframe de stats para Momentum...
19:32:33 [DEBUG] [al-quadisiya-ksa-neom-sports-club-apuestas-3524103] → Extrayendo momentum...
19:32:33 [DEBUG]   → Buscando URL del iframe de stats para Momentum...
19:32:34 [DEBUG] [wolfsburgo-femenino-juventus-fc-w-apuestas-3510554] → Extrayendo momentum...
19:32:34 [DEBUG]   → Buscando URL del iframe de stats para Momentum...
19:32:37 [DEBUG]   × No se encontró URL del iframe de stats
19:32:37 [INFO] ✓ [al-hazm-ksa-al-akhdoud-apuestas-35232966] Captura exitosa: descanso, min , 1-1
19:32:38 [DEBUG]   × No se encontró URL del iframe de stats
19:32:39 [INFO] ✓ [al-quadisiya-ksa-neom-sports-club-apuestas-3524103] Captura exitosa: descanso, min , 0-0
19:32:40 [DEBUG]   × No se encontró URL del iframe de stats
19:32:40 [INFO] ✓ [wolfsburgo-femenino-juventus-fc-w-apuestas-3510554] Captura exitosa: en_juego, min 45, 0-1
19:32:40 [INFO] ✓ Captura paralela completada en 47.9s (3/3 exitosos)
19:32:40 [WARNING] Ciclo tardó 47.9s (> 30s). Iniciando siguiente ciclo inmediatamente.
19:32:40 [INFO] 
--- Ciclo #10 ---
19:32:40 [INFO] 📸 Capturando 3 partidos en paralelo...
19:32:40 [DEBUG] ✓ Actualizar clickeado: al-quadisiya-ksa-neom-sports-club-apuestas-3524103
19:32:40 [DEBUG] ✓ Actualizar clickeado: al-hazm-ksa-al-akhdoud-apuestas-35232966
19:32:40 [DEBUG] ✓ Actualizar clickeado: wolfsburgo-femenino-juventus-fc-w-apuestas-3510554
19:32:40 [DEBUG] [al-quadisiya-ksa-neom-sports-club-apuestas-3524103] → Extrayendo información del partido...
19:32:40 [DEBUG] [al-hazm-ksa-al-akhdoud-apuestas-35232966] → Extrayendo información del partido...
19:32:40 [DEBUG] [wolfsburgo-femenino-juventus-fc-w-apuestas-3510554] → Extrayendo información del partido...
19:32:48 [DEBUG]   ✓ Estado detectado: DESCANSO (CSS: 'Descanso')
19:32:48 [DEBUG]   ✓ Estado detectado: DESCANSO (CSS: 'Descanso')
19:32:48 [DEBUG]   ✓ Estado detectado: DESCANSO (CSS: 'Descanso')
19:32:48 [DEBUG] [al-hazm-ksa-al-akhdoud-apuestas-35232966] → Extrayendo cuotas Match Odds...
19:32:48 [DEBUG] [wolfsburgo-femenino-juventus-fc-w-apuestas-3510554] → Extrayendo cuotas Match Odds...
19:32:48 [DEBUG] [al-quadisiya-ksa-neom-sports-club-apuestas-3524103] → Extrayendo cuotas Match Odds...
19:32:50 [DEBUG] [al-quadisiya-ksa-neom-sports-club-apuestas-3524103] → Extrayendo cuotas Over/Under...
19:32:50 [DEBUG] [al-hazm-ksa-al-akhdoud-apuestas-35232966] → Extrayendo cuotas Over/Under...
19:32:50 [DEBUG] [wolfsburgo-femenino-juventus-fc-w-apuestas-3510554] → Extrayendo cuotas Over/Under...
19:32:53 [DEBUG] [al-hazm-ksa-al-akhdoud-apuestas-35232966] → Extrayendo cuotas Resultado Correcto...
19:32:53 [DEBUG] [al-quadisiya-ksa-neom-sports-club-apuestas-3524103] → Extrayendo cuotas Resultado Correcto...
19:32:53 [DEBUG] [wolfsburgo-femenino-juventus-fc-w-apuestas-3510554] → Extrayendo cuotas Resultado Correcto...
19:32:56 [DEBUG] [al-hazm-ksa-al-akhdoud-apuestas-35232966] → Extrayendo estadísticas del partido...
19:32:56 [DEBUG]   → Extrayendo eventId del HTML...
19:32:56 [DEBUG] Betfair event ID extraído del HTML: 35232966
19:32:56 [DEBUG] Consultando videoplayer: https://videoplayer.betfair.es/GetPlayer.do?eID=35232966&contentType=viz&contentView=mstats
19:32:56 [DEBUG] [wolfsburgo-femenino-juventus-fc-w-apuestas-3510554] → Extrayendo estadísticas del partido...
19:32:56 [DEBUG]   → Extrayendo eventId del HTML...
19:32:56 [DEBUG] [al-quadisiya-ksa-neom-sports-club-apuestas-3524103] → Extrayendo estadísticas del partido...
19:32:56 [DEBUG]   → Extrayendo eventId del HTML...
19:32:56 [DEBUG] Betfair event ID extraído del HTML: 35105544
19:32:56 [DEBUG] Consultando videoplayer: https://videoplayer.betfair.es/GetPlayer.do?eID=35105544&contentType=viz&contentView=mstats
19:32:56 [DEBUG] Betfair event ID extraído del HTML: 35241036
19:32:56 [DEBUG] Consultando videoplayer: https://videoplayer.betfair.es/GetPlayer.do?eID=35241036&contentType=viz&contentView=mstats
19:32:56 [WARNING] No se encontró eventId de Opta en la respuesta del videoplayer
19:32:56 [WARNING]   × No se pudo extraer eventId - partido sin estadísticas Opta
19:32:56 [INFO]   → Intentando fallback: extracción desde iframe de visualización...
19:32:56 [DEBUG]   → Extrayendo stats del iframe: https://videoplayer.betfair.es/GetPlayer.do?eID=35232966&contentType=viz&contentView=mstats&statsToggle=hide&contentOnly=true
19:32:57 [ERROR] Error consultando videoplayer endpoint: 404 Client Error:  for url: https://videoplayer.betfair.es/GetPlayer.do?eID=35105544&contentType=viz&contentView=mstats
19:32:57 [WARNING]   × No se pudo extraer eventId - partido sin estadísticas Opta
19:32:57 [INFO]   → Intentando fallback: extracción desde iframe de visualización...
19:32:57 [DEBUG]   → Extrayendo stats del iframe: https://videoplayer.betfair.es/GetPlayer.do?eID=35105544&contentType=viz&contentView=mstats&statsToggle=hide&contentOnly=true
19:32:57 [ERROR] Error consultando videoplayer endpoint: 404 Client Error:  for url: https://videoplayer.betfair.es/GetPlayer.do?eID=35241036&contentType=viz&contentView=mstats
19:32:57 [WARNING]   × No se pudo extraer eventId - partido sin estadísticas Opta
19:32:57 [INFO]   → Intentando fallback: extracción desde iframe de visualización...
19:32:57 [DEBUG]   → Extrayendo stats del iframe: https://videoplayer.betfair.es/GetPlayer.do?eID=35241036&contentType=viz&contentView=mstats&statsToggle=hide&contentOnly=true
19:33:06 [INFO]   ✓ Estadísticas del iframe capturadas: 6 campos
19:33:06 [INFO]   ✓ Fallback exitoso: 6 campos capturados desde iframe
19:33:06 [DEBUG] [al-hazm-ksa-al-akhdoud-apuestas-35232966] → Extrayendo volumen matched...
19:33:07 [WARNING]   × Timeout esperando estadísticas del iframe
19:33:07 [WARNING]   × Fallback del iframe no capturó estadísticas
19:33:07 [DEBUG] [wolfsburgo-femenino-juventus-fc-w-apuestas-3510554] → Extrayendo volumen matched...
19:33:07 [WARNING]   × Timeout esperando estadísticas del iframe
19:33:07 [WARNING]   × Fallback del iframe no capturó estadísticas
19:33:07 [DEBUG] [al-quadisiya-ksa-neom-sports-club-apuestas-3524103] → Extrayendo volumen matched...
19:33:19 [DEBUG] [al-hazm-ksa-al-akhdoud-apuestas-35232966] → Extrayendo momentum...
19:33:19 [DEBUG]   → Buscando URL del iframe de stats para Momentum...
19:33:19 [DEBUG] [wolfsburgo-femenino-juventus-fc-w-apuestas-3510554] → Extrayendo momentum...
19:33:19 [DEBUG]   → Buscando URL del iframe de stats para Momentum...
19:33:20 [DEBUG] [al-quadisiya-ksa-neom-sports-club-apuestas-3524103] → Extrayendo momentum...
19:33:20 [DEBUG]   → Buscando URL del iframe de stats para Momentum...
19:33:24 [DEBUG]   × No se encontró URL del iframe de stats
19:33:24 [INFO] ✓ [al-hazm-ksa-al-akhdoud-apuestas-35232966] Captura exitosa: descanso, min , 1-1
19:33:25 [DEBUG]   × No se encontró URL del iframe de stats
19:33:25 [INFO] ✓ [wolfsburgo-femenino-juventus-fc-w-apuestas-3510554] Captura exitosa: descanso, min , 0-1
19:33:25 [DEBUG]   × No se encontró URL del iframe de stats
19:33:25 [INFO] ✓ [al-quadisiya-ksa-neom-sports-club-apuestas-3524103] Captura exitosa: descanso, min , 0-0
19:33:25 [INFO] ✓ Captura paralela completada en 45.7s (3/3 exitosos)
19:33:25 [INFO] 🔄 Revisando games.csv para detectar cambios...
19:33:25 [INFO] Cargados 10 partidos desde games.csv
19:33:25 [WARNING] Ciclo tardó 45.7s (> 30s). Iniciando siguiente ciclo inmediatamente.
19:33:25 [INFO] 
--- Ciclo #11 ---
19:33:25 [INFO] 📸 Capturando 3 partidos en paralelo...
19:33:26 [DEBUG] ✓ Actualizar clickeado: al-hazm-ksa-al-akhdoud-apuestas-35232966
19:33:26 [DEBUG] ✓ Actualizar clickeado: al-quadisiya-ksa-neom-sports-club-apuestas-3524103
19:33:26 [DEBUG] ✓ Actualizar clickeado: wolfsburgo-femenino-juventus-fc-w-apuestas-3510554
19:33:26 [DEBUG] [al-hazm-ksa-al-akhdoud-apuestas-35232966] → Extrayendo información del partido...
19:33:26 [DEBUG] [al-quadisiya-ksa-neom-sports-club-apuestas-3524103] → Extrayendo información del partido...
19:33:26 [DEBUG] [wolfsburgo-femenino-juventus-fc-w-apuestas-3510554] → Extrayendo información del partido...
19:33:33 [DEBUG]   ✓ Estado detectado: DESCANSO (CSS: 'Descanso')
19:33:33 [DEBUG] [al-hazm-ksa-al-akhdoud-apuestas-35232966] → Extrayendo cuotas Match Odds...
19:33:33 [DEBUG]   ✓ Estado detectado: DESCANSO (CSS: 'Descanso')
19:33:33 [DEBUG]   ✓ Estado detectado: DESCANSO (CSS: 'Descanso')
19:33:33 [DEBUG] [al-quadisiya-ksa-neom-sports-club-apuestas-3524103] → Extrayendo cuotas Match Odds...
19:33:33 [DEBUG] [wolfsburgo-femenino-juventus-fc-w-apuestas-3510554] → Extrayendo cuotas Match Odds...
19:33:36 [DEBUG] [al-hazm-ksa-al-akhdoud-apuestas-35232966] → Extrayendo cuotas Over/Under...
19:33:36 [DEBUG] [al-quadisiya-ksa-neom-sports-club-apuestas-3524103] → Extrayendo cuotas Over/Under...
19:33:36 [DEBUG] [wolfsburgo-femenino-juventus-fc-w-apuestas-3510554] → Extrayendo cuotas Over/Under...
19:33:38 [DEBUG] [al-hazm-ksa-al-akhdoud-apuestas-35232966] → Extrayendo cuotas Resultado Correcto...
19:33:38 [DEBUG] [al-quadisiya-ksa-neom-sports-club-apuestas-3524103] → Extrayendo cuotas Resultado Correcto...
19:33:39 [DEBUG] [wolfsburgo-femenino-juventus-fc-w-apuestas-3510554] → Extrayendo cuotas Resultado Correcto...
19:33:42 [DEBUG] [al-hazm-ksa-al-akhdoud-apuestas-35232966] → Extrayendo estadísticas del partido...
19:33:42 [DEBUG]   → Extrayendo eventId del HTML...
19:33:42 [DEBUG] Betfair event ID extraído del HTML: 35232966
19:33:42 [DEBUG] Consultando videoplayer: https://videoplayer.betfair.es/GetPlayer.do?eID=35232966&contentType=viz&contentView=mstats
19:33:42 [DEBUG] [al-quadisiya-ksa-neom-sports-club-apuestas-3524103] → Extrayendo estadísticas del partido...
19:33:42 [DEBUG]   → Extrayendo eventId del HTML...
19:33:42 [DEBUG] Betfair event ID extraído del HTML: 35241036
19:33:42 [DEBUG] Consultando videoplayer: https://videoplayer.betfair.es/GetPlayer.do?eID=35241036&contentType=viz&contentView=mstats
19:33:42 [DEBUG] [wolfsburgo-femenino-juventus-fc-w-apuestas-3510554] → Extrayendo estadísticas del partido...
19:33:42 [DEBUG]   → Extrayendo eventId del HTML...
19:33:42 [DEBUG] Betfair event ID extraído del HTML: 35105544
19:33:42 [DEBUG] Consultando videoplayer: https://videoplayer.betfair.es/GetPlayer.do?eID=35105544&contentType=viz&contentView=mstats
19:33:42 [WARNING] No se encontró eventId de Opta en la respuesta del videoplayer
19:33:42 [WARNING]   × No se pudo extraer eventId - partido sin estadísticas Opta
19:33:42 [INFO]   → Intentando fallback: extracción desde iframe de visualización...
19:33:42 [DEBUG]   → Extrayendo stats del iframe: https://videoplayer.betfair.es/GetPlayer.do?eID=35232966&contentType=viz&contentView=mstats&statsToggle=hide&contentOnly=true
19:33:43 [ERROR] Error consultando videoplayer endpoint: 404 Client Error:  for url: https://videoplayer.betfair.es/GetPlayer.do?eID=35241036&contentType=viz&contentView=mstats
19:33:43 [WARNING]   × No se pudo extraer eventId - partido sin estadísticas Opta
19:33:43 [INFO]   → Intentando fallback: extracción desde iframe de visualización...
19:33:43 [DEBUG]   → Extrayendo stats del iframe: https://videoplayer.betfair.es/GetPlayer.do?eID=35241036&contentType=viz&contentView=mstats&statsToggle=hide&contentOnly=true
19:33:43 [ERROR] Error consultando videoplayer endpoint: 404 Client Error:  for url: https://videoplayer.betfair.es/GetPlayer.do?eID=35105544&contentType=viz&contentView=mstats
19:33:43 [WARNING]   × No se pudo extraer eventId - partido sin estadísticas Opta
19:33:43 [INFO]   → Intentando fallback: extracción desde iframe de visualización...
19:33:43 [DEBUG]   → Extrayendo stats del iframe: https://videoplayer.betfair.es/GetPlayer.do?eID=35105544&contentType=viz&contentView=mstats&statsToggle=hide&contentOnly=true
19:33:52 [INFO]   ✓ Estadísticas del iframe capturadas: 6 campos
19:33:52 [INFO]   ✓ Fallback exitoso: 6 campos capturados desde iframe
19:33:52 [DEBUG] [al-hazm-ksa-al-akhdoud-apuestas-35232966] → Extrayendo volumen matched...
19:33:53 [WARNING]   × Timeout esperando estadísticas del iframe
19:33:53 [WARNING]   × Fallback del iframe no capturó estadísticas
19:33:53 [DEBUG] [al-quadisiya-ksa-neom-sports-club-apuestas-3524103] → Extrayendo volumen matched...
19:33:53 [WARNING]   × Timeout esperando estadísticas del iframe
19:33:53 [WARNING]   × Fallback del iframe no capturó estadísticas
19:33:53 [DEBUG] [wolfsburgo-femenino-juventus-fc-w-apuestas-3510554] → Extrayendo volumen matched...
