19:36:18 [INFO] 📝 Log guardándose en: logs/scraper_20260219_193618.log
19:36:18 [INFO] Cargados 22 partidos desde games.csv
19:36:18 [INFO] 📅 MODO SCHEDULING ACTIVADO
19:36:18 [INFO]    Ventana tracking: 10 min antes → 120 min después
19:36:18 [INFO]    Total en CSV: 22 partidos
19:36:18 [INFO]    ✓ Partidos activos ahora: 8
19:36:18 [INFO]    ⏰ Partidos futuros: 14
19:36:18 [INFO]    ✅ Partidos finalizados: 0
19:36:18 [INFO] 
📋 Próximos partidos a trackear:
19:36:18 [INFO]       Al Ahli - Al Najma Club (en 24 min)
19:36:18 [INFO]       Al-Ettifaq - Al-Fateh (KSA) (en 24 min)
19:36:18 [INFO]       Al-Kholood Club - Al Riyadh SC (en 24 min)
19:36:18 [INFO]       Al Ahly Cairo - El Gounah (en 54 min)
19:36:18 [INFO]       Al Mokawloon - Al-Masry (en 54 min)
19:36:18 [INFO] 🚀 Sistema multi-driver: Creando 8 drivers independientes (sin límite de tabs)
19:36:18 [INFO] 
Iniciando observador con 8 partidos.
19:36:18 [INFO] Ciclo: 30s | Output: data/
19:36:18 [INFO] 🔄 Recarga dinámica: Revisando games.csv cada 5 ciclos (scheduling)
19:36:18 [INFO] 🧹 Limpiando ventanas Betfair antiguas...
19:36:18 [WARNING] Script de limpieza no encontrado: C:\Users\agonz\OneDrive\Documents\Proyectos\Furbo\betfair_scraper\close_betfair_windows.ps1
19:36:19 [INFO] Cargados 22 partidos desde games.csv
19:36:19 [INFO] 
🚀 Iniciando 8 drivers Chrome (partidos en vivo o próximos)...
19:36:19 [INFO] 🔧 Creando driver de login: Brann - Bologna
19:36:19 [INFO] 🔧 Creando driver para: Brann - Bologna
