23:01:53 [INFO] 📝 Log guardándose en: logs/scraper_20260208_230153.log
23:01:53 [INFO] Cargadas 1 URLs desde games.csv
23:01:53 [INFO] Iniciando observador con 1 partidos.
23:01:53 [INFO] Ciclo: 30s | Output: data/
23:01:53 [INFO] Iniciando Chrome...
23:02:02 [INFO] ✓ Cookies aceptadas automáticamente
23:02:03 [INFO] Pestaña 0: benfica-alverca-apuestas-35218038 -> https://www.betfair.es/exchange/plus/es/f%C3%BAtbol/portugal-primeira-liga/benfi...
23:02:03 [INFO] ============================================================
23:02:03 [INFO] HAZ LOGIN MANUAL en Betfair.es ahora.
23:02:03 [INFO] Tienes 0 segundos...
23:02:03 [INFO] El scraper comenzará automáticamente después.
23:02:03 [INFO] ============================================================
23:02:03 [INFO] ============================================================
23:02:03 [INFO] CAPTURA INICIADA - Presiona Ctrl+C para detener
23:02:03 [INFO] ============================================================
23:02:03 [INFO] 
--- Ciclo #1 ---
23:02:04 [DEBUG] ✓ Clic en botón 'Actualizar' con selector: //button[contains(text(), 'Act
23:02:04 [INFO] [Tab 0] → Extrayendo información del partido...
23:02:39 [INFO] [Tab 0] → Extrayendo cuotas Match Odds...
23:02:43 [INFO] [Tab 0]   ✓ Match Odds: Home=4/4.3 | Draw=/ | Away=1.32/1.33
23:02:43 [INFO] [Tab 0] → Extrayendo cuotas Over/Under...
23:02:46 [INFO] [Tab 0]   ✓ Over/Under: 12/20 valores capturados
23:02:46 [INFO] [Tab 0] → Extrayendo cuotas Resultado Correcto...
23:02:49 [INFO] [Tab 0]   ✓ Resultado Correcto: 16/30 valores capturados
23:02:49 [INFO] [Tab 0] → Extrayendo estadísticas del partido...
23:02:49 [DEBUG]   → Buscando pestaña 'Estadísticas del partido'...
23:02:49 [DEBUG]   ✓ Clic en pestaña 'Estadísticas del partido'
23:02:50 [DEBUG]   → Total iframes encontrados: 7
23:02:50 [DEBUG]   → Iframe #1: accediendo...
23:02:50 [DEBUG]     → Encontrados 5 iframes anidados, revisando...
23:02:50 [DEBUG]       → Iframe anidado #1: accediendo...
23:02:50 [DEBUG]         - Párrafos encontrados: 46
23:02:51 [DEBUG]         ✓ Contiene estadísticas! Extrayendo...
23:02:51 [DEBUG]       × xG rechazado (valores no numéricos): Momentum - Attacking
23:02:51 [DEBUG]       ✓ Red Cards: Discipline - 1.51
23:02:51 [DEBUG]       ✓ Opta Points: 173.2 - 133.2
23:02:51 [DEBUG]       ✓ Possession: 66% - 34%
23:02:51 [DEBUG]       ✓ Shots: 21 - 4
23:02:51 [DEBUG]       ✓ Shots On Target: 6 - 2
23:02:51 [DEBUG]       ✓ Touches in Box: 32 - 5
23:02:51 [DEBUG]       ✓ Yellow Cards: 2 - 2
23:02:51 [DEBUG]       ✓ Red Cards: 0 - 0
23:02:51 [DEBUG]       ✓ Booking Points: 20 - 20
23:02:51 [DEBUG]       ✓ Total Passes: 369 - 199
23:02:51 [DEBUG]       ✓ Corners: 8 - 0
23:02:51 [DEBUG]   ✓✓ Total: 11 estadísticas Summary capturadas
23:02:51 [INFO] [Tab 0]   ✓ Estadísticas: 20/22 valores capturados
23:02:51 [INFO] [Tab 0]     - xG: / | Opta Points: 173.2/133.2
23:02:51 [INFO] [Tab 0]     - Posesión: 66/34 | Corners: 8/0
23:02:51 [INFO] [Tab 0] → Extrayendo volumen matched...
23:03:04 [INFO] [Tab 0]   ✓ Volumen: No capturado
23:03:04 [INFO] [Tab 0] → Extrayendo momentum...
23:03:04 [DEBUG]   → Buscando pestaña 'Estadísticas del partido' para Momentum...
23:03:05 [DEBUG]   × Error general extrayendo Momentum: Message: element click intercepted: Element <li class="bf-col-1-2 tab selected" ng-repeat="tab in livestream.data.tabs" ng-click="livestream.events.selectTab($index, livestream.data.tabs[$index])" ng-class="{ selected: livestream.data.selectedTab == $index }">...</li> is not clickable at point (1359, 608). Other element would receive the click: <ul class="tabs bf-row">...</ul>
  (Session info: chrome=144.0.7559.133); For documentation on this error, please visit: https://www.selenium.dev/documentation/webdriver/troubleshooting/errors#elementclickinterceptedexception
Stacktrace:
Symbols not available. Dumping unresolved backtrace:
	0xe15093
	0xe150d4
	0xc0b490
	0xc5bfd8
	0xc5a1e9
	0xc57ba2
	0xc56db4
	0xc4b4f8
	0xc781bc
	0xc4af34
	0xc78384
	0xc95341
	0xc77f56
	0xc496c9
	0xc4a484
	0x1067e34
	0x10630c9
	0x1080add
	0xe2db38
	0xe358ad
	0xe1d848
	0xe1da12
	0xe075fa
	0x75db5d49
	0x779ad5db
	0x779ad561

23:03:05 [INFO] [Tab 0]   ✓ Momentum: 0/2 valores capturados
23:03:05 [INFO] [Tab 0] ⚽ benfica-alverca-apuestas-35218038 | EN_JUEGO | Min:67 | 1-1 | BH:4 LH:4.3
23:03:05 [WARNING] Ciclo tardó 61.8s (> 30s). Iniciando siguiente ciclo inmediatamente.
23:03:05 [INFO] 
--- Ciclo #2 ---
23:03:05 [DEBUG] ✓ Clic en botón 'Actualizar' con selector: //button[contains(text(), 'Act
23:03:06 [INFO] [Tab 0] → Extrayendo información del partido...
23:03:41 [INFO] [Tab 0] → Extrayendo cuotas Match Odds...
23:03:44 [INFO] [Tab 0]   ✓ Match Odds: Home=1.52/1.53 | Draw=3/3.15 | Away=16/16.5
23:03:44 [INFO] [Tab 0] → Extrayendo cuotas Over/Under...
23:03:46 [INFO] [Tab 0]   ✓ Over/Under: 12/20 valores capturados
23:03:46 [INFO] [Tab 0] → Extrayendo cuotas Resultado Correcto...
23:03:49 [INFO] [Tab 0]   ✓ Resultado Correcto: 16/30 valores capturados
23:03:49 [INFO] [Tab 0] → Extrayendo estadísticas del partido...
23:03:49 [DEBUG]   → Buscando pestaña 'Estadísticas del partido'...
23:03:50 [DEBUG]   × No se pudo hacer clic en pestaña de estadísticas: Message: element click intercepted: Element <li class="bf-col-1-2 tab selected" ng-repeat="tab in livestream.data.tabs" ng-click="livestream.events.selectTab($index, livestream.data.tabs[$index])" ng-class="{ selected: livestream.data.selectedTab == $index }">...</li> is not clickable at point (1359, 608). Other element would receive the click: <ul class="tabs bf-row">...</ul>
  (Session info: chrome=144.0.7559.133); For documentation on this error, please visit: https://www.selenium.dev/documentation/webdriver/troubleshooting/errors#elementclickinterceptedexception
Stacktrace:
Symbols not available. Dumping unresolved backtrace:
	0xe15093
	0xe150d4
	0xc0b490
	0xc5bfd8
	0xc5a1e9
	0xc57ba2
	0xc56db4
	0xc4b4f8
	0xc781bc
	0xc4af34
	0xc78384
	0xc95341
	0xc77f56
	0xc496c9
	0xc4a484
	0x1067e34
	0x10630c9
	0x1080add
	0xe2db38
	0xe358ad
	0xe1d848
	0xe1da12
	0xe075fa
	0x75db5d49
	0x779ad5db
	0x779ad561

23:03:50 [DEBUG]   → Total iframes encontrados: 7
23:03:50 [DEBUG]   → Iframe #1: accediendo...
23:03:50 [DEBUG]     → Encontrados 5 iframes anidados, revisando...
23:03:50 [DEBUG]       → Iframe anidado #1: accediendo...
23:03:50 [DEBUG]         - Párrafos encontrados: 46
23:03:51 [DEBUG]         ✓ Contiene estadísticas! Extrayendo...
23:03:51 [DEBUG]       × xG rechazado (valores no numéricos): Momentum - Attacking
23:03:51 [DEBUG]       ✓ Red Cards: Discipline - 1.51
23:03:51 [DEBUG]       ✓ Opta Points: 178.0 - 133.4
23:03:51 [DEBUG]       ✓ Possession: 66% - 34%
23:03:51 [DEBUG]       ✓ Shots: 22 - 4
23:03:51 [DEBUG]       ✓ Shots On Target: 7 - 2
23:03:51 [DEBUG]       ✓ Touches in Box: 32 - 5
23:03:51 [DEBUG]       ✓ Yellow Cards: 2 - 2
23:03:51 [DEBUG]       ✓ Red Cards: 0 - 0
23:03:51 [DEBUG]       ✓ Booking Points: 20 - 20
23:03:51 [DEBUG]       ✓ Total Passes: 372 - 204
23:03:51 [DEBUG]       ✓ Corners: 8 - 0
23:03:51 [DEBUG]   ✓✓ Total: 11 estadísticas Summary capturadas
23:03:51 [INFO] [Tab 0]   ✓ Estadísticas: 20/22 valores capturados
23:03:51 [INFO] [Tab 0]     - xG: / | Opta Points: 178.0/133.4
23:03:51 [INFO] [Tab 0]     - Posesión: 66/34 | Corners: 8/0
23:03:51 [INFO] [Tab 0] → Extrayendo volumen matched...
23:04:04 [INFO] [Tab 0]   ✓ Volumen: No capturado
23:04:04 [INFO] [Tab 0] → Extrayendo momentum...
23:04:04 [DEBUG]   → Buscando pestaña 'Estadísticas del partido' para Momentum...
23:04:05 [DEBUG]   × Error general extrayendo Momentum: Message: element click intercepted: Element <li class="bf-col-1-2 tab selected" ng-repeat="tab in livestream.data.tabs" ng-click="livestream.events.selectTab($index, livestream.data.tabs[$index])" ng-class="{ selected: livestream.data.selectedTab == $index }">...</li> is not clickable at point (1359, 608). Other element would receive the click: <ul class="tabs bf-row">...</ul>
  (Session info: chrome=144.0.7559.133); For documentation on this error, please visit: https://www.selenium.dev/documentation/webdriver/troubleshooting/errors#elementclickinterceptedexception
Stacktrace:
Symbols not available. Dumping unresolved backtrace:
	0xe15093
	0xe150d4
	0xc0b490
	0xc5bfd8
	0xc5a1e9
	0xc57ba2
	0xc56db4
	0xc4b4f8
	0xc781bc
	0xc4af34
	0xc78384
	0xc95341
	0xc77f56
	0xc496c9
	0xc4a484
	0x1067e34
	0x10630c9
	0x1080add
	0xe2db38
	0xe358ad
	0xe1d848
	0xe1da12
	0xe075fa
	0x75db5d49
	0x779ad5db
	0x779ad561

23:04:05 [INFO] [Tab 0]   ✓ Momentum: 0/2 valores capturados
23:04:05 [INFO] [Tab 0] ⚽ benfica-alverca-apuestas-35218038 | EN_JUEGO | Min:69 | 1-1 | BH:1.52 LH:1.53
23:04:05 [WARNING] Ciclo tardó 60.0s (> 30s). Iniciando siguiente ciclo inmediatamente.
23:04:05 [INFO] 
--- Ciclo #3 ---
23:04:05 [DEBUG] ✓ Clic en botón 'Actualizar' con selector: //button[contains(text(), 'Act
23:04:06 [INFO] [Tab 0] → Extrayendo información del partido...
23:04:41 [INFO] [Tab 0] → Extrayendo cuotas Match Odds...
23:04:44 [INFO] [Tab 0]   ✓ Match Odds: Home=/ | Draw=2.92/3.7 | Away=/
23:04:44 [WARNING] ⟳ Match Odds incompletos (1/3), refrescando pestaña...
23:05:13 [DEBUG] No se encontró banner de cookies (puede que ya esté aceptado)
23:05:52 [INFO] ✓ Refresco exitoso: 3/3 cuotas capturadas
23:05:52 [INFO] [Tab 0] → Extrayendo cuotas Over/Under...
23:05:54 [INFO] [Tab 0]   ✓ Over/Under: 0/20 valores capturados
23:05:54 [INFO] [Tab 0] → Extrayendo cuotas Resultado Correcto...
23:05:56 [INFO] [Tab 0]   ✓ Resultado Correcto: 0/30 valores capturados
23:05:56 [INFO] [Tab 0] → Extrayendo estadísticas del partido...
23:05:56 [DEBUG]   → Buscando pestaña 'Estadísticas del partido'...
23:05:56 [DEBUG]   ✓ Clic en pestaña 'Estadísticas del partido'
23:05:57 [DEBUG]   → Total iframes encontrados: 8
23:05:57 [DEBUG]   → Iframe #1: accediendo...
23:05:57 [DEBUG]     → Encontrados 5 iframes anidados, revisando...
23:05:57 [DEBUG]       → Iframe anidado #1: accediendo...
23:05:57 [DEBUG]         - Párrafos encontrados: 46
23:05:57 [DEBUG]         ✓ Contiene estadísticas! Extrayendo...
23:05:57 [DEBUG]       × xG rechazado (valores no numéricos): Momentum - Attacking
23:05:57 [DEBUG]       ✓ Red Cards: Discipline - 1.62
23:05:57 [DEBUG]       ✓ Opta Points: 181.4 - 132.8
23:05:57 [DEBUG]       ✓ Possession: 66% - 34%
23:05:57 [DEBUG]       ✓ Shots: 22 - 4
23:05:57 [DEBUG]       ✓ Shots On Target: 7 - 2
23:05:57 [DEBUG]       ✓ Touches in Box: 36 - 6
23:05:58 [DEBUG]       ✓ Yellow Cards: 2 - 2
23:05:58 [DEBUG]       ✓ Red Cards: 0 - 0
23:05:58 [DEBUG]       ✓ Booking Points: 20 - 20
23:05:58 [DEBUG]       ✓ Total Passes: 384 - 204
23:05:58 [DEBUG]       ✓ Corners: 8 - 0
23:05:58 [DEBUG]   ✓✓ Total: 11 estadísticas Summary capturadas
23:05:58 [INFO] [Tab 0]   ✓ Estadísticas: 20/22 valores capturados
23:05:58 [INFO] [Tab 0]     - xG: / | Opta Points: 181.4/132.8
23:05:58 [INFO] [Tab 0]     - Posesión: 66/34 | Corners: 8/0
23:05:58 [INFO] [Tab 0] → Extrayendo volumen matched...
23:06:10 [INFO] [Tab 0]   ✓ Volumen: No capturado
23:06:10 [INFO] [Tab 0] → Extrayendo momentum...
23:06:10 [DEBUG]   → Buscando pestaña 'Estadísticas del partido' para Momentum...
23:06:11 [DEBUG]   × Error general extrayendo Momentum: Message: element click intercepted: Element <li class="bf-col-1-2 tab selected" ng-repeat="tab in livestream.data.tabs" ng-click="livestream.events.selectTab($index, livestream.data.tabs[$index])" ng-class="{ selected: livestream.data.selectedTab == $index }">...</li> is not clickable at point (1359, 608). Other element would receive the click: <ul class="tabs bf-row">...</ul>
  (Session info: chrome=144.0.7559.133); For documentation on this error, please visit: https://www.selenium.dev/documentation/webdriver/troubleshooting/errors#elementclickinterceptedexception
Stacktrace:
Symbols not available. Dumping unresolved backtrace:
	0xe15093
	0xe150d4
	0xc0b490
	0xc5bfd8
	0xc5a1e9
	0xc57ba2
	0xc56db4
	0xc4b4f8
	0xc781bc
	0xc4af34
	0xc78384
	0xc95341
	0xc77f56
	0xc496c9
	0xc4a484
	0x1067e34
	0x10630c9
	0x1080add
	0xe2db38
	0xe358ad
	0xe1d848
	0xe1da12
	0xe075fa
	0x75db5d49
	0x779ad5db
	0x779ad561

23:06:11 [INFO] [Tab 0]   ✓ Momentum: 0/2 valores capturados
23:06:11 [INFO] [Tab 0] ⚽ benfica-alverca-apuestas-35218038 | EN_JUEGO | Min:70 | 1-1 | BH:1.56 LH:1.57
23:06:11 [WARNING] Ciclo tardó 126.3s (> 30s). Iniciando siguiente ciclo inmediatamente.
23:06:11 [INFO] 
--- Ciclo #4 ---
23:06:12 [DEBUG] ✓ Clic en botón 'Actualizar' con selector: //button[contains(text(), 'Act
23:06:12 [INFO] [Tab 0] → Extrayendo información del partido...
23:06:47 [INFO] [Tab 0] → Extrayendo cuotas Match Odds...
23:06:50 [INFO] [Tab 0]   ✓ Match Odds: Home=1.54/1.6 | Draw=2.88/2.96 | Away=16/16.5
23:06:50 [INFO] [Tab 0] → Extrayendo cuotas Over/Under...
23:06:52 [INFO] [Tab 0]   ✓ Over/Under: 0/20 valores capturados
23:06:52 [INFO] [Tab 0] → Extrayendo cuotas Resultado Correcto...
23:06:54 [INFO] [Tab 0]   ✓ Resultado Correcto: 0/30 valores capturados
23:06:54 [INFO] [Tab 0] → Extrayendo estadísticas del partido...
23:06:54 [DEBUG]   → Buscando pestaña 'Estadísticas del partido'...
23:06:55 [DEBUG]   × No se pudo hacer clic en pestaña de estadísticas: Message: element click intercepted: Element <li class="bf-col-1-2 tab selected" ng-repeat="tab in livestream.data.tabs" ng-click="livestream.events.selectTab($index, livestream.data.tabs[$index])" ng-class="{ selected: livestream.data.selectedTab == $index }">...</li> is not clickable at point (1359, 608). Other element would receive the click: <ul class="tabs bf-row">...</ul>
  (Session info: chrome=144.0.7559.133); For documentation on this error, please visit: https://www.selenium.dev/documentation/webdriver/troubleshooting/errors#elementclickinterceptedexception
Stacktrace:
Symbols not available. Dumping unresolved backtrace:
	0xe15093
	0xe150d4
	0xc0b490
	0xc5bfd8
	0xc5a1e9
	0xc57ba2
	0xc56db4
	0xc4b4f8
	0xc781bc
	0xc4af34
	0xc78384
	0xc95341
	0xc77f56
	0xc496c9
	0xc4a484
	0x1067e34
	0x10630c9
	0x1080add
	0xe2db38
	0xe358ad
	0xe1d848
	0xe1da12
	0xe075fa
	0x75db5d49
	0x779ad5db
	0x779ad561

23:06:55 [DEBUG]   → Total iframes encontrados: 8
23:06:55 [DEBUG]   → Iframe #1: accediendo...
23:06:55 [DEBUG]     → Encontrados 5 iframes anidados, revisando...
23:06:55 [DEBUG]       → Iframe anidado #1: accediendo...
23:06:55 [DEBUG]         - Párrafos encontrados: 46
23:06:55 [DEBUG]         ✓ Contiene estadísticas! Extrayendo...
23:06:55 [DEBUG]       × xG rechazado (valores no numéricos): Momentum - Attacking
23:06:56 [DEBUG]       ✓ Red Cards: Discipline - 1.62
23:06:56 [DEBUG]       ✓ Opta Points: 183.6 - 132.8
23:06:56 [DEBUG]       ✓ Possession: 67% - 34%
23:06:56 [DEBUG]       ✓ Shots: 23 - 4
23:06:56 [DEBUG]       ✓ Shots On Target: 7 - 2
23:06:56 [DEBUG]       ✓ Touches in Box: 36 - 6
23:06:56 [DEBUG]       ✓ Yellow Cards: 2 - 2
23:06:56 [DEBUG]       ✓ Red Cards: 0 - 0
23:06:56 [DEBUG]       ✓ Booking Points: 20 - 20
23:06:56 [DEBUG]       ✓ Total Passes: 384 - 204
23:06:56 [DEBUG]       ✓ Corners: 8 - 0
23:06:56 [DEBUG]   ✓✓ Total: 11 estadísticas Summary capturadas
23:06:56 [INFO] [Tab 0]   ✓ Estadísticas: 20/22 valores capturados
23:06:56 [INFO] [Tab 0]     - xG: / | Opta Points: 183.6/132.8
23:06:56 [INFO] [Tab 0]     - Posesión: 67/34 | Corners: 8/0
23:06:56 [INFO] [Tab 0] → Extrayendo volumen matched...
23:07:09 [INFO] [Tab 0]   ✓ Volumen: No capturado
23:07:09 [INFO] [Tab 0] → Extrayendo momentum...
23:07:09 [DEBUG]   → Buscando pestaña 'Estadísticas del partido' para Momentum...
23:07:10 [DEBUG]   × Error general extrayendo Momentum: Message: element click intercepted: Element <li class="bf-col-1-2 tab selected" ng-repeat="tab in livestream.data.tabs" ng-click="livestream.events.selectTab($index, livestream.data.tabs[$index])" ng-class="{ selected: livestream.data.selectedTab == $index }">...</li> is not clickable at point (1359, 608). Other element would receive the click: <ul class="tabs bf-row">...</ul>
  (Session info: chrome=144.0.7559.133); For documentation on this error, please visit: https://www.selenium.dev/documentation/webdriver/troubleshooting/errors#elementclickinterceptedexception
Stacktrace:
Symbols not available. Dumping unresolved backtrace:
	0xe15093
	0xe150d4
	0xc0b490
	0xc5bfd8
	0xc5a1e9
	0xc57ba2
	0xc56db4
	0xc4b4f8
	0xc781bc
	0xc4af34
	0xc78384
	0xc95341
	0xc77f56
	0xc496c9
	0xc4a484
	0x1067e34
	0x10630c9
	0x1080add
	0xe2db38
	0xe358ad
	0xe1d848
	0xe1da12
	0xe075fa
	0x75db5d49
	0x779ad5db
	0x779ad561

23:07:10 [INFO] [Tab 0]   ✓ Momentum: 0/2 valores capturados
23:07:10 [INFO] [Tab 0] ⚽ benfica-alverca-apuestas-35218038 | EN_JUEGO | Min:72 | 1-1 | BH:1.54 LH:1.6
23:07:10 [WARNING] Ciclo tardó 58.3s (> 30s). Iniciando siguiente ciclo inmediatamente.
23:07:10 [INFO] 
--- Ciclo #5 ---
23:07:10 [DEBUG] ✓ Clic en botón 'Actualizar' con selector: //button[contains(text(), 'Act
23:07:10 [INFO] [Tab 0] → Extrayendo información del partido...
23:07:45 [INFO] [Tab 0] → Extrayendo cuotas Match Odds...
23:07:48 [INFO] [Tab 0]   ✓ Match Odds: Home=1.67/1.68 | Draw=1.05/2.56 | Away=15/15.5
23:07:48 [INFO] [Tab 0] → Extrayendo cuotas Over/Under...
23:07:51 [INFO] [Tab 0]   ✓ Over/Under: 0/20 valores capturados
23:07:51 [INFO] [Tab 0] → Extrayendo cuotas Resultado Correcto...
23:07:54 [INFO] [Tab 0]   ✓ Resultado Correcto: 0/30 valores capturados
23:07:54 [INFO] [Tab 0] → Extrayendo estadísticas del partido...
23:07:54 [DEBUG]   → Buscando pestaña 'Estadísticas del partido'...
23:07:55 [DEBUG]   × No se pudo hacer clic en pestaña de estadísticas: Message: element click intercepted: Element <li class="bf-col-1-2 tab selected" ng-repeat="tab in livestream.data.tabs" ng-click="livestream.events.selectTab($index, livestream.data.tabs[$index])" ng-class="{ selected: livestream.data.selectedTab == $index }">...</li> is not clickable at point (1359, 608). Other element would receive the click: <ul class="tabs bf-row">...</ul>
  (Session info: chrome=144.0.7559.133); For documentation on this error, please visit: https://www.selenium.dev/documentation/webdriver/troubleshooting/errors#elementclickinterceptedexception
Stacktrace:
Symbols not available. Dumping unresolved backtrace:
	0xe15093
	0xe150d4
	0xc0b490
	0xc5bfd8
	0xc5a1e9
	0xc57ba2
	0xc56db4
	0xc4b4f8
	0xc781bc
	0xc4af34
	0xc78384
	0xc95341
	0xc77f56
	0xc496c9
	0xc4a484
	0x1067e34
	0x10630c9
	0x1080add
	0xe2db38
	0xe358ad
	0xe1d848
	0xe1da12
	0xe075fa
	0x75db5d49
	0x779ad5db
	0x779ad561

23:07:55 [DEBUG]   → Total iframes encontrados: 8
23:07:55 [DEBUG]   → Iframe #1: accediendo...
23:07:55 [DEBUG]     → Encontrados 5 iframes anidados, revisando...
23:07:55 [DEBUG]       → Iframe anidado #1: accediendo...
23:07:55 [DEBUG]         - Párrafos encontrados: 46
23:07:56 [DEBUG]         ✓ Contiene estadísticas! Extrayendo...
23:07:56 [DEBUG]       × xG rechazado (valores no numéricos): Momentum - Attacking
23:07:56 [DEBUG]       ✓ Red Cards: Discipline - 1.62
23:07:56 [DEBUG]       ✓ Opta Points: 187.0 - 133.8
23:07:56 [DEBUG]       ✓ Possession: 66% - 34%
23:07:56 [DEBUG]       ✓ Shots: 24 - 4
23:07:56 [DEBUG]       ✓ Shots On Target: 7 - 2
23:07:56 [DEBUG]       ✓ Touches in Box: 36 - 6
23:07:56 [DEBUG]       ✓ Yellow Cards: 2 - 2
23:07:56 [DEBUG]       ✓ Red Cards: 0 - 0
23:07:56 [DEBUG]       ✓ Booking Points: 20 - 20
23:07:56 [DEBUG]       ✓ Total Passes: 391 - 211
23:07:56 [DEBUG]       ✓ Corners: 8 - 0
23:07:56 [DEBUG]   ✓✓ Total: 11 estadísticas Summary capturadas
23:07:56 [INFO] [Tab 0]   ✓ Estadísticas: 20/22 valores capturados
23:07:56 [INFO] [Tab 0]     - xG: / | Opta Points: 187.0/133.8
23:07:56 [INFO] [Tab 0]     - Posesión: 66/34 | Corners: 8/0
23:07:56 [INFO] [Tab 0] → Extrayendo volumen matched...
23:08:09 [INFO] [Tab 0]   ✓ Volumen: No capturado
23:08:09 [INFO] [Tab 0] → Extrayendo momentum...
23:08:09 [DEBUG]   → Buscando pestaña 'Estadísticas del partido' para Momentum...
23:08:10 [DEBUG]   × Error general extrayendo Momentum: Message: element click intercepted: Element <li class="bf-col-1-2 tab selected" ng-repeat="tab in livestream.data.tabs" ng-click="livestream.events.selectTab($index, livestream.data.tabs[$index])" ng-class="{ selected: livestream.data.selectedTab == $index }">...</li> is not clickable at point (1359, 608). Other element would receive the click: <ul class="tabs bf-row">...</ul>
  (Session info: chrome=144.0.7559.133); For documentation on this error, please visit: https://www.selenium.dev/documentation/webdriver/troubleshooting/errors#elementclickinterceptedexception
Stacktrace:
Symbols not available. Dumping unresolved backtrace:
	0xe15093
	0xe150d4
	0xc0b490
	0xc5bfd8
	0xc5a1e9
	0xc57ba2
	0xc56db4
	0xc4b4f8
	0xc781bc
	0xc4af34
	0xc78384
	0xc95341
	0xc77f56
	0xc496c9
	0xc4a484
	0x1067e34
	0x10630c9
	0x1080add
	0xe2db38
	0xe358ad
	0xe1d848
	0xe1da12
	0xe075fa
	0x75db5d49
	0x779ad5db
	0x779ad561

23:08:10 [INFO] [Tab 0]   ✓ Momentum: 0/2 valores capturados
23:08:10 [INFO] [Tab 0] ⚽ benfica-alverca-apuestas-35218038 | EN_JUEGO | Min:72 | 1-1 | BH:1.67 LH:1.68
23:08:10 [WARNING] Ciclo tardó 60.4s (> 30s). Iniciando siguiente ciclo inmediatamente.
23:08:10 [INFO] 
--- Ciclo #6 ---
23:08:10 [DEBUG] ✓ Clic en botón 'Actualizar' con selector: //button[contains(text(), 'Act
23:08:11 [INFO] [Tab 0] → Extrayendo información del partido...
23:08:46 [INFO] [Tab 0] → Extrayendo cuotas Match Odds...
23:08:48 [INFO] [Tab 0]   ✓ Match Odds: Home=1.67/1.68 | Draw=1.05/2.56 | Away=15/15.5
23:08:48 [INFO] [Tab 0] → Extrayendo cuotas Over/Under...
23:08:52 [INFO] [Tab 0]   ✓ Over/Under: 0/20 valores capturados
23:08:52 [INFO] [Tab 0] → Extrayendo cuotas Resultado Correcto...
23:08:55 [INFO] [Tab 0]   ✓ Resultado Correcto: 0/30 valores capturados
23:08:55 [INFO] [Tab 0] → Extrayendo estadísticas del partido...
23:08:55 [DEBUG]   → Buscando pestaña 'Estadísticas del partido'...
23:08:56 [DEBUG]   × No se pudo hacer clic en pestaña de estadísticas: Message: element click intercepted: Element <li class="bf-col-1-2 tab selected" ng-repeat="tab in livestream.data.tabs" ng-click="livestream.events.selectTab($index, livestream.data.tabs[$index])" ng-class="{ selected: livestream.data.selectedTab == $index }">...</li> is not clickable at point (1356, 551). Other element would receive the click: <ul class="tabs bf-row">...</ul>
  (Session info: chrome=144.0.7559.133); For documentation on this error, please visit: https://www.selenium.dev/documentation/webdriver/troubleshooting/errors#elementclickinterceptedexception
Stacktrace:
Symbols not available. Dumping unresolved backtrace:
	0xe15093
	0xe150d4
	0xc0b490
	0xc5bfd8
	0xc5a1e9
	0xc57ba2
	0xc56db4
	0xc4b4f8
	0xc781bc
	0xc4af34
	0xc78384
	0xc95341
	0xc77f56
	0xc496c9
	0xc4a484
	0x1067e34
	0x10630c9
	0x1080add
	0xe2db38
	0xe358ad
	0xe1d848
	0xe1da12
	0xe075fa
	0x75db5d49
	0x779ad5db
	0x779ad561

23:08:56 [DEBUG]   → Total iframes encontrados: 8
23:08:56 [DEBUG]   → Iframe #1: accediendo...
23:08:56 [DEBUG]     → Encontrados 5 iframes anidados, revisando...
23:08:56 [DEBUG]       → Iframe anidado #1: accediendo...
23:08:56 [DEBUG]         - Párrafos encontrados: 20
23:08:56 [DEBUG]         ✓ Contiene estadísticas! Extrayendo...
23:08:56 [DEBUG]       × xG rechazado (valores no numéricos): Momentum - Attacking
23:08:56 [DEBUG]       ✓ Red Cards: Discipline - 0
23:08:56 [DEBUG]   ✓✓ Total: 1 estadísticas Summary capturadas
23:08:56 [INFO] [Tab 0]   ✓ Estadísticas: 2/22 valores capturados
23:08:56 [INFO] [Tab 0]     - xG: / | Opta Points: /
23:08:56 [INFO] [Tab 0]     - Posesión: / | Corners: /
23:08:56 [INFO] [Tab 0] → Extrayendo volumen matched...
23:09:10 [INFO] [Tab 0]   ✓ Volumen: No capturado
23:09:10 [INFO] [Tab 0] → Extrayendo momentum...
23:09:10 [DEBUG]   → Buscando pestaña 'Estadísticas del partido' para Momentum...
23:09:11 [DEBUG]   × Error general extrayendo Momentum: Message: element click intercepted: Element <li class="bf-col-1-2 tab selected" ng-repeat="tab in livestream.data.tabs" ng-click="livestream.events.selectTab($index, livestream.data.tabs[$index])" ng-class="{ selected: livestream.data.selectedTab == $index }">...</li> is not clickable at point (951, 551). Other element would receive the click: <ul class="tabs bf-row">...</ul>
  (Session info: chrome=144.0.7559.133); For documentation on this error, please visit: https://www.selenium.dev/documentation/webdriver/troubleshooting/errors#elementclickinterceptedexception
Stacktrace:
Symbols not available. Dumping unresolved backtrace:
	0xe15093
	0xe150d4
	0xc0b490
	0xc5bfd8
	0xc5a1e9
	0xc57ba2
	0xc56db4
	0xc4b4f8
	0xc781bc
	0xc4af34
	0xc78384
	0xc95341
	0xc77f56
	0xc496c9
	0xc4a484
	0x1067e34
	0x10630c9
	0x1080add
	0xe2db38
	0xe358ad
	0xe1d848
	0xe1da12
	0xe075fa
	0x75db5d49
	0x779ad5db
	0x779ad561

23:09:11 [INFO] [Tab 0]   ✓ Momentum: 0/2 valores capturados
23:09:11 [INFO] [Tab 0] ⚽ benfica-alverca-apuestas-35218038 | EN_JUEGO | Min:74 | 1-1 | BH:1.67 LH:1.68
23:09:11 [WARNING] Ciclo tardó 61.0s (> 30s). Iniciando siguiente ciclo inmediatamente.
23:09:11 [INFO] 
--- Ciclo #7 ---
23:09:11 [DEBUG] ✓ Clic en botón 'Actualizar' con selector: //button[contains(text(), 'Act
23:09:12 [INFO] [Tab 0] → Extrayendo información del partido...
23:09:47 [INFO] [Tab 0] → Extrayendo cuotas Match Odds...
23:09:50 [INFO] [Tab 0]   ✓ Match Odds: Home=1.68/1.69 | Draw=2.56/2.58 | Away=15/15.5
23:09:50 [INFO] [Tab 0] → Extrayendo cuotas Over/Under...
23:09:53 [INFO] [Tab 0]   ✓ Over/Under: 0/20 valores capturados
23:09:53 [INFO] [Tab 0] → Extrayendo cuotas Resultado Correcto...
23:09:57 [INFO] [Tab 0]   ✓ Resultado Correcto: 0/30 valores capturados
23:09:57 [INFO] [Tab 0] → Extrayendo estadísticas del partido...
23:09:57 [DEBUG]   → Buscando pestaña 'Estadísticas del partido'...
23:09:58 [DEBUG]   × No se pudo hacer clic en pestaña de estadísticas: Message: element click intercepted: Element <li class="bf-col-1-2 tab selected" ng-repeat="tab in livestream.data.tabs" ng-click="livestream.events.selectTab($index, livestream.data.tabs[$index])" ng-class="{ selected: livestream.data.selectedTab == $index }">...</li> is not clickable at point (951, 551). Other element would receive the click: <ul class="tabs bf-row">...</ul>
  (Session info: chrome=144.0.7559.133); For documentation on this error, please visit: https://www.selenium.dev/documentation/webdriver/troubleshooting/errors#elementclickinterceptedexception
Stacktrace:
Symbols not available. Dumping unresolved backtrace:
	0xe15093
	0xe150d4
	0xc0b490
	0xc5bfd8
	0xc5a1e9
	0xc57ba2
	0xc56db4
	0xc4b4f8
	0xc781bc
	0xc4af34
	0xc78384
	0xc95341
	0xc77f56
	0xc496c9
	0xc4a484
	0x1067e34
	0x10630c9
	0x1080add
	0xe2db38
	0xe358ad
	0xe1d848
	0xe1da12
	0xe075fa
	0x75db5d49
	0x779ad5db
	0x779ad561

23:09:58 [DEBUG]   → Total iframes encontrados: 8
23:09:58 [DEBUG]   → Iframe #1: accediendo...
23:09:58 [DEBUG]     → Encontrados 5 iframes anidados, revisando...
23:09:58 [DEBUG]       → Iframe anidado #1: accediendo...
23:09:58 [DEBUG]         - Párrafos encontrados: 20
23:09:58 [DEBUG]         ✓ Contiene estadísticas! Extrayendo...
23:09:58 [DEBUG]       × xG rechazado (valores no numéricos): Momentum - Attacking
23:09:58 [DEBUG]       ✓ Red Cards: Discipline - 0
23:09:59 [DEBUG]   ✓✓ Total: 1 estadísticas Summary capturadas
23:09:59 [INFO] [Tab 0]   ✓ Estadísticas: 2/22 valores capturados
23:09:59 [INFO] [Tab 0]     - xG: / | Opta Points: /
23:09:59 [INFO] [Tab 0]     - Posesión: / | Corners: /
23:09:59 [INFO] [Tab 0] → Extrayendo volumen matched...
23:10:11 [INFO] [Tab 0]   ✓ Volumen: No capturado
23:10:11 [INFO] [Tab 0] → Extrayendo momentum...
23:10:11 [DEBUG]   → Buscando pestaña 'Estadísticas del partido' para Momentum...
23:10:12 [DEBUG]   × Error general extrayendo Momentum: Message: element click intercepted: Element <li class="bf-col-1-2 tab selected" ng-repeat="tab in livestream.data.tabs" ng-click="livestream.events.selectTab($index, livestream.data.tabs[$index])" ng-class="{ selected: livestream.data.selectedTab == $index }">...</li> is not clickable at point (951, 551). Other element would receive the click: <ul class="tabs bf-row">...</ul>
  (Session info: chrome=144.0.7559.133); For documentation on this error, please visit: https://www.selenium.dev/documentation/webdriver/troubleshooting/errors#elementclickinterceptedexception
Stacktrace:
Symbols not available. Dumping unresolved backtrace:
	0xe15093
	0xe150d4
	0xc0b490
	0xc5bfd8
	0xc5a1e9
	0xc57ba2
	0xc56db4
	0xc4b4f8
	0xc781bc
	0xc4af34
	0xc78384
	0xc95341
	0xc77f56
	0xc496c9
	0xc4a484
	0x1067e34
	0x10630c9
	0x1080add
	0xe2db38
	0xe358ad
	0xe1d848
	0xe1da12
	0xe075fa
	0x75db5d49
	0x779ad5db
	0x779ad561

23:10:12 [INFO] [Tab 0]   ✓ Momentum: 0/2 valores capturados
23:10:12 [INFO] [Tab 0] ⚽ benfica-alverca-apuestas-35218038 | EN_JUEGO | Min:74 | 1-1 | BH:1.68 LH:1.69
23:10:12 [WARNING] Ciclo tardó 61.4s (> 30s). Iniciando siguiente ciclo inmediatamente.
23:10:12 [INFO] 
--- Ciclo #8 ---
23:10:13 [DEBUG] ✓ Clic en botón 'Actualizar' con selector: //button[contains(text(), 'Act
23:10:13 [INFO] [Tab 0] → Extrayendo información del partido...
23:10:49 [INFO] [Tab 0] → Extrayendo cuotas Match Odds...
23:10:51 [INFO] [Tab 0]   ✓ Match Odds: Home=1.68/1.7 | Draw=2.48/2.5 | Away=16.5/20
23:10:51 [INFO] [Tab 0] → Extrayendo cuotas Over/Under...
23:10:55 [INFO] [Tab 0]   ✓ Over/Under: 0/20 valores capturados
23:10:55 [INFO] [Tab 0] → Extrayendo cuotas Resultado Correcto...
23:10:58 [INFO] [Tab 0]   ✓ Resultado Correcto: 0/30 valores capturados
23:10:58 [INFO] [Tab 0] → Extrayendo estadísticas del partido...
23:10:58 [DEBUG]   → Buscando pestaña 'Estadísticas del partido'...
23:10:59 [DEBUG]   × No se pudo hacer clic en pestaña de estadísticas: Message: element click intercepted: Element <li class="bf-col-1-2 tab selected" ng-repeat="tab in livestream.data.tabs" ng-click="livestream.events.selectTab($index, livestream.data.tabs[$index])" ng-class="{ selected: livestream.data.selectedTab == $index }">...</li> is not clickable at point (951, 551). Other element would receive the click: <ul class="tabs bf-row">...</ul>
  (Session info: chrome=144.0.7559.133); For documentation on this error, please visit: https://www.selenium.dev/documentation/webdriver/troubleshooting/errors#elementclickinterceptedexception
Stacktrace:
Symbols not available. Dumping unresolved backtrace:
	0xe15093
	0xe150d4
	0xc0b490
	0xc5bfd8
	0xc5a1e9
	0xc57ba2
	0xc56db4
	0xc4b4f8
	0xc781bc
	0xc4af34
	0xc78384
	0xc95341
	0xc77f56
	0xc496c9
	0xc4a484
	0x1067e34
	0x10630c9
	0x1080add
	0xe2db38
	0xe358ad
	0xe1d848
	0xe1da12
	0xe075fa
	0x75db5d49
	0x779ad5db
	0x779ad561

23:10:59 [DEBUG]   → Total iframes encontrados: 8
23:10:59 [DEBUG]   → Iframe #1: accediendo...
23:10:59 [DEBUG]     → Encontrados 5 iframes anidados, revisando...
23:10:59 [DEBUG]       → Iframe anidado #1: accediendo...
23:10:59 [DEBUG]         - Párrafos encontrados: 20
23:10:59 [DEBUG]         ✓ Contiene estadísticas! Extrayendo...
23:10:59 [DEBUG]       × xG rechazado (valores no numéricos): Momentum - Attacking
23:11:00 [DEBUG]       ✓ Red Cards: Discipline - 0
23:11:00 [DEBUG]   ✓✓ Total: 1 estadísticas Summary capturadas
23:11:00 [INFO] [Tab 0]   ✓ Estadísticas: 2/22 valores capturados
23:11:00 [INFO] [Tab 0]     - xG: / | Opta Points: /
23:11:00 [INFO] [Tab 0]     - Posesión: / | Corners: /
23:11:00 [INFO] [Tab 0] → Extrayendo volumen matched...
23:11:13 [INFO] [Tab 0]   ✓ Volumen: No capturado
23:11:13 [INFO] [Tab 0] → Extrayendo momentum...
23:11:13 [DEBUG]   → Buscando pestaña 'Estadísticas del partido' para Momentum...
23:11:14 [DEBUG]   × Error general extrayendo Momentum: Message: element click intercepted: Element <li class="bf-col-1-2 tab selected" ng-repeat="tab in livestream.data.tabs" ng-click="livestream.events.selectTab($index, livestream.data.tabs[$index])" ng-class="{ selected: livestream.data.selectedTab == $index }">...</li> is not clickable at point (951, 551). Other element would receive the click: <ul class="tabs bf-row">...</ul>
  (Session info: chrome=144.0.7559.133); For documentation on this error, please visit: https://www.selenium.dev/documentation/webdriver/troubleshooting/errors#elementclickinterceptedexception
Stacktrace:
Symbols not available. Dumping unresolved backtrace:
	0xe15093
	0xe150d4
	0xc0b490
	0xc5bfd8
	0xc5a1e9
	0xc57ba2
	0xc56db4
	0xc4b4f8
	0xc781bc
	0xc4af34
	0xc78384
	0xc95341
	0xc77f56
	0xc496c9
	0xc4a484
	0x1067e34
	0x10630c9
	0x1080add
	0xe2db38
	0xe358ad
	0xe1d848
	0xe1da12
	0xe075fa
	0x75db5d49
	0x779ad5db
	0x779ad561

23:11:14 [INFO] [Tab 0]   ✓ Momentum: 0/2 valores capturados
23:11:14 [INFO] [Tab 0] ⚽ benfica-alverca-apuestas-35218038 | EN_JUEGO | Min:76 | 1-1 | BH:1.68 LH:1.7
23:11:14 [WARNING] Ciclo tardó 61.2s (> 30s). Iniciando siguiente ciclo inmediatamente.
23:11:14 [INFO] 
--- Ciclo #9 ---
23:11:14 [DEBUG] ✓ Clic en botón 'Actualizar' con selector: //button[contains(text(), 'Act
23:11:14 [INFO] [Tab 0] → Extrayendo información del partido...
23:11:50 [INFO] [Tab 0] → Extrayendo cuotas Match Odds...
23:11:53 [INFO] [Tab 0]   ✓ Match Odds: Home=1.56/1.69 | Draw=2.5/2.52 | Away=17/18.5
23:11:53 [INFO] [Tab 0] → Extrayendo cuotas Over/Under...
23:11:56 [INFO] [Tab 0]   ✓ Over/Under: 0/20 valores capturados
23:11:56 [INFO] [Tab 0] → Extrayendo cuotas Resultado Correcto...
23:11:59 [INFO] [Tab 0]   ✓ Resultado Correcto: 0/30 valores capturados
23:11:59 [INFO] [Tab 0] → Extrayendo estadísticas del partido...
23:11:59 [DEBUG]   → Buscando pestaña 'Estadísticas del partido'...
23:12:00 [DEBUG]   × No se pudo hacer clic en pestaña de estadísticas: Message: element click intercepted: Element <li class="bf-col-1-2 tab selected" ng-repeat="tab in livestream.data.tabs" ng-click="livestream.events.selectTab($index, livestream.data.tabs[$index])" ng-class="{ selected: livestream.data.selectedTab == $index }">...</li> is not clickable at point (951, 551). Other element would receive the click: <ul class="tabs bf-row">...</ul>
  (Session info: chrome=144.0.7559.133); For documentation on this error, please visit: https://www.selenium.dev/documentation/webdriver/troubleshooting/errors#elementclickinterceptedexception
Stacktrace:
Symbols not available. Dumping unresolved backtrace:
	0xe15093
	0xe150d4
	0xc0b490
	0xc5bfd8
	0xc5a1e9
	0xc57ba2
	0xc56db4
	0xc4b4f8
	0xc781bc
	0xc4af34
	0xc78384
	0xc95341
	0xc77f56
	0xc496c9
	0xc4a484
	0x1067e34
	0x10630c9
	0x1080add
	0xe2db38
	0xe358ad
	0xe1d848
	0xe1da12
	0xe075fa
	0x75db5d49
	0x779ad5db
	0x779ad561

23:12:00 [DEBUG]   → Total iframes encontrados: 8
23:12:00 [DEBUG]   → Iframe #1: accediendo...
23:12:00 [DEBUG]     → Encontrados 5 iframes anidados, revisando...
23:12:00 [DEBUG]       → Iframe anidado #1: accediendo...
23:12:00 [DEBUG]         - Párrafos encontrados: 20
23:12:01 [DEBUG]         ✓ Contiene estadísticas! Extrayendo...
23:12:01 [DEBUG]       × xG rechazado (valores no numéricos): Momentum - Attacking
23:12:01 [DEBUG]       ✓ Red Cards: Discipline - 0
23:12:01 [DEBUG]   ✓✓ Total: 1 estadísticas Summary capturadas
23:12:01 [INFO] [Tab 0]   ✓ Estadísticas: 2/22 valores capturados
23:12:01 [INFO] [Tab 0]     - xG: / | Opta Points: /
23:12:01 [INFO] [Tab 0]     - Posesión: / | Corners: /
23:12:01 [INFO] [Tab 0] → Extrayendo volumen matched...
23:12:14 [INFO] [Tab 0]   ✓ Volumen: No capturado
23:12:14 [INFO] [Tab 0] → Extrayendo momentum...
23:12:14 [DEBUG]   → Buscando pestaña 'Estadísticas del partido' para Momentum...
23:12:15 [DEBUG]   × Error general extrayendo Momentum: Message: element click intercepted: Element <li class="bf-col-1-2 tab selected" ng-repeat="tab in livestream.data.tabs" ng-click="livestream.events.selectTab($index, livestream.data.tabs[$index])" ng-class="{ selected: livestream.data.selectedTab == $index }">...</li> is not clickable at point (951, 551). Other element would receive the click: <ul class="tabs bf-row">...</ul>
  (Session info: chrome=144.0.7559.133); For documentation on this error, please visit: https://www.selenium.dev/documentation/webdriver/troubleshooting/errors#elementclickinterceptedexception
Stacktrace:
Symbols not available. Dumping unresolved backtrace:
	0xe15093
	0xe150d4
	0xc0b490
	0xc5bfd8
	0xc5a1e9
	0xc57ba2
	0xc56db4
	0xc4b4f8
	0xc781bc
	0xc4af34
	0xc78384
	0xc95341
	0xc77f56
	0xc496c9
	0xc4a484
	0x1067e34
	0x10630c9
	0x1080add
	0xe2db38
	0xe358ad
	0xe1d848
	0xe1da12
	0xe075fa
	0x75db5d49
	0x779ad5db
	0x779ad561

23:12:15 [INFO] [Tab 0]   ✓ Momentum: 0/2 valores capturados
23:12:15 [INFO] [Tab 0] ⚽ benfica-alverca-apuestas-35218038 | EN_JUEGO | Min:77 | 1-1 | BH:1.56 LH:1.69
23:12:15 [WARNING] Ciclo tardó 61.6s (> 30s). Iniciando siguiente ciclo inmediatamente.
23:12:15 [INFO] 
--- Ciclo #10 ---
23:12:16 [DEBUG] ✓ Clic en botón 'Actualizar' con selector: //button[contains(text(), 'Act
23:12:16 [INFO] [Tab 0] → Extrayendo información del partido...
23:12:52 [INFO] [Tab 0] → Extrayendo cuotas Match Odds...
23:12:55 [INFO] [Tab 0]   ✓ Match Odds: Home=1.56/1.7 | Draw=2.4/2.46 | Away=17/18.5
23:12:55 [INFO] [Tab 0] → Extrayendo cuotas Over/Under...
23:12:58 [INFO] [Tab 0]   ✓ Over/Under: 0/20 valores capturados
23:12:58 [INFO] [Tab 0] → Extrayendo cuotas Resultado Correcto...
23:13:01 [INFO] [Tab 0]   ✓ Resultado Correcto: 0/30 valores capturados
23:13:01 [INFO] [Tab 0] → Extrayendo estadísticas del partido...
23:13:01 [DEBUG]   → Buscando pestaña 'Estadísticas del partido'...
23:13:02 [DEBUG]   × No se pudo hacer clic en pestaña de estadísticas: Message: element click intercepted: Element <li class="bf-col-1-2 tab selected" ng-repeat="tab in livestream.data.tabs" ng-click="livestream.events.selectTab($index, livestream.data.tabs[$index])" ng-class="{ selected: livestream.data.selectedTab == $index }">...</li> is not clickable at point (951, 551). Other element would receive the click: <ul class="tabs bf-row">...</ul>
  (Session info: chrome=144.0.7559.133); For documentation on this error, please visit: https://www.selenium.dev/documentation/webdriver/troubleshooting/errors#elementclickinterceptedexception
Stacktrace:
Symbols not available. Dumping unresolved backtrace:
	0xe15093
	0xe150d4
	0xc0b490
	0xc5bfd8
	0xc5a1e9
	0xc57ba2
	0xc56db4
	0xc4b4f8
	0xc781bc
	0xc4af34
	0xc78384
	0xc95341
	0xc77f56
	0xc496c9
	0xc4a484
	0x1067e34
	0x10630c9
	0x1080add
	0xe2db38
	0xe358ad
	0xe1d848
	0xe1da12
	0xe075fa
	0x75db5d49
	0x779ad5db
	0x779ad561

23:13:02 [DEBUG]   → Total iframes encontrados: 8
23:13:02 [DEBUG]   → Iframe #1: accediendo...
23:13:02 [DEBUG]     → Encontrados 5 iframes anidados, revisando...
23:13:02 [DEBUG]       → Iframe anidado #1: accediendo...
23:13:02 [DEBUG]         - Párrafos encontrados: 20
23:13:02 [DEBUG]         ✓ Contiene estadísticas! Extrayendo...
23:13:03 [DEBUG]       × xG rechazado (valores no numéricos): Momentum - Attacking
23:13:03 [DEBUG]       ✓ Red Cards: Discipline - 0
23:13:03 [DEBUG]   ✓✓ Total: 1 estadísticas Summary capturadas
23:13:03 [INFO] [Tab 0]   ✓ Estadísticas: 2/22 valores capturados
23:13:03 [INFO] [Tab 0]     - xG: / | Opta Points: /
23:13:03 [INFO] [Tab 0]     - Posesión: / | Corners: /
23:13:03 [INFO] [Tab 0] → Extrayendo volumen matched...
23:13:16 [INFO] [Tab 0]   ✓ Volumen: No capturado
23:13:16 [INFO] [Tab 0] → Extrayendo momentum...
23:13:16 [DEBUG]   → Buscando pestaña 'Estadísticas del partido' para Momentum...
23:13:17 [DEBUG]   × Error general extrayendo Momentum: Message: element click intercepted: Element <li class="bf-col-1-2 tab selected" ng-repeat="tab in livestream.data.tabs" ng-click="livestream.events.selectTab($index, livestream.data.tabs[$index])" ng-class="{ selected: livestream.data.selectedTab == $index }">...</li> is not clickable at point (951, 551). Other element would receive the click: <ul class="tabs bf-row">...</ul>
  (Session info: chrome=144.0.7559.133); For documentation on this error, please visit: https://www.selenium.dev/documentation/webdriver/troubleshooting/errors#elementclickinterceptedexception
Stacktrace:
Symbols not available. Dumping unresolved backtrace:
	0xe15093
	0xe150d4
	0xc0b490
	0xc5bfd8
	0xc5a1e9
	0xc57ba2
	0xc56db4
	0xc4b4f8
	0xc781bc
	0xc4af34
	0xc78384
	0xc95341
	0xc77f56
	0xc496c9
	0xc4a484
	0x1067e34
	0x10630c9
	0x1080add
	0xe2db38
	0xe358ad
	0xe1d848
	0xe1da12
	0xe075fa
	0x75db5d49
	0x779ad5db
	0x779ad561

23:13:17 [INFO] [Tab 0]   ✓ Momentum: 0/2 valores capturados
23:13:17 [INFO] [Tab 0] ⚽ benfica-alverca-apuestas-35218038 | EN_JUEGO | Min:78 | 1-1 | BH:1.56 LH:1.7
23:13:17 [WARNING] Ciclo tardó 61.6s (> 30s). Iniciando siguiente ciclo inmediatamente.
23:13:17 [INFO] 
--- Ciclo #11 ---
23:13:17 [DEBUG] ✓ Clic en botón 'Actualizar' con selector: //button[contains(text(), 'Act
23:13:18 [INFO] [Tab 0] → Extrayendo información del partido...
23:13:53 [INFO] [Tab 0] → Extrayendo cuotas Match Odds...
23:13:56 [INFO] [Tab 0]   ✓ Match Odds: Home=1.71/1.72 | Draw=2.46/2.48 | Away=18/18.5
23:13:56 [INFO] [Tab 0] → Extrayendo cuotas Over/Under...
23:13:59 [INFO] [Tab 0]   ✓ Over/Under: 0/20 valores capturados
23:13:59 [INFO] [Tab 0] → Extrayendo cuotas Resultado Correcto...
23:14:02 [INFO] [Tab 0]   ✓ Resultado Correcto: 0/30 valores capturados
23:14:02 [INFO] [Tab 0] → Extrayendo estadísticas del partido...
23:14:02 [DEBUG]   → Buscando pestaña 'Estadísticas del partido'...
23:14:03 [DEBUG]   × No se pudo hacer clic en pestaña de estadísticas: Message: element click intercepted: Element <li class="bf-col-1-2 tab selected" ng-repeat="tab in livestream.data.tabs" ng-click="livestream.events.selectTab($index, livestream.data.tabs[$index])" ng-class="{ selected: livestream.data.selectedTab == $index }">...</li> is not clickable at point (951, 551). Other element would receive the click: <ul class="tabs bf-row">...</ul>
  (Session info: chrome=144.0.7559.133); For documentation on this error, please visit: https://www.selenium.dev/documentation/webdriver/troubleshooting/errors#elementclickinterceptedexception
Stacktrace:
Symbols not available. Dumping unresolved backtrace:
	0xe15093
	0xe150d4
	0xc0b490
	0xc5bfd8
	0xc5a1e9
	0xc57ba2
	0xc56db4
	0xc4b4f8
	0xc781bc
	0xc4af34
	0xc78384
	0xc95341
	0xc77f56
	0xc496c9
	0xc4a484
	0x1067e34
	0x10630c9
	0x1080add
	0xe2db38
	0xe358ad
	0xe1d848
	0xe1da12
	0xe075fa
	0x75db5d49
	0x779ad5db
	0x779ad561

23:14:03 [DEBUG]   → Total iframes encontrados: 8
23:14:03 [DEBUG]   → Iframe #1: accediendo...
23:14:03 [DEBUG]     → Encontrados 5 iframes anidados, revisando...
23:14:03 [DEBUG]       → Iframe anidado #1: accediendo...
23:14:03 [DEBUG]         - Párrafos encontrados: 20
23:14:04 [DEBUG]         ✓ Contiene estadísticas! Extrayendo...
23:14:04 [DEBUG]       × xG rechazado (valores no numéricos): Momentum - Attacking
23:14:04 [DEBUG]       ✓ Red Cards: Discipline - 0
23:14:04 [DEBUG]   ✓✓ Total: 1 estadísticas Summary capturadas
23:14:04 [INFO] [Tab 0]   ✓ Estadísticas: 2/22 valores capturados
23:14:04 [INFO] [Tab 0]     - xG: / | Opta Points: /
23:14:04 [INFO] [Tab 0]     - Posesión: / | Corners: /
23:14:04 [INFO] [Tab 0] → Extrayendo volumen matched...
23:14:17 [INFO] [Tab 0]   ✓ Volumen: No capturado
23:14:17 [INFO] [Tab 0] → Extrayendo momentum...
23:14:17 [DEBUG]   → Buscando pestaña 'Estadísticas del partido' para Momentum...
23:14:18 [DEBUG]   × Error general extrayendo Momentum: Message: element click intercepted: Element <li class="bf-col-1-2 tab selected" ng-repeat="tab in livestream.data.tabs" ng-click="livestream.events.selectTab($index, livestream.data.tabs[$index])" ng-class="{ selected: livestream.data.selectedTab == $index }">...</li> is not clickable at point (951, 551). Other element would receive the click: <ul class="tabs bf-row">...</ul>
  (Session info: chrome=144.0.7559.133); For documentation on this error, please visit: https://www.selenium.dev/documentation/webdriver/troubleshooting/errors#elementclickinterceptedexception
Stacktrace:
Symbols not available. Dumping unresolved backtrace:
	0xe15093
	0xe150d4
	0xc0b490
	0xc5bfd8
	0xc5a1e9
	0xc57ba2
	0xc56db4
	0xc4b4f8
	0xc781bc
	0xc4af34
	0xc78384
	0xc95341
	0xc77f56
	0xc496c9
	0xc4a484
	0x1067e34
	0x10630c9
	0x1080add
	0xe2db38
	0xe358ad
	0xe1d848
	0xe1da12
	0xe075fa
	0x75db5d49
	0x779ad5db
	0x779ad561

23:14:18 [INFO] [Tab 0]   ✓ Momentum: 0/2 valores capturados
23:14:18 [INFO] [Tab 0] ⚽ benfica-alverca-apuestas-35218038 | EN_JUEGO | Min:78 | 1-1 | BH:1.71 LH:1.72
23:14:18 [WARNING] Ciclo tardó 61.2s (> 30s). Iniciando siguiente ciclo inmediatamente.
23:14:18 [INFO] 
--- Ciclo #12 ---
23:14:19 [DEBUG] ✓ Clic en botón 'Actualizar' con selector: //button[contains(text(), 'Act
23:14:19 [INFO] [Tab 0] → Extrayendo información del partido...
23:14:55 [INFO] [Tab 0] → Extrayendo cuotas Match Odds...
23:14:57 [INFO] [Tab 0]   ✓ Match Odds: Home=1.9/1.94 | Draw=2.14/2.16 | Away=13/21
23:14:57 [INFO] [Tab 0] → Extrayendo cuotas Over/Under...
23:15:01 [INFO] [Tab 0]   ✓ Over/Under: 0/20 valores capturados
23:15:01 [INFO] [Tab 0] → Extrayendo cuotas Resultado Correcto...
23:15:04 [INFO] [Tab 0]   ✓ Resultado Correcto: 0/30 valores capturados
23:15:04 [INFO] [Tab 0] → Extrayendo estadísticas del partido...
23:15:04 [DEBUG]   → Buscando pestaña 'Estadísticas del partido'...
23:15:05 [DEBUG]   × No se pudo hacer clic en pestaña de estadísticas: Message: element click intercepted: Element <li class="bf-col-1-2 tab selected" ng-repeat="tab in livestream.data.tabs" ng-click="livestream.events.selectTab($index, livestream.data.tabs[$index])" ng-class="{ selected: livestream.data.selectedTab == $index }">...</li> is not clickable at point (951, 551). Other element would receive the click: <ul class="tabs bf-row">...</ul>
  (Session info: chrome=144.0.7559.133); For documentation on this error, please visit: https://www.selenium.dev/documentation/webdriver/troubleshooting/errors#elementclickinterceptedexception
Stacktrace:
Symbols not available. Dumping unresolved backtrace:
	0xe15093
	0xe150d4
	0xc0b490
	0xc5bfd8
	0xc5a1e9
	0xc57ba2
	0xc56db4
	0xc4b4f8
	0xc781bc
	0xc4af34
	0xc78384
	0xc95341
	0xc77f56
	0xc496c9
	0xc4a484
	0x1067e34
	0x10630c9
	0x1080add
	0xe2db38
	0xe358ad
	0xe1d848
	0xe1da12
	0xe075fa
	0x75db5d49
	0x779ad5db
	0x779ad561

23:15:05 [DEBUG]   → Total iframes encontrados: 8
23:15:05 [DEBUG]   → Iframe #1: accediendo...
23:15:05 [DEBUG]     → Encontrados 5 iframes anidados, revisando...
23:15:05 [DEBUG]       → Iframe anidado #1: accediendo...
23:15:05 [DEBUG]         - Párrafos encontrados: 20
23:15:05 [DEBUG]         ✓ Contiene estadísticas! Extrayendo...
23:15:06 [DEBUG]       × xG rechazado (valores no numéricos): Momentum - Attacking
23:15:06 [DEBUG]       ✓ Red Cards: Discipline - 0
23:15:06 [DEBUG]   ✓✓ Total: 1 estadísticas Summary capturadas
23:15:06 [INFO] [Tab 0]   ✓ Estadísticas: 2/22 valores capturados
23:15:06 [INFO] [Tab 0]     - xG: / | Opta Points: /
23:15:06 [INFO] [Tab 0]     - Posesión: / | Corners: /
23:15:06 [INFO] [Tab 0] → Extrayendo volumen matched...
23:15:19 [INFO] [Tab 0]   ✓ Volumen: No capturado
23:15:19 [INFO] [Tab 0] → Extrayendo momentum...
23:15:19 [DEBUG]   → Buscando pestaña 'Estadísticas del partido' para Momentum...
23:15:20 [DEBUG]   × Error general extrayendo Momentum: Message: element click intercepted: Element <li class="bf-col-1-2 tab selected" ng-repeat="tab in livestream.data.tabs" ng-click="livestream.events.selectTab($index, livestream.data.tabs[$index])" ng-class="{ selected: livestream.data.selectedTab == $index }">...</li> is not clickable at point (951, 551). Other element would receive the click: <ul class="tabs bf-row">...</ul>
  (Session info: chrome=144.0.7559.133); For documentation on this error, please visit: https://www.selenium.dev/documentation/webdriver/troubleshooting/errors#elementclickinterceptedexception
Stacktrace:
Symbols not available. Dumping unresolved backtrace:
	0xe15093
	0xe150d4
	0xc0b490
	0xc5bfd8
	0xc5a1e9
	0xc57ba2
	0xc56db4
	0xc4b4f8
	0xc781bc
	0xc4af34
	0xc78384
	0xc95341
	0xc77f56
	0xc496c9
	0xc4a484
	0x1067e34
	0x10630c9
	0x1080add
	0xe2db38
	0xe358ad
	0xe1d848
	0xe1da12
	0xe075fa
	0x75db5d49
	0x779ad5db
	0x779ad561

23:15:20 [INFO] [Tab 0]   ✓ Momentum: 0/2 valores capturados
23:15:20 [INFO] [Tab 0] ⚽ benfica-alverca-apuestas-35218038 | EN_JUEGO | Min:80 | 1-1 | BH:1.9 LH:1.94
23:15:20 [WARNING] Ciclo tardó 61.5s (> 30s). Iniciando siguiente ciclo inmediatamente.
23:15:20 [INFO] 
--- Ciclo #13 ---
23:15:20 [DEBUG] ✓ Clic en botón 'Actualizar' con selector: //button[contains(text(), 'Act
23:15:20 [INFO] [Tab 0] → Extrayendo información del partido...
23:15:56 [INFO] [Tab 0] → Extrayendo cuotas Match Odds...
23:16:00 [INFO] [Tab 0]   ✓ Match Odds: Home=21/210 | Draw=2.14/2.16 | Away=/
23:16:00 [INFO] [Tab 0] → Extrayendo cuotas Over/Under...
23:16:03 [INFO] [Tab 0]   ✓ Over/Under: 0/20 valores capturados
23:16:03 [INFO] [Tab 0] → Extrayendo cuotas Resultado Correcto...
23:16:06 [INFO] [Tab 0]   ✓ Resultado Correcto: 0/30 valores capturados
23:16:06 [INFO] [Tab 0] → Extrayendo estadísticas del partido...
23:16:06 [DEBUG]   → Buscando pestaña 'Estadísticas del partido'...
23:16:07 [DEBUG]   × No se pudo hacer clic en pestaña de estadísticas: Message: element click intercepted: Element <li class="bf-col-1-2 tab selected" ng-repeat="tab in livestream.data.tabs" ng-click="livestream.events.selectTab($index, livestream.data.tabs[$index])" ng-class="{ selected: livestream.data.selectedTab == $index }">...</li> is not clickable at point (951, 551). Other element would receive the click: <ul class="tabs bf-row">...</ul>
  (Session info: chrome=144.0.7559.133); For documentation on this error, please visit: https://www.selenium.dev/documentation/webdriver/troubleshooting/errors#elementclickinterceptedexception
Stacktrace:
Symbols not available. Dumping unresolved backtrace:
	0xe15093
	0xe150d4
	0xc0b490
	0xc5bfd8
	0xc5a1e9
	0xc57ba2
	0xc56db4
	0xc4b4f8
	0xc781bc
	0xc4af34
	0xc78384
	0xc95341
	0xc77f56
	0xc496c9
	0xc4a484
	0x1067e34
	0x10630c9
	0x1080add
	0xe2db38
	0xe358ad
	0xe1d848
	0xe1da12
	0xe075fa
	0x75db5d49
	0x779ad5db
	0x779ad561

23:16:07 [DEBUG]   → Total iframes encontrados: 8
23:16:07 [DEBUG]   → Iframe #1: accediendo...
23:16:07 [DEBUG]     → Encontrados 5 iframes anidados, revisando...
23:16:07 [DEBUG]       → Iframe anidado #1: accediendo...
23:16:07 [DEBUG]         - Párrafos encontrados: 20
23:16:07 [DEBUG]         ✓ Contiene estadísticas! Extrayendo...
23:16:08 [DEBUG]       × xG rechazado (valores no numéricos): Momentum - Attacking
23:16:08 [DEBUG]       ✓ Red Cards: Discipline - 0
23:16:08 [DEBUG]   ✓✓ Total: 1 estadísticas Summary capturadas
23:16:08 [INFO] [Tab 0]   ✓ Estadísticas: 2/22 valores capturados
23:16:08 [INFO] [Tab 0]     - xG: / | Opta Points: /
23:16:08 [INFO] [Tab 0]     - Posesión: / | Corners: /
23:16:08 [INFO] [Tab 0] → Extrayendo volumen matched...
23:16:21 [INFO] [Tab 0]   ✓ Volumen: No capturado
23:16:21 [INFO] [Tab 0] → Extrayendo momentum...
23:16:21 [DEBUG]   → Buscando pestaña 'Estadísticas del partido' para Momentum...
23:16:22 [DEBUG]   × Error general extrayendo Momentum: Message: element click intercepted: Element <li class="bf-col-1-2 tab selected" ng-repeat="tab in livestream.data.tabs" ng-click="livestream.events.selectTab($index, livestream.data.tabs[$index])" ng-class="{ selected: livestream.data.selectedTab == $index }">...</li> is not clickable at point (951, 551). Other element would receive the click: <ul class="tabs bf-row">...</ul>
  (Session info: chrome=144.0.7559.133); For documentation on this error, please visit: https://www.selenium.dev/documentation/webdriver/troubleshooting/errors#elementclickinterceptedexception
Stacktrace:
Symbols not available. Dumping unresolved backtrace:
	0xe15093
	0xe150d4
	0xc0b490
	0xc5bfd8
	0xc5a1e9
	0xc57ba2
	0xc56db4
	0xc4b4f8
	0xc781bc
	0xc4af34
	0xc78384
	0xc95341
	0xc77f56
	0xc496c9
	0xc4a484
	0x1067e34
	0x10630c9
	0x1080add
	0xe2db38
	0xe358ad
	0xe1d848
	0xe1da12
	0xe075fa
	0x75db5d49
	0x779ad5db
	0x779ad561

23:16:22 [INFO] [Tab 0]   ✓ Momentum: 0/2 valores capturados
23:16:22 [INFO] [Tab 0] ⚽ benfica-alverca-apuestas-35218038 | EN_JUEGO | Min:81 | 1-1 | BH:21 LH:210
23:16:22 [WARNING] Ciclo tardó 62.3s (> 30s). Iniciando siguiente ciclo inmediatamente.
23:16:22 [INFO] 
--- Ciclo #14 ---
23:16:22 [DEBUG] ✓ Clic en botón 'Actualizar' con selector: //button[contains(text(), 'Act
23:16:23 [INFO] [Tab 0] → Extrayendo información del partido...
23:16:58 [INFO] [Tab 0] → Extrayendo cuotas Match Odds...
23:17:01 [INFO] [Tab 0]   ✓ Match Odds: Home=1.67/1.8 | Draw=2.02/2.12 | Away=1.7/18
23:17:01 [INFO] [Tab 0] → Extrayendo cuotas Over/Under...
23:17:04 [INFO] [Tab 0]   ✓ Over/Under: 0/20 valores capturados
23:17:04 [INFO] [Tab 0] → Extrayendo cuotas Resultado Correcto...
23:17:07 [INFO] [Tab 0]   ✓ Resultado Correcto: 0/30 valores capturados
23:17:07 [INFO] [Tab 0] → Extrayendo estadísticas del partido...
23:17:07 [DEBUG]   → Buscando pestaña 'Estadísticas del partido'...
23:17:08 [DEBUG]   × No se pudo hacer clic en pestaña de estadísticas: Message: element click intercepted: Element <li class="bf-col-1-2 tab selected" ng-repeat="tab in livestream.data.tabs" ng-click="livestream.events.selectTab($index, livestream.data.tabs[$index])" ng-class="{ selected: livestream.data.selectedTab == $index }">...</li> is not clickable at point (951, 551). Other element would receive the click: <ul class="tabs bf-row">...</ul>
  (Session info: chrome=144.0.7559.133); For documentation on this error, please visit: https://www.selenium.dev/documentation/webdriver/troubleshooting/errors#elementclickinterceptedexception
Stacktrace:
Symbols not available. Dumping unresolved backtrace:
	0xe15093
	0xe150d4
	0xc0b490
	0xc5bfd8
	0xc5a1e9
	0xc57ba2
	0xc56db4
	0xc4b4f8
	0xc781bc
	0xc4af34
	0xc78384
	0xc95341
	0xc77f56
	0xc496c9
	0xc4a484
	0x1067e34
	0x10630c9
	0x1080add
	0xe2db38
	0xe358ad
	0xe1d848
	0xe1da12
	0xe075fa
	0x75db5d49
	0x779ad5db
	0x779ad561

23:17:08 [DEBUG]   → Total iframes encontrados: 8
23:17:08 [DEBUG]   → Iframe #1: accediendo...
23:17:08 [DEBUG]     → Encontrados 5 iframes anidados, revisando...
23:17:09 [DEBUG]       → Iframe anidado #1: accediendo...
23:17:09 [DEBUG]         - Párrafos encontrados: 20
23:17:09 [DEBUG]         ✓ Contiene estadísticas! Extrayendo...
23:17:09 [DEBUG]       × xG rechazado (valores no numéricos): Momentum - Attacking
23:17:09 [DEBUG]       ✓ Red Cards: Discipline - 0
23:17:09 [DEBUG]   ✓✓ Total: 1 estadísticas Summary capturadas
23:17:09 [INFO] [Tab 0]   ✓ Estadísticas: 2/22 valores capturados
23:17:09 [INFO] [Tab 0]     - xG: / | Opta Points: /
23:17:09 [INFO] [Tab 0]     - Posesión: / | Corners: /
23:17:09 [INFO] [Tab 0] → Extrayendo volumen matched...
23:17:22 [INFO] [Tab 0]   ✓ Volumen: No capturado
23:17:22 [INFO] [Tab 0] → Extrayendo momentum...
23:17:22 [DEBUG]   → Buscando pestaña 'Estadísticas del partido' para Momentum...
23:17:23 [DEBUG]   × Error general extrayendo Momentum: Message: element click intercepted: Element <li class="bf-col-1-2 tab selected" ng-repeat="tab in livestream.data.tabs" ng-click="livestream.events.selectTab($index, livestream.data.tabs[$index])" ng-class="{ selected: livestream.data.selectedTab == $index }">...</li> is not clickable at point (951, 551). Other element would receive the click: <ul class="tabs bf-row">...</ul>
  (Session info: chrome=144.0.7559.133); For documentation on this error, please visit: https://www.selenium.dev/documentation/webdriver/troubleshooting/errors#elementclickinterceptedexception
Stacktrace:
Symbols not available. Dumping unresolved backtrace:
	0xe15093
	0xe150d4
	0xc0b490
	0xc5bfd8
	0xc5a1e9
	0xc57ba2
	0xc56db4
	0xc4b4f8
	0xc781bc
	0xc4af34
	0xc78384
	0xc95341
	0xc77f56
	0xc496c9
	0xc4a484
	0x1067e34
	0x10630c9
	0x1080add
	0xe2db38
	0xe358ad
	0xe1d848
	0xe1da12
	0xe075fa
	0x75db5d49
	0x779ad5db
	0x779ad561

23:17:23 [INFO] [Tab 0]   ✓ Momentum: 0/2 valores capturados
23:17:23 [INFO] [Tab 0] ⚽ benfica-alverca-apuestas-35218038 | EN_JUEGO | Min:81 | 1-1 | BH:1.67 LH:1.8
23:17:23 [WARNING] Ciclo tardó 61.3s (> 30s). Iniciando siguiente ciclo inmediatamente.
23:17:23 [INFO] 
--- Ciclo #15 ---
23:17:24 [DEBUG] ✓ Clic en botón 'Actualizar' con selector: //button[contains(text(), 'Act
23:17:24 [INFO] [Tab 0] → Extrayendo información del partido...
23:18:00 [INFO] [Tab 0] → Extrayendo cuotas Match Odds...
23:18:03 [INFO] [Tab 0]   ✓ Match Odds: Home=1.8/1.91 | Draw=2.04/2.1 | Away=12/15
23:18:03 [INFO] [Tab 0] → Extrayendo cuotas Over/Under...
23:18:06 [INFO] [Tab 0]   ✓ Over/Under: 0/20 valores capturados
23:18:06 [INFO] [Tab 0] → Extrayendo cuotas Resultado Correcto...
23:18:09 [INFO] [Tab 0]   ✓ Resultado Correcto: 0/30 valores capturados
23:18:09 [INFO] [Tab 0] → Extrayendo estadísticas del partido...
23:18:09 [DEBUG]   → Buscando pestaña 'Estadísticas del partido'...
23:18:10 [DEBUG]   × No se pudo hacer clic en pestaña de estadísticas: Message: element click intercepted: Element <li class="bf-col-1-2 tab selected" ng-repeat="tab in livestream.data.tabs" ng-click="livestream.events.selectTab($index, livestream.data.tabs[$index])" ng-class="{ selected: livestream.data.selectedTab == $index }">...</li> is not clickable at point (951, 551). Other element would receive the click: <ul class="tabs bf-row">...</ul>
  (Session info: chrome=144.0.7559.133); For documentation on this error, please visit: https://www.selenium.dev/documentation/webdriver/troubleshooting/errors#elementclickinterceptedexception
Stacktrace:
Symbols not available. Dumping unresolved backtrace:
	0xe15093
	0xe150d4
	0xc0b490
	0xc5bfd8
	0xc5a1e9
	0xc57ba2
	0xc56db4
	0xc4b4f8
	0xc781bc
	0xc4af34
	0xc78384
	0xc95341
	0xc77f56
	0xc496c9
	0xc4a484
	0x1067e34
	0x10630c9
	0x1080add
	0xe2db38
	0xe358ad
	0xe1d848
	0xe1da12
	0xe075fa
	0x75db5d49
	0x779ad5db
	0x779ad561

23:18:10 [DEBUG]   → Total iframes encontrados: 8
23:18:10 [DEBUG]   → Iframe #1: accediendo...
23:18:10 [DEBUG]     → Encontrados 5 iframes anidados, revisando...
23:18:10 [DEBUG]       → Iframe anidado #1: accediendo...
23:18:10 [DEBUG]         - Párrafos encontrados: 20
23:18:10 [DEBUG]         ✓ Contiene estadísticas! Extrayendo...
23:18:11 [DEBUG]       × xG rechazado (valores no numéricos): Momentum - Attacking
23:18:11 [DEBUG]       ✓ Red Cards: Discipline - 0
23:18:11 [DEBUG]   ✓✓ Total: 1 estadísticas Summary capturadas
23:18:11 [INFO] [Tab 0]   ✓ Estadísticas: 2/22 valores capturados
23:18:11 [INFO] [Tab 0]     - xG: / | Opta Points: /
23:18:11 [INFO] [Tab 0]     - Posesión: / | Corners: /
23:18:11 [INFO] [Tab 0] → Extrayendo volumen matched...
23:18:24 [INFO] [Tab 0]   ✓ Volumen: No capturado
23:18:24 [INFO] [Tab 0] → Extrayendo momentum...
23:18:24 [DEBUG]   → Buscando pestaña 'Estadísticas del partido' para Momentum...
23:18:25 [DEBUG]   × Error general extrayendo Momentum: Message: element click intercepted: Element <li class="bf-col-1-2 tab selected" ng-repeat="tab in livestream.data.tabs" ng-click="livestream.events.selectTab($index, livestream.data.tabs[$index])" ng-class="{ selected: livestream.data.selectedTab == $index }">...</li> is not clickable at point (951, 551). Other element would receive the click: <ul class="tabs bf-row">...</ul>
  (Session info: chrome=144.0.7559.133); For documentation on this error, please visit: https://www.selenium.dev/documentation/webdriver/troubleshooting/errors#elementclickinterceptedexception
Stacktrace:
Symbols not available. Dumping unresolved backtrace:
	0xe15093
	0xe150d4
	0xc0b490
	0xc5bfd8
	0xc5a1e9
	0xc57ba2
	0xc56db4
	0xc4b4f8
	0xc781bc
	0xc4af34
	0xc78384
	0xc95341
	0xc77f56
	0xc496c9
	0xc4a484
	0x1067e34
	0x10630c9
	0x1080add
	0xe2db38
	0xe358ad
	0xe1d848
	0xe1da12
	0xe075fa
	0x75db5d49
	0x779ad5db
	0x779ad561

23:18:25 [INFO] [Tab 0]   ✓ Momentum: 0/2 valores capturados
23:18:25 [INFO] [Tab 0] ⚽ benfica-alverca-apuestas-35218038 | EN_JUEGO | Min:82 | 1-1 | BH:1.8 LH:1.91
23:18:25 [WARNING] Ciclo tardó 61.8s (> 30s). Iniciando siguiente ciclo inmediatamente.
23:18:25 [INFO] 
--- Ciclo #16 ---
23:18:25 [DEBUG] ✓ Clic en botón 'Actualizar' con selector: //button[contains(text(), 'Act
23:18:26 [INFO] [Tab 0] → Extrayendo información del partido...
23:19:02 [INFO] [Tab 0] → Extrayendo cuotas Match Odds...
23:19:04 [INFO] [Tab 0]   ✓ Match Odds: Home=2.14/2.16 | Draw=1.85/1.86 | Away=1.7/12.5
23:19:04 [INFO] [Tab 0] → Extrayendo cuotas Over/Under...
23:19:08 [INFO] [Tab 0]   ✓ Over/Under: 0/20 valores capturados
23:19:08 [INFO] [Tab 0] → Extrayendo cuotas Resultado Correcto...
23:19:11 [INFO] [Tab 0]   ✓ Resultado Correcto: 0/30 valores capturados
23:19:11 [INFO] [Tab 0] → Extrayendo estadísticas del partido...
23:19:11 [DEBUG]   → Buscando pestaña 'Estadísticas del partido'...
23:19:12 [DEBUG]   × No se pudo hacer clic en pestaña de estadísticas: Message: element click intercepted: Element <li class="bf-col-1-2 tab selected" ng-repeat="tab in livestream.data.tabs" ng-click="livestream.events.selectTab($index, livestream.data.tabs[$index])" ng-class="{ selected: livestream.data.selectedTab == $index }">...</li> is not clickable at point (951, 551). Other element would receive the click: <ul class="tabs bf-row">...</ul>
  (Session info: chrome=144.0.7559.133); For documentation on this error, please visit: https://www.selenium.dev/documentation/webdriver/troubleshooting/errors#elementclickinterceptedexception
Stacktrace:
Symbols not available. Dumping unresolved backtrace:
	0xe15093
	0xe150d4
	0xc0b490
	0xc5bfd8
	0xc5a1e9
	0xc57ba2
	0xc56db4
	0xc4b4f8
	0xc781bc
	0xc4af34
	0xc78384
	0xc95341
	0xc77f56
	0xc496c9
	0xc4a484
	0x1067e34
	0x10630c9
	0x1080add
	0xe2db38
	0xe358ad
	0xe1d848
	0xe1da12
	0xe075fa
	0x75db5d49
	0x779ad5db
	0x779ad561

23:19:12 [DEBUG]   → Total iframes encontrados: 8
23:19:12 [DEBUG]   → Iframe #1: accediendo...
23:19:12 [DEBUG]     → Encontrados 5 iframes anidados, revisando...
23:19:12 [DEBUG]       → Iframe anidado #1: accediendo...
23:19:12 [DEBUG]         - Párrafos encontrados: 20
23:19:12 [DEBUG]         ✓ Contiene estadísticas! Extrayendo...
23:19:12 [DEBUG]       × xG rechazado (valores no numéricos): Momentum - Attacking
23:19:13 [DEBUG]       ✓ Red Cards: Discipline - 0
23:19:13 [DEBUG]   ✓✓ Total: 1 estadísticas Summary capturadas
23:19:13 [INFO] [Tab 0]   ✓ Estadísticas: 2/22 valores capturados
23:19:13 [INFO] [Tab 0]     - xG: / | Opta Points: /
23:19:13 [INFO] [Tab 0]     - Posesión: / | Corners: /
23:19:13 [INFO] [Tab 0] → Extrayendo volumen matched...
23:19:26 [INFO] [Tab 0]   ✓ Volumen: No capturado
23:19:26 [INFO] [Tab 0] → Extrayendo momentum...
23:19:26 [DEBUG]   → Buscando pestaña 'Estadísticas del partido' para Momentum...
23:19:27 [DEBUG]   × Error general extrayendo Momentum: Message: element click intercepted: Element <li class="bf-col-1-2 tab selected" ng-repeat="tab in livestream.data.tabs" ng-click="livestream.events.selectTab($index, livestream.data.tabs[$index])" ng-class="{ selected: livestream.data.selectedTab == $index }">...</li> is not clickable at point (951, 551). Other element would receive the click: <ul class="tabs bf-row">...</ul>
  (Session info: chrome=144.0.7559.133); For documentation on this error, please visit: https://www.selenium.dev/documentation/webdriver/troubleshooting/errors#elementclickinterceptedexception
Stacktrace:
Symbols not available. Dumping unresolved backtrace:
	0xe15093
	0xe150d4
	0xc0b490
	0xc5bfd8
	0xc5a1e9
	0xc57ba2
	0xc56db4
	0xc4b4f8
	0xc781bc
	0xc4af34
	0xc78384
	0xc95341
	0xc77f56
	0xc496c9
	0xc4a484
	0x1067e34
	0x10630c9
	0x1080add
	0xe2db38
	0xe358ad
	0xe1d848
	0xe1da12
	0xe075fa
	0x75db5d49
	0x779ad5db
	0x779ad561

23:19:27 [INFO] [Tab 0]   ✓ Momentum: 0/2 valores capturados
23:19:27 [INFO] [Tab 0] ⚽ benfica-alverca-apuestas-35218038 | EN_JUEGO | Min:84 | 1-1 | BH:2.14 LH:2.16
23:19:27 [WARNING] Ciclo tardó 61.7s (> 30s). Iniciando siguiente ciclo inmediatamente.
23:19:27 [INFO] 
--- Ciclo #17 ---
23:19:27 [DEBUG] ✓ Clic en botón 'Actualizar' con selector: //button[contains(text(), 'Act
23:19:27 [INFO] [Tab 0] → Extrayendo información del partido...
23:20:03 [INFO] [Tab 0] → Extrayendo cuotas Match Odds...
23:20:06 [INFO] [Tab 0]   ✓ Match Odds: Home=1.99/2 | Draw=1.93/1.99 | Away=1.7/17
23:20:06 [INFO] [Tab 0] → Extrayendo cuotas Over/Under...
23:20:09 [INFO] [Tab 0]   ✓ Over/Under: 0/20 valores capturados
23:20:09 [INFO] [Tab 0] → Extrayendo cuotas Resultado Correcto...
23:20:12 [INFO] [Tab 0]   ✓ Resultado Correcto: 0/30 valores capturados
23:20:12 [INFO] [Tab 0] → Extrayendo estadísticas del partido...
23:20:12 [DEBUG]   → Buscando pestaña 'Estadísticas del partido'...
23:20:13 [DEBUG]   × No se pudo hacer clic en pestaña de estadísticas: Message: element click intercepted: Element <li class="bf-col-1-2 tab selected" ng-repeat="tab in livestream.data.tabs" ng-click="livestream.events.selectTab($index, livestream.data.tabs[$index])" ng-class="{ selected: livestream.data.selectedTab == $index }">...</li> is not clickable at point (951, 551). Other element would receive the click: <ul class="tabs bf-row">...</ul>
  (Session info: chrome=144.0.7559.133); For documentation on this error, please visit: https://www.selenium.dev/documentation/webdriver/troubleshooting/errors#elementclickinterceptedexception
Stacktrace:
Symbols not available. Dumping unresolved backtrace:
	0xe15093
	0xe150d4
	0xc0b490
	0xc5bfd8
	0xc5a1e9
	0xc57ba2
	0xc56db4
	0xc4b4f8
	0xc781bc
	0xc4af34
	0xc78384
	0xc95341
	0xc77f56
	0xc496c9
	0xc4a484
	0x1067e34
	0x10630c9
	0x1080add
	0xe2db38
	0xe358ad
	0xe1d848
	0xe1da12
	0xe075fa
	0x75db5d49
	0x779ad5db
	0x779ad561

23:20:13 [DEBUG]   → Total iframes encontrados: 8
23:20:13 [DEBUG]   → Iframe #1: accediendo...
23:20:13 [DEBUG]     → Encontrados 5 iframes anidados, revisando...
23:20:13 [DEBUG]       → Iframe anidado #1: accediendo...
23:20:14 [DEBUG]         - Párrafos encontrados: 20
23:20:14 [DEBUG]         ✓ Contiene estadísticas! Extrayendo...
23:20:14 [DEBUG]       × xG rechazado (valores no numéricos): Momentum - Attacking
23:20:14 [DEBUG]       ✓ Red Cards: Discipline - 0
23:20:14 [DEBUG]   ✓✓ Total: 1 estadísticas Summary capturadas
23:20:14 [INFO] [Tab 0]   ✓ Estadísticas: 2/22 valores capturados
23:20:14 [INFO] [Tab 0]     - xG: / | Opta Points: /
23:20:14 [INFO] [Tab 0]     - Posesión: / | Corners: /
23:20:14 [INFO] [Tab 0] → Extrayendo volumen matched...
23:20:27 [INFO] [Tab 0]   ✓ Volumen: No capturado
23:20:27 [INFO] [Tab 0] → Extrayendo momentum...
23:20:27 [DEBUG]   → Buscando pestaña 'Estadísticas del partido' para Momentum...
23:20:28 [DEBUG]   × Error general extrayendo Momentum: Message: element click intercepted: Element <li class="bf-col-1-2 tab selected" ng-repeat="tab in livestream.data.tabs" ng-click="livestream.events.selectTab($index, livestream.data.tabs[$index])" ng-class="{ selected: livestream.data.selectedTab == $index }">...</li> is not clickable at point (951, 551). Other element would receive the click: <ul class="tabs bf-row">...</ul>
  (Session info: chrome=144.0.7559.133); For documentation on this error, please visit: https://www.selenium.dev/documentation/webdriver/troubleshooting/errors#elementclickinterceptedexception
Stacktrace:
Symbols not available. Dumping unresolved backtrace:
	0xe15093
	0xe150d4
	0xc0b490
	0xc5bfd8
	0xc5a1e9
	0xc57ba2
	0xc56db4
	0xc4b4f8
	0xc781bc
	0xc4af34
	0xc78384
	0xc95341
	0xc77f56
	0xc496c9
	0xc4a484
	0x1067e34
	0x10630c9
	0x1080add
	0xe2db38
	0xe358ad
	0xe1d848
	0xe1da12
	0xe075fa
	0x75db5d49
	0x779ad5db
	0x779ad561

23:20:28 [INFO] [Tab 0]   ✓ Momentum: 0/2 valores capturados
23:20:28 [INFO] [Tab 0] ⚽ benfica-alverca-apuestas-35218038 | EN_JUEGO | Min:85 | 2-1 | BH:1.99 LH:2
23:20:28 [WARNING] Ciclo tardó 61.6s (> 30s). Iniciando siguiente ciclo inmediatamente.
23:20:28 [INFO] 
--- Ciclo #18 ---
23:20:29 [DEBUG] ✓ Clic en botón 'Actualizar' con selector: //button[contains(text(), 'Act
23:20:29 [INFO] [Tab 0] → Extrayendo información del partido...
23:20:52 [INFO] Señal de parada recibida. Finalizando ciclo actual...
23:23:19 [DEBUG]   × Error en búsqueda XPATH de estado: HTTPConnectionPool(host='localhost', port=60078): Max retries exceeded with url: /session/95dda3a3991732d13737d82d5daae2dd/element (Caused by NewConnectionError("HTTPConnection(host='localhost', port=60078): Failed to establish a new connection: [WinError 10061] No se puede establecer una conexión ya que el equipo de destino denegó expresamente dicha conexión"))
23:23:25 [INFO] Señal de parada recibida. Finalizando ciclo actual...
23:23:36 [ERROR] Error fatal: HTTPConnectionPool(host='localhost', port=60078): Max retries exceeded with url: /session/95dda3a3991732d13737d82d5daae2dd/element (Caused by NewConnectionError("HTTPConnection(host='localhost', port=60078): Failed to establish a new connection: [WinError 10061] No se puede establecer una conexión ya que el equipo de destino denegó expresamente dicha conexión"))
Traceback (most recent call last):
  File "C:\Users\agonz\miniconda3\Lib\site-packages\urllib3\connection.py", line 204, in _new_conn
    sock = connection.create_connection(
        (self._dns_host, self.port),
    ...<2 lines>...
        socket_options=self.socket_options,
    )
  File "C:\Users\agonz\miniconda3\Lib\site-packages\urllib3\util\connection.py", line 85, in create_connection
    raise err
  File "C:\Users\agonz\miniconda3\Lib\site-packages\urllib3\util\connection.py", line 73, in create_connection
    sock.connect(sa)
    ~~~~~~~~~~~~^^^^
ConnectionRefusedError: [WinError 10061] No se puede establecer una conexión ya que el equipo de destino denegó expresamente dicha conexión

The above exception was the direct cause of the following exception:

Traceback (most recent call last):
  File "C:\Users\agonz\miniconda3\Lib\site-packages\urllib3\connectionpool.py", line 787, in urlopen
    response = self._make_request(
        conn,
    ...<10 lines>...
        **response_kw,
    )
  File "C:\Users\agonz\miniconda3\Lib\site-packages\urllib3\connectionpool.py", line 493, in _make_request
    conn.request(
    ~~~~~~~~~~~~^
        method,
        ^^^^^^^
    ...<6 lines>...
        enforce_content_length=enforce_content_length,
        ^^^^^^^^^^^^^^^^^^^^^^^^^^^^^^^^^^^^^^^^^^^^^^
    )
    ^
  File "C:\Users\agonz\miniconda3\Lib\site-packages\urllib3\connection.py", line 500, in request
    self.endheaders()
    ~~~~~~~~~~~~~~~^^
  File "C:\Users\agonz\miniconda3\Lib\http\client.py", line 1353, in endheaders
    self._send_output(message_body, encode_chunked=encode_chunked)
    ~~~~~~~~~~~~~~~~~^^^^^^^^^^^^^^^^^^^^^^^^^^^^^^^^^^^^^^^^^^^^^
  File "C:\Users\agonz\miniconda3\Lib\http\client.py", line 1113, in _send_output
    self.send(msg)
    ~~~~~~~~~^^^^^
  File "C:\Users\agonz\miniconda3\Lib\http\client.py", line 1057, in send
    self.connect()
    ~~~~~~~~~~~~^^
  File "C:\Users\agonz\miniconda3\Lib\site-packages\urllib3\connection.py", line 331, in connect
    self.sock = self._new_conn()
                ~~~~~~~~~~~~~~^^
  File "C:\Users\agonz\miniconda3\Lib\site-packages\urllib3\connection.py", line 219, in _new_conn
    raise NewConnectionError(
        self, f"Failed to establish a new connection: {e}"
    ) from e
urllib3.exceptions.NewConnectionError: HTTPConnection(host='localhost', port=60078): Failed to establish a new connection: [WinError 10061] No se puede establecer una conexión ya que el equipo de destino denegó expresamente dicha conexión

The above exception was the direct cause of the following exception:

Traceback (most recent call last):
  File "C:\Users\agonz\OneDrive\Documents\Proyectos\Furbo\betfair_scraper\main.py", line 1740, in main
    log.info(f"  Comenzando en {i}s...")
    ^^^^^^^^^^^^^^^^^^^^^^^^^^^^^^^^^^^
  File "C:\Users\agonz\OneDrive\Documents\Proyectos\Furbo\betfair_scraper\main.py", line 1646, in ciclo_captura
    estado_emoji = "🏁"
            ^^^^^^^^^^^
  File "C:\Users\agonz\OneDrive\Documents\Proyectos\Furbo\betfair_scraper\main.py", line 1440, in capturar_pestaña
    EC.element_to_be_clickable((By.CSS_SELECTOR, selector))
    ^^^^^^^^^^^^^^^
  File "C:\Users\agonz\OneDrive\Documents\Proyectos\Furbo\betfair_scraper\main.py", line 602, in extraer_info_partido
    tiempo_txt = buscar_elemento_texto(driver, SELECTORES["match_time"], timeout=2)
  File "C:\Users\agonz\OneDrive\Documents\Proyectos\Furbo\betfair_scraper\main.py", line 263, in buscar_elemento_texto
    elem = WebDriverWait(driver, timeout).until(
        EC.presence_of_element_located((By.CSS_SELECTOR, selector))
    )
  File "C:\Users\agonz\miniconda3\Lib\site-packages\selenium\webdriver\support\wait.py", line 112, in until
    value = method(self._driver)
  File "C:\Users\agonz\miniconda3\Lib\site-packages\selenium\webdriver\support\expected_conditions.py", line 92, in _predicate
    return driver.find_element(*locator)
           ~~~~~~~~~~~~~~~~~~~^^^^^^^^^^
  File "C:\Users\agonz\miniconda3\Lib\site-packages\selenium\webdriver\remote\webdriver.py", line 802, in find_element
    return self.execute(Command.FIND_ELEMENT, {"using": by, "value": value})["value"]
           ~~~~~~~~~~~~^^^^^^^^^^^^^^^^^^^^^^^^^^^^^^^^^^^^^^^^^^^^^^^^^^^^^
  File "C:\Users\agonz\miniconda3\Lib\site-packages\selenium\webdriver\remote\webdriver.py", line 429, in execute
    response = cast(RemoteConnection, self.command_executor).execute(driver_command, params)
  File "C:\Users\agonz\miniconda3\Lib\site-packages\selenium\webdriver\remote\remote_connection.py", line 406, in execute
    return self._request(command_info[0], url, body=data)
           ~~~~~~~~~~~~~^^^^^^^^^^^^^^^^^^^^^^^^^^^^^^^^^
  File "C:\Users\agonz\miniconda3\Lib\site-packages\selenium\webdriver\remote\remote_connection.py", line 430, in _request
    response = self._conn.request(method, url, body=body, headers=headers, timeout=self._client_config.timeout)
  File "C:\Users\agonz\miniconda3\Lib\site-packages\urllib3\_request_methods.py", line 143, in request
    return self.request_encode_body(
           ~~~~~~~~~~~~~~~~~~~~~~~~^
        method, url, fields=fields, headers=headers, **urlopen_kw
        ^^^^^^^^^^^^^^^^^^^^^^^^^^^^^^^^^^^^^^^^^^^^^^^^^^^^^^^^^
    )
    ^
  File "C:\Users\agonz\miniconda3\Lib\site-packages\urllib3\_request_methods.py", line 278, in request_encode_body
    return self.urlopen(method, url, **extra_kw)
           ~~~~~~~~~~~~^^^^^^^^^^^^^^^^^^^^^^^^^
  File "C:\Users\agonz\miniconda3\Lib\site-packages\urllib3\poolmanager.py", line 457, in urlopen
    response = conn.urlopen(method, u.request_uri, **kw)
  File "C:\Users\agonz\miniconda3\Lib\site-packages\urllib3\connectionpool.py", line 871, in urlopen
    return self.urlopen(
           ~~~~~~~~~~~~^
        method,
        ^^^^^^^
    ...<13 lines>...
        **response_kw,
        ^^^^^^^^^^^^^^
    )
    ^
  File "C:\Users\agonz\miniconda3\Lib\site-packages\urllib3\connectionpool.py", line 871, in urlopen
    return self.urlopen(
           ~~~~~~~~~~~~^
        method,
        ^^^^^^^
    ...<13 lines>...
        **response_kw,
        ^^^^^^^^^^^^^^
    )
    ^
  File "C:\Users\agonz\miniconda3\Lib\site-packages\urllib3\connectionpool.py", line 871, in urlopen
    return self.urlopen(
           ~~~~~~~~~~~~^
        method,
        ^^^^^^^
    ...<13 lines>...
        **response_kw,
        ^^^^^^^^^^^^^^
    )
    ^
  File "C:\Users\agonz\miniconda3\Lib\site-packages\urllib3\connectionpool.py", line 841, in urlopen
    retries = retries.increment(
        method, url, error=new_e, _pool=self, _stacktrace=sys.exc_info()[2]
    )
  File "C:\Users\agonz\miniconda3\Lib\site-packages\urllib3\util\retry.py", line 535, in increment
    raise MaxRetryError(_pool, url, reason) from reason  # type: ignore[arg-type]
    ^^^^^^^^^^^^^^^^^^^^^^^^^^^^^^^^^^^^^^^^^^^^^^^^^^^
urllib3.exceptions.MaxRetryError: HTTPConnectionPool(host='localhost', port=60078): Max retries exceeded with url: /session/95dda3a3991732d13737d82d5daae2dd/element (Caused by NewConnectionError("HTTPConnection(host='localhost', port=60078): Failed to establish a new connection: [WinError 10061] No se puede establecer una conexión ya que el equipo de destino denegó expresamente dicha conexión"))
23:23:36 [INFO] Cerrando...
23:23:36 [INFO] Archivos CSV cerrados correctamente.
23:23:48 [INFO] Señal de parada recibida. Finalizando ciclo actual...
23:23:50 [INFO] Señal de parada recibida. Finalizando ciclo actual...
23:23:52 [INFO] Señal de parada recibida. Finalizando ciclo actual...
23:23:52 [INFO] Observador finalizado. Revisa los CSV en la carpeta de salida.
