19:51:35 [INFO] 📝 Log guardándose en: logs/scraper_20260212_195135.log
19:51:35 [INFO] Cargados 10 partidos desde games.csv
19:51:35 [INFO] 📅 MODO SCHEDULING ACTIVADO
19:51:35 [INFO]    Ventana tracking: 10 min antes → 150 min después
19:51:35 [INFO]    Total en CSV: 10 partidos
19:51:35 [INFO]    ✓ Partidos activos ahora: 3
19:51:35 [INFO]    ⏰ Partidos futuros: 7
19:51:35 [INFO]    ✅ Partidos finalizados: 0
19:51:35 [INFO] 
📋 Próximos partidos a trackear:
19:51:35 [INFO]       Sion - FC Basel (en 38 min)
19:51:35 [INFO]       Thun - Lausanne (en 38 min)
19:51:35 [INFO]       Atlético de Madrid Femenino - Manchester United Fe (en 68 min)
19:51:35 [INFO]       Atlético de Madrid - FC Barcelona (en 68 min)
19:51:35 [INFO]       Brentford - Arsenal (en 68 min)
19:51:35 [INFO] 🚀 Sistema multi-driver: Creando 3 drivers independientes (sin límite de tabs)
19:51:35 [INFO] 
Iniciando observador con 3 partidos.
19:51:35 [INFO] Ciclo: 30s | Output: data/
19:51:35 [INFO] 🔄 Recarga dinámica: Revisando games.csv cada 5 ciclos (scheduling)
19:51:35 [INFO] 🧹 Limpiando ventanas Betfair antiguas...
19:51:35 [WARNING] Script de limpieza no encontrado: C:\Users\agonz\OneDrive\Documents\Proyectos\Furbo\betfair_scraper\close_betfair_windows.ps1
19:51:35 [INFO] Cargados 10 partidos desde games.csv
19:51:35 [INFO] 
🚀 Iniciando 3 drivers Chrome (sistema multi-driver paralelo)...
19:51:35 [INFO] 🔧 Creando driver de login: Al-Hazm (KSA) - Al-Akhdoud
19:51:35 [INFO] 🔧 Creando driver para: Al-Hazm (KSA) - Al-Akhdoud
19:51:43 [INFO] ✓ Cookies aceptadas automáticamente
19:51:44 [INFO] ✓ Driver listo: al-hazm-ksa-al-akhdoud-apuestas-35232966
19:51:44 [INFO] ============================================================
19:51:44 [INFO] HAZ LOGIN MANUAL en Betfair.es ahora.
19:51:44 [INFO] Tienes 0 segundos...
19:51:44 [INFO] El scraper comenzará automáticamente después.
19:51:44 [INFO] ============================================================
19:51:44 [INFO] 🔧 Creando 2 drivers adicionales en paralelo...
19:51:44 [INFO] 🔧 Creando driver para: Al-Quadisiya (KSA) - NEOM Sports Club
19:51:44 [INFO] 🔧 Creando driver para: Wolfsburgo Femenino - Juventus FC Femenino
19:51:51 [INFO] ✓ Cookies aceptadas automáticamente
19:51:51 [INFO] ✓ Cookies aceptadas automáticamente
19:51:52 [INFO] ✓ Driver listo: wolfsburgo-femenino-juventus-fc-w-apuestas-3510554
19:51:52 [INFO] ✓ Driver listo: al-quadisiya-ksa-neom-sports-club-apuestas-3524103
19:51:52 [INFO] ✓ 3 drivers creados exitosamente
19:51:52 [INFO] ============================================================
19:51:52 [INFO] CAPTURA INICIADA - Presiona Ctrl+C para detener
19:51:52 [INFO] ============================================================
19:51:52 [INFO] 
--- Ciclo #1 ---
19:51:52 [INFO] 📸 Capturando 3 partidos en paralelo...
19:51:53 [DEBUG] ✓ Actualizar clickeado: al-quadisiya-ksa-neom-sports-club-apuestas-3524103
19:51:53 [DEBUG] ✓ Actualizar clickeado: al-hazm-ksa-al-akhdoud-apuestas-35232966
19:51:53 [DEBUG] [al-quadisiya-ksa-neom-sports-club-apuestas-3524103] → Extrayendo información del partido...
19:51:53 [DEBUG] [al-hazm-ksa-al-akhdoud-apuestas-35232966] → Extrayendo información del partido...
19:51:53 [DEBUG] ✓ Actualizar clickeado: wolfsburgo-femenino-juventus-fc-w-apuestas-3510554
19:51:54 [DEBUG] [wolfsburgo-femenino-juventus-fc-w-apuestas-3510554] → Extrayendo información del partido...
19:52:01 [DEBUG] [al-quadisiya-ksa-neom-sports-club-apuestas-3524103] → Extrayendo cuotas Match Odds...
19:52:01 [DEBUG] [al-hazm-ksa-al-akhdoud-apuestas-35232966] → Extrayendo cuotas Match Odds...
19:52:02 [DEBUG] [wolfsburgo-femenino-juventus-fc-w-apuestas-3510554] → Extrayendo cuotas Match Odds...
19:52:04 [DEBUG] [al-quadisiya-ksa-neom-sports-club-apuestas-3524103] → Extrayendo cuotas Over/Under...
19:52:04 [DEBUG] [al-hazm-ksa-al-akhdoud-apuestas-35232966] → Extrayendo cuotas Over/Under...
19:52:05 [DEBUG] [wolfsburgo-femenino-juventus-fc-w-apuestas-3510554] → Extrayendo cuotas Over/Under...
19:52:07 [DEBUG] [al-quadisiya-ksa-neom-sports-club-apuestas-3524103] → Extrayendo cuotas Resultado Correcto...
19:52:07 [DEBUG] [al-hazm-ksa-al-akhdoud-apuestas-35232966] → Extrayendo cuotas Resultado Correcto...
19:52:08 [DEBUG] [wolfsburgo-femenino-juventus-fc-w-apuestas-3510554] → Extrayendo cuotas Resultado Correcto...
19:52:10 [DEBUG] [al-quadisiya-ksa-neom-sports-club-apuestas-3524103] → Extrayendo estadísticas del partido...
19:52:10 [DEBUG]   → Extrayendo eventId del HTML...
19:52:10 [DEBUG] Betfair event ID extraído del HTML: 35241036
19:52:10 [DEBUG] Consultando videoplayer: https://videoplayer.betfair.es/GetPlayer.do?eID=35241036&contentType=viz&contentView=mstats
19:52:10 [DEBUG] [al-hazm-ksa-al-akhdoud-apuestas-35232966] → Extrayendo estadísticas del partido...
19:52:10 [DEBUG]   → Extrayendo eventId del HTML...
19:52:10 [DEBUG] Betfair event ID extraído del HTML: 35232966
19:52:10 [DEBUG] Consultando videoplayer: https://videoplayer.betfair.es/GetPlayer.do?eID=35232966&contentType=viz&contentView=mstats
19:52:10 [ERROR] Error consultando videoplayer endpoint: 404 Client Error:  for url: https://videoplayer.betfair.es/GetPlayer.do?eID=35241036&contentType=viz&contentView=mstats
19:52:10 [WARNING]   × No se pudo extraer eventId - partido sin estadísticas Opta
19:52:10 [INFO]   → Extrayendo stats del iframe (fallback): eID=35241036
19:52:10 [WARNING] No se encontró eventId de Opta en la respuesta del videoplayer
19:52:10 [WARNING]   × No se pudo extraer eventId - partido sin estadísticas Opta
19:52:10 [INFO]   → Extrayendo stats del iframe (fallback): eID=35232966
19:52:11 [DEBUG] [wolfsburgo-femenino-juventus-fc-w-apuestas-3510554] → Extrayendo estadísticas del partido...
19:52:11 [DEBUG]   → Extrayendo eventId del HTML...
19:52:11 [DEBUG] Betfair event ID extraído del HTML: 35105544
19:52:11 [DEBUG] Consultando videoplayer: https://videoplayer.betfair.es/GetPlayer.do?eID=35105544&contentType=viz&contentView=mstats
19:52:11 [ERROR] Error consultando videoplayer endpoint: 404 Client Error:  for url: https://videoplayer.betfair.es/GetPlayer.do?eID=35105544&contentType=viz&contentView=mstats
19:52:11 [WARNING]   × No se pudo extraer eventId - partido sin estadísticas Opta
19:52:11 [INFO]   → Extrayendo stats del iframe (fallback): eID=35105544
19:52:12 [INFO]   ✓ Fallback iframe exitoso: 12 campos capturados
19:52:12 [DEBUG]   → Iframe stats capturados: {'tiros_puerta_local': '8', 'tiros_puerta_visitante': '2', 'corners_local': '9', 'corners_visitante': '4', 'posesion_local': '54', 'posesion_visitante': '46', 'shots_off_target_local': '3', 'shots_off_target_visitante': '0', 'blocked_shots_local': '1', 'blocked_shots_visitante': '3', 'tiros_local': '12', 'tiros_visitante': '5'}
19:52:12 [DEBUG]   → Total stats en dict tras merge: 12
19:52:12 [DEBUG] [al-hazm-ksa-al-akhdoud-apuestas-35232966] → Extrayendo volumen matched...
19:52:24 [WARNING]   × Fallback iframe no encontró estadísticas
19:52:24 [DEBUG] [al-quadisiya-ksa-neom-sports-club-apuestas-3524103] → Extrayendo volumen matched...
19:52:25 [DEBUG] [al-hazm-ksa-al-akhdoud-apuestas-35232966] → Extrayendo momentum...
19:52:25 [DEBUG]   → Buscando URL del iframe de stats para Momentum...
19:52:26 [WARNING]   × Fallback iframe no encontró estadísticas
19:52:26 [DEBUG] [wolfsburgo-femenino-juventus-fc-w-apuestas-3510554] → Extrayendo volumen matched...
19:52:31 [DEBUG]   × No se encontró URL del iframe de stats
19:52:31 [INFO] ✓ [al-hazm-ksa-al-akhdoud-apuestas-35232966] Captura exitosa: en_juego, min 61, 1-1
19:52:37 [DEBUG] [al-quadisiya-ksa-neom-sports-club-apuestas-3524103] → Extrayendo momentum...
19:52:37 [DEBUG]   → Buscando URL del iframe de stats para Momentum...
19:52:39 [DEBUG] [wolfsburgo-femenino-juventus-fc-w-apuestas-3510554] → Extrayendo momentum...
19:52:39 [DEBUG]   → Buscando URL del iframe de stats para Momentum...
19:52:43 [DEBUG]   × No se encontró URL del iframe de stats
19:52:43 [INFO] ✓ [al-quadisiya-ksa-neom-sports-club-apuestas-3524103] Captura exitosa: en_juego, min 62, 0-0
19:52:45 [DEBUG]   × No se encontró URL del iframe de stats
19:52:45 [INFO] ✓ [wolfsburgo-femenino-juventus-fc-w-apuestas-3510554] Captura exitosa: en_juego, min 49, 0-1
19:52:45 [INFO] ✓ Captura paralela completada en 52.6s (3/3 exitosos)
19:52:45 [WARNING] Ciclo tardó 52.6s (> 30s). Iniciando siguiente ciclo inmediatamente.
19:52:45 [INFO] 
--- Ciclo #2 ---
19:52:45 [INFO] 📸 Capturando 3 partidos en paralelo...
19:52:45 [DEBUG] ✓ Actualizar clickeado: al-quadisiya-ksa-neom-sports-club-apuestas-3524103
19:52:45 [DEBUG] ✓ Actualizar clickeado: wolfsburgo-femenino-juventus-fc-w-apuestas-3510554
19:52:45 [DEBUG] ✓ Actualizar clickeado: al-hazm-ksa-al-akhdoud-apuestas-35232966
19:52:46 [DEBUG] [al-quadisiya-ksa-neom-sports-club-apuestas-3524103] → Extrayendo información del partido...
19:52:46 [DEBUG] [wolfsburgo-femenino-juventus-fc-w-apuestas-3510554] → Extrayendo información del partido...
19:52:46 [DEBUG] [al-hazm-ksa-al-akhdoud-apuestas-35232966] → Extrayendo información del partido...
19:52:54 [DEBUG] [al-quadisiya-ksa-neom-sports-club-apuestas-3524103] → Extrayendo cuotas Match Odds...
19:52:54 [DEBUG] [al-hazm-ksa-al-akhdoud-apuestas-35232966] → Extrayendo cuotas Match Odds...
19:52:54 [DEBUG] [wolfsburgo-femenino-juventus-fc-w-apuestas-3510554] → Extrayendo cuotas Match Odds...
19:52:56 [DEBUG] [al-quadisiya-ksa-neom-sports-club-apuestas-3524103] → Extrayendo cuotas Over/Under...
19:52:56 [DEBUG] [wolfsburgo-femenino-juventus-fc-w-apuestas-3510554] → Extrayendo cuotas Over/Under...
19:52:56 [DEBUG] [al-hazm-ksa-al-akhdoud-apuestas-35232966] → Extrayendo cuotas Over/Under...
19:52:59 [DEBUG] [al-quadisiya-ksa-neom-sports-club-apuestas-3524103] → Extrayendo cuotas Resultado Correcto...
19:52:59 [DEBUG] [al-hazm-ksa-al-akhdoud-apuestas-35232966] → Extrayendo cuotas Resultado Correcto...
19:52:59 [DEBUG] [wolfsburgo-femenino-juventus-fc-w-apuestas-3510554] → Extrayendo cuotas Resultado Correcto...
19:53:02 [DEBUG] [al-quadisiya-ksa-neom-sports-club-apuestas-3524103] → Extrayendo estadísticas del partido...
19:53:02 [DEBUG]   → Extrayendo eventId del HTML...
19:53:03 [DEBUG] [al-hazm-ksa-al-akhdoud-apuestas-35232966] → Extrayendo estadísticas del partido...
19:53:03 [DEBUG]   → Extrayendo eventId del HTML...
19:53:03 [DEBUG] Betfair event ID extraído del HTML: 35241036
19:53:03 [DEBUG] Consultando videoplayer: https://videoplayer.betfair.es/GetPlayer.do?eID=35241036&contentType=viz&contentView=mstats
19:53:03 [DEBUG] Betfair event ID extraído del HTML: 35232966
19:53:03 [DEBUG] Consultando videoplayer: https://videoplayer.betfair.es/GetPlayer.do?eID=35232966&contentType=viz&contentView=mstats
19:53:03 [DEBUG] [wolfsburgo-femenino-juventus-fc-w-apuestas-3510554] → Extrayendo estadísticas del partido...
19:53:03 [DEBUG]   → Extrayendo eventId del HTML...
19:53:03 [DEBUG] Betfair event ID extraído del HTML: 35105544
19:53:03 [DEBUG] Consultando videoplayer: https://videoplayer.betfair.es/GetPlayer.do?eID=35105544&contentType=viz&contentView=mstats
19:53:03 [WARNING] No se encontró eventId de Opta en la respuesta del videoplayer
19:53:03 [WARNING]   × No se pudo extraer eventId - partido sin estadísticas Opta
19:53:03 [INFO]   → Extrayendo stats del iframe (fallback): eID=35232966
19:53:03 [ERROR] Error consultando videoplayer endpoint: 404 Client Error:  for url: https://videoplayer.betfair.es/GetPlayer.do?eID=35241036&contentType=viz&contentView=mstats
19:53:03 [WARNING]   × No se pudo extraer eventId - partido sin estadísticas Opta
19:53:03 [INFO]   → Extrayendo stats del iframe (fallback): eID=35241036
19:53:03 [ERROR] Error consultando videoplayer endpoint: 404 Client Error:  for url: https://videoplayer.betfair.es/GetPlayer.do?eID=35105544&contentType=viz&contentView=mstats
19:53:03 [WARNING]   × No se pudo extraer eventId - partido sin estadísticas Opta
19:53:03 [INFO]   → Extrayendo stats del iframe (fallback): eID=35105544
19:53:05 [INFO]   ✓ Fallback iframe exitoso: 12 campos capturados
19:53:06 [DEBUG]   → Iframe stats capturados: {'tiros_puerta_local': '8', 'tiros_puerta_visitante': '2', 'corners_local': '9', 'corners_visitante': '4', 'posesion_local': '54', 'posesion_visitante': '46', 'shots_off_target_local': '3', 'shots_off_target_visitante': '0', 'blocked_shots_local': '1', 'blocked_shots_visitante': '3', 'tiros_local': '12', 'tiros_visitante': '5'}
19:53:06 [DEBUG]   → Total stats en dict tras merge: 12
19:53:06 [DEBUG] [al-hazm-ksa-al-akhdoud-apuestas-35232966] → Extrayendo volumen matched...
19:53:17 [WARNING]   × Fallback iframe no encontró estadísticas
19:53:17 [WARNING]   × Fallback iframe no encontró estadísticas
19:53:17 [DEBUG] [wolfsburgo-femenino-juventus-fc-w-apuestas-3510554] → Extrayendo volumen matched...
19:53:17 [DEBUG] [al-quadisiya-ksa-neom-sports-club-apuestas-3524103] → Extrayendo volumen matched...
19:53:18 [DEBUG] [al-hazm-ksa-al-akhdoud-apuestas-35232966] → Extrayendo momentum...
19:53:18 [DEBUG]   → Buscando URL del iframe de stats para Momentum...
19:53:25 [DEBUG]   × No se encontró URL del iframe de stats
19:53:25 [INFO] ✓ [al-hazm-ksa-al-akhdoud-apuestas-35232966] Captura exitosa: en_juego, min 62, 1-1
19:53:30 [DEBUG] [wolfsburgo-femenino-juventus-fc-w-apuestas-3510554] → Extrayendo momentum...
19:53:30 [DEBUG]   → Buscando URL del iframe de stats para Momentum...
19:53:30 [DEBUG] [al-quadisiya-ksa-neom-sports-club-apuestas-3524103] → Extrayendo momentum...
19:53:30 [DEBUG]   → Buscando URL del iframe de stats para Momentum...
19:53:36 [DEBUG]   × No se encontró URL del iframe de stats
19:53:36 [INFO] ✓ [al-quadisiya-ksa-neom-sports-club-apuestas-3524103] Captura exitosa: en_juego, min 63, 0-0
19:53:36 [DEBUG]   × No se encontró URL del iframe de stats
19:53:36 [INFO] ✓ [wolfsburgo-femenino-juventus-fc-w-apuestas-3510554] Captura exitosa: en_juego, min 50, 0-1
19:53:36 [INFO] ✓ Captura paralela completada en 51.4s (3/3 exitosos)
19:53:36 [WARNING] Ciclo tardó 51.4s (> 30s). Iniciando siguiente ciclo inmediatamente.
19:53:36 [INFO] 
--- Ciclo #3 ---
19:53:36 [INFO] 📸 Capturando 3 partidos en paralelo...
19:53:37 [DEBUG] ✓ Actualizar clickeado: al-quadisiya-ksa-neom-sports-club-apuestas-3524103
19:53:37 [DEBUG] ✓ Actualizar clickeado: wolfsburgo-femenino-juventus-fc-w-apuestas-3510554
19:53:37 [DEBUG] ✓ Actualizar clickeado: al-hazm-ksa-al-akhdoud-apuestas-35232966
19:53:37 [DEBUG] [al-quadisiya-ksa-neom-sports-club-apuestas-3524103] → Extrayendo información del partido...
19:53:37 [DEBUG] [wolfsburgo-femenino-juventus-fc-w-apuestas-3510554] → Extrayendo información del partido...
19:53:37 [DEBUG] [al-hazm-ksa-al-akhdoud-apuestas-35232966] → Extrayendo información del partido...
19:53:45 [DEBUG] [al-quadisiya-ksa-neom-sports-club-apuestas-3524103] → Extrayendo cuotas Match Odds...
19:53:45 [DEBUG] [al-hazm-ksa-al-akhdoud-apuestas-35232966] → Extrayendo cuotas Match Odds...
19:53:45 [DEBUG] [wolfsburgo-femenino-juventus-fc-w-apuestas-3510554] → Extrayendo cuotas Match Odds...
19:53:48 [DEBUG] [al-quadisiya-ksa-neom-sports-club-apuestas-3524103] → Extrayendo cuotas Over/Under...
19:53:48 [DEBUG] [wolfsburgo-femenino-juventus-fc-w-apuestas-3510554] → Extrayendo cuotas Over/Under...
19:53:49 [WARNING] ⟳ [al-hazm-ksa-al-akhdoud-apuestas-35232966] Match Odds incompletos (0/3), refrescando...
19:53:51 [DEBUG] [al-quadisiya-ksa-neom-sports-club-apuestas-3524103] → Extrayendo cuotas Resultado Correcto...
19:53:51 [DEBUG] [wolfsburgo-femenino-juventus-fc-w-apuestas-3510554] → Extrayendo cuotas Resultado Correcto...
19:53:54 [DEBUG] [al-quadisiya-ksa-neom-sports-club-apuestas-3524103] → Extrayendo estadísticas del partido...
19:53:54 [DEBUG]   → Extrayendo eventId del HTML...
19:53:54 [DEBUG] Betfair event ID extraído del HTML: 35241036
19:53:54 [DEBUG] Consultando videoplayer: https://videoplayer.betfair.es/GetPlayer.do?eID=35241036&contentType=viz&contentView=mstats
19:53:54 [DEBUG] [wolfsburgo-femenino-juventus-fc-w-apuestas-3510554] → Extrayendo estadísticas del partido...
19:53:54 [DEBUG]   → Extrayendo eventId del HTML...
19:53:54 [DEBUG] Betfair event ID extraído del HTML: 35105544
19:53:54 [DEBUG] Consultando videoplayer: https://videoplayer.betfair.es/GetPlayer.do?eID=35105544&contentType=viz&contentView=mstats
19:53:54 [ERROR] Error consultando videoplayer endpoint: 404 Client Error:  for url: https://videoplayer.betfair.es/GetPlayer.do?eID=35241036&contentType=viz&contentView=mstats
19:53:54 [WARNING]   × No se pudo extraer eventId - partido sin estadísticas Opta
19:53:54 [INFO]   → Extrayendo stats del iframe (fallback): eID=35241036
19:53:54 [ERROR] Error consultando videoplayer endpoint: 404 Client Error:  for url: https://videoplayer.betfair.es/GetPlayer.do?eID=35105544&contentType=viz&contentView=mstats
19:53:54 [WARNING]   × No se pudo extraer eventId - partido sin estadísticas Opta
19:53:54 [INFO]   → Extrayendo stats del iframe (fallback): eID=35105544
19:54:08 [WARNING]   × Fallback iframe no encontró estadísticas
19:54:08 [DEBUG] [al-quadisiya-ksa-neom-sports-club-apuestas-3524103] → Extrayendo volumen matched...
19:54:09 [WARNING]   × Fallback iframe no encontró estadísticas
19:54:09 [DEBUG] [wolfsburgo-femenino-juventus-fc-w-apuestas-3510554] → Extrayendo volumen matched...
19:54:18 [DEBUG] No se encontró banner de cookies (puede que ya esté aceptado)
19:54:21 [DEBUG] [al-quadisiya-ksa-neom-sports-club-apuestas-3524103] → Extrayendo momentum...
19:54:21 [DEBUG]   → Buscando URL del iframe de stats para Momentum...
19:54:21 [DEBUG] [wolfsburgo-femenino-juventus-fc-w-apuestas-3510554] → Extrayendo momentum...
19:54:21 [DEBUG]   → Buscando URL del iframe de stats para Momentum...
19:54:27 [DEBUG]   × No se encontró URL del iframe de stats
19:54:27 [INFO] ✓ [al-quadisiya-ksa-neom-sports-club-apuestas-3524103] Captura exitosa: en_juego, min 64, 0-0
19:54:28 [DEBUG]   × No se encontró URL del iframe de stats
19:54:28 [INFO] ✓ [wolfsburgo-femenino-juventus-fc-w-apuestas-3510554] Captura exitosa: en_juego, min 51, 0-1
19:54:30 [DEBUG] [al-hazm-ksa-al-akhdoud-apuestas-35232966] → Extrayendo cuotas Over/Under...
19:54:32 [DEBUG] [al-hazm-ksa-al-akhdoud-apuestas-35232966] → Extrayendo cuotas Resultado Correcto...
19:54:34 [DEBUG] [al-hazm-ksa-al-akhdoud-apuestas-35232966] → Extrayendo estadísticas del partido...
19:54:34 [DEBUG]   → Extrayendo eventId del HTML...
19:54:34 [DEBUG] Betfair event ID extraído del HTML: 35232966
19:54:34 [DEBUG] Consultando videoplayer: https://videoplayer.betfair.es/GetPlayer.do?eID=35232966&contentType=viz&contentView=mstats
19:54:34 [WARNING] No se encontró eventId de Opta en la respuesta del videoplayer
19:54:34 [WARNING]   × No se pudo extraer eventId - partido sin estadísticas Opta
19:54:34 [INFO]   → Extrayendo stats del iframe (fallback): eID=35232966
19:54:36 [INFO]   ✓ Fallback iframe exitoso: 10 campos capturados
19:54:36 [DEBUG]   → Iframe stats capturados: {'tiros_puerta_local': '8', 'tiros_puerta_visitante': '2', 'corners_local': '10', 'corners_visitante': '4', 'shots_off_target_local': '3', 'shots_off_target_visitante': '0', 'blocked_shots_local': '1', 'blocked_shots_visitante': '3', 'tiros_local': '12', 'tiros_visitante': '5'}
19:54:36 [DEBUG]   → Total stats en dict tras merge: 10
19:54:36 [DEBUG] [al-hazm-ksa-al-akhdoud-apuestas-35232966] → Extrayendo volumen matched...
19:54:49 [DEBUG] [al-hazm-ksa-al-akhdoud-apuestas-35232966] → Extrayendo momentum...
19:54:49 [DEBUG]   → Buscando URL del iframe de stats para Momentum...
19:54:55 [DEBUG]   × No se encontró URL del iframe de stats
19:54:55 [INFO] ✓ [al-hazm-ksa-al-akhdoud-apuestas-35232966] Captura exitosa: en_juego, min 64, 1-1
19:54:55 [INFO] ✓ Captura paralela completada en 78.6s (3/3 exitosos)
19:54:55 [WARNING] Ciclo tardó 78.6s (> 30s). Iniciando siguiente ciclo inmediatamente.
19:54:55 [INFO] 
--- Ciclo #4 ---
19:54:55 [INFO] 📸 Capturando 3 partidos en paralelo...
19:54:55 [DEBUG] ✓ Actualizar clickeado: al-quadisiya-ksa-neom-sports-club-apuestas-3524103
19:54:55 [DEBUG] ✓ Actualizar clickeado: wolfsburgo-femenino-juventus-fc-w-apuestas-3510554
19:54:56 [DEBUG] ✓ Actualizar clickeado: al-hazm-ksa-al-akhdoud-apuestas-35232966
19:54:56 [DEBUG] [al-quadisiya-ksa-neom-sports-club-apuestas-3524103] → Extrayendo información del partido...
19:54:56 [DEBUG] [wolfsburgo-femenino-juventus-fc-w-apuestas-3510554] → Extrayendo información del partido...
19:54:56 [DEBUG] [al-hazm-ksa-al-akhdoud-apuestas-35232966] → Extrayendo información del partido...
19:55:04 [DEBUG] [al-hazm-ksa-al-akhdoud-apuestas-35232966] → Extrayendo cuotas Match Odds...
19:55:04 [DEBUG] [al-quadisiya-ksa-neom-sports-club-apuestas-3524103] → Extrayendo cuotas Match Odds...
19:55:04 [DEBUG] [wolfsburgo-femenino-juventus-fc-w-apuestas-3510554] → Extrayendo cuotas Match Odds...
19:55:07 [DEBUG] [al-hazm-ksa-al-akhdoud-apuestas-35232966] → Extrayendo cuotas Over/Under...
19:55:07 [DEBUG] [al-quadisiya-ksa-neom-sports-club-apuestas-3524103] → Extrayendo cuotas Over/Under...
19:55:07 [DEBUG] [wolfsburgo-femenino-juventus-fc-w-apuestas-3510554] → Extrayendo cuotas Over/Under...
19:55:09 [DEBUG] [al-hazm-ksa-al-akhdoud-apuestas-35232966] → Extrayendo cuotas Resultado Correcto...
19:55:09 [DEBUG] [al-quadisiya-ksa-neom-sports-club-apuestas-3524103] → Extrayendo cuotas Resultado Correcto...
19:55:10 [DEBUG] [wolfsburgo-femenino-juventus-fc-w-apuestas-3510554] → Extrayendo cuotas Resultado Correcto...
19:55:11 [DEBUG] [al-hazm-ksa-al-akhdoud-apuestas-35232966] → Extrayendo estadísticas del partido...
19:55:11 [DEBUG]   → Extrayendo eventId del HTML...
19:55:11 [DEBUG] Betfair event ID extraído del HTML: 35232966
19:55:11 [DEBUG] Consultando videoplayer: https://videoplayer.betfair.es/GetPlayer.do?eID=35232966&contentType=viz&contentView=mstats
19:55:11 [WARNING] No se encontró eventId de Opta en la respuesta del videoplayer
19:55:11 [WARNING]   × No se pudo extraer eventId - partido sin estadísticas Opta
19:55:11 [INFO]   → Extrayendo stats del iframe (fallback): eID=35232966
19:55:13 [DEBUG] [al-quadisiya-ksa-neom-sports-club-apuestas-3524103] → Extrayendo estadísticas del partido...
19:55:13 [DEBUG]   → Extrayendo eventId del HTML...
19:55:13 [DEBUG] Betfair event ID extraído del HTML: 35241036
19:55:13 [DEBUG] Consultando videoplayer: https://videoplayer.betfair.es/GetPlayer.do?eID=35241036&contentType=viz&contentView=mstats
19:55:13 [INFO]   ✓ Fallback iframe exitoso: 12 campos capturados
19:55:13 [DEBUG]   → Iframe stats capturados: {'tiros_puerta_local': '8', 'tiros_puerta_visitante': '2', 'corners_local': '10', 'corners_visitante': '4', 'posesion_local': '54', 'posesion_visitante': '46', 'shots_off_target_local': '3', 'shots_off_target_visitante': '0', 'blocked_shots_local': '1', 'blocked_shots_visitante': '3', 'tiros_local': '12', 'tiros_visitante': '5'}
19:55:13 [DEBUG]   → Total stats en dict tras merge: 12
19:55:13 [DEBUG] [al-hazm-ksa-al-akhdoud-apuestas-35232966] → Extrayendo volumen matched...
19:55:13 [DEBUG] [wolfsburgo-femenino-juventus-fc-w-apuestas-3510554] → Extrayendo estadísticas del partido...
19:55:13 [DEBUG]   → Extrayendo eventId del HTML...
19:55:13 [DEBUG] Betfair event ID extraído del HTML: 35105544
19:55:13 [DEBUG] Consultando videoplayer: https://videoplayer.betfair.es/GetPlayer.do?eID=35105544&contentType=viz&contentView=mstats
19:55:13 [ERROR] Error consultando videoplayer endpoint: 404 Client Error:  for url: https://videoplayer.betfair.es/GetPlayer.do?eID=35241036&contentType=viz&contentView=mstats
19:55:13 [WARNING]   × No se pudo extraer eventId - partido sin estadísticas Opta
19:55:13 [INFO]   → Extrayendo stats del iframe (fallback): eID=35241036
19:55:14 [ERROR] Error consultando videoplayer endpoint: 404 Client Error:  for url: https://videoplayer.betfair.es/GetPlayer.do?eID=35105544&contentType=viz&contentView=mstats
19:55:14 [WARNING]   × No se pudo extraer eventId - partido sin estadísticas Opta
19:55:14 [INFO]   → Extrayendo stats del iframe (fallback): eID=35105544
19:55:26 [DEBUG] [al-hazm-ksa-al-akhdoud-apuestas-35232966] → Extrayendo momentum...
19:55:26 [DEBUG]   → Buscando URL del iframe de stats para Momentum...
19:55:28 [WARNING]   × Fallback iframe no encontró estadísticas
19:55:28 [DEBUG] [al-quadisiya-ksa-neom-sports-club-apuestas-3524103] → Extrayendo volumen matched...
19:55:28 [WARNING]   × Fallback iframe no encontró estadísticas
19:55:28 [DEBUG] [wolfsburgo-femenino-juventus-fc-w-apuestas-3510554] → Extrayendo volumen matched...
19:55:32 [DEBUG]   × No se encontró URL del iframe de stats
19:55:32 [INFO] ✓ [al-hazm-ksa-al-akhdoud-apuestas-35232966] Captura exitosa: en_juego, min 64, 1-1
19:55:40 [DEBUG] [al-quadisiya-ksa-neom-sports-club-apuestas-3524103] → Extrayendo momentum...
19:55:40 [DEBUG]   → Buscando URL del iframe de stats para Momentum...
19:55:41 [DEBUG] [wolfsburgo-femenino-juventus-fc-w-apuestas-3510554] → Extrayendo momentum...
19:55:41 [DEBUG]   → Buscando URL del iframe de stats para Momentum...
19:55:47 [DEBUG]   × No se encontró URL del iframe de stats
19:55:47 [INFO] ✓ [al-quadisiya-ksa-neom-sports-club-apuestas-3524103] Captura exitosa: en_juego, min 65, 0-0
19:55:47 [DEBUG]   × No se encontró URL del iframe de stats
19:55:47 [INFO] ✓ [wolfsburgo-femenino-juventus-fc-w-apuestas-3510554] Captura exitosa: en_juego, min 53, 0-1
19:55:47 [INFO] ✓ Captura paralela completada en 52.3s (3/3 exitosos)
19:55:47 [WARNING] Ciclo tardó 52.3s (> 30s). Iniciando siguiente ciclo inmediatamente.
19:55:47 [INFO] 
--- Ciclo #5 ---
19:55:47 [INFO] 📸 Capturando 3 partidos en paralelo...
19:55:48 [DEBUG] ✓ Actualizar clickeado: al-hazm-ksa-al-akhdoud-apuestas-35232966
19:55:48 [DEBUG] ✓ Actualizar clickeado: al-quadisiya-ksa-neom-sports-club-apuestas-3524103
19:55:48 [DEBUG] ✓ Actualizar clickeado: wolfsburgo-femenino-juventus-fc-w-apuestas-3510554
19:55:48 [DEBUG] [al-hazm-ksa-al-akhdoud-apuestas-35232966] → Extrayendo información del partido...
19:55:48 [DEBUG] [al-quadisiya-ksa-neom-sports-club-apuestas-3524103] → Extrayendo información del partido...
19:55:48 [DEBUG] [wolfsburgo-femenino-juventus-fc-w-apuestas-3510554] → Extrayendo información del partido...
19:55:56 [DEBUG] [wolfsburgo-femenino-juventus-fc-w-apuestas-3510554] → Extrayendo cuotas Match Odds...
19:55:56 [DEBUG] [al-quadisiya-ksa-neom-sports-club-apuestas-3524103] → Extrayendo cuotas Match Odds...
19:55:56 [DEBUG] [al-hazm-ksa-al-akhdoud-apuestas-35232966] → Extrayendo cuotas Match Odds...
19:55:59 [DEBUG] [wolfsburgo-femenino-juventus-fc-w-apuestas-3510554] → Extrayendo cuotas Over/Under...
19:55:59 [DEBUG] [al-quadisiya-ksa-neom-sports-club-apuestas-3524103] → Extrayendo cuotas Over/Under...
19:55:59 [DEBUG] [al-hazm-ksa-al-akhdoud-apuestas-35232966] → Extrayendo cuotas Over/Under...
19:56:01 [DEBUG] [al-hazm-ksa-al-akhdoud-apuestas-35232966] → Extrayendo cuotas Resultado Correcto...
19:56:02 [DEBUG] [al-quadisiya-ksa-neom-sports-club-apuestas-3524103] → Extrayendo cuotas Resultado Correcto...
19:56:02 [DEBUG] [wolfsburgo-femenino-juventus-fc-w-apuestas-3510554] → Extrayendo cuotas Resultado Correcto...
19:56:03 [DEBUG] [al-hazm-ksa-al-akhdoud-apuestas-35232966] → Extrayendo estadísticas del partido...
19:56:03 [DEBUG]   → Extrayendo eventId del HTML...
19:56:03 [DEBUG] Betfair event ID extraído del HTML: 35232966
19:56:03 [DEBUG] Consultando videoplayer: https://videoplayer.betfair.es/GetPlayer.do?eID=35232966&contentType=viz&contentView=mstats
19:56:04 [WARNING] No se encontró eventId de Opta en la respuesta del videoplayer
19:56:04 [WARNING]   × No se pudo extraer eventId - partido sin estadísticas Opta
19:56:04 [INFO]   → Extrayendo stats del iframe (fallback): eID=35232966
19:56:05 [DEBUG] [al-quadisiya-ksa-neom-sports-club-apuestas-3524103] → Extrayendo estadísticas del partido...
19:56:05 [DEBUG]   → Extrayendo eventId del HTML...
19:56:05 [DEBUG] Betfair event ID extraído del HTML: 35241036
19:56:05 [DEBUG] Consultando videoplayer: https://videoplayer.betfair.es/GetPlayer.do?eID=35241036&contentType=viz&contentView=mstats
19:56:05 [DEBUG] [wolfsburgo-femenino-juventus-fc-w-apuestas-3510554] → Extrayendo estadísticas del partido...
19:56:05 [DEBUG]   → Extrayendo eventId del HTML...
19:56:05 [DEBUG] Betfair event ID extraído del HTML: 35105544
19:56:05 [DEBUG] Consultando videoplayer: https://videoplayer.betfair.es/GetPlayer.do?eID=35105544&contentType=viz&contentView=mstats
19:56:05 [ERROR] Error consultando videoplayer endpoint: 404 Client Error:  for url: https://videoplayer.betfair.es/GetPlayer.do?eID=35241036&contentType=viz&contentView=mstats
19:56:05 [WARNING]   × No se pudo extraer eventId - partido sin estadísticas Opta
19:56:05 [INFO]   → Extrayendo stats del iframe (fallback): eID=35241036
19:56:05 [INFO]   ✓ Fallback iframe exitoso: 12 campos capturados
19:56:05 [DEBUG]   → Iframe stats capturados: {'tiros_puerta_local': '8', 'tiros_puerta_visitante': '2', 'corners_local': '11', 'corners_visitante': '4', 'posesion_local': '54', 'posesion_visitante': '46', 'shots_off_target_local': '4', 'shots_off_target_visitante': '0', 'blocked_shots_local': '1', 'blocked_shots_visitante': '3', 'tiros_local': '13', 'tiros_visitante': '5'}
19:56:05 [DEBUG]   → Total stats en dict tras merge: 12
19:56:05 [DEBUG] [al-hazm-ksa-al-akhdoud-apuestas-35232966] → Extrayendo volumen matched...
19:56:06 [ERROR] Error consultando videoplayer endpoint: 404 Client Error:  for url: https://videoplayer.betfair.es/GetPlayer.do?eID=35105544&contentType=viz&contentView=mstats
19:56:06 [WARNING]   × No se pudo extraer eventId - partido sin estadísticas Opta
19:56:06 [INFO]   → Extrayendo stats del iframe (fallback): eID=35105544
19:56:18 [DEBUG] [al-hazm-ksa-al-akhdoud-apuestas-35232966] → Extrayendo momentum...
19:56:18 [DEBUG]   → Buscando URL del iframe de stats para Momentum...
19:56:19 [WARNING]   × Fallback iframe no encontró estadísticas
19:56:19 [DEBUG] [al-quadisiya-ksa-neom-sports-club-apuestas-3524103] → Extrayendo volumen matched...
19:56:20 [WARNING]   × Fallback iframe no encontró estadísticas
19:56:20 [DEBUG] [wolfsburgo-femenino-juventus-fc-w-apuestas-3510554] → Extrayendo volumen matched...
19:56:25 [DEBUG]   × No se encontró URL del iframe de stats
19:56:25 [INFO] ✓ [al-hazm-ksa-al-akhdoud-apuestas-35232966] Captura exitosa: en_juego, min 65, 1-1
19:56:32 [DEBUG] [al-quadisiya-ksa-neom-sports-club-apuestas-3524103] → Extrayendo momentum...
19:56:32 [DEBUG]   → Buscando URL del iframe de stats para Momentum...
19:56:32 [DEBUG] [wolfsburgo-femenino-juventus-fc-w-apuestas-3510554] → Extrayendo momentum...
19:56:32 [DEBUG]   → Buscando URL del iframe de stats para Momentum...
19:56:39 [DEBUG]   × No se encontró URL del iframe de stats
19:56:39 [INFO] ✓ [al-quadisiya-ksa-neom-sports-club-apuestas-3524103] Captura exitosa: en_juego, min 66, 0-0
19:56:39 [DEBUG]   × No se encontró URL del iframe de stats
19:56:39 [INFO] ✓ [wolfsburgo-femenino-juventus-fc-w-apuestas-3510554] Captura exitosa: en_juego, min 53, 0-1
19:56:39 [INFO] ✓ Captura paralela completada en 51.6s (3/3 exitosos)
19:56:39 [INFO] 🔄 Revisando games.csv para detectar cambios...
19:56:39 [INFO] Cargados 10 partidos desde games.csv
19:56:39 [WARNING] Ciclo tardó 51.6s (> 30s). Iniciando siguiente ciclo inmediatamente.
19:56:39 [INFO] 
--- Ciclo #6 ---
19:56:39 [INFO] 📸 Capturando 3 partidos en paralelo...
19:56:39 [DEBUG] ✓ Actualizar clickeado: al-quadisiya-ksa-neom-sports-club-apuestas-3524103
19:56:39 [DEBUG] ✓ Actualizar clickeado: al-hazm-ksa-al-akhdoud-apuestas-35232966
19:56:39 [DEBUG] ✓ Actualizar clickeado: wolfsburgo-femenino-juventus-fc-w-apuestas-3510554
19:56:40 [DEBUG] [al-quadisiya-ksa-neom-sports-club-apuestas-3524103] → Extrayendo información del partido...
19:56:40 [DEBUG] [al-hazm-ksa-al-akhdoud-apuestas-35232966] → Extrayendo información del partido...
19:56:40 [DEBUG] [wolfsburgo-femenino-juventus-fc-w-apuestas-3510554] → Extrayendo información del partido...
19:56:48 [DEBUG] [al-quadisiya-ksa-neom-sports-club-apuestas-3524103] → Extrayendo cuotas Match Odds...
19:56:48 [DEBUG] [wolfsburgo-femenino-juventus-fc-w-apuestas-3510554] → Extrayendo cuotas Match Odds...
19:56:48 [DEBUG] [al-hazm-ksa-al-akhdoud-apuestas-35232966] → Extrayendo cuotas Match Odds...
19:56:50 [DEBUG] [al-quadisiya-ksa-neom-sports-club-apuestas-3524103] → Extrayendo cuotas Over/Under...
19:56:50 [DEBUG] [wolfsburgo-femenino-juventus-fc-w-apuestas-3510554] → Extrayendo cuotas Over/Under...
19:56:50 [DEBUG] [al-hazm-ksa-al-akhdoud-apuestas-35232966] → Extrayendo cuotas Over/Under...
19:56:52 [DEBUG] [al-hazm-ksa-al-akhdoud-apuestas-35232966] → Extrayendo cuotas Resultado Correcto...
19:56:53 [DEBUG] [al-quadisiya-ksa-neom-sports-club-apuestas-3524103] → Extrayendo cuotas Resultado Correcto...
19:56:53 [DEBUG] [wolfsburgo-femenino-juventus-fc-w-apuestas-3510554] → Extrayendo cuotas Resultado Correcto...
19:56:55 [DEBUG] [al-hazm-ksa-al-akhdoud-apuestas-35232966] → Extrayendo estadísticas del partido...
19:56:55 [DEBUG]   → Extrayendo eventId del HTML...
19:56:55 [DEBUG] Betfair event ID extraído del HTML: 35232966
19:56:55 [DEBUG] Consultando videoplayer: https://videoplayer.betfair.es/GetPlayer.do?eID=35232966&contentType=viz&contentView=mstats
19:56:56 [WARNING] No se encontró eventId de Opta en la respuesta del videoplayer
19:56:56 [WARNING]   × No se pudo extraer eventId - partido sin estadísticas Opta
19:56:56 [INFO]   → Extrayendo stats del iframe (fallback): eID=35232966
19:56:57 [DEBUG] [al-quadisiya-ksa-neom-sports-club-apuestas-3524103] → Extrayendo estadísticas del partido...
19:56:57 [DEBUG]   → Extrayendo eventId del HTML...
19:56:57 [DEBUG] Betfair event ID extraído del HTML: 35241036
19:56:57 [DEBUG] Consultando videoplayer: https://videoplayer.betfair.es/GetPlayer.do?eID=35241036&contentType=viz&contentView=mstats
19:56:57 [DEBUG] [wolfsburgo-femenino-juventus-fc-w-apuestas-3510554] → Extrayendo estadísticas del partido...
19:56:57 [DEBUG]   → Extrayendo eventId del HTML...
19:56:57 [INFO]   ✓ Fallback iframe exitoso: 12 campos capturados
19:56:57 [DEBUG] Betfair event ID extraído del HTML: 35105544
19:56:57 [DEBUG] Consultando videoplayer: https://videoplayer.betfair.es/GetPlayer.do?eID=35105544&contentType=viz&contentView=mstats
19:56:57 [DEBUG]   → Iframe stats capturados: {'tiros_puerta_local': '8', 'tiros_puerta_visitante': '2', 'corners_local': '11', 'corners_visitante': '4', 'posesion_local': '54', 'posesion_visitante': '46', 'shots_off_target_local': '4', 'shots_off_target_visitante': '0', 'blocked_shots_local': '1', 'blocked_shots_visitante': '3', 'tiros_local': '13', 'tiros_visitante': '5'}
19:56:57 [DEBUG]   → Total stats en dict tras merge: 12
19:56:57 [DEBUG] [al-hazm-ksa-al-akhdoud-apuestas-35232966] → Extrayendo volumen matched...
19:56:58 [ERROR] Error consultando videoplayer endpoint: 404 Client Error:  for url: https://videoplayer.betfair.es/GetPlayer.do?eID=35241036&contentType=viz&contentView=mstats
19:56:58 [WARNING]   × No se pudo extraer eventId - partido sin estadísticas Opta
19:56:58 [INFO]   → Extrayendo stats del iframe (fallback): eID=35241036
19:56:58 [ERROR] Error consultando videoplayer endpoint: 404 Client Error:  for url: https://videoplayer.betfair.es/GetPlayer.do?eID=35105544&contentType=viz&contentView=mstats
19:56:58 [WARNING]   × No se pudo extraer eventId - partido sin estadísticas Opta
19:56:58 [INFO]   → Extrayendo stats del iframe (fallback): eID=35105544
19:57:10 [DEBUG] [al-hazm-ksa-al-akhdoud-apuestas-35232966] → Extrayendo momentum...
19:57:10 [DEBUG]   → Buscando URL del iframe de stats para Momentum...
19:57:12 [WARNING]   × Fallback iframe no encontró estadísticas
19:57:12 [WARNING]   × Fallback iframe no encontró estadísticas
19:57:12 [DEBUG] [al-quadisiya-ksa-neom-sports-club-apuestas-3524103] → Extrayendo volumen matched...
19:57:12 [DEBUG] [wolfsburgo-femenino-juventus-fc-w-apuestas-3510554] → Extrayendo volumen matched...
19:57:16 [DEBUG]   × No se encontró URL del iframe de stats
19:57:16 [INFO] ✓ [al-hazm-ksa-al-akhdoud-apuestas-35232966] Captura exitosa: en_juego, min 66, 1-1
19:57:25 [DEBUG] [wolfsburgo-femenino-juventus-fc-w-apuestas-3510554] → Extrayendo momentum...
19:57:25 [DEBUG] [al-quadisiya-ksa-neom-sports-club-apuestas-3524103] → Extrayendo momentum...
19:57:25 [DEBUG]   → Buscando URL del iframe de stats para Momentum...
19:57:25 [DEBUG]   → Buscando URL del iframe de stats para Momentum...
19:57:32 [DEBUG]   × No se encontró URL del iframe de stats
19:57:32 [INFO] ✓ [wolfsburgo-femenino-juventus-fc-w-apuestas-3510554] Captura exitosa: en_juego, min 54, 0-1
19:57:32 [DEBUG]   × No se encontró URL del iframe de stats
19:57:32 [INFO] ✓ [al-quadisiya-ksa-neom-sports-club-apuestas-3524103] Captura exitosa: en_juego, min 66, 0-0
19:57:32 [INFO] ✓ Captura paralela completada en 52.7s (3/3 exitosos)
19:57:32 [WARNING] Ciclo tardó 52.7s (> 30s). Iniciando siguiente ciclo inmediatamente.
19:57:32 [INFO] 
--- Ciclo #7 ---
19:57:32 [INFO] 📸 Capturando 3 partidos en paralelo...
19:57:32 [DEBUG] ✓ Actualizar clickeado: al-quadisiya-ksa-neom-sports-club-apuestas-3524103
19:57:32 [DEBUG] ✓ Actualizar clickeado: al-hazm-ksa-al-akhdoud-apuestas-35232966
19:57:32 [DEBUG] ✓ Actualizar clickeado: wolfsburgo-femenino-juventus-fc-w-apuestas-3510554
19:57:32 [DEBUG] [al-quadisiya-ksa-neom-sports-club-apuestas-3524103] → Extrayendo información del partido...
19:57:32 [DEBUG] [al-hazm-ksa-al-akhdoud-apuestas-35232966] → Extrayendo información del partido...
19:57:32 [DEBUG] [wolfsburgo-femenino-juventus-fc-w-apuestas-3510554] → Extrayendo información del partido...
19:57:41 [DEBUG] [al-quadisiya-ksa-neom-sports-club-apuestas-3524103] → Extrayendo cuotas Match Odds...
19:57:41 [DEBUG] [wolfsburgo-femenino-juventus-fc-w-apuestas-3510554] → Extrayendo cuotas Match Odds...
19:57:41 [DEBUG] [al-hazm-ksa-al-akhdoud-apuestas-35232966] → Extrayendo cuotas Match Odds...
19:57:43 [DEBUG] [al-quadisiya-ksa-neom-sports-club-apuestas-3524103] → Extrayendo cuotas Over/Under...
19:57:43 [DEBUG] [wolfsburgo-femenino-juventus-fc-w-apuestas-3510554] → Extrayendo cuotas Over/Under...
19:57:43 [DEBUG] [al-hazm-ksa-al-akhdoud-apuestas-35232966] → Extrayendo cuotas Over/Under...
19:57:45 [DEBUG] [al-hazm-ksa-al-akhdoud-apuestas-35232966] → Extrayendo cuotas Resultado Correcto...
19:57:46 [DEBUG] [al-quadisiya-ksa-neom-sports-club-apuestas-3524103] → Extrayendo cuotas Resultado Correcto...
19:57:46 [DEBUG] [wolfsburgo-femenino-juventus-fc-w-apuestas-3510554] → Extrayendo cuotas Resultado Correcto...
19:57:47 [DEBUG] [al-hazm-ksa-al-akhdoud-apuestas-35232966] → Extrayendo estadísticas del partido...
19:57:47 [DEBUG]   → Extrayendo eventId del HTML...
19:57:47 [DEBUG] Betfair event ID extraído del HTML: 35232966
19:57:47 [DEBUG] Consultando videoplayer: https://videoplayer.betfair.es/GetPlayer.do?eID=35232966&contentType=viz&contentView=mstats
19:57:48 [WARNING] No se encontró eventId de Opta en la respuesta del videoplayer
19:57:48 [WARNING]   × No se pudo extraer eventId - partido sin estadísticas Opta
19:57:48 [INFO]   → Extrayendo stats del iframe (fallback): eID=35232966
19:57:50 [DEBUG] [al-quadisiya-ksa-neom-sports-club-apuestas-3524103] → Extrayendo estadísticas del partido...
19:57:50 [DEBUG]   → Extrayendo eventId del HTML...
19:57:50 [DEBUG] Betfair event ID extraído del HTML: 35241036
19:57:50 [DEBUG] Consultando videoplayer: https://videoplayer.betfair.es/GetPlayer.do?eID=35241036&contentType=viz&contentView=mstats
19:57:50 [DEBUG] [wolfsburgo-femenino-juventus-fc-w-apuestas-3510554] → Extrayendo estadísticas del partido...
19:57:50 [DEBUG]   → Extrayendo eventId del HTML...
19:57:50 [INFO]   ✓ Fallback iframe exitoso: 12 campos capturados
19:57:50 [DEBUG] Betfair event ID extraído del HTML: 35105544
19:57:50 [DEBUG] Consultando videoplayer: https://videoplayer.betfair.es/GetPlayer.do?eID=35105544&contentType=viz&contentView=mstats
19:57:50 [DEBUG]   → Iframe stats capturados: {'tiros_puerta_local': '8', 'tiros_puerta_visitante': '2', 'corners_local': '11', 'corners_visitante': '4', 'posesion_local': '54', 'posesion_visitante': '46', 'shots_off_target_local': '5', 'shots_off_target_visitante': '0', 'blocked_shots_local': '1', 'blocked_shots_visitante': '3', 'tiros_local': '14', 'tiros_visitante': '5'}
19:57:50 [DEBUG]   → Total stats en dict tras merge: 12
19:57:50 [DEBUG] [al-hazm-ksa-al-akhdoud-apuestas-35232966] → Extrayendo volumen matched...
19:57:51 [ERROR] Error consultando videoplayer endpoint: 404 Client Error:  for url: https://videoplayer.betfair.es/GetPlayer.do?eID=35241036&contentType=viz&contentView=mstats
19:57:51 [WARNING]   × No se pudo extraer eventId - partido sin estadísticas Opta
19:57:51 [INFO]   → Extrayendo stats del iframe (fallback): eID=35241036
19:57:51 [ERROR] Error consultando videoplayer endpoint: 404 Client Error:  for url: https://videoplayer.betfair.es/GetPlayer.do?eID=35105544&contentType=viz&contentView=mstats
19:57:51 [WARNING]   × No se pudo extraer eventId - partido sin estadísticas Opta
19:57:51 [INFO]   → Extrayendo stats del iframe (fallback): eID=35105544
19:58:03 [DEBUG] [al-hazm-ksa-al-akhdoud-apuestas-35232966] → Extrayendo momentum...
19:58:03 [DEBUG]   → Buscando URL del iframe de stats para Momentum...
19:58:05 [WARNING]   × Fallback iframe no encontró estadísticas
19:58:05 [DEBUG] [al-quadisiya-ksa-neom-sports-club-apuestas-3524103] → Extrayendo volumen matched...
19:58:05 [WARNING]   × Fallback iframe no encontró estadísticas
19:58:05 [DEBUG] [wolfsburgo-femenino-juventus-fc-w-apuestas-3510554] → Extrayendo volumen matched...
