23:03:29 [INFO] 📝 Log guardándose en: logs/scraper_20260210_230329.log
23:03:29 [INFO] Cargados 20 partidos desde games.csv
23:03:29 [INFO] 📅 MODO SCHEDULING ACTIVADO
23:03:29 [INFO]    Ventana tracking: 10 min antes → 150 min después
23:03:29 [INFO]    Total en CSV: 20 partidos
23:03:29 [INFO]    ✓ Partidos activos ahora: 13
23:03:29 [INFO]    ⏰ Partidos futuros: 3
23:03:29 [INFO]    ✅ Partidos finalizados: 4
23:03:29 [INFO] 
📋 Próximos partidos a trackear:
23:03:29 [INFO]       Deportivo Tachira - The Strongest (en 147 min)
23:03:29 [INFO]       EC Vitoria Salvador - Flamengo (en 147 min)
23:03:29 [INFO]       Pumas U.N.A.M. - San Diego FC (en 177 min)
23:03:29 [INFO] 🚀 Sistema multi-driver: Creando 13 drivers independientes (sin límite de tabs)
23:03:29 [INFO] 
Iniciando observador con 13 partidos.
23:03:29 [INFO] Ciclo: 30s | Output: data/
23:03:29 [INFO] 🔄 Recarga dinámica: Revisando games.csv cada 1 ciclos (scheduling)
23:03:29 [INFO] Cargados 20 partidos desde games.csv
23:03:29 [INFO] 
🚀 Iniciando 13 drivers Chrome (sistema multi-driver paralelo)...
23:03:29 [INFO] 🔧 Creando driver de login: West Ham - Manchester United
23:03:29 [INFO] 🔧 Creando driver para: West Ham - Manchester United
23:03:35 [INFO] ✓ Cookies aceptadas automáticamente
23:03:36 [INFO] ✓ Driver listo: west-ham-manchester-united-apuestas-35212135
23:03:36 [INFO] ============================================================
23:03:36 [INFO] HAZ LOGIN MANUAL en Betfair.es ahora.
23:03:36 [INFO] Tienes 30 segundos...
23:03:36 [INFO] El scraper comenzará automáticamente después.
23:03:36 [INFO] ============================================================
23:03:36 [INFO]   Comenzando en 30s...
23:03:46 [INFO]   Comenzando en 20s...
23:03:56 [INFO]   Comenzando en 10s...
23:04:06 [INFO] 🔧 Creando 12 drivers adicionales en paralelo...
23:04:06 [INFO] 🔧 Creando driver para: Hertha Berlín - Friburgo
23:04:06 [INFO] 🔧 Creando driver para: Nápoles - Como
23:04:06 [INFO] 🔧 Creando driver para: Birmingham - West Bromwich
23:04:06 [INFO] 🔧 Creando driver para: Leicester - Southampton
23:04:06 [INFO] 🔧 Creando driver para: Oxford United - Norwich
23:04:06 [INFO] 🔧 Creando driver para: Annan - Dumbarton
23:04:06 [INFO] 🔧 Creando driver para: Clyde - Elgin City FC
23:04:06 [INFO] 🔧 Creando driver para: Crawley - Cambridge United
23:04:17 [INFO] ✓ Cookies aceptadas automáticamente
23:04:18 [INFO] ✓ Driver listo: n%C3%A1poles-como-apuestas-35199124
23:04:18 [INFO] 🔧 Creando driver para: Mansfield - Peterborough
23:04:19 [INFO] ✓ Cookies aceptadas automáticamente
23:04:19 [INFO] ✓ Cookies aceptadas automáticamente
23:04:20 [INFO] ✓ Driver listo: oxford-united-norwich-apuestas-35239430
23:04:20 [INFO] ✓ Driver listo: annan-dumbarton-apuestas-35213339
23:04:20 [INFO] 🔧 Creando driver para: Shrewsbury - Barrow
23:04:20 [INFO] 🔧 Creando driver para: Wigan - Reading
23:04:20 [INFO] ✓ Cookies aceptadas automáticamente
23:04:21 [INFO] ✓ Cookies aceptadas automáticamente
23:04:21 [INFO] ✓ Driver listo: hertha-berl%C3%ADn-friburgo-apuestas-35060079
23:04:21 [INFO] 🔧 Creando driver para: Hearts - Hibernian
23:04:21 [INFO] ✓ Cookies aceptadas automáticamente
23:04:22 [INFO] ✓ Driver listo: crawley-cambridge-united-apuestas-35234804
23:04:22 [INFO] ✓ Driver listo: birmingham-west-bromwich-apuestas-35239405
23:04:25 [INFO] ✓ Cookies aceptadas automáticamente
23:04:26 [INFO] ✓ Driver listo: leicester-southampton-apuestas-35239402
23:04:26 [INFO] ✓ Cookies aceptadas automáticamente
23:04:27 [INFO] ✓ Driver listo: clyde-elgin-city-fc-apuestas-35213453
23:04:30 [INFO] ✓ Cookies aceptadas automáticamente
23:04:31 [INFO] ✓ Driver listo: mansfield-peterborough-apuestas-35236568
23:04:35 [INFO] ✓ Cookies aceptadas automáticamente
23:04:36 [INFO] ✓ Cookies aceptadas automáticamente
23:04:36 [INFO] ✓ Driver listo: shrewsbury-barrow-apuestas-35234799
23:04:37 [INFO] ✓ Driver listo: wigan-reading-apuestas-35235288
