21:01:19 [INFO] 📝 Log guardándose en: logs/scraper_20260212_210119.log
21:01:19 [INFO] Cargados 10 partidos desde games.csv
21:01:19 [INFO] 📅 MODO SCHEDULING ACTIVADO
21:01:19 [INFO]    Ventana tracking: 10 min antes → 150 min después
21:01:19 [INFO]    Total en CSV: 10 partidos
21:01:19 [INFO]    ✓ Partidos activos ahora: 6
21:01:19 [INFO]    ⏰ Partidos futuros: 2
21:01:19 [INFO]    ✅ Partidos finalizados: 2
21:01:19 [INFO] 
📋 Próximos partidos a trackear:
21:01:19 [INFO]       Athletico-PR - Santos (en 119 min)
21:01:19 [INFO]       Tigre - Aldosivi (en 119 min)
21:01:19 [INFO] 🚀 Sistema multi-driver: Creando 6 drivers independientes (sin límite de tabs)
21:01:19 [INFO] 
Iniciando observador con 6 partidos.
21:01:19 [INFO] Ciclo: 30s | Output: data/
21:01:19 [INFO] 🔄 Recarga dinámica: Revisando games.csv cada 5 ciclos (scheduling)
21:01:19 [INFO] 🧹 Limpiando ventanas Betfair antiguas...
21:01:19 [WARNING] Script de limpieza no encontrado: C:\Users\agonz\OneDrive\Documents\Proyectos\Furbo\betfair_scraper\close_betfair_windows.ps1
21:01:19 [INFO] Cargados 10 partidos desde games.csv
21:01:19 [INFO] 
🚀 Iniciando 6 drivers Chrome (sistema multi-driver paralelo)...
21:01:19 [INFO] 🔧 Creando driver de login: Wolfsburgo Femenino - Juventus FC Femenino
21:01:19 [INFO] 🔧 Creando driver para: Wolfsburgo Femenino - Juventus FC Femenino
21:01:25 [INFO] ✓ Cookies aceptadas automáticamente
21:01:26 [INFO] ✓ Driver listo: wolfsburgo-femenino-juventus-fc-w-apuestas-3510554
21:01:26 [INFO] ============================================================
21:01:26 [INFO] HAZ LOGIN MANUAL en Betfair.es ahora.
21:01:26 [INFO] Tienes 0 segundos...
21:01:26 [INFO] El scraper comenzará automáticamente después.
21:01:26 [INFO] ============================================================
21:01:26 [INFO] 🔧 Creando 5 drivers adicionales en paralelo...
21:01:26 [INFO] 🔧 Creando driver para: Sion - FC Basel
21:01:26 [INFO] 🔧 Creando driver para: Thun - Lausanne
21:01:26 [INFO] 🔧 Creando driver para: Atlético de Madrid Femenino - Manchester United Fe
21:01:26 [INFO] 🔧 Creando driver para: Atlético de Madrid - FC Barcelona
21:01:26 [INFO] 🔧 Creando driver para: Brentford - Arsenal
21:01:34 [INFO] ✓ Cookies aceptadas automáticamente
21:01:35 [INFO] ✓ Driver listo: brentford-arsenal-apuestas-35212180
21:01:36 [INFO] ✓ Cookies aceptadas automáticamente
21:01:37 [INFO] ✓ Driver listo: atl%C3%A9tico-de-madrid-femenino-manchester-united
21:01:37 [INFO] ✓ Cookies aceptadas automáticamente
21:01:38 [INFO] ✓ Cookies aceptadas automáticamente
21:01:38 [INFO] ✓ Driver listo: sion-fc-basel-apuestas-35234028
21:01:39 [INFO] ✓ Driver listo: atl%C3%A9tico-de-madrid-fc-barcelona-apuestas-3523
21:01:39 [INFO] ✓ Cookies aceptadas automáticamente
21:01:40 [INFO] ✓ Driver listo: thun-lausanne-apuestas-35244305
21:01:40 [INFO] ✓ 6 drivers creados exitosamente
21:01:40 [INFO] ============================================================
21:01:40 [INFO] CAPTURA INICIADA - Presiona Ctrl+C para detener
21:01:40 [INFO] ============================================================
21:01:40 [INFO] 
--- Ciclo #1 ---
21:01:40 [INFO] 📸 Capturando 6 partidos en paralelo...
21:01:41 [DEBUG] ✓ Actualizar clickeado: atl%C3%A9tico-de-madrid-femenino-manchester-united
21:01:41 [DEBUG] ✓ Actualizar clickeado: atl%C3%A9tico-de-madrid-fc-barcelona-apuestas-3523
21:01:41 [DEBUG] ✓ Actualizar clickeado: brentford-arsenal-apuestas-35212180
21:01:41 [DEBUG] ✓ Actualizar clickeado: sion-fc-basel-apuestas-35234028
21:01:41 [DEBUG] [atl%C3%A9tico-de-madrid-femenino-manchester-united] → Extrayendo información del partido...
21:01:41 [DEBUG] [atl%C3%A9tico-de-madrid-fc-barcelona-apuestas-3523] → Extrayendo información del partido...
21:01:41 [DEBUG] ✓ Actualizar clickeado: thun-lausanne-apuestas-35244305
21:01:41 [DEBUG] [brentford-arsenal-apuestas-35212180] → Extrayendo información del partido...
21:01:41 [DEBUG] [sion-fc-basel-apuestas-35234028] → Extrayendo información del partido...
21:01:41 [DEBUG] [thun-lausanne-apuestas-35244305] → Extrayendo información del partido...
21:01:48 [DEBUG] [wolfsburgo-femenino-juventus-fc-w-apuestas-3510554] → Extrayendo información del partido...
21:01:49 [DEBUG] [sion-fc-basel-apuestas-35234028] → Extrayendo cuotas Match Odds...
21:01:49 [DEBUG] [brentford-arsenal-apuestas-35212180] → Extrayendo cuotas Match Odds...
21:01:50 [DEBUG] [thun-lausanne-apuestas-35244305] → Extrayendo cuotas Match Odds...
21:01:50 [DEBUG] [atl%C3%A9tico-de-madrid-fc-barcelona-apuestas-3523] → Extrayendo cuotas Match Odds...
21:01:52 [DEBUG] [sion-fc-basel-apuestas-35234028] → Extrayendo cuotas Over/Under...
21:01:52 [DEBUG] [brentford-arsenal-apuestas-35212180] → Extrayendo cuotas Over/Under...
21:01:52 [DEBUG] [thun-lausanne-apuestas-35244305] → Extrayendo cuotas Over/Under...
21:01:53 [DEBUG] [atl%C3%A9tico-de-madrid-fc-barcelona-apuestas-3523] → Extrayendo cuotas Over/Under...
21:01:55 [DEBUG] [sion-fc-basel-apuestas-35234028] → Extrayendo cuotas Resultado Correcto...
21:01:55 [DEBUG] [brentford-arsenal-apuestas-35212180] → Extrayendo cuotas Resultado Correcto...
21:01:55 [DEBUG] [thun-lausanne-apuestas-35244305] → Extrayendo cuotas Resultado Correcto...
21:01:56 [DEBUG] [atl%C3%A9tico-de-madrid-fc-barcelona-apuestas-3523] → Extrayendo cuotas Resultado Correcto...
21:01:58 [DEBUG] [thun-lausanne-apuestas-35244305] → Extrayendo estadísticas del partido...
21:01:58 [DEBUG]   → Extrayendo eventId del HTML...
21:01:58 [DEBUG] Betfair event ID extraído del HTML: 35244305
21:01:58 [DEBUG] Consultando videoplayer: https://videoplayer.betfair.es/GetPlayer.do?eID=35244305&contentType=viz&contentView=mstats
21:01:58 [DEBUG] [brentford-arsenal-apuestas-35212180] → Extrayendo estadísticas del partido...
21:01:58 [DEBUG]   → Extrayendo eventId del HTML...
21:01:58 [DEBUG] Betfair event ID extraído del HTML: 35212180
21:01:58 [DEBUG] Consultando videoplayer: https://videoplayer.betfair.es/GetPlayer.do?eID=35212180&contentType=viz&contentView=mstats
21:01:58 [DEBUG] [sion-fc-basel-apuestas-35234028] → Extrayendo estadísticas del partido...
21:01:58 [DEBUG]   → Extrayendo eventId del HTML...
21:01:58 [DEBUG] Betfair event ID extraído del HTML: 35234028
21:01:58 [DEBUG] Consultando videoplayer: https://videoplayer.betfair.es/GetPlayer.do?eID=35234028&contentType=viz&contentView=mstats
21:01:58 [INFO] EventId de Opta extraído: bp7jffdb5v1x5ksth1cngff2s
21:01:58 [DEBUG]   ✓ EventId extraído: bp7jffdb5v1x5ksth1cngff2s
21:01:58 [DEBUG]   → Obteniendo estadísticas de la API...
21:01:58 [INFO] 📊 Obteniendo todas las estadísticas para eventId: bp7jffdb5v1x5ksth1cngff2s
21:01:58 [INFO] EventId de Opta extraído: 3ta3lmi2yhygyqebvoqytbf2s
21:01:58 [DEBUG]   ✓ EventId extraído: 3ta3lmi2yhygyqebvoqytbf2s
21:01:58 [DEBUG]   → Obteniendo estadísticas de la API...
21:01:58 [INFO] 📊 Obteniendo todas las estadísticas para eventId: 3ta3lmi2yhygyqebvoqytbf2s
21:01:58 [DEBUG] [atl%C3%A9tico-de-madrid-femenino-manchester-united] → Extrayendo cuotas Match Odds...
21:01:59 [DEBUG] [atl%C3%A9tico-de-madrid-fc-barcelona-apuestas-3523] → Extrayendo estadísticas del partido...
21:01:59 [DEBUG]   → Extrayendo eventId del HTML...
21:01:59 [DEBUG] Betfair event ID extraído del HTML: 35238124
21:01:59 [DEBUG] Consultando videoplayer: https://videoplayer.betfair.es/GetPlayer.do?eID=35238124&contentType=viz&contentView=mstats
21:01:59 [INFO] EventId de Opta extraído: bomuidcdl673b8rje49cbj40k
21:01:59 [DEBUG]   ✓ EventId extraído: bomuidcdl673b8rje49cbj40k
21:01:59 [DEBUG]   → Obteniendo estadísticas de la API...
21:01:59 [INFO] 📊 Obteniendo todas las estadísticas para eventId: bomuidcdl673b8rje49cbj40k
21:01:59 [DEBUG] ✅ Summary stats obtenidas para bp7jffdb5v1x5ksth1cngff2s
21:01:59 [INFO] EventId de Opta extraído: 1z8gknoiuoiuh7z1mto3je9ec
21:01:59 [DEBUG]   ✓ EventId extraído: 1z8gknoiuoiuh7z1mto3je9ec
21:01:59 [DEBUG]   → Obteniendo estadísticas de la API...
21:01:59 [INFO] 📊 Obteniendo todas las estadísticas para eventId: 1z8gknoiuoiuh7z1mto3je9ec
21:01:59 [DEBUG] ✅ Summary stats obtenidas para 3ta3lmi2yhygyqebvoqytbf2s
21:02:00 [DEBUG] ✅ Summary stats obtenidas para bomuidcdl673b8rje49cbj40k
21:02:00 [DEBUG] No se encontró datos de momentum
21:02:00 [DEBUG] ✅ Summary stats obtenidas para 1z8gknoiuoiuh7z1mto3je9ec
21:02:00 [DEBUG] No se encontró datos de momentum
21:02:01 [DEBUG] No se encontró datos de momentum
21:02:01 [DEBUG] [atl%C3%A9tico-de-madrid-femenino-manchester-united] → Extrayendo cuotas Over/Under...
21:02:01 [DEBUG] No se encontró teamStatsAttackingLv
21:02:01 [DEBUG] No se encontró datos de momentum
21:02:01 [DEBUG] No se encontró teamStatsAttackingLv
21:02:01 [DEBUG] No se encontró teamStatsAttackingLv
21:02:02 [DEBUG] No se encontró teamStatsDefenceLv
21:02:02 [DEBUG] No se encontró teamStatsAttackingLv
21:02:02 [DEBUG] No se encontró teamStatsDefenceLv
21:02:02 [DEBUG] No se encontró teamStatsDefenceLv
21:02:03 [DEBUG] No se encontró teamStatsXgLv ni xgData
21:02:03 [INFO] ✅ Estadísticas obtenidas: 1/5 endpoints
21:02:03 [DEBUG]   → Mapeando estadísticas...
21:02:03 [INFO]   ✓ Estadísticas capturadas vía API: 28/66 campos
21:02:03 [DEBUG]     → xG: 0.9449-0.0571, Corners: 1-0
21:02:03 [DEBUG] [thun-lausanne-apuestas-35244305] → Extrayendo volumen matched...
21:02:03 [DEBUG] No se encontró teamStatsXgLv ni xgData
21:02:03 [INFO] ✅ Estadísticas obtenidas: 1/5 endpoints
21:02:03 [DEBUG]   → Mapeando estadísticas...
21:02:03 [INFO]   ✓ Estadísticas capturadas vía API: 28/66 campos
21:02:03 [DEBUG]     → xG: 0.0-0.0, Corners: 0-0
21:02:03 [DEBUG] [brentford-arsenal-apuestas-35212180] → Extrayendo volumen matched...
21:02:03 [DEBUG] No se encontró teamStatsXgLv ni xgData
21:02:03 [INFO] ✅ Estadísticas obtenidas: 1/5 endpoints
21:02:03 [DEBUG]   → Mapeando estadísticas...
21:02:03 [INFO]   ✓ Estadísticas capturadas vía API: 28/66 campos
21:02:03 [DEBUG]     → xG: 0.542-0.189, Corners: 0-1
21:02:03 [DEBUG] [sion-fc-basel-apuestas-35234028] → Extrayendo volumen matched...
21:02:03 [DEBUG] No se encontró teamStatsDefenceLv
21:02:04 [DEBUG] [atl%C3%A9tico-de-madrid-femenino-manchester-united] → Extrayendo cuotas Resultado Correcto...
21:02:04 [DEBUG] No se encontró teamStatsXgLv ni xgData
21:02:04 [INFO] ✅ Estadísticas obtenidas: 1/5 endpoints
21:02:04 [DEBUG]   → Mapeando estadísticas...
21:02:04 [INFO]   ✓ Estadísticas capturadas vía API: 28/66 campos
21:02:04 [DEBUG]     → xG: 0.0-0.0, Corners: 0-0
21:02:04 [DEBUG] [atl%C3%A9tico-de-madrid-fc-barcelona-apuestas-3523] → Extrayendo volumen matched...
21:02:06 [DEBUG] [wolfsburgo-femenino-juventus-fc-w-apuestas-3510554] → Extrayendo cuotas Match Odds...
21:02:07 [WARNING] ⟳ [wolfsburgo-femenino-juventus-fc-w-apuestas-3510554] Match Odds incompletos (0/3), refrescando...
21:02:07 [DEBUG] [atl%C3%A9tico-de-madrid-femenino-manchester-united] → Extrayendo estadísticas del partido...
21:02:07 [DEBUG]   → Extrayendo eventId del HTML...
21:02:07 [DEBUG] Betfair event ID extraído de la URL: 35105541
21:02:07 [DEBUG] Consultando videoplayer: https://videoplayer.betfair.es/GetPlayer.do?eID=35105541&contentType=viz&contentView=mstats
21:02:07 [ERROR] Error consultando videoplayer endpoint: 404 Client Error:  for url: https://videoplayer.betfair.es/GetPlayer.do?eID=35105541&contentType=viz&contentView=mstats
21:02:07 [WARNING]   × No se pudo extraer eventId - partido sin estadísticas Opta
21:02:07 [INFO]   → Extrayendo stats del iframe (fallback): eID=35105541
21:02:16 [DEBUG] [thun-lausanne-apuestas-35244305] → Extrayendo momentum...
21:02:16 [DEBUG]   → Buscando URL del iframe de stats para Momentum...
21:02:16 [DEBUG] [sion-fc-basel-apuestas-35234028] → Extrayendo momentum...
21:02:16 [DEBUG]   → Buscando URL del iframe de stats para Momentum...
21:02:16 [DEBUG] [brentford-arsenal-apuestas-35212180] → Extrayendo momentum...
21:02:16 [DEBUG]   → Buscando URL del iframe de stats para Momentum...
21:02:17 [DEBUG] [atl%C3%A9tico-de-madrid-fc-barcelona-apuestas-3523] → Extrayendo momentum...
21:02:17 [DEBUG]   → Buscando URL del iframe de stats para Momentum...
21:02:18 [DEBUG]   × No se encontró URL del iframe de stats
21:02:18 [INFO] ✓ [thun-lausanne-apuestas-35244305] Captura exitosa: en_juego, min 29, 2-0
21:02:19 [DEBUG]   × No se encontró URL del iframe de stats
21:02:19 [INFO] ✓ [atl%C3%A9tico-de-madrid-fc-barcelona-apuestas-3523] Captura exitosa: en_juego, min 1, 0-0
21:02:21 [WARNING]   × Timeout esperando estadísticas básicas
21:02:21 [DEBUG]   → Extrayendo todas las estadísticas del iframe...
21:02:21 [DEBUG]   × No se encontró URL del iframe de stats
21:02:21 [DEBUG]   × No se encontró URL del iframe de stats
21:02:21 [INFO] ✓ [sion-fc-basel-apuestas-35234028] Captura exitosa: en_juego, min 31, 0-0
21:02:21 [INFO] ✓ [brentford-arsenal-apuestas-35212180] Captura exitosa: en_juego, min 1, 0-0
21:02:22 [DEBUG]     × 'Shots on target' no encontrado en DOM
21:02:23 [DEBUG]     × 'Shots off target' no encontrado en DOM
21:02:24 [DEBUG]     × 'Shots blocked' no encontrado en DOM
21:02:25 [DEBUG]     × 'Corner kicks' no encontrado en DOM
21:02:28 [DEBUG]     × 'Dangerous Attack' no encontrado en DOM
21:02:29 [DEBUG]     × 'Free kicks' no encontrado en DOM
21:02:30 [DEBUG]     × 'Offsides' no encontrado en DOM
21:02:31 [DEBUG]     × 'Goal kicks' no encontrado en DOM
21:02:32 [DEBUG]     × 'Saves' no encontrado en DOM
21:02:33 [DEBUG]     × 'Throw-ins' no encontrado en DOM
21:02:34 [DEBUG]     × 'Substitutions' no encontrado en DOM
21:02:35 [DEBUG]     × 'Injuries' no encontrado en DOM
21:02:35 [DEBUG] No se encontró banner de cookies (puede que ya esté aceptado)
21:02:36 [DEBUG]     × 'Fouls' no encontrado en DOM
21:02:36 [WARNING]   × Fallback iframe no encontró estadísticas
21:02:36 [DEBUG] [atl%C3%A9tico-de-madrid-femenino-manchester-united] → Extrayendo volumen matched...
21:02:49 [DEBUG] [atl%C3%A9tico-de-madrid-femenino-manchester-united] → Extrayendo momentum...
21:02:49 [DEBUG]   → Buscando URL del iframe de stats para Momentum...
21:02:51 [DEBUG]   × No se encontró URL del iframe de stats
21:02:51 [INFO] ✓ [atl%C3%A9tico-de-madrid-femenino-manchester-united] Captura exitosa: pre_partido, min , -
21:02:55 [DEBUG] [wolfsburgo-femenino-juventus-fc-w-apuestas-3510554] → Extrayendo cuotas Over/Under...
21:02:56 [DEBUG] [wolfsburgo-femenino-juventus-fc-w-apuestas-3510554] → Extrayendo cuotas Resultado Correcto...
21:02:57 [DEBUG] [wolfsburgo-femenino-juventus-fc-w-apuestas-3510554] → Extrayendo estadísticas del partido...
21:02:57 [DEBUG]   → Extrayendo eventId del HTML...
21:02:57 [DEBUG] Betfair event ID extraído de la URL: 35105544
21:02:57 [DEBUG] Consultando videoplayer: https://videoplayer.betfair.es/GetPlayer.do?eID=35105544&contentType=viz&contentView=mstats
21:02:57 [ERROR] Error consultando videoplayer endpoint: 404 Client Error:  for url: https://videoplayer.betfair.es/GetPlayer.do?eID=35105544&contentType=viz&contentView=mstats
21:02:57 [WARNING]   × No se pudo extraer eventId - partido sin estadísticas Opta
21:02:57 [INFO]   → Extrayendo stats del iframe (fallback): eID=35105544
21:03:12 [WARNING]   × Timeout esperando estadísticas básicas
21:03:12 [DEBUG]   → Extrayendo todas las estadísticas del iframe...
21:03:13 [DEBUG]     × 'Shots on target' no encontrado en DOM
21:03:14 [DEBUG]     × 'Shots off target' no encontrado en DOM
21:03:15 [DEBUG]     × 'Shots blocked' no encontrado en DOM
21:03:16 [DEBUG]     × 'Corner kicks' no encontrado en DOM
21:03:19 [DEBUG]     × 'Dangerous Attack' no encontrado en DOM
21:03:20 [DEBUG]     × 'Free kicks' no encontrado en DOM
21:03:21 [DEBUG]     × 'Offsides' no encontrado en DOM
21:03:22 [DEBUG]     × 'Goal kicks' no encontrado en DOM
21:03:23 [DEBUG]     × 'Saves' no encontrado en DOM
21:03:24 [DEBUG]     × 'Throw-ins' no encontrado en DOM
21:03:25 [DEBUG]     × 'Substitutions' no encontrado en DOM
21:03:26 [DEBUG]     × 'Injuries' no encontrado en DOM
21:03:27 [DEBUG]     × 'Fouls' no encontrado en DOM
21:03:27 [WARNING]   × Fallback iframe no encontró estadísticas
21:03:27 [DEBUG] [wolfsburgo-femenino-juventus-fc-w-apuestas-3510554] → Extrayendo volumen matched...
21:03:40 [DEBUG] [wolfsburgo-femenino-juventus-fc-w-apuestas-3510554] → Extrayendo momentum...
21:03:40 [DEBUG]   → Buscando URL del iframe de stats para Momentum...
21:03:46 [DEBUG]   × No se encontró URL del iframe de stats
21:03:46 [INFO] ✓ [wolfsburgo-femenino-juventus-fc-w-apuestas-3510554] Captura exitosa: pre_partido, min , -
21:03:46 [INFO] ✓ Captura paralela completada en 126.0s (6/6 exitosos)
21:03:46 [WARNING] Ciclo tardó 126.0s (> 30s). Iniciando siguiente ciclo inmediatamente.
21:03:46 [INFO] 
--- Ciclo #2 ---
21:03:46 [INFO] 📸 Capturando 6 partidos en paralelo...
21:03:47 [DEBUG] ✓ Actualizar clickeado: atl%C3%A9tico-de-madrid-femenino-manchester-united
21:03:47 [DEBUG] ✓ Actualizar clickeado: thun-lausanne-apuestas-35244305
21:03:47 [DEBUG] ✓ Actualizar clickeado: atl%C3%A9tico-de-madrid-fc-barcelona-apuestas-3523
21:03:47 [DEBUG] ✓ Actualizar clickeado: brentford-arsenal-apuestas-35212180
21:03:47 [DEBUG] ✓ Actualizar clickeado: sion-fc-basel-apuestas-35234028
21:03:47 [DEBUG] [atl%C3%A9tico-de-madrid-femenino-manchester-united] → Extrayendo información del partido...
21:03:47 [DEBUG] [thun-lausanne-apuestas-35244305] → Extrayendo información del partido...
21:03:47 [DEBUG] [atl%C3%A9tico-de-madrid-fc-barcelona-apuestas-3523] → Extrayendo información del partido...
21:03:47 [DEBUG] [brentford-arsenal-apuestas-35212180] → Extrayendo información del partido...
21:03:47 [DEBUG] [sion-fc-basel-apuestas-35234028] → Extrayendo información del partido...
21:03:54 [DEBUG] [wolfsburgo-femenino-juventus-fc-w-apuestas-3510554] → Extrayendo información del partido...
21:03:55 [DEBUG] [atl%C3%A9tico-de-madrid-femenino-manchester-united] → Extrayendo cuotas Match Odds...
21:03:55 [DEBUG] [thun-lausanne-apuestas-35244305] → Extrayendo cuotas Match Odds...
21:03:55 [DEBUG] [atl%C3%A9tico-de-madrid-fc-barcelona-apuestas-3523] → Extrayendo cuotas Match Odds...
21:03:55 [DEBUG] [brentford-arsenal-apuestas-35212180] → Extrayendo cuotas Match Odds...
21:03:55 [DEBUG] [sion-fc-basel-apuestas-35234028] → Extrayendo cuotas Match Odds...
21:03:58 [DEBUG] [atl%C3%A9tico-de-madrid-fc-barcelona-apuestas-3523] → Extrayendo cuotas Over/Under...
21:03:58 [DEBUG] [atl%C3%A9tico-de-madrid-femenino-manchester-united] → Extrayendo cuotas Over/Under...
21:03:58 [DEBUG] [thun-lausanne-apuestas-35244305] → Extrayendo cuotas Over/Under...
21:03:58 [DEBUG] [brentford-arsenal-apuestas-35212180] → Extrayendo cuotas Over/Under...
21:03:58 [DEBUG] [sion-fc-basel-apuestas-35234028] → Extrayendo cuotas Over/Under...
21:04:00 [DEBUG] [thun-lausanne-apuestas-35244305] → Extrayendo cuotas Resultado Correcto...
21:04:00 [DEBUG] [atl%C3%A9tico-de-madrid-fc-barcelona-apuestas-3523] → Extrayendo cuotas Resultado Correcto...
21:04:01 [DEBUG] [atl%C3%A9tico-de-madrid-femenino-manchester-united] → Extrayendo cuotas Resultado Correcto...
21:04:01 [DEBUG] [brentford-arsenal-apuestas-35212180] → Extrayendo cuotas Resultado Correcto...
21:04:01 [DEBUG] [sion-fc-basel-apuestas-35234028] → Extrayendo cuotas Resultado Correcto...
21:04:03 [DEBUG] [thun-lausanne-apuestas-35244305] → Extrayendo estadísticas del partido...
21:04:03 [DEBUG]   → Extrayendo eventId del HTML...
21:04:03 [DEBUG] Betfair event ID extraído del HTML: 35244305
21:04:03 [DEBUG] Consultando videoplayer: https://videoplayer.betfair.es/GetPlayer.do?eID=35244305&contentType=viz&contentView=mstats
21:04:03 [DEBUG] [atl%C3%A9tico-de-madrid-fc-barcelona-apuestas-3523] → Extrayendo estadísticas del partido...
21:04:03 [DEBUG]   → Extrayendo eventId del HTML...
21:04:03 [DEBUG] Betfair event ID extraído del HTML: 35238124
21:04:03 [DEBUG] Consultando videoplayer: https://videoplayer.betfair.es/GetPlayer.do?eID=35238124&contentType=viz&contentView=mstats
21:04:04 [DEBUG] [atl%C3%A9tico-de-madrid-femenino-manchester-united] → Extrayendo estadísticas del partido...
21:04:04 [DEBUG]   → Extrayendo eventId del HTML...
21:04:04 [DEBUG] Betfair event ID extraído del HTML: 35105541
21:04:04 [DEBUG] Consultando videoplayer: https://videoplayer.betfair.es/GetPlayer.do?eID=35105541&contentType=viz&contentView=mstats
21:04:04 [DEBUG] [brentford-arsenal-apuestas-35212180] → Extrayendo estadísticas del partido...
21:04:04 [DEBUG]   → Extrayendo eventId del HTML...
21:04:04 [DEBUG] Betfair event ID extraído del HTML: 35212180
21:04:04 [DEBUG] Consultando videoplayer: https://videoplayer.betfair.es/GetPlayer.do?eID=35212180&contentType=viz&contentView=mstats
21:04:04 [INFO] EventId de Opta extraído: bp7jffdb5v1x5ksth1cngff2s
21:04:04 [DEBUG]   ✓ EventId extraído: bp7jffdb5v1x5ksth1cngff2s
21:04:04 [DEBUG]   → Obteniendo estadísticas de la API...
21:04:04 [INFO] 📊 Obteniendo todas las estadísticas para eventId: bp7jffdb5v1x5ksth1cngff2s
21:04:04 [INFO] EventId de Opta extraído: 1z8gknoiuoiuh7z1mto3je9ec
21:04:04 [DEBUG]   ✓ EventId extraído: 1z8gknoiuoiuh7z1mto3je9ec
21:04:04 [DEBUG]   → Obteniendo estadísticas de la API...
21:04:04 [INFO] 📊 Obteniendo todas las estadísticas para eventId: 1z8gknoiuoiuh7z1mto3je9ec
21:04:04 [DEBUG] [sion-fc-basel-apuestas-35234028] → Extrayendo estadísticas del partido...
21:04:04 [DEBUG]   → Extrayendo eventId del HTML...
21:04:04 [DEBUG] Betfair event ID extraído del HTML: 35234028
21:04:04 [DEBUG] Consultando videoplayer: https://videoplayer.betfair.es/GetPlayer.do?eID=35234028&contentType=viz&contentView=mstats
21:04:04 [ERROR] Error consultando videoplayer endpoint: 404 Client Error:  for url: https://videoplayer.betfair.es/GetPlayer.do?eID=35105541&contentType=viz&contentView=mstats
21:04:04 [WARNING]   × No se pudo extraer eventId - partido sin estadísticas Opta
21:04:04 [INFO]   → Extrayendo stats del iframe (fallback): eID=35105541
21:04:05 [INFO] EventId de Opta extraído: 3ta3lmi2yhygyqebvoqytbf2s
21:04:05 [DEBUG]   ✓ EventId extraído: 3ta3lmi2yhygyqebvoqytbf2s
21:04:05 [DEBUG]   → Obteniendo estadísticas de la API...
21:04:05 [INFO] 📊 Obteniendo todas las estadísticas para eventId: 3ta3lmi2yhygyqebvoqytbf2s
21:04:05 [INFO] EventId de Opta extraído: bomuidcdl673b8rje49cbj40k
21:04:05 [DEBUG]   ✓ EventId extraído: bomuidcdl673b8rje49cbj40k
21:04:05 [DEBUG]   → Obteniendo estadísticas de la API...
21:04:05 [INFO] 📊 Obteniendo todas las estadísticas para eventId: bomuidcdl673b8rje49cbj40k
21:04:05 [DEBUG] ✅ Summary stats obtenidas para bp7jffdb5v1x5ksth1cngff2s
21:04:05 [DEBUG] ✅ Summary stats obtenidas para 1z8gknoiuoiuh7z1mto3je9ec
21:04:05 [DEBUG] ✅ Summary stats obtenidas para 3ta3lmi2yhygyqebvoqytbf2s
21:04:06 [DEBUG] ✅ Summary stats obtenidas para bomuidcdl673b8rje49cbj40k
21:04:06 [DEBUG] No se encontró datos de momentum
21:04:06 [DEBUG] No se encontró datos de momentum
21:04:06 [DEBUG] No se encontró datos de momentum
21:04:07 [DEBUG] No se encontró datos de momentum
21:04:07 [DEBUG] No se encontró teamStatsAttackingLv
21:04:07 [DEBUG] No se encontró teamStatsAttackingLv
21:04:07 [DEBUG] No se encontró teamStatsAttackingLv
21:04:07 [DEBUG] No se encontró teamStatsAttackingLv
21:04:08 [DEBUG] No se encontró teamStatsDefenceLv
21:04:08 [DEBUG] No se encontró teamStatsDefenceLv
21:04:08 [DEBUG] No se encontró teamStatsDefenceLv
21:04:09 [DEBUG] No se encontró teamStatsXgLv ni xgData
21:04:09 [DEBUG] No se encontró teamStatsDefenceLv
21:04:09 [INFO] ✅ Estadísticas obtenidas: 1/5 endpoints
21:04:09 [DEBUG] No se encontró teamStatsXgLv ni xgData
21:04:09 [DEBUG]   → Mapeando estadísticas...
21:04:09 [INFO] ✅ Estadísticas obtenidas: 1/5 endpoints
21:04:09 [INFO]   ✓ Estadísticas capturadas vía API: 28/66 campos
21:04:09 [DEBUG]   → Mapeando estadísticas...
21:04:09 [DEBUG]     → xG: 0.0-0.0, Corners: 0-0
21:04:09 [INFO]   ✓ Estadísticas capturadas vía API: 28/66 campos
21:04:09 [DEBUG] [atl%C3%A9tico-de-madrid-fc-barcelona-apuestas-3523] → Extrayendo volumen matched...
21:04:09 [DEBUG]     → xG: 0.9449-0.2264, Corners: 1-0
21:04:09 [DEBUG] [thun-lausanne-apuestas-35244305] → Extrayendo volumen matched...
21:04:09 [DEBUG] No se encontró teamStatsXgLv ni xgData
21:04:09 [INFO] ✅ Estadísticas obtenidas: 1/5 endpoints
21:04:09 [DEBUG]   → Mapeando estadísticas...
21:04:09 [INFO]   ✓ Estadísticas capturadas vía API: 28/66 campos
21:04:09 [DEBUG]     → xG: 0.0-0.0, Corners: 1-0
21:04:09 [DEBUG] [brentford-arsenal-apuestas-35212180] → Extrayendo volumen matched...
21:04:09 [DEBUG] No se encontró teamStatsXgLv ni xgData
21:04:09 [INFO] ✅ Estadísticas obtenidas: 1/5 endpoints
21:04:09 [DEBUG]   → Mapeando estadísticas...
21:04:09 [INFO]   ✓ Estadísticas capturadas vía API: 28/66 campos
21:04:09 [DEBUG]     → xG: 0.6375-0.2047, Corners: 0-1
21:04:09 [DEBUG] [sion-fc-basel-apuestas-35234028] → Extrayendo volumen matched...
21:04:12 [DEBUG] [wolfsburgo-femenino-juventus-fc-w-apuestas-3510554] → Extrayendo cuotas Match Odds...
21:04:13 [WARNING] ⟳ [wolfsburgo-femenino-juventus-fc-w-apuestas-3510554] Match Odds incompletos (0/3), refrescando...
21:04:18 [WARNING]   × Timeout esperando estadísticas básicas
21:04:18 [DEBUG]   → Extrayendo todas las estadísticas del iframe...
21:04:19 [DEBUG]     × 'Shots on target' no encontrado en DOM
21:04:20 [DEBUG]     × 'Shots off target' no encontrado en DOM
21:04:22 [DEBUG]     × 'Shots blocked' no encontrado en DOM
21:04:23 [DEBUG] [atl%C3%A9tico-de-madrid-fc-barcelona-apuestas-3523] → Extrayendo momentum...
21:04:23 [DEBUG]   → Buscando URL del iframe de stats para Momentum...
21:04:23 [DEBUG] [sion-fc-basel-apuestas-35234028] → Extrayendo momentum...
21:04:23 [DEBUG]   → Buscando URL del iframe de stats para Momentum...
21:04:23 [DEBUG] [thun-lausanne-apuestas-35244305] → Extrayendo momentum...
21:04:23 [DEBUG]   → Buscando URL del iframe de stats para Momentum...
21:04:23 [DEBUG] [brentford-arsenal-apuestas-35212180] → Extrayendo momentum...
21:04:23 [DEBUG]   → Buscando URL del iframe de stats para Momentum...
21:04:24 [DEBUG]     × 'Corner kicks' no encontrado en DOM
21:04:28 [DEBUG]     × 'Dangerous Attack' no encontrado en DOM
21:04:28 [DEBUG]   × No se encontró URL del iframe de stats
21:04:28 [INFO] ✓ [thun-lausanne-apuestas-35244305] Captura exitosa: en_juego, min 31, 2-0
21:04:29 [DEBUG]     × 'Free kicks' no encontrado en DOM
21:04:29 [DEBUG]   × No se encontró URL del iframe de stats
21:04:29 [INFO] ✓ [atl%C3%A9tico-de-madrid-fc-barcelona-apuestas-3523] Captura exitosa: en_juego, min 2, 0-0
21:04:30 [DEBUG]     × 'Offsides' no encontrado en DOM
21:04:31 [DEBUG]     × 'Goal kicks' no encontrado en DOM
21:04:31 [DEBUG]   × No se encontró URL del iframe de stats
21:04:31 [INFO] ✓ [sion-fc-basel-apuestas-35234028] Captura exitosa: en_juego, min 33, 0-0
21:04:31 [DEBUG]   × No se encontró URL del iframe de stats
21:04:31 [INFO] ✓ [brentford-arsenal-apuestas-35212180] Captura exitosa: en_juego, min 2, 0-0
21:04:32 [DEBUG]     × 'Saves' no encontrado en DOM
21:04:33 [DEBUG]     × 'Throw-ins' no encontrado en DOM
21:04:34 [DEBUG]     × 'Substitutions' no encontrado en DOM
21:04:35 [DEBUG]     × 'Injuries' no encontrado en DOM
21:04:36 [DEBUG]     × 'Fouls' no encontrado en DOM
21:04:36 [WARNING]   × Fallback iframe no encontró estadísticas
21:04:36 [DEBUG] [atl%C3%A9tico-de-madrid-femenino-manchester-united] → Extrayendo volumen matched...
21:04:42 [DEBUG] No se encontró banner de cookies (puede que ya esté aceptado)
21:04:49 [DEBUG] [atl%C3%A9tico-de-madrid-femenino-manchester-united] → Extrayendo momentum...
21:04:49 [DEBUG]   → Buscando URL del iframe de stats para Momentum...
21:04:53 [DEBUG]   × No se encontró URL del iframe de stats
21:04:53 [INFO] ✓ [atl%C3%A9tico-de-madrid-femenino-manchester-united] Captura exitosa: en_juego, min 3, 0-1
21:05:04 [DEBUG] [wolfsburgo-femenino-juventus-fc-w-apuestas-3510554] → Extrayendo cuotas Over/Under...
21:05:05 [DEBUG] [wolfsburgo-femenino-juventus-fc-w-apuestas-3510554] → Extrayendo cuotas Resultado Correcto...
21:05:06 [DEBUG] [wolfsburgo-femenino-juventus-fc-w-apuestas-3510554] → Extrayendo estadísticas del partido...
21:05:06 [DEBUG]   → Extrayendo eventId del HTML...
21:05:06 [DEBUG] Betfair event ID extraído de la URL: 35105544
21:05:06 [DEBUG] Consultando videoplayer: https://videoplayer.betfair.es/GetPlayer.do?eID=35105544&contentType=viz&contentView=mstats
21:05:06 [ERROR] Error consultando videoplayer endpoint: 404 Client Error:  for url: https://videoplayer.betfair.es/GetPlayer.do?eID=35105544&contentType=viz&contentView=mstats
21:05:06 [WARNING]   × No se pudo extraer eventId - partido sin estadísticas Opta
21:05:06 [INFO]   → Extrayendo stats del iframe (fallback): eID=35105544
