23:19:49 [INFO] 📝 Log guardándose en: logs/scraper_20260214_231949.log
23:19:49 [INFO] Cargados 22 partidos desde games.csv
23:19:49 [INFO] 📅 MODO SCHEDULING ACTIVADO
23:19:49 [INFO]    Ventana tracking: 10 min antes → 150 min después
23:19:49 [INFO]    Total en CSV: 22 partidos
23:19:49 [INFO]    ✓ Partidos activos ahora: 22
23:19:49 [INFO]    ⏰ Partidos futuros: 0
23:19:49 [INFO]    ✅ Partidos finalizados: 0
23:19:49 [INFO] 🚀 Sistema multi-driver: Creando 22 drivers independientes (sin límite de tabs)
23:19:49 [INFO] 
Iniciando observador con 22 partidos.
23:19:49 [INFO] Ciclo: 30s | Output: data/
23:19:49 [INFO] 🔄 Recarga dinámica: Revisando games.csv cada 5 ciclos (scheduling)
23:19:49 [INFO] 🧹 Limpiando ventanas Betfair antiguas...
23:19:49 [WARNING] Script de limpieza no encontrado: C:\Users\agonz\OneDrive\Documents\Proyectos\Furbo\betfair_scraper\close_betfair_windows.ps1
23:19:49 [INFO] Cargados 22 partidos desde games.csv
23:19:49 [INFO] 
🚀 Iniciando 22 drivers Chrome (sistema multi-driver paralelo)...
23:19:49 [INFO] 🔧 Creando driver de login: Girona - FC Barcelona
23:19:49 [INFO] 🔧 Creando driver para: Girona - FC Barcelona
23:19:55 [INFO] ✓ Cookies aceptadas automáticamente
23:19:56 [INFO] ✓ Driver listo: girona-fc-barcelona-apuestas-35216932
23:19:56 [INFO] ============================================================
23:19:56 [INFO] HAZ LOGIN MANUAL en Betfair.es ahora.
23:19:56 [INFO] Tienes 0 segundos...
23:19:56 [INFO] El scraper comenzará automáticamente después.
23:19:56 [INFO] ============================================================
23:19:56 [INFO] 🔧 Creando 21 drivers adicionales en paralelo...
23:19:56 [INFO] 🔧 Creando driver para: Levante - Villarreal
23:19:56 [INFO] 🔧 Creando driver para: Athletic de Bilbao - Elche
23:19:56 [INFO] 🔧 Creando driver para: Real Sociedad - Oviedo
23:19:56 [INFO] 🔧 Creando driver para: Osasuna - Real Madrid
23:19:56 [INFO] 🔧 Creando driver para: Cagliari - Lecce
23:19:56 [INFO] 🔧 Creando driver para: Sassuolo - Verona
23:19:56 [INFO] 🔧 Creando driver para: Juventus - Como
23:19:56 [INFO] 🔧 Creando driver para: Lecce - Inter
23:20:04 [INFO] ✓ Cookies aceptadas automáticamente
23:20:05 [INFO] ✓ Driver listo: cagliari-lecce-apuestas-35216885
23:20:05 [INFO] 🔧 Creando driver para: Macclesfield - Brentford
23:20:06 [INFO] ✓ Cookies aceptadas automáticamente
23:20:07 [INFO] ✓ Driver listo: real-sociedad-oviedo-apuestas-35244721
23:20:07 [INFO] 🔧 Creando driver para: Sociedad B - Málaga
23:20:07 [INFO] ✓ Cookies aceptadas automáticamente
23:20:08 [INFO] ✓ Driver listo: levante-villarreal-apuestas-35242977
23:20:08 [INFO] 🔧 Creando driver para: Mainz - Hamburgo
23:20:09 [INFO] ✓ Cookies aceptadas automáticamente
23:20:10 [INFO] ✓ Driver listo: lecce-inter-apuestas-35243175
23:20:10 [INFO] 🔧 Creando driver para: Unión Berlín - Leverkusen
23:20:10 [INFO] ✓ Cookies aceptadas automáticamente
23:20:11 [INFO] ✓ Cookies aceptadas automáticamente
23:20:11 [INFO] ✓ Driver listo: juventus-como-apuestas-35243177
23:20:11 [INFO] 🔧 Creando driver para: Bayern Múnich - Eintracht Frankfurt
23:20:11 [INFO] ✓ Cookies aceptadas automáticamente
23:20:12 [INFO] ✓ Driver listo: osasuna-real-madrid-apuestas-35244726
23:20:12 [INFO] 🔧 Creando driver para: Colonia - Hoffenheim
23:20:12 [INFO] ✓ Driver listo: sassuolo-verona-apuestas-35245328
23:20:12 [INFO] 🔧 Creando driver para: Wolfsburgo - Augsburgo
23:20:16 [INFO] ✓ Cookies aceptadas automáticamente
23:20:17 [INFO] ✓ Driver listo: athletic-de-bilbao-elche-apuestas-35245234
23:20:17 [INFO] 🔧 Creando driver para: RB Leipzig - Borussia Dortmund
23:20:18 [INFO] ✓ Cookies aceptadas automáticamente
23:20:19 [INFO] ✓ Driver listo: sociedad-b-m%C3%A1laga-apuestas-35248844
23:20:19 [INFO] 🔧 Creando driver para: Friburgo - B Mönchengladbach
23:20:33 [INFO] ✓ Cookies aceptadas automáticamente
23:20:34 [INFO] ✓ Driver listo: macclesfield-brentford-apuestas-35172764
23:20:34 [INFO] 🔧 Creando driver para: St Pauli - Werder Bremen
23:20:46 [INFO] ✓ Cookies aceptadas automáticamente
23:20:46 [INFO] ✓ Cookies aceptadas automáticamente
23:20:47 [INFO] ✓ Driver listo: st-pauli-werder-bremen-apuestas-35244116
23:20:47 [INFO] 🔧 Creando driver para: Inter - Juventus
23:20:47 [INFO] ✓ Driver listo: bayern-m%C3%BAnich-eintracht-frankfurt-apuestas-35
23:20:47 [INFO] 🔧 Creando driver para: Cagliari - Lazio
23:20:49 [INFO] ✓ Cookies aceptadas automáticamente
23:20:50 [INFO] ✓ Driver listo: rb-leipzig-borussia-dortmund-apuestas-35244054
23:20:50 [INFO] 🔧 Creando driver para: Atlético de Madrid - Espanyol
23:20:52 [INFO] ✓ Cookies aceptadas automáticamente
23:20:52 [INFO] ✓ Cookies aceptadas automáticamente
23:20:53 [INFO] ✓ Driver listo: colonia-hoffenheim-apuestas-35244049
23:20:53 [INFO] ✓ Driver listo: friburgo-b-m%C3%B6nchengladbach-apuestas-35244108
23:20:56 [INFO] ✓ Cookies aceptadas automáticamente
23:20:57 [INFO] ✓ Driver listo: mainz-hamburgo-apuestas-35244047
23:21:09 [DEBUG] No se encontró banner de cookies (puede que ya esté aceptado)
23:21:09 [INFO] ✓ Driver listo: wolfsburgo-augsburgo-apuestas-35244044
23:21:17 [INFO] ✓ Cookies aceptadas automáticamente
23:21:18 [INFO] ✓ Driver listo: atl%C3%A9tico-de-madrid-espanyol-apuestas-35244577
23:21:22 [INFO] ✓ Cookies aceptadas automáticamente
23:21:23 [INFO] ✓ Driver listo: cagliari-lazio-apuestas-35243857
23:21:25 [INFO] ✓ Cookies aceptadas automáticamente
23:21:26 [INFO] ✓ Driver listo: inter-juventus-apuestas-35215842
