19:38:07 [INFO] 📝 Log guardándose en: logs/scraper_20260212_193807.log
19:38:07 [INFO] Cargados 10 partidos desde games.csv
19:38:07 [INFO] 📅 MODO SCHEDULING ACTIVADO
19:38:07 [INFO]    Ventana tracking: 10 min antes → 150 min después
19:38:07 [INFO]    Total en CSV: 10 partidos
19:38:07 [INFO]    ✓ Partidos activos ahora: 3
19:38:07 [INFO]    ⏰ Partidos futuros: 7
19:38:07 [INFO]    ✅ Partidos finalizados: 0
19:38:07 [INFO] 
📋 Próximos partidos a trackear:
19:38:07 [INFO]       Sion - FC Basel (en 52 min)
19:38:07 [INFO]       Thun - Lausanne (en 52 min)
19:38:07 [INFO]       Atlético de Madrid Femenino - Manchester United Fe (en 82 min)
19:38:07 [INFO]       Atlético de Madrid - FC Barcelona (en 82 min)
19:38:07 [INFO]       Brentford - Arsenal (en 82 min)
19:38:07 [INFO] 🚀 Sistema multi-driver: Creando 3 drivers independientes (sin límite de tabs)
19:38:07 [INFO] 
Iniciando observador con 3 partidos.
19:38:07 [INFO] Ciclo: 30s | Output: data/
19:38:07 [INFO] 🔄 Recarga dinámica: Revisando games.csv cada 5 ciclos (scheduling)
19:38:08 [INFO] 🧹 Limpiando ventanas Betfair antiguas...
19:38:08 [WARNING] Script de limpieza no encontrado: C:\Users\agonz\OneDrive\Documents\Proyectos\Furbo\betfair_scraper\close_betfair_windows.ps1
19:38:08 [INFO] Cargados 10 partidos desde games.csv
19:38:08 [INFO] 
🚀 Iniciando 3 drivers Chrome (sistema multi-driver paralelo)...
19:38:08 [INFO] 🔧 Creando driver de login: Al-Hazm (KSA) - Al-Akhdoud
19:38:08 [INFO] 🔧 Creando driver para: Al-Hazm (KSA) - Al-Akhdoud
19:38:14 [INFO] ✓ Cookies aceptadas automáticamente
19:38:15 [INFO] ✓ Driver listo: al-hazm-ksa-al-akhdoud-apuestas-35232966
19:38:15 [INFO] ============================================================
19:38:15 [INFO] HAZ LOGIN MANUAL en Betfair.es ahora.
19:38:15 [INFO] Tienes 0 segundos...
19:38:15 [INFO] El scraper comenzará automáticamente después.
19:38:15 [INFO] ============================================================
19:38:15 [INFO] 🔧 Creando 2 drivers adicionales en paralelo...
19:38:15 [INFO] 🔧 Creando driver para: Al-Quadisiya (KSA) - NEOM Sports Club
19:38:15 [INFO] 🔧 Creando driver para: Wolfsburgo Femenino - Juventus FC Femenino
19:38:21 [INFO] ✓ Cookies aceptadas automáticamente
19:38:22 [INFO] ✓ Cookies aceptadas automáticamente
19:38:22 [INFO] ✓ Driver listo: wolfsburgo-femenino-juventus-fc-w-apuestas-3510554
19:38:23 [INFO] ✓ Driver listo: al-quadisiya-ksa-neom-sports-club-apuestas-3524103
19:38:23 [INFO] ✓ 3 drivers creados exitosamente
19:38:23 [INFO] ============================================================
19:38:23 [INFO] CAPTURA INICIADA - Presiona Ctrl+C para detener
19:38:23 [INFO] ============================================================
19:38:23 [INFO] 
--- Ciclo #1 ---
19:38:23 [INFO] 📸 Capturando 3 partidos en paralelo...
19:38:23 [DEBUG] ✓ Actualizar clickeado: wolfsburgo-femenino-juventus-fc-w-apuestas-3510554
19:38:23 [DEBUG] ✓ Actualizar clickeado: al-hazm-ksa-al-akhdoud-apuestas-35232966
19:38:23 [DEBUG] ✓ Actualizar clickeado: al-quadisiya-ksa-neom-sports-club-apuestas-3524103
19:38:23 [DEBUG] [wolfsburgo-femenino-juventus-fc-w-apuestas-3510554] → Extrayendo información del partido...
19:38:23 [DEBUG] [al-hazm-ksa-al-akhdoud-apuestas-35232966] → Extrayendo información del partido...
19:38:23 [DEBUG] [al-quadisiya-ksa-neom-sports-club-apuestas-3524103] → Extrayendo información del partido...
19:38:31 [DEBUG]   ✓ Estado detectado: DESCANSO (CSS: 'Descanso')
19:38:31 [DEBUG] [wolfsburgo-femenino-juventus-fc-w-apuestas-3510554] → Extrayendo cuotas Match Odds...
19:38:32 [DEBUG] [al-quadisiya-ksa-neom-sports-club-apuestas-3524103] → Extrayendo cuotas Match Odds...
19:38:32 [DEBUG] [al-hazm-ksa-al-akhdoud-apuestas-35232966] → Extrayendo cuotas Match Odds...
19:38:33 [DEBUG] [wolfsburgo-femenino-juventus-fc-w-apuestas-3510554] → Extrayendo cuotas Over/Under...
19:38:34 [DEBUG] [al-quadisiya-ksa-neom-sports-club-apuestas-3524103] → Extrayendo cuotas Over/Under...
19:38:34 [DEBUG] [al-hazm-ksa-al-akhdoud-apuestas-35232966] → Extrayendo cuotas Over/Under...
19:38:36 [DEBUG] [wolfsburgo-femenino-juventus-fc-w-apuestas-3510554] → Extrayendo cuotas Resultado Correcto...
19:38:37 [DEBUG] [al-hazm-ksa-al-akhdoud-apuestas-35232966] → Extrayendo cuotas Resultado Correcto...
19:38:37 [DEBUG] [al-quadisiya-ksa-neom-sports-club-apuestas-3524103] → Extrayendo cuotas Resultado Correcto...
19:38:39 [DEBUG] [wolfsburgo-femenino-juventus-fc-w-apuestas-3510554] → Extrayendo estadísticas del partido...
19:38:39 [DEBUG]   → Extrayendo eventId del HTML...
19:38:39 [DEBUG] Betfair event ID extraído del HTML: 35105544
19:38:39 [DEBUG] Consultando videoplayer: https://videoplayer.betfair.es/GetPlayer.do?eID=35105544&contentType=viz&contentView=mstats
19:38:40 [ERROR] Error consultando videoplayer endpoint: 404 Client Error:  for url: https://videoplayer.betfair.es/GetPlayer.do?eID=35105544&contentType=viz&contentView=mstats
19:38:40 [WARNING]   × No se pudo extraer eventId - partido sin estadísticas Opta
19:38:40 [INFO]   → Extrayendo stats del iframe (fallback): eID=35105544
19:38:40 [DEBUG] [al-hazm-ksa-al-akhdoud-apuestas-35232966] → Extrayendo estadísticas del partido...
19:38:40 [DEBUG]   → Extrayendo eventId del HTML...
19:38:40 [DEBUG] Betfair event ID extraído del HTML: 35232966
19:38:40 [DEBUG] Consultando videoplayer: https://videoplayer.betfair.es/GetPlayer.do?eID=35232966&contentType=viz&contentView=mstats
19:38:40 [DEBUG] [al-quadisiya-ksa-neom-sports-club-apuestas-3524103] → Extrayendo estadísticas del partido...
19:38:40 [DEBUG]   → Extrayendo eventId del HTML...
19:38:40 [DEBUG] Betfair event ID extraído del HTML: 35241036
19:38:40 [DEBUG] Consultando videoplayer: https://videoplayer.betfair.es/GetPlayer.do?eID=35241036&contentType=viz&contentView=mstats
19:38:40 [WARNING] No se encontró eventId de Opta en la respuesta del videoplayer
19:38:40 [WARNING]   × No se pudo extraer eventId - partido sin estadísticas Opta
19:38:40 [INFO]   → Extrayendo stats del iframe (fallback): eID=35232966
19:38:40 [ERROR] Error consultando videoplayer endpoint: 404 Client Error:  for url: https://videoplayer.betfair.es/GetPlayer.do?eID=35241036&contentType=viz&contentView=mstats
19:38:40 [WARNING]   × No se pudo extraer eventId - partido sin estadísticas Opta
19:38:40 [INFO]   → Extrayendo stats del iframe (fallback): eID=35241036
19:38:42 [INFO]   ✓ Fallback iframe exitoso: 12 campos capturados
19:38:42 [DEBUG]   → Iframe stats capturados: {'tiros_puerta_local': '6', 'tiros_puerta_visitante': '2', 'corners_local': '5', 'corners_visitante': '4', 'posesion_local': '52', 'posesion_visitante': '48', 'shots_off_target_local': '1', 'shots_off_target_visitante': '0', 'blocked_shots_local': '0', 'blocked_shots_visitante': '3', 'tiros_local': '7', 'tiros_visitante': '5'}
19:38:42 [DEBUG]   → Total stats en dict tras merge: 12
19:38:42 [DEBUG] [al-hazm-ksa-al-akhdoud-apuestas-35232966] → Extrayendo volumen matched...
19:38:54 [WARNING]   × Fallback iframe no encontró estadísticas
19:38:54 [DEBUG] [wolfsburgo-femenino-juventus-fc-w-apuestas-3510554] → Extrayendo volumen matched...
19:38:55 [WARNING]   × Fallback iframe no encontró estadísticas
19:38:55 [DEBUG] [al-hazm-ksa-al-akhdoud-apuestas-35232966] → Extrayendo momentum...
19:38:55 [DEBUG]   → Buscando URL del iframe de stats para Momentum...
19:38:55 [DEBUG] [al-quadisiya-ksa-neom-sports-club-apuestas-3524103] → Extrayendo volumen matched...
19:39:00 [DEBUG]   × No se encontró URL del iframe de stats
19:39:00 [INFO] ✓ [al-hazm-ksa-al-akhdoud-apuestas-35232966] Captura exitosa: en_juego, min 47, 1-1
19:39:06 [DEBUG] [wolfsburgo-femenino-juventus-fc-w-apuestas-3510554] → Extrayendo momentum...
19:39:06 [DEBUG]   → Buscando URL del iframe de stats para Momentum...
19:39:07 [DEBUG] [al-quadisiya-ksa-neom-sports-club-apuestas-3524103] → Extrayendo momentum...
19:39:07 [DEBUG]   → Buscando URL del iframe de stats para Momentum...
19:39:12 [DEBUG]   × No se encontró URL del iframe de stats
19:39:12 [INFO] ✓ [wolfsburgo-femenino-juventus-fc-w-apuestas-3510554] Captura exitosa: descanso, min , 0-1
19:39:13 [DEBUG]   × No se encontró URL del iframe de stats
19:39:13 [INFO] ✓ [al-quadisiya-ksa-neom-sports-club-apuestas-3524103] Captura exitosa: en_juego, min 48, 0-0
19:39:13 [INFO] ✓ Captura paralela completada en 50.2s (3/3 exitosos)
19:39:13 [WARNING] Ciclo tardó 50.2s (> 30s). Iniciando siguiente ciclo inmediatamente.
19:39:13 [INFO] 
--- Ciclo #2 ---
19:39:13 [INFO] 📸 Capturando 3 partidos en paralelo...
19:39:13 [DEBUG] ✓ Actualizar clickeado: wolfsburgo-femenino-juventus-fc-w-apuestas-3510554
19:39:13 [DEBUG] ✓ Actualizar clickeado: al-quadisiya-ksa-neom-sports-club-apuestas-3524103
19:39:13 [DEBUG] ✓ Actualizar clickeado: al-hazm-ksa-al-akhdoud-apuestas-35232966
19:39:13 [DEBUG] [wolfsburgo-femenino-juventus-fc-w-apuestas-3510554] → Extrayendo información del partido...
19:39:13 [DEBUG] [al-quadisiya-ksa-neom-sports-club-apuestas-3524103] → Extrayendo información del partido...
19:39:13 [DEBUG] [al-hazm-ksa-al-akhdoud-apuestas-35232966] → Extrayendo información del partido...
19:39:21 [DEBUG]   ✓ Estado detectado: DESCANSO (CSS: 'Descanso')
19:39:21 [DEBUG] [wolfsburgo-femenino-juventus-fc-w-apuestas-3510554] → Extrayendo cuotas Match Odds...
19:39:22 [DEBUG] [al-hazm-ksa-al-akhdoud-apuestas-35232966] → Extrayendo cuotas Match Odds...
19:39:22 [DEBUG] [al-quadisiya-ksa-neom-sports-club-apuestas-3524103] → Extrayendo cuotas Match Odds...
19:39:23 [DEBUG] [wolfsburgo-femenino-juventus-fc-w-apuestas-3510554] → Extrayendo cuotas Over/Under...
19:39:24 [DEBUG] [al-hazm-ksa-al-akhdoud-apuestas-35232966] → Extrayendo cuotas Over/Under...
19:39:24 [DEBUG] [al-quadisiya-ksa-neom-sports-club-apuestas-3524103] → Extrayendo cuotas Over/Under...
19:39:26 [DEBUG] [wolfsburgo-femenino-juventus-fc-w-apuestas-3510554] → Extrayendo cuotas Resultado Correcto...
19:39:27 [DEBUG] [al-hazm-ksa-al-akhdoud-apuestas-35232966] → Extrayendo cuotas Resultado Correcto...
19:39:27 [DEBUG] [al-quadisiya-ksa-neom-sports-club-apuestas-3524103] → Extrayendo cuotas Resultado Correcto...
19:39:29 [DEBUG] [wolfsburgo-femenino-juventus-fc-w-apuestas-3510554] → Extrayendo estadísticas del partido...
19:39:29 [DEBUG]   → Extrayendo eventId del HTML...
19:39:29 [DEBUG] Betfair event ID extraído del HTML: 35105544
19:39:29 [DEBUG] Consultando videoplayer: https://videoplayer.betfair.es/GetPlayer.do?eID=35105544&contentType=viz&contentView=mstats
19:39:30 [ERROR] Error consultando videoplayer endpoint: 404 Client Error:  for url: https://videoplayer.betfair.es/GetPlayer.do?eID=35105544&contentType=viz&contentView=mstats
19:39:30 [WARNING]   × No se pudo extraer eventId - partido sin estadísticas Opta
19:39:30 [INFO]   → Extrayendo stats del iframe (fallback): eID=35105544
19:39:30 [DEBUG] [al-hazm-ksa-al-akhdoud-apuestas-35232966] → Extrayendo estadísticas del partido...
19:39:30 [DEBUG]   → Extrayendo eventId del HTML...
19:39:30 [DEBUG] Betfair event ID extraído del HTML: 35232966
19:39:30 [DEBUG] Consultando videoplayer: https://videoplayer.betfair.es/GetPlayer.do?eID=35232966&contentType=viz&contentView=mstats
19:39:30 [DEBUG] [al-quadisiya-ksa-neom-sports-club-apuestas-3524103] → Extrayendo estadísticas del partido...
19:39:30 [DEBUG]   → Extrayendo eventId del HTML...
19:39:30 [DEBUG] Betfair event ID extraído del HTML: 35241036
19:39:30 [DEBUG] Consultando videoplayer: https://videoplayer.betfair.es/GetPlayer.do?eID=35241036&contentType=viz&contentView=mstats
19:39:31 [WARNING] No se encontró eventId de Opta en la respuesta del videoplayer
19:39:31 [WARNING]   × No se pudo extraer eventId - partido sin estadísticas Opta
19:39:31 [INFO]   → Extrayendo stats del iframe (fallback): eID=35232966
19:39:31 [ERROR] Error consultando videoplayer endpoint: 404 Client Error:  for url: https://videoplayer.betfair.es/GetPlayer.do?eID=35241036&contentType=viz&contentView=mstats
19:39:31 [WARNING]   × No se pudo extraer eventId - partido sin estadísticas Opta
19:39:31 [INFO]   → Extrayendo stats del iframe (fallback): eID=35241036
19:39:32 [INFO]   ✓ Fallback iframe exitoso: 12 campos capturados
19:39:32 [DEBUG]   → Iframe stats capturados: {'tiros_puerta_local': '6', 'tiros_puerta_visitante': '2', 'corners_local': '5', 'corners_visitante': '4', 'posesion_local': '52', 'posesion_visitante': '48', 'shots_off_target_local': '1', 'shots_off_target_visitante': '0', 'blocked_shots_local': '0', 'blocked_shots_visitante': '3', 'tiros_local': '7', 'tiros_visitante': '5'}
19:39:32 [DEBUG]   → Total stats en dict tras merge: 12
19:39:32 [DEBUG] [al-hazm-ksa-al-akhdoud-apuestas-35232966] → Extrayendo volumen matched...
19:39:44 [WARNING]   × Fallback iframe no encontró estadísticas
19:39:44 [DEBUG] [wolfsburgo-femenino-juventus-fc-w-apuestas-3510554] → Extrayendo volumen matched...
19:39:45 [DEBUG] [al-hazm-ksa-al-akhdoud-apuestas-35232966] → Extrayendo momentum...
19:39:45 [DEBUG]   → Buscando URL del iframe de stats para Momentum...
19:39:45 [WARNING]   × Fallback iframe no encontró estadísticas
19:39:45 [DEBUG] [al-quadisiya-ksa-neom-sports-club-apuestas-3524103] → Extrayendo volumen matched...
19:39:50 [DEBUG]   × No se encontró URL del iframe de stats
19:39:50 [INFO] ✓ [al-hazm-ksa-al-akhdoud-apuestas-35232966] Captura exitosa: en_juego, min 49, 1-1
19:39:56 [DEBUG] [wolfsburgo-femenino-juventus-fc-w-apuestas-3510554] → Extrayendo momentum...
19:39:56 [DEBUG]   → Buscando URL del iframe de stats para Momentum...
19:39:58 [DEBUG] [al-quadisiya-ksa-neom-sports-club-apuestas-3524103] → Extrayendo momentum...
19:39:58 [DEBUG]   → Buscando URL del iframe de stats para Momentum...
19:40:02 [DEBUG]   × No se encontró URL del iframe de stats
19:40:02 [INFO] ✓ [wolfsburgo-femenino-juventus-fc-w-apuestas-3510554] Captura exitosa: descanso, min , 0-1
19:40:03 [DEBUG]   × No se encontró URL del iframe de stats
19:40:03 [INFO] ✓ [al-quadisiya-ksa-neom-sports-club-apuestas-3524103] Captura exitosa: en_juego, min 49, 0-0
19:40:03 [INFO] ✓ Captura paralela completada en 50.5s (3/3 exitosos)
19:40:03 [WARNING] Ciclo tardó 50.5s (> 30s). Iniciando siguiente ciclo inmediatamente.
19:40:03 [INFO] 
--- Ciclo #3 ---
19:40:03 [INFO] 📸 Capturando 3 partidos en paralelo...
19:40:04 [DEBUG] ✓ Actualizar clickeado: wolfsburgo-femenino-juventus-fc-w-apuestas-3510554
19:40:04 [DEBUG] ✓ Actualizar clickeado: al-quadisiya-ksa-neom-sports-club-apuestas-3524103
19:40:04 [DEBUG] ✓ Actualizar clickeado: al-hazm-ksa-al-akhdoud-apuestas-35232966
19:40:04 [DEBUG] [wolfsburgo-femenino-juventus-fc-w-apuestas-3510554] → Extrayendo información del partido...
19:40:04 [DEBUG] [al-quadisiya-ksa-neom-sports-club-apuestas-3524103] → Extrayendo información del partido...
19:40:04 [DEBUG] [al-hazm-ksa-al-akhdoud-apuestas-35232966] → Extrayendo información del partido...
19:40:11 [DEBUG]   ✓ Estado detectado: DESCANSO (CSS: 'Descanso')
19:40:11 [DEBUG] [wolfsburgo-femenino-juventus-fc-w-apuestas-3510554] → Extrayendo cuotas Match Odds...
19:40:12 [DEBUG] [al-hazm-ksa-al-akhdoud-apuestas-35232966] → Extrayendo cuotas Match Odds...
19:40:12 [DEBUG] [al-quadisiya-ksa-neom-sports-club-apuestas-3524103] → Extrayendo cuotas Match Odds...
19:40:14 [DEBUG] [wolfsburgo-femenino-juventus-fc-w-apuestas-3510554] → Extrayendo cuotas Over/Under...
19:40:15 [DEBUG] [al-hazm-ksa-al-akhdoud-apuestas-35232966] → Extrayendo cuotas Over/Under...
19:40:15 [DEBUG] [al-quadisiya-ksa-neom-sports-club-apuestas-3524103] → Extrayendo cuotas Over/Under...
19:40:16 [DEBUG] [wolfsburgo-femenino-juventus-fc-w-apuestas-3510554] → Extrayendo cuotas Resultado Correcto...
19:40:17 [DEBUG] [al-hazm-ksa-al-akhdoud-apuestas-35232966] → Extrayendo cuotas Resultado Correcto...
19:40:17 [DEBUG] [al-quadisiya-ksa-neom-sports-club-apuestas-3524103] → Extrayendo cuotas Resultado Correcto...
19:40:20 [DEBUG] [wolfsburgo-femenino-juventus-fc-w-apuestas-3510554] → Extrayendo estadísticas del partido...
19:40:20 [DEBUG]   → Extrayendo eventId del HTML...
19:40:20 [DEBUG] Betfair event ID extraído del HTML: 35105544
19:40:20 [DEBUG] Consultando videoplayer: https://videoplayer.betfair.es/GetPlayer.do?eID=35105544&contentType=viz&contentView=mstats
19:40:20 [ERROR] Error consultando videoplayer endpoint: 404 Client Error:  for url: https://videoplayer.betfair.es/GetPlayer.do?eID=35105544&contentType=viz&contentView=mstats
19:40:20 [WARNING]   × No se pudo extraer eventId - partido sin estadísticas Opta
19:40:20 [INFO]   → Extrayendo stats del iframe (fallback): eID=35105544
19:40:20 [DEBUG] [al-hazm-ksa-al-akhdoud-apuestas-35232966] → Extrayendo estadísticas del partido...
19:40:20 [DEBUG]   → Extrayendo eventId del HTML...
19:40:20 [DEBUG] Betfair event ID extraído del HTML: 35232966
19:40:20 [DEBUG] Consultando videoplayer: https://videoplayer.betfair.es/GetPlayer.do?eID=35232966&contentType=viz&contentView=mstats
19:40:21 [DEBUG] [al-quadisiya-ksa-neom-sports-club-apuestas-3524103] → Extrayendo estadísticas del partido...
19:40:21 [DEBUG]   → Extrayendo eventId del HTML...
19:40:21 [DEBUG] Betfair event ID extraído del HTML: 35241036
19:40:21 [DEBUG] Consultando videoplayer: https://videoplayer.betfair.es/GetPlayer.do?eID=35241036&contentType=viz&contentView=mstats
19:40:21 [WARNING] No se encontró eventId de Opta en la respuesta del videoplayer
19:40:21 [WARNING]   × No se pudo extraer eventId - partido sin estadísticas Opta
19:40:21 [INFO]   → Extrayendo stats del iframe (fallback): eID=35232966
19:40:21 [ERROR] Error consultando videoplayer endpoint: 404 Client Error:  for url: https://videoplayer.betfair.es/GetPlayer.do?eID=35241036&contentType=viz&contentView=mstats
19:40:21 [WARNING]   × No se pudo extraer eventId - partido sin estadísticas Opta
19:40:21 [INFO]   → Extrayendo stats del iframe (fallback): eID=35241036
19:40:22 [INFO]   ✓ Fallback iframe exitoso: 10 campos capturados
19:40:22 [DEBUG]   → Iframe stats capturados: {'tiros_puerta_local': '6', 'tiros_puerta_visitante': '2', 'corners_local': '7', 'corners_visitante': '4', 'shots_off_target_local': '1', 'shots_off_target_visitante': '0', 'blocked_shots_local': '0', 'blocked_shots_visitante': '3', 'tiros_local': '7', 'tiros_visitante': '5'}
19:40:22 [DEBUG]   → Total stats en dict tras merge: 10
19:40:22 [DEBUG] [al-hazm-ksa-al-akhdoud-apuestas-35232966] → Extrayendo volumen matched...
19:40:34 [WARNING]   × Fallback iframe no encontró estadísticas
19:40:34 [DEBUG] [wolfsburgo-femenino-juventus-fc-w-apuestas-3510554] → Extrayendo volumen matched...
19:40:35 [DEBUG] [al-hazm-ksa-al-akhdoud-apuestas-35232966] → Extrayendo momentum...
19:40:35 [DEBUG]   → Buscando URL del iframe de stats para Momentum...
19:40:35 [WARNING]   × Fallback iframe no encontró estadísticas
19:40:36 [DEBUG] [al-quadisiya-ksa-neom-sports-club-apuestas-3524103] → Extrayendo volumen matched...
19:40:40 [DEBUG]   × No se encontró URL del iframe de stats
19:40:40 [INFO] ✓ [al-hazm-ksa-al-akhdoud-apuestas-35232966] Captura exitosa: en_juego, min 49, 1-1
19:40:47 [DEBUG] [wolfsburgo-femenino-juventus-fc-w-apuestas-3510554] → Extrayendo momentum...
19:40:47 [DEBUG]   → Buscando URL del iframe de stats para Momentum...
19:40:48 [DEBUG] [al-quadisiya-ksa-neom-sports-club-apuestas-3524103] → Extrayendo momentum...
19:40:48 [DEBUG]   → Buscando URL del iframe de stats para Momentum...
19:40:52 [DEBUG]   × No se encontró URL del iframe de stats
19:40:52 [INFO] ✓ [wolfsburgo-femenino-juventus-fc-w-apuestas-3510554] Captura exitosa: descanso, min , 0-1
19:40:54 [DEBUG]   × No se encontró URL del iframe de stats
19:40:54 [INFO] ✓ [al-quadisiya-ksa-neom-sports-club-apuestas-3524103] Captura exitosa: en_juego, min 50, 0-0
19:40:54 [INFO] ✓ Captura paralela completada en 50.4s (3/3 exitosos)
19:40:54 [WARNING] Ciclo tardó 50.4s (> 30s). Iniciando siguiente ciclo inmediatamente.
19:40:54 [INFO] 
--- Ciclo #4 ---
19:40:54 [INFO] 📸 Capturando 3 partidos en paralelo...
19:40:54 [DEBUG] ✓ Actualizar clickeado: wolfsburgo-femenino-juventus-fc-w-apuestas-3510554
19:40:54 [DEBUG] ✓ Actualizar clickeado: al-quadisiya-ksa-neom-sports-club-apuestas-3524103
19:40:54 [DEBUG] ✓ Actualizar clickeado: al-hazm-ksa-al-akhdoud-apuestas-35232966
19:40:54 [DEBUG] [wolfsburgo-femenino-juventus-fc-w-apuestas-3510554] → Extrayendo información del partido...
19:40:54 [DEBUG] [al-quadisiya-ksa-neom-sports-club-apuestas-3524103] → Extrayendo información del partido...
19:40:54 [DEBUG] [al-hazm-ksa-al-akhdoud-apuestas-35232966] → Extrayendo información del partido...
19:41:02 [DEBUG]   ✓ Estado detectado: DESCANSO (CSS: 'Descanso')
19:41:02 [DEBUG] [wolfsburgo-femenino-juventus-fc-w-apuestas-3510554] → Extrayendo cuotas Match Odds...
19:41:03 [DEBUG] [al-quadisiya-ksa-neom-sports-club-apuestas-3524103] → Extrayendo cuotas Match Odds...
19:41:03 [DEBUG] [al-hazm-ksa-al-akhdoud-apuestas-35232966] → Extrayendo cuotas Match Odds...
19:41:04 [DEBUG] [wolfsburgo-femenino-juventus-fc-w-apuestas-3510554] → Extrayendo cuotas Over/Under...
19:41:05 [DEBUG] [al-quadisiya-ksa-neom-sports-club-apuestas-3524103] → Extrayendo cuotas Over/Under...
19:41:05 [DEBUG] [al-hazm-ksa-al-akhdoud-apuestas-35232966] → Extrayendo cuotas Over/Under...
19:41:07 [DEBUG] [wolfsburgo-femenino-juventus-fc-w-apuestas-3510554] → Extrayendo cuotas Resultado Correcto...
19:41:08 [DEBUG] [al-hazm-ksa-al-akhdoud-apuestas-35232966] → Extrayendo cuotas Resultado Correcto...
19:41:08 [DEBUG] [al-quadisiya-ksa-neom-sports-club-apuestas-3524103] → Extrayendo cuotas Resultado Correcto...
19:41:10 [DEBUG] [wolfsburgo-femenino-juventus-fc-w-apuestas-3510554] → Extrayendo estadísticas del partido...
19:41:10 [DEBUG]   → Extrayendo eventId del HTML...
19:41:10 [DEBUG] Betfair event ID extraído del HTML: 35105544
19:41:10 [DEBUG] Consultando videoplayer: https://videoplayer.betfair.es/GetPlayer.do?eID=35105544&contentType=viz&contentView=mstats
19:41:10 [ERROR] Error consultando videoplayer endpoint: 404 Client Error:  for url: https://videoplayer.betfair.es/GetPlayer.do?eID=35105544&contentType=viz&contentView=mstats
19:41:10 [WARNING]   × No se pudo extraer eventId - partido sin estadísticas Opta
19:41:10 [INFO]   → Extrayendo stats del iframe (fallback): eID=35105544
19:41:11 [DEBUG] [al-hazm-ksa-al-akhdoud-apuestas-35232966] → Extrayendo estadísticas del partido...
19:41:11 [DEBUG]   → Extrayendo eventId del HTML...
19:41:11 [DEBUG] Betfair event ID extraído del HTML: 35232966
19:41:11 [DEBUG] Consultando videoplayer: https://videoplayer.betfair.es/GetPlayer.do?eID=35232966&contentType=viz&contentView=mstats
19:41:11 [DEBUG] [al-quadisiya-ksa-neom-sports-club-apuestas-3524103] → Extrayendo estadísticas del partido...
19:41:11 [DEBUG]   → Extrayendo eventId del HTML...
19:41:11 [DEBUG] Betfair event ID extraído del HTML: 35241036
19:41:11 [DEBUG] Consultando videoplayer: https://videoplayer.betfair.es/GetPlayer.do?eID=35241036&contentType=viz&contentView=mstats
19:41:12 [WARNING] No se encontró eventId de Opta en la respuesta del videoplayer
19:41:12 [WARNING]   × No se pudo extraer eventId - partido sin estadísticas Opta
19:41:12 [INFO]   → Extrayendo stats del iframe (fallback): eID=35232966
19:41:12 [ERROR] Error consultando videoplayer endpoint: 404 Client Error:  for url: https://videoplayer.betfair.es/GetPlayer.do?eID=35241036&contentType=viz&contentView=mstats
19:41:12 [WARNING]   × No se pudo extraer eventId - partido sin estadísticas Opta
19:41:12 [INFO]   → Extrayendo stats del iframe (fallback): eID=35241036
19:41:13 [INFO]   ✓ Fallback iframe exitoso: 12 campos capturados
19:41:13 [DEBUG]   → Iframe stats capturados: {'tiros_puerta_local': '7', 'tiros_puerta_visitante': '2', 'corners_local': '7', 'corners_visitante': '4', 'posesion_local': '54', 'posesion_visitante': '46', 'shots_off_target_local': '2', 'shots_off_target_visitante': '0', 'blocked_shots_local': '0', 'blocked_shots_visitante': '3', 'tiros_local': '9', 'tiros_visitante': '5'}
19:41:13 [DEBUG]   → Total stats en dict tras merge: 12
19:41:13 [DEBUG] [al-hazm-ksa-al-akhdoud-apuestas-35232966] → Extrayendo volumen matched...
19:41:25 [WARNING]   × Fallback iframe no encontró estadísticas
19:41:25 [DEBUG] [wolfsburgo-femenino-juventus-fc-w-apuestas-3510554] → Extrayendo volumen matched...
19:41:26 [WARNING]   × Fallback iframe no encontró estadísticas
19:41:26 [DEBUG] [al-quadisiya-ksa-neom-sports-club-apuestas-3524103] → Extrayendo volumen matched...
19:41:26 [DEBUG] [al-hazm-ksa-al-akhdoud-apuestas-35232966] → Extrayendo momentum...
19:41:26 [DEBUG]   → Buscando URL del iframe de stats para Momentum...
19:41:31 [DEBUG]   × No se encontró URL del iframe de stats
19:41:31 [INFO] ✓ [al-hazm-ksa-al-akhdoud-apuestas-35232966] Captura exitosa: en_juego, min 50, 1-1
