18:04:07 [INFO] 📝 Log guardándose en: logs/scraper_20260221_180407.log
18:04:07 [INFO] Cargados 51 partidos desde games.csv
18:04:07 [INFO] 📅 MODO SCHEDULING ACTIVADO
18:04:07 [INFO]    Ventana tracking: 10 min antes → 120 min después
18:04:07 [INFO]    Total en CSV: 51 partidos
18:04:07 [INFO]    ✓ Partidos activos ahora: 22
18:04:07 [INFO]    ⏰ Partidos futuros: 0
18:04:07 [INFO]    ✅ Partidos finalizados: 29
18:04:07 [INFO] 🚀 Sistema multi-driver: Creando 22 drivers independientes (sin límite de tabs)
18:04:07 [INFO] 
Iniciando observador con 22 partidos.
18:04:07 [INFO] Ciclo: 30s | Output: data/
18:04:07 [INFO] 🔄 Recarga dinámica: Revisando games.csv cada 5 ciclos (scheduling)
18:04:07 [INFO] 🧹 Limpiando ventanas Betfair antiguas...
18:04:07 [WARNING] Script de limpieza no encontrado: C:\Users\agonz\OneDrive\Documents\Proyectos\Furbo\betfair_scraper\close_betfair_windows.ps1
18:04:07 [INFO] Cargados 51 partidos desde games.csv
18:04:07 [INFO] 
🚀 Iniciando 38 drivers Chrome (partidos en vivo o próximos)...
18:04:07 [INFO] 🔧 Creando driver de login: AFC Wimbledon - Bradford
18:04:07 [INFO] 🔧 Creando driver para: AFC Wimbledon - Bradford
18:04:15 [INFO] ✓ Cookies aceptadas automáticamente
18:04:16 [INFO] ✓ Driver listo: afc-wimbledon-bradford-apuestas-35270214
18:04:16 [INFO] ============================================================
18:04:16 [INFO] HAZ LOGIN MANUAL en Betfair.es ahora.
18:04:16 [INFO] Tienes 0 segundos...
18:04:16 [INFO] El scraper comenzará automáticamente después.
18:04:16 [INFO] ============================================================
18:04:16 [INFO] 🔧 Creando 37 drivers adicionales en paralelo...
18:04:16 [INFO] 🔧 Creando driver para: Bristol Rovers - Grimsby
18:04:16 [INFO] 🔧 Creando driver para: Chelsea - Burnley
18:04:16 [INFO] 🔧 Creando driver para: Cheltenham - Salford City
18:04:16 [INFO] 🔧 Creando driver para: Clyde - Edinburgh City
18:04:16 [INFO] 🔧 Creando driver para: Cove Rangers - Kelty Hearts
18:04:16 [INFO] 🔧 Creando driver para: Dundee Utd - Kilmarnock
18:04:16 [INFO] 🔧 Creando driver para: East Kilbride - Dumbarton
18:04:16 [INFO] 🔧 Creando driver para: Elgin City FC - Stirling
18:04:16 [INFO] 🔧 Creando driver para: FCV Dender - Sint-Truidense
18:04:16 [INFO] 🔧 Creando driver para: Forfar - Annan
18:04:16 [INFO] 🔧 Creando driver para: Gillingham - Oldham
18:04:16 [INFO] 🔧 Creando driver para: Harrogate Town - Bromley
18:04:16 [INFO] 🔧 Creando driver para: Hearts - Falkirk
18:04:16 [INFO] 🔧 Creando driver para: Huachipato - Palestino
18:04:16 [INFO] 🔧 Creando driver para: Inverness CT - Stenhousemuir
18:04:16 [INFO] 🔧 Creando driver para: Mansfield - Lincoln
18:04:16 [INFO] ⏳ Timeout de inicialización: 304s para 38 drivers
18:04:35 [INFO] ✓ Cookies aceptadas automáticamente
18:04:36 [INFO] ✓ Driver listo: gillingham-oldham-apuestas-35277612
18:04:36 [INFO] 🔧 Creando driver para: Middlesbrough - Oxford United
18:04:45 [INFO] ✓ Cookies aceptadas automáticamente
18:04:46 [INFO] ✓ Driver listo: cove-rangers-kelty-hearts-apuestas-35268004
18:04:46 [INFO] 🔧 Creando driver para: Millwall - Portsmouth
18:04:46 [INFO] ✓ Cookies aceptadas automáticamente
18:04:47 [INFO] ✓ Driver listo: forfar-annan-apuestas-35267066
18:04:47 [INFO] 🔧 Creando driver para: Olympiacos - Panaitolikos
18:04:49 [INFO] ✓ Cookies aceptadas automáticamente
18:04:50 [INFO] ✓ Cookies aceptadas automáticamente
18:04:50 [INFO] ✓ Driver listo: inverness-ct-stenhousemuir-apuestas-35268036
18:04:50 [INFO] 🔧 Creando driver para: Newport County - Cambridge United
18:04:51 [INFO] ✓ Driver listo: cheltenham-salford-city-apuestas-35277595
18:04:51 [INFO] 🔧 Creando driver para: Stockport - Wigan
18:05:03 [DEBUG] No se encontró banner de cookies (puede que ya esté aceptado)
18:05:03 [INFO] ✓ Driver listo: chelsea-burnley-apuestas-35240881
18:05:03 [INFO] 🔧 Creando driver para: Notts County - Tranmere
18:05:04 [DEBUG] No se encontró banner de cookies (puede que ya esté aceptado)
18:05:04 [INFO] ✓ Driver listo: hearts-falkirk-apuestas-35273834
18:05:04 [INFO] 🔧 Creando driver para: Norwich - Birmingham
18:05:04 [DEBUG] No se encontró banner de cookies (puede que ya esté aceptado)
18:05:04 [INFO] ✓ Driver listo: clyde-edinburgh-city-apuestas-35266981
18:05:04 [INFO] 🔧 Creando driver para: Wrexham - Ipswich
18:05:14 [DEBUG] No se encontró banner de cookies (puede que ya esté aceptado)
18:05:14 [INFO] ✓ Driver listo: fcv-dender-sint-truidense-apuestas-35271863
18:05:14 [INFO] 🔧 Creando driver para: Northampton - Leyton Orient
18:05:14 [DEBUG] No se encontró banner de cookies (puede que ya esté aceptado)
18:05:14 [INFO] ✓ Driver listo: bristol-rovers-grimsby-apuestas-35277604
18:05:14 [INFO] 🔧 Creando driver para: Watford - Derby
18:05:18 [INFO] ✓ Cookies aceptadas automáticamente
18:05:19 [INFO] ✓ Driver listo: middlesbrough-oxford-united-apuestas-35263939
18:05:19 [INFO] 🔧 Creando driver para: Port Vale - Reading
18:05:27 [INFO] ✓ Cookies aceptadas automáticamente
18:05:28 [INFO] ✓ Cookies aceptadas automáticamente
18:05:28 [INFO] ✓ Driver listo: dundee-utd-kilmarnock-apuestas-35273837
18:05:28 [INFO] 🔧 Creando driver para: Southampton - Charlton
18:05:29 [INFO] ✓ Driver listo: mansfield-lincoln-apuestas-35270215
18:05:29 [INFO] 🔧 Creando driver para: Peterborough - Exeter
18:05:29 [INFO] ✓ Cookies aceptadas automáticamente
18:05:30 [INFO] ✓ Driver listo: elgin-city-fc-stirling-apuestas-35267285
18:05:30 [INFO] 🔧 Creando driver para: Queens Park - Morton
18:05:31 [INFO] ✓ Cookies aceptadas automáticamente
18:05:32 [INFO] ✓ Driver listo: newport-county-cambridge-united-apuestas-35273748
18:05:32 [INFO] 🔧 Creando driver para: Montrose - Queen of South
18:05:35 [DEBUG] No se encontró banner de cookies (puede que ya esté aceptado)
18:05:35 [INFO] ✓ Driver listo: east-kilbride-dumbarton-apuestas-35267139
18:05:35 [INFO] 🔧 Creando driver para: Peterhead - East Fife
18:05:35 [INFO] ✓ Cookies aceptadas automáticamente
18:05:36 [INFO] ✓ Driver listo: olympiacos-panaitolikos-apuestas-35243453
18:05:36 [INFO] 🔧 Creando driver para: Rapid Vienna - RZ Pellets WAC
18:05:41 [DEBUG] No se encontró banner de cookies (puede que ya esté aceptado)
18:05:41 [INFO] ✓ Driver listo: stockport-wigan-apuestas-35270210
18:05:41 [INFO] 🔧 Creando driver para: Hartberg - Grazer AK
18:05:42 [INFO] ✓ Cookies aceptadas automáticamente
18:05:43 [INFO] ✓ Driver listo: notts-county-tranmere-apuestas-35277648
18:05:43 [INFO] 🔧 Creando driver para: Lens - Mónaco
18:05:46 [DEBUG] No se encontró banner de cookies (puede que ya esté aceptado)
18:05:46 [INFO] ✓ Driver listo: huachipato-palestino-apuestas-35268041
18:05:46 [INFO] 🔧 Creando driver para: SCR Altach - Austria Wien
18:05:59 [INFO] ✓ Cookies aceptadas automáticamente
18:06:00 [DEBUG] No se encontró banner de cookies (puede que ya esté aceptado)
18:06:00 [INFO] ✓ Driver listo: harrogate-town-bromley-apuestas-35277601
18:06:00 [INFO] 🔧 Creando driver para: CFR Cluj - ACS Petrolul 52
18:06:00 [DEBUG] No se encontró banner de cookies (puede que ya esté aceptado)
18:06:00 [INFO] ✓ Driver listo: wrexham-ipswich-apuestas-35263864
18:06:00 [INFO] ✓ Driver listo: hartberg-grazer-ak-apuestas-35243319
18:06:02 [DEBUG] No se encontró banner de cookies (puede que ya esté aceptado)
18:06:02 [INFO] ✓ Driver listo: watford-derby-apuestas-35263925
18:06:04 [DEBUG] No se encontró banner de cookies (puede que ya esté aceptado)
18:06:04 [INFO] ✓ Driver listo: millwall-portsmouth-apuestas-35263867
18:06:04 [INFO] ✓ Cookies aceptadas automáticamente
18:06:05 [INFO] ✓ Driver listo: port-vale-reading-apuestas-35270238
18:06:14 [INFO] ✓ Cookies aceptadas automáticamente
18:06:15 [INFO] ✓ Driver listo: northampton-leyton-orient-apuestas-35270218
18:06:15 [INFO] ✓ Cookies aceptadas automáticamente
18:06:16 [INFO] ✓ Driver listo: southampton-charlton-apuestas-35265380
18:06:25 [DEBUG] No se encontró banner de cookies (puede que ya esté aceptado)
18:06:25 [INFO] ✓ Driver listo: norwich-birmingham-apuestas-35263866
18:06:25 [DEBUG] No se encontró banner de cookies (puede que ya esté aceptado)
18:06:25 [INFO] ✓ Driver listo: rapid-vienna-rz-pellets-wac-apuestas-35243320
18:06:30 [DEBUG] No se encontró banner de cookies (puede que ya esté aceptado)
18:06:30 [INFO] ✓ Driver listo: queens-park-morton-apuestas-35266347
18:06:38 [DEBUG] No se encontró banner de cookies (puede que ya esté aceptado)
18:06:38 [INFO] ✓ Driver listo: peterhead-east-fife-apuestas-35268008
18:06:43 [DEBUG] No se encontró banner de cookies (puede que ya esté aceptado)
18:06:43 [INFO] ✓ Driver listo: montrose-queen-of-south-apuestas-35268005
18:06:51 [DEBUG] No se encontró banner de cookies (puede que ya esté aceptado)
18:06:51 [INFO] ✓ Driver listo: cfr-cluj-acs-petrolul-52-apuestas-35267396
18:07:27 [DEBUG] No se encontró banner de cookies (puede que ya esté aceptado)
18:07:27 [INFO] ✓ Driver listo: peterborough-exeter-apuestas-35270226
18:07:55 [INFO] ✓ Cookies aceptadas automáticamente
18:07:56 [INFO] ✓ Driver listo: scr-altach-austria-wien-apuestas-35243318
18:08:07 [DEBUG] No se encontró banner de cookies (puede que ya esté aceptado)
18:08:07 [INFO] ✓ Driver listo: lens-m%C3%B3naco-apuestas-35243057
18:08:07 [INFO] ✓ 38 drivers creados exitosamente
18:08:07 [INFO] ============================================================
18:08:07 [INFO] CAPTURA INICIADA - Presiona Ctrl+C para detener
18:08:07 [INFO] ============================================================
18:08:07 [INFO] 
--- Ciclo #1 ---
18:08:07 [INFO] 📸 Capturando 38 partidos en paralelo...
18:08:07 [DEBUG] ✓ Actualizar clickeado: afc-wimbledon-bradford-apuestas-35270214
18:08:08 [DEBUG] [afc-wimbledon-bradford-apuestas-35270214] → Extrayendo información del partido...
18:08:15 [DEBUG] [fcv-dender-sint-truidense-apuestas-35271863] → Extrayendo información del partido...
18:08:15 [DEBUG] [chelsea-burnley-apuestas-35240881] → Extrayendo información del partido...
18:08:15 [DEBUG] [inverness-ct-stenhousemuir-apuestas-35268036] → Extrayendo información del partido...
18:08:15 [DEBUG] [cove-rangers-kelty-hearts-apuestas-35268004] → Extrayendo información del partido...
18:08:15 [DEBUG] [hearts-falkirk-apuestas-35273834] → Extrayendo información del partido...
18:08:15 [DEBUG] [bristol-rovers-grimsby-apuestas-35277604] → Extrayendo información del partido...
18:08:15 [DEBUG] [forfar-annan-apuestas-35267066] → Extrayendo información del partido...
18:08:15 [DEBUG] [elgin-city-fc-stirling-apuestas-35267285] → Extrayendo información del partido...
18:08:15 [DEBUG] [dundee-utd-kilmarnock-apuestas-35273837] → Extrayendo información del partido...
18:08:15 [DEBUG] [mansfield-lincoln-apuestas-35270215] → Extrayendo información del partido...
18:08:15 [DEBUG] [clyde-edinburgh-city-apuestas-35266981] → Extrayendo información del partido...
18:08:15 [DEBUG] [newport-county-cambridge-united-apuestas-35273748] → Extrayendo información del partido...
18:08:15 [DEBUG] [middlesbrough-oxford-united-apuestas-35263939] → Extrayendo información del partido...
18:08:15 [DEBUG] [gillingham-oldham-apuestas-35277612] → Extrayendo información del partido...
18:08:15 [DEBUG] [cheltenham-salford-city-apuestas-35277595] → Extrayendo información del partido...
18:08:16 [DEBUG] [afc-wimbledon-bradford-apuestas-35270214] → Extrayendo cuotas Match Odds...
18:08:18 [WARNING] ⟳ [afc-wimbledon-bradford-apuestas-35270214] Match Odds incompletos (1/3), refrescando...
18:08:21 [DEBUG]   ✓ Estado detectado: FINALIZADO (XPATH: texto 'Finalizado')
18:08:21 [DEBUG]   ✓ Estado detectado: FINALIZADO (XPATH: texto 'Finalizado')
18:08:21 [DEBUG]   ✓ Estado detectado: FINALIZADO (XPATH: texto 'Finalizado')
18:08:22 [DEBUG] [dundee-utd-kilmarnock-apuestas-35273837] → Extrayendo cuotas Match Odds...
18:08:22 [DEBUG] [newport-county-cambridge-united-apuestas-35273748] → Extrayendo cuotas Match Odds...
18:08:22 [DEBUG] [mansfield-lincoln-apuestas-35270215] → Extrayendo cuotas Match Odds...
18:08:24 [WARNING] ⟳ [mansfield-lincoln-apuestas-35270215] Match Odds incompletos (0/3), refrescando...
18:08:25 [WARNING] ⟳ [newport-county-cambridge-united-apuestas-35273748] Match Odds incompletos (0/3), refrescando...
18:08:32 [DEBUG] [chelsea-burnley-apuestas-35240881] → Extrayendo cuotas Match Odds...
18:08:32 [DEBUG] [fcv-dender-sint-truidense-apuestas-35271863] → Extrayendo cuotas Match Odds...
18:08:32 [DEBUG] [clyde-edinburgh-city-apuestas-35266981] → Extrayendo cuotas Match Odds...
18:08:32 [DEBUG] [inverness-ct-stenhousemuir-apuestas-35268036] → Extrayendo cuotas Match Odds...
18:08:32 [DEBUG] [hearts-falkirk-apuestas-35273834] → Extrayendo cuotas Match Odds...
18:08:32 [DEBUG] [forfar-annan-apuestas-35267066] → Extrayendo cuotas Match Odds...
18:08:32 [DEBUG] [bristol-rovers-grimsby-apuestas-35277604] → Extrayendo cuotas Match Odds...
18:08:32 [DEBUG] [cheltenham-salford-city-apuestas-35277595] → Extrayendo cuotas Match Odds...
18:08:32 [DEBUG] [middlesbrough-oxford-united-apuestas-35263939] → Extrayendo cuotas Match Odds...
18:08:32 [DEBUG] [cove-rangers-kelty-hearts-apuestas-35268004] → Extrayendo cuotas Match Odds...
18:08:32 [DEBUG] [elgin-city-fc-stirling-apuestas-35267285] → Extrayendo cuotas Match Odds...
18:08:32 [DEBUG] [gillingham-oldham-apuestas-35277612] → Extrayendo cuotas Match Odds...
18:08:33 [WARNING] ⟳ [chelsea-burnley-apuestas-35240881] Match Odds incompletos (0/3), refrescando...
18:08:33 [WARNING] ⟳ [fcv-dender-sint-truidense-apuestas-35271863] Match Odds incompletos (0/3), refrescando...
18:08:33 [WARNING] ⟳ [clyde-edinburgh-city-apuestas-35266981] Match Odds incompletos (0/3), refrescando...
18:08:33 [WARNING] ⟳ [inverness-ct-stenhousemuir-apuestas-35268036] Match Odds incompletos (0/3), refrescando...
18:08:33 [WARNING] ⟳ [forfar-annan-apuestas-35267066] Match Odds incompletos (0/3), refrescando...
18:08:33 [WARNING] ⟳ [hearts-falkirk-apuestas-35273834] Match Odds incompletos (0/3), refrescando...
18:08:33 [WARNING] ⟳ [cove-rangers-kelty-hearts-apuestas-35268004] Match Odds incompletos (0/3), refrescando...
18:08:33 [WARNING] ⟳ [bristol-rovers-grimsby-apuestas-35277604] Match Odds incompletos (0/3), refrescando...
18:08:33 [WARNING] ⟳ [cheltenham-salford-city-apuestas-35277595] Match Odds incompletos (0/3), refrescando...
18:08:33 [WARNING] ⟳ [gillingham-oldham-apuestas-35277612] Match Odds incompletos (0/3), refrescando...
18:08:33 [WARNING] ⟳ [elgin-city-fc-stirling-apuestas-35267285] Match Odds incompletos (0/3), refrescando...
18:08:34 [WARNING] ⟳ [dundee-utd-kilmarnock-apuestas-35273837] Match Odds incompletos (0/3), refrescando...
18:08:35 [WARNING] ⟳ [middlesbrough-oxford-united-apuestas-35263939] Match Odds incompletos (0/3), refrescando...
18:08:38 [INFO] ✓ Cookies aceptadas automáticamente
18:08:40 [INFO] ✓ Cookies aceptadas automáticamente
18:08:47 [DEBUG] No se encontró banner de cookies (puede que ya esté aceptado)
18:08:53 [DEBUG] No se encontró banner de cookies (puede que ya esté aceptado)
18:08:58 [DEBUG] [afc-wimbledon-bradford-apuestas-35270214] → Extrayendo cuotas Over/Under...
18:08:59 [DEBUG] [chelsea-burnley-apuestas-35240881] → Extrayendo cuotas Over/Under...
18:09:00 [DEBUG] [chelsea-burnley-apuestas-35240881] O/U escasos (0), intentando via mercado individual...
18:09:00 [DEBUG] [fcv-dender-sint-truidense-apuestas-35271863] → Extrayendo cuotas Over/Under...
18:09:00 [DEBUG] No se encontraron links de mercados O/U en sidebar
18:09:01 [INFO] ✓ Cookies aceptadas automáticamente
18:09:01 [DEBUG] [afc-wimbledon-bradford-apuestas-35270214] O/U escasos (2), intentando via mercado individual...
18:09:01 [DEBUG] [fcv-dender-sint-truidense-apuestas-35271863] O/U escasos (0), intentando via mercado individual...
18:09:02 [DEBUG] No se encontraron links de mercados O/U en sidebar
18:09:02 [DEBUG] Navegando a mercado O/U: https://www.betfair.es/exchange/plus/football/market/1.254084467
18:09:03 [DEBUG] No se encontró banner de cookies (puede que ya esté aceptado)
18:09:04 [DEBUG] No se encontró banner de cookies (puede que ya esté aceptado)
18:09:04 [DEBUG] No se encontró banner de cookies (puede que ya esté aceptado)
18:09:06 [DEBUG] [chelsea-burnley-apuestas-35240881] → Extrayendo cuotas Resultado Correcto...
18:09:07 [INFO] ✓ Cookies aceptadas automáticamente
18:09:07 [DEBUG] [chelsea-burnley-apuestas-35240881] → Extrayendo estadísticas del partido...
18:09:07 [DEBUG]   → Extrayendo eventId del HTML...
18:09:07 [DEBUG] Betfair event ID extraído de la URL: 35240881
18:09:07 [DEBUG] Consultando videoplayer: https://videoplayer.betfair.es/GetPlayer.do?eID=35240881&contentType=viz&contentView=mstats
18:09:09 [INFO] ✓ O/U via mercado: 4 valores capturados
18:09:09 [DEBUG] [afc-wimbledon-bradford-apuestas-35270214] → Extrayendo cuotas Resultado Correcto...
18:09:13 [DEBUG] [mansfield-lincoln-apuestas-35270215] → Extrayendo cuotas Over/Under...
18:09:13 [DEBUG] [afc-wimbledon-bradford-apuestas-35270214] → Extrayendo estadísticas del partido...
18:09:13 [DEBUG]   → Extrayendo eventId del HTML...
18:09:13 [DEBUG] Betfair event ID extraído del HTML: 35270214
18:09:13 [DEBUG] Consultando videoplayer: https://videoplayer.betfair.es/GetPlayer.do?eID=35270214&contentType=viz&contentView=mstats
18:09:14 [DEBUG] [mansfield-lincoln-apuestas-35270215] O/U escasos (0), intentando via mercado individual...
18:09:14 [INFO] EventId de Opta extraído: 3xpl3ajq2hgkl8zf9qdhxru38
18:09:14 [DEBUG]   ✓ EventId extraído: 3xpl3ajq2hgkl8zf9qdhxru38
18:09:14 [DEBUG]   → Obteniendo estadísticas de la API...
18:09:14 [INFO] 📊 Obteniendo todas las estadísticas para eventId: 3xpl3ajq2hgkl8zf9qdhxru38
18:09:14 [INFO] EventId de Opta extraído: bdihuy7ufndm7qn1i2hjtjdw4
18:09:14 [DEBUG]   ✓ EventId extraído: bdihuy7ufndm7qn1i2hjtjdw4
18:09:14 [DEBUG]   → Obteniendo estadísticas de la API...
18:09:14 [INFO] 📊 Obteniendo todas las estadísticas para eventId: bdihuy7ufndm7qn1i2hjtjdw4
18:09:14 [DEBUG] No se encontraron links de mercados O/U en sidebar
18:09:15 [DEBUG] [mansfield-lincoln-apuestas-35270215] → Extrayendo cuotas Resultado Correcto...
18:09:17 [DEBUG] [mansfield-lincoln-apuestas-35270215] → Extrayendo estadísticas del partido...
18:09:17 [DEBUG]   → Extrayendo eventId del HTML...
18:09:17 [DEBUG] Betfair event ID extraído de la URL: 35270215
18:09:17 [DEBUG] Consultando videoplayer: https://videoplayer.betfair.es/GetPlayer.do?eID=35270215&contentType=viz&contentView=mstats
18:09:17 [INFO] EventId de Opta extraído: bfdo931qi8oh6aflrpd0iit5g
18:09:17 [DEBUG]   ✓ EventId extraído: bfdo931qi8oh6aflrpd0iit5g
18:09:17 [DEBUG]   → Obteniendo estadísticas de la API...
18:09:17 [INFO] 📊 Obteniendo todas las estadísticas para eventId: bfdo931qi8oh6aflrpd0iit5g
18:09:19 [DEBUG] No se encontró teamStatsAttackingLv
18:09:19 [DEBUG] ✅ Summary stats obtenidas para bfdo931qi8oh6aflrpd0iit5g
18:09:19 [ERROR] ❌ Error obteniendo momentum: HTTPSConnectionPool(host='betfair.cpp.statsperform.com', port=443): Max retries exceeded with url: /stats/live-stats/momentum?eventId=3xpl3ajq2hgkl8zf9qdhxru38&outletkey=1hegv772yrv901291e00xzm9rv (Caused by ConnectTimeoutError(<HTTPSConnection(host='betfair.cpp.statsperform.com', port=443) at 0x1260858ce10>, 'Connection to betfair.cpp.statsperform.com timed out. (connect timeout=5)'))
18:09:19 [ERROR] ❌ Error obteniendo xG details: HTTPSConnectionPool(host='betfair.cpp.statsperform.com', port=443): Max retries exceeded with url: /stats/live-stats/xg?eventId=3xpl3ajq2hgkl8zf9qdhxru38&outletkey=1hegv772yrv901291e00xzm9rv (Caused by ConnectTimeoutError(<HTTPSConnection(host='betfair.cpp.statsperform.com', port=443) at 0x1260858d090>, 'Connection to betfair.cpp.statsperform.com timed out. (connect timeout=5)'))
18:09:19 [ERROR] ❌ Error obteniendo summary stats: HTTPSConnectionPool(host='betfair.cpp.statsperform.com', port=443): Max retries exceeded with url: /stats/live-stats/summary?eventId=3xpl3ajq2hgkl8zf9qdhxru38&outletkey=1hegv772yrv901291e00xzm9rv&hideHeader=false&noredirect=true&stage=halfTime (Caused by ConnectTimeoutError(<HTTPSConnection(host='betfair.cpp.statsperform.com', port=443) at 0x1260858e990>, 'Connection to betfair.cpp.statsperform.com timed out. (connect timeout=5)'))
18:09:19 [ERROR] ❌ Error obteniendo attacking stats: HTTPSConnectionPool(host='betfair.cpp.statsperform.com', port=443): Max retries exceeded with url: /stats/live-stats/attacking?eventId=3xpl3ajq2hgkl8zf9qdhxru38&outletkey=1hegv772yrv901291e00xzm9rv (Caused by ConnectTimeoutError(<HTTPSConnection(host='betfair.cpp.statsperform.com', port=443) at 0x1260858c190>, 'Connection to betfair.cpp.statsperform.com timed out. (connect timeout=5)'))
18:09:19 [ERROR] ❌ Error obteniendo defence stats: HTTPSConnectionPool(host='betfair.cpp.statsperform.com', port=443): Max retries exceeded with url: /stats/live-stats/defence?eventId=3xpl3ajq2hgkl8zf9qdhxru38&outletkey=1hegv772yrv901291e00xzm9rv (Caused by ConnectTimeoutError(<HTTPSConnection(host='betfair.cpp.statsperform.com', port=443) at 0x1260858c050>, 'Connection to betfair.cpp.statsperform.com timed out. (connect timeout=5)'))
18:09:19 [INFO] ✅ Estadísticas obtenidas: 0/5 endpoints
18:09:19 [WARNING]   × No hay estadísticas disponibles en la API
18:09:19 [DEBUG] [chelsea-burnley-apuestas-35240881] → Extrayendo volumen matched...
18:09:19 [ERROR] ❌ Error obteniendo defence stats: HTTPSConnectionPool(host='betfair.cpp.statsperform.com', port=443): Max retries exceeded with url: /stats/live-stats/defence?eventId=bdihuy7ufndm7qn1i2hjtjdw4&outletkey=1hegv772yrv901291e00xzm9rv (Caused by ConnectTimeoutError(<HTTPSConnection(host='betfair.cpp.statsperform.com', port=443) at 0x1260858c410>, 'Connection to betfair.cpp.statsperform.com timed out. (connect timeout=5)'))
18:09:19 [ERROR] ❌ Error obteniendo xG details: HTTPSConnectionPool(host='betfair.cpp.statsperform.com', port=443): Max retries exceeded with url: /stats/live-stats/xg?eventId=bdihuy7ufndm7qn1i2hjtjdw4&outletkey=1hegv772yrv901291e00xzm9rv (Caused by ConnectTimeoutError(<HTTPSConnection(host='betfair.cpp.statsperform.com', port=443) at 0x1260858c550>, 'Connection to betfair.cpp.statsperform.com timed out. (connect timeout=5)'))
18:09:19 [ERROR] ❌ Error obteniendo momentum: HTTPSConnectionPool(host='betfair.cpp.statsperform.com', port=443): Max retries exceeded with url: /stats/live-stats/momentum?eventId=bdihuy7ufndm7qn1i2hjtjdw4&outletkey=1hegv772yrv901291e00xzm9rv (Caused by ConnectTimeoutError(<HTTPSConnection(host='betfair.cpp.statsperform.com', port=443) at 0x1260858f890>, 'Connection to betfair.cpp.statsperform.com timed out. (connect timeout=5)'))
18:09:19 [ERROR] ❌ Error obteniendo summary stats: HTTPSConnectionPool(host='betfair.cpp.statsperform.com', port=443): Max retries exceeded with url: /stats/live-stats/summary?eventId=bdihuy7ufndm7qn1i2hjtjdw4&outletkey=1hegv772yrv901291e00xzm9rv&hideHeader=false&noredirect=true&stage=halfTime (Caused by ConnectTimeoutError(<HTTPSConnection(host='betfair.cpp.statsperform.com', port=443) at 0x1260858d1d0>, 'Connection to betfair.cpp.statsperform.com timed out. (connect timeout=5)'))
18:09:19 [INFO] ✅ Estadísticas obtenidas: 0/5 endpoints
18:09:19 [WARNING]   × No hay estadísticas disponibles en la API
18:09:19 [DEBUG] [afc-wimbledon-bradford-apuestas-35270214] → Extrayendo volumen matched...
18:09:21 [DEBUG] [fcv-dender-sint-truidense-apuestas-35271863] → Extrayendo cuotas Resultado Correcto...
18:09:22 [DEBUG] [bristol-rovers-grimsby-apuestas-35277604] → Extrayendo cuotas Over/Under...
18:09:22 [ERROR] ❌ Error obteniendo xG details: HTTPSConnectionPool(host='betfair.cpp.statsperform.com', port=443): Max retries exceeded with url: /stats/live-stats/xg?eventId=bfdo931qi8oh6aflrpd0iit5g&outletkey=1hegv772yrv901291e00xzm9rv (Caused by ConnectTimeoutError(<HTTPSConnection(host='betfair.cpp.statsperform.com', port=443) at 0x1260858d450>, 'Connection to betfair.cpp.statsperform.com timed out. (connect timeout=5)'))
18:09:22 [ERROR] ❌ Error obteniendo defence stats: HTTPSConnectionPool(host='betfair.cpp.statsperform.com', port=443): Max retries exceeded with url: /stats/live-stats/defence?eventId=bfdo931qi8oh6aflrpd0iit5g&outletkey=1hegv772yrv901291e00xzm9rv (Caused by ConnectTimeoutError(<HTTPSConnection(host='betfair.cpp.statsperform.com', port=443) at 0x1260858ca50>, 'Connection to betfair.cpp.statsperform.com timed out. (connect timeout=5)'))
18:09:22 [ERROR] ❌ Error obteniendo attacking stats: HTTPSConnectionPool(host='betfair.cpp.statsperform.com', port=443): Max retries exceeded with url: /stats/live-stats/attacking?eventId=bfdo931qi8oh6aflrpd0iit5g&outletkey=1hegv772yrv901291e00xzm9rv (Caused by ConnectTimeoutError(<HTTPSConnection(host='betfair.cpp.statsperform.com', port=443) at 0x1260858cb90>, 'Connection to betfair.cpp.statsperform.com timed out. (connect timeout=5)'))
18:09:22 [ERROR] ❌ Error obteniendo momentum: HTTPSConnectionPool(host='betfair.cpp.statsperform.com', port=443): Max retries exceeded with url: /stats/live-stats/momentum?eventId=bfdo931qi8oh6aflrpd0iit5g&outletkey=1hegv772yrv901291e00xzm9rv (Caused by ConnectTimeoutError(<HTTPSConnection(host='betfair.cpp.statsperform.com', port=443) at 0x1260858cf50>, 'Connection to betfair.cpp.statsperform.com timed out. (connect timeout=5)'))
18:09:22 [INFO] ✅ Estadísticas obtenidas: 1/5 endpoints
18:09:22 [DEBUG]   → Mapeando estadísticas...
18:09:22 [INFO]   ✓ Estadísticas capturadas vía API: 28/66 campos
18:09:22 [DEBUG]     → xG: 0.7435-2.1036, Corners: 2-4
18:09:22 [DEBUG] [mansfield-lincoln-apuestas-35270215] → Extrayendo volumen matched...
18:09:23 [DEBUG] [forfar-annan-apuestas-35267066] → Extrayendo cuotas Over/Under...
18:09:23 [DEBUG] [bristol-rovers-grimsby-apuestas-35277604] O/U escasos (0), intentando via mercado individual...
18:09:23 [DEBUG] [middlesbrough-oxford-united-apuestas-35263939] → Extrayendo cuotas Over/Under...
18:09:23 [DEBUG] No se encontró banner de cookies (puede que ya esté aceptado)
18:09:23 [DEBUG] [newport-county-cambridge-united-apuestas-35273748] → Extrayendo cuotas Over/Under...
18:09:23 [DEBUG] [fcv-dender-sint-truidense-apuestas-35271863] → Extrayendo estadísticas del partido...
18:09:23 [DEBUG]   → Extrayendo eventId del HTML...
18:09:23 [DEBUG] Betfair event ID extraído de la URL: 35271863
18:09:23 [DEBUG] Consultando videoplayer: https://videoplayer.betfair.es/GetPlayer.do?eID=35271863&contentType=viz&contentView=mstats
18:09:23 [DEBUG] No se encontraron links de mercados O/U en sidebar
18:09:24 [DEBUG] [forfar-annan-apuestas-35267066] O/U escasos (0), intentando via mercado individual...
18:09:24 [DEBUG] [middlesbrough-oxford-united-apuestas-35263939] O/U escasos (0), intentando via mercado individual...
18:09:24 [DEBUG] No se encontraron links de mercados O/U en sidebar
18:09:24 [DEBUG] [newport-county-cambridge-united-apuestas-35273748] O/U escasos (0), intentando via mercado individual...
18:09:25 [DEBUG] No se encontraron links de mercados O/U en sidebar
18:09:25 [DEBUG] [bristol-rovers-grimsby-apuestas-35277604] → Extrayendo cuotas Resultado Correcto...
18:09:25 [DEBUG] No se encontraron links de mercados O/U en sidebar
18:09:25 [INFO] ✓ Cookies aceptadas automáticamente
18:09:26 [DEBUG] [bristol-rovers-grimsby-apuestas-35277604] → Extrayendo estadísticas del partido...
18:09:26 [DEBUG]   → Extrayendo eventId del HTML...
18:09:26 [DEBUG] Betfair event ID extraído de la URL: 35277604
18:09:26 [DEBUG] Consultando videoplayer: https://videoplayer.betfair.es/GetPlayer.do?eID=35277604&contentType=viz&contentView=mstats
18:09:26 [DEBUG] [newport-county-cambridge-united-apuestas-35273748] → Extrayendo cuotas Resultado Correcto...
18:09:27 [DEBUG] [newport-county-cambridge-united-apuestas-35273748] → Extrayendo estadísticas del partido...
18:09:27 [DEBUG]   → Extrayendo eventId del HTML...
18:09:27 [DEBUG] Betfair event ID extraído de la URL: 35273748
18:09:27 [DEBUG] Consultando videoplayer: https://videoplayer.betfair.es/GetPlayer.do?eID=35273748&contentType=viz&contentView=mstats
18:09:28 [DEBUG] [hearts-falkirk-apuestas-35273834] → Extrayendo cuotas Over/Under...
18:09:28 [DEBUG] [hearts-falkirk-apuestas-35273834] O/U escasos (0), intentando via mercado individual...
18:09:28 [DEBUG] No se encontraron links de mercados O/U en sidebar
18:09:28 [DEBUG] [forfar-annan-apuestas-35267066] → Extrayendo cuotas Resultado Correcto...
18:09:29 [DEBUG] [forfar-annan-apuestas-35267066] → Extrayendo estadísticas del partido...
18:09:29 [DEBUG]   → Extrayendo eventId del HTML...
18:09:29 [DEBUG] Betfair event ID extraído de la URL: 35267066
18:09:29 [DEBUG] Consultando videoplayer: https://videoplayer.betfair.es/GetPlayer.do?eID=35267066&contentType=viz&contentView=mstats
18:09:30 [INFO] EventId de Opta extraído: d1mws04a2zkdu8h36agik08b8
18:09:30 [DEBUG]   ✓ EventId extraído: d1mws04a2zkdu8h36agik08b8
18:09:30 [DEBUG]   → Obteniendo estadísticas de la API...
18:09:30 [INFO] 📊 Obteniendo todas las estadísticas para eventId: d1mws04a2zkdu8h36agik08b8
18:09:30 [DEBUG] [hearts-falkirk-apuestas-35273834] → Extrayendo cuotas Resultado Correcto...
18:09:31 [DEBUG] [hearts-falkirk-apuestas-35273834] → Extrayendo estadísticas del partido...
18:09:31 [DEBUG]   → Extrayendo eventId del HTML...
18:09:31 [DEBUG] Betfair event ID extraído de la URL: 35273834
18:09:31 [DEBUG] Consultando videoplayer: https://videoplayer.betfair.es/GetPlayer.do?eID=35273834&contentType=viz&contentView=mstats
18:09:32 [DEBUG] No se encontró banner de cookies (puede que ya esté aceptado)
18:09:32 [DEBUG] No se encontró banner de cookies (puede que ya esté aceptado)
18:09:32 [DEBUG] [afc-wimbledon-bradford-apuestas-35270214] → Extrayendo momentum (fallback visual)...
18:09:32 [DEBUG]   → Buscando URL del iframe de stats para Momentum...
18:09:32 [DEBUG] [chelsea-burnley-apuestas-35240881] → Extrayendo momentum (fallback visual)...
18:09:32 [DEBUG]   → Buscando URL del iframe de stats para Momentum...
18:09:32 [DEBUG]   ✓ URL stats encontrada en iframe #1: https://betfair.cpp.statsperform.com/watch/pitchView?&eventId=bdihuy7ufndm7qn1i2
18:09:32 [DEBUG]   → URL momentum construida: https://betfair.cpp.statsperform.com/stats/live-stats/momentum?&eventId=bdihuy7u
18:09:32 [INFO] EventId de Opta extraído: 7rljlc7ak55j5klbcd5jl1638
18:09:32 [DEBUG]   ✓ EventId extraído: 7rljlc7ak55j5klbcd5jl1638
18:09:32 [DEBUG]   → Obteniendo estadísticas de la API...
18:09:32 [INFO] 📊 Obteniendo todas las estadísticas para eventId: 7rljlc7ak55j5klbcd5jl1638
18:09:33 [ERROR] Error consultando videoplayer endpoint: HTTPSConnectionPool(host='videoplayer.betfair.es', port=443): Max retries exceeded with url: /GetPlayer.do?eID=35271863&contentType=viz&contentView=mstats (Caused by ConnectTimeoutError(<HTTPSConnection(host='videoplayer.betfair.es', port=443) at 0x12609a8c550>, 'Connection to videoplayer.betfair.es timed out. (connect timeout=5)'))
18:09:33 [WARNING]   × No se pudo extraer eventId - partido sin estadísticas Opta
18:09:33 [INFO]   → Extrayendo stats del iframe (fallback): eID=35271863
18:09:35 [ERROR] ❌ Error obteniendo xG details: HTTPSConnectionPool(host='betfair.cpp.statsperform.com', port=443): Max retries exceeded with url: /stats/live-stats/xg?eventId=d1mws04a2zkdu8h36agik08b8&outletkey=1hegv772yrv901291e00xzm9rv (Caused by ConnectTimeoutError(<HTTPSConnection(host='betfair.cpp.statsperform.com', port=443) at 0x1260858d1d0>, 'Connection to betfair.cpp.statsperform.com timed out. (connect timeout=5)'))
18:09:35 [ERROR] ❌ Error obteniendo attacking stats: HTTPSConnectionPool(host='betfair.cpp.statsperform.com', port=443): Max retries exceeded with url: /stats/live-stats/attacking?eventId=d1mws04a2zkdu8h36agik08b8&outletkey=1hegv772yrv901291e00xzm9rv (Caused by ConnectTimeoutError(<HTTPSConnection(host='betfair.cpp.statsperform.com', port=443) at 0x1260858d450>, 'Connection to betfair.cpp.statsperform.com timed out. (connect timeout=5)'))
18:09:35 [ERROR] ❌ Error obteniendo defence stats: HTTPSConnectionPool(host='betfair.cpp.statsperform.com', port=443): Max retries exceeded with url: /stats/live-stats/defence?eventId=d1mws04a2zkdu8h36agik08b8&outletkey=1hegv772yrv901291e00xzm9rv (Caused by ConnectTimeoutError(<HTTPSConnection(host='betfair.cpp.statsperform.com', port=443) at 0x1260858fd90>, 'Connection to betfair.cpp.statsperform.com timed out. (connect timeout=5)'))
18:09:35 [ERROR] ❌ Error obteniendo momentum: HTTPSConnectionPool(host='betfair.cpp.statsperform.com', port=443): Max retries exceeded with url: /stats/live-stats/momentum?eventId=d1mws04a2zkdu8h36agik08b8&outletkey=1hegv772yrv901291e00xzm9rv (Caused by ConnectTimeoutError(<HTTPSConnection(host='betfair.cpp.statsperform.com', port=443) at 0x1260858ee90>, 'Connection to betfair.cpp.statsperform.com timed out. (connect timeout=5)'))
18:09:35 [ERROR] ❌ Error obteniendo summary stats: HTTPSConnectionPool(host='betfair.cpp.statsperform.com', port=443): Max retries exceeded with url: /stats/live-stats/summary?eventId=d1mws04a2zkdu8h36agik08b8&outletkey=1hegv772yrv901291e00xzm9rv&hideHeader=false&noredirect=true&stage=halfTime (Caused by ConnectTimeoutError(<HTTPSConnection(host='betfair.cpp.statsperform.com', port=443) at 0x1260858ca50>, 'Connection to betfair.cpp.statsperform.com timed out. (connect timeout=5)'))
18:09:35 [INFO] ✅ Estadísticas obtenidas: 0/5 endpoints
18:09:35 [WARNING]   × No hay estadísticas disponibles en la API
18:09:35 [DEBUG] [bristol-rovers-grimsby-apuestas-35277604] → Extrayendo volumen matched...
18:09:35 [WARNING] No se encontró eventId de Opta en la respuesta del videoplayer
18:09:35 [WARNING]   × No se pudo extraer eventId - partido sin estadísticas Opta
18:09:35 [INFO]   → Extrayendo stats del iframe (fallback): eID=35267066
18:09:35 [DEBUG] [mansfield-lincoln-apuestas-35270215] → Extrayendo momentum (fallback visual)...
18:09:35 [DEBUG]   → Buscando URL del iframe de stats para Momentum...
18:09:37 [ERROR] ❌ Error obteniendo defence stats: HTTPSConnectionPool(host='betfair.cpp.statsperform.com', port=443): Max retries exceeded with url: /stats/live-stats/defence?eventId=7rljlc7ak55j5klbcd5jl1638&outletkey=1hegv772yrv901291e00xzm9rv (Caused by ConnectTimeoutError(<HTTPSConnection(host='betfair.cpp.statsperform.com', port=443) at 0x1260858fb10>, 'Connection to betfair.cpp.statsperform.com timed out. (connect timeout=5)'))
18:09:37 [ERROR] ❌ Error obteniendo summary stats: HTTPSConnectionPool(host='betfair.cpp.statsperform.com', port=443): Max retries exceeded with url: /stats/live-stats/summary?eventId=7rljlc7ak55j5klbcd5jl1638&outletkey=1hegv772yrv901291e00xzm9rv&hideHeader=false&noredirect=true&stage=halfTime (Caused by ConnectTimeoutError(<HTTPSConnection(host='betfair.cpp.statsperform.com', port=443) at 0x1260858fc50>, 'Connection to betfair.cpp.statsperform.com timed out. (connect timeout=5)'))
18:09:37 [ERROR] ❌ Error obteniendo xG details: HTTPSConnectionPool(host='betfair.cpp.statsperform.com', port=443): Max retries exceeded with url: /stats/live-stats/xg?eventId=7rljlc7ak55j5klbcd5jl1638&outletkey=1hegv772yrv901291e00xzm9rv (Caused by ConnectTimeoutError(<HTTPSConnection(host='betfair.cpp.statsperform.com', port=443) at 0x1260858c550>, 'Connection to betfair.cpp.statsperform.com timed out. (connect timeout=5)'))
18:09:37 [ERROR] ❌ Error obteniendo attacking stats: HTTPSConnectionPool(host='betfair.cpp.statsperform.com', port=443): Max retries exceeded with url: /stats/live-stats/attacking?eventId=7rljlc7ak55j5klbcd5jl1638&outletkey=1hegv772yrv901291e00xzm9rv (Caused by ConnectTimeoutError(<HTTPSConnection(host='betfair.cpp.statsperform.com', port=443) at 0x1260858fed0>, 'Connection to betfair.cpp.statsperform.com timed out. (connect timeout=5)'))
18:09:37 [ERROR] ❌ Error obteniendo momentum: HTTPSConnectionPool(host='betfair.cpp.statsperform.com', port=443): Max retries exceeded with url: /stats/live-stats/momentum?eventId=7rljlc7ak55j5klbcd5jl1638&outletkey=1hegv772yrv901291e00xzm9rv (Caused by ConnectTimeoutError(<HTTPSConnection(host='betfair.cpp.statsperform.com', port=443) at 0x1260858f890>, 'Connection to betfair.cpp.statsperform.com timed out. (connect timeout=5)'))
18:09:37 [INFO] ✅ Estadísticas obtenidas: 0/5 endpoints
18:09:37 [WARNING]   × No hay estadísticas disponibles en la API
18:09:37 [DEBUG] [hearts-falkirk-apuestas-35273834] → Extrayendo volumen matched...
18:09:37 [ERROR] Error consultando videoplayer endpoint: HTTPSConnectionPool(host='videoplayer.betfair.es', port=443): Max retries exceeded with url: /GetPlayer.do?eID=35273748&contentType=viz&contentView=mstats (Caused by ConnectTimeoutError(<HTTPSConnection(host='videoplayer.betfair.es', port=443) at 0x1260858cb90>, 'Connection to videoplayer.betfair.es timed out. (connect timeout=5)'))
18:09:37 [WARNING]   × No se pudo extraer eventId - partido sin estadísticas Opta
18:09:37 [INFO]   → Extrayendo stats del iframe (fallback): eID=35273748
18:09:39 [DEBUG]   × No se encontró URL del iframe de stats
18:09:39 [INFO] ✓ [chelsea-burnley-apuestas-35240881] Captura exitosa: pre_partido, min , -
18:09:39 [DEBUG] [middlesbrough-oxford-united-apuestas-35263939] → Extrayendo cuotas Resultado Correcto...
18:09:40 [DEBUG] [middlesbrough-oxford-united-apuestas-35263939] → Extrayendo estadísticas del partido...
18:09:40 [DEBUG]   → Extrayendo eventId del HTML...
18:09:40 [DEBUG] Betfair event ID extraído de la URL: 35263939
18:09:40 [DEBUG] Consultando videoplayer: https://videoplayer.betfair.es/GetPlayer.do?eID=35263939&contentType=viz&contentView=mstats
18:09:42 [DEBUG]   × No se encontró URL del iframe de stats
18:09:42 [INFO] ✓ [mansfield-lincoln-apuestas-35270215] Captura exitosa: pre_partido, min , -
18:09:43 [DEBUG] [cove-rangers-kelty-hearts-apuestas-35268004] → Extrayendo cuotas Over/Under...
18:09:44 [DEBUG] [cove-rangers-kelty-hearts-apuestas-35268004] O/U escasos (0), intentando via mercado individual...
18:09:44 [DEBUG] No se encontraron links de mercados O/U en sidebar
18:09:46 [DEBUG] [clyde-edinburgh-city-apuestas-35266981] → Extrayendo cuotas Over/Under...
18:09:46 [DEBUG] [cove-rangers-kelty-hearts-apuestas-35268004] → Extrayendo cuotas Resultado Correcto...
18:09:47 [DEBUG] [cove-rangers-kelty-hearts-apuestas-35268004] → Extrayendo estadísticas del partido...
18:09:47 [DEBUG]   → Extrayendo eventId del HTML...
18:09:47 [DEBUG] [east-kilbride-dumbarton-apuestas-35267139] → Extrayendo información del partido...
18:09:47 [DEBUG] Betfair event ID extraído de la URL: 35268004
18:09:47 [DEBUG] Consultando videoplayer: https://videoplayer.betfair.es/GetPlayer.do?eID=35268004&contentType=viz&contentView=mstats
18:09:47 [DEBUG] [clyde-edinburgh-city-apuestas-35266981] O/U escasos (0), intentando via mercado individual...
18:09:47 [DEBUG] [bristol-rovers-grimsby-apuestas-35277604] → Extrayendo momentum (fallback visual)...
18:09:47 [DEBUG]   → Buscando URL del iframe de stats para Momentum...
18:09:48 [DEBUG] No se encontraron links de mercados O/U en sidebar
18:09:49 [DEBUG] [clyde-edinburgh-city-apuestas-35266981] → Extrayendo cuotas Resultado Correcto...
18:09:50 [DEBUG] [olympiacos-panaitolikos-apuestas-35243453] → Extrayendo información del partido...
18:09:50 [DEBUG] No se encontró banner de cookies (puede que ya esté aceptado)
18:09:50 [DEBUG] No se encontró banner de cookies (puede que ya esté aceptado)
18:09:50 [DEBUG] [hearts-falkirk-apuestas-35273834] → Extrayendo momentum (fallback visual)...
18:09:50 [DEBUG]   → Buscando URL del iframe de stats para Momentum...
18:09:50 [DEBUG] [clyde-edinburgh-city-apuestas-35266981] → Extrayendo estadísticas del partido...
18:09:50 [DEBUG]   → Extrayendo eventId del HTML...
18:09:50 [DEBUG] No se encontró banner de cookies (puede que ya esté aceptado)
18:09:50 [DEBUG] Betfair event ID extraído de la URL: 35266981
18:09:50 [DEBUG] Consultando videoplayer: https://videoplayer.betfair.es/GetPlayer.do?eID=35266981&contentType=viz&contentView=mstats
18:09:51 [DEBUG] [gillingham-oldham-apuestas-35277612] → Extrayendo cuotas Over/Under...
18:09:51 [DEBUG] [elgin-city-fc-stirling-apuestas-35267285] → Extrayendo cuotas Over/Under...
18:09:52 [DEBUG] [gillingham-oldham-apuestas-35277612] O/U escasos (0), intentando via mercado individual...
18:09:52 [DEBUG] No se encontraron links de mercados O/U en sidebar
18:09:52 [DEBUG] [elgin-city-fc-stirling-apuestas-35267285] O/U escasos (0), intentando via mercado individual...
18:09:53 [DEBUG] No se encontraron links de mercados O/U en sidebar
18:09:54 [DEBUG]   × No se encontró URL del iframe de stats
18:09:54 [INFO] ✓ [bristol-rovers-grimsby-apuestas-35277604] Captura exitosa: pre_partido, min , -
18:10:00 [INFO] EventId de Opta extraído: 93mgn351r81yjz9hbeb7e61as
18:10:00 [DEBUG]   ✓ EventId extraído: 93mgn351r81yjz9hbeb7e61as
18:10:00 [DEBUG]   → Obteniendo estadísticas de la API...
18:10:00 [INFO] 📊 Obteniendo todas las estadísticas para eventId: 93mgn351r81yjz9hbeb7e61as
18:10:02 [DEBUG] [stockport-wigan-apuestas-35270210] → Extrayendo información del partido...
18:10:03 [DEBUG]   → Divs: 0, Local: 0, Visit: 0
18:10:03 [INFO] ✓ [afc-wimbledon-bradford-apuestas-35270214] Captura exitosa: en_juego, min 79, 3-1
18:10:04 [DEBUG] [east-kilbride-dumbarton-apuestas-35267139] → Extrayendo cuotas Match Odds...
18:10:05 [WARNING] ⟳ [east-kilbride-dumbarton-apuestas-35267139] Match Odds incompletos (0/3), refrescando...
18:10:07 [DEBUG] [olympiacos-panaitolikos-apuestas-35243453] → Extrayendo cuotas Match Odds...
18:10:08 [ERROR] Error consultando videoplayer endpoint: HTTPSConnectionPool(host='videoplayer.betfair.es', port=443): Max retries exceeded with url: /GetPlayer.do?eID=35266981&contentType=viz&contentView=mstats (Caused by ConnectTimeoutError(<HTTPSConnection(host='videoplayer.betfair.es', port=443) at 0x1260858e990>, 'Connection to videoplayer.betfair.es timed out. (connect timeout=5)'))
18:10:08 [ERROR] Error consultando videoplayer endpoint: HTTPSConnectionPool(host='videoplayer.betfair.es', port=443): Max retries exceeded with url: /GetPlayer.do?eID=35268004&contentType=viz&contentView=mstats (Caused by ConnectTimeoutError(<HTTPSConnection(host='videoplayer.betfair.es', port=443) at 0x1260858f890>, 'Connection to videoplayer.betfair.es timed out. (connect timeout=5)'))
18:10:08 [WARNING]   × No se pudo extraer eventId - partido sin estadísticas Opta
18:10:08 [WARNING]   × No se pudo extraer eventId - partido sin estadísticas Opta
18:10:08 [INFO]   → Extrayendo stats del iframe (fallback): eID=35266981
18:10:08 [INFO]   → Extrayendo stats del iframe (fallback): eID=35268004
18:10:08 [DEBUG] [elgin-city-fc-stirling-apuestas-35267285] → Extrayendo cuotas Resultado Correcto...
18:10:08 [WARNING] ⟳ [olympiacos-panaitolikos-apuestas-35243453] Match Odds incompletos (0/3), refrescando...
18:10:09 [DEBUG] [elgin-city-fc-stirling-apuestas-35267285] → Extrayendo estadísticas del partido...
18:10:09 [DEBUG]   → Extrayendo eventId del HTML...
18:10:09 [DEBUG] Betfair event ID extraído de la URL: 35267285
18:10:09 [DEBUG] Consultando videoplayer: https://videoplayer.betfair.es/GetPlayer.do?eID=35267285&contentType=viz&contentView=mstats
18:10:09 [DEBUG] [cheltenham-salford-city-apuestas-35277595] → Extrayendo cuotas Over/Under...
18:10:09 [DEBUG] [inverness-ct-stenhousemuir-apuestas-35268036] → Extrayendo cuotas Over/Under...
18:10:10 [DEBUG] [dundee-utd-kilmarnock-apuestas-35273837] → Extrayendo cuotas Over/Under...
18:10:10 [DEBUG] [cheltenham-salford-city-apuestas-35277595] O/U escasos (0), intentando via mercado individual...
18:10:10 [DEBUG] [inverness-ct-stenhousemuir-apuestas-35268036] O/U escasos (0), intentando via mercado individual...
18:10:11 [DEBUG] [notts-county-tranmere-apuestas-35277648] → Extrayendo información del partido...
18:10:11 [DEBUG] No se encontraron links de mercados O/U en sidebar
18:10:11 [DEBUG] No se encontraron links de mercados O/U en sidebar
18:10:11 [DEBUG] [dundee-utd-kilmarnock-apuestas-35273837] O/U escasos (0), intentando via mercado individual...
18:10:11 [DEBUG] No se encontraron links de mercados O/U en sidebar
18:10:13 [DEBUG]   × No se encontró URL del iframe de stats
18:10:13 [INFO] ✓ [hearts-falkirk-apuestas-35273834] Captura exitosa: pre_partido, min , -
18:10:15 [ERROR] ❌ Error obteniendo defence stats: HTTPSConnectionPool(host='betfair.cpp.statsperform.com', port=443): Max retries exceeded with url: /stats/live-stats/defence?eventId=93mgn351r81yjz9hbeb7e61as&outletkey=1hegv772yrv901291e00xzm9rv (Caused by ConnectTimeoutError(<HTTPSConnection(host='betfair.cpp.statsperform.com', port=443) at 0x1260858fed0>, 'Connection to betfair.cpp.statsperform.com timed out. (connect timeout=5)'))
18:10:15 [ERROR] ❌ Error obteniendo xG details: HTTPSConnectionPool(host='betfair.cpp.statsperform.com', port=443): Max retries exceeded with url: /stats/live-stats/xg?eventId=93mgn351r81yjz9hbeb7e61as&outletkey=1hegv772yrv901291e00xzm9rv (Caused by ConnectTimeoutError(<HTTPSConnection(host='betfair.cpp.statsperform.com', port=443) at 0x1260858f250>, 'Connection to betfair.cpp.statsperform.com timed out. (connect timeout=5)'))
18:10:15 [ERROR] ❌ Error obteniendo attacking stats: HTTPSConnectionPool(host='betfair.cpp.statsperform.com', port=443): Max retries exceeded with url: /stats/live-stats/attacking?eventId=93mgn351r81yjz9hbeb7e61as&outletkey=1hegv772yrv901291e00xzm9rv (Caused by ConnectTimeoutError(<HTTPSConnection(host='betfair.cpp.statsperform.com', port=443) at 0x1260858cb90>, 'Connection to betfair.cpp.statsperform.com timed out. (connect timeout=5)'))
18:10:15 [ERROR] ❌ Error obteniendo momentum: HTTPSConnectionPool(host='betfair.cpp.statsperform.com', port=443): Max retries exceeded with url: /stats/live-stats/momentum?eventId=93mgn351r81yjz9hbeb7e61as&outletkey=1hegv772yrv901291e00xzm9rv (Caused by ConnectTimeoutError(<HTTPSConnection(host='betfair.cpp.statsperform.com', port=443) at 0x1260858c190>, 'Connection to betfair.cpp.statsperform.com timed out. (connect timeout=5)'))
18:10:15 [ERROR] ❌ Error obteniendo summary stats: HTTPSConnectionPool(host='betfair.cpp.statsperform.com', port=443): Max retries exceeded with url: /stats/live-stats/summary?eventId=93mgn351r81yjz9hbeb7e61as&outletkey=1hegv772yrv901291e00xzm9rv&hideHeader=false&noredirect=true&stage=halfTime (Caused by ConnectTimeoutError(<HTTPSConnection(host='betfair.cpp.statsperform.com', port=443) at 0x1260858ce10>, 'Connection to betfair.cpp.statsperform.com timed out. (connect timeout=5)'))
18:10:15 [INFO] ✅ Estadísticas obtenidas: 0/5 endpoints
18:10:15 [WARNING]   × No hay estadísticas disponibles en la API
18:10:15 [DEBUG] [middlesbrough-oxford-united-apuestas-35263939] → Extrayendo volumen matched...
18:10:17 [DEBUG]   ✓ Estado detectado: FINALIZADO (XPATH: texto 'Finalizado')
18:10:18 [DEBUG] [notts-county-tranmere-apuestas-35277648] → Extrayendo cuotas Match Odds...
18:10:19 [DEBUG] [cheltenham-salford-city-apuestas-35277595] → Extrayendo cuotas Resultado Correcto...
18:10:19 [DEBUG] [stockport-wigan-apuestas-35270210] → Extrayendo cuotas Match Odds...
18:10:20 [WARNING] ⟳ [notts-county-tranmere-apuestas-35277648] Match Odds incompletos (0/3), refrescando...
18:10:20 [DEBUG] [cheltenham-salford-city-apuestas-35277595] → Extrayendo estadísticas del partido...
18:10:20 [DEBUG]   → Extrayendo eventId del HTML...
18:10:20 [DEBUG] Betfair event ID extraído de la URL: 35277595
18:10:20 [DEBUG] Consultando videoplayer: https://videoplayer.betfair.es/GetPlayer.do?eID=35277595&contentType=viz&contentView=mstats
18:10:20 [WARNING] ⟳ [stockport-wigan-apuestas-35270210] Match Odds incompletos (0/3), refrescando...
18:10:21 [DEBUG] [huachipato-palestino-apuestas-35268041] → Extrayendo información del partido...
18:10:22 [WARNING] No se encontró eventId de Opta en la respuesta del videoplayer
18:10:22 [WARNING]   × No se pudo extraer eventId - partido sin estadísticas Opta
18:10:22 [INFO]   → Extrayendo stats del iframe (fallback): eID=35267285
18:10:22 [DEBUG] [gillingham-oldham-apuestas-35277612] → Extrayendo cuotas Resultado Correcto...
18:10:23 [DEBUG] [gillingham-oldham-apuestas-35277612] → Extrayendo estadísticas del partido...
18:10:23 [DEBUG]   → Extrayendo eventId del HTML...
18:10:23 [DEBUG] Betfair event ID extraído de la URL: 35277612
18:10:23 [DEBUG] Consultando videoplayer: https://videoplayer.betfair.es/GetPlayer.do?eID=35277612&contentType=viz&contentView=mstats
18:10:26 [DEBUG] [dundee-utd-kilmarnock-apuestas-35273837] → Extrayendo cuotas Resultado Correcto...
18:10:27 [DEBUG] [dundee-utd-kilmarnock-apuestas-35273837] → Extrayendo estadísticas del partido...
18:10:27 [DEBUG]   → Extrayendo eventId del HTML...
18:10:27 [DEBUG] Betfair event ID extraído de la URL: 35273837
18:10:27 [DEBUG] Consultando videoplayer: https://videoplayer.betfair.es/GetPlayer.do?eID=35273837&contentType=viz&contentView=mstats
18:10:28 [DEBUG] [middlesbrough-oxford-united-apuestas-35263939] → Extrayendo momentum (fallback visual)...
18:10:28 [DEBUG]   → Buscando URL del iframe de stats para Momentum...
18:10:28 [INFO] ✓ Cookies aceptadas automáticamente
18:10:30 [ERROR] Error consultando videoplayer endpoint: HTTPSConnectionPool(host='videoplayer.betfair.es', port=443): Max retries exceeded with url: /GetPlayer.do?eID=35277595&contentType=viz&contentView=mstats (Caused by ConnectTimeoutError(<HTTPSConnection(host='videoplayer.betfair.es', port=443) at 0x1260858fb10>, 'Connection to videoplayer.betfair.es timed out. (connect timeout=5)'))
18:10:30 [WARNING]   × No se pudo extraer eventId - partido sin estadísticas Opta
18:10:30 [INFO]   → Extrayendo stats del iframe (fallback): eID=35277595
18:10:33 [ERROR] Error consultando videoplayer endpoint: HTTPSConnectionPool(host='videoplayer.betfair.es', port=443): Max retries exceeded with url: /GetPlayer.do?eID=35277612&contentType=viz&contentView=mstats (Caused by ConnectTimeoutError(<HTTPSConnection(host='videoplayer.betfair.es', port=443) at 0x1260858fc50>, 'Connection to videoplayer.betfair.es timed out. (connect timeout=5)'))
18:10:33 [WARNING]   × No se pudo extraer eventId - partido sin estadísticas Opta
18:10:33 [INFO]   → Extrayendo stats del iframe (fallback): eID=35277612
18:10:33 [INFO] ✓ Cookies aceptadas automáticamente
18:10:34 [DEBUG] [inverness-ct-stenhousemuir-apuestas-35268036] → Extrayendo cuotas Resultado Correcto...
18:10:34 [DEBUG]   × No se encontró URL del iframe de stats
18:10:34 [INFO] ✓ [middlesbrough-oxford-united-apuestas-35263939] Captura exitosa: pre_partido, min , -
18:10:35 [DEBUG] [inverness-ct-stenhousemuir-apuestas-35268036] → Extrayendo estadísticas del partido...
18:10:35 [DEBUG]   → Extrayendo eventId del HTML...
18:10:35 [DEBUG] Betfair event ID extraído de la URL: 35268036
18:10:35 [DEBUG] Consultando videoplayer: https://videoplayer.betfair.es/GetPlayer.do?eID=35268036&contentType=viz&contentView=mstats
18:10:39 [DEBUG] [huachipato-palestino-apuestas-35268041] → Extrayendo cuotas Match Odds...
18:10:40 [WARNING] ⟳ [huachipato-palestino-apuestas-35268041] Match Odds incompletos (0/3), refrescando...
18:10:42 [DEBUG] [harrogate-town-bromley-apuestas-35277601] → Extrayendo información del partido...
18:10:48 [ERROR] Error consultando videoplayer endpoint: HTTPSConnectionPool(host='videoplayer.betfair.es', port=443): Max retries exceeded with url: /GetPlayer.do?eID=35273837&contentType=viz&contentView=mstats (Caused by ConnectTimeoutError(<HTTPSConnection(host='videoplayer.betfair.es', port=443) at 0x1260858d450>, 'Connection to videoplayer.betfair.es timed out. (connect timeout=5)'))
18:10:48 [WARNING]   × No se pudo extraer eventId - partido sin estadísticas Opta
18:10:48 [INFO]   → Extrayendo stats del iframe (fallback): eID=35273837
18:10:49 [DEBUG] No se encontró banner de cookies (puede que ya esté aceptado)
18:10:49 [DEBUG] [east-kilbride-dumbarton-apuestas-35267139] → Extrayendo cuotas Over/Under...
18:10:50 [DEBUG] [east-kilbride-dumbarton-apuestas-35267139] O/U escasos (0), intentando via mercado individual...
18:10:51 [DEBUG] No se encontraron links de mercados O/U en sidebar
18:10:52 [ERROR] Error consultando videoplayer endpoint: HTTPSConnectionPool(host='videoplayer.betfair.es', port=443): Max retries exceeded with url: /GetPlayer.do?eID=35268036&contentType=viz&contentView=mstats (Caused by ConnectTimeoutError(<HTTPSConnection(host='videoplayer.betfair.es', port=443) at 0x1260858c050>, 'Connection to videoplayer.betfair.es timed out. (connect timeout=5)'))
18:10:52 [WARNING]   × No se pudo extraer eventId - partido sin estadísticas Opta
18:10:52 [INFO]   → Extrayendo stats del iframe (fallback): eID=35268036
18:10:52 [DEBUG] [east-kilbride-dumbarton-apuestas-35267139] → Extrayendo cuotas Resultado Correcto...
18:10:53 [DEBUG] [east-kilbride-dumbarton-apuestas-35267139] → Extrayendo estadísticas del partido...
18:10:53 [DEBUG]   → Extrayendo eventId del HTML...
18:10:53 [DEBUG] Betfair event ID extraído de la URL: 35267139
18:10:53 [DEBUG] Consultando videoplayer: https://videoplayer.betfair.es/GetPlayer.do?eID=35267139&contentType=viz&contentView=mstats
18:10:54 [DEBUG] [stockport-wigan-apuestas-35270210] → Extrayendo cuotas Over/Under...
18:10:55 [DEBUG] [stockport-wigan-apuestas-35270210] O/U escasos (0), intentando via mercado individual...
18:10:56 [DEBUG] No se encontraron links de mercados O/U en sidebar
18:10:57 [DEBUG] [stockport-wigan-apuestas-35270210] → Extrayendo cuotas Resultado Correcto...
18:10:59 [DEBUG] [stockport-wigan-apuestas-35270210] → Extrayendo estadísticas del partido...
18:10:59 [DEBUG]   → Extrayendo eventId del HTML...
18:10:59 [DEBUG] Betfair event ID extraído de la URL: 35270210
18:10:59 [DEBUG] Consultando videoplayer: https://videoplayer.betfair.es/GetPlayer.do?eID=35270210&contentType=viz&contentView=mstats
18:10:59 [DEBUG] [harrogate-town-bromley-apuestas-35277601] → Extrayendo cuotas Match Odds...
18:11:00 [WARNING] ⟳ [harrogate-town-bromley-apuestas-35277601] Match Odds incompletos (0/3), refrescando...
18:11:04 [ERROR] Error consultando videoplayer endpoint: HTTPSConnectionPool(host='videoplayer.betfair.es', port=443): Max retries exceeded with url: /GetPlayer.do?eID=35267139&contentType=viz&contentView=mstats (Caused by NameResolutionError("HTTPSConnection(host='videoplayer.betfair.es', port=443): Failed to resolve 'videoplayer.betfair.es' ([Errno 11001] getaddrinfo failed)"))
18:11:04 [ERROR] Error consultando videoplayer endpoint: HTTPSConnectionPool(host='videoplayer.betfair.es', port=443): Max retries exceeded with url: /GetPlayer.do?eID=35270210&contentType=viz&contentView=mstats (Caused by NameResolutionError("HTTPSConnection(host='videoplayer.betfair.es', port=443): Failed to resolve 'videoplayer.betfair.es' ([Errno 11001] getaddrinfo failed)"))
18:11:04 [WARNING]   × No se pudo extraer eventId - partido sin estadísticas Opta
18:11:04 [WARNING]   × No se pudo extraer eventId - partido sin estadísticas Opta
18:11:04 [INFO]   → Extrayendo stats del iframe (fallback): eID=35267139
18:11:04 [INFO]   → Extrayendo stats del iframe (fallback): eID=35270210
18:11:04 [DEBUG] No se encontró banner de cookies (puede que ya esté aceptado)
