19:23:51 [INFO] 📝 Log guardándose en: logs/scraper_20260212_192351.log
19:23:51 [INFO] Cargados 10 partidos desde games.csv
19:23:51 [INFO] 📅 MODO SCHEDULING ACTIVADO
19:23:51 [INFO]    Ventana tracking: 10 min antes → 150 min después
19:23:51 [INFO]    Total en CSV: 10 partidos
19:23:51 [INFO]    ✓ Partidos activos ahora: 3
19:23:51 [INFO]    ⏰ Partidos futuros: 7
19:23:51 [INFO]    ✅ Partidos finalizados: 0
19:23:51 [INFO] 
📋 Próximos partidos a trackear:
19:23:51 [INFO]       Sion - FC Basel (en 66 min)
19:23:51 [INFO]       Thun - Lausanne (en 66 min)
19:23:51 [INFO]       Atlético de Madrid Femenino - Manchester United Fe (en 96 min)
19:23:51 [INFO]       Atlético de Madrid - FC Barcelona (en 96 min)
19:23:51 [INFO]       Brentford - Arsenal (en 96 min)
19:23:51 [INFO] 🚀 Sistema multi-driver: Creando 3 drivers independientes (sin límite de tabs)
19:23:51 [INFO] 
Iniciando observador con 3 partidos.
19:23:51 [INFO] Ciclo: 30s | Output: data/
19:23:51 [INFO] 🔄 Recarga dinámica: Revisando games.csv cada 5 ciclos (scheduling)
19:23:51 [INFO] 🧹 Limpiando ventanas Betfair antiguas...
19:23:51 [WARNING] Script de limpieza no encontrado: C:\Users\agonz\OneDrive\Documents\Proyectos\Furbo\betfair_scraper\close_betfair_windows.ps1
19:23:51 [INFO] Cargados 10 partidos desde games.csv
19:23:51 [INFO] 
🚀 Iniciando 3 drivers Chrome (sistema multi-driver paralelo)...
19:23:51 [INFO] 🔧 Creando driver de login: Al-Hazm (KSA) - Al-Akhdoud
19:23:51 [INFO] 🔧 Creando driver para: Al-Hazm (KSA) - Al-Akhdoud
19:23:58 [INFO] ✓ Cookies aceptadas automáticamente
19:23:59 [INFO] ✓ Driver listo: al-hazm-ksa-al-akhdoud-apuestas-35232966
19:23:59 [INFO] ============================================================
19:23:59 [INFO] HAZ LOGIN MANUAL en Betfair.es ahora.
19:23:59 [INFO] Tienes 0 segundos...
19:23:59 [INFO] El scraper comenzará automáticamente después.
19:23:59 [INFO] ============================================================
19:23:59 [INFO] 🔧 Creando 2 drivers adicionales en paralelo...
19:23:59 [INFO] 🔧 Creando driver para: Al-Quadisiya (KSA) - NEOM Sports Club
19:23:59 [INFO] 🔧 Creando driver para: Wolfsburgo Femenino - Juventus FC Femenino
19:24:05 [INFO] ✓ Cookies aceptadas automáticamente
19:24:05 [INFO] ✓ Cookies aceptadas automáticamente
19:24:06 [INFO] ✓ Driver listo: al-quadisiya-ksa-neom-sports-club-apuestas-3524103
19:24:06 [INFO] ✓ Driver listo: wolfsburgo-femenino-juventus-fc-w-apuestas-3510554
19:24:06 [INFO] ✓ 3 drivers creados exitosamente
19:24:06 [INFO] ============================================================
19:24:06 [INFO] CAPTURA INICIADA - Presiona Ctrl+C para detener
19:24:06 [INFO] ============================================================
19:24:06 [INFO] 
--- Ciclo #1 ---
19:24:06 [INFO] 📸 Capturando 3 partidos en paralelo...
19:24:06 [DEBUG] ✓ Actualizar clickeado: al-quadisiya-ksa-neom-sports-club-apuestas-3524103
19:24:06 [DEBUG] ✓ Actualizar clickeado: al-hazm-ksa-al-akhdoud-apuestas-35232966
19:24:06 [DEBUG] ✓ Actualizar clickeado: wolfsburgo-femenino-juventus-fc-w-apuestas-3510554
19:24:07 [DEBUG] [al-quadisiya-ksa-neom-sports-club-apuestas-3524103] → Extrayendo información del partido...
19:24:07 [DEBUG] [wolfsburgo-femenino-juventus-fc-w-apuestas-3510554] → Extrayendo información del partido...
19:24:07 [DEBUG] [al-hazm-ksa-al-akhdoud-apuestas-35232966] → Extrayendo información del partido...
19:24:14 [DEBUG]   ✓ Estado detectado: DESCANSO (CSS: 'Descanso')
19:24:14 [DEBUG] [al-hazm-ksa-al-akhdoud-apuestas-35232966] → Extrayendo cuotas Match Odds...
19:24:14 [DEBUG]   ✓ Estado detectado: DESCANSO (CSS: 'Descanso')
19:24:14 [DEBUG] [al-quadisiya-ksa-neom-sports-club-apuestas-3524103] → Extrayendo cuotas Match Odds...
19:24:15 [DEBUG] [wolfsburgo-femenino-juventus-fc-w-apuestas-3510554] → Extrayendo cuotas Match Odds...
19:24:16 [DEBUG] [al-hazm-ksa-al-akhdoud-apuestas-35232966] → Extrayendo cuotas Over/Under...
19:24:16 [DEBUG] [al-quadisiya-ksa-neom-sports-club-apuestas-3524103] → Extrayendo cuotas Over/Under...
19:24:18 [DEBUG] [wolfsburgo-femenino-juventus-fc-w-apuestas-3510554] → Extrayendo cuotas Over/Under...
19:24:19 [DEBUG] [al-hazm-ksa-al-akhdoud-apuestas-35232966] → Extrayendo cuotas Resultado Correcto...
19:24:19 [DEBUG] [al-quadisiya-ksa-neom-sports-club-apuestas-3524103] → Extrayendo cuotas Resultado Correcto...
19:24:20 [DEBUG] [wolfsburgo-femenino-juventus-fc-w-apuestas-3510554] → Extrayendo cuotas Resultado Correcto...
19:24:22 [DEBUG] [al-quadisiya-ksa-neom-sports-club-apuestas-3524103] → Extrayendo estadísticas del partido...
19:24:22 [DEBUG]   → Extrayendo eventId del HTML...
19:24:22 [DEBUG] [al-hazm-ksa-al-akhdoud-apuestas-35232966] → Extrayendo estadísticas del partido...
19:24:22 [DEBUG]   → Extrayendo eventId del HTML...
19:24:22 [DEBUG] Betfair event ID extraído del HTML: 35241036
19:24:22 [DEBUG] Consultando videoplayer: https://videoplayer.betfair.es/GetPlayer.do?eID=35241036&contentType=viz&contentView=mstats
19:24:22 [DEBUG] Betfair event ID extraído del HTML: 35232966
19:24:22 [DEBUG] Consultando videoplayer: https://videoplayer.betfair.es/GetPlayer.do?eID=35232966&contentType=viz&contentView=mstats
19:24:23 [ERROR] Error consultando videoplayer endpoint: 404 Client Error:  for url: https://videoplayer.betfair.es/GetPlayer.do?eID=35241036&contentType=viz&contentView=mstats
19:24:23 [WARNING]   × No se pudo extraer eventId - partido sin estadísticas Opta
19:24:23 [INFO]   → Intentando fallback: extracción desde iframe de visualización...
19:24:23 [DEBUG]   → Extrayendo stats del iframe: https://videoplayer.betfair.es/GetPlayer.do?eID=35241036&contentType=viz&contentView=mstats&statsToggle=hide&contentOnly=true
19:24:23 [WARNING] No se encontró eventId de Opta en la respuesta del videoplayer
19:24:23 [WARNING]   × No se pudo extraer eventId - partido sin estadísticas Opta
19:24:23 [INFO]   → Intentando fallback: extracción desde iframe de visualización...
19:24:23 [DEBUG]   → Extrayendo stats del iframe: https://videoplayer.betfair.es/GetPlayer.do?eID=35232966&contentType=viz&contentView=mstats&statsToggle=hide&contentOnly=true
19:24:23 [DEBUG] [wolfsburgo-femenino-juventus-fc-w-apuestas-3510554] → Extrayendo estadísticas del partido...
19:24:23 [DEBUG]   → Extrayendo eventId del HTML...
19:24:23 [DEBUG] Betfair event ID extraído del HTML: 35105544
19:24:23 [DEBUG] Consultando videoplayer: https://videoplayer.betfair.es/GetPlayer.do?eID=35105544&contentType=viz&contentView=mstats
19:24:24 [ERROR] Error consultando videoplayer endpoint: 404 Client Error:  for url: https://videoplayer.betfair.es/GetPlayer.do?eID=35105544&contentType=viz&contentView=mstats
19:24:24 [WARNING]   × No se pudo extraer eventId - partido sin estadísticas Opta
19:24:24 [INFO]   → Intentando fallback: extracción desde iframe de visualización...
19:24:24 [DEBUG]   → Extrayendo stats del iframe: https://videoplayer.betfair.es/GetPlayer.do?eID=35105544&contentType=viz&contentView=mstats&statsToggle=hide&contentOnly=true
19:24:33 [INFO]   ✓ Estadísticas del iframe capturadas: 6 campos
19:24:33 [INFO]   ✓ Fallback exitoso: 6 campos capturados desde iframe
19:24:33 [DEBUG] [al-hazm-ksa-al-akhdoud-apuestas-35232966] → Extrayendo volumen matched...
19:24:33 [WARNING]   × Timeout esperando estadísticas del iframe
19:24:33 [WARNING]   × Fallback del iframe no capturó estadísticas
19:24:33 [DEBUG] [al-quadisiya-ksa-neom-sports-club-apuestas-3524103] → Extrayendo volumen matched...
19:24:34 [WARNING]   × Timeout esperando estadísticas del iframe
19:24:34 [WARNING]   × Fallback del iframe no capturó estadísticas
19:24:34 [DEBUG] [wolfsburgo-femenino-juventus-fc-w-apuestas-3510554] → Extrayendo volumen matched...
19:24:45 [DEBUG] [al-hazm-ksa-al-akhdoud-apuestas-35232966] → Extrayendo momentum...
19:24:45 [DEBUG]   → Buscando URL del iframe de stats para Momentum...
19:24:46 [DEBUG] [al-quadisiya-ksa-neom-sports-club-apuestas-3524103] → Extrayendo momentum...
19:24:46 [DEBUG]   → Buscando URL del iframe de stats para Momentum...
19:24:47 [DEBUG] [wolfsburgo-femenino-juventus-fc-w-apuestas-3510554] → Extrayendo momentum...
19:24:47 [DEBUG]   → Buscando URL del iframe de stats para Momentum...
19:24:51 [DEBUG]   × No se encontró URL del iframe de stats
19:24:51 [INFO] ✓ [al-hazm-ksa-al-akhdoud-apuestas-35232966] Captura exitosa: descanso, min , 1-1
19:24:51 [DEBUG]   × No se encontró URL del iframe de stats
19:24:51 [INFO] ✓ [al-quadisiya-ksa-neom-sports-club-apuestas-3524103] Captura exitosa: descanso, min , 0-0
19:24:53 [DEBUG]   × No se encontró URL del iframe de stats
19:24:53 [INFO] ✓ [wolfsburgo-femenino-juventus-fc-w-apuestas-3510554] Captura exitosa: en_juego, min 38, 0-1
19:24:53 [INFO] ✓ Captura paralela completada en 47.3s (3/3 exitosos)
19:24:53 [WARNING] Ciclo tardó 47.3s (> 30s). Iniciando siguiente ciclo inmediatamente.
19:24:53 [INFO] 
--- Ciclo #2 ---
19:24:53 [INFO] 📸 Capturando 3 partidos en paralelo...
19:24:54 [DEBUG] ✓ Actualizar clickeado: wolfsburgo-femenino-juventus-fc-w-apuestas-3510554
19:24:54 [DEBUG] ✓ Actualizar clickeado: al-quadisiya-ksa-neom-sports-club-apuestas-3524103
19:24:54 [DEBUG] ✓ Actualizar clickeado: al-hazm-ksa-al-akhdoud-apuestas-35232966
19:24:54 [DEBUG] [wolfsburgo-femenino-juventus-fc-w-apuestas-3510554] → Extrayendo información del partido...
19:24:54 [DEBUG] [al-quadisiya-ksa-neom-sports-club-apuestas-3524103] → Extrayendo información del partido...
19:24:54 [DEBUG] [al-hazm-ksa-al-akhdoud-apuestas-35232966] → Extrayendo información del partido...
19:25:01 [DEBUG]   ✓ Estado detectado: DESCANSO (CSS: 'Descanso')
19:25:01 [DEBUG]   ✓ Estado detectado: DESCANSO (CSS: 'Descanso')
19:25:01 [DEBUG] [al-quadisiya-ksa-neom-sports-club-apuestas-3524103] → Extrayendo cuotas Match Odds...
19:25:01 [DEBUG] [al-hazm-ksa-al-akhdoud-apuestas-35232966] → Extrayendo cuotas Match Odds...
19:25:02 [DEBUG] [wolfsburgo-femenino-juventus-fc-w-apuestas-3510554] → Extrayendo cuotas Match Odds...
19:25:03 [DEBUG] [al-quadisiya-ksa-neom-sports-club-apuestas-3524103] → Extrayendo cuotas Over/Under...
19:25:04 [DEBUG] [al-hazm-ksa-al-akhdoud-apuestas-35232966] → Extrayendo cuotas Over/Under...
19:25:04 [DEBUG] [wolfsburgo-femenino-juventus-fc-w-apuestas-3510554] → Extrayendo cuotas Over/Under...
19:25:06 [DEBUG] [al-hazm-ksa-al-akhdoud-apuestas-35232966] → Extrayendo cuotas Resultado Correcto...
19:25:06 [DEBUG] [al-quadisiya-ksa-neom-sports-club-apuestas-3524103] → Extrayendo cuotas Resultado Correcto...
19:25:07 [DEBUG] [wolfsburgo-femenino-juventus-fc-w-apuestas-3510554] → Extrayendo cuotas Resultado Correcto...
19:25:09 [DEBUG] [al-quadisiya-ksa-neom-sports-club-apuestas-3524103] → Extrayendo estadísticas del partido...
19:25:09 [DEBUG]   → Extrayendo eventId del HTML...
19:25:09 [DEBUG] [al-hazm-ksa-al-akhdoud-apuestas-35232966] → Extrayendo estadísticas del partido...
19:25:09 [DEBUG]   → Extrayendo eventId del HTML...
19:25:09 [DEBUG] Betfair event ID extraído del HTML: 35241036
19:25:09 [DEBUG] Consultando videoplayer: https://videoplayer.betfair.es/GetPlayer.do?eID=35241036&contentType=viz&contentView=mstats
19:25:09 [DEBUG] Betfair event ID extraído del HTML: 35232966
19:25:09 [DEBUG] Consultando videoplayer: https://videoplayer.betfair.es/GetPlayer.do?eID=35232966&contentType=viz&contentView=mstats
19:25:10 [ERROR] Error consultando videoplayer endpoint: 404 Client Error:  for url: https://videoplayer.betfair.es/GetPlayer.do?eID=35241036&contentType=viz&contentView=mstats
19:25:10 [WARNING]   × No se pudo extraer eventId - partido sin estadísticas Opta
19:25:10 [INFO]   → Intentando fallback: extracción desde iframe de visualización...
19:25:10 [DEBUG]   → Extrayendo stats del iframe: https://videoplayer.betfair.es/GetPlayer.do?eID=35241036&contentType=viz&contentView=mstats&statsToggle=hide&contentOnly=true
19:25:10 [WARNING] No se encontró eventId de Opta en la respuesta del videoplayer
19:25:10 [WARNING]   × No se pudo extraer eventId - partido sin estadísticas Opta
19:25:10 [INFO]   → Intentando fallback: extracción desde iframe de visualización...
19:25:10 [DEBUG]   → Extrayendo stats del iframe: https://videoplayer.betfair.es/GetPlayer.do?eID=35232966&contentType=viz&contentView=mstats&statsToggle=hide&contentOnly=true
19:25:10 [DEBUG] [wolfsburgo-femenino-juventus-fc-w-apuestas-3510554] → Extrayendo estadísticas del partido...
19:25:10 [DEBUG]   → Extrayendo eventId del HTML...
19:25:10 [DEBUG] Betfair event ID extraído del HTML: 35105544
19:25:10 [DEBUG] Consultando videoplayer: https://videoplayer.betfair.es/GetPlayer.do?eID=35105544&contentType=viz&contentView=mstats
19:25:11 [ERROR] Error consultando videoplayer endpoint: 404 Client Error:  for url: https://videoplayer.betfair.es/GetPlayer.do?eID=35105544&contentType=viz&contentView=mstats
19:25:11 [WARNING]   × No se pudo extraer eventId - partido sin estadísticas Opta
19:25:11 [INFO]   → Intentando fallback: extracción desde iframe de visualización...
19:25:11 [DEBUG]   → Extrayendo stats del iframe: https://videoplayer.betfair.es/GetPlayer.do?eID=35105544&contentType=viz&contentView=mstats&statsToggle=hide&contentOnly=true
