21:24:47 [INFO] \U0001f4dd Log guard·ndose en: logs/scraper_20260212_212447.log
21:24:47 [INFO] Cargados 10 partidos desde games.csv
21:24:47 [INFO] \U0001f4c5 MODO SCHEDULING ACTIVADO
21:24:47 [INFO]    Ventana tracking: 10 min antes \u2192 150 min despuÈs
21:24:47 [INFO]    Total en CSV: 10 partidos
21:24:47 [INFO]    \u2713 Partidos activos ahora: 5
21:24:47 [INFO]    \u23f0 Partidos futuros: 2
21:24:47 [INFO]    \u2705 Partidos finalizados: 3
21:24:47 [INFO] 
\U0001f4cb PrÛximos partidos a trackear:
21:24:47 [INFO]       Athletico-PR - Santos (en 95 min)
21:24:47 [INFO]       Tigre - Aldosivi (en 95 min)
21:24:47 [INFO] \U0001f680 Sistema multi-driver: Creando 5 drivers independientes (sin lÌmite de tabs)
21:24:47 [INFO] 
Iniciando observador con 5 partidos.
21:24:47 [INFO] Ciclo: 30s | Output: data/
21:24:47 [INFO] \U0001f504 Recarga din·mica: Revisando games.csv cada 5 ciclos (scheduling)
21:24:47 [INFO] \U0001f9f9 Limpiando ventanas Betfair antiguas...
21:24:47 [WARNING] Script de limpieza no encontrado: C:\Users\agonz\OneDrive\Documents\Proyectos\Furbo\betfair_scraper\close_betfair_windows.ps1
21:24:47 [INFO] Cargados 10 partidos desde games.csv
21:24:47 [INFO] 
\U0001f680 Iniciando 5 drivers Chrome (sistema multi-driver paralelo)...
21:24:47 [INFO] \U0001f527 Creando driver de login: Sion - FC Basel
21:24:47 [INFO] \U0001f527 Creando driver para: Sion - FC Basel
21:24:54 [INFO] \u2713 Cookies aceptadas autom·ticamente
21:24:55 [INFO] \u2713 Driver listo: sion-fc-basel-apuestas-35234028
21:24:55 [INFO] ============================================================
21:24:55 [INFO] HAZ LOGIN MANUAL en Betfair.es ahora.
21:24:55 [INFO] Tienes 0 segundos...
21:24:55 [INFO] El scraper comenzar· autom·ticamente despuÈs.
21:24:55 [INFO] ============================================================
21:24:55 [INFO] \U0001f527 Creando 4 drivers adicionales en paralelo...
21:24:55 [INFO] \U0001f527 Creando driver para: Thun - Lausanne
21:24:55 [INFO] \U0001f527 Creando driver para: AtlÈtico de Madrid Femenino - Manchester United Fe
21:24:55 [INFO] \U0001f527 Creando driver para: AtlÈtico de Madrid - FC Barcelona
21:24:55 [INFO] \U0001f527 Creando driver para: Brentford - Arsenal
21:25:01 [INFO] \u2713 Cookies aceptadas autom·ticamente
21:25:02 [INFO] \u2713 Cookies aceptadas autom·ticamente
21:25:02 [INFO] \u2713 Driver listo: atl%C3%A9tico-de-madrid-fc-barcelona-apuestas-3523
21:25:03 [INFO] \u2713 Driver listo: brentford-arsenal-apuestas-35212180
21:25:03 [INFO] \u2713 Cookies aceptadas autom·ticamente
21:25:04 [INFO] \u2713 Driver listo: atl%C3%A9tico-de-madrid-femenino-manchester-united
21:25:09 [INFO] \u2713 Cookies aceptadas autom·ticamente
21:25:10 [INFO] \u2713 Driver listo: thun-lausanne-apuestas-35244305
21:25:10 [INFO] \u2713 5 drivers creados exitosamente
21:25:10 [INFO] ============================================================
21:25:10 [INFO] CAPTURA INICIADA - Presiona Ctrl+C para detener
21:25:10 [INFO] ============================================================
21:25:10 [INFO] 
--- Ciclo #1 ---
21:25:10 [INFO] \U0001f4f8 Capturando 5 partidos en paralelo...
21:25:11 [DEBUG] \u2713 Actualizar clickeado: thun-lausanne-apuestas-35244305
21:25:11 [DEBUG] \u2713 Actualizar clickeado: sion-fc-basel-apuestas-35234028
21:25:11 [DEBUG] \u2713 Actualizar clickeado: brentford-arsenal-apuestas-35212180
21:25:11 [DEBUG] \u2713 Actualizar clickeado: atl%C3%A9tico-de-madrid-fc-barcelona-apuestas-3523
21:25:11 [DEBUG] \u2713 Actualizar clickeado: atl%C3%A9tico-de-madrid-femenino-manchester-united
21:25:11 [DEBUG] [thun-lausanne-apuestas-35244305] \u2192 Extrayendo informaciÛn del partido...
21:25:11 [DEBUG] [sion-fc-basel-apuestas-35234028] \u2192 Extrayendo informaciÛn del partido...
21:25:11 [DEBUG] [brentford-arsenal-apuestas-35212180] \u2192 Extrayendo informaciÛn del partido...
21:25:11 [DEBUG] [atl%C3%A9tico-de-madrid-fc-barcelona-apuestas-3523] \u2192 Extrayendo informaciÛn del partido...
21:25:11 [DEBUG] [atl%C3%A9tico-de-madrid-femenino-manchester-united] \u2192 Extrayendo informaciÛn del partido...
21:25:18 [DEBUG]   \u2713 Estado detectado: DESCANSO (CSS: 'Descanso')
21:25:18 [DEBUG] [thun-lausanne-apuestas-35244305] \u2192 Extrayendo cuotas Match Odds...
21:25:18 [DEBUG]   \u2713 Estado detectado: DESCANSO (CSS: 'Descanso')
21:25:18 [DEBUG] [sion-fc-basel-apuestas-35234028] \u2192 Extrayendo cuotas Match Odds...
21:25:19 [DEBUG] [atl%C3%A9tico-de-madrid-femenino-manchester-united] \u2192 Extrayendo cuotas Match Odds...
21:25:20 [DEBUG] [brentford-arsenal-apuestas-35212180] \u2192 Extrayendo cuotas Match Odds...
21:25:20 [DEBUG] [atl%C3%A9tico-de-madrid-fc-barcelona-apuestas-3523] \u2192 Extrayendo cuotas Match Odds...
21:25:21 [DEBUG] [thun-lausanne-apuestas-35244305] \u2192 Extrayendo cuotas Over/Under...
21:25:21 [DEBUG] [sion-fc-basel-apuestas-35234028] \u2192 Extrayendo cuotas Over/Under...
21:25:22 [DEBUG] [atl%C3%A9tico-de-madrid-femenino-manchester-united] \u2192 Extrayendo cuotas Over/Under...
21:25:22 [DEBUG] [atl%C3%A9tico-de-madrid-fc-barcelona-apuestas-3523] \u2192 Extrayendo cuotas Over/Under...
21:25:22 [DEBUG] [brentford-arsenal-apuestas-35212180] \u2192 Extrayendo cuotas Over/Under...
21:25:24 [DEBUG] [thun-lausanne-apuestas-35244305] \u2192 Extrayendo cuotas Resultado Correcto...
21:25:24 [DEBUG] [sion-fc-basel-apuestas-35234028] \u2192 Extrayendo cuotas Resultado Correcto...
21:25:25 [DEBUG] [atl%C3%A9tico-de-madrid-femenino-manchester-united] \u2192 Extrayendo cuotas Resultado Correcto...
21:25:25 [DEBUG] [atl%C3%A9tico-de-madrid-fc-barcelona-apuestas-3523] \u2192 Extrayendo cuotas Resultado Correcto...
21:25:25 [DEBUG] [brentford-arsenal-apuestas-35212180] \u2192 Extrayendo cuotas Resultado Correcto...
21:25:27 [DEBUG] [thun-lausanne-apuestas-35244305] \u2192 Extrayendo estadÌsticas del partido...
21:25:27 [DEBUG]   \u2192 Extrayendo eventId del HTML...
21:25:27 [DEBUG] Betfair event ID extraÌdo del HTML: 35244305
21:25:27 [DEBUG] Consultando videoplayer: https://videoplayer.betfair.es/GetPlayer.do?eID=35244305&contentType=viz&contentView=mstats
21:25:27 [DEBUG] [sion-fc-basel-apuestas-35234028] \u2192 Extrayendo estadÌsticas del partido...
21:25:27 [DEBUG]   \u2192 Extrayendo eventId del HTML...
21:25:28 [DEBUG] Betfair event ID extraÌdo del HTML: 35234028
21:25:28 [DEBUG] Consultando videoplayer: https://videoplayer.betfair.es/GetPlayer.do?eID=35234028&contentType=viz&contentView=mstats
21:25:28 [INFO] EventId de Opta extraÌdo: bp7jffdb5v1x5ksth1cngff2s
21:25:28 [DEBUG]   \u2713 EventId extraÌdo: bp7jffdb5v1x5ksth1cngff2s
21:25:28 [DEBUG]   \u2192 Obteniendo estadÌsticas de la API...
21:25:28 [INFO] \U0001f4ca Obteniendo todas las estadÌsticas para eventId: bp7jffdb5v1x5ksth1cngff2s
21:25:28 [INFO] EventId de Opta extraÌdo: bomuidcdl673b8rje49cbj40k
21:25:28 [DEBUG]   \u2713 EventId extraÌdo: bomuidcdl673b8rje49cbj40k
21:25:28 [DEBUG]   \u2192 Obteniendo estadÌsticas de la API...
21:25:28 [INFO] \U0001f4ca Obteniendo todas las estadÌsticas para eventId: bomuidcdl673b8rje49cbj40k
21:25:28 [DEBUG] [atl%C3%A9tico-de-madrid-femenino-manchester-united] \u2192 Extrayendo estadÌsticas del partido...
21:25:28 [DEBUG]   \u2192 Extrayendo eventId del HTML...
21:25:28 [DEBUG] [atl%C3%A9tico-de-madrid-fc-barcelona-apuestas-3523] \u2192 Extrayendo estadÌsticas del partido...
21:25:28 [DEBUG]   \u2192 Extrayendo eventId del HTML...
21:25:28 [DEBUG] Betfair event ID extraÌdo del HTML: 35105541
21:25:28 [DEBUG] Consultando videoplayer: https://videoplayer.betfair.es/GetPlayer.do?eID=35105541&contentType=viz&contentView=mstats
21:25:28 [DEBUG] Betfair event ID extraÌdo del HTML: 35238124
21:25:28 [DEBUG] Consultando videoplayer: https://videoplayer.betfair.es/GetPlayer.do?eID=35238124&contentType=viz&contentView=mstats
21:25:29 [DEBUG] [brentford-arsenal-apuestas-35212180] \u2192 Extrayendo estadÌsticas del partido...
21:25:29 [DEBUG]   \u2192 Extrayendo eventId del HTML...
21:25:29 [DEBUG] \u2705 Summary stats obtenidas para bp7jffdb5v1x5ksth1cngff2s
21:25:29 [DEBUG] Betfair event ID extraÌdo del HTML: 35212180
21:25:29 [DEBUG] Consultando videoplayer: https://videoplayer.betfair.es/GetPlayer.do?eID=35212180&contentType=viz&contentView=mstats
21:25:29 [ERROR] Error consultando videoplayer endpoint: 404 Client Error:  for url: https://videoplayer.betfair.es/GetPlayer.do?eID=35105541&contentType=viz&contentView=mstats
21:25:29 [INFO] EventId de Opta extraÌdo: 1z8gknoiuoiuh7z1mto3je9ec
21:25:29 [WARNING]   ◊ No se pudo extraer eventId - partido sin estadÌsticas Opta
21:25:29 [DEBUG]   \u2713 EventId extraÌdo: 1z8gknoiuoiuh7z1mto3je9ec
21:25:29 [DEBUG]   \u2192 Obteniendo estadÌsticas de la API...
21:25:29 [INFO] \U0001f4ca Obteniendo todas las estadÌsticas para eventId: 1z8gknoiuoiuh7z1mto3je9ec
21:25:29 [INFO]   \u2192 Extrayendo stats del iframe (fallback): eID=35105541
21:25:29 [DEBUG] \u2705 Summary stats obtenidas para bomuidcdl673b8rje49cbj40k
21:25:30 [INFO] EventId de Opta extraÌdo: 3ta3lmi2yhygyqebvoqytbf2s
21:25:30 [DEBUG]   \u2713 EventId extraÌdo: 3ta3lmi2yhygyqebvoqytbf2s
21:25:30 [DEBUG]   \u2192 Obteniendo estadÌsticas de la API...
21:25:30 [INFO] \U0001f4ca Obteniendo todas las estadÌsticas para eventId: 3ta3lmi2yhygyqebvoqytbf2s
21:25:30 [DEBUG] No se encontrÛ datos de momentum
21:25:30 [DEBUG] \u2705 Summary stats obtenidas para 1z8gknoiuoiuh7z1mto3je9ec
21:25:31 [DEBUG] No se encontrÛ datos de momentum
21:25:31 [DEBUG] \u2705 Summary stats obtenidas para 3ta3lmi2yhygyqebvoqytbf2s
21:25:31 [DEBUG] No se encontrÛ teamStatsAttackingLv
21:25:32 [DEBUG] No se encontrÛ datos de momentum
21:25:32 [DEBUG] No se encontrÛ teamStatsAttackingLv
21:25:32 [DEBUG] No se encontrÛ datos de momentum
21:25:32 [DEBUG] No se encontrÛ teamStatsDefenceLv
21:25:32 [DEBUG] No se encontrÛ teamStatsAttackingLv
21:25:33 [DEBUG] No se encontrÛ teamStatsDefenceLv
21:25:33 [DEBUG] No se encontrÛ teamStatsAttackingLv
21:25:33 [DEBUG] No se encontrÛ teamStatsXgLv ni xgData
21:25:33 [INFO] \u2705 EstadÌsticas obtenidas: 1/5 endpoints
21:25:33 [DEBUG]   \u2192 Mapeando estadÌsticas...
21:25:33 [INFO]   \u2713 EstadÌsticas capturadas vÌa API: 28/66 campos
21:25:33 [DEBUG]     \u2192 xG: 1.1378-0.6811, Corners: 3-2
21:25:33 [DEBUG] [thun-lausanne-apuestas-35244305] \u2192 Extrayendo volumen matched...
21:25:34 [DEBUG] No se encontrÛ teamStatsDefenceLv
21:25:34 [DEBUG] No se encontrÛ teamStatsXgLv ni xgData
21:25:34 [INFO] \u2705 EstadÌsticas obtenidas: 1/5 endpoints
21:25:34 [DEBUG]   \u2192 Mapeando estadÌsticas...
21:25:34 [INFO]   \u2713 EstadÌsticas capturadas vÌa API: 28/66 campos
21:25:34 [DEBUG]     \u2192 xG: 0.8054-0.3411, Corners: 2-3
21:25:34 [DEBUG] [sion-fc-basel-apuestas-35234028] \u2192 Extrayendo volumen matched...
21:25:34 [DEBUG] No se encontrÛ teamStatsDefenceLv
2-3
21:25:34 [DEBUG] [sion-fc-basel-apuestas-35234028] ‚Üí Extrayendo volumen matched...
21:25:34 [DEBUG] No se encontr√≥ teamStatsDefenceLv
