23:01:57 [INFO] \U0001f4dd Log guard·ndose en: logs/scraper_20260210_230157.log
23:01:57 [INFO] Cargados 20 partidos desde games.csv
23:01:57 [INFO] \U0001f4c5 MODO SCHEDULING ACTIVADO
23:01:57 [INFO]    Ventana tracking: 10 min antes \u2192 150 min despuÈs
23:01:57 [INFO]    Total en CSV: 20 partidos
23:01:57 [INFO]    \u2713 Partidos activos ahora: 13
23:01:57 [INFO]    \u23f0 Partidos futuros: 3
23:01:57 [INFO]    \u2705 Partidos finalizados: 4
23:01:57 [INFO] 
\U0001f4cb PrÛximos partidos a trackear:
23:01:57 [INFO]       Deportivo Tachira - The Strongest (en 148 min)
23:01:57 [INFO]       EC Vitoria Salvador - Flamengo (en 148 min)
23:01:57 [INFO]       Pumas U.N.A.M. - San Diego FC (en 178 min)
23:01:57 [WARNING] \u26a0\ufe0f 13 partidos activos excede --max-tabs=8. Abriendo primeros 8, el resto rotar·.
23:01:57 [INFO] 
Iniciando observador con 8 partidos.
23:01:57 [INFO] Ciclo: 30s | Output: data/
23:01:57 [INFO] \U0001f504 Recarga din·mica: Revisando games.csv cada 1 ciclos (scheduling)
23:01:57 [INFO] Cargados 20 partidos desde games.csv
23:01:57 [INFO] 
\U0001f680 Iniciando 13 drivers Chrome (sistema multi-driver paralelo)...
23:01:57 [INFO] \U0001f527 Creando driver de login: West Ham - Manchester United
23:01:57 [INFO] \U0001f527 Creando driver para: West Ham - Manchester United
23:02:05 [INFO] \u2713 Cookies aceptadas autom·ticamente
23:02:06 [INFO] \u2713 Driver listo: west-ham-manchester-united-apuestas-35212135
23:02:06 [INFO] ============================================================
23:02:06 [INFO] HAZ LOGIN MANUAL en Betfair.es ahora.
23:02:06 [INFO] Tienes 30 segundos...
23:02:06 [INFO] El scraper comenzar· autom·ticamente despuÈs.
23:02:06 [INFO] ============================================================
23:02:06 [INFO]   Comenzando en 30s...
23:02:16 [INFO]   Comenzando en 20s...
23:02:26 [INFO]   Comenzando en 10s...
23:02:36 [INFO] \U0001f527 Creando 12 drivers adicionales en paralelo...
23:02:36 [INFO] \U0001f527 Creando driver para: Hertha BerlÌn - Friburgo
23:02:36 [INFO] \U0001f527 Creando driver para: N·poles - Como
23:02:36 [INFO] \U0001f527 Creando driver para: Birmingham - West Bromwich
23:02:36 [INFO] \U0001f527 Creando driver para: Leicester - Southampton
23:02:36 [INFO] \U0001f527 Creando driver para: Oxford United - Norwich
23:02:36 [INFO] \U0001f527 Creando driver para: Annan - Dumbarton
23:02:36 [INFO] \U0001f527 Creando driver para: Clyde - Elgin City FC
23:02:36 [INFO] \U0001f527 Creando driver para: Crawley - Cambridge United
23:02:44 [INFO] \u2713 Cookies aceptadas autom·ticamente
23:02:45 [INFO] \u2713 Driver listo: clyde-elgin-city-fc-apuestas-35213453
23:02:45 [INFO] \U0001f527 Creando driver para: Mansfield - Peterborough
23:02:48 [INFO] \u2713 Cookies aceptadas autom·ticamente
23:02:49 [INFO] \u2713 Driver listo: hertha-berl%C3%ADn-friburgo-apuestas-35060079
23:02:49 [INFO] \U0001f527 Creando driver para: Shrewsbury - Barrow
23:02:50 [INFO] \u2713 Cookies aceptadas autom·ticamente
23:02:51 [INFO] \u2713 Driver listo: n%C3%A1poles-como-apuestas-35199124
23:02:51 [INFO] \U0001f527 Creando driver para: Wigan - Reading
23:02:51 [INFO] \u2713 Cookies aceptadas autom·ticamente
23:02:52 [INFO] \u2713 Cookies aceptadas autom·ticamente
23:02:52 [INFO] \u2713 Driver listo: leicester-southampton-apuestas-35239402
23:02:52 [INFO] \U0001f527 Creando driver para: Hearts - Hibernian
23:02:53 [INFO] \u2713 Driver listo: annan-dumbarton-apuestas-35213339
23:02:54 [INFO] \u2713 Cookies aceptadas autom·ticamente
23:02:54 [INFO] \u2713 Cookies aceptadas autom·ticamente
23:02:55 [INFO] \u2713 Driver listo: crawley-cambridge-united-apuestas-35234804
23:02:55 [INFO] \u2713 Driver listo: birmingham-west-bromwich-apuestas-35239405
23:02:57 [INFO] \u2713 Cookies aceptadas autom·ticamente
23:02:57 [INFO] \u2713 Cookies aceptadas autom·ticamente
23:02:58 [INFO] \u2713 Driver listo: oxford-united-norwich-apuestas-35239430
23:02:58 [INFO] \u2713 Driver listo: mansfield-peterborough-apuestas-35236568
23:02:59 [INFO] \u2713 Cookies aceptadas autom·ticamente
23:03:00 [INFO] \u2713 Driver listo: shrewsbury-barrow-apuestas-35234799
23:03:03 [INFO] \u2713 Cookies aceptadas autom·ticamente
23:03:04 [INFO] \u2713 Driver listo: wigan-reading-apuestas-35235288
