20:54:06 [INFO] 📝 Log guardándose en: logs/scraper_20260212_205406.log
20:54:06 [INFO] Cargados 10 partidos desde games.csv
20:54:06 [INFO] 📅 MODO SCHEDULING ACTIVADO
20:54:06 [INFO]    Ventana tracking: 10 min antes → 150 min después
20:54:06 [INFO]    Total en CSV: 10 partidos
20:54:06 [INFO]    ✓ Partidos activos ahora: 8
20:54:06 [INFO]    ⏰ Partidos futuros: 2
20:54:06 [INFO]    ✅ Partidos finalizados: 0
20:54:06 [INFO] 
📋 Próximos partidos a trackear:
20:54:06 [INFO]       Athletico-PR - Santos (en 126 min)
20:54:06 [INFO]       Tigre - Aldosivi (en 126 min)
20:54:06 [INFO] 🚀 Sistema multi-driver: Creando 8 drivers independientes (sin límite de tabs)
20:54:06 [INFO] 
Iniciando observador con 8 partidos.
20:54:06 [INFO] Ciclo: 30s | Output: data/
20:54:06 [INFO] 🔄 Recarga dinámica: Revisando games.csv cada 5 ciclos (scheduling)
20:54:06 [INFO] 🧹 Limpiando ventanas Betfair antiguas...
20:54:06 [WARNING] Script de limpieza no encontrado: C:\Users\agonz\OneDrive\Documents\Proyectos\Furbo\betfair_scraper\close_betfair_windows.ps1
20:54:06 [INFO] Cargados 10 partidos desde games.csv
20:54:06 [INFO] 
🚀 Iniciando 8 drivers Chrome (sistema multi-driver paralelo)...
20:54:06 [INFO] 🔧 Creando driver de login: Al-Hazm (KSA) - Al-Akhdoud
20:54:06 [INFO] 🔧 Creando driver para: Al-Hazm (KSA) - Al-Akhdoud
20:54:12 [INFO] ✓ Cookies aceptadas automáticamente
20:54:13 [INFO] ✓ Driver listo: al-hazm-ksa-al-akhdoud-apuestas-35232966
20:54:13 [INFO] ============================================================
20:54:13 [INFO] HAZ LOGIN MANUAL en Betfair.es ahora.
20:54:13 [INFO] Tienes 0 segundos...
20:54:13 [INFO] El scraper comenzará automáticamente después.
20:54:13 [INFO] ============================================================
20:54:13 [INFO] 🔧 Creando 7 drivers adicionales en paralelo...
20:54:13 [INFO] 🔧 Creando driver para: Al-Quadisiya (KSA) - NEOM Sports Club
20:54:13 [INFO] 🔧 Creando driver para: Wolfsburgo Femenino - Juventus FC Femenino
20:54:13 [INFO] 🔧 Creando driver para: Sion - FC Basel
20:54:13 [INFO] 🔧 Creando driver para: Thun - Lausanne
20:54:13 [INFO] 🔧 Creando driver para: Atlético de Madrid Femenino - Manchester United Fe
20:54:13 [INFO] 🔧 Creando driver para: Atlético de Madrid - FC Barcelona
20:54:13 [INFO] 🔧 Creando driver para: Brentford - Arsenal
20:54:22 [INFO] ✓ Cookies aceptadas automáticamente
20:54:23 [INFO] ✓ Driver listo: atl%C3%A9tico-de-madrid-fc-barcelona-apuestas-3523
20:54:24 [INFO] ✓ Cookies aceptadas automáticamente
20:54:24 [INFO] ✓ Cookies aceptadas automáticamente
20:54:24 [INFO] ✓ Cookies aceptadas automáticamente
20:54:24 [INFO] ✓ Cookies aceptadas automáticamente
20:54:25 [INFO] ✓ Driver listo: atl%C3%A9tico-de-madrid-femenino-manchester-united
20:54:25 [INFO] ✓ Driver listo: al-quadisiya-ksa-neom-sports-club-apuestas-3524103
20:54:25 [INFO] ✓ Driver listo: wolfsburgo-femenino-juventus-fc-w-apuestas-3510554
20:54:25 [INFO] ✓ Driver listo: thun-lausanne-apuestas-35244305
20:54:27 [INFO] ✓ Cookies aceptadas automáticamente
20:54:28 [INFO] ✓ Driver listo: brentford-arsenal-apuestas-35212180
20:54:28 [INFO] ✓ Cookies aceptadas automáticamente
20:54:29 [INFO] ✓ Driver listo: sion-fc-basel-apuestas-35234028
20:54:29 [INFO] ✓ 8 drivers creados exitosamente
20:54:29 [INFO] ============================================================
20:54:29 [INFO] CAPTURA INICIADA - Presiona Ctrl+C para detener
20:54:29 [INFO] ============================================================
20:54:29 [INFO] 
--- Ciclo #1 ---
20:54:29 [INFO] 📸 Capturando 8 partidos en paralelo...
20:54:30 [DEBUG] ✓ Actualizar clickeado: atl%C3%A9tico-de-madrid-femenino-manchester-united
20:54:30 [DEBUG] ✓ Actualizar clickeado: thun-lausanne-apuestas-35244305
20:54:30 [DEBUG] ✓ Actualizar clickeado: brentford-arsenal-apuestas-35212180
20:54:30 [DEBUG] ✓ Actualizar clickeado: atl%C3%A9tico-de-madrid-fc-barcelona-apuestas-3523
20:54:30 [DEBUG] ✓ Actualizar clickeado: sion-fc-basel-apuestas-35234028
20:54:30 [DEBUG] [atl%C3%A9tico-de-madrid-femenino-manchester-united] → Extrayendo información del partido...
20:54:30 [DEBUG] [thun-lausanne-apuestas-35244305] → Extrayendo información del partido...
20:54:30 [DEBUG] [brentford-arsenal-apuestas-35212180] → Extrayendo información del partido...
20:54:30 [DEBUG] [atl%C3%A9tico-de-madrid-fc-barcelona-apuestas-3523] → Extrayendo información del partido...
20:54:30 [DEBUG] [sion-fc-basel-apuestas-35234028] → Extrayendo información del partido...
20:54:37 [DEBUG] [wolfsburgo-femenino-juventus-fc-w-apuestas-3510554] → Extrayendo información del partido...
20:54:37 [DEBUG] [al-quadisiya-ksa-neom-sports-club-apuestas-3524103] → Extrayendo información del partido...
20:54:37 [DEBUG] [al-hazm-ksa-al-akhdoud-apuestas-35232966] → Extrayendo información del partido...
20:54:39 [DEBUG] [sion-fc-basel-apuestas-35234028] → Extrayendo cuotas Match Odds...
20:54:40 [DEBUG] [thun-lausanne-apuestas-35244305] → Extrayendo cuotas Match Odds...
20:54:41 [DEBUG] [sion-fc-basel-apuestas-35234028] → Extrayendo cuotas Over/Under...
20:54:43 [DEBUG] [thun-lausanne-apuestas-35244305] → Extrayendo cuotas Over/Under...
20:54:44 [DEBUG] [sion-fc-basel-apuestas-35234028] → Extrayendo cuotas Resultado Correcto...
20:54:46 [DEBUG] [thun-lausanne-apuestas-35244305] → Extrayendo cuotas Resultado Correcto...
20:54:48 [DEBUG] [sion-fc-basel-apuestas-35234028] → Extrayendo estadísticas del partido...
20:54:48 [DEBUG]   → Extrayendo eventId del HTML...
20:54:48 [DEBUG] Betfair event ID extraído del HTML: 35234028
20:54:48 [DEBUG] Consultando videoplayer: https://videoplayer.betfair.es/GetPlayer.do?eID=35234028&contentType=viz&contentView=mstats
20:54:48 [DEBUG] [atl%C3%A9tico-de-madrid-femenino-manchester-united] → Extrayendo cuotas Match Odds...
20:54:48 [DEBUG] [atl%C3%A9tico-de-madrid-fc-barcelona-apuestas-3523] → Extrayendo cuotas Match Odds...
20:54:48 [INFO] EventId de Opta extraído: bomuidcdl673b8rje49cbj40k
20:54:48 [DEBUG]   ✓ EventId extraído: bomuidcdl673b8rje49cbj40k
20:54:48 [DEBUG]   → Obteniendo estadísticas de la API...
20:54:48 [INFO] 📊 Obteniendo todas las estadísticas para eventId: bomuidcdl673b8rje49cbj40k
20:54:49 [DEBUG] [brentford-arsenal-apuestas-35212180] → Extrayendo cuotas Match Odds...
20:54:49 [DEBUG] [thun-lausanne-apuestas-35244305] → Extrayendo estadísticas del partido...
20:54:49 [DEBUG]   → Extrayendo eventId del HTML...
20:54:49 [DEBUG] Betfair event ID extraído del HTML: 35244305
20:54:49 [DEBUG] Consultando videoplayer: https://videoplayer.betfair.es/GetPlayer.do?eID=35244305&contentType=viz&contentView=mstats
20:54:49 [DEBUG] ✅ Summary stats obtenidas para bomuidcdl673b8rje49cbj40k
20:54:49 [INFO] EventId de Opta extraído: bp7jffdb5v1x5ksth1cngff2s
20:54:49 [DEBUG]   ✓ EventId extraído: bp7jffdb5v1x5ksth1cngff2s
20:54:49 [DEBUG]   → Obteniendo estadísticas de la API...
20:54:49 [INFO] 📊 Obteniendo todas las estadísticas para eventId: bp7jffdb5v1x5ksth1cngff2s
20:54:50 [DEBUG] No se encontró datos de momentum
20:54:50 [DEBUG] ✅ Summary stats obtenidas para bp7jffdb5v1x5ksth1cngff2s
20:54:50 [DEBUG] [atl%C3%A9tico-de-madrid-femenino-manchester-united] → Extrayendo cuotas Over/Under...
20:54:50 [DEBUG] [atl%C3%A9tico-de-madrid-fc-barcelona-apuestas-3523] → Extrayendo cuotas Over/Under...
20:54:51 [DEBUG] No se encontró teamStatsAttackingLv
20:54:51 [DEBUG] No se encontró datos de momentum
20:54:51 [DEBUG] [brentford-arsenal-apuestas-35212180] → Extrayendo cuotas Over/Under...
20:54:52 [DEBUG] No se encontró teamStatsDefenceLv
20:54:52 [DEBUG] No se encontró teamStatsAttackingLv
20:54:52 [DEBUG] No se encontró teamStatsXgLv ni xgData
20:54:52 [INFO] ✅ Estadísticas obtenidas: 1/5 endpoints
20:54:52 [DEBUG]   → Mapeando estadísticas...
20:54:52 [INFO]   ✓ Estadísticas capturadas vía API: 28/66 campos
20:54:52 [DEBUG]     → xG: 0.4008-0.1615, Corners: 0-1
20:54:52 [DEBUG] [sion-fc-basel-apuestas-35234028] → Extrayendo volumen matched...
20:54:53 [DEBUG] No se encontró teamStatsDefenceLv
20:54:53 [DEBUG] [atl%C3%A9tico-de-madrid-femenino-manchester-united] → Extrayendo cuotas Resultado Correcto...
20:54:53 [DEBUG] [atl%C3%A9tico-de-madrid-fc-barcelona-apuestas-3523] → Extrayendo cuotas Resultado Correcto...
20:54:53 [DEBUG] No se encontró teamStatsXgLv ni xgData
20:54:53 [INFO] ✅ Estadísticas obtenidas: 1/5 endpoints
20:54:53 [DEBUG]   → Mapeando estadísticas...
20:54:53 [INFO]   ✓ Estadísticas capturadas vía API: 28/66 campos
20:54:53 [DEBUG]     → xG: 0.3885-0.0369, Corners: 1-0
20:54:53 [DEBUG] [thun-lausanne-apuestas-35244305] → Extrayendo volumen matched...
20:54:54 [DEBUG] [brentford-arsenal-apuestas-35212180] → Extrayendo cuotas Resultado Correcto...
20:54:55 [DEBUG] [wolfsburgo-femenino-juventus-fc-w-apuestas-3510554] → Extrayendo cuotas Match Odds...
20:54:55 [DEBUG] [al-hazm-ksa-al-akhdoud-apuestas-35232966] → Extrayendo cuotas Match Odds...
20:54:55 [DEBUG] [al-quadisiya-ksa-neom-sports-club-apuestas-3524103] → Extrayendo cuotas Match Odds...
20:54:56 [WARNING] ⟳ [wolfsburgo-femenino-juventus-fc-w-apuestas-3510554] Match Odds incompletos (0/3), refrescando...
20:54:56 [WARNING] ⟳ [al-hazm-ksa-al-akhdoud-apuestas-35232966] Match Odds incompletos (0/3), refrescando...
20:54:56 [WARNING] ⟳ [al-quadisiya-ksa-neom-sports-club-apuestas-3524103] Match Odds incompletos (0/3), refrescando...
20:54:57 [DEBUG] [atl%C3%A9tico-de-madrid-femenino-manchester-united] → Extrayendo estadísticas del partido...
20:54:57 [DEBUG]   → Extrayendo eventId del HTML...
20:54:57 [DEBUG] Betfair event ID extraído de la URL: 35105541
20:54:57 [DEBUG] Consultando videoplayer: https://videoplayer.betfair.es/GetPlayer.do?eID=35105541&contentType=viz&contentView=mstats
20:54:57 [DEBUG] [atl%C3%A9tico-de-madrid-fc-barcelona-apuestas-3523] → Extrayendo estadísticas del partido...
20:54:57 [DEBUG]   → Extrayendo eventId del HTML...
20:54:57 [DEBUG] Betfair event ID extraído de la URL: 35238124
20:54:57 [DEBUG] Consultando videoplayer: https://videoplayer.betfair.es/GetPlayer.do?eID=35238124&contentType=viz&contentView=mstats
20:54:57 [ERROR] Error consultando videoplayer endpoint: 404 Client Error:  for url: https://videoplayer.betfair.es/GetPlayer.do?eID=35105541&contentType=viz&contentView=mstats
20:54:57 [WARNING]   × No se pudo extraer eventId - partido sin estadísticas Opta
20:54:57 [INFO]   → Extrayendo stats del iframe (fallback): eID=35105541
20:54:57 [INFO] EventId de Opta extraído: 1z8gknoiuoiuh7z1mto3je9ec
20:54:57 [DEBUG]   ✓ EventId extraído: 1z8gknoiuoiuh7z1mto3je9ec
20:54:57 [DEBUG]   → Obteniendo estadísticas de la API...
20:54:57 [INFO] 📊 Obteniendo todas las estadísticas para eventId: 1z8gknoiuoiuh7z1mto3je9ec
20:54:57 [DEBUG] [brentford-arsenal-apuestas-35212180] → Extrayendo estadísticas del partido...
20:54:57 [DEBUG]   → Extrayendo eventId del HTML...
20:54:58 [DEBUG] Betfair event ID extraído de la URL: 35212180
20:54:58 [DEBUG] Consultando videoplayer: https://videoplayer.betfair.es/GetPlayer.do?eID=35212180&contentType=viz&contentView=mstats
20:54:58 [DEBUG]   → Extrayendo todas las estadísticas del iframe...
20:54:58 [INFO] EventId de Opta extraído: 3ta3lmi2yhygyqebvoqytbf2s
20:54:58 [DEBUG]   ✓ EventId extraído: 3ta3lmi2yhygyqebvoqytbf2s
20:54:58 [DEBUG]   → Obteniendo estadísticas de la API...
20:54:58 [INFO] 📊 Obteniendo todas las estadísticas para eventId: 3ta3lmi2yhygyqebvoqytbf2s
20:54:58 [DEBUG] ✅ Summary stats obtenidas para 1z8gknoiuoiuh7z1mto3je9ec
20:54:59 [DEBUG] ✅ Summary stats obtenidas para 3ta3lmi2yhygyqebvoqytbf2s
20:54:59 [DEBUG] No se encontró datos de momentum
20:55:00 [DEBUG] No se encontró datos de momentum
20:55:00 [DEBUG] No se encontró teamStatsAttackingLv
20:55:00 [DEBUG] No se encontró teamStatsAttackingLv
20:55:01 [DEBUG] No se encontró teamStatsDefenceLv
20:55:01 [DEBUG] No se encontró teamStatsDefenceLv
20:55:01 [DEBUG] No se encontró teamStatsXgLv ni xgData
20:55:01 [INFO] ✅ Estadísticas obtenidas: 1/5 endpoints
20:55:01 [DEBUG]   → Mapeando estadísticas...
20:55:01 [INFO]   ✓ Estadísticas capturadas vía API: 28/66 campos
20:55:01 [DEBUG]     → xG: 0.0-0.0, Corners: 0-0
20:55:01 [DEBUG] [atl%C3%A9tico-de-madrid-fc-barcelona-apuestas-3523] → Extrayendo volumen matched...
20:55:02 [DEBUG] No se encontró teamStatsXgLv ni xgData
20:55:02 [INFO] ✅ Estadísticas obtenidas: 1/5 endpoints
20:55:02 [DEBUG]   → Mapeando estadísticas...
20:55:02 [INFO]   ✓ Estadísticas capturadas vía API: 28/66 campos
20:55:02 [DEBUG]     → xG: 0.0-0.0, Corners: 0-0
20:55:02 [DEBUG] [brentford-arsenal-apuestas-35212180] → Extrayendo volumen matched...
20:55:05 [DEBUG] [sion-fc-basel-apuestas-35234028] → Extrayendo momentum...
20:55:05 [DEBUG]   → Buscando URL del iframe de stats para Momentum...
20:55:06 [DEBUG] [thun-lausanne-apuestas-35244305] → Extrayendo momentum...
20:55:06 [DEBUG]   → Buscando URL del iframe de stats para Momentum...
20:55:08 [DEBUG]   × No se encontró URL del iframe de stats
20:55:08 [INFO] ✓ [sion-fc-basel-apuestas-35234028] Captura exitosa: en_juego, min 24, 0-0
20:55:13 [DEBUG]   × No se encontró URL del iframe de stats
20:55:13 [INFO] ✓ [thun-lausanne-apuestas-35244305] Captura exitosa: en_juego, min 22, 2-0
20:55:13 [WARNING]   × Fallback iframe no encontró estadísticas
20:55:13 [DEBUG] [atl%C3%A9tico-de-madrid-femenino-manchester-united] → Extrayendo volumen matched...
20:55:14 [DEBUG] [atl%C3%A9tico-de-madrid-fc-barcelona-apuestas-3523] → Extrayendo momentum...
20:55:14 [DEBUG]   → Buscando URL del iframe de stats para Momentum...
20:55:15 [DEBUG] [brentford-arsenal-apuestas-35212180] → Extrayendo momentum...
20:55:15 [DEBUG]   → Buscando URL del iframe de stats para Momentum...
20:55:17 [DEBUG]   × No se encontró URL del iframe de stats
20:55:17 [INFO] ✓ [brentford-arsenal-apuestas-35212180] Captura exitosa: pre_partido, min , -
20:55:20 [DEBUG]   × No se encontró URL del iframe de stats
20:55:20 [INFO] ✓ [atl%C3%A9tico-de-madrid-fc-barcelona-apuestas-3523] Captura exitosa: pre_partido, min , -
20:55:25 [DEBUG] No se encontró banner de cookies (puede que ya esté aceptado)
20:55:25 [DEBUG] No se encontró banner de cookies (puede que ya esté aceptado)
20:55:25 [DEBUG] No se encontró banner de cookies (puede que ya esté aceptado)
20:55:26 [DEBUG] [atl%C3%A9tico-de-madrid-femenino-manchester-united] → Extrayendo momentum...
20:55:26 [DEBUG]   → Buscando URL del iframe de stats para Momentum...
20:55:28 [DEBUG]   × No se encontró URL del iframe de stats
20:55:28 [INFO] ✓ [atl%C3%A9tico-de-madrid-femenino-manchester-united] Captura exitosa: pre_partido, min , -
20:55:44 [DEBUG] [wolfsburgo-femenino-juventus-fc-w-apuestas-3510554] → Extrayendo cuotas Over/Under...
20:55:44 [DEBUG] [al-hazm-ksa-al-akhdoud-apuestas-35232966] → Extrayendo cuotas Over/Under...
20:55:44 [DEBUG] [al-quadisiya-ksa-neom-sports-club-apuestas-3524103] → Extrayendo cuotas Over/Under...
20:55:45 [DEBUG] [wolfsburgo-femenino-juventus-fc-w-apuestas-3510554] → Extrayendo cuotas Resultado Correcto...
20:55:45 [DEBUG] [al-hazm-ksa-al-akhdoud-apuestas-35232966] → Extrayendo cuotas Resultado Correcto...
20:55:46 [DEBUG] [al-quadisiya-ksa-neom-sports-club-apuestas-3524103] → Extrayendo cuotas Resultado Correcto...
20:55:46 [DEBUG] [wolfsburgo-femenino-juventus-fc-w-apuestas-3510554] → Extrayendo estadísticas del partido...
20:55:46 [DEBUG]   → Extrayendo eventId del HTML...
20:55:46 [DEBUG] [al-hazm-ksa-al-akhdoud-apuestas-35232966] → Extrayendo estadísticas del partido...
20:55:46 [DEBUG]   → Extrayendo eventId del HTML...
20:55:46 [DEBUG] Betfair event ID extraído de la URL: 35105544
20:55:46 [DEBUG] Consultando videoplayer: https://videoplayer.betfair.es/GetPlayer.do?eID=35105544&contentType=viz&contentView=mstats
20:55:47 [DEBUG] Betfair event ID extraído de la URL: 35232966
20:55:47 [DEBUG] Consultando videoplayer: https://videoplayer.betfair.es/GetPlayer.do?eID=35232966&contentType=viz&contentView=mstats
20:55:47 [DEBUG] [al-quadisiya-ksa-neom-sports-club-apuestas-3524103] → Extrayendo estadísticas del partido...
20:55:47 [DEBUG]   → Extrayendo eventId del HTML...
20:55:47 [DEBUG] Betfair event ID extraído de la URL: 35241036
20:55:47 [DEBUG] Consultando videoplayer: https://videoplayer.betfair.es/GetPlayer.do?eID=35241036&contentType=viz&contentView=mstats
20:55:47 [ERROR] Error consultando videoplayer endpoint: 404 Client Error:  for url: https://videoplayer.betfair.es/GetPlayer.do?eID=35105544&contentType=viz&contentView=mstats
20:55:47 [WARNING] No se encontró eventId de Opta en la respuesta del videoplayer
20:55:47 [WARNING]   × No se pudo extraer eventId - partido sin estadísticas Opta
20:55:47 [WARNING]   × No se pudo extraer eventId - partido sin estadísticas Opta
20:55:47 [INFO]   → Extrayendo stats del iframe (fallback): eID=35105544
20:55:47 [INFO]   → Extrayendo stats del iframe (fallback): eID=35232966
20:55:47 [ERROR] Error consultando videoplayer endpoint: 404 Client Error:  for url: https://videoplayer.betfair.es/GetPlayer.do?eID=35241036&contentType=viz&contentView=mstats
20:55:47 [WARNING]   × No se pudo extraer eventId - partido sin estadísticas Opta
20:55:47 [INFO]   → Extrayendo stats del iframe (fallback): eID=35241036
20:55:47 [DEBUG]   → Extrayendo todas las estadísticas del iframe...
20:55:47 [DEBUG]   → Extrayendo todas las estadísticas del iframe...
20:55:48 [DEBUG]   → Extrayendo todas las estadísticas del iframe...
20:55:51 [INFO]   ✓ Fallback iframe exitoso: 14 campos capturados
20:55:51 [DEBUG]   → Iframe stats capturados: {'tiros_puerta_local': '10', 'tiros_puerta_visitante': '3', 'corners_local': '12', 'corners_visitante': '5', 'posesion_local': '54', 'posesion_visitante': '46', 'shots_off_target_local': '6', 'shots_off_target_visitante': '0', 'blocked_shots_local': '1', 'blocked_shots_visitante': '5', 'time_in_dangerous_attack_pct_local': '72', 'time_in_dangerous_attack_pct_visitante': '28', 'tiros_local': '17', 'tiros_visitante': '8'}
20:55:51 [DEBUG]   → Total stats en dict tras merge: 14
20:55:51 [DEBUG] [al-hazm-ksa-al-akhdoud-apuestas-35232966] → Extrayendo volumen matched...
20:56:03 [WARNING]   × Fallback iframe no encontró estadísticas
20:56:03 [WARNING]   × Fallback iframe no encontró estadísticas
20:56:03 [DEBUG] [wolfsburgo-femenino-juventus-fc-w-apuestas-3510554] → Extrayendo volumen matched...
20:56:03 [DEBUG] [al-quadisiya-ksa-neom-sports-club-apuestas-3524103] → Extrayendo volumen matched...
20:56:04 [DEBUG] [al-hazm-ksa-al-akhdoud-apuestas-35232966] → Extrayendo momentum...
20:56:04 [DEBUG]   → Buscando URL del iframe de stats para Momentum...
20:56:11 [DEBUG]   × No se encontró URL del iframe de stats
20:56:11 [INFO] ✓ [al-hazm-ksa-al-akhdoud-apuestas-35232966] Captura exitosa: pre_partido, min , -
20:56:15 [DEBUG] [wolfsburgo-femenino-juventus-fc-w-apuestas-3510554] → Extrayendo momentum...
20:56:15 [DEBUG]   → Buscando URL del iframe de stats para Momentum...
20:56:16 [DEBUG] [al-quadisiya-ksa-neom-sports-club-apuestas-3524103] → Extrayendo momentum...
20:56:16 [DEBUG]   → Buscando URL del iframe de stats para Momentum...
20:56:18 [DEBUG]   × No se encontró URL del iframe de stats
20:56:18 [INFO] ✓ [wolfsburgo-femenino-juventus-fc-w-apuestas-3510554] Captura exitosa: pre_partido, min , -
20:56:18 [DEBUG]   × No se encontró URL del iframe de stats
20:56:18 [INFO] ✓ [al-quadisiya-ksa-neom-sports-club-apuestas-3524103] Captura exitosa: pre_partido, min , -
20:56:18 [INFO] ✓ Captura paralela completada en 108.5s (8/8 exitosos)
20:56:18 [WARNING] Ciclo tardó 108.5s (> 30s). Iniciando siguiente ciclo inmediatamente.
20:56:18 [INFO] 
--- Ciclo #2 ---
20:56:18 [INFO] 📸 Capturando 8 partidos en paralelo...
20:56:18 [DEBUG] ✓ Actualizar clickeado: atl%C3%A9tico-de-madrid-femenino-manchester-united
20:56:18 [DEBUG] ✓ Actualizar clickeado: sion-fc-basel-apuestas-35234028
20:56:18 [DEBUG] ✓ Actualizar clickeado: brentford-arsenal-apuestas-35212180
20:56:18 [DEBUG] ✓ Actualizar clickeado: atl%C3%A9tico-de-madrid-fc-barcelona-apuestas-3523
20:56:18 [DEBUG] ✓ Actualizar clickeado: thun-lausanne-apuestas-35244305
20:56:19 [DEBUG] [atl%C3%A9tico-de-madrid-femenino-manchester-united] → Extrayendo información del partido...
20:56:19 [DEBUG] [sion-fc-basel-apuestas-35234028] → Extrayendo información del partido...
20:56:19 [DEBUG] [brentford-arsenal-apuestas-35212180] → Extrayendo información del partido...
20:56:19 [DEBUG] [atl%C3%A9tico-de-madrid-fc-barcelona-apuestas-3523] → Extrayendo información del partido...
20:56:19 [DEBUG] [thun-lausanne-apuestas-35244305] → Extrayendo información del partido...
20:56:26 [DEBUG] [al-hazm-ksa-al-akhdoud-apuestas-35232966] → Extrayendo información del partido...
20:56:26 [DEBUG] [wolfsburgo-femenino-juventus-fc-w-apuestas-3510554] → Extrayendo información del partido...
20:56:26 [DEBUG] [al-quadisiya-ksa-neom-sports-club-apuestas-3524103] → Extrayendo información del partido...
20:56:27 [DEBUG] [thun-lausanne-apuestas-35244305] → Extrayendo cuotas Match Odds...
20:56:27 [DEBUG] [sion-fc-basel-apuestas-35234028] → Extrayendo cuotas Match Odds...
20:56:29 [DEBUG] [thun-lausanne-apuestas-35244305] → Extrayendo cuotas Over/Under...
20:56:29 [DEBUG] [sion-fc-basel-apuestas-35234028] → Extrayendo cuotas Over/Under...
20:56:32 [DEBUG] [thun-lausanne-apuestas-35244305] → Extrayendo cuotas Resultado Correcto...
20:56:32 [DEBUG] [sion-fc-basel-apuestas-35234028] → Extrayendo cuotas Resultado Correcto...
20:56:35 [DEBUG] [thun-lausanne-apuestas-35244305] → Extrayendo estadísticas del partido...
20:56:35 [DEBUG]   → Extrayendo eventId del HTML...
20:56:35 [DEBUG] Betfair event ID extraído del HTML: 35244305
20:56:35 [DEBUG] Consultando videoplayer: https://videoplayer.betfair.es/GetPlayer.do?eID=35244305&contentType=viz&contentView=mstats
20:56:35 [DEBUG] [sion-fc-basel-apuestas-35234028] → Extrayendo estadísticas del partido...
20:56:35 [DEBUG]   → Extrayendo eventId del HTML...
20:56:36 [DEBUG] Betfair event ID extraído del HTML: 35234028
20:56:36 [DEBUG] Consultando videoplayer: https://videoplayer.betfair.es/GetPlayer.do?eID=35234028&contentType=viz&contentView=mstats
20:56:36 [DEBUG] [atl%C3%A9tico-de-madrid-femenino-manchester-united] → Extrayendo cuotas Match Odds...
20:56:36 [DEBUG] [brentford-arsenal-apuestas-35212180] → Extrayendo cuotas Match Odds...
20:56:36 [INFO] EventId de Opta extraído: bp7jffdb5v1x5ksth1cngff2s
20:56:36 [DEBUG]   ✓ EventId extraído: bp7jffdb5v1x5ksth1cngff2s
20:56:36 [DEBUG]   → Obteniendo estadísticas de la API...
20:56:36 [INFO] 📊 Obteniendo todas las estadísticas para eventId: bp7jffdb5v1x5ksth1cngff2s
20:56:36 [DEBUG] [atl%C3%A9tico-de-madrid-fc-barcelona-apuestas-3523] → Extrayendo cuotas Match Odds...
20:56:36 [INFO] EventId de Opta extraído: bomuidcdl673b8rje49cbj40k
20:56:36 [DEBUG]   ✓ EventId extraído: bomuidcdl673b8rje49cbj40k
20:56:36 [DEBUG]   → Obteniendo estadísticas de la API...
20:56:36 [INFO] 📊 Obteniendo todas las estadísticas para eventId: bomuidcdl673b8rje49cbj40k
20:56:37 [DEBUG] ✅ Summary stats obtenidas para bomuidcdl673b8rje49cbj40k
20:56:37 [DEBUG] ✅ Summary stats obtenidas para bp7jffdb5v1x5ksth1cngff2s
20:56:38 [DEBUG] No se encontró datos de momentum
20:56:38 [DEBUG] No se encontró datos de momentum
20:56:38 [DEBUG] [atl%C3%A9tico-de-madrid-femenino-manchester-united] → Extrayendo cuotas Over/Under...
20:56:38 [DEBUG] [brentford-arsenal-apuestas-35212180] → Extrayendo cuotas Over/Under...
20:56:38 [DEBUG] [atl%C3%A9tico-de-madrid-fc-barcelona-apuestas-3523] → Extrayendo cuotas Over/Under...
20:56:39 [DEBUG] No se encontró teamStatsAttackingLv
20:56:39 [DEBUG] No se encontró teamStatsAttackingLv
20:56:40 [DEBUG] No se encontró teamStatsDefenceLv
20:56:40 [DEBUG] No se encontró teamStatsDefenceLv
20:56:41 [DEBUG] No se encontró teamStatsXgLv ni xgData
20:56:41 [INFO] ✅ Estadísticas obtenidas: 1/5 endpoints
20:56:41 [DEBUG]   → Mapeando estadísticas...
20:56:41 [INFO]   ✓ Estadísticas capturadas vía API: 28/66 campos
20:56:41 [DEBUG]     → xG: 0.9449-0.0369, Corners: 1-0
20:56:41 [DEBUG] [thun-lausanne-apuestas-35244305] → Extrayendo volumen matched...
20:56:41 [DEBUG] No se encontró teamStatsXgLv ni xgData
20:56:41 [INFO] ✅ Estadísticas obtenidas: 1/5 endpoints
20:56:41 [DEBUG]   → Mapeando estadísticas...
20:56:41 [INFO]   ✓ Estadísticas capturadas vía API: 28/66 campos
20:56:41 [DEBUG]     → xG: 0.4008-0.189, Corners: 0-1
20:56:41 [DEBUG] [sion-fc-basel-apuestas-35234028] → Extrayendo volumen matched...
20:56:41 [DEBUG] [atl%C3%A9tico-de-madrid-femenino-manchester-united] → Extrayendo cuotas Resultado Correcto...
20:56:41 [DEBUG] [brentford-arsenal-apuestas-35212180] → Extrayendo cuotas Resultado Correcto...
20:56:41 [DEBUG] [atl%C3%A9tico-de-madrid-fc-barcelona-apuestas-3523] → Extrayendo cuotas Resultado Correcto...
20:56:43 [DEBUG] [al-quadisiya-ksa-neom-sports-club-apuestas-3524103] → Extrayendo cuotas Match Odds...
20:56:43 [DEBUG] [wolfsburgo-femenino-juventus-fc-w-apuestas-3510554] → Extrayendo cuotas Match Odds...
20:56:43 [DEBUG] [al-hazm-ksa-al-akhdoud-apuestas-35232966] → Extrayendo cuotas Match Odds...
20:56:44 [WARNING] ⟳ [al-quadisiya-ksa-neom-sports-club-apuestas-3524103] Match Odds incompletos (0/3), refrescando...
20:56:44 [WARNING] ⟳ [wolfsburgo-femenino-juventus-fc-w-apuestas-3510554] Match Odds incompletos (0/3), refrescando...
20:56:44 [WARNING] ⟳ [al-hazm-ksa-al-akhdoud-apuestas-35232966] Match Odds incompletos (0/3), refrescando...
20:56:44 [DEBUG] [atl%C3%A9tico-de-madrid-femenino-manchester-united] → Extrayendo estadísticas del partido...
20:56:44 [DEBUG]   → Extrayendo eventId del HTML...
20:56:44 [DEBUG] Betfair event ID extraído de la URL: 35105541
20:56:44 [DEBUG] Consultando videoplayer: https://videoplayer.betfair.es/GetPlayer.do?eID=35105541&contentType=viz&contentView=mstats
20:56:45 [DEBUG] [brentford-arsenal-apuestas-35212180] → Extrayendo estadísticas del partido...
20:56:45 [DEBUG]   → Extrayendo eventId del HTML...
20:56:45 [DEBUG] Betfair event ID extraído de la URL: 35212180
20:56:45 [DEBUG] Consultando videoplayer: https://videoplayer.betfair.es/GetPlayer.do?eID=35212180&contentType=viz&contentView=mstats
20:56:45 [DEBUG] [atl%C3%A9tico-de-madrid-fc-barcelona-apuestas-3523] → Extrayendo estadísticas del partido...
20:56:45 [DEBUG]   → Extrayendo eventId del HTML...
20:56:45 [DEBUG] Betfair event ID extraído de la URL: 35238124
20:56:45 [DEBUG] Consultando videoplayer: https://videoplayer.betfair.es/GetPlayer.do?eID=35238124&contentType=viz&contentView=mstats
20:56:45 [ERROR] Error consultando videoplayer endpoint: 404 Client Error:  for url: https://videoplayer.betfair.es/GetPlayer.do?eID=35105541&contentType=viz&contentView=mstats
20:56:45 [WARNING]   × No se pudo extraer eventId - partido sin estadísticas Opta
20:56:45 [INFO]   → Extrayendo stats del iframe (fallback): eID=35105541
20:56:45 [INFO] EventId de Opta extraído: 3ta3lmi2yhygyqebvoqytbf2s
20:56:45 [DEBUG]   ✓ EventId extraído: 3ta3lmi2yhygyqebvoqytbf2s
20:56:45 [DEBUG]   → Obteniendo estadísticas de la API...
20:56:45 [INFO] 📊 Obteniendo todas las estadísticas para eventId: 3ta3lmi2yhygyqebvoqytbf2s
20:56:45 [DEBUG]   → Extrayendo todas las estadísticas del iframe...
20:56:45 [INFO] EventId de Opta extraído: 1z8gknoiuoiuh7z1mto3je9ec
20:56:45 [DEBUG]   ✓ EventId extraído: 1z8gknoiuoiuh7z1mto3je9ec
20:56:45 [DEBUG]   → Obteniendo estadísticas de la API...
20:56:45 [INFO] 📊 Obteniendo todas las estadísticas para eventId: 1z8gknoiuoiuh7z1mto3je9ec
20:56:46 [DEBUG] ✅ Summary stats obtenidas para 3ta3lmi2yhygyqebvoqytbf2s
20:56:46 [DEBUG] ✅ Summary stats obtenidas para 1z8gknoiuoiuh7z1mto3je9ec
20:56:47 [DEBUG] No se encontró datos de momentum
20:56:47 [DEBUG] No se encontró datos de momentum
20:56:48 [DEBUG] No se encontró teamStatsAttackingLv
20:56:48 [DEBUG] No se encontró teamStatsAttackingLv
20:56:48 [DEBUG] No se encontró teamStatsDefenceLv
20:56:48 [DEBUG] No se encontró teamStatsDefenceLv
20:56:49 [DEBUG] No se encontró teamStatsXgLv ni xgData
20:56:49 [INFO] ✅ Estadísticas obtenidas: 1/5 endpoints
20:56:49 [DEBUG]   → Mapeando estadísticas...
20:56:49 [INFO]   ✓ Estadísticas capturadas vía API: 28/66 campos
20:56:49 [DEBUG]     → xG: 0.0-0.0, Corners: 0-0
20:56:49 [DEBUG] [brentford-arsenal-apuestas-35212180] → Extrayendo volumen matched...
20:56:49 [DEBUG] No se encontró teamStatsXgLv ni xgData
20:56:49 [INFO] ✅ Estadísticas obtenidas: 1/5 endpoints
20:56:49 [DEBUG]   → Mapeando estadísticas...
20:56:49 [INFO]   ✓ Estadísticas capturadas vía API: 28/66 campos
20:56:49 [DEBUG]     → xG: 0.0-0.0, Corners: 0-0
20:56:49 [DEBUG] [atl%C3%A9tico-de-madrid-fc-barcelona-apuestas-3523] → Extrayendo volumen matched...
20:56:54 [DEBUG] [thun-lausanne-apuestas-35244305] → Extrayendo momentum...
20:56:54 [DEBUG]   → Buscando URL del iframe de stats para Momentum...
20:56:54 [DEBUG] [sion-fc-basel-apuestas-35234028] → Extrayendo momentum...
20:56:54 [DEBUG]   → Buscando URL del iframe de stats para Momentum...
20:56:56 [DEBUG]   × No se encontró URL del iframe de stats
20:56:56 [INFO] ✓ [sion-fc-basel-apuestas-35234028] Captura exitosa: en_juego, min 25, 0-0
20:57:00 [DEBUG]   × No se encontró URL del iframe de stats
20:57:00 [INFO] ✓ [thun-lausanne-apuestas-35244305] Captura exitosa: en_juego, min 24, 2-0
20:57:01 [WARNING]   × Fallback iframe no encontró estadísticas
20:57:01 [DEBUG] [atl%C3%A9tico-de-madrid-femenino-manchester-united] → Extrayendo volumen matched...
20:57:02 [DEBUG] [brentford-arsenal-apuestas-35212180] → Extrayendo momentum...
20:57:02 [DEBUG]   → Buscando URL del iframe de stats para Momentum...
20:57:02 [DEBUG] [atl%C3%A9tico-de-madrid-fc-barcelona-apuestas-3523] → Extrayendo momentum...
20:57:02 [DEBUG]   → Buscando URL del iframe de stats para Momentum...
20:57:04 [DEBUG]   × No se encontró URL del iframe de stats
20:57:04 [INFO] ✓ [brentford-arsenal-apuestas-35212180] Captura exitosa: pre_partido, min , -
20:57:07 [DEBUG]   × No se encontró URL del iframe de stats
20:57:07 [INFO] ✓ [atl%C3%A9tico-de-madrid-fc-barcelona-apuestas-3523] Captura exitosa: pre_partido, min , -
20:57:13 [DEBUG] No se encontró banner de cookies (puede que ya esté aceptado)
20:57:13 [DEBUG] No se encontró banner de cookies (puede que ya esté aceptado)
20:57:13 [DEBUG] No se encontró banner de cookies (puede que ya esté aceptado)
20:57:13 [DEBUG] [atl%C3%A9tico-de-madrid-femenino-manchester-united] → Extrayendo momentum...
20:57:13 [DEBUG]   → Buscando URL del iframe de stats para Momentum...
20:57:16 [DEBUG]   × No se encontró URL del iframe de stats
20:57:16 [INFO] ✓ [atl%C3%A9tico-de-madrid-femenino-manchester-united] Captura exitosa: pre_partido, min , -
20:57:32 [DEBUG] [wolfsburgo-femenino-juventus-fc-w-apuestas-3510554] → Extrayendo cuotas Over/Under...
20:57:32 [DEBUG] [al-quadisiya-ksa-neom-sports-club-apuestas-3524103] → Extrayendo cuotas Over/Under...
20:57:33 [DEBUG] [al-hazm-ksa-al-akhdoud-apuestas-35232966] → Extrayendo cuotas Over/Under...
20:57:33 [DEBUG] [al-quadisiya-ksa-neom-sports-club-apuestas-3524103] → Extrayendo cuotas Resultado Correcto...
20:57:33 [DEBUG] [wolfsburgo-femenino-juventus-fc-w-apuestas-3510554] → Extrayendo cuotas Resultado Correcto...
20:57:34 [DEBUG] [al-hazm-ksa-al-akhdoud-apuestas-35232966] → Extrayendo cuotas Resultado Correcto...
20:57:34 [DEBUG] [al-quadisiya-ksa-neom-sports-club-apuestas-3524103] → Extrayendo estadísticas del partido...
20:57:34 [DEBUG]   → Extrayendo eventId del HTML...
20:57:34 [DEBUG] [wolfsburgo-femenino-juventus-fc-w-apuestas-3510554] → Extrayendo estadísticas del partido...
20:57:34 [DEBUG]   → Extrayendo eventId del HTML...
20:57:34 [DEBUG] Betfair event ID extraído de la URL: 35105544
20:57:34 [DEBUG] Consultando videoplayer: https://videoplayer.betfair.es/GetPlayer.do?eID=35105544&contentType=viz&contentView=mstats
20:57:34 [DEBUG] Betfair event ID extraído de la URL: 35241036
20:57:34 [DEBUG] Consultando videoplayer: https://videoplayer.betfair.es/GetPlayer.do?eID=35241036&contentType=viz&contentView=mstats
20:57:35 [DEBUG] [al-hazm-ksa-al-akhdoud-apuestas-35232966] → Extrayendo estadísticas del partido...
20:57:35 [DEBUG]   → Extrayendo eventId del HTML...
20:57:35 [DEBUG] Betfair event ID extraído de la URL: 35232966
20:57:35 [DEBUG] Consultando videoplayer: https://videoplayer.betfair.es/GetPlayer.do?eID=35232966&contentType=viz&contentView=mstats
20:57:35 [ERROR] Error consultando videoplayer endpoint: 404 Client Error:  for url: https://videoplayer.betfair.es/GetPlayer.do?eID=35105544&contentType=viz&contentView=mstats
20:57:35 [WARNING]   × No se pudo extraer eventId - partido sin estadísticas Opta
20:57:35 [INFO]   → Extrayendo stats del iframe (fallback): eID=35105544
20:57:35 [ERROR] Error consultando videoplayer endpoint: 404 Client Error:  for url: https://videoplayer.betfair.es/GetPlayer.do?eID=35241036&contentType=viz&contentView=mstats
20:57:35 [WARNING]   × No se pudo extraer eventId - partido sin estadísticas Opta
20:57:35 [INFO]   → Extrayendo stats del iframe (fallback): eID=35241036
20:57:36 [WARNING] No se encontró eventId de Opta en la respuesta del videoplayer
20:57:36 [WARNING]   × No se pudo extraer eventId - partido sin estadísticas Opta
20:57:36 [INFO]   → Extrayendo stats del iframe (fallback): eID=35232966
20:57:36 [DEBUG]   → Extrayendo todas las estadísticas del iframe...
20:57:36 [DEBUG]   → Extrayendo todas las estadísticas del iframe...
20:57:37 [DEBUG]   → Extrayendo todas las estadísticas del iframe...
20:57:40 [INFO]   ✓ Fallback iframe exitoso: 14 campos capturados
20:57:40 [DEBUG]   → Iframe stats capturados: {'tiros_puerta_local': '10', 'tiros_puerta_visitante': '3', 'corners_local': '12', 'corners_visitante': '5', 'posesion_local': '54', 'posesion_visitante': '46', 'shots_off_target_local': '6', 'shots_off_target_visitante': '0', 'blocked_shots_local': '1', 'blocked_shots_visitante': '5', 'time_in_dangerous_attack_pct_local': '72', 'time_in_dangerous_attack_pct_visitante': '28', 'tiros_local': '17', 'tiros_visitante': '8'}
20:57:40 [DEBUG]   → Total stats en dict tras merge: 14
20:57:40 [DEBUG] [al-hazm-ksa-al-akhdoud-apuestas-35232966] → Extrayendo volumen matched...
20:57:51 [WARNING]   × Fallback iframe no encontró estadísticas
20:57:51 [WARNING]   × Fallback iframe no encontró estadísticas
20:57:51 [DEBUG] [al-quadisiya-ksa-neom-sports-club-apuestas-3524103] → Extrayendo volumen matched...
20:57:51 [DEBUG] [wolfsburgo-femenino-juventus-fc-w-apuestas-3510554] → Extrayendo volumen matched...
20:57:52 [DEBUG] [al-hazm-ksa-al-akhdoud-apuestas-35232966] → Extrayendo momentum...
20:57:52 [DEBUG]   → Buscando URL del iframe de stats para Momentum...
20:57:59 [DEBUG]   × No se encontró URL del iframe de stats
20:57:59 [INFO] ✓ [al-hazm-ksa-al-akhdoud-apuestas-35232966] Captura exitosa: pre_partido, min , -
20:58:04 [DEBUG] [al-quadisiya-ksa-neom-sports-club-apuestas-3524103] → Extrayendo momentum...
20:58:04 [DEBUG]   → Buscando URL del iframe de stats para Momentum...
20:58:04 [DEBUG] [wolfsburgo-femenino-juventus-fc-w-apuestas-3510554] → Extrayendo momentum...
20:58:04 [DEBUG]   → Buscando URL del iframe de stats para Momentum...
20:58:06 [DEBUG]   × No se encontró URL del iframe de stats
20:58:06 [INFO] ✓ [al-quadisiya-ksa-neom-sports-club-apuestas-3524103] Captura exitosa: pre_partido, min , -
20:58:06 [DEBUG]   × No se encontró URL del iframe de stats
20:58:06 [INFO] ✓ [wolfsburgo-femenino-juventus-fc-w-apuestas-3510554] Captura exitosa: pre_partido, min , -
20:58:06 [INFO] ✓ Captura paralela completada en 108.4s (8/8 exitosos)
20:58:06 [WARNING] Ciclo tardó 108.4s (> 30s). Iniciando siguiente ciclo inmediatamente.
20:58:06 [INFO] 
--- Ciclo #3 ---
20:58:06 [INFO] 📸 Capturando 8 partidos en paralelo...
20:58:07 [DEBUG] ✓ Actualizar clickeado: atl%C3%A9tico-de-madrid-femenino-manchester-united
20:58:07 [DEBUG] ✓ Actualizar clickeado: sion-fc-basel-apuestas-35234028
20:58:07 [DEBUG] ✓ Actualizar clickeado: brentford-arsenal-apuestas-35212180
20:58:07 [DEBUG] ✓ Actualizar clickeado: atl%C3%A9tico-de-madrid-fc-barcelona-apuestas-3523
20:58:07 [DEBUG] ✓ Actualizar clickeado: thun-lausanne-apuestas-35244305
20:58:07 [DEBUG] [atl%C3%A9tico-de-madrid-femenino-manchester-united] → Extrayendo información del partido...
20:58:07 [DEBUG] [sion-fc-basel-apuestas-35234028] → Extrayendo información del partido...
20:58:07 [DEBUG] [brentford-arsenal-apuestas-35212180] → Extrayendo información del partido...
20:58:07 [DEBUG] [thun-lausanne-apuestas-35244305] → Extrayendo información del partido...
20:58:07 [DEBUG] [atl%C3%A9tico-de-madrid-fc-barcelona-apuestas-3523] → Extrayendo información del partido...
20:58:14 [DEBUG] [wolfsburgo-femenino-juventus-fc-w-apuestas-3510554] → Extrayendo información del partido...
20:58:14 [DEBUG] [al-quadisiya-ksa-neom-sports-club-apuestas-3524103] → Extrayendo información del partido...
20:58:14 [DEBUG] [al-hazm-ksa-al-akhdoud-apuestas-35232966] → Extrayendo información del partido...
20:58:15 [DEBUG] [thun-lausanne-apuestas-35244305] → Extrayendo cuotas Match Odds...
20:58:15 [DEBUG] [sion-fc-basel-apuestas-35234028] → Extrayendo cuotas Match Odds...
20:58:18 [DEBUG] [thun-lausanne-apuestas-35244305] → Extrayendo cuotas Over/Under...
20:58:18 [DEBUG] [sion-fc-basel-apuestas-35234028] → Extrayendo cuotas Over/Under...
20:58:21 [DEBUG] [thun-lausanne-apuestas-35244305] → Extrayendo cuotas Resultado Correcto...
20:58:21 [DEBUG] [sion-fc-basel-apuestas-35234028] → Extrayendo cuotas Resultado Correcto...
20:58:24 [DEBUG] [atl%C3%A9tico-de-madrid-fc-barcelona-apuestas-3523] → Extrayendo cuotas Match Odds...
20:58:24 [DEBUG] [atl%C3%A9tico-de-madrid-femenino-manchester-united] → Extrayendo cuotas Match Odds...
20:58:24 [DEBUG] [thun-lausanne-apuestas-35244305] → Extrayendo estadísticas del partido...
20:58:24 [DEBUG]   → Extrayendo eventId del HTML...
20:58:24 [DEBUG] [sion-fc-basel-apuestas-35234028] → Extrayendo estadísticas del partido...
20:58:24 [DEBUG]   → Extrayendo eventId del HTML...
20:58:24 [DEBUG] [brentford-arsenal-apuestas-35212180] → Extrayendo cuotas Match Odds...
20:58:24 [DEBUG] Betfair event ID extraído del HTML: 35234028
20:58:24 [DEBUG] Consultando videoplayer: https://videoplayer.betfair.es/GetPlayer.do?eID=35234028&contentType=viz&contentView=mstats
20:58:24 [DEBUG] Betfair event ID extraído del HTML: 35244305
20:58:24 [DEBUG] Consultando videoplayer: https://videoplayer.betfair.es/GetPlayer.do?eID=35244305&contentType=viz&contentView=mstats
20:58:25 [INFO] EventId de Opta extraído: bp7jffdb5v1x5ksth1cngff2s
20:58:25 [DEBUG]   ✓ EventId extraído: bp7jffdb5v1x5ksth1cngff2s
20:58:25 [DEBUG]   → Obteniendo estadísticas de la API...
20:58:25 [INFO] 📊 Obteniendo todas las estadísticas para eventId: bp7jffdb5v1x5ksth1cngff2s
20:58:25 [INFO] EventId de Opta extraído: bomuidcdl673b8rje49cbj40k
20:58:25 [DEBUG]   ✓ EventId extraído: bomuidcdl673b8rje49cbj40k
20:58:25 [DEBUG]   → Obteniendo estadísticas de la API...
20:58:25 [INFO] 📊 Obteniendo todas las estadísticas para eventId: bomuidcdl673b8rje49cbj40k
20:58:26 [DEBUG] ✅ Summary stats obtenidas para bp7jffdb5v1x5ksth1cngff2s
20:58:27 [DEBUG] ✅ Summary stats obtenidas para bomuidcdl673b8rje49cbj40k
20:58:27 [DEBUG] [atl%C3%A9tico-de-madrid-femenino-manchester-united] → Extrayendo cuotas Over/Under...
20:58:27 [DEBUG] [atl%C3%A9tico-de-madrid-fc-barcelona-apuestas-3523] → Extrayendo cuotas Over/Under...
20:58:27 [DEBUG] [brentford-arsenal-apuestas-35212180] → Extrayendo cuotas Over/Under...
20:58:28 [DEBUG] No se encontró datos de momentum
20:58:28 [DEBUG] No se encontró datos de momentum
20:58:29 [DEBUG] No se encontró teamStatsAttackingLv
20:58:29 [DEBUG] No se encontró teamStatsAttackingLv
20:58:30 [DEBUG] [atl%C3%A9tico-de-madrid-fc-barcelona-apuestas-3523] → Extrayendo cuotas Resultado Correcto...
20:58:30 [DEBUG] [atl%C3%A9tico-de-madrid-femenino-manchester-united] → Extrayendo cuotas Resultado Correcto...
20:58:30 [DEBUG] [brentford-arsenal-apuestas-35212180] → Extrayendo cuotas Resultado Correcto...
20:58:30 [DEBUG] No se encontró teamStatsDefenceLv
20:58:30 [DEBUG] No se encontró teamStatsDefenceLv
20:58:31 [DEBUG] No se encontró teamStatsXgLv ni xgData
20:58:31 [DEBUG] No se encontró teamStatsXgLv ni xgData
20:58:31 [INFO] ✅ Estadísticas obtenidas: 1/5 endpoints
20:58:31 [INFO] ✅ Estadísticas obtenidas: 1/5 endpoints
20:58:31 [DEBUG]   → Mapeando estadísticas...
20:58:31 [DEBUG]   → Mapeando estadísticas...
20:58:31 [INFO]   ✓ Estadísticas capturadas vía API: 28/66 campos
20:58:31 [INFO]   ✓ Estadísticas capturadas vía API: 28/66 campos
20:58:31 [DEBUG]     → xG: 0.9449-0.0369, Corners: 1-0
20:58:31 [DEBUG]     → xG: 0.4008-0.189, Corners: 0-1
20:58:31 [DEBUG] [thun-lausanne-apuestas-35244305] → Extrayendo volumen matched...
20:58:31 [DEBUG] [sion-fc-basel-apuestas-35234028] → Extrayendo volumen matched...
20:58:32 [DEBUG] [al-quadisiya-ksa-neom-sports-club-apuestas-3524103] → Extrayendo cuotas Match Odds...
20:58:32 [DEBUG] [al-hazm-ksa-al-akhdoud-apuestas-35232966] → Extrayendo cuotas Match Odds...
20:58:32 [DEBUG] [wolfsburgo-femenino-juventus-fc-w-apuestas-3510554] → Extrayendo cuotas Match Odds...
20:58:33 [WARNING] ⟳ [al-quadisiya-ksa-neom-sports-club-apuestas-3524103] Match Odds incompletos (0/3), refrescando...
20:58:33 [WARNING] ⟳ [al-hazm-ksa-al-akhdoud-apuestas-35232966] Match Odds incompletos (0/3), refrescando...
20:58:33 [WARNING] ⟳ [wolfsburgo-femenino-juventus-fc-w-apuestas-3510554] Match Odds incompletos (0/3), refrescando...
20:58:33 [DEBUG] [atl%C3%A9tico-de-madrid-femenino-manchester-united] → Extrayendo estadísticas del partido...
20:58:33 [DEBUG]   → Extrayendo eventId del HTML...
20:58:33 [DEBUG] Betfair event ID extraído de la URL: 35105541
20:58:33 [DEBUG] Consultando videoplayer: https://videoplayer.betfair.es/GetPlayer.do?eID=35105541&contentType=viz&contentView=mstats
20:58:33 [DEBUG] [atl%C3%A9tico-de-madrid-fc-barcelona-apuestas-3523] → Extrayendo estadísticas del partido...
20:58:33 [DEBUG]   → Extrayendo eventId del HTML...
20:58:33 [DEBUG] [brentford-arsenal-apuestas-35212180] → Extrayendo estadísticas del partido...
20:58:33 [DEBUG]   → Extrayendo eventId del HTML...
20:58:33 [DEBUG] Betfair event ID extraído de la URL: 35238124
20:58:33 [DEBUG] Consultando videoplayer: https://videoplayer.betfair.es/GetPlayer.do?eID=35238124&contentType=viz&contentView=mstats
20:58:33 [DEBUG] Betfair event ID extraído de la URL: 35212180
20:58:33 [DEBUG] Consultando videoplayer: https://videoplayer.betfair.es/GetPlayer.do?eID=35212180&contentType=viz&contentView=mstats
20:58:34 [INFO] EventId de Opta extraído: 1z8gknoiuoiuh7z1mto3je9ec
20:58:34 [DEBUG]   ✓ EventId extraído: 1z8gknoiuoiuh7z1mto3je9ec
20:58:34 [DEBUG]   → Obteniendo estadísticas de la API...
20:58:34 [INFO] 📊 Obteniendo todas las estadísticas para eventId: 1z8gknoiuoiuh7z1mto3je9ec
20:58:34 [ERROR] Error consultando videoplayer endpoint: 404 Client Error:  for url: https://videoplayer.betfair.es/GetPlayer.do?eID=35105541&contentType=viz&contentView=mstats
20:58:34 [WARNING]   × No se pudo extraer eventId - partido sin estadísticas Opta
20:58:34 [INFO]   → Extrayendo stats del iframe (fallback): eID=35105541
20:58:34 [INFO] EventId de Opta extraído: 3ta3lmi2yhygyqebvoqytbf2s
20:58:34 [DEBUG]   ✓ EventId extraído: 3ta3lmi2yhygyqebvoqytbf2s
20:58:34 [DEBUG]   → Obteniendo estadísticas de la API...
20:58:34 [INFO] 📊 Obteniendo todas las estadísticas para eventId: 3ta3lmi2yhygyqebvoqytbf2s
20:58:35 [DEBUG]   → Extrayendo todas las estadísticas del iframe...
20:58:35 [DEBUG] ✅ Summary stats obtenidas para 3ta3lmi2yhygyqebvoqytbf2s
20:58:35 [DEBUG] ✅ Summary stats obtenidas para 1z8gknoiuoiuh7z1mto3je9ec
20:58:36 [DEBUG] No se encontró datos de momentum
20:58:37 [DEBUG] No se encontró datos de momentum
20:58:38 [DEBUG] No se encontró teamStatsAttackingLv
20:58:38 [DEBUG] No se encontró teamStatsAttackingLv
20:58:39 [DEBUG] No se encontró teamStatsDefenceLv
20:58:39 [DEBUG] No se encontró teamStatsDefenceLv
20:58:40 [DEBUG] No se encontró teamStatsXgLv ni xgData
20:58:40 [INFO] ✅ Estadísticas obtenidas: 1/5 endpoints
20:58:40 [DEBUG]   → Mapeando estadísticas...
20:58:40 [INFO]   ✓ Estadísticas capturadas vía API: 28/66 campos
20:58:40 [DEBUG]     → xG: 0.0-0.0, Corners: 0-0
20:58:40 [DEBUG] [brentford-arsenal-apuestas-35212180] → Extrayendo volumen matched...
20:58:40 [DEBUG] No se encontró teamStatsXgLv ni xgData
20:58:40 [INFO] ✅ Estadísticas obtenidas: 1/5 endpoints
20:58:40 [DEBUG]   → Mapeando estadísticas...
20:58:40 [INFO]   ✓ Estadísticas capturadas vía API: 28/66 campos
20:58:40 [DEBUG]     → xG: 0.0-0.0, Corners: 0-0
20:58:40 [DEBUG] [atl%C3%A9tico-de-madrid-fc-barcelona-apuestas-3523] → Extrayendo volumen matched...
20:58:44 [DEBUG] [thun-lausanne-apuestas-35244305] → Extrayendo momentum...
20:58:44 [DEBUG]   → Buscando URL del iframe de stats para Momentum...
20:58:44 [DEBUG] [sion-fc-basel-apuestas-35234028] → Extrayendo momentum...
20:58:44 [DEBUG]   → Buscando URL del iframe de stats para Momentum...
20:58:46 [DEBUG]   × No se encontró URL del iframe de stats
20:58:46 [INFO] ✓ [sion-fc-basel-apuestas-35234028] Captura exitosa: en_juego, min 27, 0-0
20:58:50 [WARNING]   × Fallback iframe no encontró estadísticas
20:58:50 [DEBUG] [atl%C3%A9tico-de-madrid-femenino-manchester-united] → Extrayendo volumen matched...
20:58:51 [DEBUG]   × No se encontró URL del iframe de stats
20:58:51 [INFO] ✓ [thun-lausanne-apuestas-35244305] Captura exitosa: en_juego, min 26, 2-0
20:58:53 [DEBUG] [brentford-arsenal-apuestas-35212180] → Extrayendo momentum...
20:58:53 [DEBUG]   → Buscando URL del iframe de stats para Momentum...
20:58:53 [DEBUG] [atl%C3%A9tico-de-madrid-fc-barcelona-apuestas-3523] → Extrayendo momentum...
20:58:53 [DEBUG]   → Buscando URL del iframe de stats para Momentum...
20:58:55 [DEBUG]   × No se encontró URL del iframe de stats
20:58:55 [INFO] ✓ [brentford-arsenal-apuestas-35212180] Captura exitosa: pre_partido, min , -
20:58:59 [DEBUG]   × No se encontró URL del iframe de stats
20:58:59 [INFO] ✓ [atl%C3%A9tico-de-madrid-fc-barcelona-apuestas-3523] Captura exitosa: pre_partido, min , -
20:59:01 [DEBUG] No se encontró banner de cookies (puede que ya esté aceptado)
20:59:01 [DEBUG] No se encontró banner de cookies (puede que ya esté aceptado)
20:59:01 [DEBUG] No se encontró banner de cookies (puede que ya esté aceptado)
20:59:03 [DEBUG] [atl%C3%A9tico-de-madrid-femenino-manchester-united] → Extrayendo momentum...
20:59:03 [DEBUG]   → Buscando URL del iframe de stats para Momentum...
20:59:05 [DEBUG]   × No se encontró URL del iframe de stats
20:59:05 [INFO] ✓ [atl%C3%A9tico-de-madrid-femenino-manchester-united] Captura exitosa: pre_partido, min , -
20:59:20 [DEBUG] [al-quadisiya-ksa-neom-sports-club-apuestas-3524103] → Extrayendo cuotas Over/Under...
20:59:20 [DEBUG] [wolfsburgo-femenino-juventus-fc-w-apuestas-3510554] → Extrayendo cuotas Over/Under...
20:59:21 [DEBUG] [al-hazm-ksa-al-akhdoud-apuestas-35232966] → Extrayendo cuotas Over/Under...
20:59:21 [DEBUG] [al-quadisiya-ksa-neom-sports-club-apuestas-3524103] → Extrayendo cuotas Resultado Correcto...
20:59:22 [DEBUG] [wolfsburgo-femenino-juventus-fc-w-apuestas-3510554] → Extrayendo cuotas Resultado Correcto...
20:59:22 [DEBUG] [al-hazm-ksa-al-akhdoud-apuestas-35232966] → Extrayendo cuotas Resultado Correcto...
20:59:22 [DEBUG] [al-quadisiya-ksa-neom-sports-club-apuestas-3524103] → Extrayendo estadísticas del partido...
20:59:22 [DEBUG]   → Extrayendo eventId del HTML...
20:59:22 [DEBUG] Betfair event ID extraído de la URL: 35241036
20:59:22 [DEBUG] Consultando videoplayer: https://videoplayer.betfair.es/GetPlayer.do?eID=35241036&contentType=viz&contentView=mstats
20:59:23 [DEBUG] [wolfsburgo-femenino-juventus-fc-w-apuestas-3510554] → Extrayendo estadísticas del partido...
20:59:23 [DEBUG]   → Extrayendo eventId del HTML...
20:59:23 [DEBUG] Betfair event ID extraído de la URL: 35105544
20:59:23 [DEBUG] Consultando videoplayer: https://videoplayer.betfair.es/GetPlayer.do?eID=35105544&contentType=viz&contentView=mstats
20:59:23 [DEBUG] [al-hazm-ksa-al-akhdoud-apuestas-35232966] → Extrayendo estadísticas del partido...
20:59:23 [DEBUG]   → Extrayendo eventId del HTML...
20:59:23 [DEBUG] Betfair event ID extraído de la URL: 35232966
20:59:23 [DEBUG] Consultando videoplayer: https://videoplayer.betfair.es/GetPlayer.do?eID=35232966&contentType=viz&contentView=mstats
20:59:23 [ERROR] Error consultando videoplayer endpoint: 404 Client Error:  for url: https://videoplayer.betfair.es/GetPlayer.do?eID=35241036&contentType=viz&contentView=mstats
20:59:23 [WARNING]   × No se pudo extraer eventId - partido sin estadísticas Opta
20:59:23 [INFO]   → Extrayendo stats del iframe (fallback): eID=35241036
20:59:24 [ERROR] Error consultando videoplayer endpoint: 404 Client Error:  for url: https://videoplayer.betfair.es/GetPlayer.do?eID=35105544&contentType=viz&contentView=mstats
20:59:24 [WARNING]   × No se pudo extraer eventId - partido sin estadísticas Opta
20:59:24 [INFO]   → Extrayendo stats del iframe (fallback): eID=35105544
20:59:24 [DEBUG]   → Extrayendo todas las estadísticas del iframe...
20:59:24 [WARNING] No se encontró eventId de Opta en la respuesta del videoplayer
20:59:24 [WARNING]   × No se pudo extraer eventId - partido sin estadísticas Opta
20:59:24 [INFO]   → Extrayendo stats del iframe (fallback): eID=35232966
20:59:24 [DEBUG]   → Extrayendo todas las estadísticas del iframe...
20:59:24 [DEBUG]   → Extrayendo todas las estadísticas del iframe...
20:59:27 [INFO]   ✓ Fallback iframe exitoso: 10 campos capturados
20:59:27 [DEBUG]   → Iframe stats capturados: {'tiros_puerta_local': '10', 'tiros_puerta_visitante': '3', 'corners_local': '12', 'corners_visitante': '5', 'shots_off_target_local': '6', 'shots_off_target_visitante': '0', 'blocked_shots_local': '1', 'blocked_shots_visitante': '5', 'tiros_local': '17', 'tiros_visitante': '8'}
20:59:27 [DEBUG]   → Total stats en dict tras merge: 10
20:59:27 [DEBUG] [al-hazm-ksa-al-akhdoud-apuestas-35232966] → Extrayendo volumen matched...
20:59:39 [WARNING]   × Fallback iframe no encontró estadísticas
20:59:39 [DEBUG] [al-quadisiya-ksa-neom-sports-club-apuestas-3524103] → Extrayendo volumen matched...
20:59:39 [WARNING]   × Fallback iframe no encontró estadísticas
20:59:39 [DEBUG] [wolfsburgo-femenino-juventus-fc-w-apuestas-3510554] → Extrayendo volumen matched...
20:59:40 [DEBUG] [al-hazm-ksa-al-akhdoud-apuestas-35232966] → Extrayendo momentum...
20:59:40 [DEBUG]   → Buscando URL del iframe de stats para Momentum...
20:59:47 [DEBUG]   × No se encontró URL del iframe de stats
20:59:47 [INFO] ✓ [al-hazm-ksa-al-akhdoud-apuestas-35232966] Captura exitosa: pre_partido, min , -
20:59:52 [DEBUG] [al-quadisiya-ksa-neom-sports-club-apuestas-3524103] → Extrayendo momentum...
20:59:52 [DEBUG]   → Buscando URL del iframe de stats para Momentum...
20:59:52 [DEBUG] [wolfsburgo-femenino-juventus-fc-w-apuestas-3510554] → Extrayendo momentum...
20:59:52 [DEBUG]   → Buscando URL del iframe de stats para Momentum...
20:59:54 [DEBUG]   × No se encontró URL del iframe de stats
20:59:54 [INFO] ✓ [al-quadisiya-ksa-neom-sports-club-apuestas-3524103] Captura exitosa: pre_partido, min , -
20:59:54 [DEBUG]   × No se encontró URL del iframe de stats
20:59:54 [INFO] ✓ [wolfsburgo-femenino-juventus-fc-w-apuestas-3510554] Captura exitosa: pre_partido, min , -
20:59:54 [INFO] ✓ Captura paralela completada en 108.0s (8/8 exitosos)
20:59:54 [WARNING] Ciclo tardó 108.0s (> 30s). Iniciando siguiente ciclo inmediatamente.
20:59:54 [INFO] 
--- Ciclo #4 ---
20:59:54 [INFO] 📸 Capturando 8 partidos en paralelo...
20:59:55 [DEBUG] ✓ Actualizar clickeado: brentford-arsenal-apuestas-35212180
20:59:55 [DEBUG] ✓ Actualizar clickeado: sion-fc-basel-apuestas-35234028
20:59:55 [DEBUG] ✓ Actualizar clickeado: atl%C3%A9tico-de-madrid-femenino-manchester-united
20:59:55 [DEBUG] ✓ Actualizar clickeado: atl%C3%A9tico-de-madrid-fc-barcelona-apuestas-3523
20:59:55 [DEBUG] ✓ Actualizar clickeado: thun-lausanne-apuestas-35244305
20:59:55 [DEBUG] [brentford-arsenal-apuestas-35212180] → Extrayendo información del partido...
20:59:55 [DEBUG] [sion-fc-basel-apuestas-35234028] → Extrayendo información del partido...
20:59:55 [DEBUG] [atl%C3%A9tico-de-madrid-femenino-manchester-united] → Extrayendo información del partido...
20:59:55 [DEBUG] [atl%C3%A9tico-de-madrid-fc-barcelona-apuestas-3523] → Extrayendo información del partido...
20:59:55 [DEBUG] [thun-lausanne-apuestas-35244305] → Extrayendo información del partido...
21:00:02 [DEBUG] [al-quadisiya-ksa-neom-sports-club-apuestas-3524103] → Extrayendo información del partido...
21:00:02 [DEBUG] [al-hazm-ksa-al-akhdoud-apuestas-35232966] → Extrayendo información del partido...
21:00:02 [DEBUG] [wolfsburgo-femenino-juventus-fc-w-apuestas-3510554] → Extrayendo información del partido...
21:00:03 [DEBUG] [sion-fc-basel-apuestas-35234028] → Extrayendo cuotas Match Odds...
21:00:03 [DEBUG] [thun-lausanne-apuestas-35244305] → Extrayendo cuotas Match Odds...
21:00:06 [DEBUG] [sion-fc-basel-apuestas-35234028] → Extrayendo cuotas Over/Under...
21:00:06 [DEBUG] [thun-lausanne-apuestas-35244305] → Extrayendo cuotas Over/Under...
21:00:09 [DEBUG] [sion-fc-basel-apuestas-35234028] → Extrayendo cuotas Resultado Correcto...
21:00:09 [DEBUG] [thun-lausanne-apuestas-35244305] → Extrayendo cuotas Resultado Correcto...
21:00:12 [DEBUG] [sion-fc-basel-apuestas-35234028] → Extrayendo estadísticas del partido...
21:00:12 [DEBUG]   → Extrayendo eventId del HTML...
21:00:12 [DEBUG] Betfair event ID extraído del HTML: 35234028
21:00:12 [DEBUG] Consultando videoplayer: https://videoplayer.betfair.es/GetPlayer.do?eID=35234028&contentType=viz&contentView=mstats
21:00:12 [DEBUG] [thun-lausanne-apuestas-35244305] → Extrayendo estadísticas del partido...
21:00:12 [DEBUG]   → Extrayendo eventId del HTML...
21:00:12 [DEBUG] Betfair event ID extraído del HTML: 35244305
21:00:12 [DEBUG] Consultando videoplayer: https://videoplayer.betfair.es/GetPlayer.do?eID=35244305&contentType=viz&contentView=mstats
21:00:12 [INFO] EventId de Opta extraído: bomuidcdl673b8rje49cbj40k
21:00:12 [DEBUG]   ✓ EventId extraído: bomuidcdl673b8rje49cbj40k
21:00:12 [DEBUG]   → Obteniendo estadísticas de la API...
21:00:12 [INFO] 📊 Obteniendo todas las estadísticas para eventId: bomuidcdl673b8rje49cbj40k
21:00:12 [DEBUG] [atl%C3%A9tico-de-madrid-fc-barcelona-apuestas-3523] → Extrayendo cuotas Match Odds...
21:00:12 [DEBUG] [brentford-arsenal-apuestas-35212180] → Extrayendo cuotas Match Odds...
21:00:12 [DEBUG] [atl%C3%A9tico-de-madrid-femenino-manchester-united] → Extrayendo cuotas Match Odds...
21:00:12 [INFO] EventId de Opta extraído: bp7jffdb5v1x5ksth1cngff2s
21:00:12 [DEBUG]   ✓ EventId extraído: bp7jffdb5v1x5ksth1cngff2s
21:00:12 [DEBUG]   → Obteniendo estadísticas de la API...
21:00:12 [INFO] 📊 Obteniendo todas las estadísticas para eventId: bp7jffdb5v1x5ksth1cngff2s
21:00:13 [DEBUG] ✅ Summary stats obtenidas para bomuidcdl673b8rje49cbj40k
21:00:13 [DEBUG] ✅ Summary stats obtenidas para bp7jffdb5v1x5ksth1cngff2s
21:00:14 [DEBUG] No se encontró datos de momentum
21:00:14 [DEBUG] No se encontró datos de momentum
21:00:15 [DEBUG] [brentford-arsenal-apuestas-35212180] → Extrayendo cuotas Over/Under...
21:00:15 [DEBUG] [atl%C3%A9tico-de-madrid-fc-barcelona-apuestas-3523] → Extrayendo cuotas Over/Under...
21:00:15 [DEBUG] No se encontró teamStatsAttackingLv
21:00:15 [DEBUG] [atl%C3%A9tico-de-madrid-femenino-manchester-united] → Extrayendo cuotas Over/Under...
21:00:15 [DEBUG] No se encontró teamStatsAttackingLv
21:00:16 [DEBUG] No se encontró teamStatsDefenceLv
21:00:16 [DEBUG] No se encontró teamStatsDefenceLv
21:00:16 [DEBUG] No se encontró teamStatsXgLv ni xgData
21:00:16 [INFO] ✅ Estadísticas obtenidas: 1/5 endpoints
21:00:16 [DEBUG]   → Mapeando estadísticas...
21:00:16 [INFO]   ✓ Estadísticas capturadas vía API: 28/66 campos
21:00:16 [DEBUG]     → xG: 0.4008-0.189, Corners: 0-1
21:00:16 [DEBUG] [sion-fc-basel-apuestas-35234028] → Extrayendo volumen matched...
21:00:17 [DEBUG] No se encontró teamStatsXgLv ni xgData
21:00:17 [INFO] ✅ Estadísticas obtenidas: 1/5 endpoints
21:00:17 [DEBUG]   → Mapeando estadísticas...
21:00:17 [INFO]   ✓ Estadísticas capturadas vía API: 28/66 campos
21:00:17 [DEBUG]     → xG: 0.9449-0.0369, Corners: 1-0
21:00:17 [DEBUG] [thun-lausanne-apuestas-35244305] → Extrayendo volumen matched...
21:00:18 [DEBUG] [brentford-arsenal-apuestas-35212180] → Extrayendo cuotas Resultado Correcto...
21:00:18 [DEBUG] [atl%C3%A9tico-de-madrid-fc-barcelona-apuestas-3523] → Extrayendo cuotas Resultado Correcto...
21:00:18 [DEBUG] [atl%C3%A9tico-de-madrid-femenino-manchester-united] → Extrayendo cuotas Resultado Correcto...
21:00:20 [DEBUG] [wolfsburgo-femenino-juventus-fc-w-apuestas-3510554] → Extrayendo cuotas Match Odds...
21:00:20 [DEBUG] [al-hazm-ksa-al-akhdoud-apuestas-35232966] → Extrayendo cuotas Match Odds...
21:00:20 [DEBUG] [al-quadisiya-ksa-neom-sports-club-apuestas-3524103] → Extrayendo cuotas Match Odds...
21:00:21 [WARNING] ⟳ [wolfsburgo-femenino-juventus-fc-w-apuestas-3510554] Match Odds incompletos (0/3), refrescando...
21:00:21 [WARNING] ⟳ [al-hazm-ksa-al-akhdoud-apuestas-35232966] Match Odds incompletos (0/3), refrescando...
21:00:21 [WARNING] ⟳ [al-quadisiya-ksa-neom-sports-club-apuestas-3524103] Match Odds incompletos (0/3), refrescando...
21:00:21 [DEBUG] [brentford-arsenal-apuestas-35212180] → Extrayendo estadísticas del partido...
21:00:21 [DEBUG]   → Extrayendo eventId del HTML...
21:00:21 [DEBUG] Betfair event ID extraído de la URL: 35212180
21:00:21 [DEBUG] Consultando videoplayer: https://videoplayer.betfair.es/GetPlayer.do?eID=35212180&contentType=viz&contentView=mstats
21:00:21 [DEBUG] [atl%C3%A9tico-de-madrid-femenino-manchester-united] → Extrayendo estadísticas del partido...
21:00:21 [DEBUG]   → Extrayendo eventId del HTML...
21:00:21 [DEBUG] [atl%C3%A9tico-de-madrid-fc-barcelona-apuestas-3523] → Extrayendo estadísticas del partido...
21:00:21 [DEBUG]   → Extrayendo eventId del HTML...
21:00:21 [DEBUG] Betfair event ID extraído de la URL: 35105541
21:00:21 [DEBUG] Consultando videoplayer: https://videoplayer.betfair.es/GetPlayer.do?eID=35105541&contentType=viz&contentView=mstats
21:00:21 [DEBUG] Betfair event ID extraído de la URL: 35238124
21:00:21 [DEBUG] Consultando videoplayer: https://videoplayer.betfair.es/GetPlayer.do?eID=35238124&contentType=viz&contentView=mstats
21:00:22 [INFO] EventId de Opta extraído: 3ta3lmi2yhygyqebvoqytbf2s
21:00:22 [DEBUG]   ✓ EventId extraído: 3ta3lmi2yhygyqebvoqytbf2s
21:00:22 [DEBUG]   → Obteniendo estadísticas de la API...
21:00:22 [INFO] 📊 Obteniendo todas las estadísticas para eventId: 3ta3lmi2yhygyqebvoqytbf2s
21:00:22 [ERROR] Error consultando videoplayer endpoint: 404 Client Error:  for url: https://videoplayer.betfair.es/GetPlayer.do?eID=35105541&contentType=viz&contentView=mstats
21:00:22 [WARNING]   × No se pudo extraer eventId - partido sin estadísticas Opta
21:00:22 [INFO]   → Extrayendo stats del iframe (fallback): eID=35105541
21:00:22 [INFO] EventId de Opta extraído: 1z8gknoiuoiuh7z1mto3je9ec
21:00:22 [DEBUG]   ✓ EventId extraído: 1z8gknoiuoiuh7z1mto3je9ec
21:00:22 [DEBUG]   → Obteniendo estadísticas de la API...
21:00:22 [INFO] 📊 Obteniendo todas las estadísticas para eventId: 1z8gknoiuoiuh7z1mto3je9ec
21:00:22 [DEBUG]   → Extrayendo todas las estadísticas del iframe...
21:00:22 [DEBUG] ✅ Summary stats obtenidas para 3ta3lmi2yhygyqebvoqytbf2s
21:00:23 [DEBUG] ✅ Summary stats obtenidas para 1z8gknoiuoiuh7z1mto3je9ec
21:00:23 [DEBUG] No se encontró datos de momentum
21:00:23 [DEBUG] No se encontró datos de momentum
21:00:24 [DEBUG] No se encontró teamStatsAttackingLv
21:00:24 [DEBUG] No se encontró teamStatsAttackingLv
21:00:25 [DEBUG] No se encontró teamStatsDefenceLv
21:00:25 [DEBUG] No se encontró teamStatsDefenceLv
21:00:26 [DEBUG] No se encontró teamStatsXgLv ni xgData
21:00:26 [INFO] ✅ Estadísticas obtenidas: 1/5 endpoints
21:00:26 [DEBUG]   → Mapeando estadísticas...
21:00:26 [INFO]   ✓ Estadísticas capturadas vía API: 28/66 campos
21:00:26 [DEBUG]     → xG: 0.0-0.0, Corners: 0-0
21:00:26 [DEBUG] [atl%C3%A9tico-de-madrid-fc-barcelona-apuestas-3523] → Extrayendo volumen matched...
21:00:26 [DEBUG] No se encontró teamStatsXgLv ni xgData
21:00:26 [INFO] ✅ Estadísticas obtenidas: 1/5 endpoints
21:00:26 [DEBUG]   → Mapeando estadísticas...
21:00:26 [INFO]   ✓ Estadísticas capturadas vía API: 28/66 campos
21:00:26 [DEBUG]     → xG: 0.0-0.0, Corners: 0-0
21:00:26 [DEBUG] [brentford-arsenal-apuestas-35212180] → Extrayendo volumen matched...
21:00:29 [DEBUG] [sion-fc-basel-apuestas-35234028] → Extrayendo momentum...
21:00:29 [DEBUG]   → Buscando URL del iframe de stats para Momentum...
21:00:30 [DEBUG] [thun-lausanne-apuestas-35244305] → Extrayendo momentum...
21:00:30 [DEBUG]   → Buscando URL del iframe de stats para Momentum...
21:00:32 [DEBUG]   × No se encontró URL del iframe de stats
21:00:32 [INFO] ✓ [sion-fc-basel-apuestas-35234028] Captura exitosa: en_juego, min 28, 0-0
21:00:36 [DEBUG]   × No se encontró URL del iframe de stats
21:00:36 [INFO] ✓ [thun-lausanne-apuestas-35244305] Captura exitosa: en_juego, min 28, 2-0
21:00:38 [WARNING]   × Fallback iframe no encontró estadísticas
21:00:38 [DEBUG] [atl%C3%A9tico-de-madrid-femenino-manchester-united] → Extrayendo volumen matched...
21:00:39 [DEBUG] [atl%C3%A9tico-de-madrid-fc-barcelona-apuestas-3523] → Extrayendo momentum...
21:00:39 [DEBUG]   → Buscando URL del iframe de stats para Momentum...
21:00:39 [DEBUG] [brentford-arsenal-apuestas-35212180] → Extrayendo momentum...
21:00:39 [DEBUG]   → Buscando URL del iframe de stats para Momentum...
21:00:41 [DEBUG]   × No se encontró URL del iframe de stats
21:00:41 [INFO] ✓ [brentford-arsenal-apuestas-35212180] Captura exitosa: pre_partido, min , -
21:00:44 [DEBUG]   × No se encontró URL del iframe de stats
21:00:44 [INFO] ✓ [atl%C3%A9tico-de-madrid-fc-barcelona-apuestas-3523] Captura exitosa: pre_partido, min , -
21:00:49 [DEBUG] No se encontró banner de cookies (puede que ya esté aceptado)
21:00:49 [DEBUG] No se encontró banner de cookies (puede que ya esté aceptado)
21:00:49 [DEBUG] No se encontró banner de cookies (puede que ya esté aceptado)
21:00:50 [DEBUG] [atl%C3%A9tico-de-madrid-femenino-manchester-united] → Extrayendo momentum...
21:00:50 [DEBUG]   → Buscando URL del iframe de stats para Momentum...
21:00:53 [DEBUG]   × No se encontró URL del iframe de stats
21:00:53 [INFO] ✓ [atl%C3%A9tico-de-madrid-femenino-manchester-united] Captura exitosa: pre_partido, min , -
21:01:09 [DEBUG] [al-hazm-ksa-al-akhdoud-apuestas-35232966] → Extrayendo cuotas Over/Under...
21:01:09 [DEBUG] [wolfsburgo-femenino-juventus-fc-w-apuestas-3510554] → Extrayendo cuotas Over/Under...
21:01:09 [DEBUG] [al-quadisiya-ksa-neom-sports-club-apuestas-3524103] → Extrayendo cuotas Over/Under...
21:01:10 [DEBUG] [al-hazm-ksa-al-akhdoud-apuestas-35232966] → Extrayendo cuotas Resultado Correcto...
21:01:10 [DEBUG] [wolfsburgo-femenino-juventus-fc-w-apuestas-3510554] → Extrayendo cuotas Resultado Correcto...
21:01:10 [DEBUG] [al-quadisiya-ksa-neom-sports-club-apuestas-3524103] → Extrayendo cuotas Resultado Correcto...
21:01:11 [DEBUG] [wolfsburgo-femenino-juventus-fc-w-apuestas-3510554] → Extrayendo estadísticas del partido...
21:01:11 [DEBUG]   → Extrayendo eventId del HTML...
21:01:11 [DEBUG] [al-hazm-ksa-al-akhdoud-apuestas-35232966] → Extrayendo estadísticas del partido...
21:01:11 [DEBUG]   → Extrayendo eventId del HTML...
21:01:11 [DEBUG] Betfair event ID extraído de la URL: 35232966
21:01:11 [DEBUG] Consultando videoplayer: https://videoplayer.betfair.es/GetPlayer.do?eID=35232966&contentType=viz&contentView=mstats
21:01:11 [DEBUG] Betfair event ID extraído de la URL: 35105544
21:01:11 [DEBUG] Consultando videoplayer: https://videoplayer.betfair.es/GetPlayer.do?eID=35105544&contentType=viz&contentView=mstats
21:01:11 [DEBUG] [al-quadisiya-ksa-neom-sports-club-apuestas-3524103] → Extrayendo estadísticas del partido...
21:01:11 [DEBUG]   → Extrayendo eventId del HTML...
21:01:11 [DEBUG] Betfair event ID extraído de la URL: 35241036
21:01:11 [DEBUG] Consultando videoplayer: https://videoplayer.betfair.es/GetPlayer.do?eID=35241036&contentType=viz&contentView=mstats
21:01:11 [ERROR] Error consultando videoplayer endpoint: 404 Client Error:  for url: https://videoplayer.betfair.es/GetPlayer.do?eID=35105544&contentType=viz&contentView=mstats
21:01:11 [WARNING]   × No se pudo extraer eventId - partido sin estadísticas Opta
21:01:11 [INFO]   → Extrayendo stats del iframe (fallback): eID=35105544
21:01:11 [WARNING] No se encontró eventId de Opta en la respuesta del videoplayer
21:01:11 [WARNING]   × No se pudo extraer eventId - partido sin estadísticas Opta
21:01:11 [INFO]   → Extrayendo stats del iframe (fallback): eID=35232966
21:01:11 [ERROR] Error consultando videoplayer endpoint: 404 Client Error:  for url: https://videoplayer.betfair.es/GetPlayer.do?eID=35241036&contentType=viz&contentView=mstats
21:01:11 [WARNING]   × No se pudo extraer eventId - partido sin estadísticas Opta
21:01:11 [INFO]   → Extrayendo stats del iframe (fallback): eID=35241036
21:01:12 [DEBUG]   → Extrayendo todas las estadísticas del iframe...
21:01:12 [DEBUG]   → Extrayendo todas las estadísticas del iframe...
21:01:12 [DEBUG]   → Extrayendo todas las estadísticas del iframe...
21:01:15 [INFO]   ✓ Fallback iframe exitoso: 10 campos capturados
21:01:15 [DEBUG]   → Iframe stats capturados: {'tiros_puerta_local': '10', 'tiros_puerta_visitante': '3', 'corners_local': '12', 'corners_visitante': '5', 'shots_off_target_local': '6', 'shots_off_target_visitante': '0', 'blocked_shots_local': '1', 'blocked_shots_visitante': '5', 'tiros_local': '17', 'tiros_visitante': '8'}
21:01:15 [DEBUG]   → Total stats en dict tras merge: 10
21:01:15 [DEBUG] [al-hazm-ksa-al-akhdoud-apuestas-35232966] → Extrayendo volumen matched...
