00:08:55 [INFO] 📝 Log guardándose en: logs/scraper_20260215_000855.log
00:08:55 [INFO] Cargados 23 partidos desde games.csv
00:08:55 [INFO] 📅 MODO SCHEDULING ACTIVADO
00:08:55 [INFO]    Ventana tracking: 10 min antes → 150 min después
00:08:55 [INFO]    Total en CSV: 23 partidos
00:08:55 [INFO]    ✓ Partidos activos ahora: 23
00:08:55 [INFO]    ⏰ Partidos futuros: 0
00:08:55 [INFO]    ✅ Partidos finalizados: 0
00:08:55 [INFO] 🚀 Sistema multi-driver: Creando 23 drivers independientes (sin límite de tabs)
00:08:55 [INFO] 
Iniciando observador con 23 partidos.
00:08:55 [INFO] Ciclo: 30s | Output: data/
00:08:55 [INFO] 🔄 Recarga dinámica: Revisando games.csv cada 5 ciclos (scheduling)
00:08:56 [INFO] 🧹 Limpiando ventanas Betfair antiguas...
00:08:56 [WARNING] Script de limpieza no encontrado: C:\Users\agonz\OneDrive\Documents\Proyectos\Furbo\betfair_scraper\close_betfair_windows.ps1
00:08:56 [INFO] Cargados 23 partidos desde games.csv
00:08:56 [INFO] 
🚀 Iniciando 23 drivers Chrome (sistema multi-driver paralelo)...
00:08:56 [INFO] 🔧 Creando driver de login: Inter - Juventus
00:08:56 [INFO] 🔧 Creando driver para: Inter - Juventus
00:10:01 [DEBUG] Error aceptando cookies: ('Connection aborted.', ConnectionResetError(10054, 'Se ha forzado la interrupción de una conexión existente por el host remoto', None, 10054, None))
00:10:01 [INFO] ✓ Driver listo: inter-juventus-apuestas-35215842
00:10:01 [INFO] ============================================================
00:10:01 [INFO] HAZ LOGIN MANUAL en Betfair.es ahora.
00:10:01 [INFO] Tienes 0 segundos...
00:10:01 [INFO] El scraper comenzará automáticamente después.
00:10:01 [INFO] ============================================================
00:10:01 [INFO] 🔧 Creando 22 drivers adicionales en paralelo...
00:10:01 [INFO] 🔧 Creando driver para: Cagliari - Lazio
00:10:01 [INFO] 🔧 Creando driver para: Atlético de Madrid - Espanyol
00:10:01 [INFO] 🔧 Creando driver para: Girona - FC Barcelona
00:10:01 [INFO] 🔧 Creando driver para: Levante - Villarreal
00:10:01 [INFO] 🔧 Creando driver para: Athletic de Bilbao - Elche
00:10:01 [INFO] 🔧 Creando driver para: Real Sociedad - Oviedo
00:10:01 [INFO] 🔧 Creando driver para: Osasuna - Real Madrid
00:10:01 [INFO] 🔧 Creando driver para: Cagliari - Lecce
00:11:00 [INFO] ✓ Cookies aceptadas automáticamente
00:11:01 [INFO] ✓ Driver listo: levante-villarreal-apuestas-35242977
00:11:01 [INFO] 🔧 Creando driver para: Sassuolo - Verona
00:11:03 [DEBUG] No se encontró banner de cookies (puede que ya esté aceptado)
00:11:03 [INFO] ✓ Driver listo: athletic-de-bilbao-elche-apuestas-35245234
00:11:03 [INFO] 🔧 Creando driver para: Juventus - Como
00:11:04 [DEBUG] No se encontró banner de cookies (puede que ya esté aceptado)
00:11:04 [INFO] ✓ Driver listo: cagliari-lecce-apuestas-35216885
00:11:04 [INFO] 🔧 Creando driver para: Lecce - Inter
00:11:04 [INFO] ✓ Cookies aceptadas automáticamente
00:11:05 [INFO] ✓ Driver listo: real-sociedad-oviedo-apuestas-35244721
00:11:05 [INFO] 🔧 Creando driver para: Macclesfield - Brentford
00:11:06 [DEBUG] No se encontró banner de cookies (puede que ya esté aceptado)
00:11:06 [INFO] ✓ Driver listo: girona-fc-barcelona-apuestas-35216932
00:11:06 [INFO] 🔧 Creando driver para: Sociedad B - Málaga
00:11:06 [INFO] ✓ Cookies aceptadas automáticamente
00:11:07 [INFO] ✓ Driver listo: osasuna-real-madrid-apuestas-35244726
00:11:07 [INFO] 🔧 Creando driver para: Mainz - Hamburgo
00:11:12 [INFO] ✓ Cookies aceptadas automáticamente
00:11:12 [DEBUG] No se encontró banner de cookies (puede que ya esté aceptado)
00:11:12 [INFO] ✓ Driver listo: atl%C3%A9tico-de-madrid-espanyol-apuestas-35244577
00:11:12 [INFO] 🔧 Creando driver para: Unión Berlín - Leverkusen
00:11:13 [INFO] ✓ Driver listo: cagliari-lazio-apuestas-35243857
00:11:13 [INFO] 🔧 Creando driver para: Bayern Múnich - Eintracht Frankfurt
00:11:29 [INFO] ✓ Cookies aceptadas automáticamente
00:11:30 [INFO] ✓ Driver listo: lecce-inter-apuestas-35243175
00:11:30 [INFO] 🔧 Creando driver para: Colonia - Hoffenheim
00:11:31 [INFO] ✓ Cookies aceptadas automáticamente
00:11:32 [INFO] ✓ Driver listo: sassuolo-verona-apuestas-35245328
00:11:32 [INFO] 🔧 Creando driver para: Wolfsburgo - Augsburgo
00:11:35 [INFO] ✓ Cookies aceptadas automáticamente
00:11:36 [INFO] ✓ Driver listo: sociedad-b-m%C3%A1laga-apuestas-35248844
00:11:36 [INFO] 🔧 Creando driver para: RB Leipzig - Borussia Dortmund
00:11:41 [INFO] ✓ Cookies aceptadas automáticamente
00:11:42 [INFO] ✓ Cookies aceptadas automáticamente
00:11:42 [INFO] ✓ Driver listo: uni%C3%B3n-berl%C3%ADn-leverkusen-apuestas-3524414
00:11:42 [INFO] 🔧 Creando driver para: Friburgo - B Mönchengladbach
00:11:43 [INFO] ✓ Driver listo: juventus-como-apuestas-35243177
00:11:43 [INFO] 🔧 Creando driver para: St Pauli - Werder Bremen
00:11:48 [INFO] ✓ Cookies aceptadas automáticamente
00:11:49 [INFO] ✓ Driver listo: mainz-hamburgo-apuestas-35244047
00:11:49 [INFO] 🔧 Creando driver para: Mainz - Hamburger SV
00:12:10 [DEBUG] No se encontró banner de cookies (puede que ya esté aceptado)
00:12:10 [INFO] ✓ Driver listo: colonia-hoffenheim-apuestas-35244049
00:12:11 [INFO] ✓ Cookies aceptadas automáticamente
00:12:12 [DEBUG] No se encontró banner de cookies (puede que ya esté aceptado)
00:12:12 [INFO] ✓ Driver listo: bayern-m%C3%BAnich-eintracht-frankfurt-apuestas-35
00:12:12 [INFO] ✓ Driver listo: wolfsburgo-augsburgo-apuestas-35244044
00:12:34 [DEBUG] No se encontró banner de cookies (puede que ya esté aceptado)
00:12:34 [INFO] ✓ Driver listo: friburgo-b-m%C3%B6nchengladbach-apuestas-35244108
00:12:34 [DEBUG] No se encontró banner de cookies (puede que ya esté aceptado)
00:12:34 [INFO] ✓ Driver listo: st-pauli-werder-bremen-apuestas-35244116
00:12:40 [INFO] ✓ Cookies aceptadas automáticamente
00:12:41 [INFO] ✓ Driver listo: mainz-hamburger-sv-apuestas-35244047
00:12:43 [INFO] ✓ Cookies aceptadas automáticamente
00:12:44 [INFO] ✓ Driver listo: rb-leipzig-borussia-dortmund-apuestas-35244054
00:13:01 [WARNING] Timeout esperando drivers. Continuando con 22 drivers creados.
00:13:01 [INFO] ✓ 22 drivers creados exitosamente
00:13:01 [INFO] ============================================================
00:13:01 [INFO] CAPTURA INICIADA - Presiona Ctrl+C para detener
00:13:01 [INFO] ============================================================
00:13:01 [INFO] 
--- Ciclo #1 ---
00:13:01 [INFO] 📸 Capturando 22 partidos en paralelo...
00:13:02 [DEBUG] ✓ Actualizar clickeado: wolfsburgo-augsburgo-apuestas-35244044
00:13:02 [DEBUG] ✓ Actualizar clickeado: levante-villarreal-apuestas-35242977
00:13:02 [DEBUG] ✓ Actualizar clickeado: osasuna-real-madrid-apuestas-35244726
00:13:02 [DEBUG] ✓ Actualizar clickeado: sassuolo-verona-apuestas-35245328
00:13:02 [DEBUG] ✓ Actualizar clickeado: lecce-inter-apuestas-35243175
00:13:02 [DEBUG] ✓ Actualizar clickeado: real-sociedad-oviedo-apuestas-35244721
00:13:02 [DEBUG] ✓ Actualizar clickeado: cagliari-lazio-apuestas-35243857
00:13:02 [DEBUG] ✓ Actualizar clickeado: juventus-como-apuestas-35243177
00:13:02 [DEBUG] ✓ Actualizar clickeado: mainz-hamburgo-apuestas-35244047
00:13:02 [DEBUG] ✓ Actualizar clickeado: sociedad-b-m%C3%A1laga-apuestas-35248844
00:13:02 [DEBUG] ✓ Actualizar clickeado: uni%C3%B3n-berl%C3%ADn-leverkusen-apuestas-3524414
00:13:02 [DEBUG] ✓ Actualizar clickeado: mainz-hamburger-sv-apuestas-35244047
00:13:02 [DEBUG] ✓ Actualizar clickeado: rb-leipzig-borussia-dortmund-apuestas-35244054
00:13:02 [DEBUG] [wolfsburgo-augsburgo-apuestas-35244044] → Extrayendo información del partido...
00:13:02 [DEBUG] [levante-villarreal-apuestas-35242977] → Extrayendo información del partido...
00:13:02 [DEBUG] [osasuna-real-madrid-apuestas-35244726] → Extrayendo información del partido...
00:13:02 [DEBUG] [lecce-inter-apuestas-35243175] → Extrayendo información del partido...
00:13:02 [DEBUG] [sassuolo-verona-apuestas-35245328] → Extrayendo información del partido...
00:13:02 [DEBUG] [real-sociedad-oviedo-apuestas-35244721] → Extrayendo información del partido...
00:13:02 [DEBUG] [cagliari-lazio-apuestas-35243857] → Extrayendo información del partido...
00:13:02 [DEBUG] [mainz-hamburgo-apuestas-35244047] → Extrayendo información del partido...
00:13:02 [DEBUG] [juventus-como-apuestas-35243177] → Extrayendo información del partido...
00:13:02 [DEBUG] [sociedad-b-m%C3%A1laga-apuestas-35248844] → Extrayendo información del partido...
00:13:02 [DEBUG] [uni%C3%B3n-berl%C3%ADn-leverkusen-apuestas-3524414] → Extrayendo información del partido...
00:13:02 [DEBUG] [mainz-hamburger-sv-apuestas-35244047] → Extrayendo información del partido...
00:13:02 [DEBUG] [rb-leipzig-borussia-dortmund-apuestas-35244054] → Extrayendo información del partido...
00:13:03 [DEBUG] Actualizar omitido para athletic-de-bilbao-elche-apuestas-35245234: Message: element click intercepted: Element <button class="refresh-btn marketview-resize" ng-if="ctrl.data.refreshMarket.visible &amp;&amp; ctrl.data.marketHeaderTheme === 'marketview'" ng-click="ctrl.data.refreshMarket.onClick()" ng-bind="::ctrl.data.refreshMarket.label">...</button> is not clickable at point (1363, 215). Other element would receive the click: <div class="onetrust-pc-dark-filter ot-fade-in" style="z-index:2147483645;"></div>
  (Session info: chrome=144.0.7559.133); For documentation on this error, please visit: https://www.selenium.dev/documentation/webdriver/troubleshooting/errors#elementclickinterceptedexception
Stacktrace:
Symbols not available. Dumping unresolved backtrace:
	0x5f5093
	0x5f50d4
	0x3eb490
	0x43bfd8
	0x43a1e9
	0x437ba2
	0x436db4
	0x42b4f8
	0x4581bc
	0x42af34
	0x458384
	0x475341
	0x457f56
	0x4296c9
	0x42a484
	0x847e34
	0x8430c9
	0x860add
	0x60db38
	0x6158ad
	0x5fd848
	0x5fda12
	0x5e75fa
	0x74dd5d49
	0x76edd83b
	0x76edd7c1

00:13:03 [DEBUG] Actualizar omitido para friburgo-b-m%C3%B6nchengladbach-apuestas-35244108: Message: element click intercepted: Element <button class="refresh-btn marketview-resize" ng-if="ctrl.data.refreshMarket.visible &amp;&amp; ctrl.data.marketHeaderTheme === 'marketview'" ng-click="ctrl.data.refreshMarket.onClick()" ng-bind="::ctrl.data.refreshMarket.label">...</button> is not clickable at point (1363, 215). Other element would receive the click: <div class="onetrust-pc-dark-filter ot-fade-in" style="z-index:2147483645;"></div>
  (Session info: chrome=144.0.7559.133); For documentation on this error, please visit: https://www.selenium.dev/documentation/webdriver/troubleshooting/errors#elementclickinterceptedexception
Stacktrace:
Symbols not available. Dumping unresolved backtrace:
	0x5f5093
	0x5f50d4
	0x3eb490
	0x43bfd8
	0x43a1e9
	0x437ba2
	0x436db4
	0x42b4f8
	0x4581bc
	0x42af34
	0x458384
	0x475341
	0x457f56
	0x4296c9
	0x42a484
	0x847e34
	0x8430c9
	0x860add
	0x60db38
	0x6158ad
	0x5fd848
	0x5fda12
	0x5e75fa
	0x74dd5d49
	0x76edd83b
	0x76edd7c1

00:13:03 [DEBUG] Actualizar omitido para girona-fc-barcelona-apuestas-35216932: Message: element click intercepted: Element <button class="refresh-btn marketview-resize" ng-if="ctrl.data.refreshMarket.visible &amp;&amp; ctrl.data.marketHeaderTheme === 'marketview'" ng-click="ctrl.data.refreshMarket.onClick()" ng-bind="::ctrl.data.refreshMarket.label">...</button> is not clickable at point (1363, 215). Other element would receive the click: <div class="onetrust-pc-dark-filter ot-fade-in" style="z-index:2147483645;"></div>
  (Session info: chrome=144.0.7559.133); For documentation on this error, please visit: https://www.selenium.dev/documentation/webdriver/troubleshooting/errors#elementclickinterceptedexception
Stacktrace:
Symbols not available. Dumping unresolved backtrace:
	0x5f5093
	0x5f50d4
	0x3eb490
	0x43bfd8
	0x43a1e9
	0x437ba2
	0x436db4
	0x42b4f8
	0x4581bc
	0x42af34
	0x458384
	0x475341
	0x457f56
	0x4296c9
	0x42a484
	0x847e34
	0x8430c9
	0x860add
	0x60db38
	0x6158ad
	0x5fd848
	0x5fda12
	0x5e75fa
	0x74dd5d49
	0x76edd83b
	0x76edd7c1

00:13:03 [DEBUG] Actualizar omitido para atl%C3%A9tico-de-madrid-espanyol-apuestas-35244577: Message: element click intercepted: Element <button class="refresh-btn marketview-resize" ng-if="ctrl.data.refreshMarket.visible &amp;&amp; ctrl.data.marketHeaderTheme === 'marketview'" ng-click="ctrl.data.refreshMarket.onClick()" ng-bind="::ctrl.data.refreshMarket.label">...</button> is not clickable at point (1363, 215). Other element would receive the click: <div class="onetrust-pc-dark-filter ot-fade-in" style="z-index:2147483645;"></div>
  (Session info: chrome=144.0.7559.133); For documentation on this error, please visit: https://www.selenium.dev/documentation/webdriver/troubleshooting/errors#elementclickinterceptedexception
Stacktrace:
Symbols not available. Dumping unresolved backtrace:
	0x5f5093
	0x5f50d4
	0x3eb490
	0x43bfd8
	0x43a1e9
	0x437ba2
	0x436db4
	0x42b4f8
	0x4581bc
	0x42af34
	0x458384
	0x475341
	0x457f56
	0x4296c9
	0x42a484
	0x847e34
	0x8430c9
	0x860add
	0x60db38
	0x6158ad
	0x5fd848
	0x5fda12
	0x5e75fa
	0x74dd5d49
	0x76edd83b
	0x76edd7c1

00:13:03 [DEBUG] [athletic-de-bilbao-elche-apuestas-35245234] → Extrayendo información del partido...
00:13:03 [DEBUG] [friburgo-b-m%C3%B6nchengladbach-apuestas-35244108] → Extrayendo información del partido...
00:13:03 [DEBUG] [girona-fc-barcelona-apuestas-35216932] → Extrayendo información del partido...
00:13:03 [DEBUG] [atl%C3%A9tico-de-madrid-espanyol-apuestas-35244577] → Extrayendo información del partido...
00:13:03 [DEBUG] Actualizar omitido para colonia-hoffenheim-apuestas-35244049: Message: element click intercepted: Element <button class="refresh-btn marketview-resize" ng-if="ctrl.data.refreshMarket.visible &amp;&amp; ctrl.data.marketHeaderTheme === 'marketview'" ng-click="ctrl.data.refreshMarket.onClick()" ng-bind="::ctrl.data.refreshMarket.label">...</button> is not clickable at point (1363, 215). Other element would receive the click: <div class="onetrust-pc-dark-filter ot-fade-in" style="z-index:2147483645;"></div>
  (Session info: chrome=144.0.7559.133); For documentation on this error, please visit: https://www.selenium.dev/documentation/webdriver/troubleshooting/errors#elementclickinterceptedexception
Stacktrace:
Symbols not available. Dumping unresolved backtrace:
	0x5f5093
	0x5f50d4
	0x3eb490
	0x43bfd8
	0x43a1e9
	0x437ba2
	0x436db4
	0x42b4f8
	0x4581bc
	0x42af34
	0x458384
	0x475341
	0x457f56
	0x4296c9
	0x42a484
	0x847e34
	0x8430c9
	0x860add
	0x60db38
	0x6158ad
	0x5fd848
	0x5fda12
	0x5e75fa
	0x74dd5d49
	0x76edd83b
	0x76edd7c1

00:13:03 [DEBUG] Actualizar omitido para bayern-m%C3%BAnich-eintracht-frankfurt-apuestas-35: Message: element click intercepted: Element <button class="refresh-btn marketview-resize" ng-if="ctrl.data.refreshMarket.visible &amp;&amp; ctrl.data.marketHeaderTheme === 'marketview'" ng-click="ctrl.data.refreshMarket.onClick()" ng-bind="::ctrl.data.refreshMarket.label">...</button> is not clickable at point (1363, 215). Other element would receive the click: <div class="onetrust-pc-dark-filter ot-fade-in" style="z-index:2147483645;"></div>
  (Session info: chrome=144.0.7559.133); For documentation on this error, please visit: https://www.selenium.dev/documentation/webdriver/troubleshooting/errors#elementclickinterceptedexception
Stacktrace:
Symbols not available. Dumping unresolved backtrace:
	0x5f5093
	0x5f50d4
	0x3eb490
	0x43bfd8
	0x43a1e9
	0x437ba2
	0x436db4
	0x42b4f8
	0x4581bc
	0x42af34
	0x458384
	0x475341
	0x457f56
	0x4296c9
	0x42a484
	0x847e34
	0x8430c9
	0x860add
	0x60db38
	0x6158ad
	0x5fd848
	0x5fda12
	0x5e75fa
	0x74dd5d49
	0x76edd83b
	0x76edd7c1

00:13:03 [DEBUG] [colonia-hoffenheim-apuestas-35244049] → Extrayendo información del partido...
00:13:03 [DEBUG] Actualizar omitido para cagliari-lecce-apuestas-35216885: Message: element click intercepted: Element <button class="refresh-btn marketview-resize" ng-if="ctrl.data.refreshMarket.visible &amp;&amp; ctrl.data.marketHeaderTheme === 'marketview'" ng-click="ctrl.data.refreshMarket.onClick()" ng-bind="::ctrl.data.refreshMarket.label">...</button> is not clickable at point (1363, 215). Other element would receive the click: <div class="onetrust-pc-dark-filter ot-fade-in" style="z-index:2147483645;"></div>
  (Session info: chrome=144.0.7559.133); For documentation on this error, please visit: https://www.selenium.dev/documentation/webdriver/troubleshooting/errors#elementclickinterceptedexception
Stacktrace:
Symbols not available. Dumping unresolved backtrace:
	0x5f5093
	0x5f50d4
	0x3eb490
	0x43bfd8
	0x43a1e9
	0x437ba2
	0x436db4
	0x42b4f8
	0x4581bc
	0x42af34
	0x458384
	0x475341
	0x457f56
	0x4296c9
	0x42a484
	0x847e34
	0x8430c9
	0x860add
	0x60db38
	0x6158ad
	0x5fd848
	0x5fda12
	0x5e75fa
	0x74dd5d49
	0x76edd83b
	0x76edd7c1

00:13:03 [DEBUG] Actualizar omitido para st-pauli-werder-bremen-apuestas-35244116: Message: element click intercepted: Element <button class="refresh-btn marketview-resize" ng-if="ctrl.data.refreshMarket.visible &amp;&amp; ctrl.data.marketHeaderTheme === 'marketview'" ng-click="ctrl.data.refreshMarket.onClick()" ng-bind="::ctrl.data.refreshMarket.label">...</button> is not clickable at point (1363, 215). Other element would receive the click: <div class="onetrust-pc-dark-filter ot-fade-in" style="z-index:2147483645;"></div>
  (Session info: chrome=144.0.7559.133); For documentation on this error, please visit: https://www.selenium.dev/documentation/webdriver/troubleshooting/errors#elementclickinterceptedexception
Stacktrace:
Symbols not available. Dumping unresolved backtrace:
	0x5f5093
	0x5f50d4
	0x3eb490
	0x43bfd8
	0x43a1e9
	0x437ba2
	0x436db4
	0x42b4f8
	0x4581bc
	0x42af34
	0x458384
	0x475341
	0x457f56
	0x4296c9
	0x42a484
	0x847e34
	0x8430c9
	0x860add
	0x60db38
	0x6158ad
	0x5fd848
	0x5fda12
	0x5e75fa
	0x74dd5d49
	0x76edd83b
	0x76edd7c1

00:13:03 [DEBUG] [bayern-m%C3%BAnich-eintracht-frankfurt-apuestas-35] → Extrayendo información del partido...
00:13:03 [DEBUG] [cagliari-lecce-apuestas-35216885] → Extrayendo información del partido...
00:13:03 [DEBUG] [st-pauli-werder-bremen-apuestas-35244116] → Extrayendo información del partido...
