00:25:42 [INFO] 📝 Log guardándose en: logs/scraper_20260215_002542.log
00:25:42 [INFO] Cargados 22 partidos desde games.csv
00:25:42 [INFO] 📅 MODO SCHEDULING ACTIVADO
00:25:42 [INFO]    Ventana tracking: 10 min antes → 150 min después
00:25:42 [INFO]    Total en CSV: 22 partidos
00:25:42 [INFO]    ✓ Partidos activos ahora: 22
00:25:42 [INFO]    ⏰ Partidos futuros: 0
00:25:42 [INFO]    ✅ Partidos finalizados: 0
00:25:42 [INFO] 🚀 Sistema multi-driver: Creando 22 drivers independientes (sin límite de tabs)
00:25:42 [INFO] 
Iniciando observador con 22 partidos.
00:25:42 [INFO] Ciclo: 30s | Output: data/
00:25:42 [INFO] 🔄 Recarga dinámica: Revisando games.csv cada 5 ciclos (scheduling)
00:25:43 [INFO] 🧹 Limpiando ventanas Betfair antiguas...
00:25:43 [WARNING] Script de limpieza no encontrado: C:\Users\agonz\OneDrive\Documents\Proyectos\Furbo\betfair_scraper\close_betfair_windows.ps1
00:25:43 [INFO] Cargados 22 partidos desde games.csv
00:25:43 [INFO] 
🚀 Iniciando 22 drivers Chrome (sistema multi-driver paralelo)...
00:25:43 [INFO] 🔧 Creando driver de login: Atlético de Madrid - Espanyol
00:25:43 [INFO] 🔧 Creando driver para: Atlético de Madrid - Espanyol
00:25:49 [INFO] ✓ Cookies aceptadas automáticamente
00:25:50 [INFO] ✓ Driver listo: atl%C3%A9tico-de-madrid-espanyol-apuestas-35244577
00:25:50 [INFO] ============================================================
00:25:50 [INFO] HAZ LOGIN MANUAL en Betfair.es ahora.
00:25:50 [INFO] Tienes 0 segundos...
00:25:50 [INFO] El scraper comenzará automáticamente después.
00:25:50 [INFO] ============================================================
00:25:50 [INFO] 🔧 Creando 21 drivers adicionales en paralelo...
00:25:50 [INFO] 🔧 Creando driver para: Girona - FC Barcelona
00:25:50 [INFO] 🔧 Creando driver para: Levante - Villarreal
00:25:50 [INFO] 🔧 Creando driver para: Athletic de Bilbao - Elche
00:25:50 [INFO] 🔧 Creando driver para: Real Sociedad - Oviedo
00:25:50 [INFO] 🔧 Creando driver para: Osasuna - Real Madrid
00:25:50 [INFO] 🔧 Creando driver para: Cagliari - Lecce
00:25:50 [INFO] 🔧 Creando driver para: Sassuolo - Verona
00:25:50 [INFO] 🔧 Creando driver para: Juventus - Como
00:26:01 [INFO] ✓ Cookies aceptadas automáticamente
00:26:01 [INFO] ✓ Cookies aceptadas automáticamente
00:26:02 [INFO] ✓ Driver listo: cagliari-lecce-apuestas-35216885
00:26:02 [INFO] 🔧 Creando driver para: Lecce - Inter
00:26:02 [INFO] ✓ Driver listo: juventus-como-apuestas-35243177
00:26:02 [INFO] 🔧 Creando driver para: Macclesfield - Brentford
00:26:02 [INFO] ✓ Cookies aceptadas automáticamente
00:26:03 [INFO] ✓ Cookies aceptadas automáticamente
00:26:03 [INFO] ✓ Driver listo: athletic-de-bilbao-elche-apuestas-35245234
00:26:03 [INFO] 🔧 Creando driver para: Sociedad B - Málaga
00:26:04 [INFO] ✓ Driver listo: sassuolo-verona-apuestas-35245328
00:26:04 [INFO] 🔧 Creando driver para: Mainz - Hamburgo
00:26:10 [INFO] ✓ Cookies aceptadas automáticamente
00:26:11 [INFO] ✓ Driver listo: levante-villarreal-apuestas-35242977
00:26:11 [INFO] 🔧 Creando driver para: Unión Berlín - Leverkusen
00:26:11 [INFO] ✓ Cookies aceptadas automáticamente
00:26:12 [INFO] ✓ Driver listo: girona-fc-barcelona-apuestas-35216932
00:26:12 [INFO] 🔧 Creando driver para: Bayern Múnich - Eintracht Frankfurt
00:26:29 [DEBUG] No se encontró banner de cookies (puede que ya esté aceptado)
00:26:29 [INFO] ✓ Driver listo: osasuna-real-madrid-apuestas-35244726
00:26:29 [INFO] 🔧 Creando driver para: Colonia - Hoffenheim
00:26:30 [DEBUG] No se encontró banner de cookies (puede que ya esté aceptado)
00:26:30 [INFO] ✓ Driver listo: real-sociedad-oviedo-apuestas-35244721
00:26:30 [INFO] 🔧 Creando driver para: Wolfsburgo - Augsburgo
00:26:34 [INFO] ✓ Cookies aceptadas automáticamente
00:26:35 [INFO] ✓ Cookies aceptadas automáticamente
00:26:35 [INFO] ✓ Driver listo: macclesfield-brentford-apuestas-35172764
00:26:35 [INFO] 🔧 Creando driver para: RB Leipzig - Borussia Dortmund
00:26:36 [INFO] ✓ Driver listo: lecce-inter-apuestas-35243175
00:26:36 [INFO] 🔧 Creando driver para: Friburgo - B Mönchengladbach
00:26:36 [INFO] ✓ Cookies aceptadas automáticamente
00:26:37 [INFO] ✓ Driver listo: bayern-m%C3%BAnich-eintracht-frankfurt-apuestas-35
00:26:37 [INFO] 🔧 Creando driver para: St Pauli - Werder Bremen
00:26:39 [DEBUG] No se encontró banner de cookies (puede que ya esté aceptado)
00:26:39 [INFO] ✓ Driver listo: sociedad-b-m%C3%A1laga-apuestas-35248844
00:26:39 [INFO] 🔧 Creando driver para: Mainz - Hamburger SV
00:26:45 [INFO] ✓ Cookies aceptadas automáticamente
00:26:45 [INFO] ✓ Cookies aceptadas automáticamente
00:26:46 [INFO] ✓ Driver listo: wolfsburgo-augsburgo-apuestas-35244044
00:26:46 [INFO] 🔧 Creando driver para: Cagliari - Lazio
00:26:46 [INFO] ✓ Driver listo: uni%C3%B3n-berl%C3%ADn-leverkusen-apuestas-3524414
00:26:49 [INFO] ✓ Cookies aceptadas automáticamente
00:26:50 [INFO] ✓ Driver listo: friburgo-b-m%C3%B6nchengladbach-apuestas-35244108
