22:34:01 [INFO] 📝 Log guardándose en: logs/scraper_20260212_223401.log
22:34:01 [INFO] Cargados 10 partidos desde games.csv
22:34:01 [INFO] 📅 MODO SCHEDULING ACTIVADO
22:34:01 [INFO]    Ventana tracking: 10 min antes → 150 min después
22:34:01 [INFO]    Total en CSV: 10 partidos
22:34:01 [INFO]    ✓ Partidos activos ahora: 5
22:34:01 [INFO]    ⏰ Partidos futuros: 2
22:34:01 [INFO]    ✅ Partidos finalizados: 3
22:34:01 [INFO] 
📋 Próximos partidos a trackear:
22:34:01 [INFO]       Athletico-PR - Santos (en 26 min)
22:34:01 [INFO]       Tigre - Aldosivi (en 26 min)
22:34:01 [INFO] 🚀 Sistema multi-driver: Creando 5 drivers independientes (sin límite de tabs)
22:34:01 [INFO] 
Iniciando observador con 5 partidos.
22:34:01 [INFO] Ciclo: 30s | Output: data/
22:34:01 [INFO] 🔄 Recarga dinámica: Revisando games.csv cada 5 ciclos (scheduling)
22:34:01 [INFO] 🧹 Limpiando ventanas Betfair antiguas...
22:34:01 [WARNING] Script de limpieza no encontrado: C:\Users\agonz\OneDrive\Documents\Proyectos\Furbo\betfair_scraper\close_betfair_windows.ps1
22:34:01 [INFO] Cargados 10 partidos desde games.csv
22:34:01 [INFO] 
🚀 Iniciando 5 drivers Chrome (sistema multi-driver paralelo)...
22:34:01 [INFO] 🔧 Creando driver de login: Sion - FC Basel
22:34:01 [INFO] 🔧 Creando driver para: Sion - FC Basel
22:34:07 [INFO] ✓ Cookies aceptadas automáticamente
22:34:08 [INFO] ✓ Driver listo: sion-fc-basel-apuestas-35234028
22:34:08 [INFO] ============================================================
22:34:08 [INFO] HAZ LOGIN MANUAL en Betfair.es ahora.
22:34:08 [INFO] Tienes 0 segundos...
22:34:08 [INFO] El scraper comenzará automáticamente después.
22:34:08 [INFO] ============================================================
22:34:08 [INFO] 🔧 Creando 4 drivers adicionales en paralelo...
22:34:08 [INFO] 🔧 Creando driver para: Thun - Lausanne
22:34:08 [INFO] 🔧 Creando driver para: Atlético de Madrid Femenino - Manchester United Fe
22:34:08 [INFO] 🔧 Creando driver para: Atlético de Madrid - FC Barcelona
22:34:08 [INFO] 🔧 Creando driver para: Brentford - Arsenal
22:34:14 [INFO] ✓ Cookies aceptadas automáticamente
22:34:15 [INFO] ✓ Driver listo: atl%C3%A9tico-de-madrid-fc-barcelona-apuestas-3523
22:34:16 [INFO] ✓ Cookies aceptadas automáticamente
22:34:16 [INFO] ✓ Cookies aceptadas automáticamente
22:34:17 [INFO] ✓ Driver listo: brentford-arsenal-apuestas-35212180
22:34:17 [INFO] ✓ Driver listo: thun-lausanne-apuestas-35244305
22:34:19 [INFO] ✓ Cookies aceptadas automáticamente
22:34:20 [INFO] ✓ Driver listo: atl%C3%A9tico-de-madrid-femenino-manchester-united
22:34:20 [INFO] ✓ 5 drivers creados exitosamente
22:34:20 [INFO] ============================================================
22:34:20 [INFO] CAPTURA INICIADA - Presiona Ctrl+C para detener
22:34:20 [INFO] ============================================================
22:34:20 [INFO] 
--- Ciclo #1 ---
22:34:20 [INFO] 📸 Capturando 5 partidos en paralelo...
22:34:20 [DEBUG] ✓ Actualizar clickeado: atl%C3%A9tico-de-madrid-fc-barcelona-apuestas-3523
22:34:20 [DEBUG] ✓ Actualizar clickeado: atl%C3%A9tico-de-madrid-femenino-manchester-united
22:34:20 [DEBUG] ✓ Actualizar clickeado: brentford-arsenal-apuestas-35212180
22:34:21 [DEBUG] [atl%C3%A9tico-de-madrid-fc-barcelona-apuestas-3523] → Extrayendo información del partido...
22:34:21 [DEBUG] [atl%C3%A9tico-de-madrid-femenino-manchester-united] → Extrayendo información del partido...
22:34:21 [DEBUG] [brentford-arsenal-apuestas-35212180] → Extrayendo información del partido...
22:34:28 [DEBUG] [sion-fc-basel-apuestas-35234028] → Extrayendo información del partido...
22:34:28 [DEBUG] [thun-lausanne-apuestas-35244305] → Extrayendo información del partido...
22:34:29 [DEBUG] [atl%C3%A9tico-de-madrid-fc-barcelona-apuestas-3523] → Extrayendo cuotas Match Odds...
22:34:29 [DEBUG] [atl%C3%A9tico-de-madrid-femenino-manchester-united] → Extrayendo cuotas Match Odds...
22:34:29 [DEBUG] [brentford-arsenal-apuestas-35212180] → Extrayendo cuotas Match Odds...
22:34:31 [DEBUG] [atl%C3%A9tico-de-madrid-fc-barcelona-apuestas-3523] → Extrayendo cuotas Over/Under...
22:34:31 [DEBUG] [atl%C3%A9tico-de-madrid-femenino-manchester-united] → Extrayendo cuotas Over/Under...
22:34:32 [DEBUG] [brentford-arsenal-apuestas-35212180] → Extrayendo cuotas Over/Under...
22:34:34 [DEBUG] [atl%C3%A9tico-de-madrid-fc-barcelona-apuestas-3523] → Extrayendo cuotas Resultado Correcto...
22:34:34 [DEBUG] [atl%C3%A9tico-de-madrid-femenino-manchester-united] → Extrayendo cuotas Resultado Correcto...
22:34:34 [DEBUG] [brentford-arsenal-apuestas-35212180] → Extrayendo cuotas Resultado Correcto...
22:34:36 [DEBUG] [atl%C3%A9tico-de-madrid-fc-barcelona-apuestas-3523] → Extrayendo estadísticas del partido...
22:34:36 [DEBUG]   → Extrayendo eventId del HTML...
22:34:36 [DEBUG] Betfair event ID extraído del HTML: 35238124
22:34:36 [DEBUG] Consultando videoplayer: https://videoplayer.betfair.es/GetPlayer.do?eID=35238124&contentType=viz&contentView=mstats
22:34:37 [DEBUG] [atl%C3%A9tico-de-madrid-femenino-manchester-united] → Extrayendo estadísticas del partido...
22:34:37 [DEBUG]   → Extrayendo eventId del HTML...
22:34:37 [DEBUG] [brentford-arsenal-apuestas-35212180] → Extrayendo estadísticas del partido...
22:34:37 [DEBUG]   → Extrayendo eventId del HTML...
22:34:37 [DEBUG] Betfair event ID extraído del HTML: 35105541
22:34:37 [DEBUG] Consultando videoplayer: https://videoplayer.betfair.es/GetPlayer.do?eID=35105541&contentType=viz&contentView=mstats
22:34:37 [DEBUG] Betfair event ID extraído del HTML: 35212180
22:34:37 [DEBUG] Consultando videoplayer: https://videoplayer.betfair.es/GetPlayer.do?eID=35212180&contentType=viz&contentView=mstats
22:34:37 [INFO] EventId de Opta extraído: 1z8gknoiuoiuh7z1mto3je9ec
22:34:37 [DEBUG]   ✓ EventId extraído: 1z8gknoiuoiuh7z1mto3je9ec
22:34:37 [DEBUG]   → Obteniendo estadísticas de la API...
22:34:37 [INFO] 📊 Obteniendo todas las estadísticas para eventId: 1z8gknoiuoiuh7z1mto3je9ec
22:34:37 [ERROR] Error consultando videoplayer endpoint: 404 Client Error:  for url: https://videoplayer.betfair.es/GetPlayer.do?eID=35105541&contentType=viz&contentView=mstats
22:34:37 [WARNING]   × No se pudo extraer eventId - partido sin estadísticas Opta
22:34:37 [INFO]   → Extrayendo stats del iframe (fallback): eID=35105541
22:34:37 [INFO] EventId de Opta extraído: 3ta3lmi2yhygyqebvoqytbf2s
22:34:37 [DEBUG]   ✓ EventId extraído: 3ta3lmi2yhygyqebvoqytbf2s
22:34:37 [DEBUG]   → Obteniendo estadísticas de la API...
22:34:37 [INFO] 📊 Obteniendo todas las estadísticas para eventId: 3ta3lmi2yhygyqebvoqytbf2s
22:34:38 [DEBUG] ✅ Summary stats obtenidas para 1z8gknoiuoiuh7z1mto3je9ec
22:34:38 [DEBUG] ✅ Summary stats obtenidas para 3ta3lmi2yhygyqebvoqytbf2s
22:34:39 [DEBUG] ✅ Momentum calculado: Home=953.03, Away=1579.16 (76 puntos)
22:34:39 [DEBUG] ✅ Momentum data obtenida para 1z8gknoiuoiuh7z1mto3je9ec
22:34:39 [DEBUG] ✅ Momentum calculado: Home=1282.08, Away=1820.31 (78 puntos)
22:34:39 [DEBUG] ✅ Momentum data obtenida para 3ta3lmi2yhygyqebvoqytbf2s
22:34:40 [DEBUG] No se encontró teamStatsAttackingLv
22:34:40 [DEBUG] No se encontró teamStatsAttackingLv
22:34:41 [DEBUG] No se encontró teamStatsDefenceLv
22:34:41 [DEBUG] No se encontró teamStatsDefenceLv
22:34:42 [DEBUG] No se encontró teamStatsXgLv ni xgData
22:34:42 [INFO] ✅ Estadísticas obtenidas: 2/5 endpoints
22:34:42 [DEBUG]   → Mapeando estadísticas...
22:34:42 [DEBUG]     → Momentum vía API: 953.03-1579.16
22:34:42 [INFO]   ✓ Estadísticas capturadas vía API: 30/68 campos
22:34:42 [DEBUG]     → xG: 1.6658-0.8265, Corners: 4-6
22:34:42 [DEBUG] [atl%C3%A9tico-de-madrid-fc-barcelona-apuestas-3523] → Extrayendo volumen matched...
22:34:42 [DEBUG] No se encontró teamStatsXgLv ni xgData
22:34:42 [INFO] ✅ Estadísticas obtenidas: 2/5 endpoints
22:34:42 [DEBUG]   → Mapeando estadísticas...
22:34:42 [DEBUG]     → Momentum vía API: 1282.08-1820.31
22:34:42 [INFO]   ✓ Estadísticas capturadas vía API: 30/68 campos
22:34:42 [DEBUG]     → xG: 1.0885-0.5259, Corners: 4-4
22:34:42 [DEBUG] [brentford-arsenal-apuestas-35212180] → Extrayendo volumen matched...
22:34:46 [DEBUG] [sion-fc-basel-apuestas-35234028] → Extrayendo cuotas Match Odds...
22:34:46 [DEBUG] [thun-lausanne-apuestas-35244305] → Extrayendo cuotas Match Odds...
22:34:47 [WARNING] ⟳ [sion-fc-basel-apuestas-35234028] Match Odds incompletos (0/3), refrescando...
22:34:47 [WARNING] ⟳ [thun-lausanne-apuestas-35244305] Match Odds incompletos (0/3), refrescando...
22:34:51 [WARNING]   × Timeout esperando estadísticas básicas
22:34:51 [DEBUG]   → Extrayendo todas las estadísticas del iframe...
22:34:52 [DEBUG]     × 'Shots on target' no encontrado en DOM
22:34:53 [DEBUG]     × 'Shots off target' no encontrado en DOM
22:34:54 [DEBUG]     × 'Shots blocked' no encontrado en DOM
22:34:55 [DEBUG] [atl%C3%A9tico-de-madrid-fc-barcelona-apuestas-3523] ✓ Momentum obtenido de API: 953.03-1579.16
22:34:55 [INFO] ✓ [atl%C3%A9tico-de-madrid-fc-barcelona-apuestas-3523] Captura exitosa: en_juego, min 72, 4-0
22:34:55 [DEBUG] [brentford-arsenal-apuestas-35212180] ✓ Momentum obtenido de API: 1282.08-1820.31
22:34:55 [INFO] ✓ [brentford-arsenal-apuestas-35212180] Captura exitosa: en_juego, min 76, 1-1
22:34:55 [DEBUG]     × 'Corner kicks' no encontrado en DOM
22:34:58 [DEBUG]     × 'Dangerous Attack' no encontrado en DOM
22:34:59 [DEBUG]     × 'Free kicks' no encontrado en DOM
22:35:00 [DEBUG]     × 'Offsides' no encontrado en DOM
22:35:01 [DEBUG]     × 'Goal kicks' no encontrado en DOM
22:35:02 [DEBUG]     × 'Saves' no encontrado en DOM
22:35:03 [DEBUG]     × 'Throw-ins' no encontrado en DOM
22:35:05 [DEBUG]     × 'Substitutions' no encontrado en DOM
22:35:06 [DEBUG]     × 'Injuries' no encontrado en DOM
22:35:07 [DEBUG]     × 'Fouls' no encontrado en DOM
22:35:07 [WARNING]   × Fallback iframe no encontró estadísticas
22:35:07 [DEBUG] [atl%C3%A9tico-de-madrid-femenino-manchester-united] → Extrayendo volumen matched...
22:35:15 [DEBUG] No se encontró banner de cookies (puede que ya esté aceptado)
22:35:16 [DEBUG] No se encontró banner de cookies (puede que ya esté aceptado)
22:35:20 [DEBUG] [atl%C3%A9tico-de-madrid-femenino-manchester-united] → Extrayendo momentum (fallback visual)...
22:35:20 [DEBUG]   → Buscando URL del iframe de stats para Momentum...
22:35:22 [DEBUG]   × No se encontró URL del iframe de stats
22:35:22 [INFO] ✓ [atl%C3%A9tico-de-madrid-femenino-manchester-united] Captura exitosa: en_juego, min 74, 0-2
22:35:35 [DEBUG] [sion-fc-basel-apuestas-35234028] → Extrayendo cuotas Over/Under...
22:35:36 [DEBUG] [thun-lausanne-apuestas-35244305] → Extrayendo cuotas Over/Under...
22:35:36 [DEBUG] [sion-fc-basel-apuestas-35234028] → Extrayendo cuotas Resultado Correcto...
22:35:37 [DEBUG] [thun-lausanne-apuestas-35244305] → Extrayendo cuotas Resultado Correcto...
22:35:38 [DEBUG] [sion-fc-basel-apuestas-35234028] → Extrayendo estadísticas del partido...
22:35:38 [DEBUG]   → Extrayendo eventId del HTML...
22:35:38 [DEBUG] Betfair event ID extraído de la URL: 35234028
22:35:38 [DEBUG] Consultando videoplayer: https://videoplayer.betfair.es/GetPlayer.do?eID=35234028&contentType=viz&contentView=mstats
22:35:38 [DEBUG] [thun-lausanne-apuestas-35244305] → Extrayendo estadísticas del partido...
22:35:38 [DEBUG]   → Extrayendo eventId del HTML...
22:35:38 [DEBUG] Betfair event ID extraído de la URL: 35244305
22:35:38 [DEBUG] Consultando videoplayer: https://videoplayer.betfair.es/GetPlayer.do?eID=35244305&contentType=viz&contentView=mstats
22:35:38 [INFO] EventId de Opta extraído: bomuidcdl673b8rje49cbj40k
22:35:38 [DEBUG]   ✓ EventId extraído: bomuidcdl673b8rje49cbj40k
22:35:38 [DEBUG]   → Obteniendo estadísticas de la API...
22:35:38 [INFO] 📊 Obteniendo todas las estadísticas para eventId: bomuidcdl673b8rje49cbj40k
22:35:38 [INFO] EventId de Opta extraído: bp7jffdb5v1x5ksth1cngff2s
22:35:38 [DEBUG]   ✓ EventId extraído: bp7jffdb5v1x5ksth1cngff2s
22:35:38 [DEBUG]   → Obteniendo estadísticas de la API...
22:35:38 [INFO] 📊 Obteniendo todas las estadísticas para eventId: bp7jffdb5v1x5ksth1cngff2s
22:35:39 [DEBUG] ✅ Summary stats obtenidas para bomuidcdl673b8rje49cbj40k
22:35:39 [DEBUG] ✅ Summary stats obtenidas para bp7jffdb5v1x5ksth1cngff2s
22:35:40 [DEBUG] ✅ Momentum calculado: Home=2827.47, Away=2004.79 (99 puntos)
22:35:40 [DEBUG] ✅ Momentum data obtenida para bomuidcdl673b8rje49cbj40k
22:35:40 [DEBUG] ✅ Momentum calculado: Home=2412.59, Away=1909.42 (97 puntos)
22:35:40 [DEBUG] ✅ Momentum data obtenida para bp7jffdb5v1x5ksth1cngff2s
22:35:41 [DEBUG] No se encontró teamStatsAttackingLv
22:35:41 [DEBUG] No se encontró teamStatsAttackingLv
22:35:42 [DEBUG] No se encontró teamStatsDefenceLv
22:35:42 [DEBUG] No se encontró teamStatsDefenceLv
22:35:42 [DEBUG] No se encontró teamStatsXgLv ni xgData
22:35:42 [INFO] ✅ Estadísticas obtenidas: 2/5 endpoints
22:35:42 [DEBUG]   → Mapeando estadísticas...
22:35:42 [DEBUG]     → Momentum vía API: 2827.47-2004.79
22:35:42 [INFO]   ✓ Estadísticas capturadas vía API: 30/68 campos
22:35:42 [DEBUG]     → xG: 2.017-0.7841, Corners: 6-7
22:35:42 [DEBUG] [sion-fc-basel-apuestas-35234028] → Extrayendo volumen matched...
22:35:43 [DEBUG] No se encontró teamStatsXgLv ni xgData
22:35:43 [INFO] ✅ Estadísticas obtenidas: 2/5 endpoints
22:35:43 [DEBUG]   → Mapeando estadísticas...
22:35:43 [DEBUG]     → Momentum vía API: 2412.59-1909.42
22:35:43 [INFO]   ✓ Estadísticas capturadas vía API: 30/68 campos
22:35:43 [DEBUG]     → xG: 3.685-1.143, Corners: 9-3
22:35:43 [DEBUG] [thun-lausanne-apuestas-35244305] → Extrayendo volumen matched...
22:35:56 [DEBUG] [sion-fc-basel-apuestas-35234028] ✓ Momentum obtenido de API: 2827.47-2004.79
22:35:56 [INFO] ✓ [sion-fc-basel-apuestas-35234028] Captura exitosa: pre_partido, min , -
22:35:56 [DEBUG] [thun-lausanne-apuestas-35244305] ✓ Momentum obtenido de API: 2412.59-1909.42
22:35:56 [INFO] ✓ [thun-lausanne-apuestas-35244305] Captura exitosa: pre_partido, min , -
22:35:56 [INFO] ✓ Captura paralela completada en 95.6s (5/5 exitosos)
22:35:56 [WARNING] Ciclo tardó 95.6s (> 30s). Iniciando siguiente ciclo inmediatamente.
22:35:56 [INFO] 
--- Ciclo #2 ---
22:35:56 [INFO] 📸 Capturando 5 partidos en paralelo...
22:35:56 [DEBUG] ✓ Actualizar clickeado: atl%C3%A9tico-de-madrid-femenino-manchester-united
22:35:56 [DEBUG] ✓ Actualizar clickeado: brentford-arsenal-apuestas-35212180
22:35:56 [DEBUG] ✓ Actualizar clickeado: atl%C3%A9tico-de-madrid-fc-barcelona-apuestas-3523
22:35:56 [DEBUG] [atl%C3%A9tico-de-madrid-femenino-manchester-united] → Extrayendo información del partido...
22:35:56 [DEBUG] [brentford-arsenal-apuestas-35212180] → Extrayendo información del partido...
22:35:56 [DEBUG] [atl%C3%A9tico-de-madrid-fc-barcelona-apuestas-3523] → Extrayendo información del partido...
