20:31:17 [INFO] 📝 Log guardándose en: logs/scraper_20260212_203117.log
20:31:17 [INFO] Cargados 10 partidos desde games.csv
20:31:17 [INFO] 📅 MODO SCHEDULING ACTIVADO
20:31:17 [INFO]    Ventana tracking: 10 min antes → 150 min después
20:31:17 [INFO]    Total en CSV: 10 partidos
20:31:17 [INFO]    ✓ Partidos activos ahora: 5
20:31:17 [INFO]    ⏰ Partidos futuros: 5
20:31:17 [INFO]    ✅ Partidos finalizados: 0
20:31:17 [INFO] 
📋 Próximos partidos a trackear:
20:31:17 [INFO]       Atlético de Madrid Femenino - Manchester United Fe (en 29 min)
20:31:17 [INFO]       Atlético de Madrid - FC Barcelona (en 29 min)
20:31:17 [INFO]       Brentford - Arsenal (en 29 min)
20:31:17 [INFO]       Athletico-PR - Santos (en 149 min)
20:31:17 [INFO]       Tigre - Aldosivi (en 149 min)
20:31:17 [INFO] 🚀 Sistema multi-driver: Creando 5 drivers independientes (sin límite de tabs)
20:31:17 [INFO] 
Iniciando observador con 5 partidos.
20:31:17 [INFO] Ciclo: 30s | Output: data/
20:31:17 [INFO] 🔄 Recarga dinámica: Revisando games.csv cada 5 ciclos (scheduling)
20:31:17 [INFO] 🧹 Limpiando ventanas Betfair antiguas...
20:31:17 [WARNING] Script de limpieza no encontrado: C:\Users\agonz\OneDrive\Documents\Proyectos\Furbo\betfair_scraper\close_betfair_windows.ps1
20:31:17 [INFO] Cargados 10 partidos desde games.csv
20:31:17 [INFO] 
🚀 Iniciando 5 drivers Chrome (sistema multi-driver paralelo)...
20:31:17 [INFO] 🔧 Creando driver de login: Al-Hazm (KSA) - Al-Akhdoud
20:31:17 [INFO] 🔧 Creando driver para: Al-Hazm (KSA) - Al-Akhdoud
20:31:23 [INFO] ✓ Cookies aceptadas automáticamente
20:31:24 [INFO] ✓ Driver listo: al-hazm-ksa-al-akhdoud-apuestas-35232966
20:31:24 [INFO] ============================================================
20:31:24 [INFO] HAZ LOGIN MANUAL en Betfair.es ahora.
20:31:24 [INFO] Tienes 0 segundos...
20:31:24 [INFO] El scraper comenzará automáticamente después.
20:31:24 [INFO] ============================================================
20:31:24 [INFO] 🔧 Creando 4 drivers adicionales en paralelo...
20:31:24 [INFO] 🔧 Creando driver para: Al-Quadisiya (KSA) - NEOM Sports Club
20:31:24 [INFO] 🔧 Creando driver para: Wolfsburgo Femenino - Juventus FC Femenino
20:31:24 [INFO] 🔧 Creando driver para: Sion - FC Basel
20:31:24 [INFO] 🔧 Creando driver para: Thun - Lausanne
20:31:35 [INFO] ✓ Cookies aceptadas automáticamente
20:31:36 [INFO] ✓ Driver listo: al-quadisiya-ksa-neom-sports-club-apuestas-3524103
20:31:36 [INFO] ✓ Cookies aceptadas automáticamente
20:31:36 [INFO] ✓ Cookies aceptadas automáticamente
20:31:37 [INFO] ✓ Cookies aceptadas automáticamente
20:31:37 [INFO] ✓ Driver listo: wolfsburgo-femenino-juventus-fc-w-apuestas-3510554
20:31:37 [INFO] ✓ Driver listo: sion-fc-basel-apuestas-35234028
20:31:38 [INFO] ✓ Driver listo: thun-lausanne-apuestas-35244305
20:31:38 [INFO] ✓ 5 drivers creados exitosamente
20:31:38 [INFO] ============================================================
20:31:38 [INFO] CAPTURA INICIADA - Presiona Ctrl+C para detener
20:31:38 [INFO] ============================================================
20:31:38 [INFO] 
--- Ciclo #1 ---
20:31:38 [INFO] 📸 Capturando 5 partidos en paralelo...
20:31:38 [DEBUG] ✓ Actualizar clickeado: sion-fc-basel-apuestas-35234028
20:31:38 [DEBUG] ✓ Actualizar clickeado: thun-lausanne-apuestas-35244305
20:31:38 [DEBUG] ✓ Actualizar clickeado: wolfsburgo-femenino-juventus-fc-w-apuestas-3510554
20:31:38 [DEBUG] [sion-fc-basel-apuestas-35234028] → Extrayendo información del partido...
20:31:38 [DEBUG] [thun-lausanne-apuestas-35244305] → Extrayendo información del partido...
20:31:38 [DEBUG] [wolfsburgo-femenino-juventus-fc-w-apuestas-3510554] → Extrayendo información del partido...
20:31:46 [DEBUG] [al-quadisiya-ksa-neom-sports-club-apuestas-3524103] → Extrayendo información del partido...
20:31:46 [DEBUG] [al-hazm-ksa-al-akhdoud-apuestas-35232966] → Extrayendo información del partido...
20:31:47 [DEBUG] [sion-fc-basel-apuestas-35234028] → Extrayendo cuotas Match Odds...
20:31:47 [DEBUG] [wolfsburgo-femenino-juventus-fc-w-apuestas-3510554] → Extrayendo cuotas Match Odds...
20:31:49 [DEBUG] [sion-fc-basel-apuestas-35234028] → Extrayendo cuotas Over/Under...
20:31:49 [DEBUG] [wolfsburgo-femenino-juventus-fc-w-apuestas-3510554] → Extrayendo cuotas Over/Under...
20:31:52 [DEBUG] [wolfsburgo-femenino-juventus-fc-w-apuestas-3510554] → Extrayendo cuotas Resultado Correcto...
20:31:52 [DEBUG] [sion-fc-basel-apuestas-35234028] → Extrayendo cuotas Resultado Correcto...
20:31:56 [DEBUG] [wolfsburgo-femenino-juventus-fc-w-apuestas-3510554] → Extrayendo estadísticas del partido...
20:31:56 [DEBUG]   → Extrayendo eventId del HTML...
20:31:56 [DEBUG] Betfair event ID extraído del HTML: 35105544
20:31:56 [DEBUG] Consultando videoplayer: https://videoplayer.betfair.es/GetPlayer.do?eID=35105544&contentType=viz&contentView=mstats
20:31:56 [DEBUG] [thun-lausanne-apuestas-35244305] → Extrayendo cuotas Match Odds...
20:31:56 [DEBUG] [sion-fc-basel-apuestas-35234028] → Extrayendo estadísticas del partido...
20:31:56 [DEBUG]   → Extrayendo eventId del HTML...
20:31:56 [DEBUG] Betfair event ID extraído del HTML: 35234028
20:31:56 [DEBUG] Consultando videoplayer: https://videoplayer.betfair.es/GetPlayer.do?eID=35234028&contentType=viz&contentView=mstats
20:31:56 [ERROR] Error consultando videoplayer endpoint: 404 Client Error:  for url: https://videoplayer.betfair.es/GetPlayer.do?eID=35105544&contentType=viz&contentView=mstats
20:31:56 [WARNING]   × No se pudo extraer eventId - partido sin estadísticas Opta
20:31:56 [INFO]   → Extrayendo stats del iframe (fallback): eID=35105544
20:31:57 [INFO] EventId de Opta extraído: bomuidcdl673b8rje49cbj40k
20:31:57 [DEBUG]   ✓ EventId extraído: bomuidcdl673b8rje49cbj40k
20:31:57 [DEBUG]   → Obteniendo estadísticas de la API...
20:31:57 [INFO] 📊 Obteniendo todas las estadísticas para eventId: bomuidcdl673b8rje49cbj40k
20:31:58 [DEBUG] ✅ Summary stats obtenidas para bomuidcdl673b8rje49cbj40k
20:31:58 [DEBUG] [thun-lausanne-apuestas-35244305] → Extrayendo cuotas Over/Under...
20:31:59 [DEBUG] No se encontró datos de momentum
20:32:00 [DEBUG] No se encontró teamStatsAttackingLv
20:32:01 [DEBUG] [thun-lausanne-apuestas-35244305] → Extrayendo cuotas Resultado Correcto...
20:32:01 [DEBUG] No se encontró teamStatsDefenceLv
20:32:02 [DEBUG] No se encontró teamStatsXgLv ni xgData
20:32:02 [INFO] ✅ Estadísticas obtenidas: 1/5 endpoints
20:32:02 [DEBUG]   → Mapeando estadísticas...
20:32:02 [INFO]   ✓ Estadísticas capturadas vía API: 28/66 campos
20:32:02 [DEBUG]     → xG: 0.0-0.0, Corners: 0-0
20:32:02 [DEBUG] [sion-fc-basel-apuestas-35234028] → Extrayendo volumen matched...
20:32:03 [DEBUG] [al-quadisiya-ksa-neom-sports-club-apuestas-3524103] → Extrayendo cuotas Match Odds...
20:32:03 [DEBUG] [al-hazm-ksa-al-akhdoud-apuestas-35232966] → Extrayendo cuotas Match Odds...
20:32:04 [WARNING] ⟳ [al-quadisiya-ksa-neom-sports-club-apuestas-3524103] Match Odds incompletos (0/3), refrescando...
20:32:04 [WARNING] ⟳ [al-hazm-ksa-al-akhdoud-apuestas-35232966] Match Odds incompletos (0/3), refrescando...
20:32:05 [DEBUG] [thun-lausanne-apuestas-35244305] → Extrayendo estadísticas del partido...
20:32:05 [DEBUG]   → Extrayendo eventId del HTML...
20:32:05 [DEBUG] Betfair event ID extraído del HTML: 35244305
20:32:05 [DEBUG] Consultando videoplayer: https://videoplayer.betfair.es/GetPlayer.do?eID=35244305&contentType=viz&contentView=mstats
20:32:06 [INFO] EventId de Opta extraído: bp7jffdb5v1x5ksth1cngff2s
20:32:06 [DEBUG]   ✓ EventId extraído: bp7jffdb5v1x5ksth1cngff2s
20:32:06 [DEBUG]   → Obteniendo estadísticas de la API...
20:32:06 [INFO] 📊 Obteniendo todas las estadísticas para eventId: bp7jffdb5v1x5ksth1cngff2s
20:32:07 [DEBUG] ✅ Summary stats obtenidas para bp7jffdb5v1x5ksth1cngff2s
20:32:08 [DEBUG] No se encontró datos de momentum
20:32:10 [DEBUG] No se encontró teamStatsAttackingLv
20:32:11 [DEBUG] No se encontró teamStatsDefenceLv
20:32:12 [DEBUG] No se encontró teamStatsXgLv ni xgData
20:32:12 [INFO] ✅ Estadísticas obtenidas: 1/5 endpoints
20:32:12 [DEBUG]   → Mapeando estadísticas...
20:32:12 [INFO]   ✓ Estadísticas capturadas vía API: 28/66 campos
20:32:12 [DEBUG]     → xG: 0.0-0.0, Corners: 0-0
20:32:12 [DEBUG] [thun-lausanne-apuestas-35244305] → Extrayendo volumen matched...
20:32:12 [WARNING]   × Fallback iframe no encontró estadísticas
20:32:12 [DEBUG] [wolfsburgo-femenino-juventus-fc-w-apuestas-3510554] → Extrayendo volumen matched...
20:32:15 [DEBUG] [sion-fc-basel-apuestas-35234028] → Extrayendo momentum...
20:32:15 [DEBUG]   → Buscando URL del iframe de stats para Momentum...
20:32:21 [DEBUG]   × No se encontró URL del iframe de stats
20:32:21 [INFO] ✓ [sion-fc-basel-apuestas-35234028] Captura exitosa: en_juego, min 1, 0-0
20:32:24 [DEBUG] [thun-lausanne-apuestas-35244305] → Extrayendo momentum...
20:32:24 [DEBUG]   → Buscando URL del iframe de stats para Momentum...
20:32:25 [DEBUG] [wolfsburgo-femenino-juventus-fc-w-apuestas-3510554] → Extrayendo momentum...
20:32:25 [DEBUG]   → Buscando URL del iframe de stats para Momentum...
20:32:27 [DEBUG]   × No se encontró URL del iframe de stats
20:32:27 [INFO] ✓ [wolfsburgo-femenino-juventus-fc-w-apuestas-3510554] Captura exitosa: en_juego, min 88, 1-2
20:32:30 [DEBUG]   × No se encontró URL del iframe de stats
20:32:30 [INFO] ✓ [thun-lausanne-apuestas-35244305] Captura exitosa: pre_partido, min , -
20:32:33 [DEBUG] No se encontró banner de cookies (puede que ya esté aceptado)
20:32:33 [DEBUG] No se encontró banner de cookies (puede que ya esté aceptado)
20:32:52 [DEBUG] [al-quadisiya-ksa-neom-sports-club-apuestas-3524103] → Extrayendo cuotas Over/Under...
20:32:52 [DEBUG] [al-hazm-ksa-al-akhdoud-apuestas-35232966] → Extrayendo cuotas Over/Under...
20:32:53 [DEBUG] [al-quadisiya-ksa-neom-sports-club-apuestas-3524103] → Extrayendo cuotas Resultado Correcto...
20:32:53 [DEBUG] [al-hazm-ksa-al-akhdoud-apuestas-35232966] → Extrayendo cuotas Resultado Correcto...
20:32:54 [DEBUG] [al-hazm-ksa-al-akhdoud-apuestas-35232966] → Extrayendo estadísticas del partido...
20:32:54 [DEBUG] [al-quadisiya-ksa-neom-sports-club-apuestas-3524103] → Extrayendo estadísticas del partido...
20:32:54 [DEBUG]   → Extrayendo eventId del HTML...
20:32:54 [DEBUG]   → Extrayendo eventId del HTML...
20:32:54 [DEBUG] Betfair event ID extraído de la URL: 35241036
20:32:54 [DEBUG] Consultando videoplayer: https://videoplayer.betfair.es/GetPlayer.do?eID=35241036&contentType=viz&contentView=mstats
20:32:54 [DEBUG] Betfair event ID extraído de la URL: 35232966
20:32:54 [DEBUG] Consultando videoplayer: https://videoplayer.betfair.es/GetPlayer.do?eID=35232966&contentType=viz&contentView=mstats
20:32:55 [ERROR] Error consultando videoplayer endpoint: 404 Client Error:  for url: https://videoplayer.betfair.es/GetPlayer.do?eID=35241036&contentType=viz&contentView=mstats
20:32:55 [WARNING]   × No se pudo extraer eventId - partido sin estadísticas Opta
20:32:55 [INFO]   → Extrayendo stats del iframe (fallback): eID=35241036
20:32:55 [WARNING] No se encontró eventId de Opta en la respuesta del videoplayer
20:32:55 [WARNING]   × No se pudo extraer eventId - partido sin estadísticas Opta
20:32:55 [INFO]   → Extrayendo stats del iframe (fallback): eID=35232966
20:32:57 [INFO]   ✓ Fallback iframe exitoso: 14 campos capturados
20:32:57 [DEBUG]   → Iframe stats capturados: {'tiros_puerta_local': '10', 'tiros_puerta_visitante': '3', 'corners_local': '12', 'corners_visitante': '5', 'posesion_local': '54', 'posesion_visitante': '46', 'shots_off_target_local': '6', 'shots_off_target_visitante': '0', 'blocked_shots_local': '1', 'blocked_shots_visitante': '5', 'time_in_dangerous_attack_pct_local': '72', 'time_in_dangerous_attack_pct_visitante': '28', 'tiros_local': '17', 'tiros_visitante': '8'}
20:32:57 [DEBUG]   → Total stats en dict tras merge: 14
20:32:57 [DEBUG] [al-hazm-ksa-al-akhdoud-apuestas-35232966] → Extrayendo volumen matched...
20:33:10 [DEBUG] [al-hazm-ksa-al-akhdoud-apuestas-35232966] → Extrayendo momentum...
20:33:10 [DEBUG]   → Buscando URL del iframe de stats para Momentum...
20:33:11 [WARNING]   × Fallback iframe no encontró estadísticas
20:33:11 [DEBUG] [al-quadisiya-ksa-neom-sports-club-apuestas-3524103] → Extrayendo volumen matched...
20:33:16 [DEBUG]   × No se encontró URL del iframe de stats
20:33:16 [INFO] ✓ [al-hazm-ksa-al-akhdoud-apuestas-35232966] Captura exitosa: pre_partido, min , -
20:33:23 [DEBUG] [al-quadisiya-ksa-neom-sports-club-apuestas-3524103] → Extrayendo momentum...
20:33:23 [DEBUG]   → Buscando URL del iframe de stats para Momentum...
20:33:25 [DEBUG]   × No se encontró URL del iframe de stats
20:33:25 [INFO] ✓ [al-quadisiya-ksa-neom-sports-club-apuestas-3524103] Captura exitosa: pre_partido, min , -
20:33:25 [INFO] ✓ Captura paralela completada en 107.9s (5/5 exitosos)
20:33:25 [WARNING] Ciclo tardó 107.9s (> 30s). Iniciando siguiente ciclo inmediatamente.
20:33:25 [INFO] 
--- Ciclo #2 ---
20:33:25 [INFO] 📸 Capturando 5 partidos en paralelo...
20:33:26 [DEBUG] ✓ Actualizar clickeado: wolfsburgo-femenino-juventus-fc-w-apuestas-3510554
20:33:26 [DEBUG] ✓ Actualizar clickeado: sion-fc-basel-apuestas-35234028
20:33:26 [DEBUG] ✓ Actualizar clickeado: thun-lausanne-apuestas-35244305
20:33:26 [DEBUG] [wolfsburgo-femenino-juventus-fc-w-apuestas-3510554] → Extrayendo información del partido...
20:33:26 [DEBUG] [sion-fc-basel-apuestas-35234028] → Extrayendo información del partido...
20:33:26 [DEBUG] [thun-lausanne-apuestas-35244305] → Extrayendo información del partido...
20:33:33 [DEBUG] [al-quadisiya-ksa-neom-sports-club-apuestas-3524103] → Extrayendo información del partido...
20:33:33 [DEBUG] [al-hazm-ksa-al-akhdoud-apuestas-35232966] → Extrayendo información del partido...
20:33:34 [DEBUG] [wolfsburgo-femenino-juventus-fc-w-apuestas-3510554] → Extrayendo cuotas Match Odds...
20:33:34 [DEBUG] [sion-fc-basel-apuestas-35234028] → Extrayendo cuotas Match Odds...
20:33:34 [DEBUG] [thun-lausanne-apuestas-35244305] → Extrayendo cuotas Match Odds...
20:33:37 [DEBUG] [thun-lausanne-apuestas-35244305] → Extrayendo cuotas Over/Under...
20:33:37 [DEBUG] [sion-fc-basel-apuestas-35234028] → Extrayendo cuotas Over/Under...
20:33:37 [DEBUG] [wolfsburgo-femenino-juventus-fc-w-apuestas-3510554] → Extrayendo cuotas Over/Under...
20:33:40 [DEBUG] [wolfsburgo-femenino-juventus-fc-w-apuestas-3510554] → Extrayendo cuotas Resultado Correcto...
20:33:40 [DEBUG] [thun-lausanne-apuestas-35244305] → Extrayendo cuotas Resultado Correcto...
20:33:40 [DEBUG] [sion-fc-basel-apuestas-35234028] → Extrayendo cuotas Resultado Correcto...
20:33:43 [DEBUG] [wolfsburgo-femenino-juventus-fc-w-apuestas-3510554] → Extrayendo estadísticas del partido...
20:33:43 [DEBUG]   → Extrayendo eventId del HTML...
20:33:43 [DEBUG] Betfair event ID extraído del HTML: 35105544
20:33:43 [DEBUG] Consultando videoplayer: https://videoplayer.betfair.es/GetPlayer.do?eID=35105544&contentType=viz&contentView=mstats
20:33:43 [DEBUG] [thun-lausanne-apuestas-35244305] → Extrayendo estadísticas del partido...
20:33:43 [DEBUG]   → Extrayendo eventId del HTML...
20:33:43 [ERROR] Error consultando videoplayer endpoint: 404 Client Error:  for url: https://videoplayer.betfair.es/GetPlayer.do?eID=35105544&contentType=viz&contentView=mstats
20:33:43 [WARNING]   × No se pudo extraer eventId - partido sin estadísticas Opta
20:33:43 [INFO]   → Extrayendo stats del iframe (fallback): eID=35105544
20:33:43 [DEBUG] Betfair event ID extraído del HTML: 35244305
20:33:43 [DEBUG] Consultando videoplayer: https://videoplayer.betfair.es/GetPlayer.do?eID=35244305&contentType=viz&contentView=mstats
20:33:43 [DEBUG] [sion-fc-basel-apuestas-35234028] → Extrayendo estadísticas del partido...
20:33:43 [DEBUG]   → Extrayendo eventId del HTML...
20:33:43 [DEBUG] Betfair event ID extraído del HTML: 35234028
20:33:43 [DEBUG] Consultando videoplayer: https://videoplayer.betfair.es/GetPlayer.do?eID=35234028&contentType=viz&contentView=mstats
20:33:44 [INFO] EventId de Opta extraído: bp7jffdb5v1x5ksth1cngff2s
20:33:44 [DEBUG]   ✓ EventId extraído: bp7jffdb5v1x5ksth1cngff2s
20:33:44 [DEBUG]   → Obteniendo estadísticas de la API...
20:33:44 [INFO] 📊 Obteniendo todas las estadísticas para eventId: bp7jffdb5v1x5ksth1cngff2s
20:33:44 [INFO] EventId de Opta extraído: bomuidcdl673b8rje49cbj40k
20:33:44 [DEBUG]   ✓ EventId extraído: bomuidcdl673b8rje49cbj40k
20:33:44 [DEBUG]   → Obteniendo estadísticas de la API...
20:33:44 [INFO] 📊 Obteniendo todas las estadísticas para eventId: bomuidcdl673b8rje49cbj40k
20:33:45 [DEBUG] ✅ Summary stats obtenidas para bp7jffdb5v1x5ksth1cngff2s
20:33:45 [DEBUG] ✅ Summary stats obtenidas para bomuidcdl673b8rje49cbj40k
20:33:46 [DEBUG] No se encontró datos de momentum
20:33:46 [DEBUG] No se encontró datos de momentum
20:33:47 [DEBUG] No se encontró teamStatsAttackingLv
20:33:47 [DEBUG] No se encontró teamStatsAttackingLv
20:33:47 [DEBUG] No se encontró teamStatsDefenceLv
20:33:48 [DEBUG] No se encontró teamStatsDefenceLv
20:33:48 [DEBUG] No se encontró teamStatsXgLv ni xgData
20:33:48 [INFO] ✅ Estadísticas obtenidas: 1/5 endpoints
20:33:48 [DEBUG]   → Mapeando estadísticas...
20:33:48 [INFO]   ✓ Estadísticas capturadas vía API: 28/66 campos
20:33:48 [DEBUG]     → xG: 0.0-0.0, Corners: 1-0
20:33:48 [DEBUG] [thun-lausanne-apuestas-35244305] → Extrayendo volumen matched...
20:33:48 [DEBUG] No se encontró teamStatsXgLv ni xgData
20:33:48 [INFO] ✅ Estadísticas obtenidas: 1/5 endpoints
20:33:48 [DEBUG]   → Mapeando estadísticas...
20:33:48 [INFO]   ✓ Estadísticas capturadas vía API: 28/66 campos
20:33:48 [DEBUG]     → xG: 0.0585-0.0, Corners: 0-0
20:33:48 [DEBUG] [sion-fc-basel-apuestas-35234028] → Extrayendo volumen matched...
20:33:51 [DEBUG] [al-quadisiya-ksa-neom-sports-club-apuestas-3524103] → Extrayendo cuotas Match Odds...
20:33:51 [DEBUG] [al-hazm-ksa-al-akhdoud-apuestas-35232966] → Extrayendo cuotas Match Odds...
20:33:52 [WARNING] ⟳ [al-hazm-ksa-al-akhdoud-apuestas-35232966] Match Odds incompletos (0/3), refrescando...
20:33:52 [WARNING] ⟳ [al-quadisiya-ksa-neom-sports-club-apuestas-3524103] Match Odds incompletos (0/3), refrescando...
20:33:59 [WARNING]   × Fallback iframe no encontró estadísticas
20:33:59 [DEBUG] [wolfsburgo-femenino-juventus-fc-w-apuestas-3510554] → Extrayendo volumen matched...
20:34:01 [DEBUG] [thun-lausanne-apuestas-35244305] → Extrayendo momentum...
20:34:01 [DEBUG]   → Buscando URL del iframe de stats para Momentum...
20:34:01 [DEBUG] [sion-fc-basel-apuestas-35234028] → Extrayendo momentum...
20:34:01 [DEBUG]   → Buscando URL del iframe de stats para Momentum...
20:34:07 [DEBUG]   × No se encontró URL del iframe de stats
20:34:07 [INFO] ✓ [thun-lausanne-apuestas-35244305] Captura exitosa: en_juego, min 1, 0-0
20:34:07 [DEBUG]   × No se encontró URL del iframe de stats
20:34:07 [INFO] ✓ [sion-fc-basel-apuestas-35234028] Captura exitosa: en_juego, min 2, 0-0
20:34:12 [DEBUG] [wolfsburgo-femenino-juventus-fc-w-apuestas-3510554] → Extrayendo momentum...
20:34:12 [DEBUG]   → Buscando URL del iframe de stats para Momentum...
20:34:14 [DEBUG]   × No se encontró URL del iframe de stats
20:34:14 [INFO] ✓ [wolfsburgo-femenino-juventus-fc-w-apuestas-3510554] Captura exitosa: en_juego, min 91, 1-2
20:34:21 [DEBUG] No se encontró banner de cookies (puede que ya esté aceptado)
20:34:21 [DEBUG] No se encontró banner de cookies (puede que ya esté aceptado)
20:34:41 [DEBUG] [al-quadisiya-ksa-neom-sports-club-apuestas-3524103] → Extrayendo cuotas Over/Under...
20:34:41 [DEBUG] [al-hazm-ksa-al-akhdoud-apuestas-35232966] → Extrayendo cuotas Over/Under...
20:34:42 [DEBUG] [al-quadisiya-ksa-neom-sports-club-apuestas-3524103] → Extrayendo cuotas Resultado Correcto...
20:34:42 [DEBUG] [al-hazm-ksa-al-akhdoud-apuestas-35232966] → Extrayendo cuotas Resultado Correcto...
20:34:43 [DEBUG] [al-quadisiya-ksa-neom-sports-club-apuestas-3524103] → Extrayendo estadísticas del partido...
20:34:43 [DEBUG]   → Extrayendo eventId del HTML...
20:34:43 [DEBUG] [al-hazm-ksa-al-akhdoud-apuestas-35232966] → Extrayendo estadísticas del partido...
20:34:43 [DEBUG]   → Extrayendo eventId del HTML...
20:34:43 [DEBUG] Betfair event ID extraído de la URL: 35241036
20:34:43 [DEBUG] Consultando videoplayer: https://videoplayer.betfair.es/GetPlayer.do?eID=35241036&contentType=viz&contentView=mstats
20:34:43 [DEBUG] Betfair event ID extraído de la URL: 35232966
20:34:43 [DEBUG] Consultando videoplayer: https://videoplayer.betfair.es/GetPlayer.do?eID=35232966&contentType=viz&contentView=mstats
20:34:44 [WARNING] No se encontró eventId de Opta en la respuesta del videoplayer
20:34:44 [WARNING]   × No se pudo extraer eventId - partido sin estadísticas Opta
20:34:44 [INFO]   → Extrayendo stats del iframe (fallback): eID=35232966
20:34:44 [ERROR] Error consultando videoplayer endpoint: 404 Client Error:  for url: https://videoplayer.betfair.es/GetPlayer.do?eID=35241036&contentType=viz&contentView=mstats
20:34:44 [WARNING]   × No se pudo extraer eventId - partido sin estadísticas Opta
20:34:44 [INFO]   → Extrayendo stats del iframe (fallback): eID=35241036
20:34:45 [INFO]   ✓ Fallback iframe exitoso: 14 campos capturados
20:34:45 [DEBUG]   → Iframe stats capturados: {'tiros_puerta_local': '10', 'tiros_puerta_visitante': '3', 'corners_local': '12', 'corners_visitante': '5', 'posesion_local': '54', 'posesion_visitante': '46', 'shots_off_target_local': '6', 'shots_off_target_visitante': '0', 'blocked_shots_local': '1', 'blocked_shots_visitante': '5', 'time_in_dangerous_attack_pct_local': '72', 'time_in_dangerous_attack_pct_visitante': '28', 'tiros_local': '17', 'tiros_visitante': '8'}
20:34:45 [DEBUG]   → Total stats en dict tras merge: 14
20:34:45 [DEBUG] [al-hazm-ksa-al-akhdoud-apuestas-35232966] → Extrayendo volumen matched...
20:34:58 [DEBUG] [al-hazm-ksa-al-akhdoud-apuestas-35232966] → Extrayendo momentum...
20:34:58 [DEBUG]   → Buscando URL del iframe de stats para Momentum...
20:34:59 [WARNING]   × Fallback iframe no encontró estadísticas
20:34:59 [DEBUG] [al-quadisiya-ksa-neom-sports-club-apuestas-3524103] → Extrayendo volumen matched...
20:35:04 [DEBUG]   × No se encontró URL del iframe de stats
20:35:04 [INFO] ✓ [al-hazm-ksa-al-akhdoud-apuestas-35232966] Captura exitosa: pre_partido, min , -
20:35:12 [DEBUG] [al-quadisiya-ksa-neom-sports-club-apuestas-3524103] → Extrayendo momentum...
20:35:12 [DEBUG]   → Buscando URL del iframe de stats para Momentum...
20:35:14 [DEBUG]   × No se encontró URL del iframe de stats
20:35:14 [INFO] ✓ [al-quadisiya-ksa-neom-sports-club-apuestas-3524103] Captura exitosa: pre_partido, min , -
20:35:14 [INFO] ✓ Captura paralela completada en 108.5s (5/5 exitosos)
20:35:14 [WARNING] Ciclo tardó 108.5s (> 30s). Iniciando siguiente ciclo inmediatamente.
20:35:14 [INFO] 
--- Ciclo #3 ---
20:35:14 [INFO] 📸 Capturando 5 partidos en paralelo...
20:35:14 [DEBUG] ✓ Actualizar clickeado: wolfsburgo-femenino-juventus-fc-w-apuestas-3510554
20:35:14 [DEBUG] ✓ Actualizar clickeado: thun-lausanne-apuestas-35244305
20:35:14 [DEBUG] ✓ Actualizar clickeado: sion-fc-basel-apuestas-35234028
20:35:15 [DEBUG] [wolfsburgo-femenino-juventus-fc-w-apuestas-3510554] → Extrayendo información del partido...
20:35:15 [DEBUG] [thun-lausanne-apuestas-35244305] → Extrayendo información del partido...
20:35:15 [DEBUG] [sion-fc-basel-apuestas-35234028] → Extrayendo información del partido...
20:35:22 [DEBUG] [al-hazm-ksa-al-akhdoud-apuestas-35232966] → Extrayendo información del partido...
20:35:22 [DEBUG] [al-quadisiya-ksa-neom-sports-club-apuestas-3524103] → Extrayendo información del partido...
20:35:23 [DEBUG] [wolfsburgo-femenino-juventus-fc-w-apuestas-3510554] → Extrayendo cuotas Match Odds...
20:35:23 [DEBUG] [thun-lausanne-apuestas-35244305] → Extrayendo cuotas Match Odds...
20:35:23 [DEBUG] [sion-fc-basel-apuestas-35234028] → Extrayendo cuotas Match Odds...
20:35:25 [DEBUG] [sion-fc-basel-apuestas-35234028] → Extrayendo cuotas Over/Under...
20:35:25 [DEBUG] [thun-lausanne-apuestas-35244305] → Extrayendo cuotas Over/Under...
20:35:27 [WARNING] ⟳ [wolfsburgo-femenino-juventus-fc-w-apuestas-3510554] Match Odds incompletos (1/3), refrescando...
20:35:29 [DEBUG] [sion-fc-basel-apuestas-35234028] → Extrayendo cuotas Resultado Correcto...
20:35:29 [DEBUG] [thun-lausanne-apuestas-35244305] → Extrayendo cuotas Resultado Correcto...
20:35:32 [DEBUG] [sion-fc-basel-apuestas-35234028] → Extrayendo estadísticas del partido...
20:35:32 [DEBUG]   → Extrayendo eventId del HTML...
20:35:32 [DEBUG] Betfair event ID extraído del HTML: 35234028
20:35:32 [DEBUG] Consultando videoplayer: https://videoplayer.betfair.es/GetPlayer.do?eID=35234028&contentType=viz&contentView=mstats
20:35:32 [DEBUG] [thun-lausanne-apuestas-35244305] → Extrayendo estadísticas del partido...
20:35:32 [DEBUG]   → Extrayendo eventId del HTML...
20:35:32 [DEBUG] Betfair event ID extraído del HTML: 35244305
20:35:32 [DEBUG] Consultando videoplayer: https://videoplayer.betfair.es/GetPlayer.do?eID=35244305&contentType=viz&contentView=mstats
20:35:33 [INFO] EventId de Opta extraído: bomuidcdl673b8rje49cbj40k
20:35:33 [DEBUG]   ✓ EventId extraído: bomuidcdl673b8rje49cbj40k
20:35:33 [DEBUG]   → Obteniendo estadísticas de la API...
20:35:33 [INFO] 📊 Obteniendo todas las estadísticas para eventId: bomuidcdl673b8rje49cbj40k
20:35:33 [INFO] EventId de Opta extraído: bp7jffdb5v1x5ksth1cngff2s
20:35:33 [DEBUG]   ✓ EventId extraído: bp7jffdb5v1x5ksth1cngff2s
20:35:33 [DEBUG]   → Obteniendo estadísticas de la API...
20:35:33 [INFO] 📊 Obteniendo todas las estadísticas para eventId: bp7jffdb5v1x5ksth1cngff2s
20:35:34 [DEBUG] ✅ Summary stats obtenidas para bp7jffdb5v1x5ksth1cngff2s
20:35:34 [DEBUG] ✅ Summary stats obtenidas para bomuidcdl673b8rje49cbj40k
20:35:35 [DEBUG] No se encontró datos de momentum
20:35:35 [DEBUG] No se encontró datos de momentum
20:35:36 [DEBUG] No se encontró teamStatsAttackingLv
20:35:36 [DEBUG] No se encontró teamStatsAttackingLv
20:35:37 [DEBUG] No se encontró teamStatsDefenceLv
20:35:37 [DEBUG] No se encontró teamStatsDefenceLv
20:35:38 [DEBUG] No se encontró teamStatsXgLv ni xgData
20:35:38 [INFO] ✅ Estadísticas obtenidas: 1/5 endpoints
20:35:38 [DEBUG]   → Mapeando estadísticas...
20:35:38 [INFO]   ✓ Estadísticas capturadas vía API: 28/66 campos
20:35:38 [DEBUG]     → xG: 0.0-0.0, Corners: 1-0
20:35:38 [DEBUG] [thun-lausanne-apuestas-35244305] → Extrayendo volumen matched...
20:35:38 [DEBUG] No se encontró teamStatsXgLv ni xgData
20:35:38 [INFO] ✅ Estadísticas obtenidas: 1/5 endpoints
20:35:38 [DEBUG]   → Mapeando estadísticas...
20:35:38 [INFO]   ✓ Estadísticas capturadas vía API: 28/66 campos
20:35:38 [DEBUG]     → xG: 0.0326-0.0306, Corners: 0-0
20:35:38 [DEBUG] [sion-fc-basel-apuestas-35234028] → Extrayendo volumen matched...
20:35:40 [DEBUG] [al-hazm-ksa-al-akhdoud-apuestas-35232966] → Extrayendo cuotas Match Odds...
20:35:40 [DEBUG] [al-quadisiya-ksa-neom-sports-club-apuestas-3524103] → Extrayendo cuotas Match Odds...
20:35:41 [WARNING] ⟳ [al-hazm-ksa-al-akhdoud-apuestas-35232966] Match Odds incompletos (0/3), refrescando...
20:35:41 [WARNING] ⟳ [al-quadisiya-ksa-neom-sports-club-apuestas-3524103] Match Odds incompletos (0/3), refrescando...
20:35:50 [DEBUG] [thun-lausanne-apuestas-35244305] → Extrayendo momentum...
20:35:50 [DEBUG]   → Buscando URL del iframe de stats para Momentum...
20:35:51 [DEBUG] [sion-fc-basel-apuestas-35234028] → Extrayendo momentum...
20:35:51 [DEBUG]   → Buscando URL del iframe de stats para Momentum...
20:35:55 [DEBUG] No se encontró banner de cookies (puede que ya esté aceptado)
20:35:56 [DEBUG]   × No se encontró URL del iframe de stats
20:35:56 [INFO] ✓ [sion-fc-basel-apuestas-35234028] Captura exitosa: en_juego, min 4, 0-0
20:35:56 [DEBUG]   × No se encontró URL del iframe de stats
20:35:56 [INFO] ✓ [thun-lausanne-apuestas-35244305] Captura exitosa: en_juego, min 3, 0-0
20:36:07 [DEBUG] [wolfsburgo-femenino-juventus-fc-w-apuestas-3510554] → Extrayendo cuotas Over/Under...
20:36:09 [DEBUG] [wolfsburgo-femenino-juventus-fc-w-apuestas-3510554] → Extrayendo cuotas Resultado Correcto...
20:36:09 [DEBUG] No se encontró banner de cookies (puede que ya esté aceptado)
20:36:09 [DEBUG] No se encontró banner de cookies (puede que ya esté aceptado)
20:36:11 [DEBUG] [wolfsburgo-femenino-juventus-fc-w-apuestas-3510554] → Extrayendo estadísticas del partido...
20:36:11 [DEBUG]   → Extrayendo eventId del HTML...
20:36:11 [DEBUG] Betfair event ID extraído del HTML: 35105544
20:36:11 [DEBUG] Consultando videoplayer: https://videoplayer.betfair.es/GetPlayer.do?eID=35105544&contentType=viz&contentView=mstats
20:36:12 [ERROR] Error consultando videoplayer endpoint: 404 Client Error:  for url: https://videoplayer.betfair.es/GetPlayer.do?eID=35105544&contentType=viz&contentView=mstats
20:36:12 [WARNING]   × No se pudo extraer eventId - partido sin estadísticas Opta
20:36:12 [INFO]   → Extrayendo stats del iframe (fallback): eID=35105544
