19:34:06 [INFO] 📝 Log guardándose en: logs/scraper_20260212_193406.log
19:34:06 [INFO] Cargados 10 partidos desde games.csv
19:34:06 [INFO] 📅 MODO SCHEDULING ACTIVADO
19:34:06 [INFO]    Ventana tracking: 10 min antes → 150 min después
19:34:06 [INFO]    Total en CSV: 10 partidos
19:34:06 [INFO]    ✓ Partidos activos ahora: 3
19:34:06 [INFO]    ⏰ Partidos futuros: 7
19:34:06 [INFO]    ✅ Partidos finalizados: 0
19:34:06 [INFO] 
📋 Próximos partidos a trackear:
19:34:06 [INFO]       Sion - FC Basel (en 56 min)
19:34:06 [INFO]       Thun - Lausanne (en 56 min)
19:34:06 [INFO]       Atlético de Madrid Femenino - Manchester United Fe (en 86 min)
19:34:06 [INFO]       Atlético de Madrid - FC Barcelona (en 86 min)
19:34:06 [INFO]       Brentford - Arsenal (en 86 min)
19:34:06 [INFO] 🚀 Sistema multi-driver: Creando 3 drivers independientes (sin límite de tabs)
19:34:06 [INFO] 
Iniciando observador con 3 partidos.
19:34:06 [INFO] Ciclo: 30s | Output: data/
19:34:06 [INFO] 🔄 Recarga dinámica: Revisando games.csv cada 5 ciclos (scheduling)
19:34:06 [INFO] 🧹 Limpiando ventanas Betfair antiguas...
19:34:06 [WARNING] Script de limpieza no encontrado: C:\Users\agonz\OneDrive\Documents\Proyectos\Furbo\betfair_scraper\close_betfair_windows.ps1
19:34:06 [INFO] Cargados 10 partidos desde games.csv
19:34:06 [INFO] 
🚀 Iniciando 3 drivers Chrome (sistema multi-driver paralelo)...
19:34:06 [INFO] 🔧 Creando driver de login: Al-Hazm (KSA) - Al-Akhdoud
19:34:06 [INFO] 🔧 Creando driver para: Al-Hazm (KSA) - Al-Akhdoud
19:34:13 [INFO] ✓ Cookies aceptadas automáticamente
19:34:14 [INFO] ✓ Driver listo: al-hazm-ksa-al-akhdoud-apuestas-35232966
19:34:14 [INFO] ============================================================
19:34:14 [INFO] HAZ LOGIN MANUAL en Betfair.es ahora.
19:34:14 [INFO] Tienes 0 segundos...
19:34:14 [INFO] El scraper comenzará automáticamente después.
19:34:14 [INFO] ============================================================
19:34:14 [INFO] 🔧 Creando 2 drivers adicionales en paralelo...
19:34:14 [INFO] 🔧 Creando driver para: Al-Quadisiya (KSA) - NEOM Sports Club
19:34:14 [INFO] 🔧 Creando driver para: Wolfsburgo Femenino - Juventus FC Femenino
19:34:20 [INFO] ✓ Cookies aceptadas automáticamente
19:34:20 [INFO] ✓ Cookies aceptadas automáticamente
19:34:21 [INFO] ✓ Driver listo: al-quadisiya-ksa-neom-sports-club-apuestas-3524103
19:34:21 [INFO] ✓ Driver listo: wolfsburgo-femenino-juventus-fc-w-apuestas-3510554
19:34:21 [INFO] ✓ 3 drivers creados exitosamente
19:34:21 [INFO] ============================================================
19:34:21 [INFO] CAPTURA INICIADA - Presiona Ctrl+C para detener
19:34:21 [INFO] ============================================================
19:34:21 [INFO] 
--- Ciclo #1 ---
19:34:21 [INFO] 📸 Capturando 3 partidos en paralelo...
19:34:22 [DEBUG] ✓ Actualizar clickeado: al-quadisiya-ksa-neom-sports-club-apuestas-3524103
19:34:22 [DEBUG] ✓ Actualizar clickeado: al-hazm-ksa-al-akhdoud-apuestas-35232966
19:34:22 [DEBUG] ✓ Actualizar clickeado: wolfsburgo-femenino-juventus-fc-w-apuestas-3510554
19:34:22 [DEBUG] [al-hazm-ksa-al-akhdoud-apuestas-35232966] → Extrayendo información del partido...
19:34:22 [DEBUG] [al-quadisiya-ksa-neom-sports-club-apuestas-3524103] → Extrayendo información del partido...
19:34:22 [DEBUG] [wolfsburgo-femenino-juventus-fc-w-apuestas-3510554] → Extrayendo información del partido...
19:34:29 [DEBUG]   ✓ Estado detectado: DESCANSO (CSS: 'Descanso')
19:34:29 [DEBUG]   ✓ Estado detectado: DESCANSO (CSS: 'Descanso')
19:34:29 [DEBUG] [al-hazm-ksa-al-akhdoud-apuestas-35232966] → Extrayendo cuotas Match Odds...
19:34:29 [DEBUG] [wolfsburgo-femenino-juventus-fc-w-apuestas-3510554] → Extrayendo cuotas Match Odds...
19:34:29 [DEBUG]   ✓ Estado detectado: DESCANSO (CSS: 'Descanso')
19:34:29 [DEBUG] [al-quadisiya-ksa-neom-sports-club-apuestas-3524103] → Extrayendo cuotas Match Odds...
19:34:31 [DEBUG] [al-hazm-ksa-al-akhdoud-apuestas-35232966] → Extrayendo cuotas Over/Under...
19:34:31 [DEBUG] [wolfsburgo-femenino-juventus-fc-w-apuestas-3510554] → Extrayendo cuotas Over/Under...
19:34:32 [DEBUG] [al-quadisiya-ksa-neom-sports-club-apuestas-3524103] → Extrayendo cuotas Over/Under...
19:34:34 [DEBUG] [al-hazm-ksa-al-akhdoud-apuestas-35232966] → Extrayendo cuotas Resultado Correcto...
19:34:35 [DEBUG] [wolfsburgo-femenino-juventus-fc-w-apuestas-3510554] → Extrayendo cuotas Resultado Correcto...
19:34:35 [DEBUG] [al-quadisiya-ksa-neom-sports-club-apuestas-3524103] → Extrayendo cuotas Resultado Correcto...
19:34:38 [DEBUG] [al-hazm-ksa-al-akhdoud-apuestas-35232966] → Extrayendo estadísticas del partido...
19:34:38 [DEBUG]   → Extrayendo eventId del HTML...
19:34:38 [DEBUG] Betfair event ID extraído del HTML: 35232966
19:34:38 [DEBUG] Consultando videoplayer: https://videoplayer.betfair.es/GetPlayer.do?eID=35232966&contentType=viz&contentView=mstats
19:34:38 [DEBUG] [wolfsburgo-femenino-juventus-fc-w-apuestas-3510554] → Extrayendo estadísticas del partido...
19:34:38 [DEBUG]   → Extrayendo eventId del HTML...
19:34:38 [DEBUG] Betfair event ID extraído del HTML: 35105544
19:34:38 [DEBUG] Consultando videoplayer: https://videoplayer.betfair.es/GetPlayer.do?eID=35105544&contentType=viz&contentView=mstats
19:34:38 [DEBUG] [al-quadisiya-ksa-neom-sports-club-apuestas-3524103] → Extrayendo estadísticas del partido...
19:34:38 [DEBUG]   → Extrayendo eventId del HTML...
19:34:38 [DEBUG] Betfair event ID extraído del HTML: 35241036
19:34:38 [DEBUG] Consultando videoplayer: https://videoplayer.betfair.es/GetPlayer.do?eID=35241036&contentType=viz&contentView=mstats
19:34:38 [WARNING] No se encontró eventId de Opta en la respuesta del videoplayer
19:34:38 [WARNING]   × No se pudo extraer eventId - partido sin estadísticas Opta
19:34:38 [INFO]   → Extrayendo stats del iframe (fallback): eID=35232966
19:34:39 [ERROR] Error consultando videoplayer endpoint: 404 Client Error:  for url: https://videoplayer.betfair.es/GetPlayer.do?eID=35105544&contentType=viz&contentView=mstats
19:34:39 [WARNING]   × No se pudo extraer eventId - partido sin estadísticas Opta
19:34:39 [INFO]   → Extrayendo stats del iframe (fallback): eID=35105544
19:34:39 [ERROR] Error consultando videoplayer endpoint: 404 Client Error:  for url: https://videoplayer.betfair.es/GetPlayer.do?eID=35241036&contentType=viz&contentView=mstats
19:34:39 [WARNING]   × No se pudo extraer eventId - partido sin estadísticas Opta
19:34:39 [INFO]   → Extrayendo stats del iframe (fallback): eID=35241036
19:34:40 [INFO]   ✓ Fallback iframe exitoso: 10 campos capturados
19:34:40 [DEBUG] [al-hazm-ksa-al-akhdoud-apuestas-35232966] → Extrayendo volumen matched...
19:34:53 [DEBUG] [al-hazm-ksa-al-akhdoud-apuestas-35232966] → Extrayendo momentum...
19:34:53 [DEBUG]   → Buscando URL del iframe de stats para Momentum...
19:34:53 [WARNING]   × Fallback iframe no encontró estadísticas
19:34:53 [DEBUG] [al-quadisiya-ksa-neom-sports-club-apuestas-3524103] → Extrayendo volumen matched...
19:34:53 [WARNING]   × Fallback iframe no encontró estadísticas
19:34:53 [DEBUG] [wolfsburgo-femenino-juventus-fc-w-apuestas-3510554] → Extrayendo volumen matched...
19:34:58 [DEBUG]   × No se encontró URL del iframe de stats
19:34:58 [INFO] ✓ [al-hazm-ksa-al-akhdoud-apuestas-35232966] Captura exitosa: descanso, min , 1-1
19:35:06 [DEBUG] [al-quadisiya-ksa-neom-sports-club-apuestas-3524103] → Extrayendo momentum...
19:35:06 [DEBUG]   → Buscando URL del iframe de stats para Momentum...
19:35:06 [DEBUG] [wolfsburgo-femenino-juventus-fc-w-apuestas-3510554] → Extrayendo momentum...
19:35:06 [DEBUG]   → Buscando URL del iframe de stats para Momentum...
19:35:11 [DEBUG]   × No se encontró URL del iframe de stats
19:35:11 [INFO] ✓ [al-quadisiya-ksa-neom-sports-club-apuestas-3524103] Captura exitosa: descanso, min , 0-0
19:35:11 [DEBUG]   × No se encontró URL del iframe de stats
19:35:11 [INFO] ✓ [wolfsburgo-femenino-juventus-fc-w-apuestas-3510554] Captura exitosa: descanso, min , 0-1
19:35:11 [INFO] ✓ Captura paralela completada en 50.2s (3/3 exitosos)
19:35:11 [WARNING] Ciclo tardó 50.2s (> 30s). Iniciando siguiente ciclo inmediatamente.
19:35:11 [INFO] 
--- Ciclo #2 ---
19:35:11 [INFO] 📸 Capturando 3 partidos en paralelo...
19:35:12 [DEBUG] ✓ Actualizar clickeado: al-quadisiya-ksa-neom-sports-club-apuestas-3524103
19:35:12 [DEBUG] ✓ Actualizar clickeado: wolfsburgo-femenino-juventus-fc-w-apuestas-3510554
19:35:12 [DEBUG] ✓ Actualizar clickeado: al-hazm-ksa-al-akhdoud-apuestas-35232966
19:35:12 [DEBUG] [al-quadisiya-ksa-neom-sports-club-apuestas-3524103] → Extrayendo información del partido...
19:35:12 [DEBUG] [wolfsburgo-femenino-juventus-fc-w-apuestas-3510554] → Extrayendo información del partido...
19:35:12 [DEBUG] [al-hazm-ksa-al-akhdoud-apuestas-35232966] → Extrayendo información del partido...
19:35:19 [DEBUG]   ✓ Estado detectado: DESCANSO (CSS: 'Descanso')
19:35:19 [DEBUG] [wolfsburgo-femenino-juventus-fc-w-apuestas-3510554] → Extrayendo cuotas Match Odds...
19:35:20 [DEBUG] [al-quadisiya-ksa-neom-sports-club-apuestas-3524103] → Extrayendo cuotas Match Odds...
19:35:20 [DEBUG] [al-hazm-ksa-al-akhdoud-apuestas-35232966] → Extrayendo cuotas Match Odds...
19:35:22 [DEBUG] [wolfsburgo-femenino-juventus-fc-w-apuestas-3510554] → Extrayendo cuotas Over/Under...
19:35:23 [DEBUG] [al-quadisiya-ksa-neom-sports-club-apuestas-3524103] → Extrayendo cuotas Over/Under...
19:35:23 [DEBUG] [al-hazm-ksa-al-akhdoud-apuestas-35232966] → Extrayendo cuotas Over/Under...
19:35:25 [DEBUG] [wolfsburgo-femenino-juventus-fc-w-apuestas-3510554] → Extrayendo cuotas Resultado Correcto...
19:35:26 [DEBUG] [al-hazm-ksa-al-akhdoud-apuestas-35232966] → Extrayendo cuotas Resultado Correcto...
19:35:26 [DEBUG] [al-quadisiya-ksa-neom-sports-club-apuestas-3524103] → Extrayendo cuotas Resultado Correcto...
19:35:28 [DEBUG] [wolfsburgo-femenino-juventus-fc-w-apuestas-3510554] → Extrayendo estadísticas del partido...
19:35:28 [DEBUG]   → Extrayendo eventId del HTML...
19:35:28 [DEBUG] Betfair event ID extraído del HTML: 35105544
19:35:28 [DEBUG] Consultando videoplayer: https://videoplayer.betfair.es/GetPlayer.do?eID=35105544&contentType=viz&contentView=mstats
19:35:29 [ERROR] Error consultando videoplayer endpoint: 404 Client Error:  for url: https://videoplayer.betfair.es/GetPlayer.do?eID=35105544&contentType=viz&contentView=mstats
19:35:29 [WARNING]   × No se pudo extraer eventId - partido sin estadísticas Opta
19:35:29 [INFO]   → Extrayendo stats del iframe (fallback): eID=35105544
19:35:29 [DEBUG] [al-hazm-ksa-al-akhdoud-apuestas-35232966] → Extrayendo estadísticas del partido...
19:35:29 [DEBUG]   → Extrayendo eventId del HTML...
19:35:29 [DEBUG] Betfair event ID extraído del HTML: 35232966
19:35:29 [DEBUG] Consultando videoplayer: https://videoplayer.betfair.es/GetPlayer.do?eID=35232966&contentType=viz&contentView=mstats
19:35:29 [DEBUG] [al-quadisiya-ksa-neom-sports-club-apuestas-3524103] → Extrayendo estadísticas del partido...
19:35:29 [DEBUG]   → Extrayendo eventId del HTML...
19:35:29 [DEBUG] Betfair event ID extraído del HTML: 35241036
19:35:29 [DEBUG] Consultando videoplayer: https://videoplayer.betfair.es/GetPlayer.do?eID=35241036&contentType=viz&contentView=mstats
19:35:29 [WARNING] No se encontró eventId de Opta en la respuesta del videoplayer
19:35:29 [WARNING]   × No se pudo extraer eventId - partido sin estadísticas Opta
19:35:29 [INFO]   → Extrayendo stats del iframe (fallback): eID=35232966
19:35:30 [ERROR] Error consultando videoplayer endpoint: 404 Client Error:  for url: https://videoplayer.betfair.es/GetPlayer.do?eID=35241036&contentType=viz&contentView=mstats
19:35:30 [WARNING]   × No se pudo extraer eventId - partido sin estadísticas Opta
19:35:30 [INFO]   → Extrayendo stats del iframe (fallback): eID=35241036
19:35:31 [INFO]   ✓ Fallback iframe exitoso: 12 campos capturados
19:35:31 [DEBUG] [al-hazm-ksa-al-akhdoud-apuestas-35232966] → Extrayendo volumen matched...
19:35:43 [WARNING]   × Fallback iframe no encontró estadísticas
19:35:43 [DEBUG] [wolfsburgo-femenino-juventus-fc-w-apuestas-3510554] → Extrayendo volumen matched...
19:35:44 [WARNING]   × Fallback iframe no encontró estadísticas
19:35:44 [DEBUG] [al-quadisiya-ksa-neom-sports-club-apuestas-3524103] → Extrayendo volumen matched...
19:35:44 [DEBUG] [al-hazm-ksa-al-akhdoud-apuestas-35232966] → Extrayendo momentum...
19:35:44 [DEBUG]   → Buscando URL del iframe de stats para Momentum...
19:35:49 [DEBUG]   × No se encontró URL del iframe de stats
19:35:49 [INFO] ✓ [al-hazm-ksa-al-akhdoud-apuestas-35232966] Captura exitosa: en_juego, min 45, 1-1
19:35:56 [DEBUG] [wolfsburgo-femenino-juventus-fc-w-apuestas-3510554] → Extrayendo momentum...
19:35:56 [DEBUG]   → Buscando URL del iframe de stats para Momentum...
19:35:57 [DEBUG] [al-quadisiya-ksa-neom-sports-club-apuestas-3524103] → Extrayendo momentum...
19:35:57 [DEBUG]   → Buscando URL del iframe de stats para Momentum...
19:36:01 [DEBUG]   × No se encontró URL del iframe de stats
19:36:01 [INFO] ✓ [wolfsburgo-femenino-juventus-fc-w-apuestas-3510554] Captura exitosa: descanso, min , 0-1
19:36:02 [DEBUG]   × No se encontró URL del iframe de stats
19:36:02 [INFO] ✓ [al-quadisiya-ksa-neom-sports-club-apuestas-3524103] Captura exitosa: en_juego, min 45, 0-0
19:36:02 [INFO] ✓ Captura paralela completada en 50.7s (3/3 exitosos)
19:36:02 [WARNING] Ciclo tardó 50.7s (> 30s). Iniciando siguiente ciclo inmediatamente.
19:36:02 [INFO] 
--- Ciclo #3 ---
19:36:02 [INFO] 📸 Capturando 3 partidos en paralelo...
19:36:02 [DEBUG] ✓ Actualizar clickeado: al-quadisiya-ksa-neom-sports-club-apuestas-3524103
19:36:02 [DEBUG] ✓ Actualizar clickeado: wolfsburgo-femenino-juventus-fc-w-apuestas-3510554
19:36:02 [DEBUG] ✓ Actualizar clickeado: al-hazm-ksa-al-akhdoud-apuestas-35232966
19:36:03 [DEBUG] [al-quadisiya-ksa-neom-sports-club-apuestas-3524103] → Extrayendo información del partido...
19:36:03 [DEBUG] [wolfsburgo-femenino-juventus-fc-w-apuestas-3510554] → Extrayendo información del partido...
19:36:03 [DEBUG] [al-hazm-ksa-al-akhdoud-apuestas-35232966] → Extrayendo información del partido...
19:36:10 [DEBUG]   ✓ Estado detectado: DESCANSO (CSS: 'Descanso')
19:36:10 [DEBUG] [wolfsburgo-femenino-juventus-fc-w-apuestas-3510554] → Extrayendo cuotas Match Odds...
19:36:11 [DEBUG] [al-quadisiya-ksa-neom-sports-club-apuestas-3524103] → Extrayendo cuotas Match Odds...
19:36:11 [DEBUG] [al-hazm-ksa-al-akhdoud-apuestas-35232966] → Extrayendo cuotas Match Odds...
19:36:12 [DEBUG] [wolfsburgo-femenino-juventus-fc-w-apuestas-3510554] → Extrayendo cuotas Over/Under...
19:36:13 [DEBUG] [al-quadisiya-ksa-neom-sports-club-apuestas-3524103] → Extrayendo cuotas Over/Under...
19:36:13 [DEBUG] [al-hazm-ksa-al-akhdoud-apuestas-35232966] → Extrayendo cuotas Over/Under...
19:36:15 [DEBUG] [wolfsburgo-femenino-juventus-fc-w-apuestas-3510554] → Extrayendo cuotas Resultado Correcto...
19:36:16 [DEBUG] [al-hazm-ksa-al-akhdoud-apuestas-35232966] → Extrayendo cuotas Resultado Correcto...
19:36:16 [DEBUG] [al-quadisiya-ksa-neom-sports-club-apuestas-3524103] → Extrayendo cuotas Resultado Correcto...
19:36:19 [DEBUG] [wolfsburgo-femenino-juventus-fc-w-apuestas-3510554] → Extrayendo estadísticas del partido...
19:36:19 [DEBUG]   → Extrayendo eventId del HTML...
19:36:19 [DEBUG] Betfair event ID extraído del HTML: 35105544
19:36:19 [DEBUG] Consultando videoplayer: https://videoplayer.betfair.es/GetPlayer.do?eID=35105544&contentType=viz&contentView=mstats
19:36:20 [DEBUG] [al-hazm-ksa-al-akhdoud-apuestas-35232966] → Extrayendo estadísticas del partido...
19:36:20 [DEBUG]   → Extrayendo eventId del HTML...
19:36:20 [DEBUG] Betfair event ID extraído del HTML: 35232966
19:36:20 [DEBUG] Consultando videoplayer: https://videoplayer.betfair.es/GetPlayer.do?eID=35232966&contentType=viz&contentView=mstats
19:36:20 [ERROR] Error consultando videoplayer endpoint: 404 Client Error:  for url: https://videoplayer.betfair.es/GetPlayer.do?eID=35105544&contentType=viz&contentView=mstats
19:36:20 [WARNING]   × No se pudo extraer eventId - partido sin estadísticas Opta
19:36:20 [INFO]   → Extrayendo stats del iframe (fallback): eID=35105544
19:36:20 [DEBUG] [al-quadisiya-ksa-neom-sports-club-apuestas-3524103] → Extrayendo estadísticas del partido...
19:36:20 [DEBUG]   → Extrayendo eventId del HTML...
19:36:20 [DEBUG] Betfair event ID extraído del HTML: 35241036
19:36:20 [DEBUG] Consultando videoplayer: https://videoplayer.betfair.es/GetPlayer.do?eID=35241036&contentType=viz&contentView=mstats
19:36:20 [WARNING] No se encontró eventId de Opta en la respuesta del videoplayer
19:36:20 [WARNING]   × No se pudo extraer eventId - partido sin estadísticas Opta
19:36:20 [INFO]   → Extrayendo stats del iframe (fallback): eID=35232966
19:36:21 [ERROR] Error consultando videoplayer endpoint: 404 Client Error:  for url: https://videoplayer.betfair.es/GetPlayer.do?eID=35241036&contentType=viz&contentView=mstats
19:36:21 [WARNING]   × No se pudo extraer eventId - partido sin estadísticas Opta
19:36:21 [INFO]   → Extrayendo stats del iframe (fallback): eID=35241036
19:36:22 [INFO]   ✓ Fallback iframe exitoso: 12 campos capturados
19:36:22 [DEBUG] [al-hazm-ksa-al-akhdoud-apuestas-35232966] → Extrayendo volumen matched...
19:36:34 [WARNING]   × Fallback iframe no encontró estadísticas
19:36:34 [DEBUG] [wolfsburgo-femenino-juventus-fc-w-apuestas-3510554] → Extrayendo volumen matched...
19:36:35 [DEBUG] [al-hazm-ksa-al-akhdoud-apuestas-35232966] → Extrayendo momentum...
19:36:35 [DEBUG]   → Buscando URL del iframe de stats para Momentum...
19:36:35 [WARNING]   × Fallback iframe no encontró estadísticas
19:36:35 [DEBUG] [al-quadisiya-ksa-neom-sports-club-apuestas-3524103] → Extrayendo volumen matched...
19:36:40 [DEBUG]   × No se encontró URL del iframe de stats
19:36:40 [INFO] ✓ [al-hazm-ksa-al-akhdoud-apuestas-35232966] Captura exitosa: en_juego, min 45, 1-1
19:36:47 [DEBUG] [wolfsburgo-femenino-juventus-fc-w-apuestas-3510554] → Extrayendo momentum...
19:36:47 [DEBUG]   → Buscando URL del iframe de stats para Momentum...
19:36:48 [DEBUG] [al-quadisiya-ksa-neom-sports-club-apuestas-3524103] → Extrayendo momentum...
19:36:48 [DEBUG]   → Buscando URL del iframe de stats para Momentum...
19:36:52 [DEBUG]   × No se encontró URL del iframe de stats
19:36:52 [INFO] ✓ [wolfsburgo-femenino-juventus-fc-w-apuestas-3510554] Captura exitosa: descanso, min , 0-1
19:36:53 [DEBUG]   × No se encontró URL del iframe de stats
19:36:53 [INFO] ✓ [al-quadisiya-ksa-neom-sports-club-apuestas-3524103] Captura exitosa: en_juego, min 46, 0-0
19:36:53 [INFO] ✓ Captura paralela completada en 51.1s (3/3 exitosos)
19:36:53 [WARNING] Ciclo tardó 51.1s (> 30s). Iniciando siguiente ciclo inmediatamente.
19:36:53 [INFO] 
--- Ciclo #4 ---
19:36:53 [INFO] 📸 Capturando 3 partidos en paralelo...
19:36:53 [DEBUG] ✓ Actualizar clickeado: wolfsburgo-femenino-juventus-fc-w-apuestas-3510554
19:36:53 [DEBUG] ✓ Actualizar clickeado: al-quadisiya-ksa-neom-sports-club-apuestas-3524103
19:36:54 [DEBUG] ✓ Actualizar clickeado: al-hazm-ksa-al-akhdoud-apuestas-35232966
19:36:54 [DEBUG] [wolfsburgo-femenino-juventus-fc-w-apuestas-3510554] → Extrayendo información del partido...
19:36:54 [DEBUG] [al-quadisiya-ksa-neom-sports-club-apuestas-3524103] → Extrayendo información del partido...
19:36:54 [DEBUG] [al-hazm-ksa-al-akhdoud-apuestas-35232966] → Extrayendo información del partido...
19:37:01 [DEBUG]   ✓ Estado detectado: DESCANSO (CSS: 'Descanso')
19:37:01 [DEBUG] [wolfsburgo-femenino-juventus-fc-w-apuestas-3510554] → Extrayendo cuotas Match Odds...
19:37:02 [DEBUG] [al-quadisiya-ksa-neom-sports-club-apuestas-3524103] → Extrayendo cuotas Match Odds...
19:37:02 [DEBUG] [al-hazm-ksa-al-akhdoud-apuestas-35232966] → Extrayendo cuotas Match Odds...
19:37:04 [DEBUG] [wolfsburgo-femenino-juventus-fc-w-apuestas-3510554] → Extrayendo cuotas Over/Under...
19:37:05 [DEBUG] [al-quadisiya-ksa-neom-sports-club-apuestas-3524103] → Extrayendo cuotas Over/Under...
19:37:05 [DEBUG] [al-hazm-ksa-al-akhdoud-apuestas-35232966] → Extrayendo cuotas Over/Under...
19:37:07 [DEBUG] [wolfsburgo-femenino-juventus-fc-w-apuestas-3510554] → Extrayendo cuotas Resultado Correcto...
19:37:08 [DEBUG] [al-hazm-ksa-al-akhdoud-apuestas-35232966] → Extrayendo cuotas Resultado Correcto...
19:37:08 [DEBUG] [al-quadisiya-ksa-neom-sports-club-apuestas-3524103] → Extrayendo cuotas Resultado Correcto...
19:37:10 [DEBUG] [wolfsburgo-femenino-juventus-fc-w-apuestas-3510554] → Extrayendo estadísticas del partido...
19:37:10 [DEBUG]   → Extrayendo eventId del HTML...
19:37:10 [DEBUG] Betfair event ID extraído del HTML: 35105544
19:37:10 [DEBUG] Consultando videoplayer: https://videoplayer.betfair.es/GetPlayer.do?eID=35105544&contentType=viz&contentView=mstats
19:37:11 [ERROR] Error consultando videoplayer endpoint: 404 Client Error:  for url: https://videoplayer.betfair.es/GetPlayer.do?eID=35105544&contentType=viz&contentView=mstats
19:37:11 [WARNING]   × No se pudo extraer eventId - partido sin estadísticas Opta
19:37:11 [INFO]   → Extrayendo stats del iframe (fallback): eID=35105544
19:37:11 [DEBUG] [al-hazm-ksa-al-akhdoud-apuestas-35232966] → Extrayendo estadísticas del partido...
19:37:11 [DEBUG]   → Extrayendo eventId del HTML...
19:37:11 [DEBUG] Betfair event ID extraído del HTML: 35232966
19:37:11 [DEBUG] Consultando videoplayer: https://videoplayer.betfair.es/GetPlayer.do?eID=35232966&contentType=viz&contentView=mstats
19:37:11 [DEBUG] [al-quadisiya-ksa-neom-sports-club-apuestas-3524103] → Extrayendo estadísticas del partido...
19:37:11 [DEBUG]   → Extrayendo eventId del HTML...
19:37:12 [DEBUG] Betfair event ID extraído del HTML: 35241036
19:37:12 [DEBUG] Consultando videoplayer: https://videoplayer.betfair.es/GetPlayer.do?eID=35241036&contentType=viz&contentView=mstats
19:37:12 [WARNING] No se encontró eventId de Opta en la respuesta del videoplayer
19:37:12 [WARNING]   × No se pudo extraer eventId - partido sin estadísticas Opta
19:37:12 [INFO]   → Extrayendo stats del iframe (fallback): eID=35232966
19:37:12 [ERROR] Error consultando videoplayer endpoint: 404 Client Error:  for url: https://videoplayer.betfair.es/GetPlayer.do?eID=35241036&contentType=viz&contentView=mstats
19:37:12 [WARNING]   × No se pudo extraer eventId - partido sin estadísticas Opta
19:37:12 [INFO]   → Extrayendo stats del iframe (fallback): eID=35241036
19:37:13 [INFO]   ✓ Fallback iframe exitoso: 12 campos capturados
19:37:13 [DEBUG] [al-hazm-ksa-al-akhdoud-apuestas-35232966] → Extrayendo volumen matched...
19:37:25 [WARNING]   × Fallback iframe no encontró estadísticas
19:37:25 [DEBUG] [wolfsburgo-femenino-juventus-fc-w-apuestas-3510554] → Extrayendo volumen matched...
19:37:26 [DEBUG] [al-hazm-ksa-al-akhdoud-apuestas-35232966] → Extrayendo momentum...
19:37:26 [DEBUG]   → Buscando URL del iframe de stats para Momentum...
19:37:26 [WARNING]   × Fallback iframe no encontró estadísticas
19:37:26 [DEBUG] [al-quadisiya-ksa-neom-sports-club-apuestas-3524103] → Extrayendo volumen matched...
19:37:31 [DEBUG]   × No se encontró URL del iframe de stats
19:37:31 [INFO] ✓ [al-hazm-ksa-al-akhdoud-apuestas-35232966] Captura exitosa: en_juego, min 46, 1-1
19:37:38 [DEBUG] [wolfsburgo-femenino-juventus-fc-w-apuestas-3510554] → Extrayendo momentum...
19:37:38 [DEBUG]   → Buscando URL del iframe de stats para Momentum...
19:37:39 [DEBUG] [al-quadisiya-ksa-neom-sports-club-apuestas-3524103] → Extrayendo momentum...
19:37:39 [DEBUG]   → Buscando URL del iframe de stats para Momentum...
19:37:43 [DEBUG]   × No se encontró URL del iframe de stats
19:37:43 [INFO] ✓ [wolfsburgo-femenino-juventus-fc-w-apuestas-3510554] Captura exitosa: descanso, min , 0-1
19:37:44 [DEBUG]   × No se encontró URL del iframe de stats
19:37:44 [INFO] ✓ [al-quadisiya-ksa-neom-sports-club-apuestas-3524103] Captura exitosa: en_juego, min 47, 0-0
19:37:44 [INFO] ✓ Captura paralela completada en 51.2s (3/3 exitosos)
19:37:44 [WARNING] Ciclo tardó 51.2s (> 30s). Iniciando siguiente ciclo inmediatamente.
19:37:44 [INFO] 
--- Ciclo #5 ---
19:37:44 [INFO] 📸 Capturando 3 partidos en paralelo...
19:37:45 [DEBUG] ✓ Actualizar clickeado: wolfsburgo-femenino-juventus-fc-w-apuestas-3510554
19:37:45 [DEBUG] ✓ Actualizar clickeado: al-quadisiya-ksa-neom-sports-club-apuestas-3524103
19:37:45 [DEBUG] ✓ Actualizar clickeado: al-hazm-ksa-al-akhdoud-apuestas-35232966
19:37:45 [DEBUG] [wolfsburgo-femenino-juventus-fc-w-apuestas-3510554] → Extrayendo información del partido...
19:37:45 [DEBUG] [al-quadisiya-ksa-neom-sports-club-apuestas-3524103] → Extrayendo información del partido...
19:37:45 [DEBUG] [al-hazm-ksa-al-akhdoud-apuestas-35232966] → Extrayendo información del partido...
19:37:52 [DEBUG]   ✓ Estado detectado: DESCANSO (CSS: 'Descanso')
19:37:52 [DEBUG] [wolfsburgo-femenino-juventus-fc-w-apuestas-3510554] → Extrayendo cuotas Match Odds...
19:37:53 [DEBUG] [al-quadisiya-ksa-neom-sports-club-apuestas-3524103] → Extrayendo cuotas Match Odds...
19:37:53 [DEBUG] [al-hazm-ksa-al-akhdoud-apuestas-35232966] → Extrayendo cuotas Match Odds...
19:37:55 [DEBUG] [wolfsburgo-femenino-juventus-fc-w-apuestas-3510554] → Extrayendo cuotas Over/Under...
19:37:56 [DEBUG] [al-quadisiya-ksa-neom-sports-club-apuestas-3524103] → Extrayendo cuotas Over/Under...
19:37:56 [DEBUG] [al-hazm-ksa-al-akhdoud-apuestas-35232966] → Extrayendo cuotas Over/Under...
19:37:58 [DEBUG] [wolfsburgo-femenino-juventus-fc-w-apuestas-3510554] → Extrayendo cuotas Resultado Correcto...
19:37:58 [DEBUG] [al-hazm-ksa-al-akhdoud-apuestas-35232966] → Extrayendo cuotas Resultado Correcto...
19:37:58 [DEBUG] [al-quadisiya-ksa-neom-sports-club-apuestas-3524103] → Extrayendo cuotas Resultado Correcto...
19:38:01 [DEBUG] [wolfsburgo-femenino-juventus-fc-w-apuestas-3510554] → Extrayendo estadísticas del partido...
19:38:01 [DEBUG]   → Extrayendo eventId del HTML...
19:38:01 [DEBUG] Betfair event ID extraído del HTML: 35105544
19:38:01 [DEBUG] Consultando videoplayer: https://videoplayer.betfair.es/GetPlayer.do?eID=35105544&contentType=viz&contentView=mstats
19:38:02 [ERROR] Error consultando videoplayer endpoint: 404 Client Error:  for url: https://videoplayer.betfair.es/GetPlayer.do?eID=35105544&contentType=viz&contentView=mstats
19:38:02 [WARNING]   × No se pudo extraer eventId - partido sin estadísticas Opta
19:38:02 [INFO]   → Extrayendo stats del iframe (fallback): eID=35105544
19:38:02 [DEBUG] [al-hazm-ksa-al-akhdoud-apuestas-35232966] → Extrayendo estadísticas del partido...
19:38:02 [DEBUG]   → Extrayendo eventId del HTML...
19:38:02 [DEBUG] Betfair event ID extraído del HTML: 35232966
19:38:02 [DEBUG] Consultando videoplayer: https://videoplayer.betfair.es/GetPlayer.do?eID=35232966&contentType=viz&contentView=mstats
19:38:02 [DEBUG] [al-quadisiya-ksa-neom-sports-club-apuestas-3524103] → Extrayendo estadísticas del partido...
19:38:02 [DEBUG]   → Extrayendo eventId del HTML...
19:38:02 [DEBUG] Betfair event ID extraído del HTML: 35241036
19:38:02 [DEBUG] Consultando videoplayer: https://videoplayer.betfair.es/GetPlayer.do?eID=35241036&contentType=viz&contentView=mstats
19:38:02 [WARNING] No se encontró eventId de Opta en la respuesta del videoplayer
19:38:02 [WARNING]   × No se pudo extraer eventId - partido sin estadísticas Opta
19:38:02 [INFO]   → Extrayendo stats del iframe (fallback): eID=35232966
19:38:02 [ERROR] Error consultando videoplayer endpoint: 404 Client Error:  for url: https://videoplayer.betfair.es/GetPlayer.do?eID=35241036&contentType=viz&contentView=mstats
19:38:02 [WARNING]   × No se pudo extraer eventId - partido sin estadísticas Opta
19:38:02 [INFO]   → Extrayendo stats del iframe (fallback): eID=35241036
