19:41:38 [INFO] 📝 Log guardándose en: logs/scraper_20260212_194138.log
19:41:38 [INFO] Cargados 10 partidos desde games.csv
19:41:38 [INFO] 📅 MODO SCHEDULING ACTIVADO
19:41:38 [INFO]    Ventana tracking: 10 min antes → 150 min después
19:41:38 [INFO]    Total en CSV: 10 partidos
19:41:38 [INFO]    ✓ Partidos activos ahora: 3
19:41:38 [INFO]    ⏰ Partidos futuros: 7
19:41:38 [INFO]    ✅ Partidos finalizados: 0
19:41:38 [INFO] 
📋 Próximos partidos a trackear:
19:41:38 [INFO]       Sion - FC Basel (en 48 min)
19:41:38 [INFO]       Thun - Lausanne (en 48 min)
19:41:38 [INFO]       Atlético de Madrid Femenino - Manchester United Fe (en 78 min)
19:41:38 [INFO]       Atlético de Madrid - FC Barcelona (en 78 min)
19:41:38 [INFO]       Brentford - Arsenal (en 78 min)
19:41:38 [INFO] 🚀 Sistema multi-driver: Creando 3 drivers independientes (sin límite de tabs)
19:41:38 [INFO] 
Iniciando observador con 3 partidos.
19:41:38 [INFO] Ciclo: 30s | Output: data/
19:41:38 [INFO] 🔄 Recarga dinámica: Revisando games.csv cada 5 ciclos (scheduling)
19:41:38 [INFO] 🧹 Limpiando ventanas Betfair antiguas...
19:41:38 [WARNING] Script de limpieza no encontrado: C:\Users\agonz\OneDrive\Documents\Proyectos\Furbo\betfair_scraper\close_betfair_windows.ps1
19:41:38 [INFO] Cargados 10 partidos desde games.csv
19:41:38 [INFO] 
🚀 Iniciando 3 drivers Chrome (sistema multi-driver paralelo)...
19:41:38 [INFO] 🔧 Creando driver de login: Al-Hazm (KSA) - Al-Akhdoud
19:41:38 [INFO] 🔧 Creando driver para: Al-Hazm (KSA) - Al-Akhdoud
19:41:45 [INFO] ✓ Cookies aceptadas automáticamente
19:41:46 [INFO] ✓ Driver listo: al-hazm-ksa-al-akhdoud-apuestas-35232966
19:41:46 [INFO] ============================================================
19:41:46 [INFO] HAZ LOGIN MANUAL en Betfair.es ahora.
19:41:46 [INFO] Tienes 0 segundos...
19:41:46 [INFO] El scraper comenzará automáticamente después.
19:41:46 [INFO] ============================================================
19:41:46 [INFO] 🔧 Creando 2 drivers adicionales en paralelo...
19:41:46 [INFO] 🔧 Creando driver para: Al-Quadisiya (KSA) - NEOM Sports Club
19:41:46 [INFO] 🔧 Creando driver para: Wolfsburgo Femenino - Juventus FC Femenino
19:41:51 [INFO] ✓ Cookies aceptadas automáticamente
19:41:51 [INFO] ✓ Cookies aceptadas automáticamente
19:41:52 [INFO] ✓ Driver listo: al-quadisiya-ksa-neom-sports-club-apuestas-3524103
19:41:52 [INFO] ✓ Driver listo: wolfsburgo-femenino-juventus-fc-w-apuestas-3510554
19:41:52 [INFO] ✓ 3 drivers creados exitosamente
19:41:52 [INFO] ============================================================
19:41:52 [INFO] CAPTURA INICIADA - Presiona Ctrl+C para detener
19:41:52 [INFO] ============================================================
19:41:52 [INFO] 
--- Ciclo #1 ---
19:41:52 [INFO] 📸 Capturando 3 partidos en paralelo...
19:41:53 [DEBUG] ✓ Actualizar clickeado: wolfsburgo-femenino-juventus-fc-w-apuestas-3510554
19:41:53 [DEBUG] ✓ Actualizar clickeado: al-quadisiya-ksa-neom-sports-club-apuestas-3524103
19:41:53 [DEBUG] ✓ Actualizar clickeado: al-hazm-ksa-al-akhdoud-apuestas-35232966
19:41:53 [DEBUG] [wolfsburgo-femenino-juventus-fc-w-apuestas-3510554] → Extrayendo información del partido...
19:41:53 [DEBUG] [al-quadisiya-ksa-neom-sports-club-apuestas-3524103] → Extrayendo información del partido...
19:41:53 [DEBUG] [al-hazm-ksa-al-akhdoud-apuestas-35232966] → Extrayendo información del partido...
19:42:00 [DEBUG]   ✓ Estado detectado: DESCANSO (CSS: 'Descanso')
19:42:00 [DEBUG] [wolfsburgo-femenino-juventus-fc-w-apuestas-3510554] → Extrayendo cuotas Match Odds...
19:42:01 [DEBUG] [al-hazm-ksa-al-akhdoud-apuestas-35232966] → Extrayendo cuotas Match Odds...
19:42:01 [DEBUG] [al-quadisiya-ksa-neom-sports-club-apuestas-3524103] → Extrayendo cuotas Match Odds...
19:42:03 [DEBUG] [wolfsburgo-femenino-juventus-fc-w-apuestas-3510554] → Extrayendo cuotas Over/Under...
19:42:04 [DEBUG] [al-hazm-ksa-al-akhdoud-apuestas-35232966] → Extrayendo cuotas Over/Under...
19:42:04 [DEBUG] [al-quadisiya-ksa-neom-sports-club-apuestas-3524103] → Extrayendo cuotas Over/Under...
19:42:06 [DEBUG] [wolfsburgo-femenino-juventus-fc-w-apuestas-3510554] → Extrayendo cuotas Resultado Correcto...
19:42:07 [DEBUG] [al-hazm-ksa-al-akhdoud-apuestas-35232966] → Extrayendo cuotas Resultado Correcto...
19:42:07 [DEBUG] [al-quadisiya-ksa-neom-sports-club-apuestas-3524103] → Extrayendo cuotas Resultado Correcto...
19:42:09 [DEBUG] [wolfsburgo-femenino-juventus-fc-w-apuestas-3510554] → Extrayendo estadísticas del partido...
19:42:09 [DEBUG]   → Extrayendo eventId del HTML...
19:42:09 [DEBUG] Betfair event ID extraído del HTML: 35105544
19:42:09 [DEBUG] Consultando videoplayer: https://videoplayer.betfair.es/GetPlayer.do?eID=35105544&contentType=viz&contentView=mstats
19:42:10 [DEBUG] [al-hazm-ksa-al-akhdoud-apuestas-35232966] → Extrayendo estadísticas del partido...
19:42:10 [DEBUG]   → Extrayendo eventId del HTML...
19:42:10 [DEBUG] Betfair event ID extraído del HTML: 35232966
19:42:10 [DEBUG] Consultando videoplayer: https://videoplayer.betfair.es/GetPlayer.do?eID=35232966&contentType=viz&contentView=mstats
19:42:10 [ERROR] Error consultando videoplayer endpoint: 404 Client Error:  for url: https://videoplayer.betfair.es/GetPlayer.do?eID=35105544&contentType=viz&contentView=mstats
19:42:10 [WARNING]   × No se pudo extraer eventId - partido sin estadísticas Opta
19:42:10 [INFO]   → Extrayendo stats del iframe (fallback): eID=35105544
19:42:10 [DEBUG] [al-quadisiya-ksa-neom-sports-club-apuestas-3524103] → Extrayendo estadísticas del partido...
19:42:10 [DEBUG]   → Extrayendo eventId del HTML...
19:42:10 [DEBUG] Betfair event ID extraído del HTML: 35241036
19:42:10 [DEBUG] Consultando videoplayer: https://videoplayer.betfair.es/GetPlayer.do?eID=35241036&contentType=viz&contentView=mstats
19:42:11 [WARNING] No se encontró eventId de Opta en la respuesta del videoplayer
19:42:11 [WARNING]   × No se pudo extraer eventId - partido sin estadísticas Opta
19:42:11 [INFO]   → Extrayendo stats del iframe (fallback): eID=35232966
19:42:11 [ERROR] Error consultando videoplayer endpoint: 404 Client Error:  for url: https://videoplayer.betfair.es/GetPlayer.do?eID=35241036&contentType=viz&contentView=mstats
19:42:11 [WARNING]   × No se pudo extraer eventId - partido sin estadísticas Opta
19:42:11 [INFO]   → Extrayendo stats del iframe (fallback): eID=35241036
19:42:12 [INFO]   ✓ Fallback iframe exitoso: 10 campos capturados
19:42:12 [DEBUG]   → Iframe stats capturados: {'tiros_puerta_local': '7', 'tiros_puerta_visitante': '2', 'corners_local': '7', 'corners_visitante': '4', 'shots_off_target_local': '2', 'shots_off_target_visitante': '0', 'blocked_shots_local': '0', 'blocked_shots_visitante': '3', 'tiros_local': '9', 'tiros_visitante': '5'}
19:42:12 [DEBUG]   → Total stats en dict tras merge: 10
19:42:12 [DEBUG] [al-hazm-ksa-al-akhdoud-apuestas-35232966] → Extrayendo volumen matched...
19:42:24 [WARNING]   × Fallback iframe no encontró estadísticas
19:42:24 [DEBUG] [wolfsburgo-femenino-juventus-fc-w-apuestas-3510554] → Extrayendo volumen matched...
19:42:25 [DEBUG] [al-hazm-ksa-al-akhdoud-apuestas-35232966] → Extrayendo momentum...
19:42:25 [DEBUG]   → Buscando URL del iframe de stats para Momentum...
19:42:25 [WARNING]   × Fallback iframe no encontró estadísticas
19:42:25 [DEBUG] [al-quadisiya-ksa-neom-sports-club-apuestas-3524103] → Extrayendo volumen matched...
19:42:30 [DEBUG]   × No se encontró URL del iframe de stats
19:42:30 [INFO] ✓ [al-hazm-ksa-al-akhdoud-apuestas-35232966] Captura exitosa: en_juego, min 51, 1-1
19:42:37 [DEBUG] [wolfsburgo-femenino-juventus-fc-w-apuestas-3510554] → Extrayendo momentum...
19:42:37 [DEBUG]   → Buscando URL del iframe de stats para Momentum...
19:42:38 [DEBUG] [al-quadisiya-ksa-neom-sports-club-apuestas-3524103] → Extrayendo momentum...
19:42:38 [DEBUG]   → Buscando URL del iframe de stats para Momentum...
19:42:42 [DEBUG]   × No se encontró URL del iframe de stats
19:42:42 [INFO] ✓ [wolfsburgo-femenino-juventus-fc-w-apuestas-3510554] Captura exitosa: descanso, min , 0-1
19:42:44 [DEBUG]   × No se encontró URL del iframe de stats
19:42:44 [INFO] ✓ [al-quadisiya-ksa-neom-sports-club-apuestas-3524103] Captura exitosa: en_juego, min 52, 0-0
19:42:44 [INFO] ✓ Captura paralela completada en 52.4s (3/3 exitosos)
19:42:44 [WARNING] Ciclo tardó 52.4s (> 30s). Iniciando siguiente ciclo inmediatamente.
19:42:44 [INFO] 
--- Ciclo #2 ---
19:42:44 [INFO] 📸 Capturando 3 partidos en paralelo...
19:42:45 [DEBUG] ✓ Actualizar clickeado: al-hazm-ksa-al-akhdoud-apuestas-35232966
19:42:45 [DEBUG] ✓ Actualizar clickeado: al-quadisiya-ksa-neom-sports-club-apuestas-3524103
19:42:45 [DEBUG] ✓ Actualizar clickeado: wolfsburgo-femenino-juventus-fc-w-apuestas-3510554
19:42:45 [DEBUG] [al-hazm-ksa-al-akhdoud-apuestas-35232966] → Extrayendo información del partido...
19:42:45 [DEBUG] [al-quadisiya-ksa-neom-sports-club-apuestas-3524103] → Extrayendo información del partido...
19:42:45 [DEBUG] [wolfsburgo-femenino-juventus-fc-w-apuestas-3510554] → Extrayendo información del partido...
19:42:52 [DEBUG]   ✓ Estado detectado: DESCANSO (CSS: 'Descanso')
19:42:52 [DEBUG] [wolfsburgo-femenino-juventus-fc-w-apuestas-3510554] → Extrayendo cuotas Match Odds...
19:42:53 [DEBUG] [al-hazm-ksa-al-akhdoud-apuestas-35232966] → Extrayendo cuotas Match Odds...
19:42:54 [DEBUG] [al-quadisiya-ksa-neom-sports-club-apuestas-3524103] → Extrayendo cuotas Match Odds...
19:42:55 [DEBUG] [wolfsburgo-femenino-juventus-fc-w-apuestas-3510554] → Extrayendo cuotas Over/Under...
19:42:56 [DEBUG] [al-hazm-ksa-al-akhdoud-apuestas-35232966] → Extrayendo cuotas Over/Under...
19:42:56 [DEBUG] [al-quadisiya-ksa-neom-sports-club-apuestas-3524103] → Extrayendo cuotas Over/Under...
19:42:58 [DEBUG] [wolfsburgo-femenino-juventus-fc-w-apuestas-3510554] → Extrayendo cuotas Resultado Correcto...
19:42:58 [DEBUG] [al-hazm-ksa-al-akhdoud-apuestas-35232966] → Extrayendo cuotas Resultado Correcto...
19:42:59 [DEBUG] [al-quadisiya-ksa-neom-sports-club-apuestas-3524103] → Extrayendo cuotas Resultado Correcto...
19:43:01 [DEBUG] [wolfsburgo-femenino-juventus-fc-w-apuestas-3510554] → Extrayendo estadísticas del partido...
19:43:01 [DEBUG]   → Extrayendo eventId del HTML...
19:43:01 [DEBUG] Betfair event ID extraído del HTML: 35105544
19:43:01 [DEBUG] Consultando videoplayer: https://videoplayer.betfair.es/GetPlayer.do?eID=35105544&contentType=viz&contentView=mstats
19:43:01 [ERROR] Error consultando videoplayer endpoint: 404 Client Error:  for url: https://videoplayer.betfair.es/GetPlayer.do?eID=35105544&contentType=viz&contentView=mstats
19:43:01 [WARNING]   × No se pudo extraer eventId - partido sin estadísticas Opta
19:43:01 [INFO]   → Extrayendo stats del iframe (fallback): eID=35105544
19:43:01 [DEBUG] [al-hazm-ksa-al-akhdoud-apuestas-35232966] → Extrayendo estadísticas del partido...
19:43:01 [DEBUG]   → Extrayendo eventId del HTML...
19:43:01 [DEBUG] Betfair event ID extraído del HTML: 35232966
19:43:01 [DEBUG] Consultando videoplayer: https://videoplayer.betfair.es/GetPlayer.do?eID=35232966&contentType=viz&contentView=mstats
19:43:01 [DEBUG] [al-quadisiya-ksa-neom-sports-club-apuestas-3524103] → Extrayendo estadísticas del partido...
19:43:01 [DEBUG]   → Extrayendo eventId del HTML...
19:43:02 [DEBUG] Betfair event ID extraído del HTML: 35241036
19:43:02 [DEBUG] Consultando videoplayer: https://videoplayer.betfair.es/GetPlayer.do?eID=35241036&contentType=viz&contentView=mstats
19:43:02 [WARNING] No se encontró eventId de Opta en la respuesta del videoplayer
19:43:02 [WARNING]   × No se pudo extraer eventId - partido sin estadísticas Opta
19:43:02 [INFO]   → Extrayendo stats del iframe (fallback): eID=35232966
19:43:02 [ERROR] Error consultando videoplayer endpoint: 404 Client Error:  for url: https://videoplayer.betfair.es/GetPlayer.do?eID=35241036&contentType=viz&contentView=mstats
19:43:02 [WARNING]   × No se pudo extraer eventId - partido sin estadísticas Opta
19:43:02 [INFO]   → Extrayendo stats del iframe (fallback): eID=35241036
19:43:03 [INFO]   ✓ Fallback iframe exitoso: 12 campos capturados
19:43:03 [DEBUG]   → Iframe stats capturados: {'tiros_puerta_local': '7', 'tiros_puerta_visitante': '2', 'corners_local': '7', 'corners_visitante': '4', 'posesion_local': '54', 'posesion_visitante': '46', 'shots_off_target_local': '2', 'shots_off_target_visitante': '0', 'blocked_shots_local': '1', 'blocked_shots_visitante': '3', 'tiros_local': '10', 'tiros_visitante': '5'}
19:43:03 [DEBUG]   → Total stats en dict tras merge: 12
19:43:03 [DEBUG] [al-hazm-ksa-al-akhdoud-apuestas-35232966] → Extrayendo volumen matched...
19:43:15 [WARNING]   × Fallback iframe no encontró estadísticas
19:43:15 [DEBUG] [wolfsburgo-femenino-juventus-fc-w-apuestas-3510554] → Extrayendo volumen matched...
19:43:16 [DEBUG] [al-hazm-ksa-al-akhdoud-apuestas-35232966] → Extrayendo momentum...
19:43:16 [DEBUG]   → Buscando URL del iframe de stats para Momentum...
19:43:17 [WARNING]   × Fallback iframe no encontró estadísticas
19:43:17 [DEBUG] [al-quadisiya-ksa-neom-sports-club-apuestas-3524103] → Extrayendo volumen matched...
19:43:22 [DEBUG]   × No se encontró URL del iframe de stats
19:43:22 [INFO] ✓ [al-hazm-ksa-al-akhdoud-apuestas-35232966] Captura exitosa: en_juego, min 52, 1-1
19:43:28 [DEBUG] [wolfsburgo-femenino-juventus-fc-w-apuestas-3510554] → Extrayendo momentum...
19:43:28 [DEBUG]   → Buscando URL del iframe de stats para Momentum...
19:43:30 [DEBUG] [al-quadisiya-ksa-neom-sports-club-apuestas-3524103] → Extrayendo momentum...
19:43:30 [DEBUG]   → Buscando URL del iframe de stats para Momentum...
19:43:34 [DEBUG]   × No se encontró URL del iframe de stats
19:43:34 [INFO] ✓ [wolfsburgo-femenino-juventus-fc-w-apuestas-3510554] Captura exitosa: descanso, min , 0-1
19:43:36 [DEBUG]   × No se encontró URL del iframe de stats
19:43:36 [INFO] ✓ [al-quadisiya-ksa-neom-sports-club-apuestas-3524103] Captura exitosa: en_juego, min 52, 0-0
19:43:36 [INFO] ✓ Captura paralela completada en 51.9s (3/3 exitosos)
19:43:36 [WARNING] Ciclo tardó 51.9s (> 30s). Iniciando siguiente ciclo inmediatamente.
19:43:36 [INFO] 
--- Ciclo #3 ---
19:43:36 [INFO] 📸 Capturando 3 partidos en paralelo...
19:43:37 [DEBUG] ✓ Actualizar clickeado: wolfsburgo-femenino-juventus-fc-w-apuestas-3510554
19:43:37 [DEBUG] ✓ Actualizar clickeado: al-quadisiya-ksa-neom-sports-club-apuestas-3524103
19:43:37 [DEBUG] ✓ Actualizar clickeado: al-hazm-ksa-al-akhdoud-apuestas-35232966
19:43:37 [DEBUG] [wolfsburgo-femenino-juventus-fc-w-apuestas-3510554] → Extrayendo información del partido...
19:43:37 [DEBUG] [al-quadisiya-ksa-neom-sports-club-apuestas-3524103] → Extrayendo información del partido...
19:43:37 [DEBUG] [al-hazm-ksa-al-akhdoud-apuestas-35232966] → Extrayendo información del partido...
19:43:44 [DEBUG]   ✓ Estado detectado: DESCANSO (CSS: 'Descanso')
19:43:45 [DEBUG] [wolfsburgo-femenino-juventus-fc-w-apuestas-3510554] → Extrayendo cuotas Match Odds...
19:43:45 [DEBUG] [al-hazm-ksa-al-akhdoud-apuestas-35232966] → Extrayendo cuotas Match Odds...
19:43:46 [DEBUG] [al-quadisiya-ksa-neom-sports-club-apuestas-3524103] → Extrayendo cuotas Match Odds...
19:43:47 [DEBUG] [wolfsburgo-femenino-juventus-fc-w-apuestas-3510554] → Extrayendo cuotas Over/Under...
19:43:48 [DEBUG] [al-hazm-ksa-al-akhdoud-apuestas-35232966] → Extrayendo cuotas Over/Under...
19:43:48 [DEBUG] [al-quadisiya-ksa-neom-sports-club-apuestas-3524103] → Extrayendo cuotas Over/Under...
19:43:50 [DEBUG] [wolfsburgo-femenino-juventus-fc-w-apuestas-3510554] → Extrayendo cuotas Resultado Correcto...
19:43:51 [DEBUG] [al-hazm-ksa-al-akhdoud-apuestas-35232966] → Extrayendo cuotas Resultado Correcto...
19:43:51 [DEBUG] [al-quadisiya-ksa-neom-sports-club-apuestas-3524103] → Extrayendo cuotas Resultado Correcto...
19:43:53 [DEBUG] [wolfsburgo-femenino-juventus-fc-w-apuestas-3510554] → Extrayendo estadísticas del partido...
19:43:53 [DEBUG]   → Extrayendo eventId del HTML...
19:43:53 [DEBUG] Betfair event ID extraído del HTML: 35105544
19:43:53 [DEBUG] Consultando videoplayer: https://videoplayer.betfair.es/GetPlayer.do?eID=35105544&contentType=viz&contentView=mstats
19:43:53 [ERROR] Error consultando videoplayer endpoint: 404 Client Error:  for url: https://videoplayer.betfair.es/GetPlayer.do?eID=35105544&contentType=viz&contentView=mstats
19:43:53 [WARNING]   × No se pudo extraer eventId - partido sin estadísticas Opta
19:43:53 [INFO]   → Extrayendo stats del iframe (fallback): eID=35105544
19:43:54 [DEBUG] [al-hazm-ksa-al-akhdoud-apuestas-35232966] → Extrayendo estadísticas del partido...
19:43:54 [DEBUG]   → Extrayendo eventId del HTML...
19:43:54 [DEBUG] Betfair event ID extraído del HTML: 35232966
19:43:54 [DEBUG] Consultando videoplayer: https://videoplayer.betfair.es/GetPlayer.do?eID=35232966&contentType=viz&contentView=mstats
19:43:54 [DEBUG] [al-quadisiya-ksa-neom-sports-club-apuestas-3524103] → Extrayendo estadísticas del partido...
19:43:54 [DEBUG]   → Extrayendo eventId del HTML...
19:43:54 [DEBUG] Betfair event ID extraído del HTML: 35241036
19:43:54 [DEBUG] Consultando videoplayer: https://videoplayer.betfair.es/GetPlayer.do?eID=35241036&contentType=viz&contentView=mstats
19:43:54 [ERROR] Error consultando videoplayer endpoint: 404 Client Error:  for url: https://videoplayer.betfair.es/GetPlayer.do?eID=35241036&contentType=viz&contentView=mstats
19:43:54 [WARNING]   × No se pudo extraer eventId - partido sin estadísticas Opta
19:43:54 [INFO]   → Extrayendo stats del iframe (fallback): eID=35241036
19:43:54 [WARNING] No se encontró eventId de Opta en la respuesta del videoplayer
19:43:54 [WARNING]   × No se pudo extraer eventId - partido sin estadísticas Opta
19:43:54 [INFO]   → Extrayendo stats del iframe (fallback): eID=35232966
19:43:55 [INFO]   ✓ Fallback iframe exitoso: 10 campos capturados
19:43:55 [DEBUG]   → Iframe stats capturados: {'tiros_puerta_local': '8', 'tiros_puerta_visitante': '2', 'corners_local': '8', 'corners_visitante': '4', 'shots_off_target_local': '2', 'shots_off_target_visitante': '0', 'blocked_shots_local': '1', 'blocked_shots_visitante': '3', 'tiros_local': '11', 'tiros_visitante': '5'}
19:43:55 [DEBUG]   → Total stats en dict tras merge: 10
19:43:55 [DEBUG] [al-hazm-ksa-al-akhdoud-apuestas-35232966] → Extrayendo volumen matched...
19:44:07 [WARNING]   × Fallback iframe no encontró estadísticas
19:44:07 [DEBUG] [wolfsburgo-femenino-juventus-fc-w-apuestas-3510554] → Extrayendo volumen matched...
19:44:08 [DEBUG] [al-hazm-ksa-al-akhdoud-apuestas-35232966] → Extrayendo momentum...
19:44:08 [DEBUG]   → Buscando URL del iframe de stats para Momentum...
19:44:08 [WARNING]   × Fallback iframe no encontró estadísticas
19:44:09 [DEBUG] [al-quadisiya-ksa-neom-sports-club-apuestas-3524103] → Extrayendo volumen matched...
19:44:14 [DEBUG]   × No se encontró URL del iframe de stats
19:44:14 [INFO] ✓ [al-hazm-ksa-al-akhdoud-apuestas-35232966] Captura exitosa: en_juego, min 52, 1-1
19:44:20 [DEBUG] [wolfsburgo-femenino-juventus-fc-w-apuestas-3510554] → Extrayendo momentum...
19:44:20 [DEBUG]   → Buscando URL del iframe de stats para Momentum...
19:44:21 [DEBUG] [al-quadisiya-ksa-neom-sports-club-apuestas-3524103] → Extrayendo momentum...
19:44:21 [DEBUG]   → Buscando URL del iframe de stats para Momentum...
19:44:25 [DEBUG]   × No se encontró URL del iframe de stats
19:44:25 [INFO] ✓ [wolfsburgo-femenino-juventus-fc-w-apuestas-3510554] Captura exitosa: descanso, min , 0-1
19:44:28 [DEBUG]   × No se encontró URL del iframe de stats
19:44:28 [INFO] ✓ [al-quadisiya-ksa-neom-sports-club-apuestas-3524103] Captura exitosa: en_juego, min 53, 0-0
19:44:28 [INFO] ✓ Captura paralela completada en 51.3s (3/3 exitosos)
19:44:28 [WARNING] Ciclo tardó 51.3s (> 30s). Iniciando siguiente ciclo inmediatamente.
19:44:28 [INFO] 
--- Ciclo #4 ---
19:44:28 [INFO] 📸 Capturando 3 partidos en paralelo...
19:44:28 [DEBUG] ✓ Actualizar clickeado: al-hazm-ksa-al-akhdoud-apuestas-35232966
19:44:28 [DEBUG] ✓ Actualizar clickeado: wolfsburgo-femenino-juventus-fc-w-apuestas-3510554
19:44:28 [DEBUG] ✓ Actualizar clickeado: al-quadisiya-ksa-neom-sports-club-apuestas-3524103
19:44:28 [DEBUG] [al-hazm-ksa-al-akhdoud-apuestas-35232966] → Extrayendo información del partido...
19:44:28 [DEBUG] [wolfsburgo-femenino-juventus-fc-w-apuestas-3510554] → Extrayendo información del partido...
19:44:28 [DEBUG] [al-quadisiya-ksa-neom-sports-club-apuestas-3524103] → Extrayendo información del partido...
19:44:36 [DEBUG]   ✓ Estado detectado: DESCANSO (CSS: 'Descanso')
19:44:36 [DEBUG] [wolfsburgo-femenino-juventus-fc-w-apuestas-3510554] → Extrayendo cuotas Match Odds...
19:44:37 [DEBUG] [al-quadisiya-ksa-neom-sports-club-apuestas-3524103] → Extrayendo cuotas Match Odds...
19:44:37 [DEBUG] [al-hazm-ksa-al-akhdoud-apuestas-35232966] → Extrayendo cuotas Match Odds...
19:44:38 [DEBUG] [wolfsburgo-femenino-juventus-fc-w-apuestas-3510554] → Extrayendo cuotas Over/Under...
19:44:39 [DEBUG] [al-quadisiya-ksa-neom-sports-club-apuestas-3524103] → Extrayendo cuotas Over/Under...
19:44:39 [DEBUG] [al-hazm-ksa-al-akhdoud-apuestas-35232966] → Extrayendo cuotas Over/Under...
19:44:41 [DEBUG] [wolfsburgo-femenino-juventus-fc-w-apuestas-3510554] → Extrayendo cuotas Resultado Correcto...
19:44:42 [DEBUG] [al-hazm-ksa-al-akhdoud-apuestas-35232966] → Extrayendo cuotas Resultado Correcto...
19:44:42 [DEBUG] [al-quadisiya-ksa-neom-sports-club-apuestas-3524103] → Extrayendo cuotas Resultado Correcto...
19:44:44 [DEBUG] [wolfsburgo-femenino-juventus-fc-w-apuestas-3510554] → Extrayendo estadísticas del partido...
19:44:44 [DEBUG]   → Extrayendo eventId del HTML...
19:44:45 [DEBUG] Betfair event ID extraído del HTML: 35105544
19:44:45 [DEBUG] Consultando videoplayer: https://videoplayer.betfair.es/GetPlayer.do?eID=35105544&contentType=viz&contentView=mstats
19:44:45 [ERROR] Error consultando videoplayer endpoint: 404 Client Error:  for url: https://videoplayer.betfair.es/GetPlayer.do?eID=35105544&contentType=viz&contentView=mstats
19:44:45 [WARNING]   × No se pudo extraer eventId - partido sin estadísticas Opta
19:44:45 [INFO]   → Extrayendo stats del iframe (fallback): eID=35105544
19:44:45 [DEBUG] [al-hazm-ksa-al-akhdoud-apuestas-35232966] → Extrayendo estadísticas del partido...
19:44:45 [DEBUG]   → Extrayendo eventId del HTML...
19:44:45 [DEBUG] [al-quadisiya-ksa-neom-sports-club-apuestas-3524103] → Extrayendo estadísticas del partido...
19:44:45 [DEBUG]   → Extrayendo eventId del HTML...
19:44:45 [DEBUG] Betfair event ID extraído del HTML: 35232966
19:44:45 [DEBUG] Consultando videoplayer: https://videoplayer.betfair.es/GetPlayer.do?eID=35232966&contentType=viz&contentView=mstats
19:44:45 [DEBUG] Betfair event ID extraído del HTML: 35241036
19:44:45 [DEBUG] Consultando videoplayer: https://videoplayer.betfair.es/GetPlayer.do?eID=35241036&contentType=viz&contentView=mstats
19:44:46 [WARNING] No se encontró eventId de Opta en la respuesta del videoplayer
19:44:46 [WARNING]   × No se pudo extraer eventId - partido sin estadísticas Opta
19:44:46 [INFO]   → Extrayendo stats del iframe (fallback): eID=35232966
19:44:46 [ERROR] Error consultando videoplayer endpoint: 404 Client Error:  for url: https://videoplayer.betfair.es/GetPlayer.do?eID=35241036&contentType=viz&contentView=mstats
19:44:46 [WARNING]   × No se pudo extraer eventId - partido sin estadísticas Opta
19:44:46 [INFO]   → Extrayendo stats del iframe (fallback): eID=35241036
19:44:48 [INFO]   ✓ Fallback iframe exitoso: 12 campos capturados
19:44:48 [DEBUG]   → Iframe stats capturados: {'tiros_puerta_local': '8', 'tiros_puerta_visitante': '2', 'corners_local': '8', 'corners_visitante': '4', 'posesion_local': '54', 'posesion_visitante': '46', 'shots_off_target_local': '2', 'shots_off_target_visitante': '0', 'blocked_shots_local': '1', 'blocked_shots_visitante': '3', 'tiros_local': '11', 'tiros_visitante': '5'}
19:44:48 [DEBUG]   → Total stats en dict tras merge: 12
19:44:48 [DEBUG] [al-hazm-ksa-al-akhdoud-apuestas-35232966] → Extrayendo volumen matched...
19:44:59 [WARNING]   × Fallback iframe no encontró estadísticas
19:44:59 [DEBUG] [wolfsburgo-femenino-juventus-fc-w-apuestas-3510554] → Extrayendo volumen matched...
19:45:01 [DEBUG] [al-hazm-ksa-al-akhdoud-apuestas-35232966] → Extrayendo momentum...
19:45:01 [DEBUG]   → Buscando URL del iframe de stats para Momentum...
19:45:01 [WARNING]   × Fallback iframe no encontró estadísticas
19:45:01 [DEBUG] [al-quadisiya-ksa-neom-sports-club-apuestas-3524103] → Extrayendo volumen matched...
19:45:06 [DEBUG]   × No se encontró URL del iframe de stats
19:45:06 [INFO] ✓ [al-hazm-ksa-al-akhdoud-apuestas-35232966] Captura exitosa: en_juego, min 54, 1-1
19:45:12 [DEBUG] [wolfsburgo-femenino-juventus-fc-w-apuestas-3510554] → Extrayendo momentum...
19:45:12 [DEBUG]   → Buscando URL del iframe de stats para Momentum...
19:45:14 [DEBUG] [al-quadisiya-ksa-neom-sports-club-apuestas-3524103] → Extrayendo momentum...
19:45:14 [DEBUG]   → Buscando URL del iframe de stats para Momentum...
19:45:17 [DEBUG]   × No se encontró URL del iframe de stats
19:45:17 [INFO] ✓ [wolfsburgo-femenino-juventus-fc-w-apuestas-3510554] Captura exitosa: descanso, min , 0-1
19:45:20 [DEBUG]   × No se encontró URL del iframe de stats
19:45:20 [INFO] ✓ [al-quadisiya-ksa-neom-sports-club-apuestas-3524103] Captura exitosa: en_juego, min 54, 0-0
19:45:20 [INFO] ✓ Captura paralela completada en 52.4s (3/3 exitosos)
19:45:20 [WARNING] Ciclo tardó 52.4s (> 30s). Iniciando siguiente ciclo inmediatamente.
19:45:20 [INFO] 
--- Ciclo #5 ---
19:45:20 [INFO] 📸 Capturando 3 partidos en paralelo...
19:45:20 [DEBUG] ✓ Actualizar clickeado: al-hazm-ksa-al-akhdoud-apuestas-35232966
19:45:20 [DEBUG] ✓ Actualizar clickeado: al-quadisiya-ksa-neom-sports-club-apuestas-3524103
19:45:20 [DEBUG] ✓ Actualizar clickeado: wolfsburgo-femenino-juventus-fc-w-apuestas-3510554
19:45:21 [DEBUG] [al-hazm-ksa-al-akhdoud-apuestas-35232966] → Extrayendo información del partido...
19:45:21 [DEBUG] [al-quadisiya-ksa-neom-sports-club-apuestas-3524103] → Extrayendo información del partido...
19:45:21 [DEBUG] [wolfsburgo-femenino-juventus-fc-w-apuestas-3510554] → Extrayendo información del partido...
19:45:28 [DEBUG]   ✓ Estado detectado: DESCANSO (CSS: 'Descanso')
19:45:28 [DEBUG] [wolfsburgo-femenino-juventus-fc-w-apuestas-3510554] → Extrayendo cuotas Match Odds...
19:45:29 [DEBUG] [al-hazm-ksa-al-akhdoud-apuestas-35232966] → Extrayendo cuotas Match Odds...
19:45:29 [DEBUG] [al-quadisiya-ksa-neom-sports-club-apuestas-3524103] → Extrayendo cuotas Match Odds...
19:45:30 [DEBUG] [wolfsburgo-femenino-juventus-fc-w-apuestas-3510554] → Extrayendo cuotas Over/Under...
19:45:31 [DEBUG] [al-hazm-ksa-al-akhdoud-apuestas-35232966] → Extrayendo cuotas Over/Under...
19:45:31 [DEBUG] [al-quadisiya-ksa-neom-sports-club-apuestas-3524103] → Extrayendo cuotas Over/Under...
19:45:33 [DEBUG] [wolfsburgo-femenino-juventus-fc-w-apuestas-3510554] → Extrayendo cuotas Resultado Correcto...
19:45:34 [DEBUG] [al-hazm-ksa-al-akhdoud-apuestas-35232966] → Extrayendo cuotas Resultado Correcto...
19:45:34 [DEBUG] [al-quadisiya-ksa-neom-sports-club-apuestas-3524103] → Extrayendo cuotas Resultado Correcto...
19:45:37 [DEBUG] [wolfsburgo-femenino-juventus-fc-w-apuestas-3510554] → Extrayendo estadísticas del partido...
19:45:37 [DEBUG]   → Extrayendo eventId del HTML...
19:45:37 [DEBUG] Betfair event ID extraído del HTML: 35105544
19:45:37 [DEBUG] Consultando videoplayer: https://videoplayer.betfair.es/GetPlayer.do?eID=35105544&contentType=viz&contentView=mstats
19:45:37 [ERROR] Error consultando videoplayer endpoint: 404 Client Error:  for url: https://videoplayer.betfair.es/GetPlayer.do?eID=35105544&contentType=viz&contentView=mstats
19:45:37 [WARNING]   × No se pudo extraer eventId - partido sin estadísticas Opta
19:45:37 [INFO]   → Extrayendo stats del iframe (fallback): eID=35105544
19:45:37 [DEBUG] [al-hazm-ksa-al-akhdoud-apuestas-35232966] → Extrayendo estadísticas del partido...
19:45:37 [DEBUG]   → Extrayendo eventId del HTML...
19:45:37 [DEBUG] Betfair event ID extraído del HTML: 35232966
19:45:37 [DEBUG] Consultando videoplayer: https://videoplayer.betfair.es/GetPlayer.do?eID=35232966&contentType=viz&contentView=mstats
19:45:38 [DEBUG] [al-quadisiya-ksa-neom-sports-club-apuestas-3524103] → Extrayendo estadísticas del partido...
19:45:38 [DEBUG]   → Extrayendo eventId del HTML...
19:45:38 [DEBUG] Betfair event ID extraído del HTML: 35241036
19:45:38 [DEBUG] Consultando videoplayer: https://videoplayer.betfair.es/GetPlayer.do?eID=35241036&contentType=viz&contentView=mstats
19:45:38 [WARNING] No se encontró eventId de Opta en la respuesta del videoplayer
19:45:38 [WARNING]   × No se pudo extraer eventId - partido sin estadísticas Opta
19:45:38 [INFO]   → Extrayendo stats del iframe (fallback): eID=35232966
19:45:38 [ERROR] Error consultando videoplayer endpoint: 404 Client Error:  for url: https://videoplayer.betfair.es/GetPlayer.do?eID=35241036&contentType=viz&contentView=mstats
19:45:38 [WARNING]   × No se pudo extraer eventId - partido sin estadísticas Opta
19:45:38 [INFO]   → Extrayendo stats del iframe (fallback): eID=35241036
19:45:39 [INFO]   ✓ Fallback iframe exitoso: 10 campos capturados
19:45:39 [DEBUG]   → Iframe stats capturados: {'tiros_puerta_local': '8', 'tiros_puerta_visitante': '2', 'corners_local': '8', 'corners_visitante': '4', 'shots_off_target_local': '2', 'shots_off_target_visitante': '0', 'blocked_shots_local': '1', 'blocked_shots_visitante': '3', 'tiros_local': '11', 'tiros_visitante': '5'}
19:45:39 [DEBUG]   → Total stats en dict tras merge: 10
19:45:39 [DEBUG] [al-hazm-ksa-al-akhdoud-apuestas-35232966] → Extrayendo volumen matched...
19:45:51 [WARNING]   × Fallback iframe no encontró estadísticas
19:45:51 [DEBUG] [wolfsburgo-femenino-juventus-fc-w-apuestas-3510554] → Extrayendo volumen matched...
19:45:52 [DEBUG] [al-hazm-ksa-al-akhdoud-apuestas-35232966] → Extrayendo momentum...
19:45:52 [DEBUG]   → Buscando URL del iframe de stats para Momentum...
19:45:52 [WARNING]   × Fallback iframe no encontró estadísticas
19:45:52 [DEBUG] [al-quadisiya-ksa-neom-sports-club-apuestas-3524103] → Extrayendo volumen matched...
19:45:57 [DEBUG]   × No se encontró URL del iframe de stats
19:45:57 [INFO] ✓ [al-hazm-ksa-al-akhdoud-apuestas-35232966] Captura exitosa: en_juego, min 55, 1-1
19:46:04 [DEBUG] [wolfsburgo-femenino-juventus-fc-w-apuestas-3510554] → Extrayendo momentum...
19:46:04 [DEBUG]   → Buscando URL del iframe de stats para Momentum...
19:46:05 [DEBUG] [al-quadisiya-ksa-neom-sports-club-apuestas-3524103] → Extrayendo momentum...
19:46:05 [DEBUG]   → Buscando URL del iframe de stats para Momentum...
19:46:09 [DEBUG]   × No se encontró URL del iframe de stats
19:46:09 [INFO] ✓ [wolfsburgo-femenino-juventus-fc-w-apuestas-3510554] Captura exitosa: descanso, min , 0-1
19:46:11 [DEBUG]   × No se encontró URL del iframe de stats
19:46:11 [INFO] ✓ [al-quadisiya-ksa-neom-sports-club-apuestas-3524103] Captura exitosa: en_juego, min 55, 0-0
19:46:11 [INFO] ✓ Captura paralela completada en 51.3s (3/3 exitosos)
19:46:11 [INFO] 🔄 Revisando games.csv para detectar cambios...
19:46:11 [INFO] Cargados 10 partidos desde games.csv
19:46:11 [WARNING] Ciclo tardó 51.3s (> 30s). Iniciando siguiente ciclo inmediatamente.
19:46:11 [INFO] 
--- Ciclo #6 ---
19:46:11 [INFO] 📸 Capturando 3 partidos en paralelo...
19:46:12 [DEBUG] ✓ Actualizar clickeado: wolfsburgo-femenino-juventus-fc-w-apuestas-3510554
19:46:12 [DEBUG] ✓ Actualizar clickeado: al-hazm-ksa-al-akhdoud-apuestas-35232966
19:46:12 [DEBUG] ✓ Actualizar clickeado: al-quadisiya-ksa-neom-sports-club-apuestas-3524103
19:46:12 [DEBUG] [wolfsburgo-femenino-juventus-fc-w-apuestas-3510554] → Extrayendo información del partido...
19:46:12 [DEBUG] [al-hazm-ksa-al-akhdoud-apuestas-35232966] → Extrayendo información del partido...
19:46:12 [DEBUG] [al-quadisiya-ksa-neom-sports-club-apuestas-3524103] → Extrayendo información del partido...
19:46:19 [DEBUG]   ✓ Estado detectado: DESCANSO (CSS: 'Descanso')
19:46:19 [DEBUG] [wolfsburgo-femenino-juventus-fc-w-apuestas-3510554] → Extrayendo cuotas Match Odds...
19:46:20 [DEBUG] [al-hazm-ksa-al-akhdoud-apuestas-35232966] → Extrayendo cuotas Match Odds...
19:46:20 [DEBUG] [al-quadisiya-ksa-neom-sports-club-apuestas-3524103] → Extrayendo cuotas Match Odds...
19:46:22 [DEBUG] [wolfsburgo-femenino-juventus-fc-w-apuestas-3510554] → Extrayendo cuotas Over/Under...
19:46:23 [DEBUG] [al-hazm-ksa-al-akhdoud-apuestas-35232966] → Extrayendo cuotas Over/Under...
19:46:23 [DEBUG] [al-quadisiya-ksa-neom-sports-club-apuestas-3524103] → Extrayendo cuotas Over/Under...
19:46:25 [DEBUG] [wolfsburgo-femenino-juventus-fc-w-apuestas-3510554] → Extrayendo cuotas Resultado Correcto...
19:46:26 [DEBUG] [al-hazm-ksa-al-akhdoud-apuestas-35232966] → Extrayendo cuotas Resultado Correcto...
19:46:26 [DEBUG] [al-quadisiya-ksa-neom-sports-club-apuestas-3524103] → Extrayendo cuotas Resultado Correcto...
19:46:28 [DEBUG] [wolfsburgo-femenino-juventus-fc-w-apuestas-3510554] → Extrayendo estadísticas del partido...
19:46:28 [DEBUG]   → Extrayendo eventId del HTML...
19:46:28 [DEBUG] Betfair event ID extraído del HTML: 35105544
19:46:28 [DEBUG] Consultando videoplayer: https://videoplayer.betfair.es/GetPlayer.do?eID=35105544&contentType=viz&contentView=mstats
19:46:29 [DEBUG] [al-hazm-ksa-al-akhdoud-apuestas-35232966] → Extrayendo estadísticas del partido...
19:46:29 [DEBUG]   → Extrayendo eventId del HTML...
19:46:29 [DEBUG] Betfair event ID extraído del HTML: 35232966
19:46:29 [DEBUG] Consultando videoplayer: https://videoplayer.betfair.es/GetPlayer.do?eID=35232966&contentType=viz&contentView=mstats
19:46:29 [ERROR] Error consultando videoplayer endpoint: 404 Client Error:  for url: https://videoplayer.betfair.es/GetPlayer.do?eID=35105544&contentType=viz&contentView=mstats
19:46:29 [WARNING]   × No se pudo extraer eventId - partido sin estadísticas Opta
19:46:29 [INFO]   → Extrayendo stats del iframe (fallback): eID=35105544
19:46:29 [DEBUG] [al-quadisiya-ksa-neom-sports-club-apuestas-3524103] → Extrayendo estadísticas del partido...
19:46:29 [DEBUG]   → Extrayendo eventId del HTML...
19:46:29 [DEBUG] Betfair event ID extraído del HTML: 35241036
19:46:29 [DEBUG] Consultando videoplayer: https://videoplayer.betfair.es/GetPlayer.do?eID=35241036&contentType=viz&contentView=mstats
19:46:29 [WARNING] No se encontró eventId de Opta en la respuesta del videoplayer
19:46:29 [WARNING]   × No se pudo extraer eventId - partido sin estadísticas Opta
19:46:29 [INFO]   → Extrayendo stats del iframe (fallback): eID=35232966
19:46:30 [ERROR] Error consultando videoplayer endpoint: 404 Client Error:  for url: https://videoplayer.betfair.es/GetPlayer.do?eID=35241036&contentType=viz&contentView=mstats
19:46:30 [WARNING]   × No se pudo extraer eventId - partido sin estadísticas Opta
19:46:30 [INFO]   → Extrayendo stats del iframe (fallback): eID=35241036
19:46:32 [INFO]   ✓ Fallback iframe exitoso: 12 campos capturados
19:46:32 [DEBUG]   → Iframe stats capturados: {'tiros_puerta_local': '8', 'tiros_puerta_visitante': '2', 'corners_local': '8', 'corners_visitante': '4', 'posesion_local': '54', 'posesion_visitante': '46', 'shots_off_target_local': '2', 'shots_off_target_visitante': '0', 'blocked_shots_local': '1', 'blocked_shots_visitante': '3', 'tiros_local': '11', 'tiros_visitante': '5'}
19:46:32 [DEBUG]   → Total stats en dict tras merge: 12
19:46:32 [DEBUG] [al-hazm-ksa-al-akhdoud-apuestas-35232966] → Extrayendo volumen matched...
19:46:43 [WARNING]   × Fallback iframe no encontró estadísticas
19:46:43 [DEBUG] [wolfsburgo-femenino-juventus-fc-w-apuestas-3510554] → Extrayendo volumen matched...
19:46:45 [DEBUG] [al-hazm-ksa-al-akhdoud-apuestas-35232966] → Extrayendo momentum...
19:46:45 [DEBUG]   → Buscando URL del iframe de stats para Momentum...
19:46:45 [WARNING]   × Fallback iframe no encontró estadísticas
19:46:45 [DEBUG] [al-quadisiya-ksa-neom-sports-club-apuestas-3524103] → Extrayendo volumen matched...
19:46:50 [DEBUG]   × No se encontró URL del iframe de stats
19:46:50 [INFO] ✓ [al-hazm-ksa-al-akhdoud-apuestas-35232966] Captura exitosa: en_juego, min 55, 1-1
19:46:56 [DEBUG] [wolfsburgo-femenino-juventus-fc-w-apuestas-3510554] → Extrayendo momentum...
19:46:56 [DEBUG]   → Buscando URL del iframe de stats para Momentum...
19:46:58 [DEBUG] [al-quadisiya-ksa-neom-sports-club-apuestas-3524103] → Extrayendo momentum...
19:46:58 [DEBUG]   → Buscando URL del iframe de stats para Momentum...
19:47:01 [DEBUG]   × No se encontró URL del iframe de stats
19:47:01 [INFO] ✓ [wolfsburgo-femenino-juventus-fc-w-apuestas-3510554] Captura exitosa: descanso, min , 0-1
19:47:04 [DEBUG]   × No se encontró URL del iframe de stats
19:47:04 [INFO] ✓ [al-quadisiya-ksa-neom-sports-club-apuestas-3524103] Captura exitosa: en_juego, min 56, 0-0
19:47:04 [INFO] ✓ Captura paralela completada en 52.8s (3/3 exitosos)
19:47:04 [WARNING] Ciclo tardó 52.8s (> 30s). Iniciando siguiente ciclo inmediatamente.
19:47:04 [INFO] 
--- Ciclo #7 ---
19:47:04 [INFO] 📸 Capturando 3 partidos en paralelo...
19:47:05 [DEBUG] ✓ Actualizar clickeado: al-quadisiya-ksa-neom-sports-club-apuestas-3524103
19:47:05 [DEBUG] ✓ Actualizar clickeado: wolfsburgo-femenino-juventus-fc-w-apuestas-3510554
19:47:05 [DEBUG] ✓ Actualizar clickeado: al-hazm-ksa-al-akhdoud-apuestas-35232966
19:47:05 [DEBUG] [wolfsburgo-femenino-juventus-fc-w-apuestas-3510554] → Extrayendo información del partido...
19:47:05 [DEBUG] [al-quadisiya-ksa-neom-sports-club-apuestas-3524103] → Extrayendo información del partido...
19:47:05 [DEBUG] [al-hazm-ksa-al-akhdoud-apuestas-35232966] → Extrayendo información del partido...
19:47:13 [DEBUG] [al-quadisiya-ksa-neom-sports-club-apuestas-3524103] → Extrayendo cuotas Match Odds...
19:47:13 [DEBUG] [al-hazm-ksa-al-akhdoud-apuestas-35232966] → Extrayendo cuotas Match Odds...
19:47:13 [DEBUG] [wolfsburgo-femenino-juventus-fc-w-apuestas-3510554] → Extrayendo cuotas Match Odds...
19:47:15 [DEBUG] [wolfsburgo-femenino-juventus-fc-w-apuestas-3510554] → Extrayendo cuotas Over/Under...
19:47:16 [DEBUG] [al-quadisiya-ksa-neom-sports-club-apuestas-3524103] → Extrayendo cuotas Over/Under...
19:47:16 [DEBUG] [al-hazm-ksa-al-akhdoud-apuestas-35232966] → Extrayendo cuotas Over/Under...
19:47:19 [DEBUG] [al-quadisiya-ksa-neom-sports-club-apuestas-3524103] → Extrayendo cuotas Resultado Correcto...
19:47:19 [DEBUG] [al-hazm-ksa-al-akhdoud-apuestas-35232966] → Extrayendo cuotas Resultado Correcto...
19:47:19 [DEBUG] [wolfsburgo-femenino-juventus-fc-w-apuestas-3510554] → Extrayendo cuotas Resultado Correcto...
19:47:22 [DEBUG] [al-hazm-ksa-al-akhdoud-apuestas-35232966] → Extrayendo estadísticas del partido...
19:47:22 [DEBUG]   → Extrayendo eventId del HTML...
19:47:22 [DEBUG] Betfair event ID extraído del HTML: 35232966
19:47:22 [DEBUG] Consultando videoplayer: https://videoplayer.betfair.es/GetPlayer.do?eID=35232966&contentType=viz&contentView=mstats
19:47:22 [DEBUG] [al-quadisiya-ksa-neom-sports-club-apuestas-3524103] → Extrayendo estadísticas del partido...
19:47:22 [DEBUG]   → Extrayendo eventId del HTML...
19:47:22 [DEBUG] [wolfsburgo-femenino-juventus-fc-w-apuestas-3510554] → Extrayendo estadísticas del partido...
19:47:22 [DEBUG]   → Extrayendo eventId del HTML...
19:47:22 [DEBUG] Betfair event ID extraído del HTML: 35105544
19:47:22 [DEBUG] Betfair event ID extraído del HTML: 35241036
19:47:22 [DEBUG] Consultando videoplayer: https://videoplayer.betfair.es/GetPlayer.do?eID=35105544&contentType=viz&contentView=mstats
19:47:22 [DEBUG] Consultando videoplayer: https://videoplayer.betfair.es/GetPlayer.do?eID=35241036&contentType=viz&contentView=mstats
19:47:23 [WARNING] No se encontró eventId de Opta en la respuesta del videoplayer
19:47:23 [WARNING]   × No se pudo extraer eventId - partido sin estadísticas Opta
19:47:23 [INFO]   → Extrayendo stats del iframe (fallback): eID=35232966
19:47:23 [ERROR] Error consultando videoplayer endpoint: 404 Client Error:  for url: https://videoplayer.betfair.es/GetPlayer.do?eID=35105544&contentType=viz&contentView=mstats
19:47:23 [WARNING]   × No se pudo extraer eventId - partido sin estadísticas Opta
19:47:23 [INFO]   → Extrayendo stats del iframe (fallback): eID=35105544
19:47:23 [ERROR] Error consultando videoplayer endpoint: 404 Client Error:  for url: https://videoplayer.betfair.es/GetPlayer.do?eID=35241036&contentType=viz&contentView=mstats
19:47:23 [WARNING]   × No se pudo extraer eventId - partido sin estadísticas Opta
19:47:23 [INFO]   → Extrayendo stats del iframe (fallback): eID=35241036
19:47:24 [INFO]   ✓ Fallback iframe exitoso: 12 campos capturados
19:47:24 [DEBUG]   → Iframe stats capturados: {'tiros_puerta_local': '8', 'tiros_puerta_visitante': '2', 'corners_local': '8', 'corners_visitante': '4', 'posesion_local': '54', 'posesion_visitante': '46', 'shots_off_target_local': '3', 'shots_off_target_visitante': '0', 'blocked_shots_local': '1', 'blocked_shots_visitante': '3', 'tiros_local': '12', 'tiros_visitante': '5'}
19:47:24 [DEBUG]   → Total stats en dict tras merge: 12
19:47:24 [DEBUG] [al-hazm-ksa-al-akhdoud-apuestas-35232966] → Extrayendo volumen matched...
19:47:37 [WARNING]   × Fallback iframe no encontró estadísticas
19:47:37 [DEBUG] [wolfsburgo-femenino-juventus-fc-w-apuestas-3510554] → Extrayendo volumen matched...
19:47:37 [DEBUG] [al-hazm-ksa-al-akhdoud-apuestas-35232966] → Extrayendo momentum...
19:47:37 [DEBUG]   → Buscando URL del iframe de stats para Momentum...
19:47:37 [WARNING]   × Fallback iframe no encontró estadísticas
19:47:37 [DEBUG] [al-quadisiya-ksa-neom-sports-club-apuestas-3524103] → Extrayendo volumen matched...
19:47:43 [DEBUG]   × No se encontró URL del iframe de stats
19:47:43 [INFO] ✓ [al-hazm-ksa-al-akhdoud-apuestas-35232966] Captura exitosa: en_juego, min 56, 1-1
19:47:50 [DEBUG] [wolfsburgo-femenino-juventus-fc-w-apuestas-3510554] → Extrayendo momentum...
19:47:50 [DEBUG]   → Buscando URL del iframe de stats para Momentum...
19:47:50 [DEBUG] [al-quadisiya-ksa-neom-sports-club-apuestas-3524103] → Extrayendo momentum...
19:47:50 [DEBUG]   → Buscando URL del iframe de stats para Momentum...
19:47:55 [DEBUG]   × No se encontró URL del iframe de stats
19:47:55 [INFO] ✓ [wolfsburgo-femenino-juventus-fc-w-apuestas-3510554] Captura exitosa: en_juego, min 45, 0-1
19:47:57 [DEBUG]   × No se encontró URL del iframe de stats
19:47:57 [INFO] ✓ [al-quadisiya-ksa-neom-sports-club-apuestas-3524103] Captura exitosa: en_juego, min 56, 0-0
19:47:57 [INFO] ✓ Captura paralela completada en 52.5s (3/3 exitosos)
19:47:57 [WARNING] Ciclo tardó 52.5s (> 30s). Iniciando siguiente ciclo inmediatamente.
19:47:57 [INFO] 
--- Ciclo #8 ---
19:47:57 [INFO] 📸 Capturando 3 partidos en paralelo...
19:47:57 [DEBUG] ✓ Actualizar clickeado: al-hazm-ksa-al-akhdoud-apuestas-35232966
19:47:57 [DEBUG] ✓ Actualizar clickeado: wolfsburgo-femenino-juventus-fc-w-apuestas-3510554
19:47:57 [DEBUG] ✓ Actualizar clickeado: al-quadisiya-ksa-neom-sports-club-apuestas-3524103
19:47:57 [DEBUG] [al-hazm-ksa-al-akhdoud-apuestas-35232966] → Extrayendo información del partido...
19:47:57 [DEBUG] [wolfsburgo-femenino-juventus-fc-w-apuestas-3510554] → Extrayendo información del partido...
19:47:57 [DEBUG] [al-quadisiya-ksa-neom-sports-club-apuestas-3524103] → Extrayendo información del partido...
19:48:06 [DEBUG] [wolfsburgo-femenino-juventus-fc-w-apuestas-3510554] → Extrayendo cuotas Match Odds...
19:48:06 [DEBUG] [al-quadisiya-ksa-neom-sports-club-apuestas-3524103] → Extrayendo cuotas Match Odds...
19:48:06 [DEBUG] [al-hazm-ksa-al-akhdoud-apuestas-35232966] → Extrayendo cuotas Match Odds...
19:48:08 [DEBUG] [al-quadisiya-ksa-neom-sports-club-apuestas-3524103] → Extrayendo cuotas Over/Under...
19:48:08 [DEBUG] [wolfsburgo-femenino-juventus-fc-w-apuestas-3510554] → Extrayendo cuotas Over/Under...
19:48:08 [DEBUG] [al-hazm-ksa-al-akhdoud-apuestas-35232966] → Extrayendo cuotas Over/Under...
19:48:11 [DEBUG] [al-hazm-ksa-al-akhdoud-apuestas-35232966] → Extrayendo cuotas Resultado Correcto...
19:48:11 [DEBUG] [al-quadisiya-ksa-neom-sports-club-apuestas-3524103] → Extrayendo cuotas Resultado Correcto...
19:48:11 [DEBUG] [wolfsburgo-femenino-juventus-fc-w-apuestas-3510554] → Extrayendo cuotas Resultado Correcto...
19:48:14 [DEBUG] [al-hazm-ksa-al-akhdoud-apuestas-35232966] → Extrayendo estadísticas del partido...
19:48:14 [DEBUG]   → Extrayendo eventId del HTML...
19:48:15 [DEBUG] Betfair event ID extraído del HTML: 35232966
19:48:15 [DEBUG] Consultando videoplayer: https://videoplayer.betfair.es/GetPlayer.do?eID=35232966&contentType=viz&contentView=mstats
19:48:15 [DEBUG] [wolfsburgo-femenino-juventus-fc-w-apuestas-3510554] → Extrayendo estadísticas del partido...
19:48:15 [DEBUG]   → Extrayendo eventId del HTML...
19:48:15 [DEBUG] [al-quadisiya-ksa-neom-sports-club-apuestas-3524103] → Extrayendo estadísticas del partido...
19:48:15 [DEBUG]   → Extrayendo eventId del HTML...
19:48:15 [DEBUG] Betfair event ID extraído del HTML: 35105544
19:48:15 [DEBUG] Consultando videoplayer: https://videoplayer.betfair.es/GetPlayer.do?eID=35105544&contentType=viz&contentView=mstats
19:48:15 [DEBUG] Betfair event ID extraído del HTML: 35241036
19:48:15 [DEBUG] Consultando videoplayer: https://videoplayer.betfair.es/GetPlayer.do?eID=35241036&contentType=viz&contentView=mstats
19:48:15 [WARNING] No se encontró eventId de Opta en la respuesta del videoplayer
19:48:15 [WARNING]   × No se pudo extraer eventId - partido sin estadísticas Opta
19:48:15 [INFO]   → Extrayendo stats del iframe (fallback): eID=35232966
19:48:15 [ERROR] Error consultando videoplayer endpoint: 404 Client Error:  for url: https://videoplayer.betfair.es/GetPlayer.do?eID=35105544&contentType=viz&contentView=mstats
19:48:15 [WARNING]   × No se pudo extraer eventId - partido sin estadísticas Opta
19:48:15 [INFO]   → Extrayendo stats del iframe (fallback): eID=35105544
19:48:15 [ERROR] Error consultando videoplayer endpoint: 404 Client Error:  for url: https://videoplayer.betfair.es/GetPlayer.do?eID=35241036&contentType=viz&contentView=mstats
19:48:15 [WARNING]   × No se pudo extraer eventId - partido sin estadísticas Opta
19:48:15 [INFO]   → Extrayendo stats del iframe (fallback): eID=35241036
19:48:17 [INFO]   ✓ Fallback iframe exitoso: 12 campos capturados
19:48:17 [DEBUG]   → Iframe stats capturados: {'tiros_puerta_local': '8', 'tiros_puerta_visitante': '2', 'corners_local': '8', 'corners_visitante': '4', 'posesion_local': '54', 'posesion_visitante': '46', 'shots_off_target_local': '3', 'shots_off_target_visitante': '0', 'blocked_shots_local': '1', 'blocked_shots_visitante': '3', 'tiros_local': '12', 'tiros_visitante': '5'}
19:48:17 [DEBUG]   → Total stats en dict tras merge: 12
19:48:17 [DEBUG] [al-hazm-ksa-al-akhdoud-apuestas-35232966] → Extrayendo volumen matched...
19:48:29 [WARNING]   × Fallback iframe no encontró estadísticas
19:48:29 [DEBUG] [wolfsburgo-femenino-juventus-fc-w-apuestas-3510554] → Extrayendo volumen matched...
19:48:29 [DEBUG] [al-hazm-ksa-al-akhdoud-apuestas-35232966] → Extrayendo momentum...
19:48:29 [DEBUG]   → Buscando URL del iframe de stats para Momentum...
19:48:30 [WARNING]   × Fallback iframe no encontró estadísticas
19:48:30 [DEBUG] [al-quadisiya-ksa-neom-sports-club-apuestas-3524103] → Extrayendo volumen matched...
19:48:35 [DEBUG]   × No se encontró URL del iframe de stats
19:48:35 [INFO] ✓ [al-hazm-ksa-al-akhdoud-apuestas-35232966] Captura exitosa: en_juego, min 57, 1-1
19:48:42 [DEBUG] [wolfsburgo-femenino-juventus-fc-w-apuestas-3510554] → Extrayendo momentum...
19:48:42 [DEBUG]   → Buscando URL del iframe de stats para Momentum...
19:48:43 [DEBUG] [al-quadisiya-ksa-neom-sports-club-apuestas-3524103] → Extrayendo momentum...
19:48:43 [DEBUG]   → Buscando URL del iframe de stats para Momentum...
19:48:47 [DEBUG]   × No se encontró URL del iframe de stats
19:48:47 [INFO] ✓ [wolfsburgo-femenino-juventus-fc-w-apuestas-3510554] Captura exitosa: en_juego, min 45, 0-1
19:48:49 [DEBUG]   × No se encontró URL del iframe de stats
19:48:49 [INFO] ✓ [al-quadisiya-ksa-neom-sports-club-apuestas-3524103] Captura exitosa: en_juego, min 58, 0-0
19:48:49 [INFO] ✓ Captura paralela completada en 52.4s (3/3 exitosos)
19:48:49 [WARNING] Ciclo tardó 52.4s (> 30s). Iniciando siguiente ciclo inmediatamente.
19:48:49 [INFO] 
--- Ciclo #9 ---
19:48:49 [INFO] 📸 Capturando 3 partidos en paralelo...
19:48:49 [DEBUG] ✓ Actualizar clickeado: wolfsburgo-femenino-juventus-fc-w-apuestas-3510554
19:48:49 [DEBUG] ✓ Actualizar clickeado: al-quadisiya-ksa-neom-sports-club-apuestas-3524103
19:48:49 [DEBUG] ✓ Actualizar clickeado: al-hazm-ksa-al-akhdoud-apuestas-35232966
19:48:50 [DEBUG] [wolfsburgo-femenino-juventus-fc-w-apuestas-3510554] → Extrayendo información del partido...
19:48:50 [DEBUG] [al-quadisiya-ksa-neom-sports-club-apuestas-3524103] → Extrayendo información del partido...
19:48:50 [DEBUG] [al-hazm-ksa-al-akhdoud-apuestas-35232966] → Extrayendo información del partido...
19:48:58 [DEBUG] [al-hazm-ksa-al-akhdoud-apuestas-35232966] → Extrayendo cuotas Match Odds...
19:48:58 [DEBUG] [wolfsburgo-femenino-juventus-fc-w-apuestas-3510554] → Extrayendo cuotas Match Odds...
19:48:58 [DEBUG] [al-quadisiya-ksa-neom-sports-club-apuestas-3524103] → Extrayendo cuotas Match Odds...
19:49:00 [DEBUG] [al-hazm-ksa-al-akhdoud-apuestas-35232966] → Extrayendo cuotas Over/Under...
19:49:00 [DEBUG] [wolfsburgo-femenino-juventus-fc-w-apuestas-3510554] → Extrayendo cuotas Over/Under...
19:49:01 [DEBUG] [al-quadisiya-ksa-neom-sports-club-apuestas-3524103] → Extrayendo cuotas Over/Under...
19:49:03 [DEBUG] [al-hazm-ksa-al-akhdoud-apuestas-35232966] → Extrayendo cuotas Resultado Correcto...
19:49:03 [DEBUG] [al-quadisiya-ksa-neom-sports-club-apuestas-3524103] → Extrayendo cuotas Resultado Correcto...
19:49:04 [DEBUG] [wolfsburgo-femenino-juventus-fc-w-apuestas-3510554] → Extrayendo cuotas Resultado Correcto...
19:49:07 [DEBUG] [al-hazm-ksa-al-akhdoud-apuestas-35232966] → Extrayendo estadísticas del partido...
19:49:07 [DEBUG]   → Extrayendo eventId del HTML...
19:49:07 [DEBUG] Betfair event ID extraído del HTML: 35232966
19:49:07 [DEBUG] Consultando videoplayer: https://videoplayer.betfair.es/GetPlayer.do?eID=35232966&contentType=viz&contentView=mstats
19:49:07 [DEBUG] [al-quadisiya-ksa-neom-sports-club-apuestas-3524103] → Extrayendo estadísticas del partido...
19:49:07 [DEBUG]   → Extrayendo eventId del HTML...
19:49:07 [DEBUG] Betfair event ID extraído del HTML: 35241036
19:49:07 [DEBUG] Consultando videoplayer: https://videoplayer.betfair.es/GetPlayer.do?eID=35241036&contentType=viz&contentView=mstats
19:49:07 [DEBUG] [wolfsburgo-femenino-juventus-fc-w-apuestas-3510554] → Extrayendo estadísticas del partido...
19:49:07 [DEBUG]   → Extrayendo eventId del HTML...
19:49:07 [DEBUG] Betfair event ID extraído del HTML: 35105544
19:49:07 [DEBUG] Consultando videoplayer: https://videoplayer.betfair.es/GetPlayer.do?eID=35105544&contentType=viz&contentView=mstats
19:49:07 [WARNING] No se encontró eventId de Opta en la respuesta del videoplayer
19:49:07 [WARNING]   × No se pudo extraer eventId - partido sin estadísticas Opta
19:49:07 [INFO]   → Extrayendo stats del iframe (fallback): eID=35232966
19:49:07 [ERROR] Error consultando videoplayer endpoint: 404 Client Error:  for url: https://videoplayer.betfair.es/GetPlayer.do?eID=35241036&contentType=viz&contentView=mstats
19:49:07 [WARNING]   × No se pudo extraer eventId - partido sin estadísticas Opta
19:49:07 [INFO]   → Extrayendo stats del iframe (fallback): eID=35241036
19:49:07 [ERROR] Error consultando videoplayer endpoint: 404 Client Error:  for url: https://videoplayer.betfair.es/GetPlayer.do?eID=35105544&contentType=viz&contentView=mstats
19:49:07 [WARNING]   × No se pudo extraer eventId - partido sin estadísticas Opta
19:49:07 [INFO]   → Extrayendo stats del iframe (fallback): eID=35105544
19:49:08 [INFO]   ✓ Fallback iframe exitoso: 12 campos capturados
19:49:08 [DEBUG]   → Iframe stats capturados: {'tiros_puerta_local': '8', 'tiros_puerta_visitante': '2', 'corners_local': '8', 'corners_visitante': '4', 'posesion_local': '54', 'posesion_visitante': '46', 'shots_off_target_local': '3', 'shots_off_target_visitante': '0', 'blocked_shots_local': '1', 'blocked_shots_visitante': '3', 'tiros_local': '12', 'tiros_visitante': '5'}
19:49:08 [DEBUG]   → Total stats en dict tras merge: 12
19:49:08 [DEBUG] [al-hazm-ksa-al-akhdoud-apuestas-35232966] → Extrayendo volumen matched...
19:49:21 [DEBUG] [al-hazm-ksa-al-akhdoud-apuestas-35232966] → Extrayendo momentum...
19:49:21 [DEBUG]   → Buscando URL del iframe de stats para Momentum...
19:49:21 [WARNING]   × Fallback iframe no encontró estadísticas
19:49:21 [DEBUG] [al-quadisiya-ksa-neom-sports-club-apuestas-3524103] → Extrayendo volumen matched...
19:49:21 [WARNING]   × Fallback iframe no encontró estadísticas
19:49:22 [DEBUG] [wolfsburgo-femenino-juventus-fc-w-apuestas-3510554] → Extrayendo volumen matched...
19:49:27 [DEBUG]   × No se encontró URL del iframe de stats
19:49:27 [INFO] ✓ [al-hazm-ksa-al-akhdoud-apuestas-35232966] Captura exitosa: en_juego, min 58, 1-1
19:49:34 [DEBUG] [al-quadisiya-ksa-neom-sports-club-apuestas-3524103] → Extrayendo momentum...
19:49:34 [DEBUG]   → Buscando URL del iframe de stats para Momentum...
19:49:34 [DEBUG] [wolfsburgo-femenino-juventus-fc-w-apuestas-3510554] → Extrayendo momentum...
19:49:34 [DEBUG]   → Buscando URL del iframe de stats para Momentum...
19:49:40 [DEBUG]   × No se encontró URL del iframe de stats
19:49:40 [INFO] ✓ [wolfsburgo-femenino-juventus-fc-w-apuestas-3510554] Captura exitosa: en_juego, min 46, 0-1
19:49:40 [DEBUG]   × No se encontró URL del iframe de stats
19:49:40 [INFO] ✓ [al-quadisiya-ksa-neom-sports-club-apuestas-3524103] Captura exitosa: en_juego, min 59, 0-0
19:49:40 [INFO] ✓ Captura paralela completada en 51.5s (3/3 exitosos)
19:49:40 [WARNING] Ciclo tardó 51.5s (> 30s). Iniciando siguiente ciclo inmediatamente.
19:49:40 [INFO] 
--- Ciclo #10 ---
19:49:40 [INFO] 📸 Capturando 3 partidos en paralelo...
19:49:41 [DEBUG] ✓ Actualizar clickeado: al-quadisiya-ksa-neom-sports-club-apuestas-3524103
19:49:41 [DEBUG] ✓ Actualizar clickeado: wolfsburgo-femenino-juventus-fc-w-apuestas-3510554
19:49:41 [DEBUG] ✓ Actualizar clickeado: al-hazm-ksa-al-akhdoud-apuestas-35232966
19:49:41 [DEBUG] [al-quadisiya-ksa-neom-sports-club-apuestas-3524103] → Extrayendo información del partido...
19:49:41 [DEBUG] [wolfsburgo-femenino-juventus-fc-w-apuestas-3510554] → Extrayendo información del partido...
19:49:41 [DEBUG] [al-hazm-ksa-al-akhdoud-apuestas-35232966] → Extrayendo información del partido...
19:49:49 [DEBUG] [al-hazm-ksa-al-akhdoud-apuestas-35232966] → Extrayendo cuotas Match Odds...
19:49:49 [DEBUG] [wolfsburgo-femenino-juventus-fc-w-apuestas-3510554] → Extrayendo cuotas Match Odds...
19:49:49 [DEBUG] [al-quadisiya-ksa-neom-sports-club-apuestas-3524103] → Extrayendo cuotas Match Odds...
19:49:52 [DEBUG] [al-hazm-ksa-al-akhdoud-apuestas-35232966] → Extrayendo cuotas Over/Under...
19:49:52 [DEBUG] [wolfsburgo-femenino-juventus-fc-w-apuestas-3510554] → Extrayendo cuotas Over/Under...
19:49:52 [DEBUG] [al-quadisiya-ksa-neom-sports-club-apuestas-3524103] → Extrayendo cuotas Over/Under...
19:49:55 [DEBUG] [al-hazm-ksa-al-akhdoud-apuestas-35232966] → Extrayendo cuotas Resultado Correcto...
19:49:55 [DEBUG] [wolfsburgo-femenino-juventus-fc-w-apuestas-3510554] → Extrayendo cuotas Resultado Correcto...
19:49:55 [DEBUG] [al-quadisiya-ksa-neom-sports-club-apuestas-3524103] → Extrayendo cuotas Resultado Correcto...
19:49:58 [DEBUG] [al-hazm-ksa-al-akhdoud-apuestas-35232966] → Extrayendo estadísticas del partido...
19:49:58 [DEBUG]   → Extrayendo eventId del HTML...
19:49:58 [DEBUG] Betfair event ID extraído del HTML: 35232966
19:49:58 [DEBUG] Consultando videoplayer: https://videoplayer.betfair.es/GetPlayer.do?eID=35232966&contentType=viz&contentView=mstats
19:49:58 [DEBUG] [wolfsburgo-femenino-juventus-fc-w-apuestas-3510554] → Extrayendo estadísticas del partido...
19:49:58 [DEBUG]   → Extrayendo eventId del HTML...
19:49:58 [DEBUG] Betfair event ID extraído del HTML: 35105544
19:49:58 [DEBUG] Consultando videoplayer: https://videoplayer.betfair.es/GetPlayer.do?eID=35105544&contentType=viz&contentView=mstats
19:49:58 [DEBUG] [al-quadisiya-ksa-neom-sports-club-apuestas-3524103] → Extrayendo estadísticas del partido...
19:49:58 [DEBUG]   → Extrayendo eventId del HTML...
19:49:58 [DEBUG] Betfair event ID extraído del HTML: 35241036
19:49:58 [DEBUG] Consultando videoplayer: https://videoplayer.betfair.es/GetPlayer.do?eID=35241036&contentType=viz&contentView=mstats
19:49:58 [WARNING] No se encontró eventId de Opta en la respuesta del videoplayer
19:49:58 [WARNING]   × No se pudo extraer eventId - partido sin estadísticas Opta
19:49:58 [INFO]   → Extrayendo stats del iframe (fallback): eID=35232966
19:49:59 [ERROR] Error consultando videoplayer endpoint: 404 Client Error:  for url: https://videoplayer.betfair.es/GetPlayer.do?eID=35105544&contentType=viz&contentView=mstats
19:49:59 [WARNING]   × No se pudo extraer eventId - partido sin estadísticas Opta
19:49:59 [INFO]   → Extrayendo stats del iframe (fallback): eID=35105544
19:49:59 [ERROR] Error consultando videoplayer endpoint: 404 Client Error:  for url: https://videoplayer.betfair.es/GetPlayer.do?eID=35241036&contentType=viz&contentView=mstats
19:49:59 [WARNING]   × No se pudo extraer eventId - partido sin estadísticas Opta
19:49:59 [INFO]   → Extrayendo stats del iframe (fallback): eID=35241036
19:50:00 [INFO]   ✓ Fallback iframe exitoso: 12 campos capturados
19:50:00 [DEBUG]   → Iframe stats capturados: {'tiros_puerta_local': '8', 'tiros_puerta_visitante': '2', 'corners_local': '8', 'corners_visitante': '4', 'posesion_local': '54', 'posesion_visitante': '46', 'shots_off_target_local': '3', 'shots_off_target_visitante': '0', 'blocked_shots_local': '1', 'blocked_shots_visitante': '3', 'tiros_local': '12', 'tiros_visitante': '5'}
19:50:00 [DEBUG]   → Total stats en dict tras merge: 12
19:50:00 [DEBUG] [al-hazm-ksa-al-akhdoud-apuestas-35232966] → Extrayendo volumen matched...
19:50:13 [WARNING]   × Fallback iframe no encontró estadísticas
19:50:13 [DEBUG] [al-hazm-ksa-al-akhdoud-apuestas-35232966] → Extrayendo momentum...
19:50:13 [DEBUG] [wolfsburgo-femenino-juventus-fc-w-apuestas-3510554] → Extrayendo volumen matched...
19:50:13 [DEBUG]   → Buscando URL del iframe de stats para Momentum...
19:50:13 [WARNING]   × Fallback iframe no encontró estadísticas
19:50:13 [DEBUG] [al-quadisiya-ksa-neom-sports-club-apuestas-3524103] → Extrayendo volumen matched...
19:50:18 [DEBUG]   × No se encontró URL del iframe de stats
19:50:18 [INFO] ✓ [al-hazm-ksa-al-akhdoud-apuestas-35232966] Captura exitosa: en_juego, min 59, 1-1
19:50:26 [DEBUG] [wolfsburgo-femenino-juventus-fc-w-apuestas-3510554] → Extrayendo momentum...
19:50:26 [DEBUG]   → Buscando URL del iframe de stats para Momentum...
19:50:26 [DEBUG] [al-quadisiya-ksa-neom-sports-club-apuestas-3524103] → Extrayendo momentum...
19:50:26 [DEBUG]   → Buscando URL del iframe de stats para Momentum...
19:50:31 [DEBUG]   × No se encontró URL del iframe de stats
19:50:31 [INFO] ✓ [wolfsburgo-femenino-juventus-fc-w-apuestas-3510554] Captura exitosa: en_juego, min 47, 0-1
19:50:32 [DEBUG]   × No se encontró URL del iframe de stats
19:50:32 [INFO] ✓ [al-quadisiya-ksa-neom-sports-club-apuestas-3524103] Captura exitosa: en_juego, min 59, 0-0
19:50:32 [INFO] ✓ Captura paralela completada en 51.7s (3/3 exitosos)
19:50:32 [INFO] 🔄 Revisando games.csv para detectar cambios...
19:50:32 [INFO] Cargados 10 partidos desde games.csv
19:50:32 [WARNING] Ciclo tardó 51.7s (> 30s). Iniciando siguiente ciclo inmediatamente.
19:50:32 [INFO] 
--- Ciclo #11 ---
19:50:32 [INFO] 📸 Capturando 3 partidos en paralelo...
19:50:33 [DEBUG] ✓ Actualizar clickeado: wolfsburgo-femenino-juventus-fc-w-apuestas-3510554
19:50:33 [DEBUG] ✓ Actualizar clickeado: al-quadisiya-ksa-neom-sports-club-apuestas-3524103
19:50:33 [DEBUG] ✓ Actualizar clickeado: al-hazm-ksa-al-akhdoud-apuestas-35232966
19:50:33 [DEBUG] [al-quadisiya-ksa-neom-sports-club-apuestas-3524103] → Extrayendo información del partido...
19:50:33 [DEBUG] [wolfsburgo-femenino-juventus-fc-w-apuestas-3510554] → Extrayendo información del partido...
19:50:33 [DEBUG] [al-hazm-ksa-al-akhdoud-apuestas-35232966] → Extrayendo información del partido...
19:50:41 [DEBUG] [wolfsburgo-femenino-juventus-fc-w-apuestas-3510554] → Extrayendo cuotas Match Odds...
19:50:41 [DEBUG] [al-quadisiya-ksa-neom-sports-club-apuestas-3524103] → Extrayendo cuotas Match Odds...
19:50:41 [DEBUG] [al-hazm-ksa-al-akhdoud-apuestas-35232966] → Extrayendo cuotas Match Odds...
19:50:43 [DEBUG] [al-quadisiya-ksa-neom-sports-club-apuestas-3524103] → Extrayendo cuotas Over/Under...
19:50:43 [DEBUG] [al-hazm-ksa-al-akhdoud-apuestas-35232966] → Extrayendo cuotas Over/Under...
19:50:43 [DEBUG] [wolfsburgo-femenino-juventus-fc-w-apuestas-3510554] → Extrayendo cuotas Over/Under...
19:50:46 [DEBUG] [al-hazm-ksa-al-akhdoud-apuestas-35232966] → Extrayendo cuotas Resultado Correcto...
19:50:46 [DEBUG] [al-quadisiya-ksa-neom-sports-club-apuestas-3524103] → Extrayendo cuotas Resultado Correcto...
19:50:47 [DEBUG] [wolfsburgo-femenino-juventus-fc-w-apuestas-3510554] → Extrayendo cuotas Resultado Correcto...
19:50:50 [DEBUG] [al-hazm-ksa-al-akhdoud-apuestas-35232966] → Extrayendo estadísticas del partido...
19:50:50 [DEBUG]   → Extrayendo eventId del HTML...
19:50:50 [DEBUG] Betfair event ID extraído del HTML: 35232966
19:50:50 [DEBUG] Consultando videoplayer: https://videoplayer.betfair.es/GetPlayer.do?eID=35232966&contentType=viz&contentView=mstats
19:50:50 [DEBUG] [al-quadisiya-ksa-neom-sports-club-apuestas-3524103] → Extrayendo estadísticas del partido...
19:50:50 [DEBUG]   → Extrayendo eventId del HTML...
19:50:50 [DEBUG] Betfair event ID extraído del HTML: 35241036
19:50:50 [DEBUG] Consultando videoplayer: https://videoplayer.betfair.es/GetPlayer.do?eID=35241036&contentType=viz&contentView=mstats
19:50:50 [DEBUG] [wolfsburgo-femenino-juventus-fc-w-apuestas-3510554] → Extrayendo estadísticas del partido...
19:50:50 [DEBUG]   → Extrayendo eventId del HTML...
19:50:50 [DEBUG] Betfair event ID extraído del HTML: 35105544
19:50:50 [DEBUG] Consultando videoplayer: https://videoplayer.betfair.es/GetPlayer.do?eID=35105544&contentType=viz&contentView=mstats
19:50:50 [WARNING] No se encontró eventId de Opta en la respuesta del videoplayer
19:50:50 [WARNING]   × No se pudo extraer eventId - partido sin estadísticas Opta
19:50:50 [INFO]   → Extrayendo stats del iframe (fallback): eID=35232966
19:50:50 [ERROR] Error consultando videoplayer endpoint: 404 Client Error:  for url: https://videoplayer.betfair.es/GetPlayer.do?eID=35241036&contentType=viz&contentView=mstats
19:50:50 [WARNING]   × No se pudo extraer eventId - partido sin estadísticas Opta
19:50:50 [INFO]   → Extrayendo stats del iframe (fallback): eID=35241036
19:50:50 [ERROR] Error consultando videoplayer endpoint: 404 Client Error:  for url: https://videoplayer.betfair.es/GetPlayer.do?eID=35105544&contentType=viz&contentView=mstats
19:50:50 [WARNING]   × No se pudo extraer eventId - partido sin estadísticas Opta
19:50:50 [INFO]   → Extrayendo stats del iframe (fallback): eID=35105544
19:50:52 [INFO]   ✓ Fallback iframe exitoso: 10 campos capturados
19:50:52 [DEBUG]   → Iframe stats capturados: {'tiros_puerta_local': '8', 'tiros_puerta_visitante': '2', 'corners_local': '8', 'corners_visitante': '4', 'shots_off_target_local': '3', 'shots_off_target_visitante': '0', 'blocked_shots_local': '1', 'blocked_shots_visitante': '3', 'tiros_local': '12', 'tiros_visitante': '5'}
19:50:52 [DEBUG]   → Total stats en dict tras merge: 10
19:50:52 [DEBUG] [al-hazm-ksa-al-akhdoud-apuestas-35232966] → Extrayendo volumen matched...
