23:07:22 [INFO] 📝 Log guardándose en: logs/scraper_20260210_230722.log
23:07:22 [INFO] Cargados 20 partidos desde games.csv
23:07:22 [INFO] 📅 MODO SCHEDULING ACTIVADO
23:07:22 [INFO]    Ventana tracking: 10 min antes → 150 min después
23:07:22 [INFO]    Total en CSV: 20 partidos
23:07:22 [INFO]    ✓ Partidos activos ahora: 13
23:07:22 [INFO]    ⏰ Partidos futuros: 3
23:07:22 [INFO]    ✅ Partidos finalizados: 4
23:07:22 [INFO] 
📋 Próximos partidos a trackear:
23:07:22 [INFO]       Deportivo Tachira - The Strongest (en 143 min)
23:07:22 [INFO]       EC Vitoria Salvador - Flamengo (en 143 min)
23:07:22 [INFO]       Pumas U.N.A.M. - San Diego FC (en 173 min)
23:07:22 [INFO] 🚀 Sistema multi-driver: Creando 13 drivers independientes (sin límite de tabs)
23:07:22 [INFO] 
Iniciando observador con 13 partidos.
23:07:22 [INFO] Ciclo: 30s | Output: data/
23:07:22 [INFO] 🔄 Recarga dinámica: Revisando games.csv cada 2 ciclos (scheduling)
23:07:22 [INFO] Cargados 20 partidos desde games.csv
23:07:22 [INFO] 
🚀 Iniciando 13 drivers Chrome (sistema multi-driver paralelo)...
23:07:22 [INFO] 🔧 Creando driver de login: West Ham - Manchester United
23:07:22 [INFO] 🔧 Creando driver para: West Ham - Manchester United
23:07:30 [INFO] ✓ Cookies aceptadas automáticamente
23:07:31 [INFO] ✓ Driver listo: west-ham-manchester-united-apuestas-35212135
23:07:31 [INFO] ============================================================
23:07:31 [INFO] HAZ LOGIN MANUAL en Betfair.es ahora.
23:07:31 [INFO] Tienes 20 segundos...
23:07:31 [INFO] El scraper comenzará automáticamente después.
23:07:31 [INFO] ============================================================
23:07:31 [INFO]   Comenzando en 20s...
23:07:41 [INFO]   Comenzando en 10s...
23:07:51 [INFO] 🔧 Creando 12 drivers adicionales en paralelo...
23:07:51 [INFO] 🔧 Creando driver para: Hertha Berlín - Friburgo
23:07:51 [INFO] 🔧 Creando driver para: Nápoles - Como
23:07:51 [INFO] 🔧 Creando driver para: Birmingham - West Bromwich
23:07:51 [INFO] 🔧 Creando driver para: Leicester - Southampton
23:07:51 [INFO] 🔧 Creando driver para: Oxford United - Norwich
23:07:51 [INFO] 🔧 Creando driver para: Annan - Dumbarton
23:07:51 [INFO] 🔧 Creando driver para: Clyde - Elgin City FC
23:07:51 [INFO] 🔧 Creando driver para: Crawley - Cambridge United
23:08:00 [INFO] ✓ Cookies aceptadas automáticamente
23:08:01 [INFO] ✓ Driver listo: clyde-elgin-city-fc-apuestas-35213453
23:08:01 [INFO] 🔧 Creando driver para: Mansfield - Peterborough
23:08:01 [INFO] ✓ Cookies aceptadas automáticamente
23:08:02 [INFO] ✓ Driver listo: birmingham-west-bromwich-apuestas-35239405
23:08:02 [INFO] 🔧 Creando driver para: Shrewsbury - Barrow
23:08:04 [INFO] ✓ Cookies aceptadas automáticamente
23:08:05 [INFO] ✓ Driver listo: crawley-cambridge-united-apuestas-35234804
23:08:05 [INFO] 🔧 Creando driver para: Wigan - Reading
23:08:06 [INFO] ✓ Cookies aceptadas automáticamente
23:08:06 [INFO] ✓ Cookies aceptadas automáticamente
23:08:07 [INFO] ✓ Driver listo: leicester-southampton-apuestas-35239402
23:08:07 [INFO] 🔧 Creando driver para: Hearts - Hibernian
23:08:07 [INFO] ✓ Driver listo: n%C3%A1poles-como-apuestas-35199124
23:08:10 [INFO] ✓ Cookies aceptadas automáticamente
23:08:11 [INFO] ✓ Driver listo: hertha-berl%C3%ADn-friburgo-apuestas-35060079
23:08:12 [INFO] ✓ Cookies aceptadas automáticamente
23:08:13 [INFO] ✓ Driver listo: annan-dumbarton-apuestas-35213339
23:08:13 [INFO] ✓ Cookies aceptadas automáticamente
23:08:14 [INFO] ✓ Driver listo: oxford-united-norwich-apuestas-35239430
23:08:35 [INFO] ✓ Cookies aceptadas automáticamente
23:08:36 [INFO] ✓ Driver listo: shrewsbury-barrow-apuestas-35234799
23:08:40 [INFO] ✓ Cookies aceptadas automáticamente
23:08:40 [INFO] ✓ Cookies aceptadas automáticamente
23:08:41 [INFO] ✓ Driver listo: wigan-reading-apuestas-35235288
23:08:41 [INFO] ✓ Driver listo: hearts-hibernian-apuestas-35234600
23:08:43 [DEBUG] No se encontró banner de cookies (puede que ya esté aceptado)
23:08:43 [INFO] ✓ Driver listo: mansfield-peterborough-apuestas-35236568
23:08:43 [INFO] ✓ 13 drivers creados exitosamente
23:08:43 [INFO] ============================================================
23:08:43 [INFO] CAPTURA INICIADA - Presiona Ctrl+C para detener
23:08:43 [INFO] ============================================================
23:08:43 [INFO] 
--- Ciclo #1 ---
23:08:43 [INFO] 📸 Capturando 13 partidos en paralelo...
23:08:43 [DEBUG] ✓ Actualizar clickeado: west-ham-manchester-united-apuestas-35212135
23:08:44 [DEBUG] [west-ham-manchester-united-apuestas-35212135] → Extrayendo información del partido...
23:08:51 [DEBUG] [shrewsbury-barrow-apuestas-35234799] → Extrayendo información del partido...
23:08:51 [DEBUG] [wigan-reading-apuestas-35235288] → Extrayendo información del partido...
23:08:51 [DEBUG] [mansfield-peterborough-apuestas-35236568] → Extrayendo información del partido...
23:08:51 [DEBUG] [n%C3%A1poles-como-apuestas-35199124] → Extrayendo información del partido...
23:08:51 [DEBUG] [hertha-berl%C3%ADn-friburgo-apuestas-35060079] → Extrayendo información del partido...
23:08:51 [DEBUG] [leicester-southampton-apuestas-35239402] → Extrayendo información del partido...
23:08:51 [DEBUG] [annan-dumbarton-apuestas-35213339] → Extrayendo información del partido...
23:08:51 [DEBUG] [oxford-united-norwich-apuestas-35239430] → Extrayendo información del partido...
23:08:51 [DEBUG] [hearts-hibernian-apuestas-35234600] → Extrayendo información del partido...
23:08:51 [DEBUG] [birmingham-west-bromwich-apuestas-35239405] → Extrayendo información del partido...
23:08:51 [DEBUG] [crawley-cambridge-united-apuestas-35234804] → Extrayendo información del partido...
23:08:51 [DEBUG] [clyde-elgin-city-fc-apuestas-35213453] → Extrayendo información del partido...
23:08:52 [DEBUG] [west-ham-manchester-united-apuestas-35212135] → Extrayendo cuotas Match Odds...
23:08:54 [DEBUG] [west-ham-manchester-united-apuestas-35212135] → Extrayendo cuotas Over/Under...
23:08:59 [DEBUG] [west-ham-manchester-united-apuestas-35212135] → Extrayendo cuotas Resultado Correcto...
23:09:02 [DEBUG] [west-ham-manchester-united-apuestas-35212135] → Extrayendo estadísticas del partido...
23:09:02 [DEBUG]   → Buscando pestaña 'Estadísticas del partido'...
23:09:02 [DEBUG]   ✓ Clic en pestaña 'Estadísticas del partido' (JS click)
23:09:03 [DEBUG]   → Total iframes encontrados: 7
23:09:03 [DEBUG]   → Iframe #1: accediendo...
23:09:03 [DEBUG]     → Encontrados 5 iframes anidados, revisando...
23:09:03 [DEBUG]       → Iframe anidado #1: accediendo...
23:09:03 [DEBUG]         - Párrafos encontrados: 46
23:09:04 [DEBUG]         ✓ Contiene estadísticas! Extrayendo...
23:09:04 [DEBUG]       ✓ Opta Points: 146.2 - 206.0
23:09:04 [DEBUG]       ✓ Possession: 35% - 65%
23:09:04 [DEBUG]       ✓ Shots: 7 - 9
23:09:04 [DEBUG]       ✓ Shots On Target: 3 - 3
23:09:04 [DEBUG]       ✓ Touches in Box: 9 - 20
23:09:04 [DEBUG]       ✓ Yellow Cards: 1 - 1
23:09:04 [DEBUG]       ✓ Red Cards: 0 - 0
23:09:04 [DEBUG]       ✓ Booking Points: 10 - 10
23:09:04 [DEBUG]       ✓ Total Passes: 317 - 607
23:09:04 [DEBUG]       ✓ Corners: 5 - 3
23:09:04 [DEBUG]   ✓✓ Total: 10 estadísticas Summary capturadas
23:09:04 [DEBUG]   → Buscando tabs adicionales: Attacking, Defence, Distribution...
23:09:04 [DEBUG]   → Buscando tab 'Attacking'...
23:09:04 [DEBUG]   ✓ Clic en tab 'Attacking'
23:09:06 [DEBUG]       ✓ Attacking - big chances: 1 - 1
23:09:06 [DEBUG]       ✓ Attacking - shots on target: 3 - 3
23:09:06 [DEBUG]       ✓ Attacking - shots off target: 1 - 4
23:09:06 [DEBUG]       ✓ Attacking - attacks: 81 - 183
23:09:06 [DEBUG]       ✓ Attacking - hit woodwork: 0 - 0
23:09:06 [DEBUG]   ✓ Attacking: 5 estadísticas capturadas
23:09:06 [DEBUG]   → Buscando tab 'Defence'...
23:09:06 [DEBUG]   ✓ Clic en tab 'Defence'
23:09:08 [DEBUG]       ✓ Defence - tackles: 17 - 18
23:09:08 [DEBUG]       ✓ Defence - tackle success %: 71 - 67
23:09:08 [DEBUG]       ✓ Defence - duels won: 33 - 47
23:09:08 [DEBUG]       ✓ Defence - aerial duels won: 9 - 11
23:09:08 [DEBUG]       ✓ Defence - clearance: 22 - 12
23:09:08 [DEBUG]       ✓ Defence - saves: 1 - 2
23:09:08 [DEBUG]       ✓ Defence - interceptions: 15 - 8
23:09:08 [DEBUG]   ✓ Defence: 7 estadísticas capturadas
23:09:08 [DEBUG]   → Buscando tab 'Distribution'...
23:09:08 [DEBUG]   ✓ Clic en tab 'Distribution'
23:09:08 [DEBUG] [mansfield-peterborough-apuestas-35236568] → Extrayendo cuotas Match Odds...
23:09:08 [DEBUG] [shrewsbury-barrow-apuestas-35234799] → Extrayendo cuotas Match Odds...
23:09:08 [DEBUG] [oxford-united-norwich-apuestas-35239430] → Extrayendo cuotas Match Odds...
23:09:08 [DEBUG] [annan-dumbarton-apuestas-35213339] → Extrayendo cuotas Match Odds...
23:09:08 [DEBUG] [hertha-berl%C3%ADn-friburgo-apuestas-35060079] → Extrayendo cuotas Match Odds...
23:09:08 [DEBUG] [n%C3%A1poles-como-apuestas-35199124] → Extrayendo cuotas Match Odds...
23:09:08 [DEBUG] [leicester-southampton-apuestas-35239402] → Extrayendo cuotas Match Odds...
23:09:08 [DEBUG] [hearts-hibernian-apuestas-35234600] → Extrayendo cuotas Match Odds...
23:09:08 [DEBUG] [wigan-reading-apuestas-35235288] → Extrayendo cuotas Match Odds...
23:09:09 [DEBUG] [clyde-elgin-city-fc-apuestas-35213453] → Extrayendo cuotas Match Odds...
23:09:09 [DEBUG] [birmingham-west-bromwich-apuestas-35239405] → Extrayendo cuotas Match Odds...
23:09:09 [DEBUG] [crawley-cambridge-united-apuestas-35234804] → Extrayendo cuotas Match Odds...
23:09:09 [WARNING] ⟳ [mansfield-peterborough-apuestas-35236568] Match Odds incompletos (0/3), refrescando...
23:09:09 [WARNING] ⟳ [shrewsbury-barrow-apuestas-35234799] Match Odds incompletos (0/3), refrescando...
23:09:09 [WARNING] ⟳ [oxford-united-norwich-apuestas-35239430] Match Odds incompletos (0/3), refrescando...
23:09:09 [WARNING] ⟳ [annan-dumbarton-apuestas-35213339] Match Odds incompletos (0/3), refrescando...
23:09:09 [WARNING] ⟳ [hertha-berl%C3%ADn-friburgo-apuestas-35060079] Match Odds incompletos (0/3), refrescando...
23:09:09 [WARNING] ⟳ [n%C3%A1poles-como-apuestas-35199124] Match Odds incompletos (0/3), refrescando...
23:09:09 [WARNING] ⟳ [leicester-southampton-apuestas-35239402] Match Odds incompletos (0/3), refrescando...
23:09:09 [WARNING] ⟳ [hearts-hibernian-apuestas-35234600] Match Odds incompletos (0/3), refrescando...
23:09:09 [WARNING] ⟳ [wigan-reading-apuestas-35235288] Match Odds incompletos (0/3), refrescando...
23:09:10 [WARNING] ⟳ [clyde-elgin-city-fc-apuestas-35213453] Match Odds incompletos (0/3), refrescando...
23:09:10 [WARNING] ⟳ [birmingham-west-bromwich-apuestas-35239405] Match Odds incompletos (0/3), refrescando...
23:09:10 [WARNING] ⟳ [crawley-cambridge-united-apuestas-35234804] Match Odds incompletos (0/3), refrescando...
23:09:10 [DEBUG]       ✓ Distribution - pass success %: 79 - 88
23:09:10 [DEBUG]       ✓ Distribution - crosses: 14 - 23
23:09:10 [DEBUG]       ✓ Distribution - successful crosses %: 21 - 30
23:09:10 [DEBUG]       ✓ Distribution - successful passes in opposition half: 25 - 48
23:09:10 [DEBUG]       ✓ Distribution - successful passes in final 3rd: 56 - 146
23:09:10 [DEBUG]   ✓ Distribution: 5 estadísticas capturadas
23:09:10 [DEBUG] [west-ham-manchester-united-apuestas-35212135] → Extrayendo volumen matched...
23:09:14 [INFO] ✓ Cookies aceptadas automáticamente
23:09:23 [DEBUG] [west-ham-manchester-united-apuestas-35212135] → Extrayendo momentum...
23:09:23 [DEBUG]   → Buscando URL del iframe de stats para Momentum...
23:09:23 [DEBUG]   ✓ URL stats encontrada en iframe #1: https://betfair.cpp.statsperform.com/stats/live-stats/summary?&eventId=3wie337w5
23:09:23 [DEBUG]   → URL momentum construida: https://betfair.cpp.statsperform.com/stats/live-stats/momentum?&eventId=3wie337w
23:09:28 [DEBUG]   → Divs: 393, Local: 37, Visit: 61
23:09:28 [DEBUG]   ✓ Momentum Local: 844.80 (37 barras)
23:09:28 [DEBUG]   ✓ Momentum Visitante: 1419.37 (61 barras)
23:09:28 [INFO] ✓ [west-ham-manchester-united-apuestas-35212135] Captura exitosa: en_juego, min 96, 1-1
23:09:34 [DEBUG] [mansfield-peterborough-apuestas-35236568] → Extrayendo cuotas Over/Under...
23:09:35 [DEBUG] [mansfield-peterborough-apuestas-35236568] → Extrayendo cuotas Resultado Correcto...
23:09:36 [DEBUG] [mansfield-peterborough-apuestas-35236568] → Extrayendo estadísticas del partido...
23:09:36 [DEBUG]   → Buscando pestaña 'Estadísticas del partido'...
23:09:38 [DEBUG] No se encontró banner de cookies (puede que ya esté aceptado)
23:09:38 [DEBUG] No se encontró banner de cookies (puede que ya esté aceptado)
23:09:38 [DEBUG] No se encontró banner de cookies (puede que ya esté aceptado)
23:09:38 [DEBUG] No se encontró banner de cookies (puede que ya esté aceptado)
23:09:38 [DEBUG] No se encontró banner de cookies (puede que ya esté aceptado)
23:09:38 [DEBUG] No se encontró banner de cookies (puede que ya esté aceptado)
23:09:39 [DEBUG] No se encontró banner de cookies (puede que ya esté aceptado)
23:09:40 [DEBUG] No se encontró banner de cookies (puede que ya esté aceptado)
23:09:41 [DEBUG] No se encontró banner de cookies (puede que ya esté aceptado)
23:09:41 [DEBUG] No se encontró banner de cookies (puede que ya esté aceptado)
23:09:41 [DEBUG] No se encontró banner de cookies (puede que ya esté aceptado)
23:09:46 [DEBUG]   × Pestaña 'Estadísticas del partido' no encontrada (partido puede no tener estadísticas)
23:09:46 [DEBUG]   → Total iframes encontrados: 6
23:09:46 [DEBUG]   → Iframe #1: accediendo...
23:09:47 [DEBUG]     → Sin iframes anidados, buscando párrafos directamente...
23:09:48 [DEBUG]     × Sin párrafos
23:09:48 [DEBUG]   → Iframe #2: accediendo...
23:09:48 [DEBUG]     → Encontrados 3 iframes anidados, revisando...
23:09:48 [DEBUG]       → Iframe anidado #1: accediendo...
23:09:50 [DEBUG]         × Sin párrafos
23:09:50 [DEBUG]       → Iframe anidado #2: accediendo...
23:09:51 [DEBUG]         × Sin párrafos
23:09:51 [DEBUG]       → Iframe anidado #3: accediendo...
23:09:52 [DEBUG]         × Sin párrafos
23:09:52 [DEBUG]     × No se encontraron párrafos con estadísticas
23:09:52 [DEBUG]   → Iframe #3: accediendo...
23:09:53 [DEBUG]     → Sin iframes anidados, buscando párrafos directamente...
23:09:54 [DEBUG]     × Sin párrafos
23:09:54 [DEBUG]   → Iframe #4: accediendo...
23:09:54 [DEBUG]     → Encontrados 1 iframes anidados, revisando...
23:09:54 [DEBUG]       → Iframe anidado #1: accediendo...
23:09:55 [DEBUG]         × Sin párrafos
23:09:55 [DEBUG]     × No se encontraron párrafos con estadísticas
23:09:55 [DEBUG]   → Iframe #5: accediendo...
23:09:56 [DEBUG]     → Sin iframes anidados, buscando párrafos directamente...
23:09:57 [DEBUG]     × Sin párrafos
23:09:57 [DEBUG] [mansfield-peterborough-apuestas-35236568] → Extrayendo volumen matched...
23:09:58 [DEBUG] [annan-dumbarton-apuestas-35213339] → Extrayendo cuotas Over/Under...
23:09:58 [DEBUG] [oxford-united-norwich-apuestas-35239430] → Extrayendo cuotas Over/Under...
23:09:58 [DEBUG] [wigan-reading-apuestas-35235288] → Extrayendo cuotas Over/Under...
23:09:58 [DEBUG] [hearts-hibernian-apuestas-35234600] → Extrayendo cuotas Over/Under...
23:09:58 [DEBUG] [shrewsbury-barrow-apuestas-35234799] → Extrayendo cuotas Over/Under...
23:09:58 [DEBUG] [hertha-berl%C3%ADn-friburgo-apuestas-35060079] → Extrayendo cuotas Over/Under...
23:09:58 [DEBUG] [clyde-elgin-city-fc-apuestas-35213453] → Extrayendo cuotas Over/Under...
23:09:59 [DEBUG] [annan-dumbarton-apuestas-35213339] → Extrayendo cuotas Resultado Correcto...
23:09:59 [DEBUG] [oxford-united-norwich-apuestas-35239430] → Extrayendo cuotas Resultado Correcto...
23:09:59 [DEBUG] [hearts-hibernian-apuestas-35234600] → Extrayendo cuotas Resultado Correcto...
23:09:59 [DEBUG] [wigan-reading-apuestas-35235288] → Extrayendo cuotas Resultado Correcto...
23:09:59 [DEBUG] [hertha-berl%C3%ADn-friburgo-apuestas-35060079] → Extrayendo cuotas Resultado Correcto...
23:09:59 [DEBUG] [shrewsbury-barrow-apuestas-35234799] → Extrayendo cuotas Resultado Correcto...
23:09:59 [DEBUG] [clyde-elgin-city-fc-apuestas-35213453] → Extrayendo cuotas Resultado Correcto...
23:10:00 [DEBUG] [annan-dumbarton-apuestas-35213339] → Extrayendo estadísticas del partido...
23:10:00 [DEBUG] [oxford-united-norwich-apuestas-35239430] → Extrayendo estadísticas del partido...
23:10:00 [DEBUG]   → Buscando pestaña 'Estadísticas del partido'...
23:10:00 [DEBUG]   → Buscando pestaña 'Estadísticas del partido'...
23:10:00 [DEBUG] [leicester-southampton-apuestas-35239402] → Extrayendo cuotas Over/Under...
23:10:00 [DEBUG] [hearts-hibernian-apuestas-35234600] → Extrayendo estadísticas del partido...
23:10:00 [DEBUG]   → Buscando pestaña 'Estadísticas del partido'...
23:10:00 [DEBUG] [wigan-reading-apuestas-35235288] → Extrayendo estadísticas del partido...
23:10:00 [DEBUG]   → Buscando pestaña 'Estadísticas del partido'...
23:10:00 [DEBUG] [hertha-berl%C3%ADn-friburgo-apuestas-35060079] → Extrayendo estadísticas del partido...
23:10:00 [DEBUG]   → Buscando pestaña 'Estadísticas del partido'...
23:10:00 [DEBUG] [shrewsbury-barrow-apuestas-35234799] → Extrayendo estadísticas del partido...
23:10:00 [DEBUG]   → Buscando pestaña 'Estadísticas del partido'...
23:10:00 [DEBUG] [n%C3%A1poles-como-apuestas-35199124] → Extrayendo cuotas Over/Under...
23:10:00 [DEBUG] [crawley-cambridge-united-apuestas-35234804] → Extrayendo cuotas Over/Under...
23:10:00 [DEBUG] [clyde-elgin-city-fc-apuestas-35213453] → Extrayendo estadísticas del partido...
23:10:00 [DEBUG]   → Buscando pestaña 'Estadísticas del partido'...
23:10:01 [DEBUG] [birmingham-west-bromwich-apuestas-35239405] → Extrayendo cuotas Over/Under...
23:10:01 [DEBUG] [leicester-southampton-apuestas-35239402] → Extrayendo cuotas Resultado Correcto...
23:10:01 [DEBUG] [n%C3%A1poles-como-apuestas-35199124] → Extrayendo cuotas Resultado Correcto...
23:10:01 [DEBUG] [crawley-cambridge-united-apuestas-35234804] → Extrayendo cuotas Resultado Correcto...
23:10:02 [DEBUG] [birmingham-west-bromwich-apuestas-35239405] → Extrayendo cuotas Resultado Correcto...
23:10:02 [DEBUG] [leicester-southampton-apuestas-35239402] → Extrayendo estadísticas del partido...
23:10:02 [DEBUG]   → Buscando pestaña 'Estadísticas del partido'...
23:10:02 [DEBUG] [crawley-cambridge-united-apuestas-35234804] → Extrayendo estadísticas del partido...
23:10:02 [DEBUG]   → Buscando pestaña 'Estadísticas del partido'...
23:10:02 [DEBUG] [n%C3%A1poles-como-apuestas-35199124] → Extrayendo estadísticas del partido...
23:10:02 [DEBUG]   → Buscando pestaña 'Estadísticas del partido'...
23:10:03 [DEBUG] [birmingham-west-bromwich-apuestas-35239405] → Extrayendo estadísticas del partido...
23:10:03 [DEBUG]   → Buscando pestaña 'Estadísticas del partido'...
23:10:10 [DEBUG] [mansfield-peterborough-apuestas-35236568] → Extrayendo momentum...
23:10:10 [DEBUG]   → Buscando URL del iframe de stats para Momentum...
23:10:10 [DEBUG]   × Pestaña 'Estadísticas del partido' no encontrada (partido puede no tener estadísticas)
23:10:10 [DEBUG]   × Pestaña 'Estadísticas del partido' no encontrada (partido puede no tener estadísticas)
23:10:10 [DEBUG]   → Total iframes encontrados: 7
23:10:10 [DEBUG]   → Total iframes encontrados: 7
23:10:10 [DEBUG]   → Iframe #1: accediendo...
23:10:10 [DEBUG]   → Iframe #1: accediendo...
23:10:10 [DEBUG]   × Pestaña 'Estadísticas del partido' no encontrada (partido puede no tener estadísticas)
23:10:10 [DEBUG]   × Pestaña 'Estadísticas del partido' no encontrada (partido puede no tener estadísticas)
23:10:10 [DEBUG]   × Pestaña 'Estadísticas del partido' no encontrada (partido puede no tener estadísticas)
23:10:10 [DEBUG]   → Total iframes encontrados: 2
23:10:10 [DEBUG]   → Total iframes encontrados: 7
23:10:10 [DEBUG]   → Total iframes encontrados: 7
23:10:10 [DEBUG]   → Iframe #1: accediendo...
23:10:10 [DEBUG]   → Iframe #1: accediendo...
23:10:10 [DEBUG]   → Iframe #1: accediendo...
23:10:10 [DEBUG]   × Pestaña 'Estadísticas del partido' no encontrada (partido puede no tener estadísticas)
23:10:10 [DEBUG]   → Total iframes encontrados: 2
23:10:10 [DEBUG]   → Iframe #1: accediendo...
23:10:10 [DEBUG]   × Pestaña 'Estadísticas del partido' no encontrada (partido puede no tener estadísticas)
23:10:10 [DEBUG]   → Total iframes encontrados: 7
23:10:10 [DEBUG]   → Iframe #1: accediendo...
23:10:11 [DEBUG]     → Sin iframes anidados, buscando párrafos directamente...
23:10:11 [DEBUG]     → Sin iframes anidados, buscando párrafos directamente...
23:10:11 [DEBUG]     → Sin iframes anidados, buscando párrafos directamente...
23:10:11 [DEBUG]     → Sin iframes anidados, buscando párrafos directamente...
23:10:11 [DEBUG]     → Sin iframes anidados, buscando párrafos directamente...
23:10:11 [DEBUG]     → Sin iframes anidados, buscando párrafos directamente...
23:10:11 [DEBUG]     → Sin iframes anidados, buscando párrafos directamente...
23:10:12 [DEBUG]     × Sin párrafos
23:10:12 [DEBUG]     × Sin párrafos
23:10:12 [DEBUG]   → Iframe #2: accediendo...
23:10:12 [DEBUG]   → Iframe #2: accediendo...
23:10:12 [DEBUG]     → Encontrados 1 iframes anidados, revisando...
23:10:12 [DEBUG]     → Encontrados 1 iframes anidados, revisando...
23:10:12 [DEBUG]       → Iframe anidado #1: accediendo...
23:10:12 [DEBUG]       → Iframe anidado #1: accediendo...
23:10:12 [DEBUG]   × Pestaña 'Estadísticas del partido' no encontrada (partido puede no tener estadísticas)
23:10:12 [DEBUG]   → Total iframes encontrados: 7
23:10:12 [DEBUG]   → Iframe #1: accediendo...
23:10:12 [DEBUG]     × Sin párrafos
23:10:12 [DEBUG]     × Sin párrafos
23:10:12 [DEBUG]     × Sin párrafos
23:10:12 [DEBUG]     × Sin párrafos
23:10:12 [DEBUG]   → Iframe #2: accediendo...
23:10:12 [DEBUG]   → Iframe #2: accediendo...
23:10:12 [DEBUG]     → Encontrados 3 iframes anidados, revisando...
23:10:12 [DEBUG]   → Iframe #2: accediendo...
23:10:12 [DEBUG]   → Iframe #2: accediendo...
23:10:12 [DEBUG]     → Encontrados 3 iframes anidados, revisando...
23:10:12 [DEBUG]     → Encontrados 1 iframes anidados, revisando...
23:10:12 [DEBUG]     → Encontrados 1 iframes anidados, revisando...
23:10:12 [DEBUG]       → Iframe anidado #1: accediendo...
23:10:12 [DEBUG]       → Iframe anidado #1: accediendo...
23:10:12 [DEBUG]       → Iframe anidado #1: accediendo...
23:10:12 [DEBUG]       → Iframe anidado #1: accediendo...
23:10:12 [DEBUG]     × Sin párrafos
23:10:12 [DEBUG]   × Pestaña 'Estadísticas del partido' no encontrada (partido puede no tener estadísticas)
23:10:13 [DEBUG]   → Total iframes encontrados: 7
23:10:13 [DEBUG]   → Iframe #2: accediendo...
23:10:13 [DEBUG]     → Encontrados 1 iframes anidados, revisando...
23:10:13 [DEBUG]   → Iframe #1: accediendo...
23:10:13 [DEBUG]       → Iframe anidado #1: accediendo...
23:10:13 [DEBUG]   × Pestaña 'Estadísticas del partido' no encontrada (partido puede no tener estadísticas)
23:10:13 [DEBUG]   → Total iframes encontrados: 7
23:10:13 [DEBUG]   → Iframe #1: accediendo...
23:10:13 [DEBUG]   × Pestaña 'Estadísticas del partido' no encontrada (partido puede no tener estadísticas)
23:10:13 [DEBUG]   → Total iframes encontrados: 7
23:10:13 [DEBUG]         × Sin párrafos
23:10:13 [DEBUG]         × Sin párrafos
23:10:13 [DEBUG]     × No se encontraron párrafos con estadísticas
23:10:13 [DEBUG]     × No se encontraron párrafos con estadísticas
23:10:13 [DEBUG]   → Iframe #1: accediendo...
23:10:13 [DEBUG]   → Iframe #3: accediendo...
23:10:13 [DEBUG]   → Iframe #3: accediendo...
23:10:13 [DEBUG]     → Sin iframes anidados, buscando párrafos directamente...
23:10:13 [DEBUG]         × Sin párrafos
23:10:13 [DEBUG]         × Sin párrafos
23:10:13 [DEBUG]         × Sin párrafos
23:10:13 [DEBUG]     × No se encontraron párrafos con estadísticas
23:10:14 [DEBUG]       → Iframe anidado #2: accediendo...
23:10:14 [DEBUG]       → Iframe anidado #2: accediendo...
23:10:14 [DEBUG]         × Sin párrafos
23:10:14 [DEBUG]     × No se encontraron párrafos con estadísticas
23:10:14 [DEBUG]   → Iframe #3: accediendo...
23:10:14 [DEBUG]   → Iframe #3: accediendo...
23:10:14 [DEBUG]     → Sin iframes anidados, buscando párrafos directamente...
23:10:14 [DEBUG]     → Sin iframes anidados, buscando párrafos directamente...
23:10:14 [DEBUG]         × Sin párrafos
23:10:14 [DEBUG]     × No se encontraron párrafos con estadísticas
23:10:14 [DEBUG]   → Iframe #3: accediendo...
23:10:14 [DEBUG]   × No se encontró URL del iframe de stats
23:10:14 [INFO] ✓ [mansfield-peterborough-apuestas-35236568] Captura exitosa: pre_partido, min , -
23:10:14 [DEBUG]     → Sin iframes anidados, buscando párrafos directamente...
23:10:14 [DEBUG]     → Sin iframes anidados, buscando párrafos directamente...
23:10:14 [DEBUG]     → Sin iframes anidados, buscando párrafos directamente...
23:10:14 [DEBUG]     × Sin párrafos
23:10:14 [DEBUG]   → Iframe #2: accediendo...
23:10:14 [DEBUG]     → Encontrados 1 iframes anidados, revisando...
23:10:14 [DEBUG]       → Iframe anidado #1: accediendo...
23:10:15 [DEBUG]         × Sin párrafos
23:10:15 [DEBUG]         × Sin párrafos
23:10:15 [DEBUG]     → Sin iframes anidados, buscando párrafos directamente...
23:10:15 [DEBUG]     → Sin iframes anidados, buscando párrafos directamente...
23:10:15 [DEBUG]       → Iframe anidado #3: accediendo...
23:10:15 [DEBUG]       → Iframe anidado #3: accediendo...
23:10:15 [DEBUG]     → Sin iframes anidados, buscando párrafos directamente...
23:10:15 [DEBUG]     × Sin párrafos
23:10:15 [DEBUG]     × Sin párrafos
23:10:15 [DEBUG]   → Iframe #2: accediendo...
23:10:15 [DEBUG]   → Iframe #2: accediendo...
23:10:15 [DEBUG]     → Encontrados 1 iframes anidados, revisando...
23:10:15 [DEBUG]     → Encontrados 1 iframes anidados, revisando...
23:10:15 [DEBUG]       → Iframe anidado #1: accediendo...
23:10:15 [DEBUG]       → Iframe anidado #1: accediendo...
23:10:15 [DEBUG]     × Sin párrafos
23:10:15 [DEBUG]     × Sin párrafos
23:10:15 [DEBUG]     × Sin párrafos
23:10:15 [DEBUG]   → Iframe #2: accediendo...
23:10:15 [DEBUG]   → Iframe #4: accediendo...
23:10:15 [DEBUG]   → Iframe #4: accediendo...
23:10:15 [DEBUG]     → Encontrados 1 iframes anidados, revisando...
23:10:15 [DEBUG]       → Iframe anidado #1: accediendo...
23:10:15 [DEBUG]         × Sin párrafos
23:10:15 [DEBUG]     × No se encontraron párrafos con estadísticas
23:10:15 [DEBUG]   → Iframe #3: accediendo...
23:10:16 [DEBUG]     × Sin párrafos
23:10:16 [DEBUG]   → Iframe #4: accediendo...
23:10:16 [DEBUG]     × Sin párrafos
23:10:16 [DEBUG]     × Sin párrafos
23:10:16 [DEBUG]         × Sin párrafos
23:10:16 [DEBUG]     × No se encontraron párrafos con estadísticas
23:10:16 [DEBUG]   → Iframe #4: accediendo...
23:10:16 [DEBUG]   → Iframe #4: accediendo...
23:10:16 [DEBUG] [hertha-berl%C3%ADn-friburgo-apuestas-35060079] → Extrayendo volumen matched...
23:10:16 [DEBUG]         × Sin párrafos
23:10:16 [DEBUG]     × No se encontraron párrafos con estadísticas
23:10:16 [DEBUG] [wigan-reading-apuestas-35235288] → Extrayendo volumen matched...
23:10:16 [DEBUG]         × Sin párrafos
23:10:16 [DEBUG]     × No se encontraron párrafos con estadísticas
23:10:16 [DEBUG]   → Iframe #3: accediendo...
23:10:16 [DEBUG]         × Sin párrafos
23:10:16 [DEBUG]     × No se encontraron párrafos con estadísticas
23:10:16 [DEBUG]   → Iframe #3: accediendo...
23:10:16 [DEBUG]         × Sin párrafos
23:10:16 [DEBUG]     × No se encontraron párrafos con estadísticas
23:10:16 [DEBUG]   → Iframe #3: accediendo...
23:10:16 [DEBUG]     → Sin iframes anidados, buscando párrafos directamente...
23:10:16 [DEBUG]     → Sin iframes anidados, buscando párrafos directamente...
23:10:16 [DEBUG]     → Sin iframes anidados, buscando párrafos directamente...
23:10:17 [DEBUG]     → Sin iframes anidados, buscando párrafos directamente...
23:10:17 [DEBUG]     → Sin iframes anidados, buscando párrafos directamente...
23:10:17 [DEBUG]     → Sin iframes anidados, buscando párrafos directamente...
23:10:17 [DEBUG]     → Sin iframes anidados, buscando párrafos directamente...
23:10:17 [DEBUG]     → Sin iframes anidados, buscando párrafos directamente...
23:10:17 [DEBUG]     → Sin iframes anidados, buscando párrafos directamente...
23:10:17 [DEBUG]     × Sin párrafos
23:10:17 [DEBUG]     × Sin párrafos
23:10:17 [DEBUG]   → Iframe #5: accediendo...
23:10:17 [DEBUG]   → Iframe #5: accediendo...
23:10:18 [DEBUG]     × Sin párrafos
23:10:18 [DEBUG]   → Iframe #4: accediendo...
23:10:18 [DEBUG]     × Sin párrafos
23:10:18 [DEBUG]   → Iframe #5: accediendo...
23:10:18 [DEBUG]     × Sin párrafos
23:10:18 [DEBUG]     × Sin párrafos
23:10:18 [DEBUG]   → Iframe #5: accediendo...
23:10:18 [DEBUG]   → Iframe #5: accediendo...
23:10:18 [DEBUG]     × Sin párrafos
23:10:18 [DEBUG]     × Sin párrafos
23:10:18 [DEBUG]   → Iframe #4: accediendo...
23:10:18 [DEBUG]   → Iframe #4: accediendo...
23:10:18 [DEBUG]     × Sin párrafos
23:10:18 [DEBUG]   → Iframe #4: accediendo...
23:10:18 [DEBUG]     → Sin iframes anidados, buscando párrafos directamente...
23:10:18 [DEBUG]     → Sin iframes anidados, buscando párrafos directamente...
23:10:19 [DEBUG]     → Sin iframes anidados, buscando párrafos directamente...
23:10:19 [DEBUG]     → Sin iframes anidados, buscando párrafos directamente...
23:10:19 [DEBUG]     → Sin iframes anidados, buscando párrafos directamente...
23:10:19 [DEBUG]     → Sin iframes anidados, buscando párrafos directamente...
23:10:19 [DEBUG]     → Sin iframes anidados, buscando párrafos directamente...
23:10:19 [DEBUG]     → Sin iframes anidados, buscando párrafos directamente...
23:10:19 [DEBUG]     → Sin iframes anidados, buscando párrafos directamente...
23:10:19 [DEBUG]     × Sin párrafos
23:10:19 [DEBUG]     × Sin párrafos
23:10:19 [DEBUG] [annan-dumbarton-apuestas-35213339] → Extrayendo volumen matched...
23:10:19 [DEBUG] [oxford-united-norwich-apuestas-35239430] → Extrayendo volumen matched...
23:10:20 [DEBUG]     × Sin párrafos
23:10:20 [DEBUG]   → Iframe #5: accediendo...
23:10:20 [DEBUG]     × Sin párrafos
23:10:20 [DEBUG] [shrewsbury-barrow-apuestas-35234799] → Extrayendo volumen matched...
23:10:20 [DEBUG]     × Sin párrafos
23:10:20 [DEBUG]     × Sin párrafos
23:10:20 [DEBUG] [clyde-elgin-city-fc-apuestas-35213453] → Extrayendo volumen matched...
23:10:20 [DEBUG] [hearts-hibernian-apuestas-35234600] → Extrayendo volumen matched...
23:10:20 [DEBUG]     × Sin párrafos
23:10:20 [DEBUG]     × Sin párrafos
23:10:20 [DEBUG]   → Iframe #5: accediendo...
23:10:20 [DEBUG]   → Iframe #5: accediendo...
23:10:20 [DEBUG]     × Sin párrafos
23:10:20 [DEBUG]   → Iframe #5: accediendo...
23:10:21 [DEBUG]     → Sin iframes anidados, buscando párrafos directamente...
23:10:21 [DEBUG]     → Sin iframes anidados, buscando párrafos directamente...
23:10:21 [DEBUG]     → Sin iframes anidados, buscando párrafos directamente...
23:10:21 [DEBUG]     → Sin iframes anidados, buscando párrafos directamente...
23:10:22 [DEBUG]     × Sin párrafos
23:10:22 [DEBUG] [leicester-southampton-apuestas-35239402] → Extrayendo volumen matched...
23:10:22 [DEBUG]     × Sin párrafos
23:10:22 [DEBUG]     × Sin párrafos
23:10:22 [DEBUG] [crawley-cambridge-united-apuestas-35234804] → Extrayendo volumen matched...
23:10:22 [DEBUG] [n%C3%A1poles-como-apuestas-35199124] → Extrayendo volumen matched...
23:10:22 [DEBUG]     × Sin párrafos
23:10:22 [DEBUG] [birmingham-west-bromwich-apuestas-35239405] → Extrayendo volumen matched...
23:10:28 [DEBUG] [wigan-reading-apuestas-35235288] → Extrayendo momentum...
23:10:28 [DEBUG]   → Buscando URL del iframe de stats para Momentum...
23:10:28 [DEBUG] [hertha-berl%C3%ADn-friburgo-apuestas-35060079] → Extrayendo momentum...
23:10:28 [DEBUG]   → Buscando URL del iframe de stats para Momentum...
23:10:30 [DEBUG]   × No se encontró URL del iframe de stats
23:10:30 [INFO] ✓ [wigan-reading-apuestas-35235288] Captura exitosa: pre_partido, min , -
23:10:30 [DEBUG]   × No se encontró URL del iframe de stats
23:10:30 [INFO] ✓ [hertha-berl%C3%ADn-friburgo-apuestas-35060079] Captura exitosa: pre_partido, min , -
23:10:32 [DEBUG] [oxford-united-norwich-apuestas-35239430] → Extrayendo momentum...
23:10:32 [DEBUG]   → Buscando URL del iframe de stats para Momentum...
23:10:32 [DEBUG] [annan-dumbarton-apuestas-35213339] → Extrayendo momentum...
23:10:32 [DEBUG]   → Buscando URL del iframe de stats para Momentum...
23:10:33 [DEBUG] [shrewsbury-barrow-apuestas-35234799] → Extrayendo momentum...
23:10:33 [DEBUG]   → Buscando URL del iframe de stats para Momentum...
23:10:33 [DEBUG] [clyde-elgin-city-fc-apuestas-35213453] → Extrayendo momentum...
23:10:33 [DEBUG]   → Buscando URL del iframe de stats para Momentum...
23:10:33 [DEBUG] [hearts-hibernian-apuestas-35234600] → Extrayendo momentum...
23:10:33 [DEBUG]   → Buscando URL del iframe de stats para Momentum...
23:10:35 [DEBUG] [leicester-southampton-apuestas-35239402] → Extrayendo momentum...
23:10:35 [DEBUG]   → Buscando URL del iframe de stats para Momentum...
23:10:35 [DEBUG] [crawley-cambridge-united-apuestas-35234804] → Extrayendo momentum...
23:10:35 [DEBUG] [n%C3%A1poles-como-apuestas-35199124] → Extrayendo momentum...
23:10:35 [DEBUG]   → Buscando URL del iframe de stats para Momentum...
23:10:35 [DEBUG]   → Buscando URL del iframe de stats para Momentum...
23:10:35 [DEBUG] [birmingham-west-bromwich-apuestas-35239405] → Extrayendo momentum...
23:10:35 [DEBUG]   → Buscando URL del iframe de stats para Momentum...
23:10:38 [DEBUG]   × No se encontró URL del iframe de stats
23:10:38 [INFO] ✓ [oxford-united-norwich-apuestas-35239430] Captura exitosa: pre_partido, min , -
23:10:38 [DEBUG]   × No se encontró URL del iframe de stats
23:10:38 [INFO] ✓ [annan-dumbarton-apuestas-35213339] Captura exitosa: pre_partido, min , -
23:10:38 [DEBUG]   × No se encontró URL del iframe de stats
23:10:38 [DEBUG]   × No se encontró URL del iframe de stats
23:10:38 [INFO] ✓ [clyde-elgin-city-fc-apuestas-35213453] Captura exitosa: pre_partido, min , -
23:10:38 [INFO] ✓ [shrewsbury-barrow-apuestas-35234799] Captura exitosa: pre_partido, min , -
23:10:38 [DEBUG]   × No se encontró URL del iframe de stats
23:10:38 [INFO] ✓ [hearts-hibernian-apuestas-35234600] Captura exitosa: pre_partido, min , -
23:10:40 [DEBUG]   × No se encontró URL del iframe de stats
23:10:40 [INFO] ✓ [leicester-southampton-apuestas-35239402] Captura exitosa: pre_partido, min , -
23:10:40 [DEBUG]   × No se encontró URL del iframe de stats
23:10:40 [INFO] ✓ [n%C3%A1poles-como-apuestas-35199124] Captura exitosa: pre_partido, min , -
23:10:40 [DEBUG]   × No se encontró URL del iframe de stats
23:10:40 [INFO] ✓ [crawley-cambridge-united-apuestas-35234804] Captura exitosa: pre_partido, min , -
23:10:41 [DEBUG]   × No se encontró URL del iframe de stats
23:10:41 [INFO] ✓ [birmingham-west-bromwich-apuestas-35239405] Captura exitosa: pre_partido, min , -
23:10:41 [ERROR] Error fatal: dict contains fields not in fieldnames: 'volumen'
Traceback (most recent call last):
  File "C:\Users\agonz\OneDrive\Documents\Proyectos\Furbo\betfair_scraper\main.py", line 2650, in main
    captura_paralela_multidriver(list(match_drivers.values()), writer)
    ~~~~~~~~~~~~~~~~~~~~~~~~~~~~^^^^^^^^^^^^^^^^^^^^^^^^^^^^^^^^^^^^^^
  File "C:\Users\agonz\OneDrive\Documents\Proyectos\Furbo\betfair_scraper\main.py", line 1971, in captura_paralela_multidriver
    writer.escribir(match_id, datos)
    ~~~~~~~~~~~~~~~^^^^^^^^^^^^^^^^^
  File "C:\Users\agonz\OneDrive\Documents\Proyectos\Furbo\betfair_scraper\main.py", line 1659, in escribir
    self._writers[tab_id].writerow(datos)
    ~~~~~~~~~~~~~~~~~~~~~~~~~~~~~~^^^^^^^
  File "C:\Users\agonz\miniconda3\Lib\csv.py", line 226, in writerow
    return self.writer.writerow(self._dict_to_list(rowdict))
                                ~~~~~~~~~~~~~~~~~~^^^^^^^^^
  File "C:\Users\agonz\miniconda3\Lib\csv.py", line 221, in _dict_to_list
    raise ValueError("dict contains fields not in fieldnames: "
                     + ", ".join([repr(x) for x in wrong_fields]))
ValueError: dict contains fields not in fieldnames: 'volumen'
23:10:41 [INFO] Cerrando...
23:10:41 [INFO] Archivos CSV cerrados correctamente.
23:10:41 [INFO] 🔧 Cerrando 13 drivers...
23:10:43 [DEBUG] ✓ Driver cerrado: west-ham-manchester-united-apuestas-35212135
23:10:45 [DEBUG] ✓ Driver cerrado: clyde-elgin-city-fc-apuestas-35213453
23:10:47 [DEBUG] ✓ Driver cerrado: birmingham-west-bromwich-apuestas-35239405
23:10:50 [DEBUG] ✓ Driver cerrado: crawley-cambridge-united-apuestas-35234804
23:10:52 [DEBUG] ✓ Driver cerrado: leicester-southampton-apuestas-35239402
23:10:54 [DEBUG] ✓ Driver cerrado: n%C3%A1poles-como-apuestas-35199124
23:10:56 [DEBUG] ✓ Driver cerrado: hertha-berl%C3%ADn-friburgo-apuestas-35060079
23:10:58 [DEBUG] ✓ Driver cerrado: annan-dumbarton-apuestas-35213339
23:11:00 [DEBUG] ✓ Driver cerrado: oxford-united-norwich-apuestas-35239430
23:11:03 [DEBUG] ✓ Driver cerrado: shrewsbury-barrow-apuestas-35234799
23:11:05 [DEBUG] ✓ Driver cerrado: wigan-reading-apuestas-35235288
23:11:07 [DEBUG] ✓ Driver cerrado: hearts-hibernian-apuestas-35234600
23:11:09 [DEBUG] ✓ Driver cerrado: mansfield-peterborough-apuestas-35236568
23:11:09 [INFO] Observador finalizado. Revisa los CSV en la carpeta de salida.
