20:36:28 [INFO] 📝 Log guardándose en: logs/scraper_20260212_203628.log
20:36:28 [INFO] Cargados 10 partidos desde games.csv
20:36:28 [INFO] 📅 MODO SCHEDULING ACTIVADO
20:36:28 [INFO]    Ventana tracking: 10 min antes → 150 min después
20:36:28 [INFO]    Total en CSV: 10 partidos
20:36:28 [INFO]    ✓ Partidos activos ahora: 5
20:36:28 [INFO]    ⏰ Partidos futuros: 5
20:36:28 [INFO]    ✅ Partidos finalizados: 0
20:36:28 [INFO] 
📋 Próximos partidos a trackear:
20:36:28 [INFO]       Atlético de Madrid Femenino - Manchester United Fe (en 24 min)
20:36:28 [INFO]       Atlético de Madrid - FC Barcelona (en 24 min)
20:36:28 [INFO]       Brentford - Arsenal (en 24 min)
20:36:28 [INFO]       Athletico-PR - Santos (en 144 min)
20:36:28 [INFO]       Tigre - Aldosivi (en 144 min)
20:36:28 [INFO] 🚀 Sistema multi-driver: Creando 5 drivers independientes (sin límite de tabs)
20:36:28 [INFO] 
Iniciando observador con 5 partidos.
20:36:28 [INFO] Ciclo: 30s | Output: data/
20:36:28 [INFO] 🔄 Recarga dinámica: Revisando games.csv cada 5 ciclos (scheduling)
20:36:28 [INFO] 🧹 Limpiando ventanas Betfair antiguas...
20:36:28 [WARNING] Script de limpieza no encontrado: C:\Users\agonz\OneDrive\Documents\Proyectos\Furbo\betfair_scraper\close_betfair_windows.ps1
20:36:28 [INFO] Cargados 10 partidos desde games.csv
20:36:28 [INFO] 
🚀 Iniciando 5 drivers Chrome (sistema multi-driver paralelo)...
20:36:28 [INFO] 🔧 Creando driver de login: Al-Hazm (KSA) - Al-Akhdoud
20:36:28 [INFO] 🔧 Creando driver para: Al-Hazm (KSA) - Al-Akhdoud
20:36:34 [INFO] ✓ Cookies aceptadas automáticamente
20:36:35 [INFO] ✓ Driver listo: al-hazm-ksa-al-akhdoud-apuestas-35232966
20:36:35 [INFO] ============================================================
20:36:35 [INFO] HAZ LOGIN MANUAL en Betfair.es ahora.
20:36:35 [INFO] Tienes 0 segundos...
20:36:35 [INFO] El scraper comenzará automáticamente después.
20:36:35 [INFO] ============================================================
20:36:35 [INFO] 🔧 Creando 4 drivers adicionales en paralelo...
20:36:35 [INFO] 🔧 Creando driver para: Al-Quadisiya (KSA) - NEOM Sports Club
20:36:35 [INFO] 🔧 Creando driver para: Wolfsburgo Femenino - Juventus FC Femenino
20:36:35 [INFO] 🔧 Creando driver para: Sion - FC Basel
20:36:35 [INFO] 🔧 Creando driver para: Thun - Lausanne
20:36:42 [INFO] ✓ Cookies aceptadas automáticamente
20:36:43 [INFO] ✓ Driver listo: wolfsburgo-femenino-juventus-fc-w-apuestas-3510554
20:36:43 [INFO] ✓ Cookies aceptadas automáticamente
20:36:43 [INFO] ✓ Cookies aceptadas automáticamente
20:36:44 [INFO] ✓ Driver listo: al-quadisiya-ksa-neom-sports-club-apuestas-3524103
20:36:44 [INFO] ✓ Driver listo: thun-lausanne-apuestas-35244305
20:36:44 [INFO] ✓ Cookies aceptadas automáticamente
20:36:45 [INFO] ✓ Driver listo: sion-fc-basel-apuestas-35234028
20:36:45 [INFO] ✓ 5 drivers creados exitosamente
20:36:45 [INFO] ============================================================
20:36:45 [INFO] CAPTURA INICIADA - Presiona Ctrl+C para detener
20:36:45 [INFO] ============================================================
20:36:45 [INFO] 
--- Ciclo #1 ---
20:36:45 [INFO] 📸 Capturando 5 partidos en paralelo...
20:36:46 [DEBUG] ✓ Actualizar clickeado: sion-fc-basel-apuestas-35234028
20:36:46 [DEBUG] ✓ Actualizar clickeado: thun-lausanne-apuestas-35244305
20:36:46 [DEBUG] ✓ Actualizar clickeado: wolfsburgo-femenino-juventus-fc-w-apuestas-3510554
20:36:46 [DEBUG] [sion-fc-basel-apuestas-35234028] → Extrayendo información del partido...
20:36:46 [DEBUG] [thun-lausanne-apuestas-35244305] → Extrayendo información del partido...
20:36:46 [DEBUG] [wolfsburgo-femenino-juventus-fc-w-apuestas-3510554] → Extrayendo información del partido...
20:36:53 [DEBUG] [al-quadisiya-ksa-neom-sports-club-apuestas-3524103] → Extrayendo información del partido...
20:36:53 [DEBUG] [al-hazm-ksa-al-akhdoud-apuestas-35232966] → Extrayendo información del partido...
20:36:54 [DEBUG] [wolfsburgo-femenino-juventus-fc-w-apuestas-3510554] → Extrayendo cuotas Match Odds...
20:36:54 [DEBUG] [thun-lausanne-apuestas-35244305] → Extrayendo cuotas Match Odds...
20:36:55 [DEBUG] [sion-fc-basel-apuestas-35234028] → Extrayendo cuotas Match Odds...
20:36:57 [DEBUG] [thun-lausanne-apuestas-35244305] → Extrayendo cuotas Over/Under...
20:36:57 [DEBUG] [sion-fc-basel-apuestas-35234028] → Extrayendo cuotas Over/Under...
20:36:58 [WARNING] ⟳ [wolfsburgo-femenino-juventus-fc-w-apuestas-3510554] Match Odds incompletos (0/3), refrescando...
20:37:00 [DEBUG] [thun-lausanne-apuestas-35244305] → Extrayendo cuotas Resultado Correcto...
20:37:00 [DEBUG] [sion-fc-basel-apuestas-35234028] → Extrayendo cuotas Resultado Correcto...
20:37:03 [DEBUG] [sion-fc-basel-apuestas-35234028] → Extrayendo estadísticas del partido...
20:37:03 [DEBUG]   → Extrayendo eventId del HTML...
20:37:03 [DEBUG] [thun-lausanne-apuestas-35244305] → Extrayendo estadísticas del partido...
20:37:03 [DEBUG]   → Extrayendo eventId del HTML...
20:37:03 [DEBUG] Betfair event ID extraído del HTML: 35234028
20:37:03 [DEBUG] Consultando videoplayer: https://videoplayer.betfair.es/GetPlayer.do?eID=35234028&contentType=viz&contentView=mstats
20:37:03 [DEBUG] Betfair event ID extraído del HTML: 35244305
20:37:03 [DEBUG] Consultando videoplayer: https://videoplayer.betfair.es/GetPlayer.do?eID=35244305&contentType=viz&contentView=mstats
20:37:04 [INFO] EventId de Opta extraído: bp7jffdb5v1x5ksth1cngff2s
20:37:04 [INFO] EventId de Opta extraído: bomuidcdl673b8rje49cbj40k
20:37:04 [DEBUG]   ✓ EventId extraído: bp7jffdb5v1x5ksth1cngff2s
20:37:04 [DEBUG]   → Obteniendo estadísticas de la API...
20:37:04 [DEBUG]   ✓ EventId extraído: bomuidcdl673b8rje49cbj40k
20:37:04 [INFO] 📊 Obteniendo todas las estadísticas para eventId: bp7jffdb5v1x5ksth1cngff2s
20:37:04 [DEBUG]   → Obteniendo estadísticas de la API...
20:37:04 [INFO] 📊 Obteniendo todas las estadísticas para eventId: bomuidcdl673b8rje49cbj40k
20:37:05 [DEBUG] ✅ Summary stats obtenidas para bp7jffdb5v1x5ksth1cngff2s
20:37:05 [DEBUG] ✅ Summary stats obtenidas para bomuidcdl673b8rje49cbj40k
20:37:06 [DEBUG] No se encontró datos de momentum
20:37:06 [DEBUG] No se encontró datos de momentum
20:37:07 [DEBUG] No se encontró teamStatsAttackingLv
20:37:07 [DEBUG] No se encontró teamStatsAttackingLv
20:37:08 [DEBUG] No se encontró teamStatsDefenceLv
20:37:08 [DEBUG] No se encontró teamStatsDefenceLv
20:37:09 [DEBUG] No se encontró teamStatsXgLv ni xgData
20:37:09 [INFO] ✅ Estadísticas obtenidas: 1/5 endpoints
20:37:09 [DEBUG]   → Mapeando estadísticas...
20:37:09 [INFO]   ✓ Estadísticas capturadas vía API: 28/66 campos
20:37:09 [DEBUG]     → xG: 0.0-0.0, Corners: 1-0
20:37:09 [DEBUG] [thun-lausanne-apuestas-35244305] → Extrayendo volumen matched...
20:37:09 [DEBUG] No se encontró teamStatsXgLv ni xgData
20:37:09 [INFO] ✅ Estadísticas obtenidas: 1/5 endpoints
20:37:09 [DEBUG]   → Mapeando estadísticas...
20:37:09 [INFO]   ✓ Estadísticas capturadas vía API: 28/66 campos
20:37:09 [DEBUG]     → xG: 0.0471-0.0499, Corners: 0-0
20:37:09 [DEBUG] [sion-fc-basel-apuestas-35234028] → Extrayendo volumen matched...
20:37:11 [DEBUG] [al-quadisiya-ksa-neom-sports-club-apuestas-3524103] → Extrayendo cuotas Match Odds...
20:37:11 [DEBUG] [al-hazm-ksa-al-akhdoud-apuestas-35232966] → Extrayendo cuotas Match Odds...
20:37:12 [WARNING] ⟳ [al-quadisiya-ksa-neom-sports-club-apuestas-3524103] Match Odds incompletos (0/3), refrescando...
20:37:12 [WARNING] ⟳ [al-hazm-ksa-al-akhdoud-apuestas-35232966] Match Odds incompletos (0/3), refrescando...
20:37:22 [DEBUG] [thun-lausanne-apuestas-35244305] → Extrayendo momentum...
20:37:22 [DEBUG]   → Buscando URL del iframe de stats para Momentum...
20:37:22 [DEBUG] [sion-fc-basel-apuestas-35234028] → Extrayendo momentum...
20:37:22 [DEBUG]   → Buscando URL del iframe de stats para Momentum...
20:37:27 [DEBUG] No se encontró banner de cookies (puede que ya esté aceptado)
20:37:27 [DEBUG]   × No se encontró URL del iframe de stats
20:37:27 [INFO] ✓ [sion-fc-basel-apuestas-35234028] Captura exitosa: en_juego, min 6, 0-0
20:37:28 [DEBUG]   × No se encontró URL del iframe de stats
20:37:28 [INFO] ✓ [thun-lausanne-apuestas-35244305] Captura exitosa: en_juego, min 5, 0-0
20:37:34 [DEBUG]   ✓ Estado detectado: FINALIZADO (XPATH: texto 'Finalizado')
20:37:39 [DEBUG] [wolfsburgo-femenino-juventus-fc-w-apuestas-3510554] → Extrayendo cuotas Over/Under...
20:37:40 [DEBUG] No se encontró banner de cookies (puede que ya esté aceptado)
20:37:41 [DEBUG] No se encontró banner de cookies (puede que ya esté aceptado)
20:37:41 [DEBUG] [wolfsburgo-femenino-juventus-fc-w-apuestas-3510554] → Extrayendo cuotas Resultado Correcto...
20:37:44 [DEBUG] [wolfsburgo-femenino-juventus-fc-w-apuestas-3510554] → Extrayendo estadísticas del partido...
20:37:44 [DEBUG]   → Extrayendo eventId del HTML...
20:37:44 [DEBUG] Betfair event ID extraído del HTML: 35105544
20:37:44 [DEBUG] Consultando videoplayer: https://videoplayer.betfair.es/GetPlayer.do?eID=35105544&contentType=viz&contentView=mstats
20:37:45 [ERROR] Error consultando videoplayer endpoint: 404 Client Error:  for url: https://videoplayer.betfair.es/GetPlayer.do?eID=35105544&contentType=viz&contentView=mstats
20:37:45 [WARNING]   × No se pudo extraer eventId - partido sin estadísticas Opta
20:37:45 [INFO]   → Extrayendo stats del iframe (fallback): eID=35105544
20:38:00 [DEBUG] [al-hazm-ksa-al-akhdoud-apuestas-35232966] → Extrayendo cuotas Over/Under...
20:38:00 [DEBUG] [al-quadisiya-ksa-neom-sports-club-apuestas-3524103] → Extrayendo cuotas Over/Under...
20:38:01 [DEBUG] [al-hazm-ksa-al-akhdoud-apuestas-35232966] → Extrayendo cuotas Resultado Correcto...
20:38:01 [DEBUG] [al-quadisiya-ksa-neom-sports-club-apuestas-3524103] → Extrayendo cuotas Resultado Correcto...
20:38:01 [WARNING]   × Fallback iframe no encontró estadísticas
20:38:01 [DEBUG] [wolfsburgo-femenino-juventus-fc-w-apuestas-3510554] → Extrayendo volumen matched...
20:38:02 [DEBUG] [al-hazm-ksa-al-akhdoud-apuestas-35232966] → Extrayendo estadísticas del partido...
20:38:02 [DEBUG]   → Extrayendo eventId del HTML...
20:38:02 [DEBUG] Betfair event ID extraído de la URL: 35232966
20:38:02 [DEBUG] Consultando videoplayer: https://videoplayer.betfair.es/GetPlayer.do?eID=35232966&contentType=viz&contentView=mstats
20:38:02 [DEBUG] [al-quadisiya-ksa-neom-sports-club-apuestas-3524103] → Extrayendo estadísticas del partido...
20:38:02 [DEBUG]   → Extrayendo eventId del HTML...
20:38:02 [DEBUG] Betfair event ID extraído de la URL: 35241036
20:38:02 [DEBUG] Consultando videoplayer: https://videoplayer.betfair.es/GetPlayer.do?eID=35241036&contentType=viz&contentView=mstats
20:38:02 [WARNING] No se encontró eventId de Opta en la respuesta del videoplayer
20:38:02 [WARNING]   × No se pudo extraer eventId - partido sin estadísticas Opta
20:38:02 [INFO]   → Extrayendo stats del iframe (fallback): eID=35232966
20:38:02 [ERROR] Error consultando videoplayer endpoint: 404 Client Error:  for url: https://videoplayer.betfair.es/GetPlayer.do?eID=35241036&contentType=viz&contentView=mstats
20:38:02 [WARNING]   × No se pudo extraer eventId - partido sin estadísticas Opta
20:38:02 [INFO]   → Extrayendo stats del iframe (fallback): eID=35241036
20:38:10 [INFO]   ✓ Fallback iframe exitoso: 14 campos capturados
20:38:10 [DEBUG]   → Iframe stats capturados: {'tiros_puerta_local': '10', 'tiros_puerta_visitante': '3', 'corners_local': '12', 'corners_visitante': '5', 'posesion_local': '54', 'posesion_visitante': '46', 'shots_off_target_local': '6', 'shots_off_target_visitante': '0', 'blocked_shots_local': '1', 'blocked_shots_visitante': '5', 'time_in_dangerous_attack_pct_local': '72', 'time_in_dangerous_attack_pct_visitante': '28', 'tiros_local': '17', 'tiros_visitante': '8'}
20:38:10 [DEBUG]   → Total stats en dict tras merge: 14
20:38:10 [DEBUG] [al-hazm-ksa-al-akhdoud-apuestas-35232966] → Extrayendo volumen matched...
20:38:14 [DEBUG] [wolfsburgo-femenino-juventus-fc-w-apuestas-3510554] → Extrayendo momentum...
20:38:14 [DEBUG]   → Buscando URL del iframe de stats para Momentum...
20:38:20 [WARNING]   × Fallback iframe no encontró estadísticas
20:38:20 [DEBUG]   × No se encontró URL del iframe de stats
20:38:20 [INFO] ✓ [wolfsburgo-femenino-juventus-fc-w-apuestas-3510554] Captura exitosa: finalizado, min , 2-2
20:38:21 [DEBUG] [al-quadisiya-ksa-neom-sports-club-apuestas-3524103] → Extrayendo volumen matched...
20:38:23 [DEBUG] [al-hazm-ksa-al-akhdoud-apuestas-35232966] → Extrayendo momentum...
20:38:23 [DEBUG]   → Buscando URL del iframe de stats para Momentum...
20:38:29 [DEBUG]   × No se encontró URL del iframe de stats
20:38:29 [INFO] ✓ [al-hazm-ksa-al-akhdoud-apuestas-35232966] Captura exitosa: pre_partido, min , -
20:38:33 [DEBUG] [al-quadisiya-ksa-neom-sports-club-apuestas-3524103] → Extrayendo momentum...
20:38:33 [DEBUG]   → Buscando URL del iframe de stats para Momentum...
20:38:40 [DEBUG]   × No se encontró URL del iframe de stats
20:38:40 [INFO] ✓ [al-quadisiya-ksa-neom-sports-club-apuestas-3524103] Captura exitosa: pre_partido, min , -
20:38:40 [INFO] ✓ Captura paralela completada en 114.5s (5/5 exitosos)
20:38:40 [WARNING] Ciclo tardó 114.5s (> 30s). Iniciando siguiente ciclo inmediatamente.
20:38:40 [INFO] 
--- Ciclo #2 ---
20:38:40 [INFO] 📸 Capturando 5 partidos en paralelo...
20:38:40 [DEBUG] ✓ Actualizar clickeado: sion-fc-basel-apuestas-35234028
20:38:40 [DEBUG] ✓ Actualizar clickeado: thun-lausanne-apuestas-35244305
20:38:40 [DEBUG] ✓ Actualizar clickeado: wolfsburgo-femenino-juventus-fc-w-apuestas-3510554
20:38:40 [DEBUG] [sion-fc-basel-apuestas-35234028] → Extrayendo información del partido...
20:38:40 [DEBUG] [thun-lausanne-apuestas-35244305] → Extrayendo información del partido...
20:38:40 [DEBUG] [wolfsburgo-femenino-juventus-fc-w-apuestas-3510554] → Extrayendo información del partido...
20:38:47 [DEBUG]   ✓ Estado detectado: FINALIZADO (XPATH: texto 'Finalizado')
20:38:48 [DEBUG] [al-quadisiya-ksa-neom-sports-club-apuestas-3524103] → Extrayendo información del partido...
20:38:48 [DEBUG] [al-hazm-ksa-al-akhdoud-apuestas-35232966] → Extrayendo información del partido...
20:38:48 [DEBUG] [wolfsburgo-femenino-juventus-fc-w-apuestas-3510554] → Extrayendo cuotas Match Odds...
20:38:49 [DEBUG] [sion-fc-basel-apuestas-35234028] → Extrayendo cuotas Match Odds...
20:38:49 [DEBUG] [thun-lausanne-apuestas-35244305] → Extrayendo cuotas Match Odds...
20:38:51 [DEBUG] [sion-fc-basel-apuestas-35234028] → Extrayendo cuotas Over/Under...
20:38:51 [DEBUG] [thun-lausanne-apuestas-35244305] → Extrayendo cuotas Over/Under...
20:38:54 [WARNING] ⟳ [wolfsburgo-femenino-juventus-fc-w-apuestas-3510554] Match Odds incompletos (0/3), refrescando...
20:38:54 [DEBUG] [sion-fc-basel-apuestas-35234028] → Extrayendo cuotas Resultado Correcto...
20:38:54 [DEBUG] [thun-lausanne-apuestas-35244305] → Extrayendo cuotas Resultado Correcto...
20:38:58 [DEBUG] [sion-fc-basel-apuestas-35234028] → Extrayendo estadísticas del partido...
20:38:58 [DEBUG]   → Extrayendo eventId del HTML...
20:38:58 [DEBUG] Betfair event ID extraído del HTML: 35234028
20:38:58 [DEBUG] Consultando videoplayer: https://videoplayer.betfair.es/GetPlayer.do?eID=35234028&contentType=viz&contentView=mstats
20:38:58 [DEBUG] [thun-lausanne-apuestas-35244305] → Extrayendo estadísticas del partido...
20:38:58 [DEBUG]   → Extrayendo eventId del HTML...
20:38:58 [DEBUG] Betfair event ID extraído del HTML: 35244305
20:38:58 [DEBUG] Consultando videoplayer: https://videoplayer.betfair.es/GetPlayer.do?eID=35244305&contentType=viz&contentView=mstats
20:38:58 [INFO] EventId de Opta extraído: bomuidcdl673b8rje49cbj40k
20:38:58 [DEBUG]   ✓ EventId extraído: bomuidcdl673b8rje49cbj40k
20:38:58 [DEBUG]   → Obteniendo estadísticas de la API...
20:38:58 [INFO] 📊 Obteniendo todas las estadísticas para eventId: bomuidcdl673b8rje49cbj40k
20:38:58 [INFO] EventId de Opta extraído: bp7jffdb5v1x5ksth1cngff2s
20:38:58 [DEBUG]   ✓ EventId extraído: bp7jffdb5v1x5ksth1cngff2s
20:38:58 [DEBUG]   → Obteniendo estadísticas de la API...
20:38:58 [INFO] 📊 Obteniendo todas las estadísticas para eventId: bp7jffdb5v1x5ksth1cngff2s
20:38:59 [DEBUG] ✅ Summary stats obtenidas para bomuidcdl673b8rje49cbj40k
20:38:59 [DEBUG] ✅ Summary stats obtenidas para bp7jffdb5v1x5ksth1cngff2s
20:39:00 [DEBUG] No se encontró datos de momentum
20:39:00 [DEBUG] No se encontró datos de momentum
20:39:01 [DEBUG] No se encontró teamStatsAttackingLv
20:39:01 [DEBUG] No se encontró teamStatsAttackingLv
20:39:02 [DEBUG] No se encontró teamStatsDefenceLv
20:39:02 [DEBUG] No se encontró teamStatsDefenceLv
20:39:03 [DEBUG] No se encontró teamStatsXgLv ni xgData
20:39:03 [DEBUG] No se encontró teamStatsXgLv ni xgData
20:39:03 [INFO] ✅ Estadísticas obtenidas: 1/5 endpoints
20:39:03 [INFO] ✅ Estadísticas obtenidas: 1/5 endpoints
20:39:03 [DEBUG]   → Mapeando estadísticas...
20:39:03 [DEBUG]   → Mapeando estadísticas...
20:39:03 [INFO]   ✓ Estadísticas capturadas vía API: 28/66 campos
20:39:03 [INFO]   ✓ Estadísticas capturadas vía API: 28/66 campos
20:39:03 [DEBUG]     → xG: 0.0471-0.0499, Corners: 0-0
20:39:03 [DEBUG]     → xG: 0.0285-0.0275, Corners: 1-0
20:39:03 [DEBUG] [sion-fc-basel-apuestas-35234028] → Extrayendo volumen matched...
20:39:03 [DEBUG] [thun-lausanne-apuestas-35244305] → Extrayendo volumen matched...
20:39:06 [DEBUG] [al-hazm-ksa-al-akhdoud-apuestas-35232966] → Extrayendo cuotas Match Odds...
20:39:06 [DEBUG] [al-quadisiya-ksa-neom-sports-club-apuestas-3524103] → Extrayendo cuotas Match Odds...
20:39:07 [WARNING] ⟳ [al-hazm-ksa-al-akhdoud-apuestas-35232966] Match Odds incompletos (0/3), refrescando...
20:39:07 [WARNING] ⟳ [al-quadisiya-ksa-neom-sports-club-apuestas-3524103] Match Odds incompletos (0/3), refrescando...
20:39:16 [DEBUG] [sion-fc-basel-apuestas-35234028] → Extrayendo momentum...
20:39:16 [DEBUG]   → Buscando URL del iframe de stats para Momentum...
20:39:16 [DEBUG] [thun-lausanne-apuestas-35244305] → Extrayendo momentum...
20:39:16 [DEBUG]   → Buscando URL del iframe de stats para Momentum...
