19:00:44 [INFO] 📝 Log guardándose en: logs/scraper_20260212_190044.log
19:00:44 [INFO] Cargados 10 partidos desde games.csv
19:00:44 [INFO] 📅 MODO SCHEDULING ACTIVADO
19:00:44 [INFO]    Ventana tracking: 10 min antes → 150 min después
19:00:44 [INFO]    Total en CSV: 10 partidos
19:00:44 [INFO]    ✓ Partidos activos ahora: 3
19:00:44 [INFO]    ⏰ Partidos futuros: 7
19:00:44 [INFO]    ✅ Partidos finalizados: 0
19:00:44 [INFO] 
📋 Próximos partidos a trackear:
19:00:44 [INFO]       Sion - FC Basel (en 89 min)
19:00:44 [INFO]       Thun - Lausanne (en 89 min)
19:00:44 [INFO]       Atlético de Madrid Femenino - Manchester United Fe (en 119 min)
19:00:44 [INFO]       Atlético de Madrid - FC Barcelona (en 119 min)
19:00:44 [INFO]       Brentford - Arsenal (en 119 min)
19:00:44 [INFO] 🚀 Sistema multi-driver: Creando 3 drivers independientes (sin límite de tabs)
19:00:44 [INFO] 
Iniciando observador con 3 partidos.
19:00:44 [INFO] Ciclo: 30s | Output: data/
19:00:44 [INFO] 🔄 Recarga dinámica: Revisando games.csv cada 5 ciclos (scheduling)
19:00:44 [INFO] 🧹 Limpiando ventanas Betfair antiguas...
19:00:44 [WARNING] Script de limpieza no encontrado: C:\Users\agonz\OneDrive\Documents\Proyectos\Furbo\betfair_scraper\close_betfair_windows.ps1
19:00:44 [INFO] Cargados 10 partidos desde games.csv
19:00:44 [INFO] 
🚀 Iniciando 3 drivers Chrome (sistema multi-driver paralelo)...
19:00:44 [INFO] 🔧 Creando driver de login: Al-Hazm (KSA) - Al-Akhdoud
19:00:44 [INFO] 🔧 Creando driver para: Al-Hazm (KSA) - Al-Akhdoud
19:00:52 [INFO] ✓ Cookies aceptadas automáticamente
19:00:53 [INFO] ✓ Driver listo: al-hazm-ksa-al-akhdoud-apuestas-35232966
19:00:53 [INFO] ============================================================
19:00:53 [INFO] HAZ LOGIN MANUAL en Betfair.es ahora.
19:00:53 [INFO] Tienes 0 segundos...
19:00:53 [INFO] El scraper comenzará automáticamente después.
19:00:53 [INFO] ============================================================
19:00:53 [INFO] 🔧 Creando 2 drivers adicionales en paralelo...
19:00:53 [INFO] 🔧 Creando driver para: Al-Quadisiya (KSA) - NEOM Sports Club
19:00:53 [INFO] 🔧 Creando driver para: Wolfsburgo Femenino - Juventus FC Femenino
19:00:59 [INFO] ✓ Cookies aceptadas automáticamente
19:00:59 [INFO] ✓ Cookies aceptadas automáticamente
19:01:00 [INFO] ✓ Driver listo: al-quadisiya-ksa-neom-sports-club-apuestas-3524103
19:01:00 [INFO] ✓ Driver listo: wolfsburgo-femenino-juventus-fc-w-apuestas-3510554
19:01:00 [INFO] ✓ 3 drivers creados exitosamente
19:01:00 [INFO] ============================================================
19:01:00 [INFO] CAPTURA INICIADA - Presiona Ctrl+C para detener
19:01:00 [INFO] ============================================================
19:01:00 [INFO] 
--- Ciclo #1 ---
19:01:00 [INFO] 📸 Capturando 3 partidos en paralelo...
19:01:00 [DEBUG] ✓ Actualizar clickeado: wolfsburgo-femenino-juventus-fc-w-apuestas-3510554
19:01:00 [DEBUG] ✓ Actualizar clickeado: al-hazm-ksa-al-akhdoud-apuestas-35232966
19:01:00 [DEBUG] [wolfsburgo-femenino-juventus-fc-w-apuestas-3510554] → Extrayendo información del partido...
19:01:00 [DEBUG] [al-hazm-ksa-al-akhdoud-apuestas-35232966] → Extrayendo información del partido...
19:01:01 [DEBUG] ✓ Actualizar clickeado: al-quadisiya-ksa-neom-sports-club-apuestas-3524103
19:01:01 [DEBUG] [al-quadisiya-ksa-neom-sports-club-apuestas-3524103] → Extrayendo información del partido...
