20:50:22 [INFO] 📝 Log guardándose en: logs/scraper_20260212_205022.log
20:50:22 [INFO] Cargados 10 partidos desde games.csv
20:50:22 [INFO] 📅 MODO SCHEDULING ACTIVADO
20:50:22 [INFO]    Ventana tracking: 10 min antes → 150 min después
20:50:22 [INFO]    Total en CSV: 10 partidos
20:50:22 [INFO]    ✓ Partidos activos ahora: 8
20:50:22 [INFO]    ⏰ Partidos futuros: 2
20:50:22 [INFO]    ✅ Partidos finalizados: 0
20:50:22 [INFO] 
📋 Próximos partidos a trackear:
20:50:22 [INFO]       Athletico-PR - Santos (en 130 min)
20:50:22 [INFO]       Tigre - Aldosivi (en 130 min)
20:50:22 [INFO] 🚀 Sistema multi-driver: Creando 8 drivers independientes (sin límite de tabs)
20:50:22 [INFO] 
Iniciando observador con 8 partidos.
20:50:22 [INFO] Ciclo: 30s | Output: data/
20:50:22 [INFO] 🔄 Recarga dinámica: Revisando games.csv cada 5 ciclos (scheduling)
20:50:22 [INFO] 🧹 Limpiando ventanas Betfair antiguas...
20:50:22 [WARNING] Script de limpieza no encontrado: C:\Users\agonz\OneDrive\Documents\Proyectos\Furbo\betfair_scraper\close_betfair_windows.ps1
20:50:22 [INFO] Cargados 10 partidos desde games.csv
20:50:22 [INFO] 
🚀 Iniciando 8 drivers Chrome (sistema multi-driver paralelo)...
20:50:22 [INFO] 🔧 Creando driver de login: Al-Hazm (KSA) - Al-Akhdoud
20:50:22 [INFO] 🔧 Creando driver para: Al-Hazm (KSA) - Al-Akhdoud
20:50:29 [INFO] ✓ Cookies aceptadas automáticamente
20:50:30 [INFO] ✓ Driver listo: al-hazm-ksa-al-akhdoud-apuestas-35232966
20:50:30 [INFO] ============================================================
20:50:30 [INFO] HAZ LOGIN MANUAL en Betfair.es ahora.
20:50:30 [INFO] Tienes 0 segundos...
20:50:30 [INFO] El scraper comenzará automáticamente después.
20:50:30 [INFO] ============================================================
20:50:30 [INFO] 🔧 Creando 7 drivers adicionales en paralelo...
20:50:30 [INFO] 🔧 Creando driver para: Al-Quadisiya (KSA) - NEOM Sports Club
20:50:30 [INFO] 🔧 Creando driver para: Wolfsburgo Femenino - Juventus FC Femenino
20:50:30 [INFO] 🔧 Creando driver para: Sion - FC Basel
20:50:30 [INFO] 🔧 Creando driver para: Thun - Lausanne
20:50:30 [INFO] 🔧 Creando driver para: Atlético de Madrid Femenino - Manchester United Fe
20:50:30 [INFO] 🔧 Creando driver para: Atlético de Madrid - FC Barcelona
20:50:30 [INFO] 🔧 Creando driver para: Brentford - Arsenal
20:50:38 [INFO] ✓ Cookies aceptadas automáticamente
20:50:39 [INFO] ✓ Driver listo: al-quadisiya-ksa-neom-sports-club-apuestas-3524103
20:50:40 [INFO] ✓ Cookies aceptadas automáticamente
20:50:40 [INFO] ✓ Cookies aceptadas automáticamente
20:50:40 [INFO] ✓ Cookies aceptadas automáticamente
20:50:41 [INFO] ✓ Driver listo: atl%C3%A9tico-de-madrid-femenino-manchester-united
20:50:41 [INFO] ✓ Driver listo: sion-fc-basel-apuestas-35234028
20:50:41 [INFO] ✓ Driver listo: wolfsburgo-femenino-juventus-fc-w-apuestas-3510554
20:50:44 [INFO] ✓ Cookies aceptadas automáticamente
20:50:44 [INFO] ✓ Cookies aceptadas automáticamente
20:50:45 [INFO] ✓ Driver listo: thun-lausanne-apuestas-35244305
20:50:45 [INFO] ✓ Driver listo: brentford-arsenal-apuestas-35212180
20:50:47 [INFO] ✓ Cookies aceptadas automáticamente
20:50:48 [INFO] ✓ Driver listo: atl%C3%A9tico-de-madrid-fc-barcelona-apuestas-3523
20:50:48 [INFO] ✓ 8 drivers creados exitosamente
20:50:48 [INFO] ============================================================
20:50:48 [INFO] CAPTURA INICIADA - Presiona Ctrl+C para detener
20:50:48 [INFO] ============================================================
20:50:48 [INFO] 
--- Ciclo #1 ---
20:50:48 [INFO] 📸 Capturando 8 partidos en paralelo...
20:50:48 [DEBUG] ✓ Actualizar clickeado: atl%C3%A9tico-de-madrid-fc-barcelona-apuestas-3523
20:50:48 [DEBUG] ✓ Actualizar clickeado: atl%C3%A9tico-de-madrid-femenino-manchester-united
20:50:48 [DEBUG] ✓ Actualizar clickeado: thun-lausanne-apuestas-35244305
20:50:48 [DEBUG] ✓ Actualizar clickeado: brentford-arsenal-apuestas-35212180
20:50:48 [DEBUG] ✓ Actualizar clickeado: sion-fc-basel-apuestas-35234028
20:50:49 [DEBUG] [atl%C3%A9tico-de-madrid-fc-barcelona-apuestas-3523] → Extrayendo información del partido...
20:50:49 [DEBUG] [atl%C3%A9tico-de-madrid-femenino-manchester-united] → Extrayendo información del partido...
20:50:49 [DEBUG] [brentford-arsenal-apuestas-35212180] → Extrayendo información del partido...
20:50:49 [DEBUG] [thun-lausanne-apuestas-35244305] → Extrayendo información del partido...
20:50:49 [DEBUG] [sion-fc-basel-apuestas-35234028] → Extrayendo información del partido...
20:50:56 [DEBUG] [al-hazm-ksa-al-akhdoud-apuestas-35232966] → Extrayendo información del partido...
20:50:56 [DEBUG] [wolfsburgo-femenino-juventus-fc-w-apuestas-3510554] → Extrayendo información del partido...
20:50:56 [DEBUG] [al-quadisiya-ksa-neom-sports-club-apuestas-3524103] → Extrayendo información del partido...
20:50:57 [DEBUG] [thun-lausanne-apuestas-35244305] → Extrayendo cuotas Match Odds...
20:50:57 [DEBUG] [sion-fc-basel-apuestas-35234028] → Extrayendo cuotas Match Odds...
20:50:59 [DEBUG] [sion-fc-basel-apuestas-35234028] → Extrayendo cuotas Over/Under...
20:50:59 [DEBUG] [thun-lausanne-apuestas-35244305] → Extrayendo cuotas Over/Under...
20:51:02 [DEBUG] [sion-fc-basel-apuestas-35234028] → Extrayendo cuotas Resultado Correcto...
20:51:03 [DEBUG] [thun-lausanne-apuestas-35244305] → Extrayendo cuotas Resultado Correcto...
20:51:06 [DEBUG] [sion-fc-basel-apuestas-35234028] → Extrayendo estadísticas del partido...
20:51:06 [DEBUG]   → Extrayendo eventId del HTML...
20:51:06 [DEBUG] Betfair event ID extraído del HTML: 35234028
20:51:06 [DEBUG] Consultando videoplayer: https://videoplayer.betfair.es/GetPlayer.do?eID=35234028&contentType=viz&contentView=mstats
20:51:06 [DEBUG] [thun-lausanne-apuestas-35244305] → Extrayendo estadísticas del partido...
20:51:06 [DEBUG]   → Extrayendo eventId del HTML...
20:51:06 [DEBUG] Betfair event ID extraído del HTML: 35244305
20:51:06 [DEBUG] Consultando videoplayer: https://videoplayer.betfair.es/GetPlayer.do?eID=35244305&contentType=viz&contentView=mstats
20:51:06 [INFO] EventId de Opta extraído: bomuidcdl673b8rje49cbj40k
20:51:06 [DEBUG]   ✓ EventId extraído: bomuidcdl673b8rje49cbj40k
20:51:06 [DEBUG]   → Obteniendo estadísticas de la API...
20:51:06 [INFO] 📊 Obteniendo todas las estadísticas para eventId: bomuidcdl673b8rje49cbj40k
20:51:06 [DEBUG] [atl%C3%A9tico-de-madrid-fc-barcelona-apuestas-3523] → Extrayendo cuotas Match Odds...
20:51:06 [DEBUG] [brentford-arsenal-apuestas-35212180] → Extrayendo cuotas Match Odds...
20:51:06 [DEBUG] [atl%C3%A9tico-de-madrid-femenino-manchester-united] → Extrayendo cuotas Match Odds...
20:51:07 [INFO] EventId de Opta extraído: bp7jffdb5v1x5ksth1cngff2s
20:51:07 [DEBUG]   ✓ EventId extraído: bp7jffdb5v1x5ksth1cngff2s
20:51:07 [DEBUG]   → Obteniendo estadísticas de la API...
20:51:07 [INFO] 📊 Obteniendo todas las estadísticas para eventId: bp7jffdb5v1x5ksth1cngff2s
20:51:07 [DEBUG] ✅ Summary stats obtenidas para bomuidcdl673b8rje49cbj40k
20:51:07 [DEBUG] ✅ Summary stats obtenidas para bp7jffdb5v1x5ksth1cngff2s
20:51:08 [DEBUG] No se encontró datos de momentum
20:51:08 [DEBUG] No se encontró datos de momentum
20:51:08 [DEBUG] [atl%C3%A9tico-de-madrid-fc-barcelona-apuestas-3523] → Extrayendo cuotas Over/Under...
20:51:09 [DEBUG] [brentford-arsenal-apuestas-35212180] → Extrayendo cuotas Over/Under...
20:51:09 [DEBUG] [atl%C3%A9tico-de-madrid-femenino-manchester-united] → Extrayendo cuotas Over/Under...
20:51:09 [DEBUG] No se encontró teamStatsAttackingLv
20:51:09 [DEBUG] No se encontró teamStatsAttackingLv
20:51:10 [DEBUG] No se encontró teamStatsDefenceLv
20:51:10 [DEBUG] No se encontró teamStatsDefenceLv
20:51:11 [DEBUG] No se encontró teamStatsXgLv ni xgData
20:51:11 [INFO] ✅ Estadísticas obtenidas: 1/5 endpoints
20:51:11 [DEBUG]   → Mapeando estadísticas...
20:51:11 [INFO]   ✓ Estadísticas capturadas vía API: 28/66 campos
20:51:11 [DEBUG]     → xG: 0.1859-0.1615, Corners: 0-1
20:51:11 [DEBUG] [sion-fc-basel-apuestas-35234028] → Extrayendo volumen matched...
20:51:11 [DEBUG] No se encontró teamStatsXgLv ni xgData
20:51:11 [INFO] ✅ Estadísticas obtenidas: 1/5 endpoints
20:51:11 [DEBUG]   → Mapeando estadísticas...
20:51:11 [INFO]   ✓ Estadísticas capturadas vía API: 28/66 campos
20:51:11 [DEBUG]     → xG: 0.27-0.0369, Corners: 1-0
20:51:11 [DEBUG] [thun-lausanne-apuestas-35244305] → Extrayendo volumen matched...
20:51:12 [DEBUG] [atl%C3%A9tico-de-madrid-fc-barcelona-apuestas-3523] → Extrayendo cuotas Resultado Correcto...
20:51:12 [DEBUG] [atl%C3%A9tico-de-madrid-femenino-manchester-united] → Extrayendo cuotas Resultado Correcto...
20:51:12 [DEBUG] [brentford-arsenal-apuestas-35212180] → Extrayendo cuotas Resultado Correcto...
20:51:14 [DEBUG] [al-hazm-ksa-al-akhdoud-apuestas-35232966] → Extrayendo cuotas Match Odds...
20:51:14 [DEBUG] [wolfsburgo-femenino-juventus-fc-w-apuestas-3510554] → Extrayendo cuotas Match Odds...
20:51:14 [DEBUG] [al-quadisiya-ksa-neom-sports-club-apuestas-3524103] → Extrayendo cuotas Match Odds...
20:51:15 [WARNING] ⟳ [al-quadisiya-ksa-neom-sports-club-apuestas-3524103] Match Odds incompletos (0/3), refrescando...
20:51:15 [WARNING] ⟳ [al-hazm-ksa-al-akhdoud-apuestas-35232966] Match Odds incompletos (0/3), refrescando...
20:51:15 [WARNING] ⟳ [wolfsburgo-femenino-juventus-fc-w-apuestas-3510554] Match Odds incompletos (0/3), refrescando...
20:51:15 [DEBUG] [atl%C3%A9tico-de-madrid-fc-barcelona-apuestas-3523] → Extrayendo estadísticas del partido...
20:51:15 [DEBUG]   → Extrayendo eventId del HTML...
20:51:15 [DEBUG] Betfair event ID extraído de la URL: 35238124
20:51:15 [DEBUG] Consultando videoplayer: https://videoplayer.betfair.es/GetPlayer.do?eID=35238124&contentType=viz&contentView=mstats
20:51:15 [DEBUG] [atl%C3%A9tico-de-madrid-femenino-manchester-united] → Extrayendo estadísticas del partido...
20:51:15 [DEBUG]   → Extrayendo eventId del HTML...
20:51:15 [DEBUG] [brentford-arsenal-apuestas-35212180] → Extrayendo estadísticas del partido...
20:51:15 [DEBUG]   → Extrayendo eventId del HTML...
20:51:15 [DEBUG] Betfair event ID extraído de la URL: 35105541
20:51:15 [DEBUG] Consultando videoplayer: https://videoplayer.betfair.es/GetPlayer.do?eID=35105541&contentType=viz&contentView=mstats
20:51:15 [DEBUG] Betfair event ID extraído de la URL: 35212180
20:51:15 [DEBUG] Consultando videoplayer: https://videoplayer.betfair.es/GetPlayer.do?eID=35212180&contentType=viz&contentView=mstats
20:51:15 [INFO] EventId de Opta extraído: 1z8gknoiuoiuh7z1mto3je9ec
20:51:15 [DEBUG]   ✓ EventId extraído: 1z8gknoiuoiuh7z1mto3je9ec
20:51:15 [DEBUG]   → Obteniendo estadísticas de la API...
20:51:15 [INFO] 📊 Obteniendo todas las estadísticas para eventId: 1z8gknoiuoiuh7z1mto3je9ec
20:51:16 [ERROR] Error consultando videoplayer endpoint: 404 Client Error:  for url: https://videoplayer.betfair.es/GetPlayer.do?eID=35105541&contentType=viz&contentView=mstats
20:51:16 [WARNING]   × No se pudo extraer eventId - partido sin estadísticas Opta
20:51:16 [INFO]   → Extrayendo stats del iframe (fallback): eID=35105541
20:51:16 [INFO] EventId de Opta extraído: 3ta3lmi2yhygyqebvoqytbf2s
20:51:16 [DEBUG]   ✓ EventId extraído: 3ta3lmi2yhygyqebvoqytbf2s
20:51:16 [DEBUG]   → Obteniendo estadísticas de la API...
20:51:16 [INFO] 📊 Obteniendo todas las estadísticas para eventId: 3ta3lmi2yhygyqebvoqytbf2s
20:51:16 [DEBUG] ✅ Summary stats obtenidas para 1z8gknoiuoiuh7z1mto3je9ec
20:51:17 [DEBUG] ✅ Summary stats obtenidas para 3ta3lmi2yhygyqebvoqytbf2s
20:51:17 [DEBUG]   → Extrayendo stats de página 1...
20:51:17 [DEBUG] No se encontró datos de momentum
20:51:17 [DEBUG] No se encontró datos de momentum
20:51:18 [DEBUG] No se encontró teamStatsAttackingLv
20:51:18 [DEBUG] No se encontró teamStatsAttackingLv
20:51:19 [DEBUG] No se encontró teamStatsDefenceLv
20:51:19 [DEBUG] No se encontró teamStatsDefenceLv
20:51:19 [DEBUG] No se encontró teamStatsXgLv ni xgData
20:51:19 [INFO] ✅ Estadísticas obtenidas: 1/5 endpoints
20:51:19 [DEBUG]   → Mapeando estadísticas...
20:51:19 [INFO]   ✓ Estadísticas capturadas vía API: 28/66 campos
20:51:19 [DEBUG]     → xG: 0.0-0.0, Corners: 0-0
20:51:19 [DEBUG] [atl%C3%A9tico-de-madrid-fc-barcelona-apuestas-3523] → Extrayendo volumen matched...
20:51:20 [DEBUG] No se encontró teamStatsXgLv ni xgData
20:51:20 [INFO] ✅ Estadísticas obtenidas: 1/5 endpoints
20:51:20 [DEBUG]   → Mapeando estadísticas...
20:51:20 [INFO]   ✓ Estadísticas capturadas vía API: 28/66 campos
20:51:20 [DEBUG]     → xG: 0.0-0.0, Corners: 0-0
20:51:20 [DEBUG] [brentford-arsenal-apuestas-35212180] → Extrayendo volumen matched...
20:51:23 [DEBUG] [sion-fc-basel-apuestas-35234028] → Extrayendo momentum...
20:51:23 [DEBUG]   → Buscando URL del iframe de stats para Momentum...
20:51:24 [DEBUG] [thun-lausanne-apuestas-35244305] → Extrayendo momentum...
20:51:24 [DEBUG]   → Buscando URL del iframe de stats para Momentum...
20:51:26 [DEBUG]   × No se encontró URL del iframe de stats
20:51:26 [INFO] ✓ [thun-lausanne-apuestas-35244305] Captura exitosa: en_juego, min 19, 1-0
20:51:29 [DEBUG]   × No se encontró URL del iframe de stats
20:51:29 [INFO] ✓ [sion-fc-basel-apuestas-35234028] Captura exitosa: en_juego, min 20, 0-0
20:51:29 [DEBUG]   × No se pudo navegar a página 2
20:51:32 [DEBUG] [atl%C3%A9tico-de-madrid-fc-barcelona-apuestas-3523] → Extrayendo momentum...
20:51:32 [DEBUG]   → Buscando URL del iframe de stats para Momentum...
20:51:33 [DEBUG] [brentford-arsenal-apuestas-35212180] → Extrayendo momentum...
20:51:33 [DEBUG]   → Buscando URL del iframe de stats para Momentum...
20:51:35 [DEBUG]   × No se encontró URL del iframe de stats
20:51:35 [INFO] ✓ [brentford-arsenal-apuestas-35212180] Captura exitosa: pre_partido, min , -
20:51:37 [DEBUG]   × No se pudo navegar a página 3
20:51:38 [DEBUG]   × No se encontró URL del iframe de stats
20:51:38 [INFO] ✓ [atl%C3%A9tico-de-madrid-fc-barcelona-apuestas-3523] Captura exitosa: pre_partido, min , -
20:51:43 [DEBUG] No se encontró banner de cookies (puede que ya esté aceptado)
20:51:43 [DEBUG] No se encontró banner de cookies (puede que ya esté aceptado)
20:51:43 [DEBUG] No se encontró banner de cookies (puede que ya esté aceptado)
20:51:46 [DEBUG]   × No se pudo navegar a página 4
20:51:46 [WARNING]   × Fallback iframe no encontró estadísticas
20:51:46 [DEBUG] [atl%C3%A9tico-de-madrid-femenino-manchester-united] → Extrayendo volumen matched...
20:51:58 [DEBUG] [atl%C3%A9tico-de-madrid-femenino-manchester-united] → Extrayendo momentum...
20:51:58 [DEBUG]   → Buscando URL del iframe de stats para Momentum...
20:52:03 [DEBUG] [al-hazm-ksa-al-akhdoud-apuestas-35232966] → Extrayendo cuotas Over/Under...
20:52:03 [DEBUG] [al-quadisiya-ksa-neom-sports-club-apuestas-3524103] → Extrayendo cuotas Over/Under...
20:52:03 [DEBUG] [wolfsburgo-femenino-juventus-fc-w-apuestas-3510554] → Extrayendo cuotas Over/Under...
20:52:04 [DEBUG] [al-hazm-ksa-al-akhdoud-apuestas-35232966] → Extrayendo cuotas Resultado Correcto...
20:52:04 [DEBUG] [al-quadisiya-ksa-neom-sports-club-apuestas-3524103] → Extrayendo cuotas Resultado Correcto...
20:52:04 [DEBUG] [wolfsburgo-femenino-juventus-fc-w-apuestas-3510554] → Extrayendo cuotas Resultado Correcto...
20:52:05 [DEBUG]   × No se encontró URL del iframe de stats
20:52:05 [INFO] ✓ [atl%C3%A9tico-de-madrid-femenino-manchester-united] Captura exitosa: pre_partido, min , -
20:52:05 [DEBUG] [al-hazm-ksa-al-akhdoud-apuestas-35232966] → Extrayendo estadísticas del partido...
20:52:05 [DEBUG]   → Extrayendo eventId del HTML...
20:52:05 [DEBUG] [al-quadisiya-ksa-neom-sports-club-apuestas-3524103] → Extrayendo estadísticas del partido...
20:52:05 [DEBUG]   → Extrayendo eventId del HTML...
20:52:05 [DEBUG] Betfair event ID extraído de la URL: 35232966
20:52:05 [DEBUG] Consultando videoplayer: https://videoplayer.betfair.es/GetPlayer.do?eID=35232966&contentType=viz&contentView=mstats
20:52:05 [DEBUG] Betfair event ID extraído de la URL: 35241036
20:52:05 [DEBUG] Consultando videoplayer: https://videoplayer.betfair.es/GetPlayer.do?eID=35241036&contentType=viz&contentView=mstats
20:52:05 [DEBUG] [wolfsburgo-femenino-juventus-fc-w-apuestas-3510554] → Extrayendo estadísticas del partido...
20:52:05 [DEBUG]   → Extrayendo eventId del HTML...
20:52:05 [DEBUG] Betfair event ID extraído de la URL: 35105544
20:52:05 [DEBUG] Consultando videoplayer: https://videoplayer.betfair.es/GetPlayer.do?eID=35105544&contentType=viz&contentView=mstats
20:52:06 [ERROR] Error consultando videoplayer endpoint: 404 Client Error:  for url: https://videoplayer.betfair.es/GetPlayer.do?eID=35241036&contentType=viz&contentView=mstats
20:52:06 [WARNING]   × No se pudo extraer eventId - partido sin estadísticas Opta
20:52:06 [INFO]   → Extrayendo stats del iframe (fallback): eID=35241036
20:52:06 [WARNING] No se encontró eventId de Opta en la respuesta del videoplayer
20:52:06 [WARNING]   × No se pudo extraer eventId - partido sin estadísticas Opta
20:52:06 [INFO]   → Extrayendo stats del iframe (fallback): eID=35232966
20:52:06 [ERROR] Error consultando videoplayer endpoint: 404 Client Error:  for url: https://videoplayer.betfair.es/GetPlayer.do?eID=35105544&contentType=viz&contentView=mstats
20:52:06 [WARNING]   × No se pudo extraer eventId - partido sin estadísticas Opta
20:52:06 [INFO]   → Extrayendo stats del iframe (fallback): eID=35105544
20:52:07 [DEBUG]   → Extrayendo stats de página 1...
20:52:07 [DEBUG]   → Extrayendo stats de página 1...
20:52:08 [DEBUG]   → Extrayendo stats de página 1...
20:52:16 [DEBUG]   × No se pudo navegar a página 2
20:52:19 [DEBUG]   × No se pudo navegar a página 2
20:52:19 [DEBUG]   × No se pudo navegar a página 2
20:52:25 [DEBUG]   × No se pudo navegar a página 3
20:52:27 [DEBUG]   × No se pudo navegar a página 3
20:52:28 [DEBUG]   × No se pudo navegar a página 3
20:52:33 [DEBUG]   × No se pudo navegar a página 4
20:52:33 [INFO]   ✓ Fallback iframe exitoso: 10 campos capturados
20:52:33 [DEBUG]   → Iframe stats capturados: {'tiros_puerta_local': '10', 'tiros_puerta_visitante': '3', 'corners_local': '12', 'corners_visitante': '5', 'shots_off_target_local': '6', 'shots_off_target_visitante': '0', 'blocked_shots_local': '1', 'blocked_shots_visitante': '5', 'tiros_local': '17', 'tiros_visitante': '8'}
20:52:33 [DEBUG]   → Total stats en dict tras merge: 10
20:52:33 [DEBUG] [al-hazm-ksa-al-akhdoud-apuestas-35232966] → Extrayendo volumen matched...
20:52:36 [DEBUG]   × No se pudo navegar a página 4
20:52:36 [WARNING]   × Fallback iframe no encontró estadísticas
20:52:36 [DEBUG] [al-quadisiya-ksa-neom-sports-club-apuestas-3524103] → Extrayendo volumen matched...
20:52:36 [DEBUG]   × No se pudo navegar a página 4
20:52:36 [WARNING]   × Fallback iframe no encontró estadísticas
20:52:36 [DEBUG] [wolfsburgo-femenino-juventus-fc-w-apuestas-3510554] → Extrayendo volumen matched...
20:52:46 [DEBUG] [al-hazm-ksa-al-akhdoud-apuestas-35232966] → Extrayendo momentum...
20:52:46 [DEBUG]   → Buscando URL del iframe de stats para Momentum...
20:52:49 [DEBUG] [al-quadisiya-ksa-neom-sports-club-apuestas-3524103] → Extrayendo momentum...
20:52:49 [DEBUG]   → Buscando URL del iframe de stats para Momentum...
20:52:49 [DEBUG] [wolfsburgo-femenino-juventus-fc-w-apuestas-3510554] → Extrayendo momentum...
20:52:49 [DEBUG]   → Buscando URL del iframe de stats para Momentum...
20:52:51 [DEBUG]   × No se encontró URL del iframe de stats
20:52:51 [INFO] ✓ [wolfsburgo-femenino-juventus-fc-w-apuestas-3510554] Captura exitosa: pre_partido, min , -
20:52:52 [DEBUG]   × No se encontró URL del iframe de stats
20:52:52 [INFO] ✓ [al-hazm-ksa-al-akhdoud-apuestas-35232966] Captura exitosa: pre_partido, min , -
20:52:55 [DEBUG]   × No se encontró URL del iframe de stats
20:52:55 [INFO] ✓ [al-quadisiya-ksa-neom-sports-club-apuestas-3524103] Captura exitosa: pre_partido, min , -
20:52:55 [INFO] ✓ Captura paralela completada en 127.2s (8/8 exitosos)
20:52:55 [WARNING] Ciclo tardó 127.2s (> 30s). Iniciando siguiente ciclo inmediatamente.
20:52:55 [INFO] 
--- Ciclo #2 ---
20:52:55 [INFO] 📸 Capturando 8 partidos en paralelo...
20:52:56 [DEBUG] ✓ Actualizar clickeado: brentford-arsenal-apuestas-35212180
20:52:56 [DEBUG] ✓ Actualizar clickeado: atl%C3%A9tico-de-madrid-femenino-manchester-united
20:52:56 [DEBUG] ✓ Actualizar clickeado: atl%C3%A9tico-de-madrid-fc-barcelona-apuestas-3523
20:52:56 [DEBUG] ✓ Actualizar clickeado: thun-lausanne-apuestas-35244305
20:52:56 [DEBUG] ✓ Actualizar clickeado: sion-fc-basel-apuestas-35234028
20:52:56 [DEBUG] [brentford-arsenal-apuestas-35212180] → Extrayendo información del partido...
20:52:56 [DEBUG] [atl%C3%A9tico-de-madrid-femenino-manchester-united] → Extrayendo información del partido...
20:52:56 [DEBUG] [atl%C3%A9tico-de-madrid-fc-barcelona-apuestas-3523] → Extrayendo información del partido...
20:52:56 [DEBUG] [thun-lausanne-apuestas-35244305] → Extrayendo información del partido...
20:52:56 [DEBUG] [sion-fc-basel-apuestas-35234028] → Extrayendo información del partido...
20:53:03 [DEBUG] [al-quadisiya-ksa-neom-sports-club-apuestas-3524103] → Extrayendo información del partido...
20:53:03 [DEBUG] [wolfsburgo-femenino-juventus-fc-w-apuestas-3510554] → Extrayendo información del partido...
20:53:03 [DEBUG] [al-hazm-ksa-al-akhdoud-apuestas-35232966] → Extrayendo información del partido...
20:53:04 [DEBUG] [sion-fc-basel-apuestas-35234028] → Extrayendo cuotas Match Odds...
20:53:04 [DEBUG] [thun-lausanne-apuestas-35244305] → Extrayendo cuotas Match Odds...
20:53:07 [DEBUG] [sion-fc-basel-apuestas-35234028] → Extrayendo cuotas Over/Under...
20:53:09 [DEBUG] [thun-lausanne-apuestas-35244305] → Extrayendo cuotas Over/Under...
20:53:10 [DEBUG] [sion-fc-basel-apuestas-35234028] → Extrayendo cuotas Resultado Correcto...
20:53:12 [DEBUG] [thun-lausanne-apuestas-35244305] → Extrayendo cuotas Resultado Correcto...
20:53:13 [DEBUG] [sion-fc-basel-apuestas-35234028] → Extrayendo estadísticas del partido...
20:53:13 [DEBUG]   → Extrayendo eventId del HTML...
20:53:13 [DEBUG] Betfair event ID extraído del HTML: 35234028
20:53:13 [DEBUG] Consultando videoplayer: https://videoplayer.betfair.es/GetPlayer.do?eID=35234028&contentType=viz&contentView=mstats
20:53:13 [INFO] EventId de Opta extraído: bomuidcdl673b8rje49cbj40k
20:53:13 [DEBUG]   ✓ EventId extraído: bomuidcdl673b8rje49cbj40k
20:53:13 [DEBUG]   → Obteniendo estadísticas de la API...
20:53:13 [INFO] 📊 Obteniendo todas las estadísticas para eventId: bomuidcdl673b8rje49cbj40k
20:53:13 [DEBUG] [atl%C3%A9tico-de-madrid-femenino-manchester-united] → Extrayendo cuotas Match Odds...
20:53:13 [DEBUG] [brentford-arsenal-apuestas-35212180] → Extrayendo cuotas Match Odds...
20:53:14 [DEBUG] [atl%C3%A9tico-de-madrid-fc-barcelona-apuestas-3523] → Extrayendo cuotas Match Odds...
20:53:14 [DEBUG] ✅ Summary stats obtenidas para bomuidcdl673b8rje49cbj40k
20:53:15 [DEBUG] [thun-lausanne-apuestas-35244305] → Extrayendo estadísticas del partido...
20:53:15 [DEBUG]   → Extrayendo eventId del HTML...
20:53:15 [DEBUG] No se encontró datos de momentum
20:53:15 [DEBUG] Betfair event ID extraído del HTML: 35244305
20:53:15 [DEBUG] Consultando videoplayer: https://videoplayer.betfair.es/GetPlayer.do?eID=35244305&contentType=viz&contentView=mstats
20:53:16 [DEBUG] [atl%C3%A9tico-de-madrid-femenino-manchester-united] → Extrayendo cuotas Over/Under...
20:53:16 [INFO] EventId de Opta extraído: bp7jffdb5v1x5ksth1cngff2s
20:53:16 [DEBUG]   ✓ EventId extraído: bp7jffdb5v1x5ksth1cngff2s
20:53:16 [DEBUG]   → Obteniendo estadísticas de la API...
20:53:16 [INFO] 📊 Obteniendo todas las estadísticas para eventId: bp7jffdb5v1x5ksth1cngff2s
20:53:16 [DEBUG] [brentford-arsenal-apuestas-35212180] → Extrayendo cuotas Over/Under...
20:53:16 [DEBUG] [atl%C3%A9tico-de-madrid-fc-barcelona-apuestas-3523] → Extrayendo cuotas Over/Under...
20:53:16 [DEBUG] No se encontró teamStatsAttackingLv
20:53:17 [DEBUG] ✅ Summary stats obtenidas para bp7jffdb5v1x5ksth1cngff2s
20:53:17 [DEBUG] No se encontró teamStatsDefenceLv
20:53:17 [DEBUG] No se encontró datos de momentum
20:53:18 [DEBUG] No se encontró teamStatsXgLv ni xgData
20:53:18 [INFO] ✅ Estadísticas obtenidas: 1/5 endpoints
20:53:18 [DEBUG]   → Mapeando estadísticas...
20:53:18 [INFO]   ✓ Estadísticas capturadas vía API: 28/66 campos
20:53:18 [DEBUG]     → xG: 0.4008-0.1615, Corners: 0-1
20:53:18 [DEBUG] [sion-fc-basel-apuestas-35234028] → Extrayendo volumen matched...
20:53:18 [DEBUG] No se encontró teamStatsAttackingLv
20:53:19 [DEBUG] [atl%C3%A9tico-de-madrid-femenino-manchester-united] → Extrayendo cuotas Resultado Correcto...
20:53:19 [DEBUG] [atl%C3%A9tico-de-madrid-fc-barcelona-apuestas-3523] → Extrayendo cuotas Resultado Correcto...
20:53:19 [DEBUG] [brentford-arsenal-apuestas-35212180] → Extrayendo cuotas Resultado Correcto...
20:53:19 [DEBUG] No se encontró teamStatsDefenceLv
20:53:20 [DEBUG] No se encontró teamStatsXgLv ni xgData
20:53:20 [INFO] ✅ Estadísticas obtenidas: 1/5 endpoints
20:53:20 [DEBUG]   → Mapeando estadísticas...
20:53:20 [INFO]   ✓ Estadísticas capturadas vía API: 28/66 campos
20:53:20 [DEBUG]     → xG: 0.3885-0.0369, Corners: 1-0
20:53:20 [DEBUG] [thun-lausanne-apuestas-35244305] → Extrayendo volumen matched...
20:53:21 [DEBUG] [al-hazm-ksa-al-akhdoud-apuestas-35232966] → Extrayendo cuotas Match Odds...
20:53:21 [DEBUG] [al-quadisiya-ksa-neom-sports-club-apuestas-3524103] → Extrayendo cuotas Match Odds...
20:53:21 [DEBUG] [wolfsburgo-femenino-juventus-fc-w-apuestas-3510554] → Extrayendo cuotas Match Odds...
20:53:22 [WARNING] ⟳ [al-hazm-ksa-al-akhdoud-apuestas-35232966] Match Odds incompletos (0/3), refrescando...
20:53:22 [WARNING] ⟳ [al-quadisiya-ksa-neom-sports-club-apuestas-3524103] Match Odds incompletos (0/3), refrescando...
20:53:22 [WARNING] ⟳ [wolfsburgo-femenino-juventus-fc-w-apuestas-3510554] Match Odds incompletos (0/3), refrescando...
20:53:22 [DEBUG] [atl%C3%A9tico-de-madrid-femenino-manchester-united] → Extrayendo estadísticas del partido...
20:53:22 [DEBUG]   → Extrayendo eventId del HTML...
20:53:22 [DEBUG] [atl%C3%A9tico-de-madrid-fc-barcelona-apuestas-3523] → Extrayendo estadísticas del partido...
20:53:22 [DEBUG]   → Extrayendo eventId del HTML...
20:53:22 [DEBUG] Betfair event ID extraído de la URL: 35105541
20:53:22 [DEBUG] Consultando videoplayer: https://videoplayer.betfair.es/GetPlayer.do?eID=35105541&contentType=viz&contentView=mstats
20:53:22 [DEBUG] Betfair event ID extraído de la URL: 35238124
20:53:22 [DEBUG] Consultando videoplayer: https://videoplayer.betfair.es/GetPlayer.do?eID=35238124&contentType=viz&contentView=mstats
20:53:22 [DEBUG] [brentford-arsenal-apuestas-35212180] → Extrayendo estadísticas del partido...
20:53:22 [DEBUG]   → Extrayendo eventId del HTML...
20:53:22 [DEBUG] Betfair event ID extraído de la URL: 35212180
20:53:22 [DEBUG] Consultando videoplayer: https://videoplayer.betfair.es/GetPlayer.do?eID=35212180&contentType=viz&contentView=mstats
20:53:23 [INFO] EventId de Opta extraído: 1z8gknoiuoiuh7z1mto3je9ec
20:53:23 [DEBUG]   ✓ EventId extraído: 1z8gknoiuoiuh7z1mto3je9ec
20:53:23 [DEBUG]   → Obteniendo estadísticas de la API...
20:53:23 [INFO] 📊 Obteniendo todas las estadísticas para eventId: 1z8gknoiuoiuh7z1mto3je9ec
20:53:23 [ERROR] Error consultando videoplayer endpoint: 404 Client Error:  for url: https://videoplayer.betfair.es/GetPlayer.do?eID=35105541&contentType=viz&contentView=mstats
20:53:23 [WARNING]   × No se pudo extraer eventId - partido sin estadísticas Opta
20:53:23 [INFO]   → Extrayendo stats del iframe (fallback): eID=35105541
20:53:23 [INFO] EventId de Opta extraído: 3ta3lmi2yhygyqebvoqytbf2s
20:53:23 [DEBUG]   ✓ EventId extraído: 3ta3lmi2yhygyqebvoqytbf2s
20:53:23 [DEBUG]   → Obteniendo estadísticas de la API...
20:53:23 [INFO] 📊 Obteniendo todas las estadísticas para eventId: 3ta3lmi2yhygyqebvoqytbf2s
20:53:24 [DEBUG] ✅ Summary stats obtenidas para 1z8gknoiuoiuh7z1mto3je9ec
20:53:24 [DEBUG] ✅ Summary stats obtenidas para 3ta3lmi2yhygyqebvoqytbf2s
20:53:24 [DEBUG]   → Extrayendo stats de página 1...
20:53:25 [DEBUG] No se encontró datos de momentum
20:53:25 [DEBUG] No se encontró datos de momentum
20:53:25 [DEBUG] No se encontró teamStatsAttackingLv
20:53:26 [DEBUG] No se encontró teamStatsAttackingLv
20:53:26 [DEBUG] No se encontró teamStatsDefenceLv
20:53:26 [DEBUG] No se encontró teamStatsDefenceLv
20:53:27 [DEBUG] No se encontró teamStatsXgLv ni xgData
20:53:27 [INFO] ✅ Estadísticas obtenidas: 1/5 endpoints
20:53:27 [DEBUG]   → Mapeando estadísticas...
20:53:27 [INFO]   ✓ Estadísticas capturadas vía API: 28/66 campos
20:53:27 [DEBUG]     → xG: 0.0-0.0, Corners: 0-0
20:53:27 [DEBUG] [atl%C3%A9tico-de-madrid-fc-barcelona-apuestas-3523] → Extrayendo volumen matched...
20:53:27 [DEBUG] No se encontró teamStatsXgLv ni xgData
20:53:27 [INFO] ✅ Estadísticas obtenidas: 1/5 endpoints
20:53:27 [DEBUG]   → Mapeando estadísticas...
20:53:27 [INFO]   ✓ Estadísticas capturadas vía API: 28/66 campos
20:53:27 [DEBUG]     → xG: 0.0-0.0, Corners: 0-0
20:53:27 [DEBUG] [brentford-arsenal-apuestas-35212180] → Extrayendo volumen matched...
20:53:31 [DEBUG] [sion-fc-basel-apuestas-35234028] → Extrayendo momentum...
20:53:31 [DEBUG]   → Buscando URL del iframe de stats para Momentum...
20:53:33 [DEBUG] [thun-lausanne-apuestas-35244305] → Extrayendo momentum...
20:53:33 [DEBUG]   → Buscando URL del iframe de stats para Momentum...
20:53:35 [DEBUG]   × No se encontró URL del iframe de stats
20:53:35 [INFO] ✓ [thun-lausanne-apuestas-35244305] Captura exitosa: en_juego, min 20, 2-0
20:53:36 [DEBUG]   × No se encontró URL del iframe de stats
20:53:36 [INFO] ✓ [sion-fc-basel-apuestas-35234028] Captura exitosa: en_juego, min 21, 0-0
20:53:37 [DEBUG]   × No se pudo navegar a página 2
20:53:40 [DEBUG] [atl%C3%A9tico-de-madrid-fc-barcelona-apuestas-3523] → Extrayendo momentum...
20:53:40 [DEBUG]   → Buscando URL del iframe de stats para Momentum...
20:53:40 [DEBUG] [brentford-arsenal-apuestas-35212180] → Extrayendo momentum...
20:53:40 [DEBUG]   → Buscando URL del iframe de stats para Momentum...
20:53:42 [DEBUG]   × No se encontró URL del iframe de stats
20:53:42 [INFO] ✓ [brentford-arsenal-apuestas-35212180] Captura exitosa: pre_partido, min , -
20:53:45 [DEBUG]   × No se pudo navegar a página 3
20:53:45 [DEBUG]   × No se encontró URL del iframe de stats
20:53:45 [INFO] ✓ [atl%C3%A9tico-de-madrid-fc-barcelona-apuestas-3523] Captura exitosa: pre_partido, min , -
20:53:50 [DEBUG] No se encontró banner de cookies (puede que ya esté aceptado)
20:53:50 [DEBUG] No se encontró banner de cookies (puede que ya esté aceptado)
20:53:50 [DEBUG] No se encontró banner de cookies (puede que ya esté aceptado)
20:53:53 [DEBUG]   × No se pudo navegar a página 4
20:53:53 [WARNING]   × Fallback iframe no encontró estadísticas
20:53:54 [DEBUG] [atl%C3%A9tico-de-madrid-femenino-manchester-united] → Extrayendo volumen matched...
