20:42:09 [INFO] 📝 Log guardándose en: logs/scraper_20260212_204209.log
20:42:09 [INFO] Cargados 10 partidos desde games.csv
20:42:09 [INFO] 📅 MODO SCHEDULING ACTIVADO
20:42:09 [INFO]    Ventana tracking: 10 min antes → 150 min después
20:42:09 [INFO]    Total en CSV: 10 partidos
20:42:09 [INFO]    ✓ Partidos activos ahora: 5
20:42:09 [INFO]    ⏰ Partidos futuros: 5
20:42:09 [INFO]    ✅ Partidos finalizados: 0
20:42:09 [INFO] 
📋 Próximos partidos a trackear:
20:42:09 [INFO]       Atlético de Madrid Femenino - Manchester United Fe (en 18 min)
20:42:09 [INFO]       Atlético de Madrid - FC Barcelona (en 18 min)
20:42:09 [INFO]       Brentford - Arsenal (en 18 min)
20:42:09 [INFO]       Athletico-PR - Santos (en 138 min)
20:42:09 [INFO]       Tigre - Aldosivi (en 138 min)
20:42:09 [INFO] 🚀 Sistema multi-driver: Creando 5 drivers independientes (sin límite de tabs)
20:42:09 [INFO] 
Iniciando observador con 5 partidos.
20:42:09 [INFO] Ciclo: 30s | Output: data/
20:42:09 [INFO] 🔄 Recarga dinámica: Revisando games.csv cada 5 ciclos (scheduling)
20:42:09 [INFO] 🧹 Limpiando ventanas Betfair antiguas...
20:42:09 [WARNING] Script de limpieza no encontrado: C:\Users\agonz\OneDrive\Documents\Proyectos\Furbo\betfair_scraper\close_betfair_windows.ps1
20:42:09 [INFO] Cargados 10 partidos desde games.csv
20:42:09 [INFO] 
🚀 Iniciando 5 drivers Chrome (sistema multi-driver paralelo)...
20:42:09 [INFO] 🔧 Creando driver de login: Al-Hazm (KSA) - Al-Akhdoud
20:42:09 [INFO] 🔧 Creando driver para: Al-Hazm (KSA) - Al-Akhdoud
20:42:16 [INFO] ✓ Cookies aceptadas automáticamente
20:42:17 [INFO] ✓ Driver listo: al-hazm-ksa-al-akhdoud-apuestas-35232966
20:42:17 [INFO] ============================================================
20:42:17 [INFO] HAZ LOGIN MANUAL en Betfair.es ahora.
20:42:17 [INFO] Tienes 0 segundos...
20:42:17 [INFO] El scraper comenzará automáticamente después.
20:42:17 [INFO] ============================================================
20:42:17 [INFO] 🔧 Creando 4 drivers adicionales en paralelo...
20:42:17 [INFO] 🔧 Creando driver para: Al-Quadisiya (KSA) - NEOM Sports Club
20:42:17 [INFO] 🔧 Creando driver para: Wolfsburgo Femenino - Juventus FC Femenino
20:42:17 [INFO] 🔧 Creando driver para: Sion - FC Basel
20:42:17 [INFO] 🔧 Creando driver para: Thun - Lausanne
20:42:24 [INFO] ✓ Cookies aceptadas automáticamente
20:42:25 [INFO] ✓ Cookies aceptadas automáticamente
20:42:25 [INFO] ✓ Cookies aceptadas automáticamente
20:42:25 [INFO] ✓ Driver listo: al-quadisiya-ksa-neom-sports-club-apuestas-3524103
20:42:26 [INFO] ✓ Driver listo: wolfsburgo-femenino-juventus-fc-w-apuestas-3510554
20:42:26 [INFO] ✓ Driver listo: thun-lausanne-apuestas-35244305
20:42:27 [INFO] ✓ Cookies aceptadas automáticamente
20:42:28 [INFO] ✓ Driver listo: sion-fc-basel-apuestas-35234028
20:42:28 [INFO] ✓ 5 drivers creados exitosamente
20:42:28 [INFO] ============================================================
20:42:28 [INFO] CAPTURA INICIADA - Presiona Ctrl+C para detener
20:42:28 [INFO] ============================================================
20:42:28 [INFO] 
--- Ciclo #1 ---
20:42:28 [INFO] 📸 Capturando 5 partidos en paralelo...
20:42:28 [DEBUG] ✓ Actualizar clickeado: sion-fc-basel-apuestas-35234028
20:42:28 [DEBUG] ✓ Actualizar clickeado: thun-lausanne-apuestas-35244305
20:42:28 [DEBUG] [sion-fc-basel-apuestas-35234028] → Extrayendo información del partido...
20:42:28 [DEBUG] [thun-lausanne-apuestas-35244305] → Extrayendo información del partido...
20:42:36 [DEBUG] [al-quadisiya-ksa-neom-sports-club-apuestas-3524103] → Extrayendo información del partido...
20:42:36 [DEBUG] [al-hazm-ksa-al-akhdoud-apuestas-35232966] → Extrayendo información del partido...
20:42:36 [DEBUG] [wolfsburgo-femenino-juventus-fc-w-apuestas-3510554] → Extrayendo información del partido...
20:42:37 [DEBUG] [sion-fc-basel-apuestas-35234028] → Extrayendo cuotas Match Odds...
20:42:37 [DEBUG] [thun-lausanne-apuestas-35244305] → Extrayendo cuotas Match Odds...
20:42:39 [DEBUG] [sion-fc-basel-apuestas-35234028] → Extrayendo cuotas Over/Under...
20:42:39 [DEBUG] [thun-lausanne-apuestas-35244305] → Extrayendo cuotas Over/Under...
20:42:42 [DEBUG] [sion-fc-basel-apuestas-35234028] → Extrayendo cuotas Resultado Correcto...
20:42:42 [DEBUG] [thun-lausanne-apuestas-35244305] → Extrayendo cuotas Resultado Correcto...
20:42:45 [DEBUG] [sion-fc-basel-apuestas-35234028] → Extrayendo estadísticas del partido...
20:42:45 [DEBUG]   → Extrayendo eventId del HTML...
20:42:45 [DEBUG] Betfair event ID extraído del HTML: 35234028
20:42:45 [DEBUG] Consultando videoplayer: https://videoplayer.betfair.es/GetPlayer.do?eID=35234028&contentType=viz&contentView=mstats
20:42:46 [DEBUG] [thun-lausanne-apuestas-35244305] → Extrayendo estadísticas del partido...
20:42:46 [DEBUG]   → Extrayendo eventId del HTML...
20:42:46 [DEBUG] Betfair event ID extraído del HTML: 35244305
20:42:46 [DEBUG] Consultando videoplayer: https://videoplayer.betfair.es/GetPlayer.do?eID=35244305&contentType=viz&contentView=mstats
20:42:46 [INFO] EventId de Opta extraído: bomuidcdl673b8rje49cbj40k
20:42:46 [DEBUG]   ✓ EventId extraído: bomuidcdl673b8rje49cbj40k
20:42:46 [DEBUG]   → Obteniendo estadísticas de la API...
20:42:46 [INFO] 📊 Obteniendo todas las estadísticas para eventId: bomuidcdl673b8rje49cbj40k
20:42:46 [INFO] EventId de Opta extraído: bp7jffdb5v1x5ksth1cngff2s
20:42:46 [DEBUG]   ✓ EventId extraído: bp7jffdb5v1x5ksth1cngff2s
20:42:46 [DEBUG]   → Obteniendo estadísticas de la API...
20:42:46 [INFO] 📊 Obteniendo todas las estadísticas para eventId: bp7jffdb5v1x5ksth1cngff2s
20:42:47 [DEBUG] ✅ Summary stats obtenidas para bomuidcdl673b8rje49cbj40k
20:42:47 [DEBUG] ✅ Summary stats obtenidas para bp7jffdb5v1x5ksth1cngff2s
20:42:48 [DEBUG] No se encontró datos de momentum
20:42:48 [DEBUG] No se encontró datos de momentum
20:42:49 [DEBUG] No se encontró teamStatsAttackingLv
20:42:49 [DEBUG] No se encontró teamStatsAttackingLv
20:42:50 [DEBUG] No se encontró teamStatsDefenceLv
20:42:50 [DEBUG] No se encontró teamStatsDefenceLv
20:42:51 [DEBUG] No se encontró teamStatsXgLv ni xgData
20:42:51 [INFO] ✅ Estadísticas obtenidas: 1/5 endpoints
20:42:51 [DEBUG]   → Mapeando estadísticas...
20:42:51 [INFO]   ✓ Estadísticas capturadas vía API: 28/66 campos
20:42:51 [DEBUG]     → xG: 0.27-0.0151, Corners: 1-0
20:42:51 [DEBUG] [thun-lausanne-apuestas-35244305] → Extrayendo volumen matched...
20:42:51 [DEBUG] No se encontró teamStatsXgLv ni xgData
20:42:51 [INFO] ✅ Estadísticas obtenidas: 1/5 endpoints
20:42:51 [DEBUG]   → Mapeando estadísticas...
20:42:51 [INFO]   ✓ Estadísticas capturadas vía API: 28/66 campos
20:42:51 [DEBUG]     → xG: 0.1617-0.1615, Corners: 0-1
20:42:51 [DEBUG] [sion-fc-basel-apuestas-35234028] → Extrayendo volumen matched...
20:42:53 [DEBUG] [al-quadisiya-ksa-neom-sports-club-apuestas-3524103] → Extrayendo cuotas Match Odds...
20:42:53 [DEBUG] [al-hazm-ksa-al-akhdoud-apuestas-35232966] → Extrayendo cuotas Match Odds...
20:42:53 [DEBUG] [wolfsburgo-femenino-juventus-fc-w-apuestas-3510554] → Extrayendo cuotas Match Odds...
20:42:54 [WARNING] ⟳ [al-quadisiya-ksa-neom-sports-club-apuestas-3524103] Match Odds incompletos (0/3), refrescando...
20:42:54 [WARNING] ⟳ [al-hazm-ksa-al-akhdoud-apuestas-35232966] Match Odds incompletos (0/3), refrescando...
20:42:55 [WARNING] ⟳ [wolfsburgo-femenino-juventus-fc-w-apuestas-3510554] Match Odds incompletos (0/3), refrescando...
20:43:04 [DEBUG] [thun-lausanne-apuestas-35244305] → Extrayendo momentum...
20:43:04 [DEBUG]   → Buscando URL del iframe de stats para Momentum...
20:43:04 [DEBUG] [sion-fc-basel-apuestas-35234028] → Extrayendo momentum...
20:43:04 [DEBUG]   → Buscando URL del iframe de stats para Momentum...
20:43:06 [DEBUG]   × No se encontró URL del iframe de stats
20:43:06 [INFO] ✓ [sion-fc-basel-apuestas-35234028] Captura exitosa: en_juego, min 11, 0-0
20:43:09 [DEBUG]   × No se encontró URL del iframe de stats
20:43:09 [INFO] ✓ [thun-lausanne-apuestas-35244305] Captura exitosa: en_juego, min 10, 0-0
20:43:23 [DEBUG] No se encontró banner de cookies (puede que ya esté aceptado)
20:43:23 [DEBUG] No se encontró banner de cookies (puede que ya esté aceptado)
20:43:23 [DEBUG] No se encontró banner de cookies (puede que ya esté aceptado)
20:43:42 [DEBUG] [al-quadisiya-ksa-neom-sports-club-apuestas-3524103] → Extrayendo cuotas Over/Under...
20:43:42 [DEBUG] [al-hazm-ksa-al-akhdoud-apuestas-35232966] → Extrayendo cuotas Over/Under...
20:43:43 [DEBUG] [wolfsburgo-femenino-juventus-fc-w-apuestas-3510554] → Extrayendo cuotas Over/Under...
20:43:43 [DEBUG] [al-quadisiya-ksa-neom-sports-club-apuestas-3524103] → Extrayendo cuotas Resultado Correcto...
20:43:43 [DEBUG] [al-hazm-ksa-al-akhdoud-apuestas-35232966] → Extrayendo cuotas Resultado Correcto...
20:43:44 [DEBUG] [wolfsburgo-femenino-juventus-fc-w-apuestas-3510554] → Extrayendo cuotas Resultado Correcto...
20:43:44 [DEBUG] [al-quadisiya-ksa-neom-sports-club-apuestas-3524103] → Extrayendo estadísticas del partido...
20:43:44 [DEBUG]   → Extrayendo eventId del HTML...
20:43:44 [DEBUG] Betfair event ID extraído de la URL: 35241036
20:43:44 [DEBUG] Consultando videoplayer: https://videoplayer.betfair.es/GetPlayer.do?eID=35241036&contentType=viz&contentView=mstats
20:43:45 [DEBUG] [al-hazm-ksa-al-akhdoud-apuestas-35232966] → Extrayendo estadísticas del partido...
20:43:45 [DEBUG]   → Extrayendo eventId del HTML...
20:43:45 [DEBUG] Betfair event ID extraído de la URL: 35232966
20:43:45 [DEBUG] Consultando videoplayer: https://videoplayer.betfair.es/GetPlayer.do?eID=35232966&contentType=viz&contentView=mstats
20:43:45 [ERROR] Error consultando videoplayer endpoint: 404 Client Error:  for url: https://videoplayer.betfair.es/GetPlayer.do?eID=35241036&contentType=viz&contentView=mstats
20:43:45 [WARNING]   × No se pudo extraer eventId - partido sin estadísticas Opta
20:43:45 [INFO]   → Extrayendo stats del iframe (fallback): eID=35241036
20:43:45 [DEBUG] [wolfsburgo-femenino-juventus-fc-w-apuestas-3510554] → Extrayendo estadísticas del partido...
20:43:45 [DEBUG]   → Extrayendo eventId del HTML...
20:43:45 [DEBUG] Betfair event ID extraído de la URL: 35105544
20:43:45 [DEBUG] Consultando videoplayer: https://videoplayer.betfair.es/GetPlayer.do?eID=35105544&contentType=viz&contentView=mstats
20:43:45 [WARNING] No se encontró eventId de Opta en la respuesta del videoplayer
20:43:45 [WARNING]   × No se pudo extraer eventId - partido sin estadísticas Opta
20:43:45 [INFO]   → Extrayendo stats del iframe (fallback): eID=35232966
20:43:45 [ERROR] Error consultando videoplayer endpoint: 404 Client Error:  for url: https://videoplayer.betfair.es/GetPlayer.do?eID=35105544&contentType=viz&contentView=mstats
20:43:45 [WARNING]   × No se pudo extraer eventId - partido sin estadísticas Opta
20:43:45 [INFO]   → Extrayendo stats del iframe (fallback): eID=35105544
20:43:50 [INFO]   ✓ Fallback iframe exitoso: 14 campos capturados
20:43:50 [DEBUG]   → Iframe stats capturados: {'tiros_puerta_local': '10', 'tiros_puerta_visitante': '3', 'corners_local': '12', 'corners_visitante': '5', 'posesion_local': '54', 'posesion_visitante': '46', 'shots_off_target_local': '6', 'shots_off_target_visitante': '0', 'blocked_shots_local': '1', 'blocked_shots_visitante': '5', 'time_in_dangerous_attack_pct_local': '72', 'time_in_dangerous_attack_pct_visitante': '28', 'tiros_local': '17', 'tiros_visitante': '8'}
20:43:50 [DEBUG]   → Total stats en dict tras merge: 14
20:43:50 [DEBUG] [al-hazm-ksa-al-akhdoud-apuestas-35232966] → Extrayendo volumen matched...
20:44:01 [WARNING]   × Fallback iframe no encontró estadísticas
20:44:01 [DEBUG] [al-quadisiya-ksa-neom-sports-club-apuestas-3524103] → Extrayendo volumen matched...
20:44:02 [DEBUG] [al-hazm-ksa-al-akhdoud-apuestas-35232966] → Extrayendo momentum...
20:44:02 [DEBUG]   → Buscando URL del iframe de stats para Momentum...
20:44:03 [WARNING]   × Fallback iframe no encontró estadísticas
20:44:03 [DEBUG] [wolfsburgo-femenino-juventus-fc-w-apuestas-3510554] → Extrayendo volumen matched...
20:44:09 [DEBUG]   × No se encontró URL del iframe de stats
20:44:09 [INFO] ✓ [al-hazm-ksa-al-akhdoud-apuestas-35232966] Captura exitosa: pre_partido, min , -
20:44:14 [DEBUG] [al-quadisiya-ksa-neom-sports-club-apuestas-3524103] → Extrayendo momentum...
20:44:14 [DEBUG]   → Buscando URL del iframe de stats para Momentum...
20:44:15 [DEBUG] [wolfsburgo-femenino-juventus-fc-w-apuestas-3510554] → Extrayendo momentum...
20:44:15 [DEBUG]   → Buscando URL del iframe de stats para Momentum...
20:44:20 [DEBUG]   × No se encontró URL del iframe de stats
20:44:20 [INFO] ✓ [al-quadisiya-ksa-neom-sports-club-apuestas-3524103] Captura exitosa: pre_partido, min , -
20:44:22 [DEBUG]   × No se encontró URL del iframe de stats
20:44:22 [INFO] ✓ [wolfsburgo-femenino-juventus-fc-w-apuestas-3510554] Captura exitosa: pre_partido, min , -
20:44:22 [INFO] ✓ Captura paralela completada en 114.3s (5/5 exitosos)
20:44:22 [WARNING] Ciclo tardó 114.3s (> 30s). Iniciando siguiente ciclo inmediatamente.
20:44:22 [INFO] 
--- Ciclo #2 ---
20:44:22 [INFO] 📸 Capturando 5 partidos en paralelo...
20:44:22 [DEBUG] ✓ Actualizar clickeado: sion-fc-basel-apuestas-35234028
20:44:22 [DEBUG] ✓ Actualizar clickeado: thun-lausanne-apuestas-35244305
20:44:23 [DEBUG] [sion-fc-basel-apuestas-35234028] → Extrayendo información del partido...
20:44:23 [DEBUG] [thun-lausanne-apuestas-35244305] → Extrayendo información del partido...
20:44:30 [DEBUG] [al-hazm-ksa-al-akhdoud-apuestas-35232966] → Extrayendo información del partido...
20:44:30 [DEBUG] [al-quadisiya-ksa-neom-sports-club-apuestas-3524103] → Extrayendo información del partido...
20:44:30 [DEBUG] [wolfsburgo-femenino-juventus-fc-w-apuestas-3510554] → Extrayendo información del partido...
20:44:31 [DEBUG] [sion-fc-basel-apuestas-35234028] → Extrayendo cuotas Match Odds...
20:44:31 [DEBUG] [thun-lausanne-apuestas-35244305] → Extrayendo cuotas Match Odds...
20:44:33 [DEBUG] [sion-fc-basel-apuestas-35234028] → Extrayendo cuotas Over/Under...
20:44:33 [DEBUG] [thun-lausanne-apuestas-35244305] → Extrayendo cuotas Over/Under...
20:44:36 [DEBUG] [sion-fc-basel-apuestas-35234028] → Extrayendo cuotas Resultado Correcto...
20:44:36 [DEBUG] [thun-lausanne-apuestas-35244305] → Extrayendo cuotas Resultado Correcto...
20:44:39 [DEBUG] [sion-fc-basel-apuestas-35234028] → Extrayendo estadísticas del partido...
20:44:39 [DEBUG]   → Extrayendo eventId del HTML...
20:44:39 [DEBUG] Betfair event ID extraído del HTML: 35234028
20:44:39 [DEBUG] Consultando videoplayer: https://videoplayer.betfair.es/GetPlayer.do?eID=35234028&contentType=viz&contentView=mstats
20:44:40 [DEBUG] [thun-lausanne-apuestas-35244305] → Extrayendo estadísticas del partido...
20:44:40 [DEBUG]   → Extrayendo eventId del HTML...
20:44:40 [DEBUG] Betfair event ID extraído del HTML: 35244305
20:44:40 [DEBUG] Consultando videoplayer: https://videoplayer.betfair.es/GetPlayer.do?eID=35244305&contentType=viz&contentView=mstats
20:44:40 [INFO] EventId de Opta extraído: bomuidcdl673b8rje49cbj40k
20:44:40 [DEBUG]   ✓ EventId extraído: bomuidcdl673b8rje49cbj40k
20:44:40 [DEBUG]   → Obteniendo estadísticas de la API...
20:44:40 [INFO] 📊 Obteniendo todas las estadísticas para eventId: bomuidcdl673b8rje49cbj40k
20:44:40 [INFO] EventId de Opta extraído: bp7jffdb5v1x5ksth1cngff2s
20:44:40 [DEBUG]   ✓ EventId extraído: bp7jffdb5v1x5ksth1cngff2s
20:44:40 [DEBUG]   → Obteniendo estadísticas de la API...
20:44:40 [INFO] 📊 Obteniendo todas las estadísticas para eventId: bp7jffdb5v1x5ksth1cngff2s
20:44:41 [DEBUG] ✅ Summary stats obtenidas para bomuidcdl673b8rje49cbj40k
20:44:41 [DEBUG] ✅ Summary stats obtenidas para bp7jffdb5v1x5ksth1cngff2s
20:44:42 [DEBUG] No se encontró datos de momentum
20:44:42 [DEBUG] No se encontró datos de momentum
20:44:43 [DEBUG] No se encontró teamStatsAttackingLv
20:44:43 [DEBUG] No se encontró teamStatsAttackingLv
20:44:44 [DEBUG] No se encontró teamStatsDefenceLv
20:44:44 [DEBUG] No se encontró teamStatsDefenceLv
20:44:45 [DEBUG] No se encontró teamStatsXgLv ni xgData
20:44:45 [INFO] ✅ Estadísticas obtenidas: 1/5 endpoints
20:44:45 [DEBUG]   → Mapeando estadísticas...
20:44:45 [INFO]   ✓ Estadísticas capturadas vía API: 28/66 campos
20:44:45 [DEBUG]     → xG: 0.27-0.0151, Corners: 1-0
20:44:45 [DEBUG] [thun-lausanne-apuestas-35244305] → Extrayendo volumen matched...
20:44:45 [DEBUG] No se encontró teamStatsXgLv ni xgData
20:44:45 [INFO] ✅ Estadísticas obtenidas: 1/5 endpoints
20:44:45 [DEBUG]   → Mapeando estadísticas...
20:44:45 [INFO]   ✓ Estadísticas capturadas vía API: 28/66 campos
20:44:45 [DEBUG]     → xG: 0.1617-0.1615, Corners: 0-1
20:44:45 [DEBUG] [sion-fc-basel-apuestas-35234028] → Extrayendo volumen matched...
20:44:47 [DEBUG] [al-quadisiya-ksa-neom-sports-club-apuestas-3524103] → Extrayendo cuotas Match Odds...
20:44:47 [DEBUG] [al-hazm-ksa-al-akhdoud-apuestas-35232966] → Extrayendo cuotas Match Odds...
20:44:47 [DEBUG] [wolfsburgo-femenino-juventus-fc-w-apuestas-3510554] → Extrayendo cuotas Match Odds...
20:44:48 [WARNING] ⟳ [al-quadisiya-ksa-neom-sports-club-apuestas-3524103] Match Odds incompletos (0/3), refrescando...
20:44:48 [WARNING] ⟳ [al-hazm-ksa-al-akhdoud-apuestas-35232966] Match Odds incompletos (0/3), refrescando...
20:44:48 [WARNING] ⟳ [wolfsburgo-femenino-juventus-fc-w-apuestas-3510554] Match Odds incompletos (0/3), refrescando...
20:44:58 [DEBUG] [thun-lausanne-apuestas-35244305] → Extrayendo momentum...
20:44:58 [DEBUG]   → Buscando URL del iframe de stats para Momentum...
20:44:58 [DEBUG] [sion-fc-basel-apuestas-35234028] → Extrayendo momentum...
20:44:58 [DEBUG]   → Buscando URL del iframe de stats para Momentum...
20:45:01 [DEBUG]   × No se encontró URL del iframe de stats
20:45:01 [INFO] ✓ [sion-fc-basel-apuestas-35234028] Captura exitosa: en_juego, min 13, 0-0
20:45:04 [DEBUG]   × No se encontró URL del iframe de stats
20:45:04 [INFO] ✓ [thun-lausanne-apuestas-35244305] Captura exitosa: en_juego, min 12, 0-0
20:45:17 [DEBUG] No se encontró banner de cookies (puede que ya esté aceptado)
20:45:17 [DEBUG] No se encontró banner de cookies (puede que ya esté aceptado)
20:45:18 [DEBUG] No se encontró banner de cookies (puede que ya esté aceptado)
20:45:36 [DEBUG] [al-hazm-ksa-al-akhdoud-apuestas-35232966] → Extrayendo cuotas Over/Under...
20:45:37 [DEBUG] [al-quadisiya-ksa-neom-sports-club-apuestas-3524103] → Extrayendo cuotas Over/Under...
20:45:38 [DEBUG] [al-hazm-ksa-al-akhdoud-apuestas-35232966] → Extrayendo cuotas Resultado Correcto...
20:45:38 [DEBUG] [al-quadisiya-ksa-neom-sports-club-apuestas-3524103] → Extrayendo cuotas Resultado Correcto...
20:45:38 [DEBUG] [wolfsburgo-femenino-juventus-fc-w-apuestas-3510554] → Extrayendo cuotas Over/Under...
20:45:39 [DEBUG] [al-hazm-ksa-al-akhdoud-apuestas-35232966] → Extrayendo estadísticas del partido...
20:45:39 [DEBUG]   → Extrayendo eventId del HTML...
20:45:39 [DEBUG] Betfair event ID extraído de la URL: 35232966
20:45:39 [DEBUG] Consultando videoplayer: https://videoplayer.betfair.es/GetPlayer.do?eID=35232966&contentType=viz&contentView=mstats
20:45:39 [DEBUG] [al-quadisiya-ksa-neom-sports-club-apuestas-3524103] → Extrayendo estadísticas del partido...
20:45:39 [DEBUG]   → Extrayendo eventId del HTML...
20:45:39 [DEBUG] Betfair event ID extraído de la URL: 35241036
20:45:39 [DEBUG] Consultando videoplayer: https://videoplayer.betfair.es/GetPlayer.do?eID=35241036&contentType=viz&contentView=mstats
20:45:39 [DEBUG] [wolfsburgo-femenino-juventus-fc-w-apuestas-3510554] → Extrayendo cuotas Resultado Correcto...
20:45:39 [WARNING] No se encontró eventId de Opta en la respuesta del videoplayer
20:45:39 [WARNING]   × No se pudo extraer eventId - partido sin estadísticas Opta
20:45:39 [INFO]   → Extrayendo stats del iframe (fallback): eID=35232966
20:45:39 [ERROR] Error consultando videoplayer endpoint: 404 Client Error:  for url: https://videoplayer.betfair.es/GetPlayer.do?eID=35241036&contentType=viz&contentView=mstats
20:45:39 [WARNING]   × No se pudo extraer eventId - partido sin estadísticas Opta
20:45:39 [INFO]   → Extrayendo stats del iframe (fallback): eID=35241036
20:45:40 [DEBUG] [wolfsburgo-femenino-juventus-fc-w-apuestas-3510554] → Extrayendo estadísticas del partido...
20:45:40 [DEBUG]   → Extrayendo eventId del HTML...
20:45:40 [DEBUG] Betfair event ID extraído de la URL: 35105544
20:45:40 [DEBUG] Consultando videoplayer: https://videoplayer.betfair.es/GetPlayer.do?eID=35105544&contentType=viz&contentView=mstats
20:45:40 [ERROR] Error consultando videoplayer endpoint: 404 Client Error:  for url: https://videoplayer.betfair.es/GetPlayer.do?eID=35105544&contentType=viz&contentView=mstats
20:45:40 [WARNING]   × No se pudo extraer eventId - partido sin estadísticas Opta
20:45:40 [INFO]   → Extrayendo stats del iframe (fallback): eID=35105544
20:45:43 [INFO]   ✓ Fallback iframe exitoso: 14 campos capturados
20:45:43 [DEBUG]   → Iframe stats capturados: {'tiros_puerta_local': '10', 'tiros_puerta_visitante': '3', 'corners_local': '12', 'corners_visitante': '5', 'posesion_local': '54', 'posesion_visitante': '46', 'shots_off_target_local': '6', 'shots_off_target_visitante': '0', 'blocked_shots_local': '1', 'blocked_shots_visitante': '5', 'time_in_dangerous_attack_pct_local': '72', 'time_in_dangerous_attack_pct_visitante': '28', 'tiros_local': '17', 'tiros_visitante': '8'}
20:45:43 [DEBUG]   → Total stats en dict tras merge: 14
20:45:43 [DEBUG] [al-hazm-ksa-al-akhdoud-apuestas-35232966] → Extrayendo volumen matched...
20:45:56 [WARNING]   × Fallback iframe no encontró estadísticas
20:45:56 [DEBUG] [al-quadisiya-ksa-neom-sports-club-apuestas-3524103] → Extrayendo volumen matched...
20:45:56 [DEBUG] [al-hazm-ksa-al-akhdoud-apuestas-35232966] → Extrayendo momentum...
20:45:56 [DEBUG]   → Buscando URL del iframe de stats para Momentum...
20:45:57 [WARNING]   × Fallback iframe no encontró estadísticas
20:45:57 [DEBUG] [wolfsburgo-femenino-juventus-fc-w-apuestas-3510554] → Extrayendo volumen matched...
20:46:03 [DEBUG]   × No se encontró URL del iframe de stats
20:46:03 [INFO] ✓ [al-hazm-ksa-al-akhdoud-apuestas-35232966] Captura exitosa: pre_partido, min , -
20:46:09 [DEBUG] [al-quadisiya-ksa-neom-sports-club-apuestas-3524103] → Extrayendo momentum...
20:46:09 [DEBUG]   → Buscando URL del iframe de stats para Momentum...
20:46:10 [DEBUG] [wolfsburgo-femenino-juventus-fc-w-apuestas-3510554] → Extrayendo momentum...
20:46:10 [DEBUG]   → Buscando URL del iframe de stats para Momentum...
20:46:15 [DEBUG]   × No se encontró URL del iframe de stats
20:46:15 [INFO] ✓ [al-quadisiya-ksa-neom-sports-club-apuestas-3524103] Captura exitosa: pre_partido, min , -
20:46:16 [DEBUG]   × No se encontró URL del iframe de stats
20:46:16 [INFO] ✓ [wolfsburgo-femenino-juventus-fc-w-apuestas-3510554] Captura exitosa: pre_partido, min , -
20:46:16 [INFO] ✓ Captura paralela completada en 114.5s (5/5 exitosos)
20:46:16 [WARNING] Ciclo tardó 114.5s (> 30s). Iniciando siguiente ciclo inmediatamente.
20:46:16 [INFO] 
--- Ciclo #3 ---
20:46:16 [INFO] 📸 Capturando 5 partidos en paralelo...
20:46:17 [DEBUG] ✓ Actualizar clickeado: sion-fc-basel-apuestas-35234028
20:46:17 [DEBUG] ✓ Actualizar clickeado: thun-lausanne-apuestas-35244305
20:46:17 [DEBUG] [sion-fc-basel-apuestas-35234028] → Extrayendo información del partido...
20:46:17 [DEBUG] [thun-lausanne-apuestas-35244305] → Extrayendo información del partido...
20:46:24 [DEBUG] [al-hazm-ksa-al-akhdoud-apuestas-35232966] → Extrayendo información del partido...
20:46:24 [DEBUG] [al-quadisiya-ksa-neom-sports-club-apuestas-3524103] → Extrayendo información del partido...
20:46:24 [DEBUG] [wolfsburgo-femenino-juventus-fc-w-apuestas-3510554] → Extrayendo información del partido...
20:46:25 [DEBUG] [sion-fc-basel-apuestas-35234028] → Extrayendo cuotas Match Odds...
20:46:25 [DEBUG] [thun-lausanne-apuestas-35244305] → Extrayendo cuotas Match Odds...
20:46:28 [DEBUG] [sion-fc-basel-apuestas-35234028] → Extrayendo cuotas Over/Under...
20:46:28 [DEBUG] [thun-lausanne-apuestas-35244305] → Extrayendo cuotas Over/Under...
20:46:31 [DEBUG] [sion-fc-basel-apuestas-35234028] → Extrayendo cuotas Resultado Correcto...
20:46:31 [DEBUG] [thun-lausanne-apuestas-35244305] → Extrayendo cuotas Resultado Correcto...
20:46:34 [DEBUG] [sion-fc-basel-apuestas-35234028] → Extrayendo estadísticas del partido...
20:46:34 [DEBUG]   → Extrayendo eventId del HTML...
20:46:34 [DEBUG] Betfair event ID extraído del HTML: 35234028
20:46:34 [DEBUG] Consultando videoplayer: https://videoplayer.betfair.es/GetPlayer.do?eID=35234028&contentType=viz&contentView=mstats
20:46:34 [DEBUG] [thun-lausanne-apuestas-35244305] → Extrayendo estadísticas del partido...
20:46:34 [DEBUG]   → Extrayendo eventId del HTML...
20:46:34 [DEBUG] Betfair event ID extraído del HTML: 35244305
20:46:34 [DEBUG] Consultando videoplayer: https://videoplayer.betfair.es/GetPlayer.do?eID=35244305&contentType=viz&contentView=mstats
20:46:35 [INFO] EventId de Opta extraído: bomuidcdl673b8rje49cbj40k
20:46:35 [DEBUG]   ✓ EventId extraído: bomuidcdl673b8rje49cbj40k
20:46:35 [DEBUG]   → Obteniendo estadísticas de la API...
20:46:35 [INFO] 📊 Obteniendo todas las estadísticas para eventId: bomuidcdl673b8rje49cbj40k
20:46:35 [INFO] EventId de Opta extraído: bp7jffdb5v1x5ksth1cngff2s
20:46:35 [DEBUG]   ✓ EventId extraído: bp7jffdb5v1x5ksth1cngff2s
20:46:35 [DEBUG]   → Obteniendo estadísticas de la API...
20:46:35 [INFO] 📊 Obteniendo todas las estadísticas para eventId: bp7jffdb5v1x5ksth1cngff2s
20:46:35 [DEBUG] ✅ Summary stats obtenidas para bomuidcdl673b8rje49cbj40k
20:46:36 [DEBUG] ✅ Summary stats obtenidas para bp7jffdb5v1x5ksth1cngff2s
20:46:37 [DEBUG] No se encontró datos de momentum
20:46:37 [DEBUG] No se encontró datos de momentum
20:46:38 [DEBUG] No se encontró teamStatsAttackingLv
20:46:38 [DEBUG] No se encontró teamStatsAttackingLv
20:46:39 [DEBUG] No se encontró teamStatsDefenceLv
20:46:39 [DEBUG] No se encontró teamStatsDefenceLv
20:46:39 [DEBUG] No se encontró teamStatsXgLv ni xgData
20:46:39 [INFO] ✅ Estadísticas obtenidas: 1/5 endpoints
20:46:39 [DEBUG]   → Mapeando estadísticas...
20:46:39 [INFO]   ✓ Estadísticas capturadas vía API: 28/66 campos
20:46:39 [DEBUG]     → xG: 0.27-0.0151, Corners: 1-0
20:46:39 [DEBUG] [thun-lausanne-apuestas-35244305] → Extrayendo volumen matched...
20:46:40 [DEBUG] No se encontró teamStatsXgLv ni xgData
20:46:40 [INFO] ✅ Estadísticas obtenidas: 1/5 endpoints
20:46:40 [DEBUG]   → Mapeando estadísticas...
20:46:40 [INFO]   ✓ Estadísticas capturadas vía API: 28/66 campos
20:46:40 [DEBUG]     → xG: 0.1617-0.1615, Corners: 0-1
20:46:40 [DEBUG] [sion-fc-basel-apuestas-35234028] → Extrayendo volumen matched...
20:46:42 [DEBUG] [al-quadisiya-ksa-neom-sports-club-apuestas-3524103] → Extrayendo cuotas Match Odds...
20:46:42 [DEBUG] [al-hazm-ksa-al-akhdoud-apuestas-35232966] → Extrayendo cuotas Match Odds...
20:46:42 [DEBUG] [wolfsburgo-femenino-juventus-fc-w-apuestas-3510554] → Extrayendo cuotas Match Odds...
20:46:43 [WARNING] ⟳ [al-hazm-ksa-al-akhdoud-apuestas-35232966] Match Odds incompletos (0/3), refrescando...
20:46:43 [WARNING] ⟳ [al-quadisiya-ksa-neom-sports-club-apuestas-3524103] Match Odds incompletos (0/3), refrescando...
20:46:43 [WARNING] ⟳ [wolfsburgo-femenino-juventus-fc-w-apuestas-3510554] Match Odds incompletos (0/3), refrescando...
20:46:52 [DEBUG] [thun-lausanne-apuestas-35244305] → Extrayendo momentum...
20:46:52 [DEBUG]   → Buscando URL del iframe de stats para Momentum...
20:46:52 [DEBUG] [sion-fc-basel-apuestas-35234028] → Extrayendo momentum...
20:46:52 [DEBUG]   → Buscando URL del iframe de stats para Momentum...
20:46:55 [DEBUG]   × No se encontró URL del iframe de stats
20:46:55 [INFO] ✓ [sion-fc-basel-apuestas-35234028] Captura exitosa: en_juego, min 15, 0-0
20:46:58 [DEBUG]   × No se encontró URL del iframe de stats
20:46:58 [INFO] ✓ [thun-lausanne-apuestas-35244305] Captura exitosa: en_juego, min 14, 0-0
20:47:11 [DEBUG] No se encontró banner de cookies (puede que ya esté aceptado)
20:47:12 [DEBUG] No se encontró banner de cookies (puede que ya esté aceptado)
20:47:12 [DEBUG] No se encontró banner de cookies (puede que ya esté aceptado)
20:47:31 [DEBUG] [al-hazm-ksa-al-akhdoud-apuestas-35232966] → Extrayendo cuotas Over/Under...
20:47:31 [DEBUG] [wolfsburgo-femenino-juventus-fc-w-apuestas-3510554] → Extrayendo cuotas Over/Under...
20:47:31 [DEBUG] [al-quadisiya-ksa-neom-sports-club-apuestas-3524103] → Extrayendo cuotas Over/Under...
20:47:32 [DEBUG] [al-hazm-ksa-al-akhdoud-apuestas-35232966] → Extrayendo cuotas Resultado Correcto...
20:47:32 [DEBUG] [wolfsburgo-femenino-juventus-fc-w-apuestas-3510554] → Extrayendo cuotas Resultado Correcto...
20:47:32 [DEBUG] [al-quadisiya-ksa-neom-sports-club-apuestas-3524103] → Extrayendo cuotas Resultado Correcto...
20:47:33 [DEBUG] [al-hazm-ksa-al-akhdoud-apuestas-35232966] → Extrayendo estadísticas del partido...
20:47:33 [DEBUG]   → Extrayendo eventId del HTML...
20:47:33 [DEBUG] Betfair event ID extraído de la URL: 35232966
20:47:33 [DEBUG] Consultando videoplayer: https://videoplayer.betfair.es/GetPlayer.do?eID=35232966&contentType=viz&contentView=mstats
20:47:33 [DEBUG] [wolfsburgo-femenino-juventus-fc-w-apuestas-3510554] → Extrayendo estadísticas del partido...
20:47:33 [DEBUG]   → Extrayendo eventId del HTML...
20:47:33 [DEBUG] Betfair event ID extraído de la URL: 35105544
20:47:33 [DEBUG] Consultando videoplayer: https://videoplayer.betfair.es/GetPlayer.do?eID=35105544&contentType=viz&contentView=mstats
20:47:33 [DEBUG] [al-quadisiya-ksa-neom-sports-club-apuestas-3524103] → Extrayendo estadísticas del partido...
20:47:33 [DEBUG]   → Extrayendo eventId del HTML...
20:47:33 [DEBUG] Betfair event ID extraído de la URL: 35241036
20:47:33 [DEBUG] Consultando videoplayer: https://videoplayer.betfair.es/GetPlayer.do?eID=35241036&contentType=viz&contentView=mstats
20:47:33 [WARNING] No se encontró eventId de Opta en la respuesta del videoplayer
20:47:33 [WARNING]   × No se pudo extraer eventId - partido sin estadísticas Opta
20:47:33 [INFO]   → Extrayendo stats del iframe (fallback): eID=35232966
20:47:34 [ERROR] Error consultando videoplayer endpoint: 404 Client Error:  for url: https://videoplayer.betfair.es/GetPlayer.do?eID=35105544&contentType=viz&contentView=mstats
20:47:34 [WARNING]   × No se pudo extraer eventId - partido sin estadísticas Opta
20:47:34 [INFO]   → Extrayendo stats del iframe (fallback): eID=35105544
20:47:34 [ERROR] Error consultando videoplayer endpoint: 404 Client Error:  for url: https://videoplayer.betfair.es/GetPlayer.do?eID=35241036&contentType=viz&contentView=mstats
20:47:34 [WARNING]   × No se pudo extraer eventId - partido sin estadísticas Opta
20:47:34 [INFO]   → Extrayendo stats del iframe (fallback): eID=35241036
20:47:37 [INFO]   ✓ Fallback iframe exitoso: 14 campos capturados
20:47:37 [DEBUG]   → Iframe stats capturados: {'tiros_puerta_local': '10', 'tiros_puerta_visitante': '3', 'corners_local': '12', 'corners_visitante': '5', 'posesion_local': '54', 'posesion_visitante': '46', 'shots_off_target_local': '6', 'shots_off_target_visitante': '0', 'blocked_shots_local': '1', 'blocked_shots_visitante': '5', 'time_in_dangerous_attack_pct_local': '72', 'time_in_dangerous_attack_pct_visitante': '28', 'tiros_local': '17', 'tiros_visitante': '8'}
20:47:37 [DEBUG]   → Total stats en dict tras merge: 14
20:47:37 [DEBUG] [al-hazm-ksa-al-akhdoud-apuestas-35232966] → Extrayendo volumen matched...
20:47:49 [WARNING]   × Fallback iframe no encontró estadísticas
20:47:50 [DEBUG] [al-quadisiya-ksa-neom-sports-club-apuestas-3524103] → Extrayendo volumen matched...
20:47:50 [WARNING]   × Fallback iframe no encontró estadísticas
20:47:50 [DEBUG] [wolfsburgo-femenino-juventus-fc-w-apuestas-3510554] → Extrayendo volumen matched...
20:47:50 [DEBUG] [al-hazm-ksa-al-akhdoud-apuestas-35232966] → Extrayendo momentum...
20:47:50 [DEBUG]   → Buscando URL del iframe de stats para Momentum...
20:47:57 [DEBUG]   × No se encontró URL del iframe de stats
20:47:57 [INFO] ✓ [al-hazm-ksa-al-akhdoud-apuestas-35232966] Captura exitosa: pre_partido, min , -
20:48:02 [DEBUG] [al-quadisiya-ksa-neom-sports-club-apuestas-3524103] → Extrayendo momentum...
20:48:02 [DEBUG]   → Buscando URL del iframe de stats para Momentum...
20:48:02 [DEBUG] [wolfsburgo-femenino-juventus-fc-w-apuestas-3510554] → Extrayendo momentum...
20:48:02 [DEBUG]   → Buscando URL del iframe de stats para Momentum...
20:48:09 [DEBUG]   × No se encontró URL del iframe de stats
20:48:09 [INFO] ✓ [al-quadisiya-ksa-neom-sports-club-apuestas-3524103] Captura exitosa: pre_partido, min , -
20:48:09 [DEBUG]   × No se encontró URL del iframe de stats
20:48:09 [INFO] ✓ [wolfsburgo-femenino-juventus-fc-w-apuestas-3510554] Captura exitosa: pre_partido, min , -
20:48:09 [INFO] ✓ Captura paralela completada en 112.5s (5/5 exitosos)
20:48:09 [WARNING] Ciclo tardó 112.5s (> 30s). Iniciando siguiente ciclo inmediatamente.
20:48:09 [INFO] 
--- Ciclo #4 ---
20:48:09 [INFO] 📸 Capturando 5 partidos en paralelo...
20:48:09 [DEBUG] ✓ Actualizar clickeado: sion-fc-basel-apuestas-35234028
20:48:09 [DEBUG] ✓ Actualizar clickeado: thun-lausanne-apuestas-35244305
20:48:10 [DEBUG] [sion-fc-basel-apuestas-35234028] → Extrayendo información del partido...
20:48:10 [DEBUG] [thun-lausanne-apuestas-35244305] → Extrayendo información del partido...
20:48:17 [DEBUG] [al-quadisiya-ksa-neom-sports-club-apuestas-3524103] → Extrayendo información del partido...
20:48:17 [DEBUG] [wolfsburgo-femenino-juventus-fc-w-apuestas-3510554] → Extrayendo información del partido...
20:48:17 [DEBUG] [al-hazm-ksa-al-akhdoud-apuestas-35232966] → Extrayendo información del partido...
20:48:18 [DEBUG] [sion-fc-basel-apuestas-35234028] → Extrayendo cuotas Match Odds...
20:48:18 [DEBUG] [thun-lausanne-apuestas-35244305] → Extrayendo cuotas Match Odds...
20:48:20 [DEBUG] [sion-fc-basel-apuestas-35234028] → Extrayendo cuotas Over/Under...
20:48:20 [DEBUG] [thun-lausanne-apuestas-35244305] → Extrayendo cuotas Over/Under...
20:48:23 [DEBUG] [sion-fc-basel-apuestas-35234028] → Extrayendo cuotas Resultado Correcto...
20:48:23 [DEBUG] [thun-lausanne-apuestas-35244305] → Extrayendo cuotas Resultado Correcto...
20:48:26 [DEBUG] [sion-fc-basel-apuestas-35234028] → Extrayendo estadísticas del partido...
20:48:26 [DEBUG]   → Extrayendo eventId del HTML...
20:48:27 [DEBUG] Betfair event ID extraído del HTML: 35234028
20:48:27 [DEBUG] Consultando videoplayer: https://videoplayer.betfair.es/GetPlayer.do?eID=35234028&contentType=viz&contentView=mstats
20:48:27 [DEBUG] [thun-lausanne-apuestas-35244305] → Extrayendo estadísticas del partido...
20:48:27 [DEBUG]   → Extrayendo eventId del HTML...
20:48:27 [DEBUG] Betfair event ID extraído del HTML: 35244305
20:48:27 [DEBUG] Consultando videoplayer: https://videoplayer.betfair.es/GetPlayer.do?eID=35244305&contentType=viz&contentView=mstats
20:48:27 [INFO] EventId de Opta extraído: bomuidcdl673b8rje49cbj40k
20:48:27 [DEBUG]   ✓ EventId extraído: bomuidcdl673b8rje49cbj40k
20:48:27 [DEBUG]   → Obteniendo estadísticas de la API...
20:48:27 [INFO] 📊 Obteniendo todas las estadísticas para eventId: bomuidcdl673b8rje49cbj40k
20:48:27 [INFO] EventId de Opta extraído: bp7jffdb5v1x5ksth1cngff2s
20:48:27 [DEBUG]   ✓ EventId extraído: bp7jffdb5v1x5ksth1cngff2s
20:48:27 [DEBUG]   → Obteniendo estadísticas de la API...
20:48:27 [INFO] 📊 Obteniendo todas las estadísticas para eventId: bp7jffdb5v1x5ksth1cngff2s
20:48:28 [DEBUG] ✅ Summary stats obtenidas para bomuidcdl673b8rje49cbj40k
20:48:28 [DEBUG] ✅ Summary stats obtenidas para bp7jffdb5v1x5ksth1cngff2s
20:48:29 [DEBUG] No se encontró datos de momentum
20:48:29 [DEBUG] No se encontró datos de momentum
20:48:30 [DEBUG] No se encontró teamStatsAttackingLv
20:48:30 [DEBUG] No se encontró teamStatsAttackingLv
20:48:31 [DEBUG] No se encontró teamStatsDefenceLv
20:48:31 [DEBUG] No se encontró teamStatsDefenceLv
20:48:32 [DEBUG] No se encontró teamStatsXgLv ni xgData
20:48:32 [INFO] ✅ Estadísticas obtenidas: 1/5 endpoints
20:48:32 [DEBUG]   → Mapeando estadísticas...
20:48:32 [INFO]   ✓ Estadísticas capturadas vía API: 28/66 campos
20:48:32 [DEBUG]     → xG: 0.27-0.0369, Corners: 1-0
20:48:32 [DEBUG] [thun-lausanne-apuestas-35244305] → Extrayendo volumen matched...
20:48:32 [DEBUG] No se encontró teamStatsXgLv ni xgData
20:48:32 [INFO] ✅ Estadísticas obtenidas: 1/5 endpoints
20:48:32 [DEBUG]   → Mapeando estadísticas...
20:48:32 [INFO]   ✓ Estadísticas capturadas vía API: 28/66 campos
20:48:32 [DEBUG]     → xG: 0.1617-0.1615, Corners: 0-1
20:48:32 [DEBUG] [sion-fc-basel-apuestas-35234028] → Extrayendo volumen matched...
20:48:34 [DEBUG] [wolfsburgo-femenino-juventus-fc-w-apuestas-3510554] → Extrayendo cuotas Match Odds...
20:48:34 [DEBUG] [al-hazm-ksa-al-akhdoud-apuestas-35232966] → Extrayendo cuotas Match Odds...
20:48:34 [DEBUG] [al-quadisiya-ksa-neom-sports-club-apuestas-3524103] → Extrayendo cuotas Match Odds...
20:48:35 [WARNING] ⟳ [wolfsburgo-femenino-juventus-fc-w-apuestas-3510554] Match Odds incompletos (0/3), refrescando...
20:48:35 [WARNING] ⟳ [al-hazm-ksa-al-akhdoud-apuestas-35232966] Match Odds incompletos (0/3), refrescando...
20:48:35 [WARNING] ⟳ [al-quadisiya-ksa-neom-sports-club-apuestas-3524103] Match Odds incompletos (0/3), refrescando...
20:48:45 [DEBUG] [thun-lausanne-apuestas-35244305] → Extrayendo momentum...
20:48:45 [DEBUG]   → Buscando URL del iframe de stats para Momentum...
20:48:45 [DEBUG] [sion-fc-basel-apuestas-35234028] → Extrayendo momentum...
20:48:45 [DEBUG]   → Buscando URL del iframe de stats para Momentum...
20:48:47 [DEBUG]   × No se encontró URL del iframe de stats
20:48:47 [INFO] ✓ [sion-fc-basel-apuestas-35234028] Captura exitosa: en_juego, min 17, 0-0
20:48:50 [DEBUG]   × No se encontró URL del iframe de stats
20:48:50 [INFO] ✓ [thun-lausanne-apuestas-35244305] Captura exitosa: en_juego, min 16, 0-0
20:49:03 [DEBUG] No se encontró banner de cookies (puede que ya esté aceptado)
20:49:04 [DEBUG] No se encontró banner de cookies (puede que ya esté aceptado)
20:49:04 [DEBUG] No se encontró banner de cookies (puede que ya esté aceptado)
20:49:23 [DEBUG] [wolfsburgo-femenino-juventus-fc-w-apuestas-3510554] → Extrayendo cuotas Over/Under...
20:49:23 [DEBUG] [al-hazm-ksa-al-akhdoud-apuestas-35232966] → Extrayendo cuotas Over/Under...
20:49:23 [DEBUG] [al-quadisiya-ksa-neom-sports-club-apuestas-3524103] → Extrayendo cuotas Over/Under...
20:49:24 [DEBUG] [wolfsburgo-femenino-juventus-fc-w-apuestas-3510554] → Extrayendo cuotas Resultado Correcto...
20:49:24 [DEBUG] [al-hazm-ksa-al-akhdoud-apuestas-35232966] → Extrayendo cuotas Resultado Correcto...
20:49:24 [DEBUG] [al-quadisiya-ksa-neom-sports-club-apuestas-3524103] → Extrayendo cuotas Resultado Correcto...
20:49:25 [DEBUG] [wolfsburgo-femenino-juventus-fc-w-apuestas-3510554] → Extrayendo estadísticas del partido...
20:49:25 [DEBUG]   → Extrayendo eventId del HTML...
20:49:25 [DEBUG] Betfair event ID extraído de la URL: 35105544
20:49:25 [DEBUG] Consultando videoplayer: https://videoplayer.betfair.es/GetPlayer.do?eID=35105544&contentType=viz&contentView=mstats
20:49:25 [DEBUG] [al-hazm-ksa-al-akhdoud-apuestas-35232966] → Extrayendo estadísticas del partido...
20:49:25 [DEBUG]   → Extrayendo eventId del HTML...
20:49:25 [DEBUG] [al-quadisiya-ksa-neom-sports-club-apuestas-3524103] → Extrayendo estadísticas del partido...
20:49:25 [DEBUG]   → Extrayendo eventId del HTML...
20:49:25 [DEBUG] Betfair event ID extraído de la URL: 35232966
20:49:25 [DEBUG] Consultando videoplayer: https://videoplayer.betfair.es/GetPlayer.do?eID=35232966&contentType=viz&contentView=mstats
20:49:25 [DEBUG] Betfair event ID extraído de la URL: 35241036
20:49:25 [DEBUG] Consultando videoplayer: https://videoplayer.betfair.es/GetPlayer.do?eID=35241036&contentType=viz&contentView=mstats
20:49:25 [ERROR] Error consultando videoplayer endpoint: 404 Client Error:  for url: https://videoplayer.betfair.es/GetPlayer.do?eID=35105544&contentType=viz&contentView=mstats
20:49:25 [WARNING]   × No se pudo extraer eventId - partido sin estadísticas Opta
20:49:25 [INFO]   → Extrayendo stats del iframe (fallback): eID=35105544
20:49:26 [ERROR] Error consultando videoplayer endpoint: 404 Client Error:  for url: https://videoplayer.betfair.es/GetPlayer.do?eID=35241036&contentType=viz&contentView=mstats
20:49:26 [WARNING]   × No se pudo extraer eventId - partido sin estadísticas Opta
20:49:26 [INFO]   → Extrayendo stats del iframe (fallback): eID=35241036
20:49:26 [WARNING] No se encontró eventId de Opta en la respuesta del videoplayer
20:49:26 [WARNING]   × No se pudo extraer eventId - partido sin estadísticas Opta
20:49:26 [INFO]   → Extrayendo stats del iframe (fallback): eID=35232966
20:49:29 [INFO]   ✓ Fallback iframe exitoso: 14 campos capturados
20:49:29 [DEBUG]   → Iframe stats capturados: {'tiros_puerta_local': '10', 'tiros_puerta_visitante': '3', 'corners_local': '12', 'corners_visitante': '5', 'posesion_local': '54', 'posesion_visitante': '46', 'shots_off_target_local': '6', 'shots_off_target_visitante': '0', 'blocked_shots_local': '1', 'blocked_shots_visitante': '5', 'time_in_dangerous_attack_pct_local': '72', 'time_in_dangerous_attack_pct_visitante': '28', 'tiros_local': '17', 'tiros_visitante': '8'}
20:49:29 [DEBUG]   → Total stats en dict tras merge: 14
20:49:29 [DEBUG] [al-hazm-ksa-al-akhdoud-apuestas-35232966] → Extrayendo volumen matched...
20:49:42 [WARNING]   × Fallback iframe no encontró estadísticas
20:49:42 [WARNING]   × Fallback iframe no encontró estadísticas
20:49:42 [DEBUG] [al-quadisiya-ksa-neom-sports-club-apuestas-3524103] → Extrayendo volumen matched...
20:49:42 [DEBUG] [wolfsburgo-femenino-juventus-fc-w-apuestas-3510554] → Extrayendo volumen matched...
20:49:42 [DEBUG] [al-hazm-ksa-al-akhdoud-apuestas-35232966] → Extrayendo momentum...
20:49:42 [DEBUG]   → Buscando URL del iframe de stats para Momentum...
20:49:49 [DEBUG]   × No se encontró URL del iframe de stats
20:49:49 [INFO] ✓ [al-hazm-ksa-al-akhdoud-apuestas-35232966] Captura exitosa: pre_partido, min , -
20:49:55 [DEBUG] [al-quadisiya-ksa-neom-sports-club-apuestas-3524103] → Extrayendo momentum...
20:49:55 [DEBUG] [wolfsburgo-femenino-juventus-fc-w-apuestas-3510554] → Extrayendo momentum...
20:49:55 [DEBUG]   → Buscando URL del iframe de stats para Momentum...
20:49:55 [DEBUG]   → Buscando URL del iframe de stats para Momentum...
20:50:01 [DEBUG]   × No se encontró URL del iframe de stats
20:50:01 [INFO] ✓ [wolfsburgo-femenino-juventus-fc-w-apuestas-3510554] Captura exitosa: pre_partido, min , -
20:50:01 [DEBUG]   × No se encontró URL del iframe de stats
20:50:01 [INFO] ✓ [al-quadisiya-ksa-neom-sports-club-apuestas-3524103] Captura exitosa: pre_partido, min , -
20:50:01 [INFO] ✓ Captura paralela completada en 112.2s (5/5 exitosos)
20:50:01 [WARNING] Ciclo tardó 112.2s (> 30s). Iniciando siguiente ciclo inmediatamente.
20:50:01 [INFO] 
--- Ciclo #5 ---
20:50:01 [INFO] 📸 Capturando 5 partidos en paralelo...
20:50:02 [DEBUG] ✓ Actualizar clickeado: sion-fc-basel-apuestas-35234028
20:50:02 [DEBUG] ✓ Actualizar clickeado: thun-lausanne-apuestas-35244305
20:50:02 [DEBUG] [sion-fc-basel-apuestas-35234028] → Extrayendo información del partido...
20:50:02 [DEBUG] [thun-lausanne-apuestas-35244305] → Extrayendo información del partido...
20:50:09 [DEBUG] [al-hazm-ksa-al-akhdoud-apuestas-35232966] → Extrayendo información del partido...
20:50:09 [DEBUG] [wolfsburgo-femenino-juventus-fc-w-apuestas-3510554] → Extrayendo información del partido...
20:50:09 [DEBUG] [al-quadisiya-ksa-neom-sports-club-apuestas-3524103] → Extrayendo información del partido...
20:50:10 [DEBUG] [sion-fc-basel-apuestas-35234028] → Extrayendo cuotas Match Odds...
20:50:10 [DEBUG] [thun-lausanne-apuestas-35244305] → Extrayendo cuotas Match Odds...
20:50:12 [DEBUG] [sion-fc-basel-apuestas-35234028] → Extrayendo cuotas Over/Under...
20:50:13 [DEBUG] [thun-lausanne-apuestas-35244305] → Extrayendo cuotas Over/Under...
20:50:15 [DEBUG] [sion-fc-basel-apuestas-35234028] → Extrayendo cuotas Resultado Correcto...
20:50:15 [DEBUG] [thun-lausanne-apuestas-35244305] → Extrayendo cuotas Resultado Correcto...
