20:39:00 [INFO] 📝 Log guardándose en: logs/scraper_20260220_203900.log
20:39:00 [INFO] Cargados 38 partidos desde games.csv
20:39:00 [INFO] 📅 MODO SCHEDULING ACTIVADO
20:39:00 [INFO]    Ventana tracking: 10 min antes → 120 min después
20:39:00 [INFO]    Total en CSV: 38 partidos
20:39:00 [INFO]    ✓ Partidos activos ahora: 31
20:39:00 [INFO]    ⏰ Partidos futuros: 7
20:39:00 [INFO]    ✅ Partidos finalizados: 0
20:39:00 [INFO] 
📋 Próximos partidos a trackear:
20:39:00 [INFO]       Athletic de Bilbao - Elche (en 21 min)
20:39:00 [INFO]       Blackburn - Preston (en 21 min)
20:39:00 [INFO]       Defensa y Justicia - Belgrano (en 36 min)
20:39:00 [INFO]       Club Football Estrela - Tondela (en 66 min)
20:39:00 [INFO]       Estudiantes - Sarmiento de Junin (en 66 min)
20:39:00 [INFO] 🚀 Sistema multi-driver: Creando 31 drivers independientes (sin límite de tabs)
20:39:00 [INFO] 
Iniciando observador con 31 partidos.
20:39:00 [INFO] Ciclo: 30s | Output: data/
20:39:00 [INFO] 🔄 Recarga dinámica: Revisando games.csv cada 5 ciclos (scheduling)
20:39:00 [INFO] 🧹 Limpiando ventanas Betfair antiguas...
20:39:00 [WARNING] Script de limpieza no encontrado: C:\Users\agonz\OneDrive\Documents\Proyectos\Furbo\betfair_scraper\close_betfair_windows.ps1
20:39:01 [INFO] Cargados 38 partidos desde games.csv
20:39:01 [INFO] 
🚀 Iniciando 31 drivers Chrome (partidos en vivo o próximos)...
20:39:01 [INFO] 🔧 Creando driver de login: Botosani - Universitatea Cluj
20:39:01 [INFO] 🔧 Creando driver para: Botosani - Universitatea Cluj
20:39:08 [INFO] ✓ Cookies aceptadas automáticamente
20:39:09 [INFO] ✓ Driver listo: botosani-universitatea-cluj-apuestas-35261616
20:39:09 [INFO] ============================================================
20:39:09 [INFO] HAZ LOGIN MANUAL en Betfair.es ahora.
20:39:09 [INFO] Tienes 0 segundos...
20:39:09 [INFO] El scraper comenzará automáticamente después.
20:39:09 [INFO] ============================================================
20:39:09 [INFO] 🔧 Creando 30 drivers adicionales en paralelo...
20:39:09 [INFO] 🔧 Creando driver para: FC Nordsjaelland - Vejle
20:39:09 [INFO] 🔧 Creando driver para: Al-Akhdoud - Al-Quadisiya (KSA)
20:39:09 [INFO] 🔧 Creando driver para: Annecy - Red Star
20:39:09 [INFO] 🔧 Creando driver para: Boulogne - Clermont
20:39:09 [INFO] 🔧 Creando driver para: Cambuur Leeuwarden - RKC
20:39:09 [INFO] 🔧 Creando driver para: Dhamk - Al-Shabab (KSA)
20:39:09 [INFO] 🔧 Creando driver para: Dunkerque - Bastia
20:39:09 [INFO] 🔧 Creando driver para: Emmen - Jong PSV Eindhoven
20:39:22 [INFO] ✓ Cookies aceptadas automáticamente
20:39:23 [INFO] ✓ Driver listo: boulogne-clermont-apuestas-35263818
20:39:23 [INFO] 🔧 Creando driver para: FC Dordrecht - Jong Ajax Amsterdam
20:39:23 [INFO] ✓ Cookies aceptadas automáticamente
20:39:24 [INFO] ✓ Driver listo: dunkerque-bastia-apuestas-35273785
20:39:24 [INFO] 🔧 Creando driver para: Fortuna Sittard - Excelsior
20:39:25 [INFO] ✓ Cookies aceptadas automáticamente
20:39:26 [INFO] ✓ Cookies aceptadas automáticamente
20:39:26 [INFO] ✓ Cookies aceptadas automáticamente
20:39:26 [INFO] ✓ Driver listo: al-akhdoud-al-quadisiya-ksa-apuestas-35264090
20:39:26 [INFO] 🔧 Creando driver para: Helmond Sport - Ado Den Haag
20:39:27 [INFO] ✓ Driver listo: dhamk-al-shabab-ksa-apuestas-35264075
20:39:27 [INFO] 🔧 Creando driver para: Nancy - Grenoble
20:39:27 [INFO] ✓ Cookies aceptadas automáticamente
20:39:27 [INFO] ✓ Driver listo: cambuur-leeuwarden-rkc-apuestas-35276181
20:39:27 [INFO] 🔧 Creando driver para: Rodez - Montpellier
20:39:28 [INFO] ✓ Driver listo: emmen-jong-psv-eindhoven-apuestas-35263815
20:39:28 [INFO] 🔧 Creando driver para: VVV - FC Oss
20:39:36 [INFO] ✓ Cookies aceptadas automáticamente
20:39:37 [INFO] ✓ Cookies aceptadas automáticamente
20:39:37 [INFO] ✓ Driver listo: annecy-red-star-apuestas-35263813
20:39:37 [INFO] 🔧 Creando driver para: Willem II - Vitesse Arnhem
20:39:38 [INFO] ✓ Driver listo: fc-nordsjaelland-vejle-apuestas-35268010
20:39:38 [INFO] 🔧 Creando driver para: AD Ceuta FC - Granada
20:39:55 [INFO] ✓ Cookies aceptadas automáticamente
20:39:56 [INFO] ✓ Driver listo: vvv-fc-oss-apuestas-35268013
20:39:56 [INFO] 🔧 Creando driver para: Audace Cerignola - S.S.D. Casarano Calcio
20:40:03 [INFO] ✓ Cookies aceptadas automáticamente
20:40:03 [INFO] ✓ Cookies aceptadas automáticamente
20:40:04 [INFO] ✓ Driver listo: fortuna-sittard-excelsior-apuestas-35243098
20:40:04 [INFO] 🔧 Creando driver para: First Vienna Fc 1894 - St Polten
20:40:04 [INFO] ✓ Driver listo: ad-ceuta-fc-granada-apuestas-35269250
20:40:04 [INFO] 🔧 Creando driver para: Frosinone - Empoli
20:40:06 [INFO] ✓ Cookies aceptadas automáticamente
20:40:07 [INFO] ✓ Driver listo: nancy-grenoble-apuestas-35266154
20:40:07 [INFO] 🔧 Creando driver para: Ghazl El Mahallah - ZED FC
20:40:08 [INFO] ✓ Cookies aceptadas automáticamente
20:40:09 [INFO] ✓ Driver listo: fc-dordrecht-jong-ajax-amsterdam-apuestas-35276186
20:40:09 [INFO] 🔧 Creando driver para: Ismaily - Wadi Degla
20:40:10 [INFO] ✓ Cookies aceptadas automáticamente
20:40:11 [INFO] ✓ Driver listo: willem-ii-vitesse-arnhem-apuestas-35276187
20:40:11 [INFO] 🔧 Creando driver para: Mainz - Hamburgo
20:40:23 [INFO] ✓ Cookies aceptadas automáticamente
20:40:24 [INFO] ✓ Driver listo: rodez-montpellier-apuestas-35266151
20:40:24 [INFO] 🔧 Creando driver para: Pyramids - Ceramica Cleopatra
20:40:28 [DEBUG] No se encontró banner de cookies (puede que ya esté aceptado)
20:40:28 [INFO] ✓ Driver listo: helmond-sport-ado-den-haag-apuestas-35263811
20:40:28 [INFO] 🔧 Creando driver para: US Pianese - FC Guidonia Montecelio 1937
20:40:33 [INFO] ✓ Cookies aceptadas automáticamente
20:40:34 [INFO] ✓ Driver listo: audace-cerignola-ssd-casarano-calcio-apuestas-3527
20:40:34 [INFO] 🔧 Creando driver para: Wisla de Cracovia - Wieczysta Krakow
20:40:37 [INFO] ✓ Cookies aceptadas automáticamente
20:40:37 [INFO] ✓ Cookies aceptadas automáticamente
20:40:38 [INFO] ✓ Driver listo: ismaily-wadi-degla-apuestas-35264073
20:40:38 [INFO] 🔧 Creando driver para: Zamalek - Haras El Hodood
20:40:38 [INFO] ✓ Driver listo: ghazl-el-mahallah-zed-fc-apuestas-35264081
20:40:38 [INFO] 🔧 Creando driver para: Brest - Marsella
20:41:01 [DEBUG] No se encontró banner de cookies (puede que ya esté aceptado)
20:41:01 [INFO] ✓ Driver listo: mainz-hamburgo-apuestas-35244047
20:41:01 [INFO] 🔧 Creando driver para: Gent - Círculo Brujas
20:41:27 [DEBUG] No se encontró banner de cookies (puede que ya esté aceptado)
20:41:27 [INFO] ✓ Driver listo: first-vienna-fc-1894-st-polten-apuestas-35263879
20:41:27 [INFO] 🔧 Creando driver para: Sassuolo - Verona
20:41:32 [DEBUG] No se encontró banner de cookies (puede que ya esté aceptado)
20:41:32 [INFO] ✓ Driver listo: pyramids-ceramica-cleopatra-apuestas-35264076
20:41:32 [INFO] 🔧 Creando driver para: Waterford - Sligo Rovers
20:41:53 [DEBUG] No se encontró banner de cookies (puede que ya esté aceptado)
20:41:53 [INFO] ✓ Driver listo: wisla-de-cracovia-wieczysta-krakow-apuestas-352713
20:42:01 [DEBUG] No se encontró banner de cookies (puede que ya esté aceptado)
20:42:01 [INFO] ✓ Driver listo: zamalek-haras-el-hodood-apuestas-35264080
20:42:08 [DEBUG] No se encontró banner de cookies (puede que ya esté aceptado)
20:42:08 [INFO] ✓ Driver listo: us-pianese-fc-guidonia-montecelio-1937-apuestas-35
20:42:09 [WARNING] Timeout esperando drivers. Continuando con 26 drivers creados.
20:42:09 [INFO] ✓ 26 drivers creados exitosamente
20:42:09 [INFO] ============================================================
20:42:09 [INFO] CAPTURA INICIADA - Presiona Ctrl+C para detener
20:42:09 [INFO] ============================================================
20:42:09 [INFO] 
--- Ciclo #1 ---
20:42:09 [INFO] 📸 Capturando 26 partidos en paralelo...
20:42:10 [DEBUG] ✓ Actualizar clickeado: nancy-grenoble-apuestas-35266154
20:42:10 [DEBUG] ✓ Actualizar clickeado: ad-ceuta-fc-granada-apuestas-35269250
20:42:10 [DEBUG] ✓ Actualizar clickeado: fortuna-sittard-excelsior-apuestas-35243098
20:42:10 [DEBUG] ✓ Actualizar clickeado: al-akhdoud-al-quadisiya-ksa-apuestas-35264090
20:42:10 [DEBUG] ✓ Actualizar clickeado: rodez-montpellier-apuestas-35266151
20:42:10 [DEBUG] [nancy-grenoble-apuestas-35266154] → Extrayendo información del partido...
20:42:10 [DEBUG] [fortuna-sittard-excelsior-apuestas-35243098] → Extrayendo información del partido...
20:42:10 [DEBUG] [ad-ceuta-fc-granada-apuestas-35269250] → Extrayendo información del partido...
20:42:10 [DEBUG] ✓ Actualizar clickeado: fc-dordrecht-jong-ajax-amsterdam-apuestas-35276186
20:42:10 [DEBUG] [al-akhdoud-al-quadisiya-ksa-apuestas-35264090] → Extrayendo información del partido...
20:42:10 [DEBUG] ✓ Actualizar clickeado: vvv-fc-oss-apuestas-35268013
20:42:10 [DEBUG] ✓ Actualizar clickeado: cambuur-leeuwarden-rkc-apuestas-35276181
20:42:10 [DEBUG] ✓ Actualizar clickeado: botosani-universitatea-cluj-apuestas-35261616
20:42:10 [DEBUG] ✓ Actualizar clickeado: emmen-jong-psv-eindhoven-apuestas-35263815
20:42:10 [DEBUG] [rodez-montpellier-apuestas-35266151] → Extrayendo información del partido...
20:42:10 [DEBUG] ✓ Actualizar clickeado: boulogne-clermont-apuestas-35263818
20:42:10 [DEBUG] ✓ Actualizar clickeado: ghazl-el-mahallah-zed-fc-apuestas-35264081
20:42:10 [DEBUG] ✓ Actualizar clickeado: willem-ii-vitesse-arnhem-apuestas-35276187
20:42:11 [DEBUG] ✓ Actualizar clickeado: fc-nordsjaelland-vejle-apuestas-35268010
20:42:11 [DEBUG] [fc-dordrecht-jong-ajax-amsterdam-apuestas-35276186] → Extrayendo información del partido...
20:42:11 [DEBUG] [vvv-fc-oss-apuestas-35268013] → Extrayendo información del partido...
20:42:11 [DEBUG] [cambuur-leeuwarden-rkc-apuestas-35276181] → Extrayendo información del partido...
20:42:11 [DEBUG] [botosani-universitatea-cluj-apuestas-35261616] → Extrayendo información del partido...
20:42:11 [DEBUG] [emmen-jong-psv-eindhoven-apuestas-35263815] → Extrayendo información del partido...
20:42:11 [DEBUG] [boulogne-clermont-apuestas-35263818] → Extrayendo información del partido...
20:42:11 [DEBUG] [ghazl-el-mahallah-zed-fc-apuestas-35264081] → Extrayendo información del partido...
20:42:11 [DEBUG] ✓ Actualizar clickeado: annecy-red-star-apuestas-35263813
20:42:11 [DEBUG] ✓ Actualizar clickeado: ismaily-wadi-degla-apuestas-35264073
20:42:11 [DEBUG] ✓ Actualizar clickeado: dunkerque-bastia-apuestas-35273785
20:42:11 [DEBUG] ✓ Actualizar clickeado: dhamk-al-shabab-ksa-apuestas-35264075
20:42:11 [DEBUG] [willem-ii-vitesse-arnhem-apuestas-35276187] → Extrayendo información del partido...
20:42:11 [DEBUG] ✓ Actualizar clickeado: audace-cerignola-ssd-casarano-calcio-apuestas-3527
20:42:11 [DEBUG] Actualizar omitido para first-vienna-fc-1894-st-polten-apuestas-35263879: Message: element click intercepted: Element <button class="refresh-btn marketview-resize" ng-if="ctrl.data.refreshMarket.visible &amp;&amp; ctrl.data.marketHeaderTheme === 'marketview'" ng-click="ctrl.data.refreshMarket.onClick()" ng-bind="::ctrl.data.refreshMarket.label">...</button> is not clickable at point (1354, 156). Other element would receive the click: <div class="onetrust-pc-dark-filter ot-fade-in" style="z-index:2147483645;"></div>
  (Session info: chrome=144.0.7559.133); For documentation on this error, please visit: https://www.selenium.dev/documentation/webdriver/troubleshooting/errors#elementclickinterceptedexception
Stacktrace:
Symbols not available. Dumping unresolved backtrace:
	0xc75093
	0xc750d4
	0xa6b490
	0xabbfd8
	0xaba1e9
	0xab7ba2
	0xab6db4
	0xaab4f8
	0xad81bc
	0xaaaf34
	0xad8384
	0xaf5341
	0xad7f56
	0xaa96c9
	0xaaa484
	0xec7e34
	0xec30c9
	0xee0add
	0xc8db38
	0xc958ad
	0xc7d848
	0xc7da12
	0xc675fa
	0x761b5d49
	0x77a8d83b
	0x77a8d7c1

20:42:11 [DEBUG] Actualizar omitido para zamalek-haras-el-hodood-apuestas-35264080: Message: element click intercepted: Element <button class="refresh-btn marketview-resize" ng-if="ctrl.data.refreshMarket.visible &amp;&amp; ctrl.data.marketHeaderTheme === 'marketview'" ng-click="ctrl.data.refreshMarket.onClick()" ng-bind="::ctrl.data.refreshMarket.label">...</button> is not clickable at point (1354, 247). Other element would receive the click: <div class="onetrust-pc-dark-filter ot-fade-in" style="z-index:2147483645;"></div>
  (Session info: chrome=144.0.7559.133); For documentation on this error, please visit: https://www.selenium.dev/documentation/webdriver/troubleshooting/errors#elementclickinterceptedexception
Stacktrace:
Symbols not available. Dumping unresolved backtrace:
	0xc75093
	0xc750d4
	0xa6b490
	0xabbfd8
	0xaba1e9
	0xab7ba2
	0xab6db4
	0xaab4f8
	0xad81bc
	0xaaaf34
	0xad8384
	0xaf5341
	0xad7f56
	0xaa96c9
	0xaaa484
	0xec7e34
	0xec30c9
	0xee0add
	0xc8db38
	0xc958ad
	0xc7d848
	0xc7da12
	0xc675fa
	0x761b5d49
	0x77a8d83b
	0x77a8d7c1

20:42:11 [DEBUG] [first-vienna-fc-1894-st-polten-apuestas-35263879] → Extrayendo información del partido...
20:42:11 [DEBUG] Actualizar omitido para us-pianese-fc-guidonia-montecelio-1937-apuestas-35: Message: element click intercepted: Element <button class="refresh-btn marketview-resize" ng-if="ctrl.data.refreshMarket.visible &amp;&amp; ctrl.data.marketHeaderTheme === 'marketview'" ng-click="ctrl.data.refreshMarket.onClick()" ng-bind="::ctrl.data.refreshMarket.label">...</button> is not clickable at point (1354, 247). Other element would receive the click: <div class="onetrust-pc-dark-filter ot-fade-in" style="z-index:2147483645;"></div>
  (Session info: chrome=144.0.7559.133); For documentation on this error, please visit: https://www.selenium.dev/documentation/webdriver/troubleshooting/errors#elementclickinterceptedexception
Stacktrace:
Symbols not available. Dumping unresolved backtrace:
	0xc75093
	0xc750d4
	0xa6b490
	0xabbfd8
	0xaba1e9
	0xab7ba2
	0xab6db4
	0xaab4f8
	0xad81bc
	0xaaaf34
	0xad8384
	0xaf5341
	0xad7f56
	0xaa96c9
	0xaaa484
	0xec7e34
	0xec30c9
	0xee0add
	0xc8db38
	0xc958ad
	0xc7d848
	0xc7da12
	0xc675fa
	0x761b5d49
	0x77a8d83b
	0x77a8d7c1

20:42:11 [DEBUG] [zamalek-haras-el-hodood-apuestas-35264080] → Extrayendo información del partido...
20:42:11 [DEBUG] [us-pianese-fc-guidonia-montecelio-1937-apuestas-35] → Extrayendo información del partido...
20:42:11 [DEBUG] [fc-nordsjaelland-vejle-apuestas-35268010] → Extrayendo información del partido...
20:42:11 [DEBUG] [annecy-red-star-apuestas-35263813] → Extrayendo información del partido...
20:42:11 [DEBUG] [ismaily-wadi-degla-apuestas-35264073] → Extrayendo información del partido...
20:42:11 [DEBUG] [dunkerque-bastia-apuestas-35273785] → Extrayendo información del partido...
20:42:11 [DEBUG] [dhamk-al-shabab-ksa-apuestas-35264075] → Extrayendo información del partido...
20:42:11 [DEBUG] [audace-cerignola-ssd-casarano-calcio-apuestas-3527] → Extrayendo información del partido...
20:42:11 [DEBUG] Actualizar omitido para wisla-de-cracovia-wieczysta-krakow-apuestas-352713: Message: element click intercepted: Element <button class="refresh-btn marketview-resize" ng-if="ctrl.data.refreshMarket.visible &amp;&amp; ctrl.data.marketHeaderTheme === 'marketview'" ng-click="ctrl.data.refreshMarket.onClick()" ng-bind="::ctrl.data.refreshMarket.label">...</button> is not clickable at point (1354, 156). Other element would receive the click: <div class="onetrust-pc-dark-filter ot-fade-in" style="z-index:2147483645;"></div>
  (Session info: chrome=144.0.7559.133); For documentation on this error, please visit: https://www.selenium.dev/documentation/webdriver/troubleshooting/errors#elementclickinterceptedexception
Stacktrace:
Symbols not available. Dumping unresolved backtrace:
	0xc75093
	0xc750d4
	0xa6b490
	0xabbfd8
	0xaba1e9
	0xab7ba2
	0xab6db4
	0xaab4f8
	0xad81bc
	0xaaaf34
	0xad8384
	0xaf5341
	0xad7f56
	0xaa96c9
	0xaaa484
	0xec7e34
	0xec30c9
	0xee0add
	0xc8db38
	0xc958ad
	0xc7d848
	0xc7da12
	0xc675fa
	0x761b5d49
	0x77a8d83b
	0x77a8d7c1

20:42:11 [DEBUG] [wisla-de-cracovia-wieczysta-krakow-apuestas-352713] → Extrayendo información del partido...
20:42:11 [DEBUG] Actualizar omitido para helmond-sport-ado-den-haag-apuestas-35263811: Message: element click intercepted: Element <button class="refresh-btn marketview-resize" ng-if="ctrl.data.refreshMarket.visible &amp;&amp; ctrl.data.marketHeaderTheme === 'marketview'" ng-click="ctrl.data.refreshMarket.onClick()" ng-bind="::ctrl.data.refreshMarket.label">...</button> is not clickable at point (1354, 247). Other element would receive the click: <div class="onetrust-pc-dark-filter ot-fade-in" style="z-index:2147483645;"></div>
  (Session info: chrome=144.0.7559.133); For documentation on this error, please visit: https://www.selenium.dev/documentation/webdriver/troubleshooting/errors#elementclickinterceptedexception
Stacktrace:
Symbols not available. Dumping unresolved backtrace:
	0xc75093
	0xc750d4
	0xa6b490
	0xabbfd8
	0xaba1e9
	0xab7ba2
	0xab6db4
	0xaab4f8
	0xad81bc
	0xaaaf34
	0xad8384
	0xaf5341
	0xad7f56
	0xaa96c9
	0xaaa484
	0xec7e34
	0xec30c9
	0xee0add
	0xc8db38
	0xc958ad
	0xc7d848
	0xc7da12
	0xc675fa
	0x761b5d49
	0x77a8d83b
	0x77a8d7c1

20:42:11 [DEBUG] Actualizar omitido para pyramids-ceramica-cleopatra-apuestas-35264076: Message: element click intercepted: Element <button class="refresh-btn marketview-resize" ng-if="ctrl.data.refreshMarket.visible &amp;&amp; ctrl.data.marketHeaderTheme === 'marketview'" ng-click="ctrl.data.refreshMarket.onClick()" ng-bind="::ctrl.data.refreshMarket.label">...</button> is not clickable at point (1369, 247). Other element would receive the click: <div class="onetrust-pc-dark-filter ot-fade-in" style="z-index:2147483645;"></div>
  (Session info: chrome=144.0.7559.133); For documentation on this error, please visit: https://www.selenium.dev/documentation/webdriver/troubleshooting/errors#elementclickinterceptedexception
Stacktrace:
Symbols not available. Dumping unresolved backtrace:
	0xc75093
	0xc750d4
	0xa6b490
	0xabbfd8
	0xaba1e9
	0xab7ba2
	0xab6db4
	0xaab4f8
	0xad81bc
	0xaaaf34
	0xad8384
	0xaf5341
	0xad7f56
	0xaa96c9
	0xaaa484
	0xec7e34
	0xec30c9
	0xee0add
	0xc8db38
	0xc958ad
	0xc7d848
	0xc7da12
	0xc675fa
	0x761b5d49
	0x77a8d83b
	0x77a8d7c1

20:42:11 [DEBUG] [helmond-sport-ado-den-haag-apuestas-35263811] → Extrayendo información del partido...
20:42:11 [DEBUG] [pyramids-ceramica-cleopatra-apuestas-35264076] → Extrayendo información del partido...
20:42:18 [DEBUG] [mainz-hamburgo-apuestas-35244047] → Extrayendo información del partido...
20:42:19 [DEBUG] [nancy-grenoble-apuestas-35266154] → Extrayendo cuotas Match Odds...
20:42:19 [DEBUG] [fortuna-sittard-excelsior-apuestas-35243098] → Extrayendo cuotas Match Odds...
20:42:19 [DEBUG] [al-akhdoud-al-quadisiya-ksa-apuestas-35264090] → Extrayendo cuotas Match Odds...
20:42:19 [DEBUG] [ad-ceuta-fc-granada-apuestas-35269250] → Extrayendo cuotas Match Odds...
20:42:19 [DEBUG] [rodez-montpellier-apuestas-35266151] → Extrayendo cuotas Match Odds...
20:42:19 [DEBUG] [fc-dordrecht-jong-ajax-amsterdam-apuestas-35276186] → Extrayendo cuotas Match Odds...
20:42:19 [DEBUG] [willem-ii-vitesse-arnhem-apuestas-35276187] → Extrayendo cuotas Match Odds...
20:42:19 [DEBUG] [zamalek-haras-el-hodood-apuestas-35264080] → Extrayendo cuotas Match Odds...
20:42:19 [DEBUG] [us-pianese-fc-guidonia-montecelio-1937-apuestas-35] → Extrayendo cuotas Match Odds...
20:42:19 [DEBUG] [ghazl-el-mahallah-zed-fc-apuestas-35264081] → Extrayendo cuotas Match Odds...
20:42:19 [DEBUG] [cambuur-leeuwarden-rkc-apuestas-35276181] → Extrayendo cuotas Match Odds...
20:42:19 [DEBUG] [vvv-fc-oss-apuestas-35268013] → Extrayendo cuotas Match Odds...
20:42:20 [DEBUG] [botosani-universitatea-cluj-apuestas-35261616] → Extrayendo cuotas Match Odds...
20:42:20 [DEBUG] [emmen-jong-psv-eindhoven-apuestas-35263815] → Extrayendo cuotas Match Odds...
20:42:20 [DEBUG] [boulogne-clermont-apuestas-35263818] → Extrayendo cuotas Match Odds...
20:42:20 [DEBUG] [annecy-red-star-apuestas-35263813] → Extrayendo cuotas Match Odds...
20:42:20 [DEBUG] [fc-nordsjaelland-vejle-apuestas-35268010] → Extrayendo cuotas Match Odds...
20:42:20 [DEBUG] [audace-cerignola-ssd-casarano-calcio-apuestas-3527] → Extrayendo cuotas Match Odds...
20:42:20 [DEBUG] [ismaily-wadi-degla-apuestas-35264073] → Extrayendo cuotas Match Odds...
20:42:20 [DEBUG] [dunkerque-bastia-apuestas-35273785] → Extrayendo cuotas Match Odds...
20:42:20 [DEBUG] [helmond-sport-ado-den-haag-apuestas-35263811] → Extrayendo cuotas Match Odds...
20:42:20 [DEBUG] [dhamk-al-shabab-ksa-apuestas-35264075] → Extrayendo cuotas Match Odds...
20:42:20 [DEBUG] [pyramids-ceramica-cleopatra-apuestas-35264076] → Extrayendo cuotas Match Odds...
20:42:21 [DEBUG] [nancy-grenoble-apuestas-35266154] → Extrayendo cuotas Over/Under...
20:42:21 [DEBUG] [fortuna-sittard-excelsior-apuestas-35243098] → Extrayendo cuotas Over/Under...
20:42:21 [DEBUG] [al-akhdoud-al-quadisiya-ksa-apuestas-35264090] → Extrayendo cuotas Over/Under...
20:42:21 [DEBUG] [rodez-montpellier-apuestas-35266151] → Extrayendo cuotas Over/Under...
20:42:21 [DEBUG] [ad-ceuta-fc-granada-apuestas-35269250] → Extrayendo cuotas Over/Under...
20:42:22 [DEBUG] [willem-ii-vitesse-arnhem-apuestas-35276187] → Extrayendo cuotas Over/Under...
20:42:22 [DEBUG] [fc-dordrecht-jong-ajax-amsterdam-apuestas-35276186] → Extrayendo cuotas Over/Under...
20:42:22 [DEBUG] [zamalek-haras-el-hodood-apuestas-35264080] → Extrayendo cuotas Over/Under...
20:42:22 [DEBUG] [us-pianese-fc-guidonia-montecelio-1937-apuestas-35] → Extrayendo cuotas Over/Under...
20:42:22 [DEBUG] [vvv-fc-oss-apuestas-35268013] → Extrayendo cuotas Over/Under...
20:42:22 [DEBUG] [cambuur-leeuwarden-rkc-apuestas-35276181] → Extrayendo cuotas Over/Under...
20:42:22 [DEBUG] [ghazl-el-mahallah-zed-fc-apuestas-35264081] → Extrayendo cuotas Over/Under...
20:42:23 [DEBUG] [boulogne-clermont-apuestas-35263818] → Extrayendo cuotas Over/Under...
20:42:23 [DEBUG] [botosani-universitatea-cluj-apuestas-35261616] → Extrayendo cuotas Over/Under...
20:42:23 [DEBUG] [emmen-jong-psv-eindhoven-apuestas-35263815] → Extrayendo cuotas Over/Under...
20:42:23 [DEBUG] [fc-nordsjaelland-vejle-apuestas-35268010] → Extrayendo cuotas Over/Under...
20:42:23 [DEBUG] [annecy-red-star-apuestas-35263813] → Extrayendo cuotas Over/Under...
20:42:23 [DEBUG] [audace-cerignola-ssd-casarano-calcio-apuestas-3527] → Extrayendo cuotas Over/Under...
20:42:23 [DEBUG] [dhamk-al-shabab-ksa-apuestas-35264075] → Extrayendo cuotas Over/Under...
20:42:23 [DEBUG] [helmond-sport-ado-den-haag-apuestas-35263811] → Extrayendo cuotas Over/Under...
20:42:23 [DEBUG] [ismaily-wadi-degla-apuestas-35264073] → Extrayendo cuotas Over/Under...
20:42:23 [DEBUG] [pyramids-ceramica-cleopatra-apuestas-35264076] → Extrayendo cuotas Over/Under...
20:42:23 [DEBUG] [dunkerque-bastia-apuestas-35273785] → Extrayendo cuotas Over/Under...
20:42:26 [DEBUG] [nancy-grenoble-apuestas-35266154] → Extrayendo cuotas Resultado Correcto...
20:42:26 [DEBUG] [al-akhdoud-al-quadisiya-ksa-apuestas-35264090] → Extrayendo cuotas Resultado Correcto...
20:42:27 [DEBUG] [fortuna-sittard-excelsior-apuestas-35243098] → Extrayendo cuotas Resultado Correcto...
20:42:27 [DEBUG] [zamalek-haras-el-hodood-apuestas-35264080] → Extrayendo cuotas Resultado Correcto...
20:42:27 [DEBUG] [ad-ceuta-fc-granada-apuestas-35269250] → Extrayendo cuotas Resultado Correcto...
20:42:27 [DEBUG] [rodez-montpellier-apuestas-35266151] → Extrayendo cuotas Resultado Correcto...
20:42:28 [DEBUG] [pyramids-ceramica-cleopatra-apuestas-35264076] → Extrayendo cuotas Resultado Correcto...
20:42:29 [DEBUG] [first-vienna-fc-1894-st-polten-apuestas-35263879] → Extrayendo cuotas Match Odds...
20:42:29 [DEBUG] [willem-ii-vitesse-arnhem-apuestas-35276187] → Extrayendo cuotas Resultado Correcto...
20:42:29 [DEBUG] [us-pianese-fc-guidonia-montecelio-1937-apuestas-35] → Extrayendo cuotas Resultado Correcto...
20:42:29 [DEBUG] [fc-nordsjaelland-vejle-apuestas-35268010] → Extrayendo cuotas Resultado Correcto...
20:42:29 [DEBUG] [fc-dordrecht-jong-ajax-amsterdam-apuestas-35276186] → Extrayendo cuotas Resultado Correcto...
20:42:29 [DEBUG] [cambuur-leeuwarden-rkc-apuestas-35276181] → Extrayendo cuotas Resultado Correcto...
20:42:29 [DEBUG] [emmen-jong-psv-eindhoven-apuestas-35263815] → Extrayendo cuotas Resultado Correcto...
20:42:30 [DEBUG] [vvv-fc-oss-apuestas-35268013] → Extrayendo cuotas Resultado Correcto...
20:42:30 [DEBUG] [botosani-universitatea-cluj-apuestas-35261616] → Extrayendo cuotas Resultado Correcto...
20:42:30 [DEBUG] [helmond-sport-ado-den-haag-apuestas-35263811] → Extrayendo cuotas Resultado Correcto...
20:42:30 [DEBUG] [ghazl-el-mahallah-zed-fc-apuestas-35264081] → Extrayendo cuotas Resultado Correcto...
20:42:31 [DEBUG] [wisla-de-cracovia-wieczysta-krakow-apuestas-352713] → Extrayendo cuotas Match Odds...
20:42:31 [DEBUG] [pyramids-ceramica-cleopatra-apuestas-35264076] → Extrayendo estadísticas del partido...
20:42:31 [DEBUG]   → Extrayendo eventId del HTML...
20:42:31 [DEBUG] [boulogne-clermont-apuestas-35263818] → Extrayendo cuotas Resultado Correcto...
20:42:31 [DEBUG] [annecy-red-star-apuestas-35263813] → Extrayendo cuotas Resultado Correcto...
20:42:31 [DEBUG] Betfair event ID extraído del HTML: 35264076
20:42:31 [DEBUG] Consultando videoplayer: https://videoplayer.betfair.es/GetPlayer.do?eID=35264076&contentType=viz&contentView=mstats
20:42:31 [DEBUG] [ismaily-wadi-degla-apuestas-35264073] → Extrayendo cuotas Resultado Correcto...
20:42:31 [DEBUG] [audace-cerignola-ssd-casarano-calcio-apuestas-3527] O/U escasos (0), intentando via mercado individual...
20:42:31 [DEBUG] [dhamk-al-shabab-ksa-apuestas-35264075] O/U escasos (0), intentando via mercado individual...
20:42:32 [DEBUG] [first-vienna-fc-1894-st-polten-apuestas-35263879] → Extrayendo cuotas Over/Under...
20:42:32 [DEBUG] [nancy-grenoble-apuestas-35266154] → Extrayendo estadísticas del partido...
20:42:32 [DEBUG]   → Extrayendo eventId del HTML...
20:42:32 [INFO] EventId de Opta extraído: 6nvp4j79eisp5wgwdhjxsanmc
20:42:32 [DEBUG]   ✓ EventId extraído: 6nvp4j79eisp5wgwdhjxsanmc
20:42:32 [DEBUG]   → Obteniendo estadísticas de la API...
20:42:32 [INFO] 📊 Obteniendo todas las estadísticas para eventId: 6nvp4j79eisp5wgwdhjxsanmc
20:42:32 [DEBUG] Betfair event ID extraído del HTML: 35266154
20:42:32 [DEBUG] Consultando videoplayer: https://videoplayer.betfair.es/GetPlayer.do?eID=35266154&contentType=viz&contentView=mstats
20:42:33 [DEBUG] [fortuna-sittard-excelsior-apuestas-35243098] → Extrayendo estadísticas del partido...
20:42:33 [DEBUG]   → Extrayendo eventId del HTML...
20:42:33 [DEBUG] Betfair event ID extraído del HTML: 35243098
20:42:33 [DEBUG] Consultando videoplayer: https://videoplayer.betfair.es/GetPlayer.do?eID=35243098&contentType=viz&contentView=mstats
20:42:33 [DEBUG] [zamalek-haras-el-hodood-apuestas-35264080] → Extrayendo estadísticas del partido...
20:42:33 [DEBUG]   → Extrayendo eventId del HTML...
20:42:33 [DEBUG] [ad-ceuta-fc-granada-apuestas-35269250] → Extrayendo estadísticas del partido...
20:42:33 [DEBUG]   → Extrayendo eventId del HTML...
20:42:33 [DEBUG] Betfair event ID extraído del HTML: 35264080
20:42:33 [DEBUG] Consultando videoplayer: https://videoplayer.betfair.es/GetPlayer.do?eID=35264080&contentType=viz&contentView=mstats
20:42:33 [DEBUG] [rodez-montpellier-apuestas-35266151] → Extrayendo estadísticas del partido...
20:42:33 [DEBUG]   → Extrayendo eventId del HTML...
20:42:33 [DEBUG] Betfair event ID extraído del HTML: 35269250
20:42:33 [DEBUG] Consultando videoplayer: https://videoplayer.betfair.es/GetPlayer.do?eID=35269250&contentType=viz&contentView=mstats
20:42:33 [DEBUG] Betfair event ID extraído del HTML: 35266151
20:42:33 [DEBUG] Consultando videoplayer: https://videoplayer.betfair.es/GetPlayer.do?eID=35266151&contentType=viz&contentView=mstats
20:42:34 [DEBUG] [al-akhdoud-al-quadisiya-ksa-apuestas-35264090] → Extrayendo estadísticas del partido...
20:42:34 [DEBUG]   → Extrayendo eventId del HTML...
20:42:34 [DEBUG] Betfair event ID extraído del HTML: 35264090
20:42:34 [DEBUG] Consultando videoplayer: https://videoplayer.betfair.es/GetPlayer.do?eID=35264090&contentType=viz&contentView=mstats
20:42:34 [DEBUG] [wisla-de-cracovia-wieczysta-krakow-apuestas-352713] → Extrayendo cuotas Over/Under...
20:42:35 [INFO] EventId de Opta extraído: 90nvlndx0zkr0o117w6e83das
20:42:35 [DEBUG]   ✓ EventId extraído: 90nvlndx0zkr0o117w6e83das
20:42:35 [DEBUG]   → Obteniendo estadísticas de la API...
20:42:35 [INFO] 📊 Obteniendo todas las estadísticas para eventId: 90nvlndx0zkr0o117w6e83das
20:42:35 [INFO] EventId de Opta extraído: 6oakbyj0lcermi1e6y013avpw
20:42:35 [DEBUG]   ✓ EventId extraído: 6oakbyj0lcermi1e6y013avpw
20:42:35 [DEBUG]   → Obteniendo estadísticas de la API...
20:42:35 [INFO] 📊 Obteniendo todas las estadísticas para eventId: 6oakbyj0lcermi1e6y013avpw
20:42:36 [DEBUG] [mainz-hamburgo-apuestas-35244047] → Extrayendo cuotas Match Odds...
20:42:36 [DEBUG] [us-pianese-fc-guidonia-montecelio-1937-apuestas-35] → Extrayendo estadísticas del partido...
20:42:36 [DEBUG]   → Extrayendo eventId del HTML...
20:42:36 [DEBUG] Betfair event ID extraído del HTML: 35278329
20:42:36 [DEBUG] Consultando videoplayer: https://videoplayer.betfair.es/GetPlayer.do?eID=35278329&contentType=viz&contentView=mstats
20:42:36 [DEBUG] [dunkerque-bastia-apuestas-35273785] → Extrayendo cuotas Resultado Correcto...
20:42:37 [DEBUG] [first-vienna-fc-1894-st-polten-apuestas-35263879] → Extrayendo cuotas Resultado Correcto...
20:42:37 [WARNING] ⟳ [mainz-hamburgo-apuestas-35244047] Match Odds incompletos (0/3), refrescando...
20:42:37 [DEBUG] [cambuur-leeuwarden-rkc-apuestas-35276181] → Extrayendo estadísticas del partido...
20:42:37 [DEBUG]   → Extrayendo eventId del HTML...
20:42:37 [DEBUG] [emmen-jong-psv-eindhoven-apuestas-35263815] → Extrayendo estadísticas del partido...
20:42:37 [DEBUG]   → Extrayendo eventId del HTML...
20:42:37 [DEBUG] Betfair event ID extraído del HTML: 35276181
20:42:37 [DEBUG] Consultando videoplayer: https://videoplayer.betfair.es/GetPlayer.do?eID=35276181&contentType=viz&contentView=mstats
20:42:38 [DEBUG] Betfair event ID extraído del HTML: 35263815
20:42:38 [DEBUG] Consultando videoplayer: https://videoplayer.betfair.es/GetPlayer.do?eID=35263815&contentType=viz&contentView=mstats
20:42:38 [DEBUG] [fc-dordrecht-jong-ajax-amsterdam-apuestas-35276186] → Extrayendo estadísticas del partido...
20:42:38 [DEBUG]   → Extrayendo eventId del HTML...
20:42:38 [INFO] ✓ Cookies aceptadas automáticamente
20:42:38 [DEBUG] Betfair event ID extraído del HTML: 35276186
20:42:38 [DEBUG] Consultando videoplayer: https://videoplayer.betfair.es/GetPlayer.do?eID=35276186&contentType=viz&contentView=mstats
20:42:38 [DEBUG] [vvv-fc-oss-apuestas-35268013] → Extrayendo estadísticas del partido...
20:42:38 [DEBUG]   → Extrayendo eventId del HTML...
20:42:38 [DEBUG] [ghazl-el-mahallah-zed-fc-apuestas-35264081] → Extrayendo estadísticas del partido...
20:42:38 [DEBUG]   → Extrayendo eventId del HTML...
20:42:39 [DEBUG] [willem-ii-vitesse-arnhem-apuestas-35276187] → Extrayendo estadísticas del partido...
20:42:39 [DEBUG]   → Extrayendo eventId del HTML...
20:42:39 [DEBUG] Betfair event ID extraído del HTML: 35264081
20:42:39 [DEBUG] Consultando videoplayer: https://videoplayer.betfair.es/GetPlayer.do?eID=35264081&contentType=viz&contentView=mstats
20:42:39 [DEBUG] Betfair event ID extraído del HTML: 35268013
20:42:39 [DEBUG] Consultando videoplayer: https://videoplayer.betfair.es/GetPlayer.do?eID=35268013&contentType=viz&contentView=mstats
20:42:39 [DEBUG] Betfair event ID extraído del HTML: 35276187
20:42:39 [DEBUG] Consultando videoplayer: https://videoplayer.betfair.es/GetPlayer.do?eID=35276187&contentType=viz&contentView=mstats
20:42:39 [DEBUG] [annecy-red-star-apuestas-35263813] → Extrayendo estadísticas del partido...
20:42:39 [DEBUG]   → Extrayendo eventId del HTML...
20:42:39 [DEBUG] [boulogne-clermont-apuestas-35263818] → Extrayendo estadísticas del partido...
20:42:39 [DEBUG]   → Extrayendo eventId del HTML...
20:42:39 [DEBUG] [ismaily-wadi-degla-apuestas-35264073] → Extrayendo estadísticas del partido...
20:42:39 [DEBUG]   → Extrayendo eventId del HTML...
20:42:39 [INFO] EventId de Opta extraído: ey4sm01kyg4iz8scjd0xk85jo
20:42:39 [DEBUG]   ✓ EventId extraído: ey4sm01kyg4iz8scjd0xk85jo
20:42:39 [DEBUG]   → Obteniendo estadísticas de la API...
20:42:39 [INFO] 📊 Obteniendo todas las estadísticas para eventId: ey4sm01kyg4iz8scjd0xk85jo
20:42:39 [DEBUG] Betfair event ID extraído del HTML: 35263813
20:42:39 [DEBUG] Consultando videoplayer: https://videoplayer.betfair.es/GetPlayer.do?eID=35263813&contentType=viz&contentView=mstats
20:42:39 [DEBUG] Betfair event ID extraído del HTML: 35263818
20:42:39 [DEBUG] Consultando videoplayer: https://videoplayer.betfair.es/GetPlayer.do?eID=35263818&contentType=viz&contentView=mstats
20:42:39 [DEBUG] Betfair event ID extraído del HTML: 35264073
20:42:39 [DEBUG] [helmond-sport-ado-den-haag-apuestas-35263811] → Extrayendo estadísticas del partido...
20:42:39 [DEBUG] Consultando videoplayer: https://videoplayer.betfair.es/GetPlayer.do?eID=35264073&contentType=viz&contentView=mstats
20:42:39 [DEBUG]   → Extrayendo eventId del HTML...
20:42:39 [WARNING] No se encontró eventId de Opta en la respuesta del videoplayer
20:42:39 [WARNING]   × No se pudo extraer eventId - partido sin estadísticas Opta
20:42:39 [INFO]   → Extrayendo stats del iframe (fallback): eID=35263815
20:42:39 [DEBUG] Betfair event ID extraído del HTML: 35263811
20:42:39 [DEBUG] Consultando videoplayer: https://videoplayer.betfair.es/GetPlayer.do?eID=35263811&contentType=viz&contentView=mstats
20:42:39 [DEBUG] [fc-nordsjaelland-vejle-apuestas-35268010] → Extrayendo estadísticas del partido...
20:42:39 [DEBUG]   → Extrayendo eventId del HTML...
20:42:39 [INFO] ✓ Driver listo: brest-marsella-apuestas-35243055
20:42:39 [DEBUG] Betfair event ID extraído del HTML: 35268010
20:42:39 [DEBUG] Consultando videoplayer: https://videoplayer.betfair.es/GetPlayer.do?eID=35268010&contentType=viz&contentView=mstats
20:42:40 [DEBUG] Navegando a mercado O/U: https://www.betfair.es/exchange/plus/football/market/1.254020946
20:42:40 [DEBUG] ✅ Summary stats obtenidas para 6nvp4j79eisp5wgwdhjxsanmc
20:42:40 [DEBUG] Navegando a mercado O/U: https://www.betfair.es/exchange/plus/football/market/1.254207633
20:42:40 [INFO] EventId de Opta extraído: 6opuluhhzjo9ejur1kciqcu8k
20:42:40 [DEBUG]   ✓ EventId extraído: 6opuluhhzjo9ejur1kciqcu8k
20:42:40 [DEBUG]   → Obteniendo estadísticas de la API...
20:42:40 [INFO] 📊 Obteniendo todas las estadísticas para eventId: 6opuluhhzjo9ejur1kciqcu8k
20:42:41 [DEBUG] [botosani-universitatea-cluj-apuestas-35261616] → Extrayendo estadísticas del partido...
20:42:41 [DEBUG]   → Extrayendo eventId del HTML...
20:42:41 [INFO] EventId de Opta extraído: exr34tbf44n2qilxcf5vz87bo
20:42:41 [DEBUG]   ✓ EventId extraído: exr34tbf44n2qilxcf5vz87bo
20:42:41 [DEBUG]   → Obteniendo estadísticas de la API...
20:42:41 [INFO] 📊 Obteniendo todas las estadísticas para eventId: exr34tbf44n2qilxcf5vz87bo
20:42:41 [DEBUG] [wisla-de-cracovia-wieczysta-krakow-apuestas-352713] → Extrayendo cuotas Resultado Correcto...
20:42:41 [DEBUG] Betfair event ID extraído del HTML: 35261616
20:42:41 [DEBUG] Consultando videoplayer: https://videoplayer.betfair.es/GetPlayer.do?eID=35261616&contentType=viz&contentView=mstats
20:42:42 [INFO] EventId de Opta extraído: gx106w4phxavvzel2tey9zis
20:42:42 [DEBUG]   ✓ EventId extraído: gx106w4phxavvzel2tey9zis
20:42:42 [DEBUG]   → Obteniendo estadísticas de la API...
20:42:42 [INFO] 📊 Obteniendo todas las estadísticas para eventId: gx106w4phxavvzel2tey9zis
20:42:42 [WARNING] No se encontró eventId de Opta en la respuesta del videoplayer
20:42:42 [WARNING]   × No se pudo extraer eventId - partido sin estadísticas Opta
20:42:42 [INFO]   → Extrayendo stats del iframe (fallback): eID=35276186
20:42:42 [INFO] EventId de Opta extraído: 91fbiy0g0zjzz7j2mf26zl4pg
20:42:42 [DEBUG]   ✓ EventId extraído: 91fbiy0g0zjzz7j2mf26zl4pg
20:42:42 [DEBUG]   → Obteniendo estadísticas de la API...
20:42:42 [INFO] 📊 Obteniendo todas las estadísticas para eventId: 91fbiy0g0zjzz7j2mf26zl4pg
20:42:42 [INFO] EventId de Opta extraído: 91syj1dcimeis4oxbjdy8d79w
20:42:42 [DEBUG] ✅ Summary stats obtenidas para ey4sm01kyg4iz8scjd0xk85jo
20:42:42 [DEBUG]   ✓ EventId extraído: 91syj1dcimeis4oxbjdy8d79w
20:42:42 [DEBUG]   → Obteniendo estadísticas de la API...
20:42:42 [INFO] 📊 Obteniendo todas las estadísticas para eventId: 91syj1dcimeis4oxbjdy8d79w
20:42:43 [DEBUG] ✅ Summary stats obtenidas para 6opuluhhzjo9ejur1kciqcu8k
20:42:43 [DEBUG] [first-vienna-fc-1894-st-polten-apuestas-35263879] → Extrayendo estadísticas del partido...
20:42:43 [DEBUG]   → Extrayendo eventId del HTML...
20:42:43 [DEBUG] Betfair event ID extraído de la URL: 35263879
20:42:43 [DEBUG] Consultando videoplayer: https://videoplayer.betfair.es/GetPlayer.do?eID=35263879&contentType=viz&contentView=mstats
20:42:43 [DEBUG] ✅ Summary stats obtenidas para exr34tbf44n2qilxcf5vz87bo
20:42:43 [DEBUG] ✅ Summary stats obtenidas para gx106w4phxavvzel2tey9zis
20:42:43 [DEBUG] [dunkerque-bastia-apuestas-35273785] → Extrayendo estadísticas del partido...
20:42:43 [DEBUG]   → Extrayendo eventId del HTML...
20:42:44 [DEBUG] Betfair event ID extraído del HTML: 35273785
20:42:44 [DEBUG] Consultando videoplayer: https://videoplayer.betfair.es/GetPlayer.do?eID=35273785&contentType=viz&contentView=mstats
20:42:45 [ERROR] ❌ Error obteniendo summary stats: HTTPSConnectionPool(host='betfair.cpp.statsperform.com', port=443): Max retries exceeded with url: /stats/live-stats/summary?eventId=90nvlndx0zkr0o117w6e83das&outletkey=1hegv772yrv901291e00xzm9rv&hideHeader=false&noredirect=true&stage=halfTime (Caused by ConnectTimeoutError(<HTTPSConnection(host='betfair.cpp.statsperform.com', port=443) at 0x1d6099d3390>, 'Connection to betfair.cpp.statsperform.com timed out. (connect timeout=10)'))
20:42:45 [ERROR] ❌ Error obteniendo summary stats: HTTPSConnectionPool(host='betfair.cpp.statsperform.com', port=443): Max retries exceeded with url: /stats/live-stats/summary?eventId=6oakbyj0lcermi1e6y013avpw&outletkey=1hegv772yrv901291e00xzm9rv&hideHeader=false&noredirect=true&stage=halfTime (Caused by ConnectTimeoutError(<HTTPSConnection(host='betfair.cpp.statsperform.com', port=443) at 0x1d609a01590>, 'Connection to betfair.cpp.statsperform.com timed out. (connect timeout=10)'))
20:42:45 [INFO] EventId de Opta extraído: 3aomqeev69hg95p6ig2z7jf2s
20:42:45 [DEBUG]   ✓ EventId extraído: 3aomqeev69hg95p6ig2z7jf2s
20:42:45 [DEBUG]   → Obteniendo estadísticas de la API...
20:42:45 [INFO] 📊 Obteniendo todas las estadísticas para eventId: 3aomqeev69hg95p6ig2z7jf2s
20:42:46 [ERROR] Error consultando videoplayer endpoint: 404 Client Error:  for url: https://videoplayer.betfair.es/GetPlayer.do?eID=35264090&contentType=viz&contentView=mstats
20:42:46 [WARNING]   × No se pudo extraer eventId - partido sin estadísticas Opta
20:42:46 [INFO]   → Extrayendo stats del iframe (fallback): eID=35264090
20:42:46 [DEBUG] ✅ Momentum calculado: Home=383.16, Away=1581.15 (41 puntos)
20:42:46 [DEBUG] ✅ Momentum data obtenida para exr34tbf44n2qilxcf5vz87bo
20:42:46 [DEBUG] [wisla-de-cracovia-wieczysta-krakow-apuestas-352713] → Extrayendo estadísticas del partido...
20:42:46 [DEBUG]   → Extrayendo eventId del HTML...
20:42:46 [DEBUG] Betfair event ID extraído de la URL: 35271385
20:42:46 [DEBUG] Consultando videoplayer: https://videoplayer.betfair.es/GetPlayer.do?eID=35271385&contentType=viz&contentView=mstats
20:42:47 [INFO] EventId de Opta extraído: 6ngzralckk6dzbqenl9z2bms4
20:42:47 [DEBUG]   ✓ EventId extraído: 6ngzralckk6dzbqenl9z2bms4
20:42:47 [DEBUG]   → Obteniendo estadísticas de la API...
20:42:47 [INFO] 📊 Obteniendo todas las estadísticas para eventId: 6ngzralckk6dzbqenl9z2bms4
20:42:50 [WARNING] No se encontró eventId de Opta en la respuesta del videoplayer
20:42:50 [WARNING]   × No se pudo extraer eventId - partido sin estadísticas Opta
20:42:50 [INFO]   → Extrayendo stats del iframe (fallback): eID=35268013
20:42:50 [ERROR] ❌ Error obteniendo momentum: HTTPSConnectionPool(host='betfair.cpp.statsperform.com', port=443): Max retries exceeded with url: /stats/live-stats/momentum?eventId=6nvp4j79eisp5wgwdhjxsanmc&outletkey=1hegv772yrv901291e00xzm9rv (Caused by ConnectTimeoutError(<HTTPSConnection(host='betfair.cpp.statsperform.com', port=443) at 0x1d6099d2c10>, 'Connection to betfair.cpp.statsperform.com timed out. (connect timeout=10)'))
20:42:52 [INFO] EventId de Opta extraído: 34ganocfqii66gyo9s6d0tlhw
20:42:52 [DEBUG]   ✓ EventId extraído: 34ganocfqii66gyo9s6d0tlhw
20:42:52 [DEBUG]   → Obteniendo estadísticas de la API...
20:42:52 [INFO] 📊 Obteniendo todas las estadísticas para eventId: 34ganocfqii66gyo9s6d0tlhw
20:42:52 [DEBUG] No se encontró teamStatsAttackingLv
20:42:52 [ERROR] ❌ Error obteniendo summary stats: HTTPSConnectionPool(host='betfair.cpp.statsperform.com', port=443): Max retries exceeded with url: /stats/live-stats/summary?eventId=91fbiy0g0zjzz7j2mf26zl4pg&outletkey=1hegv772yrv901291e00xzm9rv&hideHeader=false&noredirect=true&stage=halfTime (Caused by ConnectTimeoutError(<HTTPSConnection(host='betfair.cpp.statsperform.com', port=443) at 0x1d609a01e50>, 'Connection to betfair.cpp.statsperform.com timed out. (connect timeout=10)'))
20:42:52 [ERROR] ❌ Error obteniendo momentum: HTTPSConnectionPool(host='betfair.cpp.statsperform.com', port=443): Max retries exceeded with url: /stats/live-stats/momentum?eventId=ey4sm01kyg4iz8scjd0xk85jo&outletkey=1hegv772yrv901291e00xzm9rv (Caused by ConnectTimeoutError(<HTTPSConnection(host='betfair.cpp.statsperform.com', port=443) at 0x1d609a02210>, 'Connection to betfair.cpp.statsperform.com timed out. (connect timeout=10)'))
20:42:52 [ERROR] ❌ Error obteniendo summary stats: HTTPSConnectionPool(host='betfair.cpp.statsperform.com', port=443): Max retries exceeded with url: /stats/live-stats/summary?eventId=91syj1dcimeis4oxbjdy8d79w&outletkey=1hegv772yrv901291e00xzm9rv&hideHeader=false&noredirect=true&stage=halfTime (Caused by ConnectTimeoutError(<HTTPSConnection(host='betfair.cpp.statsperform.com', port=443) at 0x1d609a020d0>, 'Connection to betfair.cpp.statsperform.com timed out. (connect timeout=10)'))
20:42:53 [ERROR] ❌ Error obteniendo momentum: HTTPSConnectionPool(host='betfair.cpp.statsperform.com', port=443): Max retries exceeded with url: /stats/live-stats/momentum?eventId=6opuluhhzjo9ejur1kciqcu8k&outletkey=1hegv772yrv901291e00xzm9rv (Caused by ConnectTimeoutError(<HTTPSConnection(host='betfair.cpp.statsperform.com', port=443) at 0x1d609a025d0>, 'Connection to betfair.cpp.statsperform.com timed out. (connect timeout=10)'))
20:42:53 [ERROR] Error consultando videoplayer endpoint: HTTPSConnectionPool(host='videoplayer.betfair.es', port=443): Max retries exceeded with url: /GetPlayer.do?eID=35243098&contentType=viz&contentView=mstats (Caused by ConnectTimeoutError(<HTTPSConnection(host='videoplayer.betfair.es', port=443) at 0x1d609a02710>, 'Connection to videoplayer.betfair.es timed out. (connect timeout=10)'))
20:42:53 [WARNING]   × No se pudo extraer eventId - partido sin estadísticas Opta
20:42:53 [INFO]   → Extrayendo stats del iframe (fallback): eID=35243098
20:42:53 [ERROR] Error consultando videoplayer endpoint: HTTPSConnectionPool(host='videoplayer.betfair.es', port=443): Max retries exceeded with url: /GetPlayer.do?eID=35269250&contentType=viz&contentView=mstats (Caused by ConnectTimeoutError(<HTTPSConnection(host='videoplayer.betfair.es', port=443) at 0x1d609a01f90>, 'Connection to videoplayer.betfair.es timed out. (connect timeout=10)'))
20:42:53 [WARNING]   × No se pudo extraer eventId - partido sin estadísticas Opta
20:42:53 [INFO]   → Extrayendo stats del iframe (fallback): eID=35269250
20:42:53 [INFO] ✓ O/U via mercado: 4 valores capturados
20:42:53 [DEBUG] [dhamk-al-shabab-ksa-apuestas-35264075] → Extrayendo cuotas Resultado Correcto...
20:42:53 [DEBUG] No se encontró teamStatsDefenceLv
20:42:53 [ERROR] Error consultando videoplayer endpoint: HTTPSConnectionPool(host='videoplayer.betfair.es', port=443): Max retries exceeded with url: /GetPlayer.do?eID=35266151&contentType=viz&contentView=mstats (Caused by ConnectTimeoutError(<HTTPSConnection(host='videoplayer.betfair.es', port=443) at 0x1d609a011d0>, 'Connection to videoplayer.betfair.es timed out. (connect timeout=10)'))
20:42:53 [WARNING]   × No se pudo extraer eventId - partido sin estadísticas Opta
20:42:53 [INFO]   → Extrayendo stats del iframe (fallback): eID=35266151
20:42:53 [ERROR] ❌ Error obteniendo momentum: HTTPSConnectionPool(host='betfair.cpp.statsperform.com', port=443): Max retries exceeded with url: /stats/live-stats/momentum?eventId=gx106w4phxavvzel2tey9zis&outletkey=1hegv772yrv901291e00xzm9rv (Caused by ConnectTimeoutError(<HTTPSConnection(host='betfair.cpp.statsperform.com', port=443) at 0x1d609a01bd0>, 'Connection to betfair.cpp.statsperform.com timed out. (connect timeout=10)'))
20:42:54 [DEBUG] ✅ Momentum calculado: Home=953.77, Away=368.89 (42 puntos)
20:42:54 [DEBUG] ✅ Momentum data obtenida para 91fbiy0g0zjzz7j2mf26zl4pg
20:42:54 [DEBUG] [dhamk-al-shabab-ksa-apuestas-35264075] → Extrayendo estadísticas del partido...
20:42:54 [DEBUG]   → Extrayendo eventId del HTML...
20:42:54 [DEBUG] Betfair event ID extraído de la URL: 35264075
20:42:54 [DEBUG] Consultando videoplayer: https://videoplayer.betfair.es/GetPlayer.do?eID=35264075&contentType=viz&contentView=mstats
20:42:55 [ERROR] ❌ Error obteniendo momentum: HTTPSConnectionPool(host='betfair.cpp.statsperform.com', port=443): Max retries exceeded with url: /stats/live-stats/momentum?eventId=6oakbyj0lcermi1e6y013avpw&outletkey=1hegv772yrv901291e00xzm9rv (Caused by ConnectTimeoutError(<HTTPSConnection(host='betfair.cpp.statsperform.com', port=443) at 0x1d609a02e90>, 'Connection to betfair.cpp.statsperform.com timed out. (connect timeout=10)'))
20:42:55 [ERROR] ❌ Error obteniendo momentum: HTTPSConnectionPool(host='betfair.cpp.statsperform.com', port=443): Max retries exceeded with url: /stats/live-stats/momentum?eventId=90nvlndx0zkr0o117w6e83das&outletkey=1hegv772yrv901291e00xzm9rv (Caused by ConnectTimeoutError(<HTTPSConnection(host='betfair.cpp.statsperform.com', port=443) at 0x1d609a02c10>, 'Connection to betfair.cpp.statsperform.com timed out. (connect timeout=10)'))
20:42:55 [ERROR] ❌ Error obteniendo summary stats: HTTPSConnectionPool(host='betfair.cpp.statsperform.com', port=443): Max retries exceeded with url: /stats/live-stats/summary?eventId=3aomqeev69hg95p6ig2z7jf2s&outletkey=1hegv772yrv901291e00xzm9rv&hideHeader=false&noredirect=true&stage=halfTime (Caused by ConnectTimeoutError(<HTTPSConnection(host='betfair.cpp.statsperform.com', port=443) at 0x1d609a01810>, 'Connection to betfair.cpp.statsperform.com timed out. (connect timeout=10)'))
20:42:55 [DEBUG] No se encontró banner de cookies (puede que ya esté aceptado)
20:42:55 [INFO] ✓ Driver listo: gante-c%C3%ADrculo-brujas-apuestas-35270658
20:42:55 [DEBUG] ✅ Summary stats obtenidas para 6ngzralckk6dzbqenl9z2bms4
20:42:56 [ERROR] ❌ Error obteniendo attacking stats: HTTPSConnectionPool(host='betfair.cpp.statsperform.com', port=443): Max retries exceeded with url: /stats/live-stats/attacking?eventId=exr34tbf44n2qilxcf5vz87bo&outletkey=1hegv772yrv901291e00xzm9rv (Caused by ConnectTimeoutError(<HTTPSConnection(host='betfair.cpp.statsperform.com', port=443) at 0x1d609a02350>, 'Connection to betfair.cpp.statsperform.com timed out. (connect timeout=10)'))
20:42:57 [DEBUG] No se encontró datos de momentum (predictions vacío)
20:42:57 [DEBUG] No se encontró datos de momentum (predictions vacío)
20:42:57 [DEBUG] No se encontró teamStatsAttackingLv
20:42:58 [DEBUG] No se encontró banner de cookies (puede que ya esté aceptado)
20:42:58 [INFO] ✓ Driver listo: waterford-sligo-rovers-apuestas-35268755
20:42:59 [ERROR] Error consultando videoplayer endpoint: HTTPSConnectionPool(host='videoplayer.betfair.es', port=443): Max retries exceeded with url: /GetPlayer.do?eID=35276187&contentType=viz&contentView=mstats (Caused by ConnectTimeoutError(<HTTPSConnection(host='videoplayer.betfair.es', port=443) at 0x1d609a01950>, 'Connection to videoplayer.betfair.es timed out. (connect timeout=10)'))
20:42:59 [WARNING]   × No se pudo extraer eventId - partido sin estadísticas Opta
20:42:59 [INFO]   → Extrayendo stats del iframe (fallback): eID=35276187
20:43:00 [DEBUG] No se encontró teamStatsAttackingLv
20:43:00 [DEBUG] No se encontró teamStatsAttackingLv
20:43:00 [DEBUG] ✅ Summary stats obtenidas para 34ganocfqii66gyo9s6d0tlhw
20:43:01 [INFO] ✓ Cookies aceptadas automáticamente
20:43:01 [ERROR] Error consultando videoplayer endpoint: HTTPSConnectionPool(host='videoplayer.betfair.es', port=443): Max retries exceeded with url: /GetPlayer.do?eID=35261616&contentType=viz&contentView=mstats (Caused by ConnectTimeoutError(<HTTPSConnection(host='videoplayer.betfair.es', port=443) at 0x1d609a02ad0>, 'Connection to videoplayer.betfair.es timed out. (connect timeout=10)'))
20:43:01 [WARNING]   × No se pudo extraer eventId - partido sin estadísticas Opta
20:43:01 [INFO]   → Extrayendo stats del iframe (fallback): eID=35261616
20:43:02 [ERROR] ❌ Error obteniendo momentum: HTTPSConnectionPool(host='betfair.cpp.statsperform.com', port=443): Max retries exceeded with url: /stats/live-stats/momentum?eventId=91syj1dcimeis4oxbjdy8d79w&outletkey=1hegv772yrv901291e00xzm9rv (Caused by ConnectTimeoutError(<HTTPSConnection(host='betfair.cpp.statsperform.com', port=443) at 0x1d609a03750>, 'Connection to betfair.cpp.statsperform.com timed out. (connect timeout=10)'))
20:43:02 [ERROR] ❌ Error obteniendo attacking stats: HTTPSConnectionPool(host='betfair.cpp.statsperform.com', port=443): Max retries exceeded with url: /stats/live-stats/attacking?eventId=ey4sm01kyg4iz8scjd0xk85jo&outletkey=1hegv772yrv901291e00xzm9rv (Caused by ConnectTimeoutError(<HTTPSConnection(host='betfair.cpp.statsperform.com', port=443) at 0x1d609a03610>, 'Connection to betfair.cpp.statsperform.com timed out. (connect timeout=10)'))
20:43:03 [ERROR] ❌ Error obteniendo xG details: HTTPSConnectionPool(host='betfair.cpp.statsperform.com', port=443): Max retries exceeded with url: /stats/live-stats/xg?eventId=6nvp4j79eisp5wgwdhjxsanmc&outletkey=1hegv772yrv901291e00xzm9rv (Caused by ConnectTimeoutError(<HTTPSConnection(host='betfair.cpp.statsperform.com', port=443) at 0x1d609a03110>, 'Connection to betfair.cpp.statsperform.com timed out. (connect timeout=10)'))
20:43:03 [INFO] ✅ Estadísticas obtenidas: 1/5 endpoints
20:43:03 [DEBUG]   → Mapeando estadísticas...
20:43:03 [INFO]   ✓ Estadísticas capturadas vía API: 28/66 campos
20:43:03 [DEBUG]     → xG: 0.0-0.0, Corners: 0-0
20:43:03 [DEBUG] [pyramids-ceramica-cleopatra-apuestas-35264076] → Extrayendo volumen matched...
20:43:03 [ERROR] ❌ Error obteniendo attacking stats: HTTPSConnectionPool(host='betfair.cpp.statsperform.com', port=443): Max retries exceeded with url: /stats/live-stats/attacking?eventId=gx106w4phxavvzel2tey9zis&outletkey=1hegv772yrv901291e00xzm9rv (Caused by ConnectTimeoutError(<HTTPSConnection(host='betfair.cpp.statsperform.com', port=443) at 0x1d60afd4050>, 'Connection to betfair.cpp.statsperform.com timed out. (connect timeout=10)'))
20:43:04 [ERROR] Error consultando videoplayer endpoint: HTTPSConnectionPool(host='videoplayer.betfair.es', port=443): Max retries exceeded with url: /GetPlayer.do?eID=35273785&contentType=viz&contentView=mstats (Caused by ConnectTimeoutError(<HTTPSConnection(host='videoplayer.betfair.es', port=443) at 0x1d609a016d0>, 'Connection to videoplayer.betfair.es timed out. (connect timeout=10)'))
20:43:04 [WARNING]   × No se pudo extraer eventId - partido sin estadísticas Opta
20:43:04 [INFO]   → Extrayendo stats del iframe (fallback): eID=35273785
20:43:04 [ERROR] ❌ Error obteniendo attacking stats: HTTPSConnectionPool(host='betfair.cpp.statsperform.com', port=443): Max retries exceeded with url: /stats/live-stats/attacking?eventId=91fbiy0g0zjzz7j2mf26zl4pg&outletkey=1hegv772yrv901291e00xzm9rv (Caused by ConnectTimeoutError(<HTTPSConnection(host='betfair.cpp.statsperform.com', port=443) at 0x1d609a03250>, 'Connection to betfair.cpp.statsperform.com timed out. (connect timeout=10)'))
20:43:04 [DEBUG] No se encontró teamStatsDefenceLv
20:43:04 [INFO] ✓ O/U via mercado: 15 valores capturados
20:43:04 [DEBUG] [audace-cerignola-ssd-casarano-calcio-apuestas-3527] → Extrayendo cuotas Resultado Correcto...
20:43:04 [INFO] EventId de Opta extraído: bj4gpwk9bqccl8imx7leqznys
20:43:04 [DEBUG]   ✓ EventId extraído: bj4gpwk9bqccl8imx7leqznys
20:43:04 [DEBUG]   → Obteniendo estadísticas de la API...
20:43:04 [INFO] 📊 Obteniendo todas las estadísticas para eventId: bj4gpwk9bqccl8imx7leqznys
20:43:06 [DEBUG] No se encontró teamStatsAttackingLv
20:43:06 [ERROR] ❌ Error obteniendo defence stats: HTTPSConnectionPool(host='betfair.cpp.statsperform.com', port=443): Max retries exceeded with url: /stats/live-stats/defence?eventId=exr34tbf44n2qilxcf5vz87bo&outletkey=1hegv772yrv901291e00xzm9rv (Caused by ConnectTimeoutError(<HTTPSConnection(host='betfair.cpp.statsperform.com', port=443) at 0x1d60afd4b90>, 'Connection to betfair.cpp.statsperform.com timed out. (connect timeout=10)'))
20:43:07 [ERROR] ❌ Error obteniendo attacking stats: HTTPSConnectionPool(host='betfair.cpp.statsperform.com', port=443): Max retries exceeded with url: /stats/live-stats/attacking?eventId=3aomqeev69hg95p6ig2z7jf2s&outletkey=1hegv772yrv901291e00xzm9rv (Caused by ConnectTimeoutError(<HTTPSConnection(host='betfair.cpp.statsperform.com', port=443) at 0x1d609a02350>, 'Connection to betfair.cpp.statsperform.com timed out. (connect timeout=10)'))
20:43:07 [ERROR] ❌ Error obteniendo defence stats: HTTPSConnectionPool(host='betfair.cpp.statsperform.com', port=443): Max retries exceeded with url: /stats/live-stats/defence?eventId=6opuluhhzjo9ejur1kciqcu8k&outletkey=1hegv772yrv901291e00xzm9rv (Caused by ConnectTimeoutError(<HTTPSConnection(host='betfair.cpp.statsperform.com', port=443) at 0x1d609a039d0>, 'Connection to betfair.cpp.statsperform.com timed out. (connect timeout=10)'))
20:43:08 [DEBUG] ✅ Summary stats obtenidas para bj4gpwk9bqccl8imx7leqznys
20:43:08 [DEBUG] No se encontró teamStatsDefenceLv
20:43:08 [DEBUG] No se encontró teamStatsDefenceLv
20:43:08 [DEBUG] No se encontró teamStatsAttackingLv
20:43:09 [DEBUG] [audace-cerignola-ssd-casarano-calcio-apuestas-3527] → Extrayendo estadísticas del partido...
20:43:09 [DEBUG]   → Extrayendo eventId del HTML...
20:43:09 [DEBUG] Betfair event ID extraído del HTML: 35278379
20:43:09 [DEBUG] Consultando videoplayer: https://videoplayer.betfair.es/GetPlayer.do?eID=35278379&contentType=viz&contentView=mstats
20:43:10 [ERROR] ❌ Error obteniendo defence stats: HTTPSConnectionPool(host='betfair.cpp.statsperform.com', port=443): Max retries exceeded with url: /stats/live-stats/defence?eventId=90nvlndx0zkr0o117w6e83das&outletkey=1hegv772yrv901291e00xzm9rv (Caused by ConnectTimeoutError(<HTTPSConnection(host='betfair.cpp.statsperform.com', port=443) at 0x1d609a02e90>, 'Connection to betfair.cpp.statsperform.com timed out. (connect timeout=10)'))
20:43:10 [ERROR] ❌ Error obteniendo momentum: HTTPSConnectionPool(host='betfair.cpp.statsperform.com', port=443): Max retries exceeded with url: /stats/live-stats/momentum?eventId=34ganocfqii66gyo9s6d0tlhw&outletkey=1hegv772yrv901291e00xzm9rv (Caused by ConnectTimeoutError(<HTTPSConnection(host='betfair.cpp.statsperform.com', port=443) at 0x1d609a02850>, 'Connection to betfair.cpp.statsperform.com timed out. (connect timeout=10)'))
20:43:11 [DEBUG]   → Extrayendo todas las estadísticas del iframe...
20:43:12 [DEBUG]   → Extrayendo todas las estadísticas del iframe...
20:43:12 [DEBUG]     × 'Shots on target' no encontrado en DOM
20:43:13 [DEBUG] No se encontró teamStatsXgLv ni xgData
20:43:13 [INFO] ✅ Estadísticas obtenidas: 1/5 endpoints
20:43:13 [DEBUG]   → Mapeando estadísticas...
20:43:13 [INFO]   ✓ Estadísticas capturadas vía API: 28/66 campos
20:43:13 [DEBUG]     → xG: 0.0-0.0, Corners: 0-1
20:43:13 [DEBUG] [us-pianese-fc-guidonia-montecelio-1937-apuestas-35] → Extrayendo volumen matched...
20:43:13 [DEBUG]     × 'Shots on target' no encontrado en DOM
20:43:13 [DEBUG]     × 'Shots off target' no encontrado en DOM
20:43:14 [DEBUG]     × 'Shots off target' no encontrado en DOM
20:43:14 [DEBUG] No se encontró teamStatsXgLv ni xgData
20:43:14 [INFO] ✅ Estadísticas obtenidas: 0/5 endpoints
20:43:14 [WARNING]   × No hay estadísticas disponibles en la API
20:43:14 [DEBUG] [nancy-grenoble-apuestas-35266154] → Extrayendo volumen matched...
20:43:14 [DEBUG]     × 'Shots blocked' no encontrado en DOM
20:43:14 [DEBUG]     ✓ 'Corner kicks': 1-1
20:43:15 [DEBUG]     × 'Shots blocked' no encontrado en DOM
20:43:15 [DEBUG]     ✓ 'Corner kicks': 4-2
20:43:15 [DEBUG] No se encontró teamStatsDefenceLv
20:43:15 [ERROR] ❌ Error obteniendo xG details: HTTPSConnectionPool(host='betfair.cpp.statsperform.com', port=443): Max retries exceeded with url: /stats/live-stats/xg?eventId=6oakbyj0lcermi1e6y013avpw&outletkey=1hegv772yrv901291e00xzm9rv (Caused by ConnectTimeoutError(<HTTPSConnection(host='betfair.cpp.statsperform.com', port=443) at 0x1d609a01810>, 'Connection to betfair.cpp.statsperform.com timed out. (connect timeout=10)'))
20:43:15 [ERROR] ❌ Error obteniendo defence stats: HTTPSConnectionPool(host='betfair.cpp.statsperform.com', port=443): Max retries exceeded with url: /stats/live-stats/defence?eventId=91fbiy0g0zjzz7j2mf26zl4pg&outletkey=1hegv772yrv901291e00xzm9rv (Caused by ConnectTimeoutError(<HTTPSConnection(host='betfair.cpp.statsperform.com', port=443) at 0x1d609a034d0>, 'Connection to betfair.cpp.statsperform.com timed out. (connect timeout=10)'))
20:43:15 [INFO] ✅ Estadísticas obtenidas: 0/5 endpoints
20:43:15 [WARNING]   × No hay estadísticas disponibles en la API
20:43:15 [DEBUG] [zamalek-haras-el-hodood-apuestas-35264080] → Extrayendo volumen matched...
20:43:16 [DEBUG] No se encontró teamStatsXgLv ni xgData
20:43:16 [INFO] ✅ Estadísticas obtenidas: 1/5 endpoints
20:43:16 [DEBUG]   → Mapeando estadísticas...
20:43:16 [INFO]   ✓ Estadísticas capturadas vía API: 28/66 campos
20:43:16 [DEBUG]     → xG: 0.0267-0.0472, Corners: 0-1
20:43:16 [DEBUG] [ghazl-el-mahallah-zed-fc-apuestas-35264081] → Extrayendo volumen matched...
20:43:16 [ERROR] ❌ Error obteniendo defence stats: HTTPSConnectionPool(host='betfair.cpp.statsperform.com', port=443): Max retries exceeded with url: /stats/live-stats/defence?eventId=6ngzralckk6dzbqenl9z2bms4&outletkey=1hegv772yrv901291e00xzm9rv (Caused by ConnectTimeoutError(<HTTPSConnection(host='betfair.cpp.statsperform.com', port=443) at 0x1d609a02490>, 'Connection to betfair.cpp.statsperform.com timed out. (connect timeout=10)'))
20:43:16 [ERROR] ❌ Error obteniendo xG details: HTTPSConnectionPool(host='betfair.cpp.statsperform.com', port=443): Max retries exceeded with url: /stats/live-stats/xg?eventId=exr34tbf44n2qilxcf5vz87bo&outletkey=1hegv772yrv901291e00xzm9rv (Caused by ConnectTimeoutError(<HTTPSConnection(host='betfair.cpp.statsperform.com', port=443) at 0x1d609a020d0>, 'Connection to betfair.cpp.statsperform.com timed out. (connect timeout=10)'))
20:43:16 [INFO] ✅ Estadísticas obtenidas: 2/5 endpoints
20:43:16 [DEBUG]   → Mapeando estadísticas...
20:43:16 [DEBUG]     → Momentum vía API: 383.16-1581.15
20:43:16 [INFO]   ✓ Estadísticas capturadas vía API: 30/68 campos
20:43:16 [DEBUG]     → xG: 0.0964-0.2765, Corners: 1-4
20:43:16 [DEBUG] [helmond-sport-ado-den-haag-apuestas-35263811] → Extrayendo volumen matched...
20:43:16 [DEBUG] [mainz-hamburgo-apuestas-35244047] → Extrayendo cuotas Over/Under...
20:43:16 [DEBUG] [pyramids-ceramica-cleopatra-apuestas-35264076] → Extrayendo momentum (fallback visual)...
20:43:16 [DEBUG]   → Buscando URL del iframe de stats para Momentum...
20:43:16 [DEBUG]   ✓ URL stats encontrada en iframe #1: https://betfair.cpp.statsperform.com/watch/pitchView?&eventId=6nvp4j79eisp5wgwdh
20:43:16 [DEBUG]   → URL momentum construida: https://betfair.cpp.statsperform.com/stats/live-stats/momentum?&eventId=6nvp4j79
20:43:17 [DEBUG]     × 'Dangerous Attack' - no se pudo obtener home value: Message: no such element: Unable to locate element: {"method":"xpath","selector":"./preceding-sibling::*[1]"}
  (Session info: chrome=144.0.7559.133); For documentation on this error, please visit: https://www.selenium.dev/documentation/webdriver/troubleshooting/errors#nosuchelementexception
Stacktrace:
Symbols not available. Dumping unresolved backtrace:
	0xc75093
	0xc750d4
	0xa6b490
	0xab58da
	0xab5b7b
	0xaab041
	0xad8204
	0xaaaf34
	0xad8384
	0xaf5341
	0xad7f56
	0xaa96c9
	0xaaa484
	0xec7e34
	0xec30c9
	0xee0add
	0xc8db38
	0xc958ad
	0xc7d848
	0xc7da12
	0xc675fa
	0x761b5d49
	0x77a8d83b
	0x77a8d7c1

20:43:17 [DEBUG]     × 'Dangerous Attack' - no se pudo obtener home value: Message: no such element: Unable to locate element: {"method":"xpath","selector":"./preceding-sibling::*[1]"}
  (Session info: chrome=144.0.7559.133); For documentation on this error, please visit: https://www.selenium.dev/documentation/webdriver/troubleshooting/errors#nosuchelementexception
Stacktrace:
Symbols not available. Dumping unresolved backtrace:
	0xc75093
	0xc750d4
	0xa6b490
	0xab58da
	0xab5b7b
	0xaab041
	0xad8204
	0xaaaf34
	0xad8384
	0xaf5341
	0xad7f56
	0xaa96c9
	0xaaa484
	0xec7e34
	0xec30c9
	0xee0add
	0xc8db38
	0xc958ad
	0xc7d848
	0xc7da12
	0xc675fa
	0x761b5d49
	0x77a8d83b
	0x77a8d7c1

20:43:18 [DEBUG]     × 'Dangerous Attack' - no se pudo obtener away value: Message: no such element: Unable to locate element: {"method":"xpath","selector":"./following-sibling::*[1]"}
  (Session info: chrome=144.0.7559.133); For documentation on this error, please visit: https://www.selenium.dev/documentation/webdriver/troubleshooting/errors#nosuchelementexception
Stacktrace:
Symbols not available. Dumping unresolved backtrace:
	0xc75093
	0xc750d4
	0xa6b490
	0xab58da
	0xab5b7b
	0xaab041
	0xad8204
	0xaaaf34
	0xad8384
	0xaf5341
	0xad7f56
	0xaa96c9
	0xaaa484
	0xec7e34
	0xec30c9
	0xee0add
	0xc8db38
	0xc958ad
	0xc7d848
	0xc7da12
	0xc675fa
	0x761b5d49
	0x77a8d83b
	0x77a8d7c1

20:43:18 [DEBUG]     × 'Dangerous Attack' - valores vacíos
20:43:18 [DEBUG]     × 'Dangerous Attack' - no se pudo obtener away value: Message: no such element: Unable to locate element: {"method":"xpath","selector":"./following-sibling::*[1]"}
  (Session info: chrome=144.0.7559.133); For documentation on this error, please visit: https://www.selenium.dev/documentation/webdriver/troubleshooting/errors#nosuchelementexception
Stacktrace:
Symbols not available. Dumping unresolved backtrace:
	0xc75093
	0xc750d4
	0xa6b490
	0xab58da
	0xab5b7b
	0xaab041
	0xad8204
	0xaaaf34
	0xad8384
	0xaf5341
	0xad7f56
	0xaa96c9
	0xaaa484
	0xec7e34
	0xec30c9
	0xee0add
	0xc8db38
	0xc958ad
	0xc7d848
	0xc7da12
	0xc675fa
	0x761b5d49
	0x77a8d83b
	0x77a8d7c1

20:43:18 [DEBUG]     × 'Dangerous Attack' - valores vacíos
20:43:18 [ERROR] ❌ Error obteniendo momentum: HTTPSConnectionPool(host='betfair.cpp.statsperform.com', port=443): Max retries exceeded with url: /stats/live-stats/momentum?eventId=bj4gpwk9bqccl8imx7leqznys&outletkey=1hegv772yrv901291e00xzm9rv (Caused by ConnectTimeoutError(<HTTPSConnection(host='betfair.cpp.statsperform.com', port=443) at 0x1d609a01310>, 'Connection to betfair.cpp.statsperform.com timed out. (connect timeout=10)'))
20:43:18 [ERROR] ❌ Error obteniendo xG details: HTTPSConnectionPool(host='betfair.cpp.statsperform.com', port=443): Max retries exceeded with url: /stats/live-stats/xg?eventId=ey4sm01kyg4iz8scjd0xk85jo&outletkey=1hegv772yrv901291e00xzm9rv (Caused by ConnectTimeoutError(<HTTPSConnection(host='betfair.cpp.statsperform.com', port=443) at 0x1d609a03d90>, 'Connection to betfair.cpp.statsperform.com timed out. (connect timeout=10)'))
20:43:18 [INFO] ✅ Estadísticas obtenidas: 1/5 endpoints
20:43:18 [DEBUG]   → Mapeando estadísticas...
20:43:18 [INFO]   ✓ Estadísticas capturadas vía API: 28/66 campos
20:43:18 [DEBUG]     → xG: 1.1621-0.6411, Corners: 1-0
20:43:18 [DEBUG] [cambuur-leeuwarden-rkc-apuestas-35276181] → Extrayendo volumen matched...
20:43:19 [ERROR] ❌ Error obteniendo defence stats: HTTPSConnectionPool(host='betfair.cpp.statsperform.com', port=443): Max retries exceeded with url: /stats/live-stats/defence?eventId=91syj1dcimeis4oxbjdy8d79w&outletkey=1hegv772yrv901291e00xzm9rv (Caused by ConnectTimeoutError(<HTTPSConnection(host='betfair.cpp.statsperform.com', port=443) at 0x1d609a011d0>, 'Connection to betfair.cpp.statsperform.com timed out. (connect timeout=10)'))
20:43:19 [DEBUG]     × 'Free kicks' no encontrado en DOM
20:43:19 [ERROR] Error consultando videoplayer endpoint: HTTPSConnectionPool(host='videoplayer.betfair.es', port=443): Max retries exceeded with url: /GetPlayer.do?eID=35278379&contentType=viz&contentView=mstats (Caused by NameResolutionError("HTTPSConnection(host='videoplayer.betfair.es', port=443): Failed to resolve 'videoplayer.betfair.es' ([Errno 11001] getaddrinfo failed)"))
20:43:19 [WARNING]   × No se pudo extraer eventId - partido sin estadísticas Opta
20:43:19 [INFO]   → Extrayendo stats del iframe (fallback): eID=35278379
20:43:19 [DEBUG]     × 'Free kicks' no encontrado en DOM
20:43:20 [DEBUG] [mainz-hamburgo-apuestas-35244047] → Extrayendo cuotas Resultado Correcto...
20:43:20 [DEBUG]     × 'Offsides' no encontrado en DOM
20:43:20 [ERROR] ❌ Error obteniendo attacking stats: HTTPSConnectionPool(host='betfair.cpp.statsperform.com', port=443): Max retries exceeded with url: /stats/live-stats/attacking?eventId=34ganocfqii66gyo9s6d0tlhw&outletkey=1hegv772yrv901291e00xzm9rv (Caused by ConnectTimeoutError(<HTTPSConnection(host='betfair.cpp.statsperform.com', port=443) at 0x1d6099d3390>, 'Connection to betfair.cpp.statsperform.com timed out. (connect timeout=10)'))
20:43:20 [DEBUG]     × 'Offsides' no encontrado en DOM
20:43:21 [DEBUG]     × 'Goal kicks' no encontrado en DOM
20:43:21 [DEBUG]     × 'Goal kicks' no encontrado en DOM
20:43:21 [ERROR] Error consultando videoplayer endpoint: HTTPSConnectionPool(host='videoplayer.betfair.es', port=443): Max retries exceeded with url: /GetPlayer.do?eID=35264075&contentType=viz&contentView=mstats (Caused by ConnectTimeoutError(<HTTPSConnection(host='videoplayer.betfair.es', port=443) at 0x1d60afd4190>, 'Connection to videoplayer.betfair.es timed out. (connect timeout=10)'))
20:43:21 [WARNING]   × No se pudo extraer eventId - partido sin estadísticas Opta
20:43:21 [INFO]   → Extrayendo stats del iframe (fallback): eID=35264075
20:43:22 [DEBUG]     × 'Saves' no encontrado en DOM
20:43:22 [DEBUG]     × 'Saves' no encontrado en DOM
20:43:23 [DEBUG]     × 'Throw-ins' no encontrado en DOM
20:43:23 [DEBUG]     × 'Throw-ins' no encontrado en DOM
20:43:24 [DEBUG] [mainz-hamburgo-apuestas-35244047] → Extrayendo estadísticas del partido...
20:43:24 [DEBUG]   → Extrayendo eventId del HTML...
20:43:24 [DEBUG]     × 'Substitutions' no encontrado en DOM
20:43:24 [DEBUG] Betfair event ID extraído del HTML: 35244047
20:43:24 [DEBUG] Consultando videoplayer: https://videoplayer.betfair.es/GetPlayer.do?eID=35244047&contentType=viz&contentView=mstats
20:43:24 [DEBUG]     × 'Substitutions' no encontrado en DOM
20:43:25 [DEBUG]     × 'Injuries' no encontrado en DOM
20:43:25 [ERROR] ❌ Error obteniendo xG details: HTTPSConnectionPool(host='betfair.cpp.statsperform.com', port=443): Max retries exceeded with url: /stats/live-stats/xg?eventId=3aomqeev69hg95p6ig2z7jf2s&outletkey=1hegv772yrv901291e00xzm9rv (Caused by ConnectTimeoutError(<HTTPSConnection(host='betfair.cpp.statsperform.com', port=443) at 0x1d609a01e50>, 'Connection to betfair.cpp.statsperform.com timed out. (connect timeout=10)'))
20:43:25 [INFO] ✅ Estadísticas obtenidas: 0/5 endpoints
20:43:25 [WARNING]   × No hay estadísticas disponibles en la API
20:43:25 [DEBUG] [first-vienna-fc-1894-st-polten-apuestas-35263879] → Extrayendo volumen matched...
20:43:25 [DEBUG]     × 'Injuries' no encontrado en DOM
20:43:25 [DEBUG] [us-pianese-fc-guidonia-montecelio-1937-apuestas-35] → Extrayendo momentum (fallback visual)...
20:43:25 [DEBUG]   → Buscando URL del iframe de stats para Momentum...
20:43:25 [ERROR] ❌ Error obteniendo xG details: HTTPSConnectionPool(host='betfair.cpp.statsperform.com', port=443): Max retries exceeded with url: /stats/live-stats/xg?eventId=91fbiy0g0zjzz7j2mf26zl4pg&outletkey=1hegv772yrv901291e00xzm9rv (Caused by ConnectTimeoutError(<HTTPSConnection(host='betfair.cpp.statsperform.com', port=443) at 0x1d60afd4550>, 'Connection to betfair.cpp.statsperform.com timed out. (connect timeout=10)'))
20:43:25 [INFO] ✅ Estadísticas obtenidas: 1/5 endpoints
20:43:25 [WARNING]   × No hay estadísticas disponibles en la API
20:43:25 [DEBUG] [annecy-red-star-apuestas-35263813] → Extrayendo volumen matched...
20:43:26 [DEBUG]   ✓ URL stats encontrada en iframe #1: https://betfair.cpp.statsperform.com/watch/pitchView?&eventId=gx106w4phxavvzel2t
20:43:26 [DEBUG]   → URL momentum construida: https://betfair.cpp.statsperform.com/stats/live-stats/momentum?&eventId=gx106w4p
20:43:26 [ERROR] ❌ Error obteniendo xG details: HTTPSConnectionPool(host='betfair.cpp.statsperform.com', port=443): Max retries exceeded with url: /stats/live-stats/xg?eventId=6ngzralckk6dzbqenl9z2bms4&outletkey=1hegv772yrv901291e00xzm9rv (Caused by ConnectTimeoutError(<HTTPSConnection(host='betfair.cpp.statsperform.com', port=443) at 0x1d60afd4690>, 'Connection to betfair.cpp.statsperform.com timed out. (connect timeout=10)'))
20:43:26 [INFO] ✅ Estadísticas obtenidas: 1/5 endpoints
20:43:26 [DEBUG]   → Mapeando estadísticas...
20:43:26 [INFO]   ✓ Estadísticas capturadas vía API: 28/66 campos
20:43:26 [DEBUG]     → xG: 0.0151-0.0531, Corners: 1-0
20:43:26 [DEBUG] [ismaily-wadi-degla-apuestas-35264073] → Extrayendo volumen matched...
20:43:26 [DEBUG]     × 'Fouls' no encontrado en DOM
20:43:26 [INFO]   ✓ Fallback iframe exitoso: 2 campos capturados
20:43:26 [DEBUG]     × 'Fouls' no encontrado en DOM
20:43:26 [INFO]   ✓ Fallback iframe exitoso: 2 campos capturados
20:43:26 [DEBUG]   → Extrayendo todas las estadísticas del iframe...
20:43:27 [DEBUG]   → Iframe stats capturados: {'corners_local': '4', 'corners_visitante': '2'}
20:43:27 [DEBUG]   → Total stats en dict tras merge: 2
20:43:27 [DEBUG] [vvv-fc-oss-apuestas-35268013] → Extrayendo volumen matched...
20:43:27 [WARNING]   × Timeout esperando estadísticas básicas
20:43:27 [DEBUG]   → Extrayendo todas las estadísticas del iframe...
20:43:27 [DEBUG]   → Iframe stats capturados: {'corners_local': '1', 'corners_visitante': '1'}
20:43:27 [DEBUG]   → Total stats en dict tras merge: 2
20:43:27 [DEBUG] [fc-dordrecht-jong-ajax-amsterdam-apuestas-35276186] → Extrayendo volumen matched...
20:43:27 [DEBUG] [nancy-grenoble-apuestas-35266154] → Extrayendo momentum (fallback visual)...
20:43:27 [DEBUG]   → Buscando URL del iframe de stats para Momentum...
20:43:27 [DEBUG]   ✓ URL stats encontrada en iframe #1: https://betfair.cpp.statsperform.com/watch/pitchView?&eventId=90nvlndx0zkr0o117w
20:43:27 [DEBUG]   → URL momentum construida: https://betfair.cpp.statsperform.com/stats/live-stats/momentum?&eventId=90nvlndx
20:43:28 [DEBUG]     × 'Shots on target' no encontrado en DOM
20:43:28 [DEBUG]     × 'Shots on target' no encontrado en DOM
20:43:28 [DEBUG] [zamalek-haras-el-hodood-apuestas-35264080] → Extrayendo momentum (fallback visual)...
20:43:28 [DEBUG]   → Buscando URL del iframe de stats para Momentum...
20:43:28 [ERROR] ❌ Error obteniendo attacking stats: HTTPSConnectionPool(host='betfair.cpp.statsperform.com', port=443): Max retries exceeded with url: /stats/live-stats/attacking?eventId=bj4gpwk9bqccl8imx7leqznys&outletkey=1hegv772yrv901291e00xzm9rv (Caused by ConnectTimeoutError(<HTTPSConnection(host='betfair.cpp.statsperform.com', port=443) at 0x1d60afd47d0>, 'Connection to betfair.cpp.statsperform.com timed out. (connect timeout=10)'))
20:43:28 [DEBUG]   ✓ URL stats encontrada en iframe #1: https://betfair.cpp.statsperform.com/watch/pitchView?&eventId=6oakbyj0lcermi1e6y
20:43:28 [DEBUG]   → URL momentum construida: https://betfair.cpp.statsperform.com/stats/live-stats/momentum?&eventId=6oakbyj0
20:43:29 [ERROR] ❌ Error obteniendo xG details: HTTPSConnectionPool(host='betfair.cpp.statsperform.com', port=443): Max retries exceeded with url: /stats/live-stats/xg?eventId=91syj1dcimeis4oxbjdy8d79w&outletkey=1hegv772yrv901291e00xzm9rv (Caused by ConnectTimeoutError(<HTTPSConnection(host='betfair.cpp.statsperform.com', port=443) at 0x1d60afd4cd0>, 'Connection to betfair.cpp.statsperform.com timed out. (connect timeout=10)'))
20:43:29 [INFO] ✅ Estadísticas obtenidas: 0/5 endpoints
20:43:29 [WARNING]   × No hay estadísticas disponibles en la API
20:43:29 [DEBUG] [boulogne-clermont-apuestas-35263818] → Extrayendo volumen matched...
20:43:29 [DEBUG]     × 'Shots off target' no encontrado en DOM
20:43:29 [DEBUG] [ghazl-el-mahallah-zed-fc-apuestas-35264081] → Extrayendo momentum (fallback visual)...
20:43:29 [DEBUG]   → Buscando URL del iframe de stats para Momentum...
20:43:29 [DEBUG]     × 'Shots off target' no encontrado en DOM
20:43:29 [DEBUG] [helmond-sport-ado-den-haag-apuestas-35263811] ✓ Momentum obtenido de API: 383.16-1581.15
20:43:29 [INFO] ✓ [helmond-sport-ado-den-haag-apuestas-35263811] Captura exitosa: en_juego, min 40, 1-1
20:43:30 [DEBUG]     × 'Shots blocked' no encontrado en DOM
20:43:30 [DEBUG]     ✓ 'Corner kicks': 7-5
20:43:30 [DEBUG]     × 'Shots blocked' no encontrado en DOM
20:43:30 [ERROR] ❌ Error obteniendo defence stats: HTTPSConnectionPool(host='betfair.cpp.statsperform.com', port=443): Max retries exceeded with url: /stats/live-stats/defence?eventId=34ganocfqii66gyo9s6d0tlhw&outletkey=1hegv772yrv901291e00xzm9rv (Caused by ConnectTimeoutError(<HTTPSConnection(host='betfair.cpp.statsperform.com', port=443) at 0x1d60afd51d0>, 'Connection to betfair.cpp.statsperform.com timed out. (connect timeout=10)'))
20:43:31 [DEBUG]     × 'Corner kicks' no encontrado en DOM
20:43:32 [DEBUG] [cambuur-leeuwarden-rkc-apuestas-35276181] → Extrayendo momentum (fallback visual)...
20:43:32 [DEBUG]   → Buscando URL del iframe de stats para Momentum...
20:43:32 [DEBUG]   → Divs: 1, Local: 0, Visit: 0
20:43:32 [INFO] ✓ [pyramids-ceramica-cleopatra-apuestas-35264076] Captura exitosa: en_juego, min 10, 0-0
20:43:32 [DEBUG]   ✓ URL stats encontrada en iframe #1: https://betfair.cpp.statsperform.com/watch/pitchView?&eventId=ey4sm01kyg4iz8scjd
20:43:32 [DEBUG]   → URL momentum construida: https://betfair.cpp.statsperform.com/stats/live-stats/momentum?&eventId=ey4sm01k
20:43:32 [DEBUG]     × 'Dangerous Attack' - no se pudo obtener home value: Message: no such element: Unable to locate element: {"method":"xpath","selector":"./preceding-sibling::*[1]"}
  (Session info: chrome=144.0.7559.133); For documentation on this error, please visit: https://www.selenium.dev/documentation/webdriver/troubleshooting/errors#nosuchelementexception
Stacktrace:
Symbols not available. Dumping unresolved backtrace:
	0xc75093
	0xc750d4
	0xa6b490
	0xab58da
	0xab5b7b
	0xaab041
	0xad8204
	0xaaaf34
	0xad8384
	0xaf5341
	0xad7f56
	0xaa96c9
	0xaaa484
	0xec7e34
	0xec30c9
	0xee0add
	0xc8db38
	0xc958ad
	0xc7d848
	0xc7da12
	0xc675fa
	0x761b5d49
	0x77a8d83b
	0x77a8d7c1

20:43:33 [DEBUG]     × 'Dangerous Attack' - no se pudo obtener away value: Message: no such element: Unable to locate element: {"method":"xpath","selector":"./following-sibling::*[1]"}
  (Session info: chrome=144.0.7559.133); For documentation on this error, please visit: https://www.selenium.dev/documentation/webdriver/troubleshooting/errors#nosuchelementexception
Stacktrace:
Symbols not available. Dumping unresolved backtrace:
	0xc75093
	0xc750d4
	0xa6b490
	0xab58da
	0xab5b7b
	0xaab041
	0xad8204
	0xaaaf34
	0xad8384
	0xaf5341
	0xad7f56
	0xaa96c9
	0xaaa484
	0xec7e34
	0xec30c9
	0xee0add
	0xc8db38
	0xc958ad
	0xc7d848
	0xc7da12
	0xc675fa
	0x761b5d49
	0x77a8d83b
	0x77a8d7c1

20:43:33 [DEBUG]     × 'Dangerous Attack' - valores vacíos
20:43:34 [DEBUG]   × No se encontró URL del iframe de stats
20:43:34 [INFO] ✓ [ghazl-el-mahallah-zed-fc-apuestas-35264081] Captura exitosa: en_juego, min 7, 0-0
20:43:34 [DEBUG]     × 'Free kicks' no encontrado en DOM
20:43:34 [DEBUG]     × 'Dangerous Attack' no encontrado en DOM
20:43:35 [INFO] EventId de Opta extraído: f28hzs4i28wfhjzc2g99da7mc
20:43:35 [DEBUG]   ✓ EventId extraído: f28hzs4i28wfhjzc2g99da7mc
20:43:35 [DEBUG]   → Obteniendo estadísticas de la API...
20:43:35 [INFO] 📊 Obteniendo todas las estadísticas para eventId: f28hzs4i28wfhjzc2g99da7mc
20:43:36 [DEBUG]     × 'Free kicks' no encontrado en DOM
20:43:36 [DEBUG]     × 'Offsides' no encontrado en DOM
20:43:37 [DEBUG]     × 'Offsides' no encontrado en DOM
20:43:37 [DEBUG]     × 'Goal kicks' no encontrado en DOM
20:43:38 [DEBUG]     × 'Goal kicks' no encontrado en DOM
20:43:38 [DEBUG]     × 'Saves' no encontrado en DOM
20:43:38 [DEBUG] [first-vienna-fc-1894-st-polten-apuestas-35263879] → Extrayendo momentum (fallback visual)...
20:43:38 [DEBUG]   → Buscando URL del iframe de stats para Momentum...
20:43:39 [DEBUG]     × 'Saves' no encontrado en DOM
20:43:39 [DEBUG]     × 'Throw-ins' no encontrado en DOM
20:43:39 [DEBUG] [ismaily-wadi-degla-apuestas-35264073] → Extrayendo momentum (fallback visual)...
20:43:39 [DEBUG] [annecy-red-star-apuestas-35263813] → Extrayendo momentum (fallback visual)...
20:43:39 [DEBUG]   → Buscando URL del iframe de stats para Momentum...
20:43:39 [DEBUG]   → Buscando URL del iframe de stats para Momentum...
20:43:39 [DEBUG]   ✓ URL stats encontrada en iframe #1: https://betfair.cpp.statsperform.com/watch/pitchView?&eventId=91fbiy0g0zjzz7j2mf
20:43:39 [DEBUG]   → URL momentum construida: https://betfair.cpp.statsperform.com/stats/live-stats/momentum?&eventId=91fbiy0g
20:43:39 [DEBUG]   ✓ URL stats encontrada en iframe #1: https://betfair.cpp.statsperform.com/watch/pitchView?&eventId=6ngzralckk6dzbqenl
20:43:39 [DEBUG]   → URL momentum construida: https://betfair.cpp.statsperform.com/stats/live-stats/momentum?&eventId=6ngzralc
20:43:40 [DEBUG]     × 'Throw-ins' no encontrado en DOM
20:43:40 [DEBUG]     × 'Substitutions' no encontrado en DOM
20:43:40 [DEBUG] [vvv-fc-oss-apuestas-35268013] → Extrayendo momentum (fallback visual)...
20:43:40 [DEBUG]   → Buscando URL del iframe de stats para Momentum...
20:43:40 [DEBUG] [fc-dordrecht-jong-ajax-amsterdam-apuestas-35276186] → Extrayendo momentum (fallback visual)...
20:43:40 [DEBUG]   → Buscando URL del iframe de stats para Momentum...
20:43:40 [DEBUG]   → Divs: 1, Local: 0, Visit: 0
20:43:41 [INFO] ✓ [zamalek-haras-el-hodood-apuestas-35264080] Captura exitosa: en_juego, min 7, 0-0
20:43:41 [DEBUG]   × No se encontró URL del iframe de stats
20:43:41 [INFO] ✓ [first-vienna-fc-1894-st-polten-apuestas-35263879] Captura exitosa: pre_partido, min , -
20:43:41 [DEBUG]     × 'Substitutions' no encontrado en DOM
20:43:41 [DEBUG]     × 'Injuries' no encontrado en DOM
20:43:42 [DEBUG] [boulogne-clermont-apuestas-35263818] → Extrayendo momentum (fallback visual)...
20:43:42 [DEBUG]   → Buscando URL del iframe de stats para Momentum...
20:43:42 [DEBUG]     × 'Injuries' no encontrado en DOM
20:43:42 [DEBUG]     × 'Fouls' no encontrado en DOM
20:43:42 [INFO]   ✓ Fallback iframe exitoso: 4 campos capturados
20:43:42 [DEBUG]   ✓ URL stats encontrada en iframe #1: https://betfair.cpp.statsperform.com/watch/pitchView?&eventId=91syj1dcimeis4oxbj
20:43:42 [DEBUG]   → URL momentum construida: https://betfair.cpp.statsperform.com/stats/live-stats/momentum?&eventId=91syj1dc
20:43:42 [DEBUG]   × No se encontró URL del iframe de stats
20:43:42 [INFO] ✓ [fc-dordrecht-jong-ajax-amsterdam-apuestas-35276186] Captura exitosa: en_juego, min 39, 0-0
20:43:43 [DEBUG]     × 'Fouls' no encontrado en DOM
20:43:43 [WARNING]   × Fallback iframe no encontró estadísticas
20:43:49 [ERROR] ❌ Error obteniendo defence stats: HTTPSConnectionPool(host='betfair.cpp.statsperform.com', port=443): Max retries exceeded with url: /stats/live-stats/defence?eventId=bj4gpwk9bqccl8imx7leqznys&outletkey=1hegv772yrv901291e00xzm9rv (Caused by ConnectTimeoutError(<HTTPSConnection(host='betfair.cpp.statsperform.com', port=443) at 0x1d609a01310>, 'Connection to betfair.cpp.statsperform.com timed out. (connect timeout=10)'))
20:43:49 [ERROR] ❌ Error obteniendo xG details: HTTPSConnectionPool(host='betfair.cpp.statsperform.com', port=443): Max retries exceeded with url: /stats/live-stats/xg?eventId=34ganocfqii66gyo9s6d0tlhw&outletkey=1hegv772yrv901291e00xzm9rv (Caused by ConnectTimeoutError(<HTTPSConnection(host='betfair.cpp.statsperform.com', port=443) at 0x1d609a02990>, 'Connection to betfair.cpp.statsperform.com timed out. (connect timeout=10)'))
20:43:49 [ERROR] ❌ Error obteniendo summary stats: HTTPSConnectionPool(host='betfair.cpp.statsperform.com', port=443): Max retries exceeded with url: /stats/live-stats/summary?eventId=f28hzs4i28wfhjzc2g99da7mc&outletkey=1hegv772yrv901291e00xzm9rv&hideHeader=false&noredirect=true&stage=halfTime (Caused by ConnectTimeoutError(<HTTPSConnection(host='betfair.cpp.statsperform.com', port=443) at 0x1d6099d3390>, 'Connection to betfair.cpp.statsperform.com timed out. (connect timeout=10)'))
20:43:49 [INFO] ✅ Estadísticas obtenidas: 1/5 endpoints
20:43:49 [DEBUG]   → Mapeando estadísticas...
20:43:49 [INFO]   ✓ Estadísticas capturadas vía API: 28/66 campos
20:43:50 [DEBUG]     → xG: 2.3636-0.7872, Corners: 5-2
20:43:50 [DEBUG] [fc-nordsjaelland-vejle-apuestas-35268010] → Extrayendo volumen matched...
20:43:55 [WARNING]   × Timeout esperando estadísticas básicas
20:43:55 [DEBUG]   → Extrayendo todas las estadísticas del iframe...
20:43:56 [DEBUG]     × 'Shots on target' no encontrado en DOM
20:43:56 [DEBUG]   → Divs: 181, Local: 30, Visit: 13
20:43:56 [DEBUG]   ✓ Momentum Local: 764.27 (30 barras)
20:43:56 [DEBUG]   ✓ Momentum Visitante: 258.86 (13 barras)
20:43:56 [INFO] ✓ [nancy-grenoble-apuestas-35266154] Captura exitosa: en_juego, min 40, 0-0
20:43:57 [DEBUG]     × 'Shots off target' no encontrado en DOM
20:43:58 [DEBUG]     × 'Shots blocked' no encontrado en DOM
20:43:59 [DEBUG]     × 'Corner kicks' no encontrado en DOM
20:44:00 [ERROR] ❌ Error obteniendo momentum: HTTPSConnectionPool(host='betfair.cpp.statsperform.com', port=443): Max retries exceeded with url: /stats/live-stats/momentum?eventId=f28hzs4i28wfhjzc2g99da7mc&outletkey=1hegv772yrv901291e00xzm9rv (Caused by ConnectTimeoutError(<HTTPSConnection(host='betfair.cpp.statsperform.com', port=443) at 0x1d609a02fd0>, 'Connection to betfair.cpp.statsperform.com timed out. (connect timeout=10)'))
20:44:00 [ERROR] ❌ Error obteniendo xG details: HTTPSConnectionPool(host='betfair.cpp.statsperform.com', port=443): Max retries exceeded with url: /stats/live-stats/xg?eventId=bj4gpwk9bqccl8imx7leqznys&outletkey=1hegv772yrv901291e00xzm9rv (Caused by ConnectTimeoutError(<HTTPSConnection(host='betfair.cpp.statsperform.com', port=443) at 0x1d609a03390>, 'Connection to betfair.cpp.statsperform.com timed out. (connect timeout=10)'))
20:44:00 [INFO] ✅ Estadísticas obtenidas: 1/5 endpoints
20:44:00 [DEBUG]   → Mapeando estadísticas...
20:44:00 [INFO]   ✓ Estadísticas capturadas vía API: 28/66 campos
20:44:00 [DEBUG]     → xG: 0.0-0.0, Corners: 0-0
20:44:00 [DEBUG] [wisla-de-cracovia-wieczysta-krakow-apuestas-352713] → Extrayendo volumen matched...
20:44:01 [DEBUG]   → Divs: 1, Local: 0, Visit: 0
20:44:01 [INFO] ✓ [us-pianese-fc-guidonia-montecelio-1937-apuestas-35] Captura exitosa: en_juego, min 11, 0-0
20:44:02 [DEBUG]   × No se encontró URL del iframe de stats
20:44:02 [INFO] ✓ [vvv-fc-oss-apuestas-35268013] Captura exitosa: en_juego, min 37, 0-0
20:44:02 [DEBUG]     × 'Dangerous Attack' no encontrado en DOM
20:44:02 [DEBUG] [fc-nordsjaelland-vejle-apuestas-35268010] → Extrayendo momentum (fallback visual)...
20:44:02 [DEBUG]   → Buscando URL del iframe de stats para Momentum...
20:44:03 [DEBUG]   ✓ URL stats encontrada en iframe #1: https://betfair.cpp.statsperform.com/watch/pitchView?&eventId=34ganocfqii66gyo9s
20:44:03 [DEBUG]   → URL momentum construida: https://betfair.cpp.statsperform.com/stats/live-stats/momentum?&eventId=34ganocf
20:44:03 [DEBUG]     × 'Free kicks' no encontrado en DOM
20:44:04 [DEBUG]   → Divs: 0, Local: 0, Visit: 0
20:44:04 [INFO] ✓ [cambuur-leeuwarden-rkc-apuestas-35276181] Captura exitosa: en_juego, min 41, 0-1
20:44:04 [DEBUG]     × 'Offsides' no encontrado en DOM
20:44:05 [DEBUG]     × 'Goal kicks' no encontrado en DOM
20:44:06 [DEBUG]   → Iframe stats capturados: {'corners_local': '7', 'corners_visitante': '5', 'time_in_dangerous_attack_pct_local': '44', 'time_in_dangerous_attack_pct_visitante': '56'}
20:44:06 [DEBUG]   → Total stats en dict tras merge: 4
20:44:06 [DEBUG] [emmen-jong-psv-eindhoven-apuestas-35263815] → Extrayendo volumen matched...
20:44:06 [DEBUG]     × 'Saves' no encontrado en DOM
20:44:07 [DEBUG]     × 'Throw-ins' no encontrado en DOM
20:44:08 [DEBUG] [fortuna-sittard-excelsior-apuestas-35243098] → Extrayendo volumen matched...
20:44:08 [DEBUG] No se encontró teamStatsAttackingLv
20:44:08 [DEBUG]     × 'Substitutions' no encontrado en DOM
20:44:09 [DEBUG]     × 'Injuries' no encontrado en DOM
20:44:10 [DEBUG]     × 'Fouls' no encontrado en DOM
20:44:10 [WARNING]   × Fallback iframe no encontró estadísticas
20:44:11 [DEBUG]   → Divs: 0, Local: 0, Visit: 0
20:44:11 [INFO] ✓ [ismaily-wadi-degla-apuestas-35264073] Captura exitosa: en_juego, min 10, 0-0
20:44:12 [WARNING]   × Timeout esperando estadísticas básicas
20:44:12 [DEBUG]   → Extrayendo todas las estadísticas del iframe...
20:44:12 [DEBUG] [wisla-de-cracovia-wieczysta-krakow-apuestas-352713] → Extrayendo momentum (fallback visual)...
20:44:12 [DEBUG]   → Buscando URL del iframe de stats para Momentum...
20:44:13 [DEBUG]     × 'Shots on target' no encontrado en DOM
20:44:14 [DEBUG]     × 'Shots off target' no encontrado en DOM
20:44:14 [WARNING]   × Timeout esperando estadísticas básicas
20:44:14 [DEBUG]   → Extrayendo todas las estadísticas del iframe...
20:44:15 [DEBUG]   × No se encontró URL del iframe de stats
20:44:15 [INFO] ✓ [wisla-de-cracovia-wieczysta-krakow-apuestas-352713] Captura exitosa: pre_partido, min , -
20:44:15 [DEBUG]     × 'Shots blocked' no encontrado en DOM
20:44:15 [DEBUG]     × 'Shots on target' no encontrado en DOM
20:44:16 [DEBUG]     × 'Corner kicks' no encontrado en DOM
20:44:16 [DEBUG]     × 'Shots off target' no encontrado en DOM
20:44:17 [DEBUG]     × 'Shots blocked' no encontrado en DOM
20:44:17 [DEBUG]   → Divs: 181, Local: 25, Visit: 18
20:44:17 [DEBUG]   ✓ Momentum Local: 518.19 (25 barras)
20:44:17 [DEBUG]   ✓ Momentum Visitante: 462.33 (18 barras)
20:44:17 [INFO] ✓ [boulogne-clermont-apuestas-35263818] Captura exitosa: en_juego, min 41, 0-0
20:44:18 [DEBUG]     × 'Corner kicks' no encontrado en DOM
20:44:18 [ERROR] ❌ Error obteniendo defence stats: HTTPSConnectionPool(host='betfair.cpp.statsperform.com', port=443): Max retries exceeded with url: /stats/live-stats/defence?eventId=f28hzs4i28wfhjzc2g99da7mc&outletkey=1hegv772yrv901291e00xzm9rv (Caused by ConnectTimeoutError(<HTTPSConnection(host='betfair.cpp.statsperform.com', port=443) at 0x1d609a01590>, 'Connection to betfair.cpp.statsperform.com timed out. (connect timeout=10)'))
20:44:19 [DEBUG]     × 'Dangerous Attack' no encontrado en DOM
20:44:19 [DEBUG] [emmen-jong-psv-eindhoven-apuestas-35263815] → Extrayendo momentum (fallback visual)...
20:44:19 [DEBUG]   → Buscando URL del iframe de stats para Momentum...
20:44:19 [DEBUG] [al-akhdoud-al-quadisiya-ksa-apuestas-35264090] → Extrayendo volumen matched...
20:44:19 [DEBUG]   → Divs: 0, Local: 0, Visit: 0
20:44:19 [INFO] ✓ [annecy-red-star-apuestas-35263813] Captura exitosa: en_juego, min 41, 0-0
20:44:20 [DEBUG]     × 'Free kicks' no encontrado en DOM
