18:36:06 [INFO] 📝 Log guardándose en: logs/scraper_20260210_183606.log
18:36:06 [INFO] Cargados 1 partidos desde games.csv
18:36:06 [INFO] 
Iniciando observador con 1 partidos.
18:36:06 [INFO] Ciclo: 30s | Output: data/
18:36:06 [INFO] 🔄 Recarga dinámica: Revisando games.csv cada 5 ciclos (detección de cambios)
18:36:06 [INFO] 
Iniciando Chrome...
18:36:13 [INFO] ✓ Cookies aceptadas automáticamente
18:36:14 [INFO] Pestaña 0: cska-sof%C3%ADa-cska-1948-sofia-apuestas-35171876 -> https://www.betfair.es/exchange/plus/es/f%C3%BAtbol/copa-b%C3%BAlgara/cska-sof%C...
18:36:14 [INFO] ============================================================
18:36:14 [INFO] HAZ LOGIN MANUAL en Betfair.es ahora.
18:36:14 [INFO] Tienes 0 segundos...
18:36:14 [INFO] El scraper comenzará automáticamente después.
18:36:14 [INFO] ============================================================
18:36:14 [INFO] ============================================================
18:36:14 [INFO] CAPTURA INICIADA - Presiona Ctrl+C para detener
18:36:14 [INFO] ============================================================
18:36:14 [INFO] 
--- Ciclo #1 ---
18:36:15 [DEBUG] ✓ Clic en botón 'Actualizar' con selector: //button[contains(text(), 'Act
18:36:15 [INFO] [Tab 0] → Extrayendo información del partido...
18:36:51 [INFO] [Tab 0] → Extrayendo cuotas Match Odds...
18:36:53 [INFO] [Tab 0]   ✓ Match Odds: Home=1.15/1.16 | Draw=6.4/7.8 | Away=38/160
18:36:53 [INFO] [Tab 0] → Extrayendo cuotas Over/Under...
18:36:56 [INFO] [Tab 0]   ✓ Over/Under: 8/20 valores capturados
18:36:56 [INFO] [Tab 0] → Extrayendo cuotas Resultado Correcto...
18:36:59 [INFO] [Tab 0]   ✓ Resultado Correcto: 8/30 valores capturados
18:36:59 [INFO] [Tab 0] → Extrayendo estadísticas del partido...
18:36:59 [DEBUG]   → Buscando pestaña 'Estadísticas del partido'...
18:37:09 [DEBUG]   × Pestaña 'Estadísticas del partido' no encontrada (partido puede no tener estadísticas)
18:37:09 [DEBUG]   → Total iframes encontrados: 6
18:37:09 [DEBUG]   → Iframe #1: accediendo...
18:37:10 [DEBUG]     → Sin iframes anidados, buscando párrafos directamente...
18:37:11 [DEBUG]     × Sin párrafos
18:37:11 [DEBUG]   → Iframe #2: accediendo...
18:37:11 [DEBUG]     → Encontrados 3 iframes anidados, revisando...
18:37:11 [DEBUG]       → Iframe anidado #1: accediendo...
18:37:12 [DEBUG]         × Sin párrafos
18:37:12 [DEBUG]       → Iframe anidado #2: accediendo...
18:37:13 [DEBUG]         × Sin párrafos
18:37:13 [DEBUG]       → Iframe anidado #3: accediendo...
18:37:14 [DEBUG]         × Sin párrafos
18:37:14 [DEBUG]     × No se encontraron párrafos con estadísticas
18:37:14 [DEBUG]   → Iframe #3: accediendo...
18:37:15 [DEBUG]     → Sin iframes anidados, buscando párrafos directamente...
18:37:16 [DEBUG]     × Sin párrafos
18:37:16 [DEBUG]   → Iframe #4: accediendo...
18:37:16 [DEBUG]     → Encontrados 1 iframes anidados, revisando...
18:37:16 [DEBUG]       → Iframe anidado #1: accediendo...
18:37:17 [DEBUG]         × Sin párrafos
18:37:17 [DEBUG]     × No se encontraron párrafos con estadísticas
18:37:17 [DEBUG]   → Iframe #5: accediendo...
18:37:18 [DEBUG]     → Sin iframes anidados, buscando párrafos directamente...
18:37:19 [DEBUG]     × Sin párrafos
18:37:19 [INFO] [Tab 0]   ✓ Estadísticas: 0/54 valores capturados
18:37:19 [INFO] [Tab 0]     - Summary: xG / | Opta / | Posesión /
18:37:19 [INFO] [Tab 0] → Extrayendo volumen matched...
18:37:32 [INFO] [Tab 0]   ✓ Volumen: No capturado
18:37:32 [INFO] [Tab 0] → Extrayendo momentum...
18:37:32 [DEBUG]   → Buscando URL del iframe de stats para Momentum...
18:37:36 [DEBUG]   × No se encontró URL del iframe de stats
18:37:36 [INFO] [Tab 0]   ✓ Momentum: 0/2 valores capturados
18:37:36 [INFO] [Tab 0] ⚽ cska-sof%C3%ADa-cska-1948-sofia-apuestas-35171876 | EN_JUEGO | Min:71 | 1-0 | BH:1.15 LH:1.16
18:37:36 [WARNING] Ciclo tardó 81.8s (> 30s). Iniciando siguiente ciclo inmediatamente.
18:37:36 [INFO] 
--- Ciclo #2 ---
18:37:37 [DEBUG] ✓ Clic en botón 'Actualizar' con selector: //button[contains(text(), 'Act
18:37:37 [INFO] [Tab 0] → Extrayendo información del partido...
18:38:12 [INFO] [Tab 0] → Extrayendo cuotas Match Odds...
18:38:15 [INFO] [Tab 0]   ✓ Match Odds: Home=1.15/1.16 | Draw=6.4/6.8 | Away=38/160
18:38:15 [INFO] [Tab 0] → Extrayendo cuotas Over/Under...
18:38:17 [INFO] [Tab 0]   ✓ Over/Under: 6/20 valores capturados
18:38:17 [INFO] [Tab 0] → Extrayendo cuotas Resultado Correcto...
18:38:20 [INFO] [Tab 0]   ✓ Resultado Correcto: 10/30 valores capturados
18:38:20 [INFO] [Tab 0] → Extrayendo estadísticas del partido...
18:38:20 [DEBUG]   → Buscando pestaña 'Estadísticas del partido'...
18:38:30 [DEBUG]   × Pestaña 'Estadísticas del partido' no encontrada (partido puede no tener estadísticas)
18:38:30 [DEBUG]   → Total iframes encontrados: 6
18:38:30 [DEBUG]   → Iframe #1: accediendo...
18:38:31 [DEBUG]     → Sin iframes anidados, buscando párrafos directamente...
18:38:32 [DEBUG]     × Sin párrafos
18:38:32 [DEBUG]   → Iframe #2: accediendo...
18:38:32 [DEBUG]     → Encontrados 3 iframes anidados, revisando...
18:38:32 [DEBUG]       → Iframe anidado #1: accediendo...
18:38:33 [DEBUG]         × Sin párrafos
18:38:33 [DEBUG]       → Iframe anidado #2: accediendo...
18:38:34 [DEBUG]         × Sin párrafos
18:38:34 [DEBUG]       → Iframe anidado #3: accediendo...
18:38:36 [DEBUG]         × Sin párrafos
18:38:36 [DEBUG]     × No se encontraron párrafos con estadísticas
18:38:36 [DEBUG]   → Iframe #3: accediendo...
18:38:37 [DEBUG]     → Sin iframes anidados, buscando párrafos directamente...
18:38:38 [DEBUG]     × Sin párrafos
18:38:38 [DEBUG]   → Iframe #4: accediendo...
18:38:38 [DEBUG]     → Encontrados 1 iframes anidados, revisando...
18:38:38 [DEBUG]       → Iframe anidado #1: accediendo...
18:38:39 [DEBUG]         × Sin párrafos
18:38:39 [DEBUG]     × No se encontraron párrafos con estadísticas
18:38:39 [DEBUG]   → Iframe #5: accediendo...
18:38:40 [DEBUG]     → Sin iframes anidados, buscando párrafos directamente...
18:38:41 [DEBUG]     × Sin párrafos
18:38:41 [INFO] [Tab 0]   ✓ Estadísticas: 0/54 valores capturados
18:38:41 [INFO] [Tab 0]     - Summary: xG / | Opta / | Posesión /
18:38:41 [INFO] [Tab 0] → Extrayendo volumen matched...
18:38:54 [INFO] [Tab 0]   ✓ Volumen: No capturado
18:38:54 [INFO] [Tab 0] → Extrayendo momentum...
18:38:54 [DEBUG]   → Buscando URL del iframe de stats para Momentum...
18:38:58 [DEBUG]   × No se encontró URL del iframe de stats
18:38:58 [INFO] [Tab 0]   ✓ Momentum: 0/2 valores capturados
18:38:58 [INFO] [Tab 0] ⚽ cska-sof%C3%ADa-cska-1948-sofia-apuestas-35171876 | EN_JUEGO | Min:72 | 2-0 | BH:1.15 LH:1.16
18:38:58 [WARNING] Ciclo tardó 81.8s (> 30s). Iniciando siguiente ciclo inmediatamente.
18:38:58 [INFO] 
--- Ciclo #3 ---
18:38:58 [DEBUG] ✓ Clic en botón 'Actualizar' con selector: //button[contains(text(), 'Act
18:38:59 [INFO] [Tab 0] → Extrayendo información del partido...
18:39:34 [INFO] [Tab 0] → Extrayendo cuotas Match Odds...
18:39:37 [INFO] [Tab 0]   ✓ Match Odds: Home=1.72/1.85 | Draw=/ | Away=2.16/2.4
18:39:37 [INFO] [Tab 0] → Extrayendo cuotas Over/Under...
18:39:40 [INFO] [Tab 0]   ✓ Over/Under: 4/20 valores capturados
18:39:40 [INFO] [Tab 0] → Extrayendo cuotas Resultado Correcto...
18:39:43 [INFO] [Tab 0]   ✓ Resultado Correcto: 12/30 valores capturados
18:39:43 [INFO] [Tab 0] → Extrayendo estadísticas del partido...
18:39:43 [DEBUG]   → Buscando pestaña 'Estadísticas del partido'...
18:39:53 [DEBUG]   × Pestaña 'Estadísticas del partido' no encontrada (partido puede no tener estadísticas)
18:39:53 [DEBUG]   → Total iframes encontrados: 6
18:39:53 [DEBUG]   → Iframe #1: accediendo...
18:39:54 [DEBUG]     → Sin iframes anidados, buscando párrafos directamente...
18:39:55 [DEBUG]     × Sin párrafos
18:39:55 [DEBUG]   → Iframe #2: accediendo...
18:39:55 [DEBUG]     → Encontrados 3 iframes anidados, revisando...
18:39:55 [DEBUG]       → Iframe anidado #1: accediendo...
18:39:56 [DEBUG]         × Sin párrafos
18:39:56 [DEBUG]       → Iframe anidado #2: accediendo...
18:39:57 [DEBUG]         × Sin párrafos
18:39:57 [DEBUG]       → Iframe anidado #3: accediendo...
18:39:58 [DEBUG]         × Sin párrafos
18:39:58 [DEBUG]     × No se encontraron párrafos con estadísticas
18:39:58 [DEBUG]   → Iframe #3: accediendo...
18:40:00 [DEBUG]     → Sin iframes anidados, buscando párrafos directamente...
18:40:01 [DEBUG]     × Sin párrafos
18:40:01 [DEBUG]   → Iframe #4: accediendo...
18:40:01 [DEBUG]     → Encontrados 1 iframes anidados, revisando...
18:40:01 [DEBUG]       → Iframe anidado #1: accediendo...
18:40:02 [DEBUG]         × Sin párrafos
18:40:02 [DEBUG]     × No se encontraron párrafos con estadísticas
18:40:02 [DEBUG]   → Iframe #5: accediendo...
18:40:03 [DEBUG]     → Sin iframes anidados, buscando párrafos directamente...
18:40:04 [DEBUG]     × Sin párrafos
18:40:04 [INFO] [Tab 0]   ✓ Estadísticas: 0/54 valores capturados
18:40:04 [INFO] [Tab 0]     - Summary: xG / | Opta / | Posesión /
18:40:04 [INFO] [Tab 0] → Extrayendo volumen matched...
18:40:17 [INFO] [Tab 0]   ✓ Volumen: No capturado
18:40:17 [INFO] [Tab 0] → Extrayendo momentum...
18:40:17 [DEBUG]   → Buscando URL del iframe de stats para Momentum...
18:40:21 [DEBUG]   × No se encontró URL del iframe de stats
18:40:21 [INFO] [Tab 0]   ✓ Momentum: 0/2 valores capturados
18:40:21 [INFO] [Tab 0] ⚽ cska-sof%C3%ADa-cska-1948-sofia-apuestas-35171876 | EN_JUEGO | Min:73 | 2-0 | BH:1.72 LH:1.85
18:40:21 [WARNING] Ciclo tardó 82.9s (> 30s). Iniciando siguiente ciclo inmediatamente.
18:40:21 [INFO] 
--- Ciclo #4 ---
18:40:21 [DEBUG] ✓ Clic en botón 'Actualizar' con selector: //button[contains(text(), 'Act
18:40:22 [INFO] [Tab 0] → Extrayendo información del partido...
18:40:57 [INFO] [Tab 0] → Extrayendo cuotas Match Odds...
18:41:00 [INFO] [Tab 0]   ✓ Match Odds: Home=1.09/1.12 | Draw=/ | Away=8.8/12.5
18:41:00 [INFO] [Tab 0] → Extrayendo cuotas Over/Under...
18:41:03 [INFO] [Tab 0]   ✓ Over/Under: 8/20 valores capturados
18:41:03 [INFO] [Tab 0] → Extrayendo cuotas Resultado Correcto...
18:41:05 [INFO] [Tab 0]   ✓ Resultado Correcto: 12/30 valores capturados
18:41:05 [INFO] [Tab 0] → Extrayendo estadísticas del partido...
18:41:05 [DEBUG]   → Buscando pestaña 'Estadísticas del partido'...
18:41:15 [DEBUG]   × Pestaña 'Estadísticas del partido' no encontrada (partido puede no tener estadísticas)
18:41:15 [DEBUG]   → Total iframes encontrados: 6
18:41:16 [DEBUG]   → Iframe #1: accediendo...
18:41:17 [DEBUG]     → Sin iframes anidados, buscando párrafos directamente...
18:41:18 [DEBUG]     × Sin párrafos
18:41:18 [DEBUG]   → Iframe #2: accediendo...
18:41:18 [DEBUG]     → Encontrados 3 iframes anidados, revisando...
18:41:18 [DEBUG]       → Iframe anidado #1: accediendo...
18:41:19 [DEBUG]         × Sin párrafos
18:41:19 [DEBUG]       → Iframe anidado #2: accediendo...
18:41:20 [DEBUG]         × Sin párrafos
18:41:20 [DEBUG]       → Iframe anidado #3: accediendo...
18:41:21 [DEBUG]         × Sin párrafos
18:41:21 [DEBUG]     × No se encontraron párrafos con estadísticas
18:41:21 [DEBUG]   → Iframe #3: accediendo...
18:41:22 [DEBUG]     → Sin iframes anidados, buscando párrafos directamente...
18:41:23 [DEBUG]     × Sin párrafos
18:41:23 [DEBUG]   → Iframe #4: accediendo...
18:41:23 [DEBUG]     → Encontrados 1 iframes anidados, revisando...
18:41:23 [DEBUG]       → Iframe anidado #1: accediendo...
18:41:24 [DEBUG]         × Sin párrafos
18:41:24 [DEBUG]     × No se encontraron párrafos con estadísticas
18:41:24 [DEBUG]   → Iframe #5: accediendo...
18:41:25 [DEBUG]     → Sin iframes anidados, buscando párrafos directamente...
18:41:26 [DEBUG]     × Sin párrafos
18:41:26 [INFO] [Tab 0]   ✓ Estadísticas: 0/54 valores capturados
18:41:26 [INFO] [Tab 0]     - Summary: xG / | Opta / | Posesión /
18:41:26 [INFO] [Tab 0] → Extrayendo volumen matched...
18:41:39 [INFO] [Tab 0]   ✓ Volumen: No capturado
18:41:39 [INFO] [Tab 0] → Extrayendo momentum...
18:41:39 [DEBUG]   → Buscando URL del iframe de stats para Momentum...
18:41:44 [DEBUG]   × No se encontró URL del iframe de stats
18:41:44 [INFO] [Tab 0]   ✓ Momentum: 0/2 valores capturados
18:41:44 [INFO] [Tab 0] ⚽ cska-sof%C3%ADa-cska-1948-sofia-apuestas-35171876 | EN_JUEGO | Min:76 | 2-0 | BH:1.09 LH:1.12
18:41:44 [WARNING] Ciclo tardó 83.3s (> 30s). Iniciando siguiente ciclo inmediatamente.
18:41:44 [INFO] 
--- Ciclo #5 ---
18:41:45 [DEBUG] ✓ Clic en botón 'Actualizar' con selector: //button[contains(text(), 'Act
18:41:45 [INFO] [Tab 0] → Extrayendo información del partido...
18:42:20 [INFO] [Tab 0] → Extrayendo cuotas Match Odds...
18:42:23 [INFO] [Tab 0]   ✓ Match Odds: Home=1.01/1.02 | Draw=42/48 | Away=1.09/1.12
18:42:23 [INFO] [Tab 0] → Extrayendo cuotas Over/Under...
18:42:25 [INFO] [Tab 0]   ✓ Over/Under: 8/20 valores capturados
18:42:25 [INFO] [Tab 0] → Extrayendo cuotas Resultado Correcto...
18:42:28 [INFO] [Tab 0]   ✓ Resultado Correcto: 8/30 valores capturados
18:42:28 [INFO] [Tab 0] → Extrayendo estadísticas del partido...
18:42:28 [DEBUG]   → Buscando pestaña 'Estadísticas del partido'...
18:42:38 [DEBUG]   × Pestaña 'Estadísticas del partido' no encontrada (partido puede no tener estadísticas)
18:42:38 [DEBUG]   → Total iframes encontrados: 7
18:42:38 [DEBUG]   → Iframe #1: accediendo...
18:42:39 [DEBUG]     → Sin iframes anidados, buscando párrafos directamente...
18:42:40 [DEBUG]     × Sin párrafos
18:42:40 [DEBUG]   → Iframe #2: accediendo...
18:42:40 [DEBUG]     → Encontrados 1 iframes anidados, revisando...
18:42:40 [DEBUG]       → Iframe anidado #1: accediendo...
18:42:41 [DEBUG]         × Sin párrafos
18:42:41 [DEBUG]     × No se encontraron párrafos con estadísticas
18:42:41 [DEBUG]   → Iframe #3: accediendo...
18:42:43 [DEBUG]     → Sin iframes anidados, buscando párrafos directamente...
18:42:44 [DEBUG]     × Sin párrafos
18:42:44 [DEBUG]   → Iframe #4: accediendo...
18:42:45 [DEBUG]     → Sin iframes anidados, buscando párrafos directamente...
18:42:46 [DEBUG]     × Sin párrafos
18:42:46 [DEBUG]   → Iframe #5: accediendo...
18:42:47 [DEBUG]     → Sin iframes anidados, buscando párrafos directamente...
18:42:48 [DEBUG]     × Sin párrafos
18:42:48 [INFO] [Tab 0]   ✓ Estadísticas: 0/54 valores capturados
18:42:48 [INFO] [Tab 0]     - Summary: xG / | Opta / | Posesión /
18:42:48 [INFO] [Tab 0] → Extrayendo volumen matched...
18:43:01 [INFO] [Tab 0]   ✓ Volumen: No capturado
18:43:01 [INFO] [Tab 0] → Extrayendo momentum...
18:43:01 [DEBUG]   → Buscando URL del iframe de stats para Momentum...
18:43:06 [DEBUG]   × No se encontró URL del iframe de stats
18:43:06 [INFO] [Tab 0]   ✓ Momentum: 0/2 valores capturados
18:43:06 [INFO] [Tab 0] ⚽ cska-sof%C3%ADa-cska-1948-sofia-apuestas-35171876 | EN_JUEGO | Min:77 | 2-0 | BH:1.01 LH:1.02
18:43:06 [INFO] 🔄 Revisando games.csv para detectar cambios...
18:43:06 [INFO] Cargados 10 partidos desde games.csv
18:43:06 [DEBUG] ⏰ Partidos futuros: 9
18:43:06 [DEBUG]    - Chelsea - Leeds (en 107 min)
18:43:06 [DEBUG]    - Everton - Bournemouth (en 107 min)
18:43:06 [DEBUG]    - Tottenham - Newcastle (en 107 min)
18:43:06 [DEBUG]    - West Ham - Manchester United (en 152 min)
18:43:06 [DEBUG]    - Hertha Berlín - Friburgo (en 122 min)
18:43:06 [DEBUG]    - Nápoles - Como (en 137 min)
18:43:06 [DEBUG]    - Birmingham - West Bromwich (en 137 min)
18:43:06 [DEBUG]    - Leicester - Southampton (en 122 min)
18:43:06 [DEBUG]    - Oxford United - Norwich (en 122 min)
18:43:06 [WARNING] Ciclo tardó 81.6s (> 30s). Iniciando siguiente ciclo inmediatamente.
18:43:06 [INFO] 
--- Ciclo #6 ---
18:43:06 [DEBUG] ✓ Clic en botón 'Actualizar' con selector: //button[contains(text(), 'Act
18:43:07 [INFO] [Tab 0] → Extrayendo información del partido...
18:43:42 [INFO] [Tab 0] → Extrayendo cuotas Match Odds...
18:43:44 [INFO] [Tab 0]   ✓ Match Odds: Home=1.01/1.02 | Draw=42/48 | Away=1.05/1.09
18:43:44 [INFO] [Tab 0] → Extrayendo cuotas Over/Under...
18:43:47 [INFO] [Tab 0]   ✓ Over/Under: 8/20 valores capturados
18:43:47 [INFO] [Tab 0] → Extrayendo cuotas Resultado Correcto...
18:43:50 [INFO] [Tab 0]   ✓ Resultado Correcto: 6/30 valores capturados
18:43:50 [INFO] [Tab 0] → Extrayendo estadísticas del partido...
18:43:50 [DEBUG]   → Buscando pestaña 'Estadísticas del partido'...
18:44:00 [DEBUG]   × Pestaña 'Estadísticas del partido' no encontrada (partido puede no tener estadísticas)
18:44:00 [DEBUG]   → Total iframes encontrados: 7
18:44:00 [DEBUG]   → Iframe #1: accediendo...
18:44:01 [DEBUG]     → Sin iframes anidados, buscando párrafos directamente...
18:44:02 [DEBUG]     × Sin párrafos
18:44:02 [DEBUG]   → Iframe #2: accediendo...
18:44:02 [DEBUG]     → Encontrados 1 iframes anidados, revisando...
18:44:02 [DEBUG]       → Iframe anidado #1: accediendo...
18:44:03 [DEBUG]         × Sin párrafos
18:44:03 [DEBUG]     × No se encontraron párrafos con estadísticas
18:44:03 [DEBUG]   → Iframe #3: accediendo...
18:44:04 [DEBUG]     → Sin iframes anidados, buscando párrafos directamente...
18:44:05 [DEBUG]     × Sin párrafos
18:44:05 [DEBUG]   → Iframe #4: accediendo...
18:44:06 [DEBUG]     → Sin iframes anidados, buscando párrafos directamente...
18:44:07 [DEBUG]     × Sin párrafos
18:44:07 [DEBUG]   → Iframe #5: accediendo...
18:44:08 [DEBUG]     → Sin iframes anidados, buscando párrafos directamente...
18:44:09 [DEBUG]     × Sin párrafos
18:44:09 [INFO] [Tab 0]   ✓ Estadísticas: 0/54 valores capturados
18:44:09 [INFO] [Tab 0]     - Summary: xG / | Opta / | Posesión /
18:44:09 [INFO] [Tab 0] → Extrayendo volumen matched...
18:44:22 [INFO] [Tab 0]   ✓ Volumen: No capturado
18:44:22 [INFO] [Tab 0] → Extrayendo momentum...
18:44:22 [DEBUG]   → Buscando URL del iframe de stats para Momentum...
18:44:27 [DEBUG]   × No se encontró URL del iframe de stats
18:44:27 [INFO] [Tab 0]   ✓ Momentum: 0/2 valores capturados
18:44:27 [INFO] [Tab 0] ⚽ cska-sof%C3%ADa-cska-1948-sofia-apuestas-35171876 | EN_JUEGO | Min:78 | 2-0 | BH:1.01 LH:1.02
18:44:27 [WARNING] Ciclo tardó 81.4s (> 30s). Iniciando siguiente ciclo inmediatamente.
18:44:27 [INFO] 
--- Ciclo #7 ---
18:44:28 [DEBUG] ✓ Clic en botón 'Actualizar' con selector: //button[contains(text(), 'Act
18:44:28 [INFO] [Tab 0] → Extrayendo información del partido...
18:45:03 [INFO] [Tab 0] → Extrayendo cuotas Match Odds...
18:45:06 [INFO] [Tab 0]   ✓ Match Odds: Home=1.01/1.02 | Draw=42/120 | Away=1.06/1.09
18:45:06 [INFO] [Tab 0] → Extrayendo cuotas Over/Under...
18:45:08 [INFO] [Tab 0]   ✓ Over/Under: 6/20 valores capturados
18:45:08 [INFO] [Tab 0] → Extrayendo cuotas Resultado Correcto...
18:45:11 [INFO] [Tab 0]   ✓ Resultado Correcto: 8/30 valores capturados
18:45:11 [INFO] [Tab 0] → Extrayendo estadísticas del partido...
18:45:11 [DEBUG]   → Buscando pestaña 'Estadísticas del partido'...
18:45:21 [DEBUG]   × Pestaña 'Estadísticas del partido' no encontrada (partido puede no tener estadísticas)
18:45:21 [DEBUG]   → Total iframes encontrados: 7
18:45:21 [DEBUG]   → Iframe #1: accediendo...
18:45:22 [DEBUG]     → Sin iframes anidados, buscando párrafos directamente...
18:45:23 [DEBUG]     × Sin párrafos
18:45:23 [DEBUG]   → Iframe #2: accediendo...
18:45:23 [DEBUG]     → Encontrados 1 iframes anidados, revisando...
18:45:23 [DEBUG]       → Iframe anidado #1: accediendo...
18:45:24 [DEBUG]         × Sin párrafos
18:45:24 [DEBUG]     × No se encontraron párrafos con estadísticas
18:45:24 [DEBUG]   → Iframe #3: accediendo...
18:45:25 [DEBUG]     → Sin iframes anidados, buscando párrafos directamente...
18:45:26 [DEBUG]     × Sin párrafos
18:45:26 [DEBUG]   → Iframe #4: accediendo...
18:45:27 [DEBUG]     → Sin iframes anidados, buscando párrafos directamente...
18:45:28 [DEBUG]     × Sin párrafos
18:45:28 [DEBUG]   → Iframe #5: accediendo...
18:45:29 [DEBUG]     → Sin iframes anidados, buscando párrafos directamente...
18:45:30 [DEBUG]     × Sin párrafos
18:45:30 [INFO] [Tab 0]   ✓ Estadísticas: 0/54 valores capturados
18:45:30 [INFO] [Tab 0]     - Summary: xG / | Opta / | Posesión /
18:45:30 [INFO] [Tab 0] → Extrayendo volumen matched...
18:45:43 [INFO] [Tab 0]   ✓ Volumen: No capturado
18:45:43 [INFO] [Tab 0] → Extrayendo momentum...
18:45:43 [DEBUG]   → Buscando URL del iframe de stats para Momentum...
18:45:48 [DEBUG]   × No se encontró URL del iframe de stats
18:45:48 [INFO] [Tab 0]   ✓ Momentum: 0/2 valores capturados
18:45:48 [INFO] [Tab 0] ⚽ cska-sof%C3%ADa-cska-1948-sofia-apuestas-35171876 | EN_JUEGO | Min:79 | 2-0 | BH:1.01 LH:1.02
18:45:48 [WARNING] Ciclo tardó 81.2s (> 30s). Iniciando siguiente ciclo inmediatamente.
18:45:48 [INFO] 
--- Ciclo #8 ---
18:45:49 [DEBUG] ✓ Clic en botón 'Actualizar' con selector: //button[contains(text(), 'Act
18:45:49 [INFO] [Tab 0] → Extrayendo información del partido...
18:46:25 [INFO] [Tab 0] → Extrayendo cuotas Match Odds...
18:46:27 [INFO] [Tab 0]   ✓ Match Odds: Home=1.01/1.02 | Draw=42/120 | Away=1.06/1.09
18:46:27 [INFO] [Tab 0] → Extrayendo cuotas Over/Under...
18:46:30 [INFO] [Tab 0]   ✓ Over/Under: 6/20 valores capturados
18:46:30 [INFO] [Tab 0] → Extrayendo cuotas Resultado Correcto...
18:46:32 [INFO] [Tab 0]   ✓ Resultado Correcto: 8/30 valores capturados
18:46:32 [INFO] [Tab 0] → Extrayendo estadísticas del partido...
18:46:32 [DEBUG]   → Buscando pestaña 'Estadísticas del partido'...
