14:07:59 [INFO] 📝 Log guardándose en: logs/scraper_20260218_140759.log
14:07:59 [INFO] Cargados 2 partidos desde games.csv
14:07:59 [INFO] 📅 MODO SCHEDULING ACTIVADO
14:07:59 [INFO]    Ventana tracking: 10 min antes → 120 min después
14:07:59 [INFO]    Total en CSV: 2 partidos
14:07:59 [INFO]    ✓ Partidos activos ahora: 2
14:07:59 [INFO]    ⏰ Partidos futuros: 0
14:07:59 [INFO]    ✅ Partidos finalizados: 0
14:07:59 [INFO] 🚀 Sistema multi-driver: Creando 2 drivers independientes (sin límite de tabs)
14:07:59 [INFO] 
Iniciando observador con 2 partidos.
14:07:59 [INFO] Ciclo: 30s | Output: data/
14:07:59 [INFO] 🔄 Recarga dinámica: Revisando games.csv cada 5 ciclos (scheduling)
14:07:59 [INFO] 🧹 Limpiando ventanas Betfair antiguas...
14:07:59 [WARNING] Script de limpieza no encontrado: C:\Users\agonz\OneDrive\Documents\Proyectos\Furbo\betfair_scraper\close_betfair_windows.ps1
14:08:00 [INFO] Cargados 2 partidos desde games.csv
14:08:00 [INFO] 
🚀 Iniciando 2 drivers Chrome (partidos en vivo o próximos)...
14:08:00 [INFO] 🔧 Creando driver de login: Tampines Rovers - Cong An Ha Noi
14:08:00 [INFO] 🔧 Creando driver para: Tampines Rovers - Cong An Ha Noi
