18:11:32 [INFO] 📝 Log guardándose en: logs/scraper_20260209_181132.log
18:11:32 [INFO] Cargadas 3 URLs desde games.csv
18:11:32 [INFO] Iniciando observador con 3 partidos.
18:11:32 [INFO] Ciclo: 30s | Output: data/
18:11:32 [INFO] Iniciando Chrome...
18:11:38 [INFO] ✓ Cookies aceptadas automáticamente
18:11:39 [INFO] Pestaña 0: al-ahli-uae-al-hilal-apuestas-35241998 -> https://www.betfair.es/exchange/plus/es/f%C3%BAtbol/champions-league-asi%C3%A1ti...
18:12:05 [DEBUG] No se encontró banner de cookies (puede que ya esté aceptado)
18:12:05 [INFO] Pestaña 1: al-duhail-sc-al-sharjah-apuestas-35241988 -> https://www.betfair.es/exchange/plus/es/f%C3%BAtbol/champions-league-asi%C3%A1ti...
18:12:31 [DEBUG] No se encontró banner de cookies (puede que ya esté aceptado)
18:12:31 [INFO] Pestaña 2: fenerbahce-genclerbirligi-apuestas-35219330 -> https://www.betfair.es/exchange/plus/es/f%C3%BAtbol/superliga-turca/fenerbahce-g...
18:12:31 [INFO] ============================================================
18:12:31 [INFO] HAZ LOGIN MANUAL en Betfair.es ahora.
18:12:31 [INFO] Tienes 0 segundos...
18:12:31 [INFO] El scraper comenzará automáticamente después.
18:12:31 [INFO] ============================================================
18:12:31 [INFO] ============================================================
18:12:31 [INFO] CAPTURA INICIADA - Presiona Ctrl+C para detener
18:12:31 [INFO] ============================================================
18:12:31 [INFO] 
--- Ciclo #1 ---
18:12:32 [DEBUG] ✓ Clic en botón 'Actualizar' con selector: //button[contains(text(), 'Act
18:12:32 [INFO] [Tab 0] → Extrayendo información del partido...
18:13:07 [INFO] [Tab 0] → Extrayendo cuotas Match Odds...
18:13:10 [INFO] [Tab 0]   ✓ Match Odds: Home=3.15/3.2 | Draw=2.24/2.26 | Away=3.45/3.55
18:13:10 [INFO] [Tab 0] → Extrayendo cuotas Over/Under...
18:13:12 [INFO] [Tab 0]   ✓ Over/Under: 14/20 valores capturados
18:13:12 [INFO] [Tab 0] → Extrayendo cuotas Resultado Correcto...
18:13:15 [INFO] [Tab 0]   ✓ Resultado Correcto: 30/30 valores capturados
18:13:15 [INFO] [Tab 0] → Extrayendo estadísticas del partido...
18:13:15 [DEBUG]   → Buscando pestaña 'Estadísticas del partido'...
18:13:25 [DEBUG]   × Pestaña 'Estadísticas del partido' no encontrada (partido puede no tener estadísticas)
18:13:25 [DEBUG]   → Total iframes encontrados: 6
18:13:25 [DEBUG]   → Iframe #1: accediendo...
18:13:26 [DEBUG]     → Sin iframes anidados, buscando párrafos directamente...
18:13:27 [DEBUG]     × Sin párrafos
18:13:27 [DEBUG]   → Iframe #2: accediendo...
18:13:27 [DEBUG]     → Encontrados 3 iframes anidados, revisando...
18:13:27 [DEBUG]       → Iframe anidado #1: accediendo...
18:13:29 [DEBUG]         × Sin párrafos
18:13:29 [DEBUG]       → Iframe anidado #2: accediendo...
18:13:30 [DEBUG]         × Sin párrafos
18:13:30 [DEBUG]       → Iframe anidado #3: accediendo...
18:13:31 [DEBUG]         × Sin párrafos
18:13:31 [DEBUG]   × Error general extrayendo estadísticas: cannot access local variable 'paragraphs' where it is not associated with a value
18:13:31 [INFO] [Tab 0]   ✓ Estadísticas: 0/22 valores capturados
18:13:31 [INFO] [Tab 0]     - xG: / | Opta Points: /
18:13:31 [INFO] [Tab 0]     - Posesión: / | Corners: /
18:13:31 [INFO] [Tab 0] → Extrayendo volumen matched...
18:13:44 [INFO] [Tab 0]   ✓ Volumen: No capturado
18:13:44 [INFO] [Tab 0] → Extrayendo momentum...
18:13:44 [DEBUG]   → Buscando URL del iframe de stats para Momentum...
18:13:48 [DEBUG]   × No se encontró URL del iframe de stats
18:13:48 [INFO] [Tab 0]   ✓ Momentum: 0/2 valores capturados
18:13:48 [INFO] [Tab 0] ⚽ al-ahli-uae-al-hilal-apuestas-35241998 | EN_JUEGO | Min:53 | 0-0 | BH:3.15 LH:3.2
18:13:48 [DEBUG] Espera 11.6s antes de siguiente pestaña...
18:13:59 [ERROR] Error al cambiar a pestaña al-duhail-sc-al-sharjah-apuestas-35241988: Message: no such window
  (Session info: chrome=144.0.7559.133)
Stacktrace:
Symbols not available. Dumping unresolved backtrace:
	0x10b5093
	0x10b50d4
	0xeab2ce
	0xf28302
	0xf18183
	0xee96c9
	0xeea484
	0x1307e34
	0x13030c9
	0x1320add
	0x10cdb38
	0x10d58ad
	0x10bd848
	0x10bda12
	0x10a75fa
	0x75db5d49
	0x779ad5db
	0x779ad561

18:13:59 [DEBUG] Espera 11.2s antes de siguiente pestaña...
18:14:11 [ERROR] Error al cambiar a pestaña fenerbahce-genclerbirligi-apuestas-35219330: Message: no such window
  (Session info: chrome=144.0.7559.133)
Stacktrace:
Symbols not available. Dumping unresolved backtrace:
	0x10b5093
	0x10b50d4
	0xeab2ce
	0xf28302
	0xf18183
	0xee96c9
	0xeea484
	0x1307e34
	0x13030c9
	0x1320add
	0x10cdb38
	0x10d58ad
	0x10bd848
	0x10bda12
	0x10a75fa
	0x75db5d49
	0x779ad5db
	0x779ad561

18:14:11 [WARNING] Ciclo tardó 99.5s (> 30s). Iniciando siguiente ciclo inmediatamente.
18:14:11 [INFO] 
--- Ciclo #2 ---
18:14:11 [DEBUG] ✓ Clic en botón 'Actualizar' con selector: //button[contains(text(), 'Act
18:14:11 [INFO] [Tab 0] → Extrayendo información del partido...
18:14:47 [INFO] [Tab 0] → Extrayendo cuotas Match Odds...
18:14:49 [INFO] [Tab 0]   ✓ Match Odds: Home=3.25/3.3 | Draw=2.08/2.1 | Away=3.1/3.7
18:14:49 [INFO] [Tab 0] → Extrayendo cuotas Over/Under...
18:14:52 [INFO] [Tab 0]   ✓ Over/Under: 14/20 valores capturados
18:14:52 [INFO] [Tab 0] → Extrayendo cuotas Resultado Correcto...
18:14:54 [INFO] [Tab 0]   ✓ Resultado Correcto: 26/30 valores capturados
18:14:54 [INFO] [Tab 0] → Extrayendo estadísticas del partido...
18:14:54 [DEBUG]   → Buscando pestaña 'Estadísticas del partido'...
18:15:05 [DEBUG]   × Pestaña 'Estadísticas del partido' no encontrada (partido puede no tener estadísticas)
18:15:05 [DEBUG]   → Total iframes encontrados: 6
18:15:05 [DEBUG]   → Iframe #1: accediendo...
18:15:06 [DEBUG]     → Sin iframes anidados, buscando párrafos directamente...
18:15:07 [DEBUG]     × Sin párrafos
18:15:07 [DEBUG]   → Iframe #2: accediendo...
18:15:07 [DEBUG]     → Encontrados 3 iframes anidados, revisando...
18:15:07 [DEBUG]       → Iframe anidado #1: accediendo...
18:15:08 [DEBUG]         × Sin párrafos
18:15:08 [DEBUG]       → Iframe anidado #2: accediendo...
18:15:09 [DEBUG]         × Sin párrafos
18:15:09 [DEBUG]       → Iframe anidado #3: accediendo...
18:15:10 [DEBUG]         × Sin párrafos
18:15:10 [DEBUG]   × Error general extrayendo estadísticas: cannot access local variable 'paragraphs' where it is not associated with a value
18:15:10 [INFO] [Tab 0]   ✓ Estadísticas: 0/22 valores capturados
18:15:10 [INFO] [Tab 0]     - xG: / | Opta Points: /
18:15:10 [INFO] [Tab 0]     - Posesión: / | Corners: /
18:15:10 [INFO] [Tab 0] → Extrayendo volumen matched...
18:15:23 [INFO] [Tab 0]   ✓ Volumen: No capturado
18:15:23 [INFO] [Tab 0] → Extrayendo momentum...
18:15:23 [DEBUG]   → Buscando URL del iframe de stats para Momentum...
18:15:27 [DEBUG]   × No se encontró URL del iframe de stats
18:15:27 [INFO] [Tab 0]   ✓ Momentum: 0/2 valores capturados
18:15:27 [INFO] [Tab 0] ⚽ al-ahli-uae-al-hilal-apuestas-35241998 | EN_JUEGO | Min:54 | 0-0 | BH:3.25 LH:3.3
18:15:27 [DEBUG] Espera 9.6s antes de siguiente pestaña...
18:15:37 [ERROR] Error al cambiar a pestaña al-duhail-sc-al-sharjah-apuestas-35241988: Message: no such window
  (Session info: chrome=144.0.7559.133)
Stacktrace:
Symbols not available. Dumping unresolved backtrace:
	0x10b5093
	0x10b50d4
	0xeab2ce
	0xf28302
	0xf18183
	0xee96c9
	0xeea484
	0x1307e34
	0x13030c9
	0x1320add
	0x10cdb38
	0x10d58ad
	0x10bd848
	0x10bda12
	0x10a75fa
	0x75db5d49
	0x779ad5db
	0x779ad561

18:15:37 [DEBUG] Espera 9.2s antes de siguiente pestaña...
18:15:46 [ERROR] Error al cambiar a pestaña fenerbahce-genclerbirligi-apuestas-35219330: Message: no such window
  (Session info: chrome=144.0.7559.133)
Stacktrace:
Symbols not available. Dumping unresolved backtrace:
	0x10b5093
	0x10b50d4
	0xeab2ce
	0xf28302
	0xf18183
	0xee96c9
	0xeea484
	0x1307e34
	0x13030c9
	0x1320add
	0x10cdb38
	0x10d58ad
	0x10bd848
	0x10bda12
	0x10a75fa
	0x75db5d49
	0x779ad5db
	0x779ad561

18:15:46 [WARNING] Ciclo tardó 95.2s (> 30s). Iniciando siguiente ciclo inmediatamente.
18:15:46 [INFO] 
--- Ciclo #3 ---
18:15:46 [DEBUG] ✓ Clic en botón 'Actualizar' con selector: //button[contains(text(), 'Act
18:15:47 [INFO] [Tab 0] → Extrayendo información del partido...
18:16:22 [INFO] [Tab 0] → Extrayendo cuotas Match Odds...
18:16:24 [INFO] [Tab 0]   ✓ Match Odds: Home=3.3/3.35 | Draw=2.08/2.12 | Away=3.65/3.8
18:16:24 [INFO] [Tab 0] → Extrayendo cuotas Over/Under...
18:16:27 [INFO] [Tab 0]   ✓ Over/Under: 14/20 valores capturados
18:16:27 [INFO] [Tab 0] → Extrayendo cuotas Resultado Correcto...
18:16:30 [INFO] [Tab 0]   ✓ Resultado Correcto: 26/30 valores capturados
18:16:30 [INFO] [Tab 0] → Extrayendo estadísticas del partido...
18:16:30 [DEBUG]   → Buscando pestaña 'Estadísticas del partido'...
18:16:40 [DEBUG]   × Pestaña 'Estadísticas del partido' no encontrada (partido puede no tener estadísticas)
18:16:40 [DEBUG]   → Total iframes encontrados: 6
18:16:40 [DEBUG]   → Iframe #1: accediendo...
18:16:41 [DEBUG]     → Sin iframes anidados, buscando párrafos directamente...
18:16:42 [DEBUG]     × Sin párrafos
18:16:42 [DEBUG]   → Iframe #2: accediendo...
18:16:42 [DEBUG]     → Encontrados 3 iframes anidados, revisando...
18:16:42 [DEBUG]       → Iframe anidado #1: accediendo...
18:16:43 [DEBUG]         × Sin párrafos
18:16:43 [DEBUG]       → Iframe anidado #2: accediendo...
18:16:44 [DEBUG]         × Sin párrafos
18:16:44 [DEBUG]       → Iframe anidado #3: accediendo...
18:16:45 [DEBUG]         × Sin párrafos
18:16:45 [DEBUG]   × Error general extrayendo estadísticas: cannot access local variable 'paragraphs' where it is not associated with a value
18:16:45 [INFO] [Tab 0]   ✓ Estadísticas: 0/22 valores capturados
18:16:45 [INFO] [Tab 0]     - xG: / | Opta Points: /
18:16:45 [INFO] [Tab 0]     - Posesión: / | Corners: /
18:16:45 [INFO] [Tab 0] → Extrayendo volumen matched...
18:16:58 [INFO] [Tab 0]   ✓ Volumen: No capturado
18:16:58 [INFO] [Tab 0] → Extrayendo momentum...
18:16:58 [DEBUG]   → Buscando URL del iframe de stats para Momentum...
18:17:03 [DEBUG]   × No se encontró URL del iframe de stats
18:17:03 [INFO] [Tab 0]   ✓ Momentum: 0/2 valores capturados
18:17:03 [INFO] [Tab 0] ⚽ al-ahli-uae-al-hilal-apuestas-35241998 | EN_JUEGO | Min:56 | 0-0 | BH:3.3 LH:3.35
18:17:03 [DEBUG] Espera 10.7s antes de siguiente pestaña...
18:17:13 [ERROR] Error al cambiar a pestaña al-duhail-sc-al-sharjah-apuestas-35241988: Message: no such window
  (Session info: chrome=144.0.7559.133)
Stacktrace:
Symbols not available. Dumping unresolved backtrace:
	0x10b5093
	0x10b50d4
	0xeab2ce
	0xf28302
	0xf18183
	0xee96c9
	0xeea484
	0x1307e34
	0x13030c9
	0x1320add
	0x10cdb38
	0x10d58ad
	0x10bd848
	0x10bda12
	0x10a75fa
	0x75db5d49
	0x779ad5db
	0x779ad561

18:17:13 [DEBUG] Espera 9.2s antes de siguiente pestaña...
18:17:23 [ERROR] Error al cambiar a pestaña fenerbahce-genclerbirligi-apuestas-35219330: Message: no such window
  (Session info: chrome=144.0.7559.133)
Stacktrace:
Symbols not available. Dumping unresolved backtrace:
	0x10b5093
	0x10b50d4
	0xeab2ce
	0xf28302
	0xf18183
	0xee96c9
	0xeea484
	0x1307e34
	0x13030c9
	0x1320add
	0x10cdb38
	0x10d58ad
	0x10bd848
	0x10bda12
	0x10a75fa
	0x75db5d49
	0x779ad5db
	0x779ad561

18:17:23 [WARNING] Ciclo tardó 96.7s (> 30s). Iniciando siguiente ciclo inmediatamente.
18:17:23 [INFO] 
--- Ciclo #4 ---
18:17:23 [DEBUG] ✓ Clic en botón 'Actualizar' con selector: //button[contains(text(), 'Act
18:17:23 [INFO] [Tab 0] → Extrayendo información del partido...
18:17:59 [INFO] [Tab 0] → Extrayendo cuotas Match Odds...
18:18:01 [INFO] [Tab 0]   ✓ Match Odds: Home=2.94/3.35 | Draw=2.04/2.06 | Away=3.7/3.9
18:18:01 [INFO] [Tab 0] → Extrayendo cuotas Over/Under...
18:18:04 [INFO] [Tab 0]   ✓ Over/Under: 14/20 valores capturados
18:18:04 [INFO] [Tab 0] → Extrayendo cuotas Resultado Correcto...
18:18:06 [INFO] [Tab 0]   ✓ Resultado Correcto: 26/30 valores capturados
18:18:06 [INFO] [Tab 0] → Extrayendo estadísticas del partido...
18:18:06 [DEBUG]   → Buscando pestaña 'Estadísticas del partido'...
18:18:17 [DEBUG]   × Pestaña 'Estadísticas del partido' no encontrada (partido puede no tener estadísticas)
18:18:17 [DEBUG]   → Total iframes encontrados: 6
18:18:17 [DEBUG]   → Iframe #1: accediendo...
18:18:18 [DEBUG]     → Sin iframes anidados, buscando párrafos directamente...
18:18:19 [DEBUG]     × Sin párrafos
18:18:19 [DEBUG]   → Iframe #2: accediendo...
18:18:19 [DEBUG]     → Encontrados 3 iframes anidados, revisando...
18:18:19 [DEBUG]       → Iframe anidado #1: accediendo...
18:18:20 [DEBUG]         × Sin párrafos
18:18:20 [DEBUG]       → Iframe anidado #2: accediendo...
18:18:21 [DEBUG]         × Sin párrafos
18:18:21 [DEBUG]       → Iframe anidado #3: accediendo...
18:18:22 [DEBUG]         × Sin párrafos
18:18:22 [DEBUG]   × Error general extrayendo estadísticas: cannot access local variable 'paragraphs' where it is not associated with a value
18:18:22 [INFO] [Tab 0]   ✓ Estadísticas: 0/22 valores capturados
18:18:22 [INFO] [Tab 0]     - xG: / | Opta Points: /
18:18:22 [INFO] [Tab 0]     - Posesión: / | Corners: /
18:18:22 [INFO] [Tab 0] → Extrayendo volumen matched...
18:18:35 [INFO] [Tab 0]   ✓ Volumen: No capturado
18:18:35 [INFO] [Tab 0] → Extrayendo momentum...
18:18:35 [DEBUG]   → Buscando URL del iframe de stats para Momentum...
18:18:39 [DEBUG]   × No se encontró URL del iframe de stats
18:18:39 [INFO] [Tab 0]   ✓ Momentum: 0/2 valores capturados
18:18:39 [INFO] [Tab 0] ⚽ al-ahli-uae-al-hilal-apuestas-35241998 | EN_JUEGO | Min:58 | 0-0 | BH:2.94 LH:3.35
18:18:39 [DEBUG] Espera 9.2s antes de siguiente pestaña...
18:18:48 [ERROR] Error al cambiar a pestaña al-duhail-sc-al-sharjah-apuestas-35241988: Message: no such window
  (Session info: chrome=144.0.7559.133)
Stacktrace:
Symbols not available. Dumping unresolved backtrace:
	0x10b5093
	0x10b50d4
	0xeab2ce
	0xf28302
	0xf18183
	0xee96c9
	0xeea484
	0x1307e34
	0x13030c9
	0x1320add
	0x10cdb38
	0x10d58ad
	0x10bd848
	0x10bda12
	0x10a75fa
	0x75db5d49
	0x779ad5db
	0x779ad561

18:18:48 [DEBUG] Espera 9.1s antes de siguiente pestaña...
18:18:58 [ERROR] Error al cambiar a pestaña fenerbahce-genclerbirligi-apuestas-35219330: Message: no such window
  (Session info: chrome=144.0.7559.133)
Stacktrace:
Symbols not available. Dumping unresolved backtrace:
	0x10b5093
	0x10b50d4
	0xeab2ce
	0xf28302
	0xf18183
	0xee96c9
	0xeea484
	0x1307e34
	0x13030c9
	0x1320add
	0x10cdb38
	0x10d58ad
	0x10bd848
	0x10bda12
	0x10a75fa
	0x75db5d49
	0x779ad5db
	0x779ad561

18:18:58 [WARNING] Ciclo tardó 95.0s (> 30s). Iniciando siguiente ciclo inmediatamente.
18:18:58 [INFO] 
--- Ciclo #5 ---
18:18:58 [DEBUG] ✓ Clic en botón 'Actualizar' con selector: //button[contains(text(), 'Act
18:18:58 [INFO] [Tab 0] → Extrayendo información del partido...
18:19:34 [INFO] [Tab 0] → Extrayendo cuotas Match Odds...
18:19:36 [INFO] [Tab 0]   ✓ Match Odds: Home=3.75/3.8 | Draw=1.94/1.95 | Away=3.8/4.2
18:19:36 [INFO] [Tab 0] → Extrayendo cuotas Over/Under...
18:19:39 [INFO] [Tab 0]   ✓ Over/Under: 8/20 valores capturados
18:19:39 [INFO] [Tab 0] → Extrayendo cuotas Resultado Correcto...
18:19:41 [INFO] [Tab 0]   ✓ Resultado Correcto: 16/30 valores capturados
18:19:41 [INFO] [Tab 0] → Extrayendo estadísticas del partido...
18:19:41 [DEBUG]   → Buscando pestaña 'Estadísticas del partido'...
18:19:52 [DEBUG]   × Pestaña 'Estadísticas del partido' no encontrada (partido puede no tener estadísticas)
18:19:52 [DEBUG]   → Total iframes encontrados: 6
18:19:52 [DEBUG]   → Iframe #1: accediendo...
18:19:53 [DEBUG]     → Sin iframes anidados, buscando párrafos directamente...
18:19:54 [DEBUG]     × Sin párrafos
18:19:54 [DEBUG]   → Iframe #2: accediendo...
18:19:54 [DEBUG]     → Encontrados 3 iframes anidados, revisando...
18:19:54 [DEBUG]       → Iframe anidado #1: accediendo...
18:19:55 [DEBUG]         × Sin párrafos
18:19:55 [DEBUG]       → Iframe anidado #2: accediendo...
18:19:56 [DEBUG]         × Sin párrafos
18:19:56 [DEBUG]       → Iframe anidado #3: accediendo...
18:19:57 [DEBUG]         × Sin párrafos
18:19:57 [DEBUG]   × Error general extrayendo estadísticas: cannot access local variable 'paragraphs' where it is not associated with a value
18:19:57 [INFO] [Tab 0]   ✓ Estadísticas: 0/22 valores capturados
18:19:57 [INFO] [Tab 0]     - xG: / | Opta Points: /
18:19:57 [INFO] [Tab 0]     - Posesión: / | Corners: /
18:19:57 [INFO] [Tab 0] → Extrayendo volumen matched...
18:20:10 [INFO] [Tab 0]   ✓ Volumen: No capturado
18:20:10 [INFO] [Tab 0] → Extrayendo momentum...
18:20:10 [DEBUG]   → Buscando URL del iframe de stats para Momentum...
18:20:14 [DEBUG]   × No se encontró URL del iframe de stats
18:20:14 [INFO] [Tab 0]   ✓ Momentum: 0/2 valores capturados
18:20:14 [INFO] [Tab 0] ⚽ al-ahli-uae-al-hilal-apuestas-35241998 | EN_JUEGO | Min:59 | 0-0 | BH:3.75 LH:3.8
18:20:14 [DEBUG] Espera 10.4s antes de siguiente pestaña...
18:20:25 [ERROR] Error al cambiar a pestaña al-duhail-sc-al-sharjah-apuestas-35241988: Message: no such window
  (Session info: chrome=144.0.7559.133)
Stacktrace:
Symbols not available. Dumping unresolved backtrace:
	0x10b5093
	0x10b50d4
	0xeab2ce
	0xf28302
	0xf18183
	0xee96c9
	0xeea484
	0x1307e34
	0x13030c9
	0x1320add
	0x10cdb38
	0x10d58ad
	0x10bd848
	0x10bda12
	0x10a75fa
	0x75db5d49
	0x779ad5db
	0x779ad561

18:20:25 [DEBUG] Espera 9.3s antes de siguiente pestaña...
18:20:34 [ERROR] Error al cambiar a pestaña fenerbahce-genclerbirligi-apuestas-35219330: Message: no such window
  (Session info: chrome=144.0.7559.133)
Stacktrace:
Symbols not available. Dumping unresolved backtrace:
	0x10b5093
	0x10b50d4
	0xeab2ce
	0xf28302
	0xf18183
	0xee96c9
	0xeea484
	0x1307e34
	0x13030c9
	0x1320add
	0x10cdb38
	0x10d58ad
	0x10bd848
	0x10bda12
	0x10a75fa
	0x75db5d49
	0x779ad5db
	0x779ad561

18:20:34 [WARNING] Ciclo tardó 96.4s (> 30s). Iniciando siguiente ciclo inmediatamente.
18:20:34 [INFO] 
--- Ciclo #6 ---
18:20:34 [DEBUG] ✓ Clic en botón 'Actualizar' con selector: //button[contains(text(), 'Act
18:20:35 [INFO] [Tab 0] → Extrayendo información del partido...
18:21:11 [INFO] [Tab 0] → Extrayendo cuotas Match Odds...
18:21:13 [INFO] [Tab 0]   ✓ Match Odds: Home=3.65/3.75 | Draw=1.96/1.99 | Away=3.7/3.75
18:21:13 [INFO] [Tab 0] → Extrayendo cuotas Over/Under...
18:21:15 [INFO] [Tab 0]   ✓ Over/Under: 12/20 valores capturados
18:21:15 [INFO] [Tab 0] → Extrayendo cuotas Resultado Correcto...
18:21:18 [INFO] [Tab 0]   ✓ Resultado Correcto: 16/30 valores capturados
18:21:18 [INFO] [Tab 0] → Extrayendo estadísticas del partido...
18:21:18 [DEBUG]   → Buscando pestaña 'Estadísticas del partido'...
18:21:29 [DEBUG]   × Pestaña 'Estadísticas del partido' no encontrada (partido puede no tener estadísticas)
18:21:29 [DEBUG]   → Total iframes encontrados: 6
18:21:29 [DEBUG]   → Iframe #1: accediendo...
18:21:30 [DEBUG]     → Sin iframes anidados, buscando párrafos directamente...
18:21:31 [DEBUG]     × Sin párrafos
18:21:31 [DEBUG]   → Iframe #2: accediendo...
18:21:31 [DEBUG]     → Encontrados 3 iframes anidados, revisando...
18:21:31 [DEBUG]       → Iframe anidado #1: accediendo...
18:21:32 [DEBUG]         × Sin párrafos
18:21:32 [DEBUG]       → Iframe anidado #2: accediendo...
18:21:33 [DEBUG]         × Sin párrafos
18:21:33 [DEBUG]       → Iframe anidado #3: accediendo...
18:21:34 [DEBUG]         × Sin párrafos
18:21:34 [DEBUG]   × Error general extrayendo estadísticas: cannot access local variable 'paragraphs' where it is not associated with a value
18:21:34 [INFO] [Tab 0]   ✓ Estadísticas: 0/22 valores capturados
18:21:34 [INFO] [Tab 0]     - xG: / | Opta Points: /
18:21:34 [INFO] [Tab 0]     - Posesión: / | Corners: /
18:21:34 [INFO] [Tab 0] → Extrayendo volumen matched...
18:21:47 [INFO] [Tab 0]   ✓ Volumen: No capturado
18:21:47 [INFO] [Tab 0] → Extrayendo momentum...
18:21:47 [DEBUG]   → Buscando URL del iframe de stats para Momentum...
18:21:51 [DEBUG]   × No se encontró URL del iframe de stats
18:21:51 [INFO] [Tab 0]   ✓ Momentum: 0/2 valores capturados
18:21:51 [INFO] [Tab 0] ⚽ al-ahli-uae-al-hilal-apuestas-35241998 | EN_JUEGO | Min:60 | 0-0 | BH:3.65 LH:3.75
18:21:51 [DEBUG] Espera 9.0s antes de siguiente pestaña...
18:22:00 [ERROR] Error al cambiar a pestaña al-duhail-sc-al-sharjah-apuestas-35241988: Message: no such window
  (Session info: chrome=144.0.7559.133)
Stacktrace:
Symbols not available. Dumping unresolved backtrace:
	0x10b5093
	0x10b50d4
	0xeab2ce
	0xf28302
	0xf18183
	0xee96c9
	0xeea484
	0x1307e34
	0x13030c9
	0x1320add
	0x10cdb38
	0x10d58ad
	0x10bd848
	0x10bda12
	0x10a75fa
	0x75db5d49
	0x779ad5db
	0x779ad561

18:22:00 [DEBUG] Espera 9.0s antes de siguiente pestaña...
18:22:09 [ERROR] Error al cambiar a pestaña fenerbahce-genclerbirligi-apuestas-35219330: Message: no such window
  (Session info: chrome=144.0.7559.133)
Stacktrace:
Symbols not available. Dumping unresolved backtrace:
	0x10b5093
	0x10b50d4
	0xeab2ce
	0xf28302
	0xf18183
	0xee96c9
	0xeea484
	0x1307e34
	0x13030c9
	0x1320add
	0x10cdb38
	0x10d58ad
	0x10bd848
	0x10bda12
	0x10a75fa
	0x75db5d49
	0x779ad5db
	0x779ad561

18:22:09 [WARNING] Ciclo tardó 95.2s (> 30s). Iniciando siguiente ciclo inmediatamente.
18:22:09 [INFO] 
--- Ciclo #7 ---
18:22:10 [DEBUG] ✓ Clic en botón 'Actualizar' con selector: //button[contains(text(), 'Act
18:22:10 [INFO] [Tab 0] → Extrayendo información del partido...
18:22:45 [INFO] [Tab 0] → Extrayendo cuotas Match Odds...
18:22:48 [INFO] [Tab 0]   ✓ Match Odds: Home=3.7/3.75 | Draw=1.95/1.96 | Away=3.15/3.35
18:22:48 [INFO] [Tab 0] → Extrayendo cuotas Over/Under...
18:22:50 [INFO] [Tab 0]   ✓ Over/Under: 2/20 valores capturados
18:22:50 [INFO] [Tab 0] → Extrayendo cuotas Resultado Correcto...
18:22:53 [INFO] [Tab 0]   ✓ Resultado Correcto: 6/30 valores capturados
18:22:53 [INFO] [Tab 0] → Extrayendo estadísticas del partido...
18:22:53 [DEBUG]   → Buscando pestaña 'Estadísticas del partido'...
18:23:03 [DEBUG]   × Pestaña 'Estadísticas del partido' no encontrada (partido puede no tener estadísticas)
18:23:03 [DEBUG]   → Total iframes encontrados: 6
18:23:03 [DEBUG]   → Iframe #1: accediendo...
18:23:04 [DEBUG]     → Sin iframes anidados, buscando párrafos directamente...
18:23:05 [DEBUG]     × Sin párrafos
18:23:05 [DEBUG]   → Iframe #2: accediendo...
18:23:05 [DEBUG]     → Encontrados 3 iframes anidados, revisando...
18:23:05 [DEBUG]       → Iframe anidado #1: accediendo...
18:23:06 [DEBUG]         × Sin párrafos
18:23:06 [DEBUG]       → Iframe anidado #2: accediendo...
18:23:07 [DEBUG]         × Sin párrafos
18:23:07 [DEBUG]       → Iframe anidado #3: accediendo...
18:23:08 [DEBUG]         × Sin párrafos
18:23:08 [DEBUG]   × Error general extrayendo estadísticas: cannot access local variable 'paragraphs' where it is not associated with a value
18:23:08 [INFO] [Tab 0]   ✓ Estadísticas: 0/22 valores capturados
18:23:08 [INFO] [Tab 0]     - xG: / | Opta Points: /
18:23:08 [INFO] [Tab 0]     - Posesión: / | Corners: /
18:23:08 [INFO] [Tab 0] → Extrayendo volumen matched...
18:23:21 [INFO] [Tab 0]   ✓ Volumen: No capturado
18:23:21 [INFO] [Tab 0] → Extrayendo momentum...
18:23:21 [DEBUG]   → Buscando URL del iframe de stats para Momentum...
18:23:26 [DEBUG]   × No se encontró URL del iframe de stats
18:23:26 [INFO] [Tab 0]   ✓ Momentum: 0/2 valores capturados
18:23:26 [INFO] [Tab 0] ⚽ al-ahli-uae-al-hilal-apuestas-35241998 | EN_JUEGO | Min:62 | 0-0 | BH:3.7 LH:3.75
18:23:26 [DEBUG] Espera 10.9s antes de siguiente pestaña...
18:23:37 [ERROR] Error al cambiar a pestaña al-duhail-sc-al-sharjah-apuestas-35241988: Message: no such window
  (Session info: chrome=144.0.7559.133)
Stacktrace:
Symbols not available. Dumping unresolved backtrace:
	0x10b5093
	0x10b50d4
	0xeab2ce
	0xf28302
	0xf18183
	0xee96c9
	0xeea484
	0x1307e34
	0x13030c9
	0x1320add
	0x10cdb38
	0x10d58ad
	0x10bd848
	0x10bda12
	0x10a75fa
	0x75db5d49
	0x779ad5db
	0x779ad561

18:23:37 [DEBUG] Espera 8.7s antes de siguiente pestaña...
18:23:45 [ERROR] Error al cambiar a pestaña fenerbahce-genclerbirligi-apuestas-35219330: Message: no such window
  (Session info: chrome=144.0.7559.133)
Stacktrace:
Symbols not available. Dumping unresolved backtrace:
	0x10b5093
	0x10b50d4
	0xeab2ce
	0xf28302
	0xf18183
	0xee96c9
	0xeea484
	0x1307e34
	0x13030c9
	0x1320add
	0x10cdb38
	0x10d58ad
	0x10bd848
	0x10bda12
	0x10a75fa
	0x75db5d49
	0x779ad5db
	0x779ad561

18:23:45 [WARNING] Ciclo tardó 96.1s (> 30s). Iniciando siguiente ciclo inmediatamente.
18:23:45 [INFO] 
--- Ciclo #8 ---
18:23:46 [DEBUG] ✓ Clic en botón 'Actualizar' con selector: //button[contains(text(), 'Act
18:23:46 [INFO] [Tab 0] → Extrayendo información del partido...
18:24:22 [INFO] [Tab 0] → Extrayendo cuotas Match Odds...
18:24:24 [INFO] [Tab 0]   ✓ Match Odds: Home=3.75/3.8 | Draw=1.95/2.08 | Away=3.35/3.75
18:24:24 [INFO] [Tab 0] → Extrayendo cuotas Over/Under...
18:24:26 [INFO] [Tab 0]   ✓ Over/Under: 6/20 valores capturados
18:24:26 [INFO] [Tab 0] → Extrayendo cuotas Resultado Correcto...
18:24:29 [INFO] [Tab 0]   ✓ Resultado Correcto: 16/30 valores capturados
18:24:29 [INFO] [Tab 0] → Extrayendo estadísticas del partido...
18:24:29 [DEBUG]   → Buscando pestaña 'Estadísticas del partido'...
18:24:39 [DEBUG]   × Pestaña 'Estadísticas del partido' no encontrada (partido puede no tener estadísticas)
18:24:39 [DEBUG]   → Total iframes encontrados: 6
18:24:39 [DEBUG]   → Iframe #1: accediendo...
18:24:40 [DEBUG]     → Sin iframes anidados, buscando párrafos directamente...
18:24:41 [DEBUG]     × Sin párrafos
18:24:41 [DEBUG]   → Iframe #2: accediendo...
18:24:41 [DEBUG]     → Encontrados 3 iframes anidados, revisando...
18:24:41 [DEBUG]       → Iframe anidado #1: accediendo...
18:24:43 [DEBUG]         × Sin párrafos
18:24:43 [DEBUG]       → Iframe anidado #2: accediendo...
18:24:44 [DEBUG]         × Sin párrafos
18:24:44 [DEBUG]       → Iframe anidado #3: accediendo...
18:24:45 [DEBUG]         × Sin párrafos
18:24:45 [DEBUG]   × Error general extrayendo estadísticas: cannot access local variable 'paragraphs' where it is not associated with a value
18:24:45 [INFO] [Tab 0]   ✓ Estadísticas: 0/22 valores capturados
18:24:45 [INFO] [Tab 0]     - xG: / | Opta Points: /
18:24:45 [INFO] [Tab 0]     - Posesión: / | Corners: /
18:24:45 [INFO] [Tab 0] → Extrayendo volumen matched...
18:24:58 [INFO] [Tab 0]   ✓ Volumen: No capturado
18:24:58 [INFO] [Tab 0] → Extrayendo momentum...
18:24:58 [DEBUG]   → Buscando URL del iframe de stats para Momentum...
18:25:02 [DEBUG]   × No se encontró URL del iframe de stats
18:25:02 [INFO] [Tab 0]   ✓ Momentum: 0/2 valores capturados
18:25:02 [INFO] [Tab 0] ⚽ al-ahli-uae-al-hilal-apuestas-35241998 | EN_JUEGO | Min:64 | 0-0 | BH:3.75 LH:3.8
18:25:02 [DEBUG] Espera 9.1s antes de siguiente pestaña...
18:25:11 [ERROR] Error al cambiar a pestaña al-duhail-sc-al-sharjah-apuestas-35241988: Message: no such window
  (Session info: chrome=144.0.7559.133)
Stacktrace:
Symbols not available. Dumping unresolved backtrace:
	0x10b5093
	0x10b50d4
	0xeab2ce
	0xf28302
	0xf18183
	0xee96c9
	0xeea484
	0x1307e34
	0x13030c9
	0x1320add
	0x10cdb38
	0x10d58ad
	0x10bd848
	0x10bda12
	0x10a75fa
	0x75db5d49
	0x779ad5db
	0x779ad561

18:25:11 [DEBUG] Espera 8.9s antes de siguiente pestaña...
18:25:20 [ERROR] Error al cambiar a pestaña fenerbahce-genclerbirligi-apuestas-35219330: Message: no such window
  (Session info: chrome=144.0.7559.133)
Stacktrace:
Symbols not available. Dumping unresolved backtrace:
	0x10b5093
	0x10b50d4
	0xeab2ce
	0xf28302
	0xf18183
	0xee96c9
	0xeea484
	0x1307e34
	0x13030c9
	0x1320add
	0x10cdb38
	0x10d58ad
	0x10bd848
	0x10bda12
	0x10a75fa
	0x75db5d49
	0x779ad5db
	0x779ad561

18:25:20 [WARNING] Ciclo tardó 94.6s (> 30s). Iniciando siguiente ciclo inmediatamente.
18:25:20 [INFO] 
--- Ciclo #9 ---
18:25:20 [DEBUG] ✓ Clic en botón 'Actualizar' con selector: //button[contains(text(), 'Act
18:25:21 [INFO] [Tab 0] → Extrayendo información del partido...
18:25:56 [INFO] [Tab 0] → Extrayendo cuotas Match Odds...
18:25:59 [INFO] [Tab 0]   ✓ Match Odds: Home=3.95/4 | Draw=1.89/1.93 | Away=3.2/3.45
18:25:59 [INFO] [Tab 0] → Extrayendo cuotas Over/Under...
18:26:01 [INFO] [Tab 0]   ✓ Over/Under: 10/20 valores capturados
18:26:01 [INFO] [Tab 0] → Extrayendo cuotas Resultado Correcto...
18:26:04 [INFO] [Tab 0]   ✓ Resultado Correcto: 26/30 valores capturados
18:26:04 [INFO] [Tab 0] → Extrayendo estadísticas del partido...
18:26:04 [DEBUG]   → Buscando pestaña 'Estadísticas del partido'...
18:26:14 [DEBUG]   × Pestaña 'Estadísticas del partido' no encontrada (partido puede no tener estadísticas)
18:26:14 [DEBUG]   → Total iframes encontrados: 6
18:26:14 [DEBUG]   → Iframe #1: accediendo...
18:26:15 [DEBUG]     → Sin iframes anidados, buscando párrafos directamente...
18:26:16 [DEBUG]     × Sin párrafos
18:26:16 [DEBUG]   → Iframe #2: accediendo...
18:26:16 [DEBUG]     → Encontrados 3 iframes anidados, revisando...
18:26:16 [DEBUG]       → Iframe anidado #1: accediendo...
18:26:17 [DEBUG]         × Sin párrafos
18:26:17 [DEBUG]       → Iframe anidado #2: accediendo...
18:26:18 [DEBUG]         × Sin párrafos
18:26:18 [DEBUG]       → Iframe anidado #3: accediendo...
18:26:19 [DEBUG]         × Sin párrafos
18:26:19 [DEBUG]   × Error general extrayendo estadísticas: cannot access local variable 'paragraphs' where it is not associated with a value
18:26:19 [INFO] [Tab 0]   ✓ Estadísticas: 0/22 valores capturados
18:26:19 [INFO] [Tab 0]     - xG: / | Opta Points: /
18:26:19 [INFO] [Tab 0]     - Posesión: / | Corners: /
18:26:19 [INFO] [Tab 0] → Extrayendo volumen matched...
18:26:32 [INFO] [Tab 0]   ✓ Volumen: No capturado
18:26:32 [INFO] [Tab 0] → Extrayendo momentum...
18:26:32 [DEBUG]   → Buscando URL del iframe de stats para Momentum...
18:26:37 [DEBUG]   × No se encontró URL del iframe de stats
18:26:37 [INFO] [Tab 0]   ✓ Momentum: 0/2 valores capturados
18:26:37 [INFO] [Tab 0] ⚽ al-ahli-uae-al-hilal-apuestas-35241998 | EN_JUEGO | Min:66 | 0-0 | BH:3.95 LH:4
18:26:37 [DEBUG] Espera 10.6s antes de siguiente pestaña...
18:26:47 [ERROR] Error al cambiar a pestaña al-duhail-sc-al-sharjah-apuestas-35241988: Message: no such window
  (Session info: chrome=144.0.7559.133)
Stacktrace:
Symbols not available. Dumping unresolved backtrace:
	0x10b5093
	0x10b50d4
	0xeab2ce
	0xf28302
	0xf18183
	0xee96c9
	0xeea484
	0x1307e34
	0x13030c9
	0x1320add
	0x10cdb38
	0x10d58ad
	0x10bd848
	0x10bda12
	0x10a75fa
	0x75db5d49
	0x779ad5db
	0x779ad561

18:26:47 [DEBUG] Espera 12.0s antes de siguiente pestaña...
18:26:59 [ERROR] Error al cambiar a pestaña fenerbahce-genclerbirligi-apuestas-35219330: Message: no such window
  (Session info: chrome=144.0.7559.133)
Stacktrace:
Symbols not available. Dumping unresolved backtrace:
	0x10b5093
	0x10b50d4
	0xeab2ce
	0xf28302
	0xf18183
	0xee96c9
	0xeea484
	0x1307e34
	0x13030c9
	0x1320add
	0x10cdb38
	0x10d58ad
	0x10bd848
	0x10bda12
	0x10a75fa
	0x75db5d49
	0x779ad5db
	0x779ad561

18:26:59 [WARNING] Ciclo tardó 99.2s (> 30s). Iniciando siguiente ciclo inmediatamente.
18:26:59 [INFO] 
--- Ciclo #10 ---
18:26:59 [DEBUG] ✓ Clic en botón 'Actualizar' con selector: //button[contains(text(), 'Act
18:27:00 [INFO] [Tab 0] → Extrayendo información del partido...
18:27:35 [INFO] [Tab 0] → Extrayendo cuotas Match Odds...
18:27:38 [INFO] [Tab 0]   ✓ Match Odds: Home=4.4/4.5 | Draw=1.76/1.77 | Away=3.7/3.85
18:27:38 [INFO] [Tab 0] → Extrayendo cuotas Over/Under...
18:27:40 [INFO] [Tab 0]   ✓ Over/Under: 12/20 valores capturados
18:27:40 [INFO] [Tab 0] → Extrayendo cuotas Resultado Correcto...
18:27:43 [INFO] [Tab 0]   ✓ Resultado Correcto: 24/30 valores capturados
18:27:43 [INFO] [Tab 0] → Extrayendo estadísticas del partido...
18:27:43 [DEBUG]   → Buscando pestaña 'Estadísticas del partido'...
18:27:53 [DEBUG]   × Pestaña 'Estadísticas del partido' no encontrada (partido puede no tener estadísticas)
18:27:53 [DEBUG]   → Total iframes encontrados: 6
18:27:53 [DEBUG]   → Iframe #1: accediendo...
18:27:54 [DEBUG]     → Sin iframes anidados, buscando párrafos directamente...
18:27:55 [DEBUG]     × Sin párrafos
18:27:55 [DEBUG]   → Iframe #2: accediendo...
18:27:55 [DEBUG]     → Encontrados 3 iframes anidados, revisando...
18:27:55 [DEBUG]       → Iframe anidado #1: accediendo...
18:27:57 [DEBUG]         × Sin párrafos
18:27:57 [DEBUG]       → Iframe anidado #2: accediendo...
18:27:58 [DEBUG]         × Sin párrafos
18:27:58 [DEBUG]       → Iframe anidado #3: accediendo...
18:27:59 [DEBUG]         × Sin párrafos
18:27:59 [DEBUG]   × Error general extrayendo estadísticas: cannot access local variable 'paragraphs' where it is not associated with a value
18:27:59 [INFO] [Tab 0]   ✓ Estadísticas: 0/22 valores capturados
18:27:59 [INFO] [Tab 0]     - xG: / | Opta Points: /
18:27:59 [INFO] [Tab 0]     - Posesión: / | Corners: /
18:27:59 [INFO] [Tab 0] → Extrayendo volumen matched...
18:28:12 [INFO] [Tab 0]   ✓ Volumen: No capturado
18:28:12 [INFO] [Tab 0] → Extrayendo momentum...
18:28:12 [DEBUG]   → Buscando URL del iframe de stats para Momentum...
18:28:16 [DEBUG]   × No se encontró URL del iframe de stats
18:28:16 [INFO] [Tab 0]   ✓ Momentum: 0/2 valores capturados
18:28:16 [INFO] [Tab 0] ⚽ al-ahli-uae-al-hilal-apuestas-35241998 | EN_JUEGO | Min:68 | 0-0 | BH:4.4 LH:4.5
18:28:16 [DEBUG] Espera 9.0s antes de siguiente pestaña...
18:28:25 [ERROR] Error al cambiar a pestaña al-duhail-sc-al-sharjah-apuestas-35241988: Message: no such window
  (Session info: chrome=144.0.7559.133)
Stacktrace:
Symbols not available. Dumping unresolved backtrace:
	0x10b5093
	0x10b50d4
	0xeab2ce
	0xf28302
	0xf18183
	0xee96c9
	0xeea484
	0x1307e34
	0x13030c9
	0x1320add
	0x10cdb38
	0x10d58ad
	0x10bd848
	0x10bda12
	0x10a75fa
	0x75db5d49
	0x779ad5db
	0x779ad561

18:28:25 [DEBUG] Espera 8.5s antes de siguiente pestaña...
18:28:33 [ERROR] Error al cambiar a pestaña fenerbahce-genclerbirligi-apuestas-35219330: Message: no such window
  (Session info: chrome=144.0.7559.133)
Stacktrace:
Symbols not available. Dumping unresolved backtrace:
	0x10b5093
	0x10b50d4
	0xeab2ce
	0xf28302
	0xf18183
	0xee96c9
	0xeea484
	0x1307e34
	0x13030c9
	0x1320add
	0x10cdb38
	0x10d58ad
	0x10bd848
	0x10bda12
	0x10a75fa
	0x75db5d49
	0x779ad5db
	0x779ad561

18:28:33 [WARNING] Ciclo tardó 94.3s (> 30s). Iniciando siguiente ciclo inmediatamente.
18:28:33 [INFO] 
--- Ciclo #11 ---
18:28:34 [DEBUG] ✓ Clic en botón 'Actualizar' con selector: //button[contains(text(), 'Act
18:28:34 [INFO] [Tab 0] → Extrayendo información del partido...
18:29:10 [INFO] [Tab 0] → Extrayendo cuotas Match Odds...
18:29:12 [INFO] [Tab 0]   ✓ Match Odds: Home=4.4/4.5 | Draw=1.76/1.77 | Away=3.7/3.9
18:29:12 [INFO] [Tab 0] → Extrayendo cuotas Over/Under...
18:29:15 [INFO] [Tab 0]   ✓ Over/Under: 12/20 valores capturados
18:29:15 [INFO] [Tab 0] → Extrayendo cuotas Resultado Correcto...
18:29:17 [INFO] [Tab 0]   ✓ Resultado Correcto: 22/30 valores capturados
18:29:17 [INFO] [Tab 0] → Extrayendo estadísticas del partido...
18:29:17 [DEBUG]   → Buscando pestaña 'Estadísticas del partido'...
18:29:28 [DEBUG]   × Pestaña 'Estadísticas del partido' no encontrada (partido puede no tener estadísticas)
18:29:28 [DEBUG]   → Total iframes encontrados: 6
18:29:28 [DEBUG]   → Iframe #1: accediendo...
18:29:29 [DEBUG]     → Sin iframes anidados, buscando párrafos directamente...
18:29:30 [DEBUG]     × Sin párrafos
18:29:30 [DEBUG]   → Iframe #2: accediendo...
18:29:30 [DEBUG]     → Encontrados 3 iframes anidados, revisando...
18:29:30 [DEBUG]       → Iframe anidado #1: accediendo...
18:29:31 [DEBUG]         × Sin párrafos
18:29:31 [DEBUG]       → Iframe anidado #2: accediendo...
18:29:32 [DEBUG]         × Sin párrafos
18:29:32 [DEBUG]       → Iframe anidado #3: accediendo...
18:29:33 [DEBUG]         × Sin párrafos
18:29:33 [DEBUG]   × Error general extrayendo estadísticas: cannot access local variable 'paragraphs' where it is not associated with a value
18:29:33 [INFO] [Tab 0]   ✓ Estadísticas: 0/22 valores capturados
18:29:33 [INFO] [Tab 0]     - xG: / | Opta Points: /
18:29:33 [INFO] [Tab 0]     - Posesión: / | Corners: /
18:29:33 [INFO] [Tab 0] → Extrayendo volumen matched...
18:29:46 [INFO] [Tab 0]   ✓ Volumen: No capturado
18:29:46 [INFO] [Tab 0] → Extrayendo momentum...
18:29:46 [DEBUG]   → Buscando URL del iframe de stats para Momentum...
18:29:50 [DEBUG]   × No se encontró URL del iframe de stats
18:29:50 [INFO] [Tab 0]   ✓ Momentum: 0/2 valores capturados
18:29:50 [INFO] [Tab 0] ⚽ al-ahli-uae-al-hilal-apuestas-35241998 | EN_JUEGO | Min:68 | 0-0 | BH:4.4 LH:4.5
18:29:50 [DEBUG] Espera 9.1s antes de siguiente pestaña...
18:29:59 [ERROR] Error al cambiar a pestaña al-duhail-sc-al-sharjah-apuestas-35241988: Message: no such window
  (Session info: chrome=144.0.7559.133)
Stacktrace:
Symbols not available. Dumping unresolved backtrace:
	0x10b5093
	0x10b50d4
	0xeab2ce
	0xf28302
	0xf18183
	0xee96c9
	0xeea484
	0x1307e34
	0x13030c9
	0x1320add
	0x10cdb38
	0x10d58ad
	0x10bd848
	0x10bda12
	0x10a75fa
	0x75db5d49
	0x779ad5db
	0x779ad561

18:29:59 [DEBUG] Espera 9.7s antes de siguiente pestaña...
18:30:09 [ERROR] Error al cambiar a pestaña fenerbahce-genclerbirligi-apuestas-35219330: Message: no such window
  (Session info: chrome=144.0.7559.133)
Stacktrace:
Symbols not available. Dumping unresolved backtrace:
	0x10b5093
	0x10b50d4
	0xeab2ce
	0xf28302
	0xf18183
	0xee96c9
	0xeea484
	0x1307e34
	0x13030c9
	0x1320add
	0x10cdb38
	0x10d58ad
	0x10bd848
	0x10bda12
	0x10a75fa
	0x75db5d49
	0x779ad5db
	0x779ad561

18:30:09 [WARNING] Ciclo tardó 95.7s (> 30s). Iniciando siguiente ciclo inmediatamente.
18:30:09 [INFO] 
--- Ciclo #12 ---
18:30:09 [DEBUG] ✓ Clic en botón 'Actualizar' con selector: //button[contains(text(), 'Act
18:30:10 [INFO] [Tab 0] → Extrayendo información del partido...
18:30:45 [INFO] [Tab 0] → Extrayendo cuotas Match Odds...
18:30:47 [INFO] [Tab 0]   ✓ Match Odds: Home=4.6/4.7 | Draw=1.76/1.77 | Away=3.65/4.2
18:30:47 [INFO] [Tab 0] → Extrayendo cuotas Over/Under...
18:30:50 [INFO] [Tab 0]   ✓ Over/Under: 10/20 valores capturados
18:30:50 [INFO] [Tab 0] → Extrayendo cuotas Resultado Correcto...
18:30:53 [INFO] [Tab 0]   ✓ Resultado Correcto: 22/30 valores capturados
18:30:53 [INFO] [Tab 0] → Extrayendo estadísticas del partido...
18:30:53 [DEBUG]   → Buscando pestaña 'Estadísticas del partido'...
18:31:03 [DEBUG]   × Pestaña 'Estadísticas del partido' no encontrada (partido puede no tener estadísticas)
18:31:03 [DEBUG]   → Total iframes encontrados: 6
18:31:03 [DEBUG]   → Iframe #1: accediendo...
18:31:04 [DEBUG]     → Sin iframes anidados, buscando párrafos directamente...
18:31:05 [DEBUG]     × Sin párrafos
18:31:05 [DEBUG]   → Iframe #2: accediendo...
18:31:05 [DEBUG]     → Encontrados 3 iframes anidados, revisando...
18:31:05 [DEBUG]       → Iframe anidado #1: accediendo...
18:31:06 [DEBUG]         × Sin párrafos
18:31:06 [DEBUG]       → Iframe anidado #2: accediendo...
18:31:07 [DEBUG]         × Sin párrafos
18:31:07 [DEBUG]       → Iframe anidado #3: accediendo...
18:31:08 [DEBUG]         × Sin párrafos
18:31:08 [DEBUG]   × Error general extrayendo estadísticas: cannot access local variable 'paragraphs' where it is not associated with a value
18:31:08 [INFO] [Tab 0]   ✓ Estadísticas: 0/22 valores capturados
18:31:08 [INFO] [Tab 0]     - xG: / | Opta Points: /
18:31:08 [INFO] [Tab 0]     - Posesión: / | Corners: /
18:31:08 [INFO] [Tab 0] → Extrayendo volumen matched...
18:31:21 [INFO] [Tab 0]   ✓ Volumen: No capturado
18:31:21 [INFO] [Tab 0] → Extrayendo momentum...
18:31:21 [DEBUG]   → Buscando URL del iframe de stats para Momentum...
18:31:26 [DEBUG]   × No se encontró URL del iframe de stats
18:31:26 [INFO] [Tab 0]   ✓ Momentum: 0/2 valores capturados
18:31:26 [INFO] [Tab 0] ⚽ al-ahli-uae-al-hilal-apuestas-35241998 | EN_JUEGO | Min:71 | 0-0 | BH:4.6 LH:4.7
18:31:26 [DEBUG] Espera 8.5s antes de siguiente pestaña...
18:31:34 [ERROR] Error al cambiar a pestaña al-duhail-sc-al-sharjah-apuestas-35241988: Message: no such window
  (Session info: chrome=144.0.7559.133)
Stacktrace:
Symbols not available. Dumping unresolved backtrace:
	0x10b5093
	0x10b50d4
	0xeab2ce
	0xf28302
	0xf18183
	0xee96c9
	0xeea484
	0x1307e34
	0x13030c9
	0x1320add
	0x10cdb38
	0x10d58ad
	0x10bd848
	0x10bda12
	0x10a75fa
	0x75db5d49
	0x779ad5db
	0x779ad561

18:31:34 [DEBUG] Espera 8.3s antes de siguiente pestaña...
18:31:42 [ERROR] Error al cambiar a pestaña fenerbahce-genclerbirligi-apuestas-35219330: Message: no such window
  (Session info: chrome=144.0.7559.133)
Stacktrace:
Symbols not available. Dumping unresolved backtrace:
	0x10b5093
	0x10b50d4
	0xeab2ce
	0xf28302
	0xf18183
	0xee96c9
	0xeea484
	0x1307e34
	0x13030c9
	0x1320add
	0x10cdb38
	0x10d58ad
	0x10bd848
	0x10bda12
	0x10a75fa
	0x75db5d49
	0x779ad5db
	0x779ad561

18:31:42 [WARNING] Ciclo tardó 93.4s (> 30s). Iniciando siguiente ciclo inmediatamente.
18:31:42 [INFO] 
--- Ciclo #13 ---
18:31:43 [DEBUG] ✓ Clic en botón 'Actualizar' con selector: //button[contains(text(), 'Act
18:31:43 [INFO] [Tab 0] → Extrayendo información del partido...
18:32:19 [INFO] [Tab 0] → Extrayendo cuotas Match Odds...
18:32:21 [INFO] [Tab 0]   ✓ Match Odds: Home=4.7/4.8 | Draw=1.74/1.76 | Away=3.7/3.85
18:32:21 [INFO] [Tab 0] → Extrayendo cuotas Over/Under...
18:32:24 [INFO] [Tab 0]   ✓ Over/Under: 10/20 valores capturados
18:32:24 [INFO] [Tab 0] → Extrayendo cuotas Resultado Correcto...
18:32:27 [INFO] [Tab 0]   ✓ Resultado Correcto: 22/30 valores capturados
18:32:27 [INFO] [Tab 0] → Extrayendo estadísticas del partido...
18:32:27 [DEBUG]   → Buscando pestaña 'Estadísticas del partido'...
18:32:37 [DEBUG]   × Pestaña 'Estadísticas del partido' no encontrada (partido puede no tener estadísticas)
18:32:37 [DEBUG]   → Total iframes encontrados: 6
18:32:37 [DEBUG]   → Iframe #1: accediendo...
18:32:38 [DEBUG]     → Sin iframes anidados, buscando párrafos directamente...
18:32:39 [DEBUG]     × Sin párrafos
18:32:39 [DEBUG]   → Iframe #2: accediendo...
18:32:39 [DEBUG]     → Encontrados 3 iframes anidados, revisando...
18:32:39 [DEBUG]       → Iframe anidado #1: accediendo...
18:32:40 [DEBUG]         × Sin párrafos
18:32:40 [DEBUG]       → Iframe anidado #2: accediendo...
18:32:41 [DEBUG]         × Sin párrafos
18:32:41 [DEBUG]       → Iframe anidado #3: accediendo...
18:32:42 [DEBUG]         × Sin párrafos
18:32:42 [DEBUG]   × Error general extrayendo estadísticas: cannot access local variable 'paragraphs' where it is not associated with a value
18:32:42 [INFO] [Tab 0]   ✓ Estadísticas: 0/22 valores capturados
18:32:42 [INFO] [Tab 0]     - xG: / | Opta Points: /
18:32:42 [INFO] [Tab 0]     - Posesión: / | Corners: /
18:32:42 [INFO] [Tab 0] → Extrayendo volumen matched...
18:32:55 [INFO] [Tab 0]   ✓ Volumen: No capturado
18:32:55 [INFO] [Tab 0] → Extrayendo momentum...
18:32:55 [DEBUG]   → Buscando URL del iframe de stats para Momentum...
18:32:59 [DEBUG]   × No se encontró URL del iframe de stats
18:32:59 [INFO] [Tab 0]   ✓ Momentum: 0/2 valores capturados
18:32:59 [INFO] [Tab 0] ⚽ al-ahli-uae-al-hilal-apuestas-35241998 | EN_JUEGO | Min:73 | 0-0 | BH:4.7 LH:4.8
18:32:59 [DEBUG] Espera 9.5s antes de siguiente pestaña...
18:33:09 [ERROR] Error al cambiar a pestaña al-duhail-sc-al-sharjah-apuestas-35241988: Message: no such window
  (Session info: chrome=144.0.7559.133)
Stacktrace:
Symbols not available. Dumping unresolved backtrace:
	0x10b5093
	0x10b50d4
	0xeab2ce
	0xf28302
	0xf18183
	0xee96c9
	0xeea484
	0x1307e34
	0x13030c9
	0x1320add
	0x10cdb38
	0x10d58ad
	0x10bd848
	0x10bda12
	0x10a75fa
	0x75db5d49
	0x779ad5db
	0x779ad561

18:33:09 [DEBUG] Espera 9.2s antes de siguiente pestaña...
18:33:18 [ERROR] Error al cambiar a pestaña fenerbahce-genclerbirligi-apuestas-35219330: Message: no such window
  (Session info: chrome=144.0.7559.133)
Stacktrace:
Symbols not available. Dumping unresolved backtrace:
	0x10b5093
	0x10b50d4
	0xeab2ce
	0xf28302
	0xf18183
	0xee96c9
	0xeea484
	0x1307e34
	0x13030c9
	0x1320add
	0x10cdb38
	0x10d58ad
	0x10bd848
	0x10bda12
	0x10a75fa
	0x75db5d49
	0x779ad5db
	0x779ad561

18:33:18 [WARNING] Ciclo tardó 95.6s (> 30s). Iniciando siguiente ciclo inmediatamente.
18:33:18 [INFO] 
--- Ciclo #14 ---
18:33:18 [DEBUG] ✓ Clic en botón 'Actualizar' con selector: //button[contains(text(), 'Act
18:33:19 [INFO] [Tab 0] → Extrayendo información del partido...
18:33:54 [INFO] [Tab 0] → Extrayendo cuotas Match Odds...
18:33:57 [INFO] [Tab 0]   ✓ Match Odds: Home=4.9/5 | Draw=1.7/1.71 | Away=3.8/3.9
18:33:57 [INFO] [Tab 0] → Extrayendo cuotas Over/Under...
18:33:59 [INFO] [Tab 0]   ✓ Over/Under: 10/20 valores capturados
18:33:59 [INFO] [Tab 0] → Extrayendo cuotas Resultado Correcto...
18:34:02 [INFO] [Tab 0]   ✓ Resultado Correcto: 18/30 valores capturados
18:34:02 [INFO] [Tab 0] → Extrayendo estadísticas del partido...
18:34:02 [DEBUG]   → Buscando pestaña 'Estadísticas del partido'...
18:34:12 [DEBUG]   × Pestaña 'Estadísticas del partido' no encontrada (partido puede no tener estadísticas)
18:34:12 [DEBUG]   → Total iframes encontrados: 6
18:34:12 [DEBUG]   → Iframe #1: accediendo...
18:34:13 [DEBUG]     → Sin iframes anidados, buscando párrafos directamente...
18:34:14 [DEBUG]     × Sin párrafos
18:34:14 [DEBUG]   → Iframe #2: accediendo...
18:34:14 [DEBUG]     → Encontrados 3 iframes anidados, revisando...
18:34:14 [DEBUG]       → Iframe anidado #1: accediendo...
18:34:15 [DEBUG]         × Sin párrafos
18:34:15 [DEBUG]       → Iframe anidado #2: accediendo...
18:34:16 [DEBUG]         × Sin párrafos
18:34:17 [DEBUG]       → Iframe anidado #3: accediendo...
18:34:18 [DEBUG]         × Sin párrafos
18:34:18 [DEBUG]   × Error general extrayendo estadísticas: cannot access local variable 'paragraphs' where it is not associated with a value
18:34:18 [INFO] [Tab 0]   ✓ Estadísticas: 0/22 valores capturados
18:34:18 [INFO] [Tab 0]     - xG: / | Opta Points: /
18:34:18 [INFO] [Tab 0]     - Posesión: / | Corners: /
18:34:18 [INFO] [Tab 0] → Extrayendo volumen matched...
18:34:31 [INFO] [Tab 0]   ✓ Volumen: No capturado
18:34:31 [INFO] [Tab 0] → Extrayendo momentum...
18:34:31 [DEBUG]   → Buscando URL del iframe de stats para Momentum...
18:34:35 [DEBUG]   × No se encontró URL del iframe de stats
18:34:35 [INFO] [Tab 0]   ✓ Momentum: 0/2 valores capturados
18:34:35 [INFO] [Tab 0] ⚽ al-ahli-uae-al-hilal-apuestas-35241998 | EN_JUEGO | Min:74 | 0-0 | BH:4.9 LH:5
18:34:35 [DEBUG] Espera 10.4s antes de siguiente pestaña...
18:34:45 [ERROR] Error al cambiar a pestaña al-duhail-sc-al-sharjah-apuestas-35241988: Message: no such window
  (Session info: chrome=144.0.7559.133)
Stacktrace:
Symbols not available. Dumping unresolved backtrace:
	0x10b5093
	0x10b50d4
	0xeab2ce
	0xf28302
	0xf18183
	0xee96c9
	0xeea484
	0x1307e34
	0x13030c9
	0x1320add
	0x10cdb38
	0x10d58ad
	0x10bd848
	0x10bda12
	0x10a75fa
	0x75db5d49
	0x779ad5db
	0x779ad561

18:34:45 [DEBUG] Espera 10.3s antes de siguiente pestaña...
18:34:56 [ERROR] Error al cambiar a pestaña fenerbahce-genclerbirligi-apuestas-35219330: Message: no such window
  (Session info: chrome=144.0.7559.133)
Stacktrace:
Symbols not available. Dumping unresolved backtrace:
	0x10b5093
	0x10b50d4
	0xeab2ce
	0xf28302
	0xf18183
	0xee96c9
	0xeea484
	0x1307e34
	0x13030c9
	0x1320add
	0x10cdb38
	0x10d58ad
	0x10bd848
	0x10bda12
	0x10a75fa
	0x75db5d49
	0x779ad5db
	0x779ad561

18:34:56 [WARNING] Ciclo tardó 97.6s (> 30s). Iniciando siguiente ciclo inmediatamente.
18:34:56 [INFO] 
--- Ciclo #15 ---
18:34:56 [DEBUG] ✓ Clic en botón 'Actualizar' con selector: //button[contains(text(), 'Act
18:34:56 [INFO] [Tab 0] → Extrayendo información del partido...
18:35:32 [INFO] [Tab 0] → Extrayendo cuotas Match Odds...
18:35:34 [INFO] [Tab 0]   ✓ Match Odds: Home=4.8/4.9 | Draw=1.63/1.65 | Away=3.5/4.1
18:35:34 [INFO] [Tab 0] → Extrayendo cuotas Over/Under...
18:35:37 [INFO] [Tab 0]   ✓ Over/Under: 10/20 valores capturados
18:35:37 [INFO] [Tab 0] → Extrayendo cuotas Resultado Correcto...
18:35:39 [INFO] [Tab 0]   ✓ Resultado Correcto: 16/30 valores capturados
18:35:39 [INFO] [Tab 0] → Extrayendo estadísticas del partido...
18:35:39 [DEBUG]   → Buscando pestaña 'Estadísticas del partido'...
18:35:50 [DEBUG]   × Pestaña 'Estadísticas del partido' no encontrada (partido puede no tener estadísticas)
18:35:50 [DEBUG]   → Total iframes encontrados: 6
18:35:50 [DEBUG]   → Iframe #1: accediendo...
18:35:51 [DEBUG]     → Sin iframes anidados, buscando párrafos directamente...
18:35:52 [DEBUG]     × Sin párrafos
18:35:52 [DEBUG]   → Iframe #2: accediendo...
18:35:52 [DEBUG]     → Encontrados 3 iframes anidados, revisando...
18:35:52 [DEBUG]       → Iframe anidado #1: accediendo...
18:35:53 [DEBUG]         × Sin párrafos
18:35:53 [DEBUG]       → Iframe anidado #2: accediendo...
18:35:54 [DEBUG]         × Sin párrafos
18:35:54 [DEBUG]       → Iframe anidado #3: accediendo...
18:35:55 [DEBUG]         × Sin párrafos
18:35:55 [DEBUG]   × Error general extrayendo estadísticas: cannot access local variable 'paragraphs' where it is not associated with a value
18:35:55 [INFO] [Tab 0]   ✓ Estadísticas: 0/22 valores capturados
18:35:55 [INFO] [Tab 0]     - xG: / | Opta Points: /
18:35:55 [INFO] [Tab 0]     - Posesión: / | Corners: /
18:35:55 [INFO] [Tab 0] → Extrayendo volumen matched...
18:36:08 [INFO] [Tab 0]   ✓ Volumen: No capturado
18:36:08 [INFO] [Tab 0] → Extrayendo momentum...
18:36:08 [DEBUG]   → Buscando URL del iframe de stats para Momentum...
18:36:12 [DEBUG]   × No se encontró URL del iframe de stats
18:36:12 [INFO] [Tab 0]   ✓ Momentum: 0/2 valores capturados
18:36:12 [INFO] [Tab 0] ⚽ al-ahli-uae-al-hilal-apuestas-35241998 | EN_JUEGO | Min:75 | 0-0 | BH:4.8 LH:4.9
18:36:12 [DEBUG] Espera 10.4s antes de siguiente pestaña...
18:36:23 [ERROR] Error al cambiar a pestaña al-duhail-sc-al-sharjah-apuestas-35241988: Message: no such window
  (Session info: chrome=144.0.7559.133)
Stacktrace:
Symbols not available. Dumping unresolved backtrace:
	0x10b5093
	0x10b50d4
	0xeab2ce
	0xf28302
	0xf18183
	0xee96c9
	0xeea484
	0x1307e34
	0x13030c9
	0x1320add
	0x10cdb38
	0x10d58ad
	0x10bd848
	0x10bda12
	0x10a75fa
	0x75db5d49
	0x779ad5db
	0x779ad561

18:36:23 [DEBUG] Espera 9.0s antes de siguiente pestaña...
18:36:32 [ERROR] Error al cambiar a pestaña fenerbahce-genclerbirligi-apuestas-35219330: Message: no such window
  (Session info: chrome=144.0.7559.133)
Stacktrace:
Symbols not available. Dumping unresolved backtrace:
	0x10b5093
	0x10b50d4
	0xeab2ce
	0xf28302
	0xf18183
	0xee96c9
	0xeea484
	0x1307e34
	0x13030c9
	0x1320add
	0x10cdb38
	0x10d58ad
	0x10bd848
	0x10bda12
	0x10a75fa
	0x75db5d49
	0x779ad5db
	0x779ad561

18:36:32 [WARNING] Ciclo tardó 96.3s (> 30s). Iniciando siguiente ciclo inmediatamente.
18:36:32 [INFO] 
--- Ciclo #16 ---
18:36:32 [DEBUG] ✓ Clic en botón 'Actualizar' con selector: //button[contains(text(), 'Act
18:36:33 [INFO] [Tab 0] → Extrayendo información del partido...
18:37:08 [INFO] [Tab 0] → Extrayendo cuotas Match Odds...
18:37:11 [INFO] [Tab 0]   ✓ Match Odds: Home=5.9/6 | Draw=1.5/1.51 | Away=3.65/5.2
18:37:11 [INFO] [Tab 0] → Extrayendo cuotas Over/Under...
18:37:13 [INFO] [Tab 0]   ✓ Over/Under: 10/20 valores capturados
18:37:13 [INFO] [Tab 0] → Extrayendo cuotas Resultado Correcto...
18:37:16 [INFO] [Tab 0]   ✓ Resultado Correcto: 18/30 valores capturados
18:37:16 [INFO] [Tab 0] → Extrayendo estadísticas del partido...
18:37:16 [DEBUG]   → Buscando pestaña 'Estadísticas del partido'...
18:37:26 [DEBUG]   × Pestaña 'Estadísticas del partido' no encontrada (partido puede no tener estadísticas)
18:37:26 [DEBUG]   → Total iframes encontrados: 6
18:37:26 [DEBUG]   → Iframe #1: accediendo...
18:37:27 [DEBUG]     → Sin iframes anidados, buscando párrafos directamente...
18:37:28 [DEBUG]     × Sin párrafos
18:37:28 [DEBUG]   → Iframe #2: accediendo...
18:37:28 [DEBUG]     → Encontrados 3 iframes anidados, revisando...
18:37:28 [DEBUG]       → Iframe anidado #1: accediendo...
18:37:29 [DEBUG]         × Sin párrafos
18:37:29 [DEBUG]       → Iframe anidado #2: accediendo...
18:37:30 [DEBUG]         × Sin párrafos
18:37:30 [DEBUG]       → Iframe anidado #3: accediendo...
18:37:31 [DEBUG]         × Sin párrafos
18:37:31 [DEBUG]   × Error general extrayendo estadísticas: cannot access local variable 'paragraphs' where it is not associated with a value
18:37:31 [INFO] [Tab 0]   ✓ Estadísticas: 0/22 valores capturados
18:37:31 [INFO] [Tab 0]     - xG: / | Opta Points: /
18:37:31 [INFO] [Tab 0]     - Posesión: / | Corners: /
18:37:31 [INFO] [Tab 0] → Extrayendo volumen matched...
18:37:44 [INFO] [Tab 0]   ✓ Volumen: No capturado
18:37:44 [INFO] [Tab 0] → Extrayendo momentum...
18:37:44 [DEBUG]   → Buscando URL del iframe de stats para Momentum...
18:37:48 [DEBUG]   × No se encontró URL del iframe de stats
18:37:49 [INFO] [Tab 0]   ✓ Momentum: 0/2 valores capturados
18:37:49 [INFO] [Tab 0] ⚽ al-ahli-uae-al-hilal-apuestas-35241998 | EN_JUEGO | Min:77 | 0-0 | BH:5.9 LH:6
18:37:49 [DEBUG] Espera 9.0s antes de siguiente pestaña...
18:37:58 [ERROR] Error al cambiar a pestaña al-duhail-sc-al-sharjah-apuestas-35241988: Message: no such window
  (Session info: chrome=144.0.7559.133)
Stacktrace:
Symbols not available. Dumping unresolved backtrace:
	0x10b5093
	0x10b50d4
	0xeab2ce
	0xf28302
	0xf18183
	0xee96c9
	0xeea484
	0x1307e34
	0x13030c9
	0x1320add
	0x10cdb38
	0x10d58ad
	0x10bd848
	0x10bda12
	0x10a75fa
	0x75db5d49
	0x779ad5db
	0x779ad561

18:37:58 [DEBUG] Espera 9.3s antes de siguiente pestaña...
18:38:07 [ERROR] Error al cambiar a pestaña fenerbahce-genclerbirligi-apuestas-35219330: Message: no such window
  (Session info: chrome=144.0.7559.133)
Stacktrace:
Symbols not available. Dumping unresolved backtrace:
	0x10b5093
	0x10b50d4
	0xeab2ce
	0xf28302
	0xf18183
	0xee96c9
	0xeea484
	0x1307e34
	0x13030c9
	0x1320add
	0x10cdb38
	0x10d58ad
	0x10bd848
	0x10bda12
	0x10a75fa
	0x75db5d49
	0x779ad5db
	0x779ad561

18:38:07 [WARNING] Ciclo tardó 95.0s (> 30s). Iniciando siguiente ciclo inmediatamente.
18:38:07 [INFO] 
--- Ciclo #17 ---
18:38:07 [DEBUG] ✓ Clic en botón 'Actualizar' con selector: //button[contains(text(), 'Act
18:38:08 [INFO] [Tab 0] → Extrayendo información del partido...
18:38:43 [INFO] [Tab 0] → Extrayendo cuotas Match Odds...
18:38:46 [INFO] [Tab 0]   ✓ Match Odds: Home=5.6/5.7 | Draw=1.5/1.51 | Away=4.6/5.1
18:38:46 [INFO] [Tab 0] → Extrayendo cuotas Over/Under...
18:38:48 [INFO] [Tab 0]   ✓ Over/Under: 8/20 valores capturados
18:38:48 [INFO] [Tab 0] → Extrayendo cuotas Resultado Correcto...
18:38:51 [INFO] [Tab 0]   ✓ Resultado Correcto: 16/30 valores capturados
18:38:51 [INFO] [Tab 0] → Extrayendo estadísticas del partido...
18:38:51 [DEBUG]   → Buscando pestaña 'Estadísticas del partido'...
18:39:01 [DEBUG]   × Pestaña 'Estadísticas del partido' no encontrada (partido puede no tener estadísticas)
18:39:01 [DEBUG]   → Total iframes encontrados: 6
18:39:01 [DEBUG]   → Iframe #1: accediendo...
18:39:02 [DEBUG]     → Sin iframes anidados, buscando párrafos directamente...
18:39:03 [DEBUG]     × Sin párrafos
18:39:03 [DEBUG]   → Iframe #2: accediendo...
18:39:03 [DEBUG]     → Encontrados 3 iframes anidados, revisando...
18:39:03 [DEBUG]       → Iframe anidado #1: accediendo...
18:39:04 [DEBUG]         × Sin párrafos
18:39:04 [DEBUG]       → Iframe anidado #2: accediendo...
18:39:05 [DEBUG]         × Sin párrafos
18:39:05 [DEBUG]       → Iframe anidado #3: accediendo...
18:39:06 [DEBUG]         × Sin párrafos
18:39:06 [DEBUG]   × Error general extrayendo estadísticas: cannot access local variable 'paragraphs' where it is not associated with a value
18:39:06 [INFO] [Tab 0]   ✓ Estadísticas: 0/22 valores capturados
18:39:06 [INFO] [Tab 0]     - xG: / | Opta Points: /
18:39:06 [INFO] [Tab 0]     - Posesión: / | Corners: /
18:39:06 [INFO] [Tab 0] → Extrayendo volumen matched...
18:39:19 [INFO] [Tab 0]   ✓ Volumen: No capturado
18:39:19 [INFO] [Tab 0] → Extrayendo momentum...
18:39:19 [DEBUG]   → Buscando URL del iframe de stats para Momentum...
18:39:24 [DEBUG]   × No se encontró URL del iframe de stats
18:39:24 [INFO] [Tab 0]   ✓ Momentum: 0/2 valores capturados
18:39:24 [INFO] [Tab 0] ⚽ al-ahli-uae-al-hilal-apuestas-35241998 | EN_JUEGO | Min:78 | 0-0 | BH:5.6 LH:5.7
18:39:24 [DEBUG] Espera 10.2s antes de siguiente pestaña...
18:39:34 [ERROR] Error al cambiar a pestaña al-duhail-sc-al-sharjah-apuestas-35241988: Message: no such window
  (Session info: chrome=144.0.7559.133)
Stacktrace:
Symbols not available. Dumping unresolved backtrace:
	0x10b5093
	0x10b50d4
	0xeab2ce
	0xf28302
	0xf18183
	0xee96c9
	0xeea484
	0x1307e34
	0x13030c9
	0x1320add
	0x10cdb38
	0x10d58ad
	0x10bd848
	0x10bda12
	0x10a75fa
	0x75db5d49
	0x779ad5db
	0x779ad561

18:39:34 [DEBUG] Espera 10.1s antes de siguiente pestaña...
18:39:44 [ERROR] Error al cambiar a pestaña fenerbahce-genclerbirligi-apuestas-35219330: Message: no such window
  (Session info: chrome=144.0.7559.133)
Stacktrace:
Symbols not available. Dumping unresolved backtrace:
	0x10b5093
	0x10b50d4
	0xeab2ce
	0xf28302
	0xf18183
	0xee96c9
	0xeea484
	0x1307e34
	0x13030c9
	0x1320add
	0x10cdb38
	0x10d58ad
	0x10bd848
	0x10bda12
	0x10a75fa
	0x75db5d49
	0x779ad5db
	0x779ad561

18:39:44 [WARNING] Ciclo tardó 97.1s (> 30s). Iniciando siguiente ciclo inmediatamente.
18:39:44 [INFO] 
--- Ciclo #18 ---
18:39:44 [DEBUG] ✓ Clic en botón 'Actualizar' con selector: //button[contains(text(), 'Act
18:39:45 [INFO] [Tab 0] → Extrayendo información del partido...
18:40:20 [INFO] [Tab 0] → Extrayendo cuotas Match Odds...
18:40:22 [INFO] [Tab 0]   ✓ Match Odds: Home=6.4/6.6 | Draw=1.4/1.41 | Away=3.7/6.4
18:40:22 [INFO] [Tab 0] → Extrayendo cuotas Over/Under...
18:40:25 [INFO] [Tab 0]   ✓ Over/Under: 8/20 valores capturados
18:40:25 [INFO] [Tab 0] → Extrayendo cuotas Resultado Correcto...
18:40:28 [INFO] [Tab 0]   ✓ Resultado Correcto: 16/30 valores capturados
18:40:28 [INFO] [Tab 0] → Extrayendo estadísticas del partido...
18:40:28 [DEBUG]   → Buscando pestaña 'Estadísticas del partido'...
18:40:38 [DEBUG]   × Pestaña 'Estadísticas del partido' no encontrada (partido puede no tener estadísticas)
18:40:38 [DEBUG]   → Total iframes encontrados: 6
18:40:38 [DEBUG]   → Iframe #1: accediendo...
18:40:39 [DEBUG]     → Sin iframes anidados, buscando párrafos directamente...
18:40:40 [DEBUG]     × Sin párrafos
18:40:40 [DEBUG]   → Iframe #2: accediendo...
18:40:40 [DEBUG]     → Encontrados 3 iframes anidados, revisando...
18:40:40 [DEBUG]       → Iframe anidado #1: accediendo...
18:40:41 [DEBUG]         × Sin párrafos
18:40:41 [DEBUG]       → Iframe anidado #2: accediendo...
18:40:42 [DEBUG]         × Sin párrafos
18:40:42 [DEBUG]       → Iframe anidado #3: accediendo...
18:40:43 [DEBUG]         × Sin párrafos
18:40:43 [DEBUG]   × Error general extrayendo estadísticas: cannot access local variable 'paragraphs' where it is not associated with a value
18:40:43 [INFO] [Tab 0]   ✓ Estadísticas: 0/22 valores capturados
18:40:43 [INFO] [Tab 0]     - xG: / | Opta Points: /
18:40:43 [INFO] [Tab 0]     - Posesión: / | Corners: /
18:40:43 [INFO] [Tab 0] → Extrayendo volumen matched...
18:40:56 [INFO] [Tab 0]   ✓ Volumen: No capturado
18:40:56 [INFO] [Tab 0] → Extrayendo momentum...
18:40:56 [DEBUG]   → Buscando URL del iframe de stats para Momentum...
18:41:01 [DEBUG]   × No se encontró URL del iframe de stats
18:41:01 [INFO] [Tab 0]   ✓ Momentum: 0/2 valores capturados
18:41:01 [INFO] [Tab 0] ⚽ al-ahli-uae-al-hilal-apuestas-35241998 | EN_JUEGO | Min:80 | 0-0 | BH:6.4 LH:6.6
18:41:01 [DEBUG] Espera 9.3s antes de siguiente pestaña...
18:41:10 [ERROR] Error al cambiar a pestaña al-duhail-sc-al-sharjah-apuestas-35241988: Message: no such window
  (Session info: chrome=144.0.7559.133)
Stacktrace:
Symbols not available. Dumping unresolved backtrace:
	0x10b5093
	0x10b50d4
	0xeab2ce
	0xf28302
	0xf18183
	0xee96c9
	0xeea484
	0x1307e34
	0x13030c9
	0x1320add
	0x10cdb38
	0x10d58ad
	0x10bd848
	0x10bda12
	0x10a75fa
	0x75db5d49
	0x779ad5db
	0x779ad561

18:41:10 [DEBUG] Espera 10.5s antes de siguiente pestaña...
18:41:20 [ERROR] Error al cambiar a pestaña fenerbahce-genclerbirligi-apuestas-35219330: Message: no such window
  (Session info: chrome=144.0.7559.133)
Stacktrace:
Symbols not available. Dumping unresolved backtrace:
	0x10b5093
	0x10b50d4
	0xeab2ce
	0xf28302
	0xf18183
	0xee96c9
	0xeea484
	0x1307e34
	0x13030c9
	0x1320add
	0x10cdb38
	0x10d58ad
	0x10bd848
	0x10bda12
	0x10a75fa
	0x75db5d49
	0x779ad5db
	0x779ad561

18:41:20 [WARNING] Ciclo tardó 96.3s (> 30s). Iniciando siguiente ciclo inmediatamente.
18:41:20 [INFO] 
--- Ciclo #19 ---
18:41:21 [DEBUG] ✓ Clic en botón 'Actualizar' con selector: //button[contains(text(), 'Act
18:41:21 [INFO] [Tab 0] → Extrayendo información del partido...
18:41:57 [INFO] [Tab 0] → Extrayendo cuotas Match Odds...
18:41:59 [INFO] [Tab 0]   ✓ Match Odds: Home=6.4/6.6 | Draw=1.4/1.41 | Away=5.5/5.6
18:41:59 [INFO] [Tab 0] → Extrayendo cuotas Over/Under...
18:42:01 [INFO] [Tab 0]   ✓ Over/Under: 8/20 valores capturados
18:42:01 [INFO] [Tab 0] → Extrayendo cuotas Resultado Correcto...
18:42:04 [INFO] [Tab 0]   ✓ Resultado Correcto: 16/30 valores capturados
18:42:04 [INFO] [Tab 0] → Extrayendo estadísticas del partido...
18:42:04 [DEBUG]   → Buscando pestaña 'Estadísticas del partido'...
18:42:15 [DEBUG]   × Pestaña 'Estadísticas del partido' no encontrada (partido puede no tener estadísticas)
18:42:15 [DEBUG]   → Total iframes encontrados: 6
18:42:15 [DEBUG]   → Iframe #1: accediendo...
18:42:16 [DEBUG]     → Sin iframes anidados, buscando párrafos directamente...
18:42:17 [DEBUG]     × Sin párrafos
18:42:17 [DEBUG]   → Iframe #2: accediendo...
18:42:17 [DEBUG]     → Encontrados 3 iframes anidados, revisando...
18:42:17 [DEBUG]       → Iframe anidado #1: accediendo...
18:42:18 [DEBUG]         × Sin párrafos
18:42:18 [DEBUG]       → Iframe anidado #2: accediendo...
18:42:19 [DEBUG]         × Sin párrafos
18:42:19 [DEBUG]       → Iframe anidado #3: accediendo...
18:42:20 [DEBUG]         × Sin párrafos
18:42:20 [DEBUG]   × Error general extrayendo estadísticas: cannot access local variable 'paragraphs' where it is not associated with a value
18:42:20 [INFO] [Tab 0]   ✓ Estadísticas: 0/22 valores capturados
18:42:20 [INFO] [Tab 0]     - xG: / | Opta Points: /
18:42:20 [INFO] [Tab 0]     - Posesión: / | Corners: /
18:42:20 [INFO] [Tab 0] → Extrayendo volumen matched...
18:42:33 [INFO] [Tab 0]   ✓ Volumen: No capturado
18:42:33 [INFO] [Tab 0] → Extrayendo momentum...
18:42:33 [DEBUG]   → Buscando URL del iframe de stats para Momentum...
18:42:37 [DEBUG]   × No se encontró URL del iframe de stats
18:42:37 [INFO] [Tab 0]   ✓ Momentum: 0/2 valores capturados
18:42:37 [INFO] [Tab 0] ⚽ al-ahli-uae-al-hilal-apuestas-35241998 | EN_JUEGO | Min:82 | 0-0 | BH:6.4 LH:6.6
18:42:37 [DEBUG] Espera 8.0s antes de siguiente pestaña...
18:42:45 [ERROR] Error al cambiar a pestaña al-duhail-sc-al-sharjah-apuestas-35241988: Message: no such window
  (Session info: chrome=144.0.7559.133)
Stacktrace:
Symbols not available. Dumping unresolved backtrace:
	0x10b5093
	0x10b50d4
	0xeab2ce
	0xf28302
	0xf18183
	0xee96c9
	0xeea484
	0x1307e34
	0x13030c9
	0x1320add
	0x10cdb38
	0x10d58ad
	0x10bd848
	0x10bda12
	0x10a75fa
	0x75db5d49
	0x779ad5db
	0x779ad561

18:42:45 [DEBUG] Espera 10.5s antes de siguiente pestaña...
18:42:56 [ERROR] Error al cambiar a pestaña fenerbahce-genclerbirligi-apuestas-35219330: Message: no such window
  (Session info: chrome=144.0.7559.133)
Stacktrace:
Symbols not available. Dumping unresolved backtrace:
	0x10b5093
	0x10b50d4
	0xeab2ce
	0xf28302
	0xf18183
	0xee96c9
	0xeea484
	0x1307e34
	0x13030c9
	0x1320add
	0x10cdb38
	0x10d58ad
	0x10bd848
	0x10bda12
	0x10a75fa
	0x75db5d49
	0x779ad5db
	0x779ad561

18:42:56 [WARNING] Ciclo tardó 95.4s (> 30s). Iniciando siguiente ciclo inmediatamente.
18:42:56 [INFO] 
--- Ciclo #20 ---
18:42:56 [DEBUG] ✓ Clic en botón 'Actualizar' con selector: //button[contains(text(), 'Act
18:42:56 [INFO] [Tab 0] → Extrayendo información del partido...
18:43:32 [INFO] [Tab 0] → Extrayendo cuotas Match Odds...
18:43:34 [INFO] [Tab 0]   ✓ Match Odds: Home=6.8/7.2 | Draw=1.35/1.36 | Away=5.3/5.8
18:43:34 [INFO] [Tab 0] → Extrayendo cuotas Over/Under...
18:43:37 [INFO] [Tab 0]   ✓ Over/Under: 8/20 valores capturados
18:43:37 [INFO] [Tab 0] → Extrayendo cuotas Resultado Correcto...
18:43:39 [INFO] [Tab 0]   ✓ Resultado Correcto: 14/30 valores capturados
18:43:39 [INFO] [Tab 0] → Extrayendo estadísticas del partido...
18:43:39 [DEBUG]   → Buscando pestaña 'Estadísticas del partido'...
18:43:50 [DEBUG]   × Pestaña 'Estadísticas del partido' no encontrada (partido puede no tener estadísticas)
18:43:50 [DEBUG]   → Total iframes encontrados: 6
18:43:50 [DEBUG]   → Iframe #1: accediendo...
18:43:51 [DEBUG]     → Sin iframes anidados, buscando párrafos directamente...
18:43:52 [DEBUG]     × Sin párrafos
18:43:52 [DEBUG]   → Iframe #2: accediendo...
18:43:52 [DEBUG]     → Encontrados 3 iframes anidados, revisando...
18:43:52 [DEBUG]       → Iframe anidado #1: accediendo...
18:43:53 [DEBUG]         × Sin párrafos
18:43:53 [DEBUG]       → Iframe anidado #2: accediendo...
18:43:54 [DEBUG]         × Sin párrafos
18:43:54 [DEBUG]       → Iframe anidado #3: accediendo...
18:43:55 [DEBUG]         × Sin párrafos
18:43:55 [DEBUG]   × Error general extrayendo estadísticas: cannot access local variable 'paragraphs' where it is not associated with a value
18:43:55 [INFO] [Tab 0]   ✓ Estadísticas: 0/22 valores capturados
18:43:55 [INFO] [Tab 0]     - xG: / | Opta Points: /
18:43:55 [INFO] [Tab 0]     - Posesión: / | Corners: /
18:43:55 [INFO] [Tab 0] → Extrayendo volumen matched...
18:44:08 [INFO] [Tab 0]   ✓ Volumen: No capturado
18:44:08 [INFO] [Tab 0] → Extrayendo momentum...
18:44:08 [DEBUG]   → Buscando URL del iframe de stats para Momentum...
18:44:12 [DEBUG]   × No se encontró URL del iframe de stats
18:44:12 [INFO] [Tab 0]   ✓ Momentum: 0/2 valores capturados
18:44:12 [INFO] [Tab 0] ⚽ al-ahli-uae-al-hilal-apuestas-35241998 | EN_JUEGO | Min:83 | 0-0 | BH:6.8 LH:7.2
18:44:12 [DEBUG] Espera 10.6s antes de siguiente pestaña...
18:44:23 [ERROR] Error al cambiar a pestaña al-duhail-sc-al-sharjah-apuestas-35241988: Message: no such window
  (Session info: chrome=144.0.7559.133)
Stacktrace:
Symbols not available. Dumping unresolved backtrace:
	0x10b5093
	0x10b50d4
	0xeab2ce
	0xf28302
	0xf18183
	0xee96c9
	0xeea484
	0x1307e34
	0x13030c9
	0x1320add
	0x10cdb38
	0x10d58ad
	0x10bd848
	0x10bda12
	0x10a75fa
	0x75db5d49
	0x779ad5db
	0x779ad561

18:44:23 [DEBUG] Espera 10.9s antes de siguiente pestaña...
18:44:34 [ERROR] Error al cambiar a pestaña fenerbahce-genclerbirligi-apuestas-35219330: Message: no such window
  (Session info: chrome=144.0.7559.133)
Stacktrace:
Symbols not available. Dumping unresolved backtrace:
	0x10b5093
	0x10b50d4
	0xeab2ce
	0xf28302
	0xf18183
	0xee96c9
	0xeea484
	0x1307e34
	0x13030c9
	0x1320add
	0x10cdb38
	0x10d58ad
	0x10bd848
	0x10bda12
	0x10a75fa
	0x75db5d49
	0x779ad5db
	0x779ad561

18:44:34 [WARNING] Ciclo tardó 98.1s (> 30s). Iniciando siguiente ciclo inmediatamente.
18:44:34 [INFO] 
--- Ciclo #21 ---
18:44:34 [DEBUG] ✓ Clic en botón 'Actualizar' con selector: //button[contains(text(), 'Act
18:44:34 [INFO] [Tab 0] → Extrayendo información del partido...
18:45:10 [INFO] [Tab 0] → Extrayendo cuotas Match Odds...
18:45:12 [INFO] [Tab 0]   ✓ Match Odds: Home=8.4/8.6 | Draw=1.28/1.29 | Away=6.2/6.4
18:45:12 [INFO] [Tab 0] → Extrayendo cuotas Over/Under...
18:45:15 [INFO] [Tab 0]   ✓ Over/Under: 4/20 valores capturados
18:45:15 [INFO] [Tab 0] → Extrayendo cuotas Resultado Correcto...
18:45:18 [INFO] [Tab 0]   ✓ Resultado Correcto: 14/30 valores capturados
18:45:18 [INFO] [Tab 0] → Extrayendo estadísticas del partido...
18:45:18 [DEBUG]   → Buscando pestaña 'Estadísticas del partido'...
18:45:28 [DEBUG]   × Pestaña 'Estadísticas del partido' no encontrada (partido puede no tener estadísticas)
18:45:28 [DEBUG]   → Total iframes encontrados: 6
18:45:28 [DEBUG]   → Iframe #1: accediendo...
18:45:29 [DEBUG]     → Sin iframes anidados, buscando párrafos directamente...
18:45:30 [DEBUG]     × Sin párrafos
18:45:30 [DEBUG]   → Iframe #2: accediendo...
18:45:30 [DEBUG]     → Encontrados 3 iframes anidados, revisando...
18:45:30 [DEBUG]       → Iframe anidado #1: accediendo...
18:45:31 [DEBUG]         × Sin párrafos
18:45:31 [DEBUG]       → Iframe anidado #2: accediendo...
18:45:32 [DEBUG]         × Sin párrafos
18:45:32 [DEBUG]       → Iframe anidado #3: accediendo...
18:45:33 [DEBUG]         × Sin párrafos
18:45:33 [DEBUG]   × Error general extrayendo estadísticas: cannot access local variable 'paragraphs' where it is not associated with a value
18:45:33 [INFO] [Tab 0]   ✓ Estadísticas: 0/22 valores capturados
18:45:33 [INFO] [Tab 0]     - xG: / | Opta Points: /
18:45:33 [INFO] [Tab 0]     - Posesión: / | Corners: /
18:45:33 [INFO] [Tab 0] → Extrayendo volumen matched...
18:45:46 [INFO] [Tab 0]   ✓ Volumen: No capturado
18:45:46 [INFO] [Tab 0] → Extrayendo momentum...
18:45:46 [DEBUG]   → Buscando URL del iframe de stats para Momentum...
18:45:51 [DEBUG]   × No se encontró URL del iframe de stats
18:45:51 [INFO] [Tab 0]   ✓ Momentum: 0/2 valores capturados
18:45:51 [INFO] [Tab 0] ⚽ al-ahli-uae-al-hilal-apuestas-35241998 | EN_JUEGO | Min:85 | 0-0 | BH:8.4 LH:8.6
18:45:51 [DEBUG] Espera 10.5s antes de siguiente pestaña...
18:46:01 [ERROR] Error al cambiar a pestaña al-duhail-sc-al-sharjah-apuestas-35241988: Message: no such window
  (Session info: chrome=144.0.7559.133)
Stacktrace:
Symbols not available. Dumping unresolved backtrace:
	0x10b5093
	0x10b50d4
	0xeab2ce
	0xf28302
	0xf18183
	0xee96c9
	0xeea484
	0x1307e34
	0x13030c9
	0x1320add
	0x10cdb38
	0x10d58ad
	0x10bd848
	0x10bda12
	0x10a75fa
	0x75db5d49
	0x779ad5db
	0x779ad561

18:46:01 [DEBUG] Espera 8.1s antes de siguiente pestaña...
18:46:09 [ERROR] Error al cambiar a pestaña fenerbahce-genclerbirligi-apuestas-35219330: Message: no such window
  (Session info: chrome=144.0.7559.133)
Stacktrace:
Symbols not available. Dumping unresolved backtrace:
	0x10b5093
	0x10b50d4
	0xeab2ce
	0xf28302
	0xf18183
	0xee96c9
	0xeea484
	0x1307e34
	0x13030c9
	0x1320add
	0x10cdb38
	0x10d58ad
	0x10bd848
	0x10bda12
	0x10a75fa
	0x75db5d49
	0x779ad5db
	0x779ad561

18:46:09 [WARNING] Ciclo tardó 95.4s (> 30s). Iniciando siguiente ciclo inmediatamente.
18:46:09 [INFO] 
--- Ciclo #22 ---
18:46:10 [DEBUG] ✓ Clic en botón 'Actualizar' con selector: //button[contains(text(), 'Act
18:46:10 [INFO] [Tab 0] → Extrayendo información del partido...
18:46:46 [INFO] [Tab 0] → Extrayendo cuotas Match Odds...
18:46:48 [INFO] [Tab 0]   ✓ Match Odds: Home=8.4/8.6 | Draw=1.28/1.29 | Away=6.2/6.4
18:46:48 [INFO] [Tab 0] → Extrayendo cuotas Over/Under...
18:46:50 [INFO] [Tab 0]   ✓ Over/Under: 6/20 valores capturados
18:46:50 [INFO] [Tab 0] → Extrayendo cuotas Resultado Correcto...
18:46:53 [INFO] [Tab 0]   ✓ Resultado Correcto: 6/30 valores capturados
18:46:53 [INFO] [Tab 0] → Extrayendo estadísticas del partido...
18:46:53 [DEBUG]   → Buscando pestaña 'Estadísticas del partido'...
18:47:03 [DEBUG]   × Pestaña 'Estadísticas del partido' no encontrada (partido puede no tener estadísticas)
18:47:03 [DEBUG]   → Total iframes encontrados: 6
18:47:03 [DEBUG]   → Iframe #1: accediendo...
18:47:04 [DEBUG]     → Sin iframes anidados, buscando párrafos directamente...
18:47:05 [DEBUG]     × Sin párrafos
18:47:05 [DEBUG]   → Iframe #2: accediendo...
18:47:05 [DEBUG]     → Encontrados 3 iframes anidados, revisando...
18:47:05 [DEBUG]       → Iframe anidado #1: accediendo...
18:47:06 [DEBUG]         × Sin párrafos
18:47:06 [DEBUG]       → Iframe anidado #2: accediendo...
18:47:08 [DEBUG]         × Sin párrafos
18:47:08 [DEBUG]       → Iframe anidado #3: accediendo...
18:47:09 [DEBUG]         × Sin párrafos
18:47:09 [DEBUG]   × Error general extrayendo estadísticas: cannot access local variable 'paragraphs' where it is not associated with a value
18:47:09 [INFO] [Tab 0]   ✓ Estadísticas: 0/22 valores capturados
18:47:09 [INFO] [Tab 0]     - xG: / | Opta Points: /
18:47:09 [INFO] [Tab 0]     - Posesión: / | Corners: /
18:47:09 [INFO] [Tab 0] → Extrayendo volumen matched...
18:47:22 [INFO] [Tab 0]   ✓ Volumen: No capturado
18:47:22 [INFO] [Tab 0] → Extrayendo momentum...
18:47:22 [DEBUG]   → Buscando URL del iframe de stats para Momentum...
18:47:26 [DEBUG]   × No se encontró URL del iframe de stats
18:47:26 [INFO] [Tab 0]   ✓ Momentum: 0/2 valores capturados
18:47:26 [INFO] [Tab 0] ⚽ al-ahli-uae-al-hilal-apuestas-35241998 | EN_JUEGO | Min:87 | 0-0 | BH:8.4 LH:8.6
18:47:26 [DEBUG] Espera 8.5s antes de siguiente pestaña...
18:47:34 [ERROR] Error al cambiar a pestaña al-duhail-sc-al-sharjah-apuestas-35241988: Message: no such window
  (Session info: chrome=144.0.7559.133)
Stacktrace:
Symbols not available. Dumping unresolved backtrace:
	0x10b5093
	0x10b50d4
	0xeab2ce
	0xf28302
	0xf18183
	0xee96c9
	0xeea484
	0x1307e34
	0x13030c9
	0x1320add
	0x10cdb38
	0x10d58ad
	0x10bd848
	0x10bda12
	0x10a75fa
	0x75db5d49
	0x779ad5db
	0x779ad561

18:47:34 [DEBUG] Espera 8.9s antes de siguiente pestaña...
18:47:43 [ERROR] Error al cambiar a pestaña fenerbahce-genclerbirligi-apuestas-35219330: Message: no such window
  (Session info: chrome=144.0.7559.133)
Stacktrace:
Symbols not available. Dumping unresolved backtrace:
	0x10b5093
	0x10b50d4
	0xeab2ce
	0xf28302
	0xf18183
	0xee96c9
	0xeea484
	0x1307e34
	0x13030c9
	0x1320add
	0x10cdb38
	0x10d58ad
	0x10bd848
	0x10bda12
	0x10a75fa
	0x75db5d49
	0x779ad5db
	0x779ad561

18:47:43 [WARNING] Ciclo tardó 94.0s (> 30s). Iniciando siguiente ciclo inmediatamente.
18:47:43 [INFO] 
--- Ciclo #23 ---
18:47:44 [DEBUG] ✓ Clic en botón 'Actualizar' con selector: //button[contains(text(), 'Act
18:47:44 [INFO] [Tab 0] → Extrayendo información del partido...
18:48:20 [INFO] [Tab 0] → Extrayendo cuotas Match Odds...
18:48:22 [INFO] [Tab 0]   ✓ Match Odds: Home=9.8/10 | Draw=1.23/1.24 | Away=8.8/9.2
18:48:22 [INFO] [Tab 0] → Extrayendo cuotas Over/Under...
18:48:25 [INFO] [Tab 0]   ✓ Over/Under: 4/20 valores capturados
18:48:25 [INFO] [Tab 0] → Extrayendo cuotas Resultado Correcto...
18:48:27 [INFO] [Tab 0]   ✓ Resultado Correcto: 12/30 valores capturados
18:48:27 [INFO] [Tab 0] → Extrayendo estadísticas del partido...
18:48:27 [DEBUG]   → Buscando pestaña 'Estadísticas del partido'...
18:48:38 [DEBUG]   × Pestaña 'Estadísticas del partido' no encontrada (partido puede no tener estadísticas)
18:48:38 [DEBUG]   → Total iframes encontrados: 6
18:48:38 [DEBUG]   → Iframe #1: accediendo...
18:48:39 [DEBUG]     → Sin iframes anidados, buscando párrafos directamente...
18:48:40 [DEBUG]     × Sin párrafos
18:48:40 [DEBUG]   → Iframe #2: accediendo...
18:48:40 [DEBUG]     → Encontrados 3 iframes anidados, revisando...
18:48:40 [DEBUG]       → Iframe anidado #1: accediendo...
18:48:41 [DEBUG]         × Sin párrafos
18:48:41 [DEBUG]       → Iframe anidado #2: accediendo...
18:48:42 [DEBUG]         × Sin párrafos
18:48:42 [DEBUG]       → Iframe anidado #3: accediendo...
18:48:43 [DEBUG]         × Sin párrafos
18:48:43 [DEBUG]   × Error general extrayendo estadísticas: cannot access local variable 'paragraphs' where it is not associated with a value
18:48:43 [INFO] [Tab 0]   ✓ Estadísticas: 0/22 valores capturados
18:48:43 [INFO] [Tab 0]     - xG: / | Opta Points: /
18:48:43 [INFO] [Tab 0]     - Posesión: / | Corners: /
18:48:43 [INFO] [Tab 0] → Extrayendo volumen matched...
18:48:56 [INFO] [Tab 0]   ✓ Volumen: No capturado
18:48:56 [INFO] [Tab 0] → Extrayendo momentum...
18:48:56 [DEBUG]   → Buscando URL del iframe de stats para Momentum...
18:49:00 [DEBUG]   × No se encontró URL del iframe de stats
18:49:00 [INFO] [Tab 0]   ✓ Momentum: 0/2 valores capturados
18:49:00 [INFO] [Tab 0] ⚽ al-ahli-uae-al-hilal-apuestas-35241998 | EN_JUEGO | Min:88 | 0-0 | BH:9.8 LH:10
18:49:00 [DEBUG] Espera 11.0s antes de siguiente pestaña...
18:49:11 [ERROR] Error al cambiar a pestaña al-duhail-sc-al-sharjah-apuestas-35241988: Message: no such window
  (Session info: chrome=144.0.7559.133)
Stacktrace:
Symbols not available. Dumping unresolved backtrace:
	0x10b5093
	0x10b50d4
	0xeab2ce
	0xf28302
	0xf18183
	0xee96c9
	0xeea484
	0x1307e34
	0x13030c9
	0x1320add
	0x10cdb38
	0x10d58ad
	0x10bd848
	0x10bda12
	0x10a75fa
	0x75db5d49
	0x779ad5db
	0x779ad561

18:49:11 [DEBUG] Espera 11.6s antes de siguiente pestaña...
18:49:23 [ERROR] Error al cambiar a pestaña fenerbahce-genclerbirligi-apuestas-35219330: Message: no such window
  (Session info: chrome=144.0.7559.133)
Stacktrace:
Symbols not available. Dumping unresolved backtrace:
	0x10b5093
	0x10b50d4
	0xeab2ce
	0xf28302
	0xf18183
	0xee96c9
	0xeea484
	0x1307e34
	0x13030c9
	0x1320add
	0x10cdb38
	0x10d58ad
	0x10bd848
	0x10bda12
	0x10a75fa
	0x75db5d49
	0x779ad5db
	0x779ad561

18:49:23 [WARNING] Ciclo tardó 99.5s (> 30s). Iniciando siguiente ciclo inmediatamente.
18:49:23 [INFO] 
--- Ciclo #24 ---
18:49:23 [DEBUG] ✓ Clic en botón 'Actualizar' con selector: //button[contains(text(), 'Act
18:49:23 [INFO] [Tab 0] → Extrayendo información del partido...
18:49:59 [INFO] [Tab 0] → Extrayendo cuotas Match Odds...
18:50:01 [INFO] [Tab 0]   ✓ Match Odds: Home=9.2/13.5 | Draw=1.2/1.21 | Away=3.75/9.2
18:50:01 [INFO] [Tab 0] → Extrayendo cuotas Over/Under...
18:50:04 [INFO] [Tab 0]   ✓ Over/Under: 0/20 valores capturados
18:50:04 [INFO] [Tab 0] → Extrayendo cuotas Resultado Correcto...
18:50:07 [INFO] [Tab 0]   ✓ Resultado Correcto: 0/30 valores capturados
18:50:07 [INFO] [Tab 0] → Extrayendo estadísticas del partido...
18:50:07 [DEBUG]   → Buscando pestaña 'Estadísticas del partido'...
18:50:17 [DEBUG]   × Pestaña 'Estadísticas del partido' no encontrada (partido puede no tener estadísticas)
18:50:17 [DEBUG]   → Total iframes encontrados: 6
18:50:17 [DEBUG]   → Iframe #1: accediendo...
18:50:18 [DEBUG]     → Sin iframes anidados, buscando párrafos directamente...
18:50:19 [DEBUG]     × Sin párrafos
18:50:19 [DEBUG]   → Iframe #2: accediendo...
18:50:19 [DEBUG]     → Encontrados 3 iframes anidados, revisando...
18:50:19 [DEBUG]       → Iframe anidado #1: accediendo...
18:50:20 [DEBUG]         × Sin párrafos
18:50:20 [DEBUG]       → Iframe anidado #2: accediendo...
18:50:21 [DEBUG]         × Sin párrafos
18:50:21 [DEBUG]       → Iframe anidado #3: accediendo...
18:50:22 [DEBUG]         × Sin párrafos
18:50:22 [DEBUG]   × Error general extrayendo estadísticas: cannot access local variable 'paragraphs' where it is not associated with a value
18:50:22 [INFO] [Tab 0]   ✓ Estadísticas: 0/22 valores capturados
18:50:22 [INFO] [Tab 0]     - xG: / | Opta Points: /
18:50:22 [INFO] [Tab 0]     - Posesión: / | Corners: /
18:50:22 [INFO] [Tab 0] → Extrayendo volumen matched...
18:50:35 [INFO] [Tab 0]   ✓ Volumen: No capturado
18:50:35 [INFO] [Tab 0] → Extrayendo momentum...
18:50:35 [DEBUG]   → Buscando URL del iframe de stats para Momentum...
18:50:39 [DEBUG]   × No se encontró URL del iframe de stats
18:50:39 [INFO] [Tab 0]   ✓ Momentum: 0/2 valores capturados
18:50:39 [INFO] [Tab 0] ⚽ al-ahli-uae-al-hilal-apuestas-35241998 | EN_JUEGO | Min:90 | 0-0 | BH:9.2 LH:13.5
18:50:39 [DEBUG] Espera 10.3s antes de siguiente pestaña...
18:50:49 [ERROR] Error al cambiar a pestaña al-duhail-sc-al-sharjah-apuestas-35241988: Message: no such window
  (Session info: chrome=144.0.7559.133)
Stacktrace:
Symbols not available. Dumping unresolved backtrace:
	0x10b5093
	0x10b50d4
	0xeab2ce
	0xf28302
	0xf18183
	0xee96c9
	0xeea484
	0x1307e34
	0x13030c9
	0x1320add
	0x10cdb38
	0x10d58ad
	0x10bd848
	0x10bda12
	0x10a75fa
	0x75db5d49
	0x779ad5db
	0x779ad561

18:50:49 [DEBUG] Espera 9.8s antes de siguiente pestaña...
18:50:59 [ERROR] Error al cambiar a pestaña fenerbahce-genclerbirligi-apuestas-35219330: Message: no such window
  (Session info: chrome=144.0.7559.133)
Stacktrace:
Symbols not available. Dumping unresolved backtrace:
	0x10b5093
	0x10b50d4
	0xeab2ce
	0xf28302
	0xf18183
	0xee96c9
	0xeea484
	0x1307e34
	0x13030c9
	0x1320add
	0x10cdb38
	0x10d58ad
	0x10bd848
	0x10bda12
	0x10a75fa
	0x75db5d49
	0x779ad5db
	0x779ad561

18:50:59 [WARNING] Ciclo tardó 96.5s (> 30s). Iniciando siguiente ciclo inmediatamente.
18:50:59 [INFO] 
--- Ciclo #25 ---
18:51:00 [DEBUG] ✓ Clic en botón 'Actualizar' con selector: //button[contains(text(), 'Act
18:51:00 [INFO] [Tab 0] → Extrayendo información del partido...
18:51:35 [INFO] [Tab 0] → Extrayendo cuotas Match Odds...
18:51:38 [INFO] [Tab 0]   ✓ Match Odds: Home=18/18.5 | Draw=1.06/1.08 | Away=5.8/10.5
18:51:38 [INFO] [Tab 0] → Extrayendo cuotas Over/Under...
18:51:40 [INFO] [Tab 0]   ✓ Over/Under: 2/20 valores capturados
18:51:40 [INFO] [Tab 0] → Extrayendo cuotas Resultado Correcto...
18:51:43 [INFO] [Tab 0]   ✓ Resultado Correcto: 0/30 valores capturados
18:51:43 [INFO] [Tab 0] → Extrayendo estadísticas del partido...
18:51:43 [DEBUG]   → Buscando pestaña 'Estadísticas del partido'...
18:51:53 [DEBUG]   × Pestaña 'Estadísticas del partido' no encontrada (partido puede no tener estadísticas)
18:51:53 [DEBUG]   → Total iframes encontrados: 6
18:51:53 [DEBUG]   → Iframe #1: accediendo...
18:51:54 [DEBUG]     → Sin iframes anidados, buscando párrafos directamente...
18:51:55 [DEBUG]     × Sin párrafos
18:51:55 [DEBUG]   → Iframe #2: accediendo...
18:51:55 [DEBUG]     → Encontrados 3 iframes anidados, revisando...
18:51:55 [DEBUG]       → Iframe anidado #1: accediendo...
18:51:56 [DEBUG]         × Sin párrafos
18:51:56 [DEBUG]       → Iframe anidado #2: accediendo...
18:51:57 [DEBUG]         × Sin párrafos
18:51:57 [DEBUG]       → Iframe anidado #3: accediendo...
18:51:58 [DEBUG]         × Sin párrafos
18:51:58 [DEBUG]   × Error general extrayendo estadísticas: cannot access local variable 'paragraphs' where it is not associated with a value
18:51:58 [INFO] [Tab 0]   ✓ Estadísticas: 0/22 valores capturados
18:51:58 [INFO] [Tab 0]     - xG: / | Opta Points: /
18:51:58 [INFO] [Tab 0]     - Posesión: / | Corners: /
18:51:58 [INFO] [Tab 0] → Extrayendo volumen matched...
18:52:11 [INFO] [Tab 0]   ✓ Volumen: No capturado
18:52:11 [INFO] [Tab 0] → Extrayendo momentum...
18:52:11 [DEBUG]   → Buscando URL del iframe de stats para Momentum...
18:52:15 [DEBUG]   × No se encontró URL del iframe de stats
18:52:15 [INFO] [Tab 0]   ✓ Momentum: 0/2 valores capturados
18:52:15 [INFO] [Tab 0] ⚽ al-ahli-uae-al-hilal-apuestas-35241998 | EN_JUEGO | Min:92 | 0-0 | BH:18 LH:18.5
18:52:15 [DEBUG] Espera 8.4s antes de siguiente pestaña...
18:52:24 [ERROR] Error al cambiar a pestaña al-duhail-sc-al-sharjah-apuestas-35241988: Message: no such window
  (Session info: chrome=144.0.7559.133)
Stacktrace:
Symbols not available. Dumping unresolved backtrace:
	0x10b5093
	0x10b50d4
	0xeab2ce
	0xf28302
	0xf18183
	0xee96c9
	0xeea484
	0x1307e34
	0x13030c9
	0x1320add
	0x10cdb38
	0x10d58ad
	0x10bd848
	0x10bda12
	0x10a75fa
	0x75db5d49
	0x779ad5db
	0x779ad561

18:52:24 [DEBUG] Espera 10.5s antes de siguiente pestaña...
18:52:34 [ERROR] Error al cambiar a pestaña fenerbahce-genclerbirligi-apuestas-35219330: Message: no such window
  (Session info: chrome=144.0.7559.133)
Stacktrace:
Symbols not available. Dumping unresolved backtrace:
	0x10b5093
	0x10b50d4
	0xeab2ce
	0xf28302
	0xf18183
	0xee96c9
	0xeea484
	0x1307e34
	0x13030c9
	0x1320add
	0x10cdb38
	0x10d58ad
	0x10bd848
	0x10bda12
	0x10a75fa
	0x75db5d49
	0x779ad5db
	0x779ad561

18:52:34 [WARNING] Ciclo tardó 94.9s (> 30s). Iniciando siguiente ciclo inmediatamente.
18:52:34 [INFO] 
--- Ciclo #26 ---
18:52:35 [DEBUG] ✓ Clic en botón 'Actualizar' con selector: //button[contains(text(), 'Act
18:52:35 [INFO] [Tab 0] → Extrayendo información del partido...
18:53:10 [INFO] [Tab 0] → Extrayendo cuotas Match Odds...
18:53:13 [INFO] [Tab 0]   ✓ Match Odds: Home=10/15 | Draw=1.03/1.05 | Away=/
18:53:13 [INFO] [Tab 0] → Extrayendo cuotas Over/Under...
18:53:16 [INFO] [Tab 0]   ✓ Over/Under: 0/20 valores capturados
18:53:16 [INFO] [Tab 0] → Extrayendo cuotas Resultado Correcto...
18:53:18 [INFO] [Tab 0]   ✓ Resultado Correcto: 0/30 valores capturados
18:53:18 [INFO] [Tab 0] → Extrayendo estadísticas del partido...
18:53:18 [DEBUG]   → Buscando pestaña 'Estadísticas del partido'...
18:53:28 [DEBUG]   × Pestaña 'Estadísticas del partido' no encontrada (partido puede no tener estadísticas)
18:53:28 [DEBUG]   → Total iframes encontrados: 6
18:53:28 [DEBUG]   → Iframe #1: accediendo...
18:53:29 [DEBUG]     → Sin iframes anidados, buscando párrafos directamente...
18:53:31 [DEBUG]     × Sin párrafos
18:53:31 [DEBUG]   → Iframe #2: accediendo...
18:53:31 [DEBUG]     → Encontrados 3 iframes anidados, revisando...
18:53:31 [DEBUG]       → Iframe anidado #1: accediendo...
18:53:32 [DEBUG]         × Sin párrafos
18:53:32 [DEBUG]       → Iframe anidado #2: accediendo...
18:53:33 [DEBUG]         × Sin párrafos
18:53:33 [DEBUG]       → Iframe anidado #3: accediendo...
18:53:34 [DEBUG]         × Sin párrafos
18:53:34 [DEBUG]   × Error general extrayendo estadísticas: cannot access local variable 'paragraphs' where it is not associated with a value
18:53:34 [INFO] [Tab 0]   ✓ Estadísticas: 0/22 valores capturados
18:53:34 [INFO] [Tab 0]     - xG: / | Opta Points: /
18:53:34 [INFO] [Tab 0]     - Posesión: / | Corners: /
18:53:34 [INFO] [Tab 0] → Extrayendo volumen matched...
18:53:47 [INFO] [Tab 0]   ✓ Volumen: No capturado
18:53:47 [INFO] [Tab 0] → Extrayendo momentum...
18:53:47 [DEBUG]   → Buscando URL del iframe de stats para Momentum...
18:53:51 [DEBUG]   × No se encontró URL del iframe de stats
18:53:51 [INFO] [Tab 0]   ✓ Momentum: 0/2 valores capturados
18:53:51 [INFO] [Tab 0] ⚽ al-ahli-uae-al-hilal-apuestas-35241998 | EN_JUEGO | Min:94 | 0-0 | BH:10 LH:15
18:53:51 [DEBUG] Espera 11.4s antes de siguiente pestaña...
18:54:02 [ERROR] Error al cambiar a pestaña al-duhail-sc-al-sharjah-apuestas-35241988: Message: no such window
  (Session info: chrome=144.0.7559.133)
Stacktrace:
Symbols not available. Dumping unresolved backtrace:
	0x10b5093
	0x10b50d4
	0xeab2ce
	0xf28302
	0xf18183
	0xee96c9
	0xeea484
	0x1307e34
	0x13030c9
	0x1320add
	0x10cdb38
	0x10d58ad
	0x10bd848
	0x10bda12
	0x10a75fa
	0x75db5d49
	0x779ad5db
	0x779ad561

18:54:02 [DEBUG] Espera 12.0s antes de siguiente pestaña...
18:54:14 [ERROR] Error al cambiar a pestaña fenerbahce-genclerbirligi-apuestas-35219330: Message: no such window
  (Session info: chrome=144.0.7559.133)
Stacktrace:
Symbols not available. Dumping unresolved backtrace:
	0x10b5093
	0x10b50d4
	0xeab2ce
	0xf28302
	0xf18183
	0xee96c9
	0xeea484
	0x1307e34
	0x13030c9
	0x1320add
	0x10cdb38
	0x10d58ad
	0x10bd848
	0x10bda12
	0x10a75fa
	0x75db5d49
	0x779ad5db
	0x779ad561

18:54:14 [WARNING] Ciclo tardó 100.1s (> 30s). Iniciando siguiente ciclo inmediatamente.
18:54:14 [INFO] 
--- Ciclo #27 ---
18:54:15 [DEBUG] ✓ Clic en botón 'Actualizar' con selector: //button[contains(text(), 'Act
18:54:15 [INFO] [Tab 0] → Extrayendo información del partido...
18:54:38 [DEBUG]   ✓ Estado detectado: FINALIZADO (texto: 'Finalizado (1T 0-0)')
18:54:40 [INFO] [Tab 0] → Extrayendo cuotas Match Odds...
18:54:42 [INFO] [Tab 0]   ✓ Match Odds: Home=26/30 | Draw=1.01/1.02 | Away=1.05/1.08
18:54:42 [INFO] [Tab 0] → Extrayendo cuotas Over/Under...
18:54:46 [INFO] [Tab 0]   ✓ Over/Under: 4/20 valores capturados
18:54:46 [INFO] [Tab 0] → Extrayendo cuotas Resultado Correcto...
18:54:48 [INFO] [Tab 0]   ✓ Resultado Correcto: 0/30 valores capturados
18:54:48 [INFO] [Tab 0] → Extrayendo estadísticas del partido...
18:54:48 [DEBUG]   → Buscando pestaña 'Estadísticas del partido'...
18:54:58 [DEBUG]   × Pestaña 'Estadísticas del partido' no encontrada (partido puede no tener estadísticas)
18:54:58 [DEBUG]   → Total iframes encontrados: 6
18:54:58 [DEBUG]   → Iframe #1: accediendo...
18:54:59 [DEBUG]     → Sin iframes anidados, buscando párrafos directamente...
18:55:00 [DEBUG]     × Sin párrafos
18:55:00 [DEBUG]   → Iframe #2: accediendo...
18:55:00 [DEBUG]     → Encontrados 3 iframes anidados, revisando...
18:55:00 [DEBUG]       → Iframe anidado #1: accediendo...
18:55:01 [DEBUG]         × Sin párrafos
18:55:01 [DEBUG]       → Iframe anidado #2: accediendo...
18:55:02 [DEBUG]         × Sin párrafos
18:55:02 [DEBUG]       → Iframe anidado #3: accediendo...
18:55:04 [DEBUG]         × Sin párrafos
18:55:04 [DEBUG]   × Error general extrayendo estadísticas: cannot access local variable 'paragraphs' where it is not associated with a value
18:55:04 [INFO] [Tab 0]   ✓ Estadísticas: 0/22 valores capturados
18:55:04 [INFO] [Tab 0]     - xG: / | Opta Points: /
18:55:04 [INFO] [Tab 0]     - Posesión: / | Corners: /
18:55:04 [INFO] [Tab 0] → Extrayendo volumen matched...
18:55:10 [ERROR] Error fatal: ('Connection aborted.', ConnectionResetError(10054, 'Se ha forzado la interrupción de una conexión existente por el host remoto', None, 10054, None))
Traceback (most recent call last):
  File "C:\Users\agonz\miniconda3\Lib\site-packages\urllib3\connectionpool.py", line 787, in urlopen
    response = self._make_request(
        conn,
    ...<10 lines>...
        **response_kw,
    )
  File "C:\Users\agonz\miniconda3\Lib\site-packages\urllib3\connectionpool.py", line 534, in _make_request
    response = conn.getresponse()
  File "C:\Users\agonz\miniconda3\Lib\site-packages\urllib3\connection.py", line 571, in getresponse
    httplib_response = super().getresponse()
  File "C:\Users\agonz\miniconda3\Lib\http\client.py", line 1450, in getresponse
    response.begin()
    ~~~~~~~~~~~~~~^^
  File "C:\Users\agonz\miniconda3\Lib\http\client.py", line 336, in begin
    version, status, reason = self._read_status()
                              ~~~~~~~~~~~~~~~~~^^
  File "C:\Users\agonz\miniconda3\Lib\http\client.py", line 297, in _read_status
    line = str(self.fp.readline(_MAXLINE + 1), "iso-8859-1")
               ~~~~~~~~~~~~~~~~^^^^^^^^^^^^^^
  File "C:\Users\agonz\miniconda3\Lib\socket.py", line 719, in readinto
    return self._sock.recv_into(b)
           ~~~~~~~~~~~~~~~~~~~~^^^
ConnectionResetError: [WinError 10054] Se ha forzado la interrupción de una conexión existente por el host remoto

During handling of the above exception, another exception occurred:

Traceback (most recent call last):
  File "C:\Users\agonz\OneDrive\Documents\Proyectos\Furbo\betfair_scraper\main.py", line 1745, in main
    ciclo_captura(driver, tabs, writer)
    ~~~~~~~~~~~~~^^^^^^^^^^^^^^^^^^^^^^
  File "C:\Users\agonz\OneDrive\Documents\Proyectos\Furbo\betfair_scraper\main.py", line 1651, in ciclo_captura
    datos = capturar_pestaña(driver, tab_info)
            ~~~~~~~~~~~~~~~~^^^^^^^^^^^^^^^^^^
  File "C:\Users\agonz\OneDrive\Documents\Proyectos\Furbo\betfair_scraper\main.py", line 1501, in capturar_pestaña
    volumen = extraer_volumen(driver)
  File "C:\Users\agonz\OneDrive\Documents\Proyectos\Furbo\betfair_scraper\main.py", line 1175, in extraer_volumen
    texto = buscar_elemento_texto(driver, sel_group["matched_amount"], timeout=2)
  File "C:\Users\agonz\OneDrive\Documents\Proyectos\Furbo\betfair_scraper\main.py", line 263, in buscar_elemento_texto
    elem = WebDriverWait(driver, timeout).until(
        EC.presence_of_element_located((By.CSS_SELECTOR, selector))
    )
  File "C:\Users\agonz\miniconda3\Lib\site-packages\selenium\webdriver\support\wait.py", line 112, in until
    value = method(self._driver)
  File "C:\Users\agonz\miniconda3\Lib\site-packages\selenium\webdriver\support\expected_conditions.py", line 92, in _predicate
    return driver.find_element(*locator)
           ~~~~~~~~~~~~~~~~~~~^^^^^^^^^^
  File "C:\Users\agonz\miniconda3\Lib\site-packages\selenium\webdriver\remote\webdriver.py", line 802, in find_element
    return self.execute(Command.FIND_ELEMENT, {"using": by, "value": value})["value"]
           ~~~~~~~~~~~~^^^^^^^^^^^^^^^^^^^^^^^^^^^^^^^^^^^^^^^^^^^^^^^^^^^^^
  File "C:\Users\agonz\miniconda3\Lib\site-packages\selenium\webdriver\remote\webdriver.py", line 429, in execute
    response = cast(RemoteConnection, self.command_executor).execute(driver_command, params)
  File "C:\Users\agonz\miniconda3\Lib\site-packages\selenium\webdriver\remote\remote_connection.py", line 406, in execute
    return self._request(command_info[0], url, body=data)
           ~~~~~~~~~~~~~^^^^^^^^^^^^^^^^^^^^^^^^^^^^^^^^^
  File "C:\Users\agonz\miniconda3\Lib\site-packages\selenium\webdriver\remote\remote_connection.py", line 430, in _request
    response = self._conn.request(method, url, body=body, headers=headers, timeout=self._client_config.timeout)
  File "C:\Users\agonz\miniconda3\Lib\site-packages\urllib3\_request_methods.py", line 143, in request
    return self.request_encode_body(
           ~~~~~~~~~~~~~~~~~~~~~~~~^
        method, url, fields=fields, headers=headers, **urlopen_kw
        ^^^^^^^^^^^^^^^^^^^^^^^^^^^^^^^^^^^^^^^^^^^^^^^^^^^^^^^^^
    )
    ^
  File "C:\Users\agonz\miniconda3\Lib\site-packages\urllib3\_request_methods.py", line 278, in request_encode_body
    return self.urlopen(method, url, **extra_kw)
           ~~~~~~~~~~~~^^^^^^^^^^^^^^^^^^^^^^^^^
  File "C:\Users\agonz\miniconda3\Lib\site-packages\urllib3\poolmanager.py", line 457, in urlopen
    response = conn.urlopen(method, u.request_uri, **kw)
  File "C:\Users\agonz\miniconda3\Lib\site-packages\urllib3\connectionpool.py", line 841, in urlopen
    retries = retries.increment(
        method, url, error=new_e, _pool=self, _stacktrace=sys.exc_info()[2]
    )
  File "C:\Users\agonz\miniconda3\Lib\site-packages\urllib3\util\retry.py", line 490, in increment
    raise reraise(type(error), error, _stacktrace)
          ~~~~~~~^^^^^^^^^^^^^^^^^^^^^^^^^^^^^^^^^
  File "C:\Users\agonz\miniconda3\Lib\site-packages\urllib3\util\util.py", line 38, in reraise
    raise value.with_traceback(tb)
  File "C:\Users\agonz\miniconda3\Lib\site-packages\urllib3\connectionpool.py", line 787, in urlopen
    response = self._make_request(
        conn,
    ...<10 lines>...
        **response_kw,
    )
  File "C:\Users\agonz\miniconda3\Lib\site-packages\urllib3\connectionpool.py", line 534, in _make_request
    response = conn.getresponse()
  File "C:\Users\agonz\miniconda3\Lib\site-packages\urllib3\connection.py", line 571, in getresponse
    httplib_response = super().getresponse()
  File "C:\Users\agonz\miniconda3\Lib\http\client.py", line 1450, in getresponse
    response.begin()
    ~~~~~~~~~~~~~~^^
  File "C:\Users\agonz\miniconda3\Lib\http\client.py", line 336, in begin
    version, status, reason = self._read_status()
                              ~~~~~~~~~~~~~~~~~^^
  File "C:\Users\agonz\miniconda3\Lib\http\client.py", line 297, in _read_status
    line = str(self.fp.readline(_MAXLINE + 1), "iso-8859-1")
               ~~~~~~~~~~~~~~~~^^^^^^^^^^^^^^
  File "C:\Users\agonz\miniconda3\Lib\socket.py", line 719, in readinto
    return self._sock.recv_into(b)
           ~~~~~~~~~~~~~~~~~~~~^^^
urllib3.exceptions.ProtocolError: ('Connection aborted.', ConnectionResetError(10054, 'Se ha forzado la interrupción de una conexión existente por el host remoto', None, 10054, None))
18:55:10 [INFO] Cerrando...
18:55:10 [INFO] Archivos CSV cerrados correctamente.
18:55:26 [INFO] Observador finalizado. Revisa los CSV en la carpeta de salida.
