19:01:26 [INFO] 📝 Log guardándose en: logs/scraper_20260212_190126.log
19:01:26 [INFO] Cargados 10 partidos desde games.csv
19:01:26 [INFO] 📅 MODO SCHEDULING ACTIVADO
19:01:26 [INFO]    Ventana tracking: 10 min antes → 150 min después
19:01:26 [INFO]    Total en CSV: 10 partidos
19:01:26 [INFO]    ✓ Partidos activos ahora: 3
19:01:26 [INFO]    ⏰ Partidos futuros: 7
19:01:26 [INFO]    ✅ Partidos finalizados: 0
19:01:26 [INFO] 
📋 Próximos partidos a trackear:
19:01:26 [INFO]       Sion - FC Basel (en 89 min)
19:01:26 [INFO]       Thun - Lausanne (en 89 min)
19:01:26 [INFO]       Atlético de Madrid Femenino - Manchester United Fe (en 119 min)
19:01:26 [INFO]       Atlético de Madrid - FC Barcelona (en 119 min)
19:01:26 [INFO]       Brentford - Arsenal (en 119 min)
19:01:26 [INFO] 🚀 Sistema multi-driver: Creando 3 drivers independientes (sin límite de tabs)
19:01:26 [INFO] 
Iniciando observador con 3 partidos.
19:01:26 [INFO] Ciclo: 30s | Output: data/
19:01:26 [INFO] 🔄 Recarga dinámica: Revisando games.csv cada 5 ciclos (scheduling)
19:01:26 [INFO] 🧹 Limpiando ventanas Betfair antiguas...
19:01:26 [WARNING] Script de limpieza no encontrado: C:\Users\agonz\OneDrive\Documents\Proyectos\Furbo\betfair_scraper\close_betfair_windows.ps1
19:01:26 [INFO] Cargados 10 partidos desde games.csv
19:01:26 [INFO] 
🚀 Iniciando 3 drivers Chrome (sistema multi-driver paralelo)...
19:01:26 [INFO] 🔧 Creando driver de login: Al-Hazm (KSA) - Al-Akhdoud
19:01:26 [INFO] 🔧 Creando driver para: Al-Hazm (KSA) - Al-Akhdoud
19:01:33 [INFO] ✓ Cookies aceptadas automáticamente
19:01:34 [INFO] ✓ Driver listo: al-hazm-ksa-al-akhdoud-apuestas-35232966
19:01:34 [INFO] ============================================================
19:01:34 [INFO] HAZ LOGIN MANUAL en Betfair.es ahora.
19:01:34 [INFO] Tienes 0 segundos...
19:01:34 [INFO] El scraper comenzará automáticamente después.
19:01:34 [INFO] ============================================================
19:01:34 [INFO] 🔧 Creando 2 drivers adicionales en paralelo...
19:01:34 [INFO] 🔧 Creando driver para: Al-Quadisiya (KSA) - NEOM Sports Club
19:01:34 [INFO] 🔧 Creando driver para: Wolfsburgo Femenino - Juventus FC Femenino
19:01:39 [INFO] ✓ Cookies aceptadas automáticamente
19:01:40 [INFO] ✓ Cookies aceptadas automáticamente
19:01:40 [INFO] ✓ Driver listo: wolfsburgo-femenino-juventus-fc-w-apuestas-3510554
19:01:41 [INFO] ✓ Driver listo: al-quadisiya-ksa-neom-sports-club-apuestas-3524103
19:01:41 [INFO] ✓ 3 drivers creados exitosamente
19:01:41 [INFO] ============================================================
19:01:41 [INFO] CAPTURA INICIADA - Presiona Ctrl+C para detener
19:01:41 [INFO] ============================================================
19:01:41 [INFO] 
--- Ciclo #1 ---
19:01:41 [INFO] 📸 Capturando 3 partidos en paralelo...
19:01:41 [DEBUG] ✓ Actualizar clickeado: al-quadisiya-ksa-neom-sports-club-apuestas-3524103
19:01:41 [DEBUG] ✓ Actualizar clickeado: al-hazm-ksa-al-akhdoud-apuestas-35232966
19:01:42 [DEBUG] ✓ Actualizar clickeado: wolfsburgo-femenino-juventus-fc-w-apuestas-3510554
19:01:42 [DEBUG] [al-quadisiya-ksa-neom-sports-club-apuestas-3524103] → Extrayendo información del partido...
19:01:42 [DEBUG] [al-hazm-ksa-al-akhdoud-apuestas-35232966] → Extrayendo información del partido...
19:01:42 [DEBUG] [wolfsburgo-femenino-juventus-fc-w-apuestas-3510554] → Extrayendo información del partido...
19:01:50 [DEBUG] [al-quadisiya-ksa-neom-sports-club-apuestas-3524103] → Extrayendo cuotas Match Odds...
19:01:50 [DEBUG] [al-hazm-ksa-al-akhdoud-apuestas-35232966] → Extrayendo cuotas Match Odds...
19:01:50 [DEBUG] [wolfsburgo-femenino-juventus-fc-w-apuestas-3510554] → Extrayendo cuotas Match Odds...
19:01:52 [DEBUG] [al-quadisiya-ksa-neom-sports-club-apuestas-3524103] → Extrayendo cuotas Over/Under...
19:01:53 [DEBUG] [al-hazm-ksa-al-akhdoud-apuestas-35232966] → Extrayendo cuotas Over/Under...
19:01:53 [DEBUG] [wolfsburgo-femenino-juventus-fc-w-apuestas-3510554] → Extrayendo cuotas Over/Under...
19:01:55 [DEBUG] [al-quadisiya-ksa-neom-sports-club-apuestas-3524103] → Extrayendo cuotas Resultado Correcto...
19:01:55 [DEBUG] [al-hazm-ksa-al-akhdoud-apuestas-35232966] → Extrayendo cuotas Resultado Correcto...
19:01:55 [DEBUG] [wolfsburgo-femenino-juventus-fc-w-apuestas-3510554] → Extrayendo cuotas Resultado Correcto...
19:01:58 [DEBUG] [al-hazm-ksa-al-akhdoud-apuestas-35232966] → Extrayendo estadísticas del partido...
19:01:58 [DEBUG]   → Extrayendo eventId del HTML...
19:01:59 [DEBUG] Betfair event ID extraído del HTML: 35232966
19:01:59 [DEBUG] Consultando videoplayer: https://videoplayer.betfair.es/GetPlayer.do?eID=35232966&contentType=viz&contentView=mstats
19:01:59 [DEBUG] [wolfsburgo-femenino-juventus-fc-w-apuestas-3510554] → Extrayendo estadísticas del partido...
19:01:59 [DEBUG]   → Extrayendo eventId del HTML...
19:01:59 [DEBUG] [al-quadisiya-ksa-neom-sports-club-apuestas-3524103] → Extrayendo estadísticas del partido...
19:01:59 [DEBUG]   → Extrayendo eventId del HTML...
19:01:59 [DEBUG] Betfair event ID extraído del HTML: 35105544
19:01:59 [DEBUG] Consultando videoplayer: https://videoplayer.betfair.es/GetPlayer.do?eID=35105544&contentType=viz&contentView=mstats
19:01:59 [DEBUG] Betfair event ID extraído del HTML: 35241036
19:01:59 [DEBUG] Consultando videoplayer: https://videoplayer.betfair.es/GetPlayer.do?eID=35241036&contentType=viz&contentView=mstats
19:01:59 [WARNING] No se encontró eventId de Opta en la respuesta del videoplayer
19:01:59 [WARNING]   × No se pudo extraer eventId - partido sin estadísticas Opta
19:01:59 [DEBUG] [al-hazm-ksa-al-akhdoud-apuestas-35232966] → Extrayendo volumen matched...
19:01:59 [ERROR] Error consultando videoplayer endpoint: 404 Client Error:  for url: https://videoplayer.betfair.es/GetPlayer.do?eID=35105544&contentType=viz&contentView=mstats
19:01:59 [WARNING]   × No se pudo extraer eventId - partido sin estadísticas Opta
19:01:59 [DEBUG] [wolfsburgo-femenino-juventus-fc-w-apuestas-3510554] → Extrayendo volumen matched...
19:01:59 [ERROR] Error consultando videoplayer endpoint: 404 Client Error:  for url: https://videoplayer.betfair.es/GetPlayer.do?eID=35241036&contentType=viz&contentView=mstats
19:01:59 [WARNING]   × No se pudo extraer eventId - partido sin estadísticas Opta
19:01:59 [DEBUG] [al-quadisiya-ksa-neom-sports-club-apuestas-3524103] → Extrayendo volumen matched...
19:02:12 [DEBUG] [wolfsburgo-femenino-juventus-fc-w-apuestas-3510554] → Extrayendo momentum...
19:02:12 [DEBUG]   → Buscando URL del iframe de stats para Momentum...
19:02:12 [DEBUG] [al-hazm-ksa-al-akhdoud-apuestas-35232966] → Extrayendo momentum...
19:02:12 [DEBUG]   → Buscando URL del iframe de stats para Momentum...
19:02:12 [DEBUG] [al-quadisiya-ksa-neom-sports-club-apuestas-3524103] → Extrayendo momentum...
19:02:12 [DEBUG]   → Buscando URL del iframe de stats para Momentum...
19:02:17 [DEBUG]   × No se encontró URL del iframe de stats
19:02:17 [INFO] ✓ [wolfsburgo-femenino-juventus-fc-w-apuestas-3510554] Captura exitosa: en_juego, min 15, 0-1
19:02:17 [DEBUG]   × No se encontró URL del iframe de stats
19:02:17 [INFO] ✓ [al-hazm-ksa-al-akhdoud-apuestas-35232966] Captura exitosa: en_juego, min 30, 1-1
19:02:17 [DEBUG]   × No se encontró URL del iframe de stats
19:02:17 [INFO] ✓ [al-quadisiya-ksa-neom-sports-club-apuestas-3524103] Captura exitosa: en_juego, min 31, 0-0
19:02:17 [INFO] ✓ Captura paralela completada en 36.2s (3/3 exitosos)
19:02:17 [WARNING] Ciclo tardó 36.2s (> 30s). Iniciando siguiente ciclo inmediatamente.
19:02:17 [INFO] 
--- Ciclo #2 ---
19:02:17 [INFO] 📸 Capturando 3 partidos en paralelo...
19:02:18 [DEBUG] ✓ Actualizar clickeado: wolfsburgo-femenino-juventus-fc-w-apuestas-3510554
19:02:18 [DEBUG] ✓ Actualizar clickeado: al-quadisiya-ksa-neom-sports-club-apuestas-3524103
19:02:18 [DEBUG] ✓ Actualizar clickeado: al-hazm-ksa-al-akhdoud-apuestas-35232966
19:02:18 [DEBUG] [wolfsburgo-femenino-juventus-fc-w-apuestas-3510554] → Extrayendo información del partido...
19:02:18 [DEBUG] [al-quadisiya-ksa-neom-sports-club-apuestas-3524103] → Extrayendo información del partido...
19:02:18 [DEBUG] [al-hazm-ksa-al-akhdoud-apuestas-35232966] → Extrayendo información del partido...
19:02:26 [DEBUG] [wolfsburgo-femenino-juventus-fc-w-apuestas-3510554] → Extrayendo cuotas Match Odds...
19:02:26 [DEBUG] [al-quadisiya-ksa-neom-sports-club-apuestas-3524103] → Extrayendo cuotas Match Odds...
19:02:26 [DEBUG] [al-hazm-ksa-al-akhdoud-apuestas-35232966] → Extrayendo cuotas Match Odds...
19:02:28 [DEBUG] [wolfsburgo-femenino-juventus-fc-w-apuestas-3510554] → Extrayendo cuotas Over/Under...
19:02:29 [DEBUG] [al-quadisiya-ksa-neom-sports-club-apuestas-3524103] → Extrayendo cuotas Over/Under...
19:02:29 [DEBUG] [al-hazm-ksa-al-akhdoud-apuestas-35232966] → Extrayendo cuotas Over/Under...
19:02:31 [DEBUG] [al-hazm-ksa-al-akhdoud-apuestas-35232966] → Extrayendo cuotas Resultado Correcto...
19:02:31 [DEBUG] [wolfsburgo-femenino-juventus-fc-w-apuestas-3510554] → Extrayendo cuotas Resultado Correcto...
19:02:31 [DEBUG] [al-quadisiya-ksa-neom-sports-club-apuestas-3524103] → Extrayendo cuotas Resultado Correcto...
19:02:34 [DEBUG] [wolfsburgo-femenino-juventus-fc-w-apuestas-3510554] → Extrayendo estadísticas del partido...
19:02:34 [DEBUG]   → Extrayendo eventId del HTML...
19:02:34 [DEBUG] [al-hazm-ksa-al-akhdoud-apuestas-35232966] → Extrayendo estadísticas del partido...
19:02:34 [DEBUG]   → Extrayendo eventId del HTML...
19:02:34 [DEBUG] Betfair event ID extraído del HTML: 35105544
19:02:34 [DEBUG] Consultando videoplayer: https://videoplayer.betfair.es/GetPlayer.do?eID=35105544&contentType=viz&contentView=mstats
19:02:34 [DEBUG] Betfair event ID extraído del HTML: 35232966
19:02:34 [DEBUG] Consultando videoplayer: https://videoplayer.betfair.es/GetPlayer.do?eID=35232966&contentType=viz&contentView=mstats
19:02:34 [DEBUG] [al-quadisiya-ksa-neom-sports-club-apuestas-3524103] → Extrayendo estadísticas del partido...
19:02:34 [DEBUG]   → Extrayendo eventId del HTML...
19:02:35 [DEBUG] Betfair event ID extraído del HTML: 35241036
19:02:35 [DEBUG] Consultando videoplayer: https://videoplayer.betfair.es/GetPlayer.do?eID=35241036&contentType=viz&contentView=mstats
19:02:35 [WARNING] No se encontró eventId de Opta en la respuesta del videoplayer
19:02:35 [WARNING]   × No se pudo extraer eventId - partido sin estadísticas Opta
19:02:35 [DEBUG] [al-hazm-ksa-al-akhdoud-apuestas-35232966] → Extrayendo volumen matched...
19:02:35 [ERROR] Error consultando videoplayer endpoint: 404 Client Error:  for url: https://videoplayer.betfair.es/GetPlayer.do?eID=35241036&contentType=viz&contentView=mstats
19:02:35 [WARNING]   × No se pudo extraer eventId - partido sin estadísticas Opta
19:02:35 [DEBUG] [al-quadisiya-ksa-neom-sports-club-apuestas-3524103] → Extrayendo volumen matched...
19:02:35 [ERROR] Error consultando videoplayer endpoint: 404 Client Error:  for url: https://videoplayer.betfair.es/GetPlayer.do?eID=35105544&contentType=viz&contentView=mstats
19:02:35 [WARNING]   × No se pudo extraer eventId - partido sin estadísticas Opta
19:02:35 [DEBUG] [wolfsburgo-femenino-juventus-fc-w-apuestas-3510554] → Extrayendo volumen matched...
19:02:48 [DEBUG] [al-hazm-ksa-al-akhdoud-apuestas-35232966] → Extrayendo momentum...
19:02:48 [DEBUG]   → Buscando URL del iframe de stats para Momentum...
19:02:48 [DEBUG] [wolfsburgo-femenino-juventus-fc-w-apuestas-3510554] → Extrayendo momentum...
19:02:48 [DEBUG]   → Buscando URL del iframe de stats para Momentum...
19:02:48 [DEBUG] [al-quadisiya-ksa-neom-sports-club-apuestas-3524103] → Extrayendo momentum...
19:02:48 [DEBUG]   → Buscando URL del iframe de stats para Momentum...
19:02:53 [DEBUG]   × No se encontró URL del iframe de stats
19:02:53 [INFO] ✓ [wolfsburgo-femenino-juventus-fc-w-apuestas-3510554] Captura exitosa: en_juego, min 15, 0-1
19:02:53 [DEBUG]   × No se encontró URL del iframe de stats
19:02:53 [INFO] ✓ [al-hazm-ksa-al-akhdoud-apuestas-35232966] Captura exitosa: en_juego, min 31, 1-1
19:02:53 [DEBUG]   × No se encontró URL del iframe de stats
19:02:53 [INFO] ✓ [al-quadisiya-ksa-neom-sports-club-apuestas-3524103] Captura exitosa: en_juego, min 31, 0-0
19:02:53 [INFO] ✓ Captura paralela completada en 36.0s (3/3 exitosos)
19:02:53 [WARNING] Ciclo tardó 36.0s (> 30s). Iniciando siguiente ciclo inmediatamente.
19:02:53 [INFO] 
--- Ciclo #3 ---
19:02:53 [INFO] 📸 Capturando 3 partidos en paralelo...
19:02:54 [DEBUG] ✓ Actualizar clickeado: wolfsburgo-femenino-juventus-fc-w-apuestas-3510554
19:02:54 [DEBUG] ✓ Actualizar clickeado: al-hazm-ksa-al-akhdoud-apuestas-35232966
19:02:54 [DEBUG] ✓ Actualizar clickeado: al-quadisiya-ksa-neom-sports-club-apuestas-3524103
19:02:54 [DEBUG] [wolfsburgo-femenino-juventus-fc-w-apuestas-3510554] → Extrayendo información del partido...
19:02:54 [DEBUG] [al-hazm-ksa-al-akhdoud-apuestas-35232966] → Extrayendo información del partido...
19:02:54 [DEBUG] [al-quadisiya-ksa-neom-sports-club-apuestas-3524103] → Extrayendo información del partido...
19:03:02 [DEBUG] [wolfsburgo-femenino-juventus-fc-w-apuestas-3510554] → Extrayendo cuotas Match Odds...
19:03:02 [DEBUG] [al-hazm-ksa-al-akhdoud-apuestas-35232966] → Extrayendo cuotas Match Odds...
19:03:02 [DEBUG] [al-quadisiya-ksa-neom-sports-club-apuestas-3524103] → Extrayendo cuotas Match Odds...
19:03:04 [DEBUG] [wolfsburgo-femenino-juventus-fc-w-apuestas-3510554] → Extrayendo cuotas Over/Under...
19:03:05 [DEBUG] [al-hazm-ksa-al-akhdoud-apuestas-35232966] → Extrayendo cuotas Over/Under...
19:03:05 [DEBUG] [al-quadisiya-ksa-neom-sports-club-apuestas-3524103] → Extrayendo cuotas Over/Under...
19:03:07 [DEBUG] [al-hazm-ksa-al-akhdoud-apuestas-35232966] → Extrayendo cuotas Resultado Correcto...
19:03:07 [DEBUG] [wolfsburgo-femenino-juventus-fc-w-apuestas-3510554] → Extrayendo cuotas Resultado Correcto...
19:03:08 [DEBUG] [al-quadisiya-ksa-neom-sports-club-apuestas-3524103] → Extrayendo cuotas Resultado Correcto...
19:03:11 [DEBUG] [al-hazm-ksa-al-akhdoud-apuestas-35232966] → Extrayendo estadísticas del partido...
19:03:11 [DEBUG]   → Extrayendo eventId del HTML...
19:03:11 [DEBUG] Betfair event ID extraído del HTML: 35232966
19:03:11 [DEBUG] Consultando videoplayer: https://videoplayer.betfair.es/GetPlayer.do?eID=35232966&contentType=viz&contentView=mstats
19:03:11 [DEBUG] [wolfsburgo-femenino-juventus-fc-w-apuestas-3510554] → Extrayendo estadísticas del partido...
19:03:11 [DEBUG]   → Extrayendo eventId del HTML...
19:03:11 [DEBUG] Betfair event ID extraído del HTML: 35105544
19:03:11 [DEBUG] Consultando videoplayer: https://videoplayer.betfair.es/GetPlayer.do?eID=35105544&contentType=viz&contentView=mstats
19:03:11 [DEBUG] [al-quadisiya-ksa-neom-sports-club-apuestas-3524103] → Extrayendo estadísticas del partido...
19:03:11 [DEBUG]   → Extrayendo eventId del HTML...
19:03:11 [DEBUG] Betfair event ID extraído del HTML: 35241036
19:03:11 [DEBUG] Consultando videoplayer: https://videoplayer.betfair.es/GetPlayer.do?eID=35241036&contentType=viz&contentView=mstats
19:03:11 [WARNING] No se encontró eventId de Opta en la respuesta del videoplayer
19:03:11 [WARNING]   × No se pudo extraer eventId - partido sin estadísticas Opta
19:03:11 [DEBUG] [al-hazm-ksa-al-akhdoud-apuestas-35232966] → Extrayendo volumen matched...
19:03:11 [ERROR] Error consultando videoplayer endpoint: 404 Client Error:  for url: https://videoplayer.betfair.es/GetPlayer.do?eID=35105544&contentType=viz&contentView=mstats
19:03:11 [WARNING]   × No se pudo extraer eventId - partido sin estadísticas Opta
19:03:11 [DEBUG] [wolfsburgo-femenino-juventus-fc-w-apuestas-3510554] → Extrayendo volumen matched...
19:03:12 [ERROR] Error consultando videoplayer endpoint: 404 Client Error:  for url: https://videoplayer.betfair.es/GetPlayer.do?eID=35241036&contentType=viz&contentView=mstats
19:03:12 [WARNING]   × No se pudo extraer eventId - partido sin estadísticas Opta
19:03:12 [DEBUG] [al-quadisiya-ksa-neom-sports-club-apuestas-3524103] → Extrayendo volumen matched...
19:03:24 [DEBUG] [al-hazm-ksa-al-akhdoud-apuestas-35232966] → Extrayendo momentum...
19:03:24 [DEBUG]   → Buscando URL del iframe de stats para Momentum...
19:03:24 [DEBUG] [wolfsburgo-femenino-juventus-fc-w-apuestas-3510554] → Extrayendo momentum...
19:03:24 [DEBUG]   → Buscando URL del iframe de stats para Momentum...
19:03:24 [DEBUG] [al-quadisiya-ksa-neom-sports-club-apuestas-3524103] → Extrayendo momentum...
19:03:24 [DEBUG]   → Buscando URL del iframe de stats para Momentum...
19:03:29 [DEBUG]   × No se encontró URL del iframe de stats
19:03:29 [INFO] ✓ [al-hazm-ksa-al-akhdoud-apuestas-35232966] Captura exitosa: en_juego, min 31, 1-1
19:03:29 [DEBUG]   × No se encontró URL del iframe de stats
19:03:29 [INFO] ✓ [wolfsburgo-femenino-juventus-fc-w-apuestas-3510554] Captura exitosa: en_juego, min 17, 0-1
19:03:30 [DEBUG]   × No se encontró URL del iframe de stats
19:03:30 [INFO] ✓ [al-quadisiya-ksa-neom-sports-club-apuestas-3524103] Captura exitosa: en_juego, min 31, 0-0
19:03:30 [INFO] ✓ Captura paralela completada en 36.6s (3/3 exitosos)
19:03:30 [WARNING] Ciclo tardó 36.6s (> 30s). Iniciando siguiente ciclo inmediatamente.
19:03:30 [INFO] 
--- Ciclo #4 ---
19:03:30 [INFO] 📸 Capturando 3 partidos en paralelo...
19:03:30 [DEBUG] ✓ Actualizar clickeado: wolfsburgo-femenino-juventus-fc-w-apuestas-3510554
19:03:30 [DEBUG] ✓ Actualizar clickeado: al-quadisiya-ksa-neom-sports-club-apuestas-3524103
19:03:30 [DEBUG] ✓ Actualizar clickeado: al-hazm-ksa-al-akhdoud-apuestas-35232966
19:03:31 [DEBUG] [wolfsburgo-femenino-juventus-fc-w-apuestas-3510554] → Extrayendo información del partido...
19:03:31 [DEBUG] [al-quadisiya-ksa-neom-sports-club-apuestas-3524103] → Extrayendo información del partido...
19:03:31 [DEBUG] [al-hazm-ksa-al-akhdoud-apuestas-35232966] → Extrayendo información del partido...
19:03:39 [DEBUG] [wolfsburgo-femenino-juventus-fc-w-apuestas-3510554] → Extrayendo cuotas Match Odds...
19:03:39 [DEBUG] [al-quadisiya-ksa-neom-sports-club-apuestas-3524103] → Extrayendo cuotas Match Odds...
19:03:39 [DEBUG] [al-hazm-ksa-al-akhdoud-apuestas-35232966] → Extrayendo cuotas Match Odds...
19:03:41 [DEBUG] [wolfsburgo-femenino-juventus-fc-w-apuestas-3510554] → Extrayendo cuotas Over/Under...
19:03:41 [DEBUG] [al-hazm-ksa-al-akhdoud-apuestas-35232966] → Extrayendo cuotas Over/Under...
19:03:41 [DEBUG] [al-quadisiya-ksa-neom-sports-club-apuestas-3524103] → Extrayendo cuotas Over/Under...
19:03:44 [DEBUG] [wolfsburgo-femenino-juventus-fc-w-apuestas-3510554] → Extrayendo cuotas Resultado Correcto...
19:03:44 [DEBUG] [al-hazm-ksa-al-akhdoud-apuestas-35232966] → Extrayendo cuotas Resultado Correcto...
19:03:44 [DEBUG] [al-quadisiya-ksa-neom-sports-club-apuestas-3524103] → Extrayendo cuotas Resultado Correcto...
19:03:48 [DEBUG] [wolfsburgo-femenino-juventus-fc-w-apuestas-3510554] → Extrayendo estadísticas del partido...
19:03:48 [DEBUG]   → Extrayendo eventId del HTML...
19:03:48 [DEBUG] Betfair event ID extraído del HTML: 35105544
19:03:48 [DEBUG] Consultando videoplayer: https://videoplayer.betfair.es/GetPlayer.do?eID=35105544&contentType=viz&contentView=mstats
19:03:48 [DEBUG] [al-hazm-ksa-al-akhdoud-apuestas-35232966] → Extrayendo estadísticas del partido...
19:03:48 [DEBUG]   → Extrayendo eventId del HTML...
19:03:48 [DEBUG] Betfair event ID extraído del HTML: 35232966
19:03:48 [DEBUG] Consultando videoplayer: https://videoplayer.betfair.es/GetPlayer.do?eID=35232966&contentType=viz&contentView=mstats
19:03:48 [DEBUG] [al-quadisiya-ksa-neom-sports-club-apuestas-3524103] → Extrayendo estadísticas del partido...
19:03:48 [DEBUG]   → Extrayendo eventId del HTML...
19:03:48 [DEBUG] Betfair event ID extraído del HTML: 35241036
19:03:48 [DEBUG] Consultando videoplayer: https://videoplayer.betfair.es/GetPlayer.do?eID=35241036&contentType=viz&contentView=mstats
19:03:49 [ERROR] Error consultando videoplayer endpoint: 404 Client Error:  for url: https://videoplayer.betfair.es/GetPlayer.do?eID=35105544&contentType=viz&contentView=mstats
19:03:49 [WARNING]   × No se pudo extraer eventId - partido sin estadísticas Opta
19:03:49 [DEBUG] [wolfsburgo-femenino-juventus-fc-w-apuestas-3510554] → Extrayendo volumen matched...
19:03:49 [WARNING] No se encontró eventId de Opta en la respuesta del videoplayer
19:03:49 [WARNING]   × No se pudo extraer eventId - partido sin estadísticas Opta
19:03:49 [DEBUG] [al-hazm-ksa-al-akhdoud-apuestas-35232966] → Extrayendo volumen matched...
19:03:49 [ERROR] Error consultando videoplayer endpoint: 404 Client Error:  for url: https://videoplayer.betfair.es/GetPlayer.do?eID=35241036&contentType=viz&contentView=mstats
19:03:49 [WARNING]   × No se pudo extraer eventId - partido sin estadísticas Opta
19:03:49 [DEBUG] [al-quadisiya-ksa-neom-sports-club-apuestas-3524103] → Extrayendo volumen matched...
19:04:01 [DEBUG] [wolfsburgo-femenino-juventus-fc-w-apuestas-3510554] → Extrayendo momentum...
19:04:01 [DEBUG]   → Buscando URL del iframe de stats para Momentum...
19:04:01 [DEBUG] [al-quadisiya-ksa-neom-sports-club-apuestas-3524103] → Extrayendo momentum...
19:04:01 [DEBUG] [al-hazm-ksa-al-akhdoud-apuestas-35232966] → Extrayendo momentum...
19:04:01 [DEBUG]   → Buscando URL del iframe de stats para Momentum...
19:04:01 [DEBUG]   → Buscando URL del iframe de stats para Momentum...
19:04:07 [DEBUG]   × No se encontró URL del iframe de stats
19:04:07 [INFO] ✓ [wolfsburgo-femenino-juventus-fc-w-apuestas-3510554] Captura exitosa: en_juego, min 17, 0-1
19:04:07 [DEBUG]   × No se encontró URL del iframe de stats
19:04:07 [DEBUG]   × No se encontró URL del iframe de stats
19:04:07 [INFO] ✓ [al-quadisiya-ksa-neom-sports-club-apuestas-3524103] Captura exitosa: en_juego, min 32, 0-0
19:04:07 [INFO] ✓ [al-hazm-ksa-al-akhdoud-apuestas-35232966] Captura exitosa: en_juego, min 32, 1-1
19:04:07 [INFO] ✓ Captura paralela completada en 37.0s (3/3 exitosos)
19:04:07 [WARNING] Ciclo tardó 37.0s (> 30s). Iniciando siguiente ciclo inmediatamente.
19:04:07 [INFO] 
--- Ciclo #5 ---
19:04:07 [INFO] 📸 Capturando 3 partidos en paralelo...
19:04:07 [DEBUG] ✓ Actualizar clickeado: wolfsburgo-femenino-juventus-fc-w-apuestas-3510554
19:04:07 [DEBUG] ✓ Actualizar clickeado: al-hazm-ksa-al-akhdoud-apuestas-35232966
19:04:07 [DEBUG] ✓ Actualizar clickeado: al-quadisiya-ksa-neom-sports-club-apuestas-3524103
19:04:07 [DEBUG] [wolfsburgo-femenino-juventus-fc-w-apuestas-3510554] → Extrayendo información del partido...
19:04:08 [DEBUG] [al-hazm-ksa-al-akhdoud-apuestas-35232966] → Extrayendo información del partido...
19:04:08 [DEBUG] [al-quadisiya-ksa-neom-sports-club-apuestas-3524103] → Extrayendo información del partido...
19:04:16 [DEBUG] [al-quadisiya-ksa-neom-sports-club-apuestas-3524103] → Extrayendo cuotas Match Odds...
19:04:16 [DEBUG] [al-hazm-ksa-al-akhdoud-apuestas-35232966] → Extrayendo cuotas Match Odds...
19:04:16 [DEBUG] [wolfsburgo-femenino-juventus-fc-w-apuestas-3510554] → Extrayendo cuotas Match Odds...
19:04:18 [DEBUG] [al-quadisiya-ksa-neom-sports-club-apuestas-3524103] → Extrayendo cuotas Over/Under...
19:04:18 [DEBUG] [al-hazm-ksa-al-akhdoud-apuestas-35232966] → Extrayendo cuotas Over/Under...
19:04:18 [DEBUG] [wolfsburgo-femenino-juventus-fc-w-apuestas-3510554] → Extrayendo cuotas Over/Under...
19:04:21 [DEBUG] [al-hazm-ksa-al-akhdoud-apuestas-35232966] → Extrayendo cuotas Resultado Correcto...
19:04:21 [DEBUG] [al-quadisiya-ksa-neom-sports-club-apuestas-3524103] → Extrayendo cuotas Resultado Correcto...
19:04:21 [DEBUG] [wolfsburgo-femenino-juventus-fc-w-apuestas-3510554] → Extrayendo cuotas Resultado Correcto...
19:04:24 [DEBUG] [al-hazm-ksa-al-akhdoud-apuestas-35232966] → Extrayendo estadísticas del partido...
19:04:24 [DEBUG]   → Extrayendo eventId del HTML...
19:04:24 [DEBUG] Betfair event ID extraído del HTML: 35232966
19:04:24 [DEBUG] Consultando videoplayer: https://videoplayer.betfair.es/GetPlayer.do?eID=35232966&contentType=viz&contentView=mstats
19:04:24 [DEBUG] [wolfsburgo-femenino-juventus-fc-w-apuestas-3510554] → Extrayendo estadísticas del partido...
19:04:24 [DEBUG]   → Extrayendo eventId del HTML...
19:04:24 [DEBUG] [al-quadisiya-ksa-neom-sports-club-apuestas-3524103] → Extrayendo estadísticas del partido...
19:04:24 [DEBUG]   → Extrayendo eventId del HTML...
19:04:24 [DEBUG] Betfair event ID extraído del HTML: 35241036
19:04:24 [DEBUG] Consultando videoplayer: https://videoplayer.betfair.es/GetPlayer.do?eID=35241036&contentType=viz&contentView=mstats
19:04:24 [DEBUG] Betfair event ID extraído del HTML: 35105544
19:04:24 [DEBUG] Consultando videoplayer: https://videoplayer.betfair.es/GetPlayer.do?eID=35105544&contentType=viz&contentView=mstats
19:04:24 [WARNING] No se encontró eventId de Opta en la respuesta del videoplayer
19:04:24 [WARNING]   × No se pudo extraer eventId - partido sin estadísticas Opta
19:04:24 [DEBUG] [al-hazm-ksa-al-akhdoud-apuestas-35232966] → Extrayendo volumen matched...
19:04:24 [ERROR] Error consultando videoplayer endpoint: 404 Client Error:  for url: https://videoplayer.betfair.es/GetPlayer.do?eID=35105544&contentType=viz&contentView=mstats
19:04:24 [WARNING]   × No se pudo extraer eventId - partido sin estadísticas Opta
19:04:24 [DEBUG] [wolfsburgo-femenino-juventus-fc-w-apuestas-3510554] → Extrayendo volumen matched...
19:04:24 [ERROR] Error consultando videoplayer endpoint: 404 Client Error:  for url: https://videoplayer.betfair.es/GetPlayer.do?eID=35241036&contentType=viz&contentView=mstats
19:04:24 [WARNING]   × No se pudo extraer eventId - partido sin estadísticas Opta
19:04:24 [DEBUG] [al-quadisiya-ksa-neom-sports-club-apuestas-3524103] → Extrayendo volumen matched...
19:04:37 [DEBUG] [al-hazm-ksa-al-akhdoud-apuestas-35232966] → Extrayendo momentum...
19:04:37 [DEBUG]   → Buscando URL del iframe de stats para Momentum...
19:04:37 [DEBUG] [wolfsburgo-femenino-juventus-fc-w-apuestas-3510554] → Extrayendo momentum...
19:04:37 [DEBUG]   → Buscando URL del iframe de stats para Momentum...
19:04:37 [DEBUG] [al-quadisiya-ksa-neom-sports-club-apuestas-3524103] → Extrayendo momentum...
19:04:37 [DEBUG]   → Buscando URL del iframe de stats para Momentum...
19:04:42 [DEBUG]   × No se encontró URL del iframe de stats
19:04:42 [INFO] ✓ [wolfsburgo-femenino-juventus-fc-w-apuestas-3510554] Captura exitosa: en_juego, min 17, 0-1
19:04:43 [DEBUG]   × No se encontró URL del iframe de stats
19:04:43 [DEBUG]   × No se encontró URL del iframe de stats
19:04:43 [INFO] ✓ [al-quadisiya-ksa-neom-sports-club-apuestas-3524103] Captura exitosa: en_juego, min 33, 0-0
19:04:43 [INFO] ✓ [al-hazm-ksa-al-akhdoud-apuestas-35232966] Captura exitosa: en_juego, min 32, 1-1
19:04:43 [INFO] ✓ Captura paralela completada en 35.8s (3/3 exitosos)
19:04:43 [INFO] 🔄 Revisando games.csv para detectar cambios...
19:04:43 [INFO] Cargados 10 partidos desde games.csv
19:04:43 [WARNING] Ciclo tardó 35.8s (> 30s). Iniciando siguiente ciclo inmediatamente.
19:04:43 [INFO] 
--- Ciclo #6 ---
19:04:43 [INFO] 📸 Capturando 3 partidos en paralelo...
19:04:43 [DEBUG] ✓ Actualizar clickeado: wolfsburgo-femenino-juventus-fc-w-apuestas-3510554
19:04:43 [DEBUG] ✓ Actualizar clickeado: al-quadisiya-ksa-neom-sports-club-apuestas-3524103
19:04:43 [DEBUG] ✓ Actualizar clickeado: al-hazm-ksa-al-akhdoud-apuestas-35232966
19:04:43 [DEBUG] [wolfsburgo-femenino-juventus-fc-w-apuestas-3510554] → Extrayendo información del partido...
19:04:43 [DEBUG] [al-quadisiya-ksa-neom-sports-club-apuestas-3524103] → Extrayendo información del partido...
19:04:43 [DEBUG] [al-hazm-ksa-al-akhdoud-apuestas-35232966] → Extrayendo información del partido...
19:04:52 [DEBUG] [al-hazm-ksa-al-akhdoud-apuestas-35232966] → Extrayendo cuotas Match Odds...
19:04:52 [DEBUG] [al-quadisiya-ksa-neom-sports-club-apuestas-3524103] → Extrayendo cuotas Match Odds...
19:04:52 [DEBUG] [wolfsburgo-femenino-juventus-fc-w-apuestas-3510554] → Extrayendo cuotas Match Odds...
19:04:54 [DEBUG] [wolfsburgo-femenino-juventus-fc-w-apuestas-3510554] → Extrayendo cuotas Over/Under...
19:04:54 [DEBUG] [al-quadisiya-ksa-neom-sports-club-apuestas-3524103] → Extrayendo cuotas Over/Under...
19:04:54 [DEBUG] [al-hazm-ksa-al-akhdoud-apuestas-35232966] → Extrayendo cuotas Over/Under...
19:04:57 [DEBUG] [wolfsburgo-femenino-juventus-fc-w-apuestas-3510554] → Extrayendo cuotas Resultado Correcto...
19:04:57 [DEBUG] [al-quadisiya-ksa-neom-sports-club-apuestas-3524103] → Extrayendo cuotas Resultado Correcto...
19:04:57 [DEBUG] [al-hazm-ksa-al-akhdoud-apuestas-35232966] → Extrayendo cuotas Resultado Correcto...
19:05:00 [DEBUG] [wolfsburgo-femenino-juventus-fc-w-apuestas-3510554] → Extrayendo estadísticas del partido...
19:05:00 [DEBUG]   → Extrayendo eventId del HTML...
19:05:00 [DEBUG] Betfair event ID extraído del HTML: 35105544
19:05:00 [DEBUG] Consultando videoplayer: https://videoplayer.betfair.es/GetPlayer.do?eID=35105544&contentType=viz&contentView=mstats
19:05:00 [DEBUG] [al-hazm-ksa-al-akhdoud-apuestas-35232966] → Extrayendo estadísticas del partido...
19:05:00 [DEBUG]   → Extrayendo eventId del HTML...
19:05:00 [DEBUG] [al-quadisiya-ksa-neom-sports-club-apuestas-3524103] → Extrayendo estadísticas del partido...
19:05:00 [DEBUG]   → Extrayendo eventId del HTML...
19:05:00 [DEBUG] Betfair event ID extraído del HTML: 35232966
19:05:00 [DEBUG] Consultando videoplayer: https://videoplayer.betfair.es/GetPlayer.do?eID=35232966&contentType=viz&contentView=mstats
19:05:00 [DEBUG] Betfair event ID extraído del HTML: 35241036
19:05:00 [DEBUG] Consultando videoplayer: https://videoplayer.betfair.es/GetPlayer.do?eID=35241036&contentType=viz&contentView=mstats
19:05:00 [ERROR] Error consultando videoplayer endpoint: 404 Client Error:  for url: https://videoplayer.betfair.es/GetPlayer.do?eID=35105544&contentType=viz&contentView=mstats
19:05:00 [WARNING]   × No se pudo extraer eventId - partido sin estadísticas Opta
19:05:00 [DEBUG] [wolfsburgo-femenino-juventus-fc-w-apuestas-3510554] → Extrayendo volumen matched...
19:05:01 [ERROR] Error consultando videoplayer endpoint: 404 Client Error:  for url: https://videoplayer.betfair.es/GetPlayer.do?eID=35241036&contentType=viz&contentView=mstats
19:05:01 [WARNING]   × No se pudo extraer eventId - partido sin estadísticas Opta
19:05:01 [DEBUG] [al-quadisiya-ksa-neom-sports-club-apuestas-3524103] → Extrayendo volumen matched...
19:05:01 [WARNING] No se encontró eventId de Opta en la respuesta del videoplayer
19:05:01 [WARNING]   × No se pudo extraer eventId - partido sin estadísticas Opta
19:05:01 [DEBUG] [al-hazm-ksa-al-akhdoud-apuestas-35232966] → Extrayendo volumen matched...
19:05:13 [DEBUG] [wolfsburgo-femenino-juventus-fc-w-apuestas-3510554] → Extrayendo momentum...
19:05:13 [DEBUG]   → Buscando URL del iframe de stats para Momentum...
19:05:13 [DEBUG] [al-quadisiya-ksa-neom-sports-club-apuestas-3524103] → Extrayendo momentum...
19:05:13 [DEBUG]   → Buscando URL del iframe de stats para Momentum...
19:05:13 [DEBUG] [al-hazm-ksa-al-akhdoud-apuestas-35232966] → Extrayendo momentum...
19:05:13 [DEBUG]   → Buscando URL del iframe de stats para Momentum...
19:05:18 [DEBUG]   × No se encontró URL del iframe de stats
19:05:18 [INFO] ✓ [wolfsburgo-femenino-juventus-fc-w-apuestas-3510554] Captura exitosa: en_juego, min 18, 0-1
19:05:19 [DEBUG]   × No se encontró URL del iframe de stats
19:05:19 [INFO] ✓ [al-quadisiya-ksa-neom-sports-club-apuestas-3524103] Captura exitosa: en_juego, min 34, 0-0
19:05:19 [DEBUG]   × No se encontró URL del iframe de stats
19:05:19 [INFO] ✓ [al-hazm-ksa-al-akhdoud-apuestas-35232966] Captura exitosa: en_juego, min 33, 1-1
19:05:19 [INFO] ✓ Captura paralela completada en 36.3s (3/3 exitosos)
19:05:19 [WARNING] Ciclo tardó 36.3s (> 30s). Iniciando siguiente ciclo inmediatamente.
19:05:19 [INFO] 
--- Ciclo #7 ---
19:05:19 [INFO] 📸 Capturando 3 partidos en paralelo...
19:05:19 [DEBUG] ✓ Actualizar clickeado: wolfsburgo-femenino-juventus-fc-w-apuestas-3510554
19:05:19 [DEBUG] ✓ Actualizar clickeado: al-quadisiya-ksa-neom-sports-club-apuestas-3524103
19:05:19 [DEBUG] ✓ Actualizar clickeado: al-hazm-ksa-al-akhdoud-apuestas-35232966
19:05:20 [DEBUG] [wolfsburgo-femenino-juventus-fc-w-apuestas-3510554] → Extrayendo información del partido...
19:05:20 [DEBUG] [al-quadisiya-ksa-neom-sports-club-apuestas-3524103] → Extrayendo información del partido...
19:05:20 [DEBUG] [al-hazm-ksa-al-akhdoud-apuestas-35232966] → Extrayendo información del partido...
19:05:28 [DEBUG] [wolfsburgo-femenino-juventus-fc-w-apuestas-3510554] → Extrayendo cuotas Match Odds...
19:05:28 [DEBUG] [al-quadisiya-ksa-neom-sports-club-apuestas-3524103] → Extrayendo cuotas Match Odds...
19:05:28 [DEBUG] [al-hazm-ksa-al-akhdoud-apuestas-35232966] → Extrayendo cuotas Match Odds...
19:05:30 [DEBUG] [wolfsburgo-femenino-juventus-fc-w-apuestas-3510554] → Extrayendo cuotas Over/Under...
19:05:30 [DEBUG] [al-hazm-ksa-al-akhdoud-apuestas-35232966] → Extrayendo cuotas Over/Under...
19:05:30 [DEBUG] [al-quadisiya-ksa-neom-sports-club-apuestas-3524103] → Extrayendo cuotas Over/Under...
19:05:33 [DEBUG] [wolfsburgo-femenino-juventus-fc-w-apuestas-3510554] → Extrayendo cuotas Resultado Correcto...
19:05:33 [DEBUG] [al-hazm-ksa-al-akhdoud-apuestas-35232966] → Extrayendo cuotas Resultado Correcto...
19:05:33 [DEBUG] [al-quadisiya-ksa-neom-sports-club-apuestas-3524103] → Extrayendo cuotas Resultado Correcto...
19:05:36 [DEBUG] [wolfsburgo-femenino-juventus-fc-w-apuestas-3510554] → Extrayendo estadísticas del partido...
19:05:36 [DEBUG]   → Extrayendo eventId del HTML...
19:05:36 [DEBUG] Betfair event ID extraído del HTML: 35105544
19:05:36 [DEBUG] Consultando videoplayer: https://videoplayer.betfair.es/GetPlayer.do?eID=35105544&contentType=viz&contentView=mstats
19:05:36 [DEBUG] [al-hazm-ksa-al-akhdoud-apuestas-35232966] → Extrayendo estadísticas del partido...
19:05:36 [DEBUG]   → Extrayendo eventId del HTML...
19:05:36 [DEBUG] Betfair event ID extraído del HTML: 35232966
19:05:36 [DEBUG] Consultando videoplayer: https://videoplayer.betfair.es/GetPlayer.do?eID=35232966&contentType=viz&contentView=mstats
19:05:36 [DEBUG] [al-quadisiya-ksa-neom-sports-club-apuestas-3524103] → Extrayendo estadísticas del partido...
19:05:36 [DEBUG]   → Extrayendo eventId del HTML...
19:05:36 [DEBUG] Betfair event ID extraído del HTML: 35241036
19:05:36 [DEBUG] Consultando videoplayer: https://videoplayer.betfair.es/GetPlayer.do?eID=35241036&contentType=viz&contentView=mstats
19:05:36 [ERROR] Error consultando videoplayer endpoint: 404 Client Error:  for url: https://videoplayer.betfair.es/GetPlayer.do?eID=35105544&contentType=viz&contentView=mstats
19:05:36 [WARNING]   × No se pudo extraer eventId - partido sin estadísticas Opta
19:05:36 [DEBUG] [wolfsburgo-femenino-juventus-fc-w-apuestas-3510554] → Extrayendo volumen matched...
19:05:37 [WARNING] No se encontró eventId de Opta en la respuesta del videoplayer
19:05:37 [WARNING]   × No se pudo extraer eventId - partido sin estadísticas Opta
19:05:37 [DEBUG] [al-hazm-ksa-al-akhdoud-apuestas-35232966] → Extrayendo volumen matched...
19:05:37 [ERROR] Error consultando videoplayer endpoint: 404 Client Error:  for url: https://videoplayer.betfair.es/GetPlayer.do?eID=35241036&contentType=viz&contentView=mstats
19:05:37 [WARNING]   × No se pudo extraer eventId - partido sin estadísticas Opta
19:05:37 [DEBUG] [al-quadisiya-ksa-neom-sports-club-apuestas-3524103] → Extrayendo volumen matched...
19:05:49 [DEBUG] [wolfsburgo-femenino-juventus-fc-w-apuestas-3510554] → Extrayendo momentum...
19:05:49 [DEBUG]   → Buscando URL del iframe de stats para Momentum...
19:05:49 [DEBUG] [al-hazm-ksa-al-akhdoud-apuestas-35232966] → Extrayendo momentum...
19:05:49 [DEBUG]   → Buscando URL del iframe de stats para Momentum...
19:05:49 [DEBUG] [al-quadisiya-ksa-neom-sports-club-apuestas-3524103] → Extrayendo momentum...
19:05:49 [DEBUG]   → Buscando URL del iframe de stats para Momentum...
19:05:55 [DEBUG]   × No se encontró URL del iframe de stats
19:05:55 [INFO] ✓ [wolfsburgo-femenino-juventus-fc-w-apuestas-3510554] Captura exitosa: en_juego, min 19, 0-1
19:05:55 [DEBUG]   × No se encontró URL del iframe de stats
19:05:55 [DEBUG]   × No se encontró URL del iframe de stats
19:05:55 [INFO] ✓ [al-hazm-ksa-al-akhdoud-apuestas-35232966] Captura exitosa: en_juego, min 34, 1-1
19:05:55 [INFO] ✓ [al-quadisiya-ksa-neom-sports-club-apuestas-3524103] Captura exitosa: en_juego, min 34, 0-0
19:05:55 [INFO] ✓ Captura paralela completada en 35.9s (3/3 exitosos)
19:05:55 [WARNING] Ciclo tardó 35.9s (> 30s). Iniciando siguiente ciclo inmediatamente.
19:05:55 [INFO] 
--- Ciclo #8 ---
19:05:55 [INFO] 📸 Capturando 3 partidos en paralelo...
19:05:55 [DEBUG] ✓ Actualizar clickeado: wolfsburgo-femenino-juventus-fc-w-apuestas-3510554
19:05:55 [DEBUG] ✓ Actualizar clickeado: al-quadisiya-ksa-neom-sports-club-apuestas-3524103
19:05:55 [DEBUG] ✓ Actualizar clickeado: al-hazm-ksa-al-akhdoud-apuestas-35232966
19:05:55 [DEBUG] [wolfsburgo-femenino-juventus-fc-w-apuestas-3510554] → Extrayendo información del partido...
19:05:55 [DEBUG] [al-quadisiya-ksa-neom-sports-club-apuestas-3524103] → Extrayendo información del partido...
19:05:55 [DEBUG] [al-hazm-ksa-al-akhdoud-apuestas-35232966] → Extrayendo información del partido...
19:06:04 [DEBUG] [al-hazm-ksa-al-akhdoud-apuestas-35232966] → Extrayendo cuotas Match Odds...
19:06:04 [DEBUG] [wolfsburgo-femenino-juventus-fc-w-apuestas-3510554] → Extrayendo cuotas Match Odds...
19:06:04 [DEBUG] [al-quadisiya-ksa-neom-sports-club-apuestas-3524103] → Extrayendo cuotas Match Odds...
19:06:06 [DEBUG] [wolfsburgo-femenino-juventus-fc-w-apuestas-3510554] → Extrayendo cuotas Over/Under...
19:06:06 [DEBUG] [al-quadisiya-ksa-neom-sports-club-apuestas-3524103] → Extrayendo cuotas Over/Under...
19:06:06 [DEBUG] [al-hazm-ksa-al-akhdoud-apuestas-35232966] → Extrayendo cuotas Over/Under...
19:06:09 [DEBUG] [al-hazm-ksa-al-akhdoud-apuestas-35232966] → Extrayendo cuotas Resultado Correcto...
19:06:09 [DEBUG] [al-quadisiya-ksa-neom-sports-club-apuestas-3524103] → Extrayendo cuotas Resultado Correcto...
19:06:09 [DEBUG] [wolfsburgo-femenino-juventus-fc-w-apuestas-3510554] → Extrayendo cuotas Resultado Correcto...
19:06:12 [DEBUG] [wolfsburgo-femenino-juventus-fc-w-apuestas-3510554] → Extrayendo estadísticas del partido...
19:06:12 [DEBUG]   → Extrayendo eventId del HTML...
19:06:12 [DEBUG] Betfair event ID extraído del HTML: 35105544
19:06:12 [DEBUG] Consultando videoplayer: https://videoplayer.betfair.es/GetPlayer.do?eID=35105544&contentType=viz&contentView=mstats
19:06:12 [DEBUG] [al-hazm-ksa-al-akhdoud-apuestas-35232966] → Extrayendo estadísticas del partido...
19:06:12 [DEBUG]   → Extrayendo eventId del HTML...
19:06:12 [DEBUG] Betfair event ID extraído del HTML: 35232966
19:06:12 [DEBUG] Consultando videoplayer: https://videoplayer.betfair.es/GetPlayer.do?eID=35232966&contentType=viz&contentView=mstats
19:06:12 [DEBUG] [al-quadisiya-ksa-neom-sports-club-apuestas-3524103] → Extrayendo estadísticas del partido...
19:06:12 [DEBUG]   → Extrayendo eventId del HTML...
19:06:12 [DEBUG] Betfair event ID extraído del HTML: 35241036
19:06:12 [DEBUG] Consultando videoplayer: https://videoplayer.betfair.es/GetPlayer.do?eID=35241036&contentType=viz&contentView=mstats
19:06:13 [ERROR] Error consultando videoplayer endpoint: 404 Client Error:  for url: https://videoplayer.betfair.es/GetPlayer.do?eID=35105544&contentType=viz&contentView=mstats
19:06:13 [WARNING]   × No se pudo extraer eventId - partido sin estadísticas Opta
19:06:13 [DEBUG] [wolfsburgo-femenino-juventus-fc-w-apuestas-3510554] → Extrayendo volumen matched...
19:06:13 [WARNING] No se encontró eventId de Opta en la respuesta del videoplayer
19:06:13 [WARNING]   × No se pudo extraer eventId - partido sin estadísticas Opta
19:06:13 [DEBUG] [al-hazm-ksa-al-akhdoud-apuestas-35232966] → Extrayendo volumen matched...
19:06:13 [ERROR] Error consultando videoplayer endpoint: 404 Client Error:  for url: https://videoplayer.betfair.es/GetPlayer.do?eID=35241036&contentType=viz&contentView=mstats
19:06:13 [WARNING]   × No se pudo extraer eventId - partido sin estadísticas Opta
19:06:13 [DEBUG] [al-quadisiya-ksa-neom-sports-club-apuestas-3524103] → Extrayendo volumen matched...
19:06:25 [DEBUG] [wolfsburgo-femenino-juventus-fc-w-apuestas-3510554] → Extrayendo momentum...
19:06:25 [DEBUG]   → Buscando URL del iframe de stats para Momentum...
19:06:25 [DEBUG] [al-hazm-ksa-al-akhdoud-apuestas-35232966] → Extrayendo momentum...
19:06:25 [DEBUG]   → Buscando URL del iframe de stats para Momentum...
19:06:25 [DEBUG] [al-quadisiya-ksa-neom-sports-club-apuestas-3524103] → Extrayendo momentum...
19:06:25 [DEBUG]   → Buscando URL del iframe de stats para Momentum...
19:06:31 [DEBUG]   × No se encontró URL del iframe de stats
19:06:31 [INFO] ✓ [al-quadisiya-ksa-neom-sports-club-apuestas-3524103] Captura exitosa: en_juego, min 34, 0-0
19:06:31 [DEBUG]   × No se encontró URL del iframe de stats
19:06:31 [INFO] ✓ [wolfsburgo-femenino-juventus-fc-w-apuestas-3510554] Captura exitosa: en_juego, min 19, 0-1
19:06:31 [DEBUG]   × No se encontró URL del iframe de stats
19:06:31 [INFO] ✓ [al-hazm-ksa-al-akhdoud-apuestas-35232966] Captura exitosa: en_juego, min 34, 1-1
19:06:31 [INFO] ✓ Captura paralela completada en 35.9s (3/3 exitosos)
19:06:31 [WARNING] Ciclo tardó 35.9s (> 30s). Iniciando siguiente ciclo inmediatamente.
19:06:31 [INFO] 
--- Ciclo #9 ---
19:06:31 [INFO] 📸 Capturando 3 partidos en paralelo...
19:06:31 [DEBUG] ✓ Actualizar clickeado: al-quadisiya-ksa-neom-sports-club-apuestas-3524103
19:06:31 [DEBUG] ✓ Actualizar clickeado: wolfsburgo-femenino-juventus-fc-w-apuestas-3510554
19:06:31 [DEBUG] ✓ Actualizar clickeado: al-hazm-ksa-al-akhdoud-apuestas-35232966
19:06:31 [DEBUG] [al-quadisiya-ksa-neom-sports-club-apuestas-3524103] → Extrayendo información del partido...
19:06:31 [DEBUG] [wolfsburgo-femenino-juventus-fc-w-apuestas-3510554] → Extrayendo información del partido...
19:06:31 [DEBUG] [al-hazm-ksa-al-akhdoud-apuestas-35232966] → Extrayendo información del partido...
19:06:40 [DEBUG] [al-hazm-ksa-al-akhdoud-apuestas-35232966] → Extrayendo cuotas Match Odds...
19:06:40 [DEBUG] [al-quadisiya-ksa-neom-sports-club-apuestas-3524103] → Extrayendo cuotas Match Odds...
19:06:40 [DEBUG] [wolfsburgo-femenino-juventus-fc-w-apuestas-3510554] → Extrayendo cuotas Match Odds...
19:06:42 [DEBUG] [wolfsburgo-femenino-juventus-fc-w-apuestas-3510554] → Extrayendo cuotas Over/Under...
19:06:42 [DEBUG] [al-hazm-ksa-al-akhdoud-apuestas-35232966] → Extrayendo cuotas Over/Under...
19:06:42 [DEBUG] [al-quadisiya-ksa-neom-sports-club-apuestas-3524103] → Extrayendo cuotas Over/Under...
19:06:45 [DEBUG] [wolfsburgo-femenino-juventus-fc-w-apuestas-3510554] → Extrayendo cuotas Resultado Correcto...
19:06:45 [DEBUG] [al-hazm-ksa-al-akhdoud-apuestas-35232966] → Extrayendo cuotas Resultado Correcto...
19:06:45 [DEBUG] [al-quadisiya-ksa-neom-sports-club-apuestas-3524103] → Extrayendo cuotas Resultado Correcto...
19:06:48 [DEBUG] [wolfsburgo-femenino-juventus-fc-w-apuestas-3510554] → Extrayendo estadísticas del partido...
19:06:48 [DEBUG]   → Extrayendo eventId del HTML...
19:06:48 [DEBUG] Betfair event ID extraído del HTML: 35105544
19:06:48 [DEBUG] Consultando videoplayer: https://videoplayer.betfair.es/GetPlayer.do?eID=35105544&contentType=viz&contentView=mstats
19:06:48 [DEBUG] [al-hazm-ksa-al-akhdoud-apuestas-35232966] → Extrayendo estadísticas del partido...
19:06:48 [DEBUG]   → Extrayendo eventId del HTML...
19:06:48 [DEBUG] Betfair event ID extraído del HTML: 35232966
19:06:48 [DEBUG] Consultando videoplayer: https://videoplayer.betfair.es/GetPlayer.do?eID=35232966&contentType=viz&contentView=mstats
19:06:48 [DEBUG] [al-quadisiya-ksa-neom-sports-club-apuestas-3524103] → Extrayendo estadísticas del partido...
19:06:48 [DEBUG]   → Extrayendo eventId del HTML...
19:06:48 [DEBUG] Betfair event ID extraído del HTML: 35241036
19:06:48 [DEBUG] Consultando videoplayer: https://videoplayer.betfair.es/GetPlayer.do?eID=35241036&contentType=viz&contentView=mstats
19:06:48 [ERROR] Error consultando videoplayer endpoint: 404 Client Error:  for url: https://videoplayer.betfair.es/GetPlayer.do?eID=35105544&contentType=viz&contentView=mstats
19:06:48 [WARNING]   × No se pudo extraer eventId - partido sin estadísticas Opta
19:06:48 [DEBUG] [wolfsburgo-femenino-juventus-fc-w-apuestas-3510554] → Extrayendo volumen matched...
19:06:48 [WARNING] No se encontró eventId de Opta en la respuesta del videoplayer
19:06:48 [WARNING]   × No se pudo extraer eventId - partido sin estadísticas Opta
19:06:48 [DEBUG] [al-hazm-ksa-al-akhdoud-apuestas-35232966] → Extrayendo volumen matched...
19:06:48 [ERROR] Error consultando videoplayer endpoint: 404 Client Error:  for url: https://videoplayer.betfair.es/GetPlayer.do?eID=35241036&contentType=viz&contentView=mstats
19:06:48 [WARNING]   × No se pudo extraer eventId - partido sin estadísticas Opta
19:06:48 [DEBUG] [al-quadisiya-ksa-neom-sports-club-apuestas-3524103] → Extrayendo volumen matched...
19:07:01 [DEBUG] [wolfsburgo-femenino-juventus-fc-w-apuestas-3510554] → Extrayendo momentum...
19:07:01 [DEBUG]   → Buscando URL del iframe de stats para Momentum...
19:07:01 [DEBUG] [al-hazm-ksa-al-akhdoud-apuestas-35232966] → Extrayendo momentum...
19:07:01 [DEBUG]   → Buscando URL del iframe de stats para Momentum...
19:07:01 [DEBUG] [al-quadisiya-ksa-neom-sports-club-apuestas-3524103] → Extrayendo momentum...
19:07:01 [DEBUG]   → Buscando URL del iframe de stats para Momentum...
19:07:06 [DEBUG]   × No se encontró URL del iframe de stats
19:07:06 [INFO] ✓ [wolfsburgo-femenino-juventus-fc-w-apuestas-3510554] Captura exitosa: en_juego, min 19, 0-1
19:07:06 [DEBUG]   × No se encontró URL del iframe de stats
19:07:06 [INFO] ✓ [al-hazm-ksa-al-akhdoud-apuestas-35232966] Captura exitosa: en_juego, min 34, 1-1
19:07:07 [DEBUG]   × No se encontró URL del iframe de stats
19:07:07 [INFO] ✓ [al-quadisiya-ksa-neom-sports-club-apuestas-3524103] Captura exitosa: en_juego, min 34, 0-0
19:07:07 [INFO] ✓ Captura paralela completada en 35.9s (3/3 exitosos)
19:07:07 [WARNING] Ciclo tardó 35.9s (> 30s). Iniciando siguiente ciclo inmediatamente.
19:07:07 [INFO] 
--- Ciclo #10 ---
19:07:07 [INFO] 📸 Capturando 3 partidos en paralelo...
19:07:07 [DEBUG] ✓ Actualizar clickeado: wolfsburgo-femenino-juventus-fc-w-apuestas-3510554
19:07:07 [DEBUG] ✓ Actualizar clickeado: al-hazm-ksa-al-akhdoud-apuestas-35232966
19:07:07 [DEBUG] ✓ Actualizar clickeado: al-quadisiya-ksa-neom-sports-club-apuestas-3524103
19:07:07 [DEBUG] [wolfsburgo-femenino-juventus-fc-w-apuestas-3510554] → Extrayendo información del partido...
19:07:07 [DEBUG] [al-hazm-ksa-al-akhdoud-apuestas-35232966] → Extrayendo información del partido...
19:07:07 [DEBUG] [al-quadisiya-ksa-neom-sports-club-apuestas-3524103] → Extrayendo información del partido...
19:07:15 [DEBUG] [wolfsburgo-femenino-juventus-fc-w-apuestas-3510554] → Extrayendo cuotas Match Odds...
19:07:15 [DEBUG] [al-quadisiya-ksa-neom-sports-club-apuestas-3524103] → Extrayendo cuotas Match Odds...
19:07:15 [DEBUG] [al-hazm-ksa-al-akhdoud-apuestas-35232966] → Extrayendo cuotas Match Odds...
19:07:18 [DEBUG] [wolfsburgo-femenino-juventus-fc-w-apuestas-3510554] → Extrayendo cuotas Over/Under...
19:07:18 [DEBUG] [al-quadisiya-ksa-neom-sports-club-apuestas-3524103] → Extrayendo cuotas Over/Under...
19:07:18 [DEBUG] [al-hazm-ksa-al-akhdoud-apuestas-35232966] → Extrayendo cuotas Over/Under...
19:07:20 [DEBUG] [wolfsburgo-femenino-juventus-fc-w-apuestas-3510554] → Extrayendo cuotas Resultado Correcto...
19:07:21 [DEBUG] [al-quadisiya-ksa-neom-sports-club-apuestas-3524103] → Extrayendo cuotas Resultado Correcto...
19:07:21 [DEBUG] [al-hazm-ksa-al-akhdoud-apuestas-35232966] → Extrayendo cuotas Resultado Correcto...
19:07:23 [DEBUG] [al-hazm-ksa-al-akhdoud-apuestas-35232966] → Extrayendo estadísticas del partido...
19:07:23 [DEBUG] [wolfsburgo-femenino-juventus-fc-w-apuestas-3510554] → Extrayendo estadísticas del partido...
19:07:23 [DEBUG]   → Extrayendo eventId del HTML...
19:07:23 [DEBUG]   → Extrayendo eventId del HTML...
19:07:23 [DEBUG] [al-quadisiya-ksa-neom-sports-club-apuestas-3524103] → Extrayendo estadísticas del partido...
19:07:23 [DEBUG]   → Extrayendo eventId del HTML...
19:07:23 [DEBUG] Betfair event ID extraído del HTML: 35232966
19:07:23 [DEBUG] Consultando videoplayer: https://videoplayer.betfair.es/GetPlayer.do?eID=35232966&contentType=viz&contentView=mstats
19:07:23 [DEBUG] Betfair event ID extraído del HTML: 35105544
19:07:23 [DEBUG] Consultando videoplayer: https://videoplayer.betfair.es/GetPlayer.do?eID=35105544&contentType=viz&contentView=mstats
19:07:23 [DEBUG] Betfair event ID extraído del HTML: 35241036
19:07:23 [DEBUG] Consultando videoplayer: https://videoplayer.betfair.es/GetPlayer.do?eID=35241036&contentType=viz&contentView=mstats
19:07:24 [WARNING] No se encontró eventId de Opta en la respuesta del videoplayer
19:07:24 [WARNING]   × No se pudo extraer eventId - partido sin estadísticas Opta
19:07:24 [DEBUG] [al-hazm-ksa-al-akhdoud-apuestas-35232966] → Extrayendo volumen matched...
19:07:24 [ERROR] Error consultando videoplayer endpoint: 404 Client Error:  for url: https://videoplayer.betfair.es/GetPlayer.do?eID=35241036&contentType=viz&contentView=mstats
19:07:24 [WARNING]   × No se pudo extraer eventId - partido sin estadísticas Opta
19:07:24 [DEBUG] [al-quadisiya-ksa-neom-sports-club-apuestas-3524103] → Extrayendo volumen matched...
19:07:24 [ERROR] Error consultando videoplayer endpoint: 404 Client Error:  for url: https://videoplayer.betfair.es/GetPlayer.do?eID=35105544&contentType=viz&contentView=mstats
19:07:24 [WARNING]   × No se pudo extraer eventId - partido sin estadísticas Opta
19:07:24 [DEBUG] [wolfsburgo-femenino-juventus-fc-w-apuestas-3510554] → Extrayendo volumen matched...
19:07:37 [DEBUG] [al-quadisiya-ksa-neom-sports-club-apuestas-3524103] → Extrayendo momentum...
19:07:37 [DEBUG]   → Buscando URL del iframe de stats para Momentum...
19:07:37 [DEBUG] [wolfsburgo-femenino-juventus-fc-w-apuestas-3510554] → Extrayendo momentum...
19:07:37 [DEBUG]   → Buscando URL del iframe de stats para Momentum...
19:07:37 [DEBUG] [al-hazm-ksa-al-akhdoud-apuestas-35232966] → Extrayendo momentum...
19:07:37 [DEBUG]   → Buscando URL del iframe de stats para Momentum...
19:07:42 [DEBUG]   × No se encontró URL del iframe de stats
19:07:42 [INFO] ✓ [wolfsburgo-femenino-juventus-fc-w-apuestas-3510554] Captura exitosa: en_juego, min 20, 0-1
19:07:42 [DEBUG]   × No se encontró URL del iframe de stats
19:07:42 [DEBUG]   × No se encontró URL del iframe de stats
19:07:42 [INFO] ✓ [al-hazm-ksa-al-akhdoud-apuestas-35232966] Captura exitosa: en_juego, min 35, 1-1
19:07:42 [INFO] ✓ [al-quadisiya-ksa-neom-sports-club-apuestas-3524103] Captura exitosa: en_juego, min 36, 0-0
19:07:42 [INFO] ✓ Captura paralela completada en 35.5s (3/3 exitosos)
19:07:42 [INFO] 🔄 Revisando games.csv para detectar cambios...
19:07:42 [INFO] Cargados 10 partidos desde games.csv
19:07:42 [WARNING] Ciclo tardó 35.5s (> 30s). Iniciando siguiente ciclo inmediatamente.
19:07:42 [INFO] 
--- Ciclo #11 ---
19:07:42 [INFO] 📸 Capturando 3 partidos en paralelo...
19:07:42 [DEBUG] ✓ Actualizar clickeado: wolfsburgo-femenino-juventus-fc-w-apuestas-3510554
19:07:42 [DEBUG] ✓ Actualizar clickeado: al-quadisiya-ksa-neom-sports-club-apuestas-3524103
19:07:42 [DEBUG] ✓ Actualizar clickeado: al-hazm-ksa-al-akhdoud-apuestas-35232966
19:07:43 [DEBUG] [al-quadisiya-ksa-neom-sports-club-apuestas-3524103] → Extrayendo información del partido...
19:07:43 [DEBUG] [wolfsburgo-femenino-juventus-fc-w-apuestas-3510554] → Extrayendo información del partido...
19:07:43 [DEBUG] [al-hazm-ksa-al-akhdoud-apuestas-35232966] → Extrayendo información del partido...
19:07:51 [DEBUG] [al-quadisiya-ksa-neom-sports-club-apuestas-3524103] → Extrayendo cuotas Match Odds...
19:07:51 [DEBUG] [wolfsburgo-femenino-juventus-fc-w-apuestas-3510554] → Extrayendo cuotas Match Odds...
19:07:51 [DEBUG] [al-hazm-ksa-al-akhdoud-apuestas-35232966] → Extrayendo cuotas Match Odds...
19:07:53 [DEBUG] [wolfsburgo-femenino-juventus-fc-w-apuestas-3510554] → Extrayendo cuotas Over/Under...
19:07:53 [DEBUG] [al-quadisiya-ksa-neom-sports-club-apuestas-3524103] → Extrayendo cuotas Over/Under...
19:07:53 [DEBUG] [al-hazm-ksa-al-akhdoud-apuestas-35232966] → Extrayendo cuotas Over/Under...
19:07:56 [DEBUG] [al-hazm-ksa-al-akhdoud-apuestas-35232966] → Extrayendo cuotas Resultado Correcto...
19:07:56 [DEBUG] [al-quadisiya-ksa-neom-sports-club-apuestas-3524103] → Extrayendo cuotas Resultado Correcto...
19:07:56 [DEBUG] [wolfsburgo-femenino-juventus-fc-w-apuestas-3510554] → Extrayendo cuotas Resultado Correcto...
19:07:59 [DEBUG] [al-hazm-ksa-al-akhdoud-apuestas-35232966] → Extrayendo estadísticas del partido...
19:07:59 [DEBUG]   → Extrayendo eventId del HTML...
19:07:59 [DEBUG] [wolfsburgo-femenino-juventus-fc-w-apuestas-3510554] → Extrayendo estadísticas del partido...
19:07:59 [DEBUG]   → Extrayendo eventId del HTML...
19:07:59 [DEBUG] Betfair event ID extraído del HTML: 35232966
19:07:59 [DEBUG] Consultando videoplayer: https://videoplayer.betfair.es/GetPlayer.do?eID=35232966&contentType=viz&contentView=mstats
19:07:59 [DEBUG] Betfair event ID extraído del HTML: 35105544
19:07:59 [DEBUG] Consultando videoplayer: https://videoplayer.betfair.es/GetPlayer.do?eID=35105544&contentType=viz&contentView=mstats
19:07:59 [DEBUG] [al-quadisiya-ksa-neom-sports-club-apuestas-3524103] → Extrayendo estadísticas del partido...
19:07:59 [DEBUG]   → Extrayendo eventId del HTML...
19:08:00 [DEBUG] Betfair event ID extraído del HTML: 35241036
19:08:00 [DEBUG] Consultando videoplayer: https://videoplayer.betfair.es/GetPlayer.do?eID=35241036&contentType=viz&contentView=mstats
19:08:00 [ERROR] Error consultando videoplayer endpoint: 404 Client Error:  for url: https://videoplayer.betfair.es/GetPlayer.do?eID=35105544&contentType=viz&contentView=mstats
19:08:00 [WARNING]   × No se pudo extraer eventId - partido sin estadísticas Opta
19:08:00 [DEBUG] [wolfsburgo-femenino-juventus-fc-w-apuestas-3510554] → Extrayendo volumen matched...
19:08:00 [WARNING] No se encontró eventId de Opta en la respuesta del videoplayer
19:08:00 [WARNING]   × No se pudo extraer eventId - partido sin estadísticas Opta
19:08:00 [DEBUG] [al-hazm-ksa-al-akhdoud-apuestas-35232966] → Extrayendo volumen matched...
19:08:00 [ERROR] Error consultando videoplayer endpoint: 404 Client Error:  for url: https://videoplayer.betfair.es/GetPlayer.do?eID=35241036&contentType=viz&contentView=mstats
19:08:00 [WARNING]   × No se pudo extraer eventId - partido sin estadísticas Opta
19:08:00 [DEBUG] [al-quadisiya-ksa-neom-sports-club-apuestas-3524103] → Extrayendo volumen matched...
