23:14:25 [INFO] 📝 Log guardándose en: logs/scraper_20260214_231425.log
23:14:25 [INFO] Cargados 22 partidos desde games.csv
23:14:25 [INFO] 📅 MODO SCHEDULING ACTIVADO
23:14:25 [INFO]    Ventana tracking: 10 min antes → 150 min después
23:14:25 [INFO]    Total en CSV: 22 partidos
23:14:25 [INFO]    ✓ Partidos activos ahora: 22
23:14:25 [INFO]    ⏰ Partidos futuros: 0
23:14:25 [INFO]    ✅ Partidos finalizados: 0
23:14:25 [INFO] 🚀 Sistema multi-driver: Creando 22 drivers independientes (sin límite de tabs)
23:14:25 [INFO] 
Iniciando observador con 22 partidos.
23:14:25 [INFO] Ciclo: 30s | Output: data/
23:14:25 [INFO] 🔄 Recarga dinámica: Revisando games.csv cada 5 ciclos (scheduling)
23:14:25 [INFO] 🧹 Limpiando ventanas Betfair antiguas...
23:14:25 [WARNING] Script de limpieza no encontrado: C:\Users\agonz\OneDrive\Documents\Proyectos\Furbo\betfair_scraper\close_betfair_windows.ps1
23:14:25 [INFO] Cargados 22 partidos desde games.csv
23:14:25 [INFO] 
🚀 Iniciando 22 drivers Chrome (sistema multi-driver paralelo)...
23:14:25 [INFO] 🔧 Creando driver de login: Girona - FC Barcelona
23:14:25 [INFO] 🔧 Creando driver para: Girona - FC Barcelona
23:14:31 [INFO] ✓ Cookies aceptadas automáticamente
23:14:32 [INFO] ✓ Driver listo: girona-fc-barcelona-apuestas-35216932
23:14:32 [INFO] ============================================================
23:14:32 [INFO] HAZ LOGIN MANUAL en Betfair.es ahora.
23:14:32 [INFO] Tienes 0 segundos...
23:14:32 [INFO] El scraper comenzará automáticamente después.
23:14:32 [INFO] ============================================================
23:14:32 [INFO] 🔧 Creando 21 drivers adicionales en paralelo...
23:14:32 [INFO] 🔧 Creando driver para: Levante - Villarreal
23:14:32 [INFO] 🔧 Creando driver para: Athletic de Bilbao - Elche
23:14:32 [INFO] 🔧 Creando driver para: Real Sociedad - Oviedo
23:14:32 [INFO] 🔧 Creando driver para: Osasuna - Real Madrid
23:14:32 [INFO] 🔧 Creando driver para: Cagliari - Lecce
23:14:32 [INFO] 🔧 Creando driver para: Sassuolo - Verona
23:14:32 [INFO] 🔧 Creando driver para: Juventus - Como
23:14:32 [INFO] 🔧 Creando driver para: Lecce - Inter
23:14:42 [INFO] ✓ Cookies aceptadas automáticamente
23:14:43 [INFO] ✓ Cookies aceptadas automáticamente
23:14:43 [INFO] ✓ Cookies aceptadas automáticamente
23:14:43 [INFO] ✓ Driver listo: athletic-de-bilbao-elche-apuestas-35245234
23:14:43 [INFO] 🔧 Creando driver para: Macclesfield - Brentford
23:14:44 [INFO] ✓ Driver listo: lecce-inter-apuestas-35243175
23:14:44 [INFO] 🔧 Creando driver para: Sociedad B - Málaga
23:14:44 [INFO] ✓ Driver listo: juventus-como-apuestas-35243177
23:14:44 [INFO] 🔧 Creando driver para: Mainz - Hamburgo
23:14:45 [INFO] ✓ Cookies aceptadas automáticamente
23:14:46 [INFO] ✓ Driver listo: levante-villarreal-apuestas-35242977
23:14:46 [INFO] 🔧 Creando driver para: Unión Berlín - Leverkusen
23:14:51 [INFO] ✓ Cookies aceptadas automáticamente
23:14:52 [INFO] ✓ Driver listo: sassuolo-verona-apuestas-35245328
23:14:52 [INFO] 🔧 Creando driver para: Bayern Múnich - Eintracht Frankfurt
23:14:56 [INFO] ✓ Cookies aceptadas automáticamente
23:14:57 [INFO] ✓ Driver listo: macclesfield-brentford-apuestas-35172764
23:14:57 [INFO] 🔧 Creando driver para: Colonia - Hoffenheim
23:14:57 [INFO] ✓ Cookies aceptadas automáticamente
23:14:58 [INFO] ✓ Cookies aceptadas automáticamente
23:14:58 [INFO] ✓ Cookies aceptadas automáticamente
23:14:58 [INFO] ✓ Driver listo: real-sociedad-oviedo-apuestas-35244721
23:14:58 [INFO] 🔧 Creando driver para: Wolfsburgo - Augsburgo
23:14:59 [INFO] ✓ Driver listo: sociedad-b-m%C3%A1laga-apuestas-35248844
23:14:59 [INFO] 🔧 Creando driver para: RB Leipzig - Borussia Dortmund
23:14:59 [INFO] ✓ Driver listo: mainz-hamburgo-apuestas-35244047
23:14:59 [INFO] 🔧 Creando driver para: Friburgo - B Mönchengladbach
23:15:00 [INFO] ✓ Cookies aceptadas automáticamente
23:15:01 [INFO] ✓ Cookies aceptadas automáticamente
23:15:01 [INFO] ✓ Driver listo: osasuna-real-madrid-apuestas-35244726
23:15:01 [INFO] 🔧 Creando driver para: St Pauli - Werder Bremen
23:15:02 [INFO] ✓ Driver listo: cagliari-lecce-apuestas-35216885
23:15:02 [INFO] 🔧 Creando driver para: Inter - Juventus
23:15:14 [INFO] ✓ Cookies aceptadas automáticamente
23:15:15 [INFO] ✓ Driver listo: wolfsburgo-augsburgo-apuestas-35244044
23:15:15 [INFO] 🔧 Creando driver para: Cagliari - Lazio
23:15:24 [INFO] ✓ Cookies aceptadas automáticamente
23:15:25 [INFO] ✓ Driver listo: colonia-hoffenheim-apuestas-35244049
23:15:25 [INFO] 🔧 Creando driver para: Atlético de Madrid - Espanyol
23:15:29 [INFO] ✓ Cookies aceptadas automáticamente
23:15:29 [INFO] ✓ Cookies aceptadas automáticamente
23:15:30 [INFO] ✓ Driver listo: st-pauli-werder-bremen-apuestas-35244116
23:15:30 [INFO] ✓ Driver listo: friburgo-b-m%C3%B6nchengladbach-apuestas-35244108
23:15:31 [INFO] ✓ Cookies aceptadas automáticamente
23:15:31 [INFO] ✓ Cookies aceptadas automáticamente
23:15:32 [INFO] ✓ Driver listo: inter-juventus-apuestas-35215842
23:15:32 [INFO] ✓ Driver listo: bayern-m%C3%BAnich-eintracht-frankfurt-apuestas-35
23:15:34 [INFO] ✓ Cookies aceptadas automáticamente
23:15:34 [INFO] ✓ Cookies aceptadas automáticamente
23:15:35 [INFO] ✓ Driver listo: rb-leipzig-borussia-dortmund-apuestas-35244054
23:15:35 [INFO] ✓ Driver listo: cagliari-lazio-apuestas-35243857
23:15:54 [INFO] ✓ Cookies aceptadas automáticamente
23:15:55 [INFO] ✓ Driver listo: atl%C3%A9tico-de-madrid-espanyol-apuestas-35244577
